[2024-11-25T15:47:00.279+0000] {local_task_job_runner.py:123} INFO - ::group::Pre task execution logs
[2024-11-25T15:47:00.313+0000] {taskinstance.py:2613} INFO - Dependencies all met for dep_context=non-requeueable deps ti=<TaskInstance: etl_PipelineV50.fetchData scheduled__2024-11-25T14:00:00+00:00 [queued]>
[2024-11-25T15:47:00.328+0000] {taskinstance.py:2613} INFO - Dependencies all met for dep_context=requeueable deps ti=<TaskInstance: etl_PipelineV50.fetchData scheduled__2024-11-25T14:00:00+00:00 [queued]>
[2024-11-25T15:47:00.329+0000] {taskinstance.py:2866} INFO - Starting attempt 1 of 4
[2024-11-25T15:47:00.352+0000] {taskinstance.py:2889} INFO - Executing <Task(PythonOperator): fetchData> on 2024-11-25 14:00:00+00:00
[2024-11-25T15:47:00.449+0000] {standard_task_runner.py:104} INFO - Running: ['***', 'tasks', 'run', 'etl_PipelineV50', 'fetchData', 'scheduled__2024-11-25T14:00:00+00:00', '--job-id', '4', '--raw', '--subdir', 'DAGS_FOLDER/etlDag.py', '--cfg-path', '/tmp/tmpa3v26ju4']
[2024-11-25T15:47:00.472+0000] {logging_mixin.py:190} WARNING - /home/***/.local/lib/python3.12/site-packages/***/task/task_runner/standard_task_runner.py:70 DeprecationWarning: This process (pid=250) is multi-threaded, use of fork() may lead to deadlocks in the child.
[2024-11-25T15:47:00.481+0000] {standard_task_runner.py:105} INFO - Job 4: Subtask fetchData
[2024-11-25T15:47:00.482+0000] {standard_task_runner.py:72} INFO - Started process 262 to run task
[2024-11-25T15:47:01.119+0000] {task_command.py:467} INFO - Running <TaskInstance: etl_PipelineV50.fetchData scheduled__2024-11-25T14:00:00+00:00 [running]> on host 8256ed21b3b4
[2024-11-25T15:47:01.488+0000] {taskinstance.py:3132} INFO - Exporting env vars: AIRFLOW_CTX_DAG_OWNER='Oshith Roshantha' AIRFLOW_CTX_DAG_ID='etl_PipelineV50' AIRFLOW_CTX_TASK_ID='fetchData' AIRFLOW_CTX_EXECUTION_DATE='2024-11-25T14:00:00+00:00' AIRFLOW_CTX_TRY_NUMBER='1' AIRFLOW_CTX_DAG_RUN_ID='scheduled__2024-11-25T14:00:00+00:00'
[2024-11-25T15:47:01.493+0000] {taskinstance.py:731} INFO - ::endgroup::
[2024-11-25T15:47:03.361+0000] {_universal.py:506} INFO - Request URL: 'https://eqdatastorage.blob.core.windows.net/staging-data/temp-json'
Request method: 'PUT'
Request headers:
    'Content-Length': '315'
    'x-ms-blob-type': 'REDACTED'
    'x-ms-version': 'REDACTED'
    'Content-Type': 'application/octet-stream'
    'Accept': 'application/xml'
    'User-Agent': 'azsdk-python-storage-blob/12.24.0 Python/3.12.7 (Linux-5.15.153.1-microsoft-standard-WSL2-x86_64-with-glibc2.36)'
    'x-ms-date': 'REDACTED'
    'x-ms-client-request-id': '840fc52a-ab44-11ef-933c-0242ac120004'
    'Authorization': 'REDACTED'
A body is sent with the request
[2024-11-25T15:47:28.035+0000] {_universal.py:506} INFO - Request URL: 'https://eqdatastorage.blob.core.windows.net/staging-data/temp-json'
Request method: 'PUT'
Request headers:
    'Content-Length': '315'
    'x-ms-blob-type': 'REDACTED'
    'x-ms-version': 'REDACTED'
    'Content-Type': 'application/octet-stream'
    'Accept': 'application/xml'
    'User-Agent': 'azsdk-python-storage-blob/12.24.0 Python/3.12.7 (Linux-5.15.153.1-microsoft-standard-WSL2-x86_64-with-glibc2.36)'
    'x-ms-date': 'REDACTED'
    'x-ms-client-request-id': '92c5f5f8-ab44-11ef-933c-0242ac120004'
    'Authorization': 'REDACTED'
A body is sent with the request
[2024-11-25T15:47:49.687+0000] {_universal.py:506} INFO - Request URL: 'https://eqdatastorage.blob.core.windows.net/staging-data/temp-json'
Request method: 'PUT'
Request headers:
    'Content-Length': '315'
    'x-ms-blob-type': 'REDACTED'
    'x-ms-version': 'REDACTED'
    'Content-Type': 'application/octet-stream'
    'Accept': 'application/xml'
    'User-Agent': 'azsdk-python-storage-blob/12.24.0 Python/3.12.7 (Linux-5.15.153.1-microsoft-standard-WSL2-x86_64-with-glibc2.36)'
    'x-ms-date': 'REDACTED'
    'x-ms-client-request-id': '9fadd5e2-ab44-11ef-933c-0242ac120004'
    'Authorization': 'REDACTED'
A body is sent with the request
[2024-11-25T15:48:30.949+0000] {_universal.py:506} INFO - Request URL: 'https://eqdatastorage.blob.core.windows.net/staging-data/temp-json'
Request method: 'PUT'
Request headers:
    'Content-Length': '315'
    'x-ms-blob-type': 'REDACTED'
    'x-ms-version': 'REDACTED'
    'Content-Type': 'application/octet-stream'
    'Accept': 'application/xml'
    'User-Agent': 'azsdk-python-storage-blob/12.24.0 Python/3.12.7 (Linux-5.15.153.1-microsoft-standard-WSL2-x86_64-with-glibc2.36)'
    'x-ms-date': 'REDACTED'
    'x-ms-client-request-id': 'b845cb14-ab44-11ef-933c-0242ac120004'
    'Authorization': 'REDACTED'
A body is sent with the request
[2024-11-25T15:48:34.953+0000] {taskinstance.py:3311} ERROR - Task failed with exception
Traceback (most recent call last):
  File "/home/airflow/.local/lib/python3.12/site-packages/airflow/models/taskinstance.py", line 767, in _execute_task
    result = _execute_callable(context=context, **execute_callable_kwargs)
             ^^^^^^^^^^^^^^^^^^^^^^^^^^^^^^^^^^^^^^^^^^^^^^^^^^^^^^^^^^^^^
  File "/home/airflow/.local/lib/python3.12/site-packages/airflow/models/taskinstance.py", line 733, in _execute_callable
    return ExecutionCallableRunner(
           ^^^^^^^^^^^^^^^^^^^^^^^^
  File "/home/airflow/.local/lib/python3.12/site-packages/airflow/utils/operator_helpers.py", line 252, in run
    return self.func(*args, **kwargs)
           ^^^^^^^^^^^^^^^^^^^^^^^^^^
  File "/home/airflow/.local/lib/python3.12/site-packages/airflow/models/baseoperator.py", line 417, in wrapper
    return func(self, *args, **kwargs)
           ^^^^^^^^^^^^^^^^^^^^^^^^^^^
  File "/home/airflow/.local/lib/python3.12/site-packages/airflow/operators/python.py", line 238, in execute
    return_value = self.execute_callable()
                   ^^^^^^^^^^^^^^^^^^^^^^^
  File "/home/airflow/.local/lib/python3.12/site-packages/airflow/operators/python.py", line 256, in execute_callable
    return runner.run(*self.op_args, **self.op_kwargs)
           ^^^^^^^^^^^^^^^^^^^^^^^^^^^^^^^^^^^^^^^^^^^
  File "/home/airflow/.local/lib/python3.12/site-packages/airflow/utils/operator_helpers.py", line 252, in run
    return self.func(*args, **kwargs)
           ^^^^^^^^^^^^^^^^^^^^^^^^^^
  File "/opt/airflow/dags/etlDag.py", line 29, in fetchData
    dataRetrival.fetchFromApi(startTime, executionDate)
  File "/opt/airflow/dags/src/dataRetrival.py", line 21, in fetchFromApi
    uploadToAzure(response.json())
  File "/opt/airflow/dags/src/dataRetrival.py", line 29, in uploadToAzure
    blobClient.upload_blob(json.dumps(data), overwrite=True)
  File "/home/airflow/.local/lib/python3.12/site-packages/azure/core/tracing/decorator.py", line 105, in wrapper_use_tracer
    return func(*args, **kwargs)
           ^^^^^^^^^^^^^^^^^^^^^
  File "/home/airflow/.local/lib/python3.12/site-packages/azure/storage/blob/_blob_client.py", line 605, in upload_blob
    return upload_block_blob(**options)
           ^^^^^^^^^^^^^^^^^^^^^^^^^^^^
  File "/home/airflow/.local/lib/python3.12/site-packages/azure/storage/blob/_upload_helpers.py", line 105, in upload_block_blob
    response = client.upload(
               ^^^^^^^^^^^^^^
  File "/home/airflow/.local/lib/python3.12/site-packages/azure/core/tracing/decorator.py", line 105, in wrapper_use_tracer
    return func(*args, **kwargs)
           ^^^^^^^^^^^^^^^^^^^^^
  File "/home/airflow/.local/lib/python3.12/site-packages/azure/storage/blob/_generated/operations/_block_blob_operations.py", line 876, in upload
    pipeline_response: PipelineResponse = self._client._pipeline.run(  # pylint: disable=protected-access
                                          ^^^^^^^^^^^^^^^^^^^^^^^^^^^^^^^^^^^^^^^^^^^^^^^^^^^^^^^^^^^^^^^
  File "/home/airflow/.local/lib/python3.12/site-packages/azure/core/pipeline/_base.py", line 240, in run
    return first_node.send(pipeline_request)
           ^^^^^^^^^^^^^^^^^^^^^^^^^^^^^^^^^
  File "/home/airflow/.local/lib/python3.12/site-packages/azure/core/pipeline/_base.py", line 96, in send
    response = self.next.send(request)
               ^^^^^^^^^^^^^^^^^^^^^^^
  File "/home/airflow/.local/lib/python3.12/site-packages/azure/core/pipeline/_base.py", line 96, in send
    response = self.next.send(request)
               ^^^^^^^^^^^^^^^^^^^^^^^
  File "/home/airflow/.local/lib/python3.12/site-packages/azure/core/pipeline/_base.py", line 96, in send
    response = self.next.send(request)
               ^^^^^^^^^^^^^^^^^^^^^^^
  [Previous line repeated 2 more times]
  File "/home/airflow/.local/lib/python3.12/site-packages/azure/core/pipeline/policies/_redirect.py", line 204, in send
    response = self.next.send(request)
               ^^^^^^^^^^^^^^^^^^^^^^^
  File "/home/airflow/.local/lib/python3.12/site-packages/azure/core/pipeline/_base.py", line 96, in send
    response = self.next.send(request)
               ^^^^^^^^^^^^^^^^^^^^^^^
  File "/home/airflow/.local/lib/python3.12/site-packages/azure/storage/blob/_shared/policies.py", line 555, in send
    raise err
  File "/home/airflow/.local/lib/python3.12/site-packages/azure/storage/blob/_shared/policies.py", line 527, in send
    response = self.next.send(request)
               ^^^^^^^^^^^^^^^^^^^^^^^
  File "/home/airflow/.local/lib/python3.12/site-packages/azure/core/pipeline/_base.py", line 96, in send
    response = self.next.send(request)
               ^^^^^^^^^^^^^^^^^^^^^^^
  File "/home/airflow/.local/lib/python3.12/site-packages/azure/core/pipeline/_base.py", line 96, in send
    response = self.next.send(request)
               ^^^^^^^^^^^^^^^^^^^^^^^
  File "/home/airflow/.local/lib/python3.12/site-packages/azure/core/pipeline/_base.py", line 96, in send
    response = self.next.send(request)
               ^^^^^^^^^^^^^^^^^^^^^^^
  [Previous line repeated 1 more time]
  File "/home/airflow/.local/lib/python3.12/site-packages/azure/storage/blob/_shared/policies.py", line 301, in send
    response = self.next.send(request)
               ^^^^^^^^^^^^^^^^^^^^^^^
  File "/home/airflow/.local/lib/python3.12/site-packages/azure/core/pipeline/_base.py", line 96, in send
    response = self.next.send(request)
               ^^^^^^^^^^^^^^^^^^^^^^^
  File "/home/airflow/.local/lib/python3.12/site-packages/azure/core/pipeline/_base.py", line 96, in send
    response = self.next.send(request)
               ^^^^^^^^^^^^^^^^^^^^^^^
  File "/home/airflow/.local/lib/python3.12/site-packages/azure/core/pipeline/_base.py", line 128, in send
    self._sender.send(request.http_request, **request.context.options),
    ^^^^^^^^^^^^^^^^^^^^^^^^^^^^^^^^^^^^^^^^^^^^^^^^^^^^^^^^^^^^^^^^^^
  File "/home/airflow/.local/lib/python3.12/site-packages/azure/storage/blob/_shared/base_client.py", line 350, in send
    return self._transport.send(request, **kwargs)
           ^^^^^^^^^^^^^^^^^^^^^^^^^^^^^^^^^^^^^^^
  File "/home/airflow/.local/lib/python3.12/site-packages/azure/storage/blob/_shared/base_client.py", line 350, in send
    return self._transport.send(request, **kwargs)
           ^^^^^^^^^^^^^^^^^^^^^^^^^^^^^^^^^^^^^^^
  File "/home/airflow/.local/lib/python3.12/site-packages/azure/core/pipeline/transport/_requests_basic.py", line 409, in send
    raise error
azure.core.exceptions.ServiceRequestError: <urllib3.connection.HTTPSConnection object at 0x7f54df4714f0>: Failed to resolve 'eqdatastorage.blob.core.windows.net' ([Errno -5] No address associated with hostname)
[2024-11-25T15:48:34.997+0000] {taskinstance.py:1225} INFO - Marking task as UP_FOR_RETRY. dag_id=etl_PipelineV50, task_id=fetchData, run_id=scheduled__2024-11-25T14:00:00+00:00, execution_date=20241125T140000, start_date=20241125T154700, end_date=20241125T154834
[2024-11-25T15:48:35.022+0000] {taskinstance.py:340} INFO - ::group::Post task execution logs
[2024-11-25T15:48:35.023+0000] {standard_task_runner.py:124} ERROR - Failed to execute job 4 for task fetchData (<urllib3.connection.HTTPSConnection object at 0x7f54df4714f0>: Failed to resolve 'eqdatastorage.blob.core.windows.net' ([Errno -5] No address associated with hostname); 262)
Traceback (most recent call last):
  File "/home/airflow/.local/lib/python3.12/site-packages/airflow/task/task_runner/standard_task_runner.py", line 117, in _start_by_fork
    ret = args.func(args, dag=self.dag)
          ^^^^^^^^^^^^^^^^^^^^^^^^^^^^^
  File "/home/airflow/.local/lib/python3.12/site-packages/airflow/cli/cli_config.py", line 49, in command
    return func(*args, **kwargs)
           ^^^^^^^^^^^^^^^^^^^^^
  File "/home/airflow/.local/lib/python3.12/site-packages/airflow/utils/cli.py", line 116, in wrapper
    return f(*args, **kwargs)
           ^^^^^^^^^^^^^^^^^^
  File "/home/airflow/.local/lib/python3.12/site-packages/airflow/cli/commands/task_command.py", line 483, in task_run
    task_return_code = _run_task_by_selected_method(args, _dag, ti)
                       ^^^^^^^^^^^^^^^^^^^^^^^^^^^^^^^^^^^^^^^^^^^^
  File "/home/airflow/.local/lib/python3.12/site-packages/airflow/cli/commands/task_command.py", line 256, in _run_task_by_selected_method
    return _run_raw_task(args, ti)
           ^^^^^^^^^^^^^^^^^^^^^^^
  File "/home/airflow/.local/lib/python3.12/site-packages/airflow/cli/commands/task_command.py", line 341, in _run_raw_task
    return ti._run_raw_task(
           ^^^^^^^^^^^^^^^^^
  File "/home/airflow/.local/lib/python3.12/site-packages/airflow/utils/session.py", line 97, in wrapper
    return func(*args, session=session, **kwargs)
           ^^^^^^^^^^^^^^^^^^^^^^^^^^^^^^^^^^^^^^
  File "/home/airflow/.local/lib/python3.12/site-packages/airflow/models/taskinstance.py", line 3005, in _run_raw_task
    return _run_raw_task(
           ^^^^^^^^^^^^^^
  File "/home/airflow/.local/lib/python3.12/site-packages/airflow/models/taskinstance.py", line 273, in _run_raw_task
    TaskInstance._execute_task_with_callbacks(
  File "/home/airflow/.local/lib/python3.12/site-packages/airflow/models/taskinstance.py", line 3159, in _execute_task_with_callbacks
    result = self._execute_task(context, task_orig)
             ^^^^^^^^^^^^^^^^^^^^^^^^^^^^^^^^^^^^^^
  File "/home/airflow/.local/lib/python3.12/site-packages/airflow/models/taskinstance.py", line 3183, in _execute_task
    return _execute_task(self, context, task_orig)
           ^^^^^^^^^^^^^^^^^^^^^^^^^^^^^^^^^^^^^^^
  File "/home/airflow/.local/lib/python3.12/site-packages/airflow/models/taskinstance.py", line 767, in _execute_task
    result = _execute_callable(context=context, **execute_callable_kwargs)
             ^^^^^^^^^^^^^^^^^^^^^^^^^^^^^^^^^^^^^^^^^^^^^^^^^^^^^^^^^^^^^
  File "/home/airflow/.local/lib/python3.12/site-packages/airflow/models/taskinstance.py", line 733, in _execute_callable
    return ExecutionCallableRunner(
           ^^^^^^^^^^^^^^^^^^^^^^^^
  File "/home/airflow/.local/lib/python3.12/site-packages/airflow/utils/operator_helpers.py", line 252, in run
    return self.func(*args, **kwargs)
           ^^^^^^^^^^^^^^^^^^^^^^^^^^
  File "/home/airflow/.local/lib/python3.12/site-packages/airflow/models/baseoperator.py", line 417, in wrapper
    return func(self, *args, **kwargs)
           ^^^^^^^^^^^^^^^^^^^^^^^^^^^
  File "/home/airflow/.local/lib/python3.12/site-packages/airflow/operators/python.py", line 238, in execute
    return_value = self.execute_callable()
                   ^^^^^^^^^^^^^^^^^^^^^^^
  File "/home/airflow/.local/lib/python3.12/site-packages/airflow/operators/python.py", line 256, in execute_callable
    return runner.run(*self.op_args, **self.op_kwargs)
           ^^^^^^^^^^^^^^^^^^^^^^^^^^^^^^^^^^^^^^^^^^^
  File "/home/airflow/.local/lib/python3.12/site-packages/airflow/utils/operator_helpers.py", line 252, in run
    return self.func(*args, **kwargs)
           ^^^^^^^^^^^^^^^^^^^^^^^^^^
  File "/opt/airflow/dags/etlDag.py", line 29, in fetchData
    dataRetrival.fetchFromApi(startTime, executionDate)
  File "/opt/airflow/dags/src/dataRetrival.py", line 21, in fetchFromApi
    uploadToAzure(response.json())
  File "/opt/airflow/dags/src/dataRetrival.py", line 29, in uploadToAzure
    blobClient.upload_blob(json.dumps(data), overwrite=True)
  File "/home/airflow/.local/lib/python3.12/site-packages/azure/core/tracing/decorator.py", line 105, in wrapper_use_tracer
    return func(*args, **kwargs)
           ^^^^^^^^^^^^^^^^^^^^^
  File "/home/airflow/.local/lib/python3.12/site-packages/azure/storage/blob/_blob_client.py", line 605, in upload_blob
    return upload_block_blob(**options)
           ^^^^^^^^^^^^^^^^^^^^^^^^^^^^
  File "/home/airflow/.local/lib/python3.12/site-packages/azure/storage/blob/_upload_helpers.py", line 105, in upload_block_blob
    response = client.upload(
               ^^^^^^^^^^^^^^
  File "/home/airflow/.local/lib/python3.12/site-packages/azure/core/tracing/decorator.py", line 105, in wrapper_use_tracer
    return func(*args, **kwargs)
           ^^^^^^^^^^^^^^^^^^^^^
  File "/home/airflow/.local/lib/python3.12/site-packages/azure/storage/blob/_generated/operations/_block_blob_operations.py", line 876, in upload
    pipeline_response: PipelineResponse = self._client._pipeline.run(  # pylint: disable=protected-access
                                          ^^^^^^^^^^^^^^^^^^^^^^^^^^^^^^^^^^^^^^^^^^^^^^^^^^^^^^^^^^^^^^^
  File "/home/airflow/.local/lib/python3.12/site-packages/azure/core/pipeline/_base.py", line 240, in run
    return first_node.send(pipeline_request)
           ^^^^^^^^^^^^^^^^^^^^^^^^^^^^^^^^^
  File "/home/airflow/.local/lib/python3.12/site-packages/azure/core/pipeline/_base.py", line 96, in send
    response = self.next.send(request)
               ^^^^^^^^^^^^^^^^^^^^^^^
  File "/home/airflow/.local/lib/python3.12/site-packages/azure/core/pipeline/_base.py", line 96, in send
    response = self.next.send(request)
               ^^^^^^^^^^^^^^^^^^^^^^^
  File "/home/airflow/.local/lib/python3.12/site-packages/azure/core/pipeline/_base.py", line 96, in send
    response = self.next.send(request)
               ^^^^^^^^^^^^^^^^^^^^^^^
  [Previous line repeated 2 more times]
  File "/home/airflow/.local/lib/python3.12/site-packages/azure/core/pipeline/policies/_redirect.py", line 204, in send
    response = self.next.send(request)
               ^^^^^^^^^^^^^^^^^^^^^^^
  File "/home/airflow/.local/lib/python3.12/site-packages/azure/core/pipeline/_base.py", line 96, in send
    response = self.next.send(request)
               ^^^^^^^^^^^^^^^^^^^^^^^
  File "/home/airflow/.local/lib/python3.12/site-packages/azure/storage/blob/_shared/policies.py", line 555, in send
    raise err
  File "/home/airflow/.local/lib/python3.12/site-packages/azure/storage/blob/_shared/policies.py", line 527, in send
    response = self.next.send(request)
               ^^^^^^^^^^^^^^^^^^^^^^^
  File "/home/airflow/.local/lib/python3.12/site-packages/azure/core/pipeline/_base.py", line 96, in send
    response = self.next.send(request)
               ^^^^^^^^^^^^^^^^^^^^^^^
  File "/home/airflow/.local/lib/python3.12/site-packages/azure/core/pipeline/_base.py", line 96, in send
    response = self.next.send(request)
               ^^^^^^^^^^^^^^^^^^^^^^^
  File "/home/airflow/.local/lib/python3.12/site-packages/azure/core/pipeline/_base.py", line 96, in send
    response = self.next.send(request)
               ^^^^^^^^^^^^^^^^^^^^^^^
  [Previous line repeated 1 more time]
  File "/home/airflow/.local/lib/python3.12/site-packages/azure/storage/blob/_shared/policies.py", line 301, in send
    response = self.next.send(request)
               ^^^^^^^^^^^^^^^^^^^^^^^
  File "/home/airflow/.local/lib/python3.12/site-packages/azure/core/pipeline/_base.py", line 96, in send
    response = self.next.send(request)
               ^^^^^^^^^^^^^^^^^^^^^^^
  File "/home/airflow/.local/lib/python3.12/site-packages/azure/core/pipeline/_base.py", line 96, in send
    response = self.next.send(request)
               ^^^^^^^^^^^^^^^^^^^^^^^
  File "/home/airflow/.local/lib/python3.12/site-packages/azure/core/pipeline/_base.py", line 128, in send
    self._sender.send(request.http_request, **request.context.options),
    ^^^^^^^^^^^^^^^^^^^^^^^^^^^^^^^^^^^^^^^^^^^^^^^^^^^^^^^^^^^^^^^^^^
  File "/home/airflow/.local/lib/python3.12/site-packages/azure/storage/blob/_shared/base_client.py", line 350, in send
    return self._transport.send(request, **kwargs)
           ^^^^^^^^^^^^^^^^^^^^^^^^^^^^^^^^^^^^^^^
  File "/home/airflow/.local/lib/python3.12/site-packages/azure/storage/blob/_shared/base_client.py", line 350, in send
    return self._transport.send(request, **kwargs)
           ^^^^^^^^^^^^^^^^^^^^^^^^^^^^^^^^^^^^^^^
  File "/home/airflow/.local/lib/python3.12/site-packages/azure/core/pipeline/transport/_requests_basic.py", line 409, in send
    raise error
azure.core.exceptions.ServiceRequestError: <urllib3.connection.HTTPSConnection object at 0x7f54df4714f0>: Failed to resolve 'eqdatastorage.blob.core.windows.net' ([Errno -5] No address associated with hostname)
[2024-11-25T15:48:35.064+0000] {local_task_job_runner.py:266} INFO - Task exited with return code 1
[2024-11-25T15:48:35.090+0000] {taskinstance.py:3895} INFO - 0 downstream tasks scheduled from follow-on schedule check
[2024-11-25T15:48:35.094+0000] {local_task_job_runner.py:245} INFO - ::endgroup::
