[2024-11-25T16:35:00.463+0000] {local_task_job_runner.py:123} INFO - ::group::Pre task execution logs
[2024-11-25T16:35:00.482+0000] {taskinstance.py:2613} INFO - Dependencies all met for dep_context=non-requeueable deps ti=<TaskInstance: etl_PipelineV100.preprocessData scheduled__2024-11-25T15:00:00+00:00 [queued]>
[2024-11-25T16:35:00.492+0000] {taskinstance.py:2613} INFO - Dependencies all met for dep_context=requeueable deps ti=<TaskInstance: etl_PipelineV100.preprocessData scheduled__2024-11-25T15:00:00+00:00 [queued]>
[2024-11-25T16:35:00.493+0000] {taskinstance.py:2866} INFO - Starting attempt 1 of 4
[2024-11-25T16:35:00.508+0000] {taskinstance.py:2889} INFO - Executing <Task(PythonOperator): preprocessData> on 2024-11-25 15:00:00+00:00
[2024-11-25T16:35:00.543+0000] {logging_mixin.py:190} WARNING - /home/***/.local/lib/python3.12/site-packages/***/task/task_runner/standard_task_runner.py:70 DeprecationWarning: This process (pid=428) is multi-threaded, use of fork() may lead to deadlocks in the child.
[2024-11-25T16:35:00.542+0000] {standard_task_runner.py:104} INFO - Running: ['***', 'tasks', 'run', 'etl_PipelineV100', 'preprocessData', 'scheduled__2024-11-25T15:00:00+00:00', '--job-id', '4', '--raw', '--subdir', 'DAGS_FOLDER/etlDag.py', '--cfg-path', '/tmp/tmp2r_0_tnu']
[2024-11-25T16:35:00.545+0000] {standard_task_runner.py:72} INFO - Started process 444 to run task
[2024-11-25T16:35:00.545+0000] {standard_task_runner.py:105} INFO - Job 4: Subtask preprocessData
[2024-11-25T16:35:00.606+0000] {task_command.py:467} INFO - Running <TaskInstance: etl_PipelineV100.preprocessData scheduled__2024-11-25T15:00:00+00:00 [running]> on host 8bc87a2683b7
[2024-11-25T16:35:00.698+0000] {taskinstance.py:3132} INFO - Exporting env vars: AIRFLOW_CTX_DAG_OWNER='Oshith Roshantha' AIRFLOW_CTX_DAG_ID='etl_PipelineV100' AIRFLOW_CTX_TASK_ID='preprocessData' AIRFLOW_CTX_EXECUTION_DATE='2024-11-25T15:00:00+00:00' AIRFLOW_CTX_TRY_NUMBER='1' AIRFLOW_CTX_DAG_RUN_ID='scheduled__2024-11-25T15:00:00+00:00'
[2024-11-25T16:35:00.699+0000] {taskinstance.py:731} INFO - ::endgroup::
[2024-11-25T16:35:00.718+0000] {_universal.py:509} INFO - Request URL: 'https://eqdatastorage.blob.core.windows.net/staging-data/temp-json'
Request method: 'GET'
Request headers:
    'x-ms-range': 'REDACTED'
    'x-ms-version': 'REDACTED'
    'Accept': 'application/xml'
    'User-Agent': 'azsdk-python-storage-blob/12.24.0 Python/3.12.7 (Linux-5.15.153.1-microsoft-standard-WSL2-x86_64-with-glibc2.36)'
    'x-ms-date': 'REDACTED'
    'x-ms-client-request-id': '371aad14-ab4b-11ef-be07-0242ac120004'
    'Authorization': 'REDACTED'
No body was attached to the request
[2024-11-25T16:35:01.883+0000] {_universal.py:545} INFO - Response status: 206
Response headers:
    'Content-Length': '1078'
    'Content-Type': 'application/octet-stream'
    'Content-Range': 'REDACTED'
    'Last-Modified': 'Mon, 25 Nov 2024 16:34:59 GMT'
    'Accept-Ranges': 'REDACTED'
    'ETag': '"0x8DD0D6F1A49A2B0"'
    'Server': 'Windows-Azure-Blob/1.0 Microsoft-HTTPAPI/2.0'
    'x-ms-request-id': 'f1b3cc58-501e-0039-7157-3f1233000000'
    'x-ms-client-request-id': '371aad14-ab4b-11ef-be07-0242ac120004'
    'x-ms-version': 'REDACTED'
    'x-ms-resource-type': 'REDACTED'
    'x-ms-creation-time': 'REDACTED'
    'x-ms-blob-content-md5': 'REDACTED'
    'x-ms-lease-status': 'REDACTED'
    'x-ms-lease-state': 'REDACTED'
    'x-ms-blob-type': 'REDACTED'
    'x-ms-server-encrypted': 'REDACTED'
    'x-ms-owner': 'REDACTED'
    'x-ms-group': 'REDACTED'
    'x-ms-permissions': 'REDACTED'
    'x-ms-acl': 'REDACTED'
    'Date': 'Mon, 25 Nov 2024 16:35:02 GMT'
[2024-11-25T16:35:01.921+0000] {_universal.py:509} INFO - Request URL: 'https://eqdatastorage.blob.core.windows.net/staging-data/cleaned-data.parquet'
Request method: 'GET'
Request headers:
    'x-ms-range': 'REDACTED'
    'x-ms-version': 'REDACTED'
    'Accept': 'application/xml'
    'User-Agent': 'azsdk-python-storage-blob/12.24.0 Python/3.12.7 (Linux-5.15.153.1-microsoft-standard-WSL2-x86_64-with-glibc2.36)'
    'x-ms-date': 'REDACTED'
    'x-ms-client-request-id': '37d280d8-ab4b-11ef-be07-0242ac120004'
    'Authorization': 'REDACTED'
No body was attached to the request
[2024-11-25T16:35:02.219+0000] {_universal.py:545} INFO - Response status: 404
Response headers:
    'Content-Length': '215'
    'Content-Type': 'application/xml'
    'Server': 'Windows-Azure-Blob/1.0 Microsoft-HTTPAPI/2.0'
    'x-ms-request-id': 'f1b3cd49-501e-0039-5757-3f1233000000'
    'x-ms-client-request-id': '37d280d8-ab4b-11ef-be07-0242ac120004'
    'x-ms-version': 'REDACTED'
    'x-ms-error-code': 'BlobNotFound'
    'Date': 'Mon, 25 Nov 2024 16:35:02 GMT'
[2024-11-25T16:35:02.354+0000] {_universal.py:506} INFO - Request URL: 'https://eqdatastorage.blob.core.windows.net/staging-data/cleaned-data.parquet'
Request method: 'PUT'
Request headers:
    'Content-Length': '7404'
    'x-ms-blob-type': 'REDACTED'
    'x-ms-version': 'REDACTED'
    'Content-Type': 'application/octet-stream'
    'Accept': 'application/xml'
    'User-Agent': 'azsdk-python-storage-blob/12.24.0 Python/3.12.7 (Linux-5.15.153.1-microsoft-standard-WSL2-x86_64-with-glibc2.36)'
    'x-ms-date': 'REDACTED'
    'x-ms-client-request-id': '381495f4-ab4b-11ef-be07-0242ac120004'
    'Authorization': 'REDACTED'
A body is sent with the request
[2024-11-25T16:35:02.678+0000] {_universal.py:545} INFO - Response status: 201
Response headers:
    'Content-Length': '0'
    'Content-MD5': 'REDACTED'
    'Last-Modified': 'Mon, 25 Nov 2024 16:35:03 GMT'
    'ETag': '"0x8DD0D6F1D22A3CC"'
    'Server': 'Windows-Azure-Blob/1.0 Microsoft-HTTPAPI/2.0'
    'x-ms-request-id': 'f1b3ce5c-501e-0039-5657-3f1233000000'
    'x-ms-client-request-id': '381495f4-ab4b-11ef-be07-0242ac120004'
    'x-ms-version': 'REDACTED'
    'x-ms-content-crc64': 'REDACTED'
    'x-ms-request-server-encrypted': 'REDACTED'
    'Date': 'Mon, 25 Nov 2024 16:35:03 GMT'
[2024-11-25T16:35:02.679+0000] {python.py:240} INFO - Done. Returned value was: None
[2024-11-25T16:35:02.689+0000] {taskinstance.py:340} INFO - ::group::Post task execution logs
[2024-11-25T16:35:02.690+0000] {taskinstance.py:352} INFO - Marking task as SUCCESS. dag_id=etl_PipelineV100, task_id=preprocessData, run_id=scheduled__2024-11-25T15:00:00+00:00, execution_date=20241125T150000, start_date=20241125T163500, end_date=20241125T163502
[2024-11-25T16:35:02.733+0000] {local_task_job_runner.py:266} INFO - Task exited with return code 0
[2024-11-25T16:35:02.762+0000] {taskinstance.py:3895} INFO - 1 downstream tasks scheduled from follow-on schedule check
[2024-11-25T16:35:02.765+0000] {local_task_job_runner.py:245} INFO - ::endgroup::
