[2024-11-24T16:46:43.017+0000] {local_task_job_runner.py:123} INFO - ::group::Pre task execution logs
[2024-11-24T16:46:43.035+0000] {taskinstance.py:2613} INFO - Dependencies all met for dep_context=non-requeueable deps ti=<TaskInstance: etl_PipelineV20.preprocessData scheduled__2024-11-24T15:00:00+00:00 [queued]>
[2024-11-24T16:46:43.044+0000] {taskinstance.py:2613} INFO - Dependencies all met for dep_context=requeueable deps ti=<TaskInstance: etl_PipelineV20.preprocessData scheduled__2024-11-24T15:00:00+00:00 [queued]>
[2024-11-24T16:46:43.045+0000] {taskinstance.py:2866} INFO - Starting attempt 1 of 4
[2024-11-24T16:46:43.067+0000] {taskinstance.py:2889} INFO - Executing <Task(PythonOperator): preprocessData> on 2024-11-24 15:00:00+00:00
[2024-11-24T16:46:43.112+0000] {logging_mixin.py:190} WARNING - /home/***/.local/lib/python3.12/site-packages/***/task/task_runner/standard_task_runner.py:70 DeprecationWarning: This process (pid=4957) is multi-threaded, use of fork() may lead to deadlocks in the child.
[2024-11-24T16:46:43.111+0000] {standard_task_runner.py:104} INFO - Running: ['***', 'tasks', 'run', 'etl_PipelineV20', 'preprocessData', 'scheduled__2024-11-24T15:00:00+00:00', '--job-id', '45', '--raw', '--subdir', 'DAGS_FOLDER/etlDag.py', '--cfg-path', '/tmp/tmp9u278fnc']
[2024-11-24T16:46:43.113+0000] {standard_task_runner.py:72} INFO - Started process 4967 to run task
[2024-11-24T16:46:43.114+0000] {standard_task_runner.py:105} INFO - Job 45: Subtask preprocessData
[2024-11-24T16:46:43.180+0000] {task_command.py:467} INFO - Running <TaskInstance: etl_PipelineV20.preprocessData scheduled__2024-11-24T15:00:00+00:00 [running]> on host 60d41c360b2c
[2024-11-24T16:46:43.474+0000] {taskinstance.py:3132} INFO - Exporting env vars: AIRFLOW_CTX_DAG_OWNER='Oshith Roshantha' AIRFLOW_CTX_DAG_ID='etl_PipelineV20' AIRFLOW_CTX_TASK_ID='preprocessData' AIRFLOW_CTX_EXECUTION_DATE='2024-11-24T15:00:00+00:00' AIRFLOW_CTX_TRY_NUMBER='1' AIRFLOW_CTX_DAG_RUN_ID='scheduled__2024-11-24T15:00:00+00:00'
[2024-11-24T16:46:43.475+0000] {taskinstance.py:731} INFO - ::endgroup::
[2024-11-24T16:46:43.519+0000] {python.py:240} INFO - Done. Returned value was:            id                           place  ...      lat    depth
0  us6000p7g0  100 km W of Port-Vila, Vanuatu  ... -17.6991   10.000
1  us6000p7fw       south of the Fiji Islands  ... -22.0292  593.159

[2 rows x 13 columns]
[2024-11-24T16:46:43.669+0000] {taskinstance.py:340} INFO - ::group::Post task execution logs
[2024-11-24T16:46:43.670+0000] {taskinstance.py:352} INFO - Marking task as SUCCESS. dag_id=etl_PipelineV20, task_id=preprocessData, run_id=scheduled__2024-11-24T15:00:00+00:00, execution_date=20241124T150000, start_date=20241124T164643, end_date=20241124T164643
[2024-11-24T16:46:43.733+0000] {local_task_job_runner.py:266} INFO - Task exited with return code 0
[2024-11-24T16:46:43.767+0000] {taskinstance.py:3895} INFO - 1 downstream tasks scheduled from follow-on schedule check
[2024-11-24T16:46:43.772+0000] {local_task_job_runner.py:245} INFO - ::endgroup::
