[2024-11-25T18:11:32.788+0000] {local_task_job_runner.py:123} INFO - ::group::Pre task execution logs
[2024-11-25T18:11:32.813+0000] {taskinstance.py:2613} INFO - Dependencies all met for dep_context=non-requeueable deps ti=<TaskInstance: etlDagV13.pushToProduction scheduled__2024-11-25T17:00:00+00:00 [queued]>
[2024-11-25T18:11:32.827+0000] {taskinstance.py:2613} INFO - Dependencies all met for dep_context=requeueable deps ti=<TaskInstance: etlDagV13.pushToProduction scheduled__2024-11-25T17:00:00+00:00 [queued]>
[2024-11-25T18:11:32.828+0000] {taskinstance.py:2866} INFO - Starting attempt 1 of 4
[2024-11-25T18:11:32.845+0000] {taskinstance.py:2889} INFO - Executing <Task(PythonOperator): pushToProduction> on 2024-11-25 17:00:00+00:00
[2024-11-25T18:11:32.861+0000] {logging_mixin.py:190} WARNING - /home/***/.local/lib/python3.12/site-packages/***/task/task_runner/standard_task_runner.py:70 DeprecationWarning: This process (pid=6577) is multi-threaded, use of fork() may lead to deadlocks in the child.
[2024-11-25T18:11:32.861+0000] {standard_task_runner.py:104} INFO - Running: ['***', 'tasks', 'run', 'etlDagV13', 'pushToProduction', 'scheduled__2024-11-25T17:00:00+00:00', '--job-id', '93', '--raw', '--subdir', 'DAGS_FOLDER/etlDag.py', '--cfg-path', '/tmp/tmp4g7uv740']
[2024-11-25T18:11:32.864+0000] {standard_task_runner.py:72} INFO - Started process 6587 to run task
[2024-11-25T18:11:32.865+0000] {standard_task_runner.py:105} INFO - Job 93: Subtask pushToProduction
[2024-11-25T18:11:32.936+0000] {task_command.py:467} INFO - Running <TaskInstance: etlDagV13.pushToProduction scheduled__2024-11-25T17:00:00+00:00 [running]> on host 8bc87a2683b7
[2024-11-25T18:11:33.044+0000] {taskinstance.py:3132} INFO - Exporting env vars: AIRFLOW_CTX_DAG_OWNER='Oshith Roshantha' AIRFLOW_CTX_DAG_ID='etlDagV13' AIRFLOW_CTX_TASK_ID='pushToProduction' AIRFLOW_CTX_EXECUTION_DATE='2024-11-25T17:00:00+00:00' AIRFLOW_CTX_TRY_NUMBER='1' AIRFLOW_CTX_DAG_RUN_ID='scheduled__2024-11-25T17:00:00+00:00'
[2024-11-25T18:11:33.046+0000] {taskinstance.py:731} INFO - ::endgroup::
[2024-11-25T18:11:33.085+0000] {_universal.py:509} INFO - Request URL: 'https://eqdatastorage.blob.core.windows.net/staging-data/transform-data.parquet'
Request method: 'GET'
Request headers:
    'x-ms-range': 'REDACTED'
    'x-ms-version': 'REDACTED'
    'Accept': 'application/xml'
    'User-Agent': 'azsdk-python-storage-blob/12.24.0 Python/3.12.7 (Linux-5.15.153.1-microsoft-standard-WSL2-x86_64-with-glibc2.36)'
    'x-ms-date': 'REDACTED'
    'x-ms-client-request-id': 'b39fd190-ab58-11ef-8ff3-0242ac120004'
    'Authorization': 'REDACTED'
No body was attached to the request
[2024-11-25T18:11:34.259+0000] {_universal.py:545} INFO - Response status: 206
Response headers:
    'Content-Length': '10808'
    'Content-Type': 'application/octet-stream'
    'Content-Range': 'REDACTED'
    'Last-Modified': 'Mon, 25 Nov 2024 18:11:31 GMT'
    'Accept-Ranges': 'REDACTED'
    'ETag': '"0x8DD0D7C96AA5E48"'
    'Server': 'Windows-Azure-Blob/1.0 Microsoft-HTTPAPI/2.0'
    'x-ms-request-id': 'fcbc930b-c01e-00d9-7965-3ff4bb000000'
    'x-ms-client-request-id': 'b39fd190-ab58-11ef-8ff3-0242ac120004'
    'x-ms-version': 'REDACTED'
    'x-ms-resource-type': 'REDACTED'
    'x-ms-creation-time': 'REDACTED'
    'x-ms-blob-content-md5': 'REDACTED'
    'x-ms-lease-status': 'REDACTED'
    'x-ms-lease-state': 'REDACTED'
    'x-ms-blob-type': 'REDACTED'
    'x-ms-server-encrypted': 'REDACTED'
    'x-ms-owner': 'REDACTED'
    'x-ms-group': 'REDACTED'
    'x-ms-permissions': 'REDACTED'
    'x-ms-acl': 'REDACTED'
    'Date': 'Mon, 25 Nov 2024 18:11:35 GMT'
[2024-11-25T18:11:34.262+0000] {_universal.py:506} INFO - Request URL: 'https://eqdatastorage.blob.core.windows.net/production-data/train-data.parquet'
Request method: 'PUT'
Request headers:
    'Content-Length': '10808'
    'x-ms-blob-type': 'REDACTED'
    'x-ms-version': 'REDACTED'
    'Content-Type': 'application/octet-stream'
    'Accept': 'application/xml'
    'User-Agent': 'azsdk-python-storage-blob/12.24.0 Python/3.12.7 (Linux-5.15.153.1-microsoft-standard-WSL2-x86_64-with-glibc2.36)'
    'x-ms-date': 'REDACTED'
    'x-ms-client-request-id': 'b453a0a8-ab58-11ef-8ff3-0242ac120004'
    'Authorization': 'REDACTED'
A body is sent with the request
[2024-11-25T18:11:34.591+0000] {_universal.py:545} INFO - Response status: 201
Response headers:
    'Content-Length': '0'
    'Content-MD5': 'REDACTED'
    'Last-Modified': 'Mon, 25 Nov 2024 18:11:35 GMT'
    'ETag': '"0x8DD0D7C99681DEC"'
    'Server': 'Windows-Azure-Blob/1.0 Microsoft-HTTPAPI/2.0'
    'x-ms-request-id': 'fcbc9390-c01e-00d9-7265-3ff4bb000000'
    'x-ms-client-request-id': 'b453a0a8-ab58-11ef-8ff3-0242ac120004'
    'x-ms-version': 'REDACTED'
    'x-ms-content-crc64': 'REDACTED'
    'x-ms-request-server-encrypted': 'REDACTED'
    'Date': 'Mon, 25 Nov 2024 18:11:35 GMT'
[2024-11-25T18:11:34.633+0000] {_universal.py:506} INFO - Request URL: 'https://eqdatastorage.blob.core.windows.net/production-data/train-data.csv'
Request method: 'PUT'
Request headers:
    'Content-Length': '637'
    'x-ms-blob-type': 'REDACTED'
    'x-ms-version': 'REDACTED'
    'Content-Type': 'application/octet-stream'
    'Accept': 'application/xml'
    'User-Agent': 'azsdk-python-storage-blob/12.24.0 Python/3.12.7 (Linux-5.15.153.1-microsoft-standard-WSL2-x86_64-with-glibc2.36)'
    'x-ms-date': 'REDACTED'
    'x-ms-client-request-id': 'b48c3fa8-ab58-11ef-8ff3-0242ac120004'
    'Authorization': 'REDACTED'
A body is sent with the request
[2024-11-25T18:11:34.955+0000] {_universal.py:545} INFO - Response status: 201
Response headers:
    'Content-Length': '0'
    'Content-MD5': 'REDACTED'
    'Last-Modified': 'Mon, 25 Nov 2024 18:11:36 GMT'
    'ETag': '"0x8DD0D7C999FFB24"'
    'Server': 'Windows-Azure-Blob/1.0 Microsoft-HTTPAPI/2.0'
    'x-ms-request-id': 'fcbc943e-c01e-00d9-1365-3ff4bb000000'
    'x-ms-client-request-id': 'b48c3fa8-ab58-11ef-8ff3-0242ac120004'
    'x-ms-version': 'REDACTED'
    'x-ms-content-crc64': 'REDACTED'
    'x-ms-request-server-encrypted': 'REDACTED'
    'Date': 'Mon, 25 Nov 2024 18:11:36 GMT'
[2024-11-25T18:11:34.957+0000] {python.py:240} INFO - Done. Returned value was: None
[2024-11-25T18:11:34.996+0000] {taskinstance.py:340} INFO - ::group::Post task execution logs
[2024-11-25T18:11:34.997+0000] {taskinstance.py:352} INFO - Marking task as SUCCESS. dag_id=etlDagV13, task_id=pushToProduction, run_id=scheduled__2024-11-25T17:00:00+00:00, execution_date=20241125T170000, start_date=20241125T181132, end_date=20241125T181134
[2024-11-25T18:11:35.064+0000] {local_task_job_runner.py:266} INFO - Task exited with return code 0
[2024-11-25T18:11:35.080+0000] {taskinstance.py:3895} INFO - 0 downstream tasks scheduled from follow-on schedule check
[2024-11-25T18:11:35.082+0000] {local_task_job_runner.py:245} INFO - ::endgroup::
