[2024-11-25T18:02:13.282+0000] {local_task_job_runner.py:123} INFO - ::group::Pre task execution logs
[2024-11-25T18:02:13.309+0000] {taskinstance.py:2613} INFO - Dependencies all met for dep_context=non-requeueable deps ti=<TaskInstance: etlDagV10.transformData scheduled__2024-11-25T17:00:00+00:00 [queued]>
[2024-11-25T18:02:13.321+0000] {taskinstance.py:2613} INFO - Dependencies all met for dep_context=requeueable deps ti=<TaskInstance: etlDagV10.transformData scheduled__2024-11-25T17:00:00+00:00 [queued]>
[2024-11-25T18:02:13.322+0000] {taskinstance.py:2866} INFO - Starting attempt 1 of 4
[2024-11-25T18:02:13.342+0000] {taskinstance.py:2889} INFO - Executing <Task(PythonOperator): transformData> on 2024-11-25 17:00:00+00:00
[2024-11-25T18:02:13.355+0000] {logging_mixin.py:190} WARNING - /home/***/.local/lib/python3.12/site-packages/***/task/task_runner/standard_task_runner.py:70 DeprecationWarning: This process (pid=5758) is multi-threaded, use of fork() may lead to deadlocks in the child.
[2024-11-25T18:02:13.354+0000] {standard_task_runner.py:104} INFO - Running: ['***', 'tasks', 'run', 'etlDagV10', 'transformData', 'scheduled__2024-11-25T17:00:00+00:00', '--job-id', '76', '--raw', '--subdir', 'DAGS_FOLDER/etlDag.py', '--cfg-path', '/tmp/tmpq5q8_x5z']
[2024-11-25T18:02:13.357+0000] {standard_task_runner.py:72} INFO - Started process 5768 to run task
[2024-11-25T18:02:13.357+0000] {standard_task_runner.py:105} INFO - Job 76: Subtask transformData
[2024-11-25T18:02:13.426+0000] {task_command.py:467} INFO - Running <TaskInstance: etlDagV10.transformData scheduled__2024-11-25T17:00:00+00:00 [running]> on host 8bc87a2683b7
[2024-11-25T18:02:13.532+0000] {taskinstance.py:3132} INFO - Exporting env vars: AIRFLOW_CTX_DAG_OWNER='Oshith Roshantha' AIRFLOW_CTX_DAG_ID='etlDagV10' AIRFLOW_CTX_TASK_ID='transformData' AIRFLOW_CTX_EXECUTION_DATE='2024-11-25T17:00:00+00:00' AIRFLOW_CTX_TRY_NUMBER='1' AIRFLOW_CTX_DAG_RUN_ID='scheduled__2024-11-25T17:00:00+00:00'
[2024-11-25T18:02:13.534+0000] {taskinstance.py:731} INFO - ::endgroup::
[2024-11-25T18:02:13.556+0000] {_universal.py:509} INFO - Request URL: 'https://eqdatastorage.blob.core.windows.net/staging-data/cleaned-data.parquet'
Request method: 'GET'
Request headers:
    'x-ms-range': 'REDACTED'
    'x-ms-version': 'REDACTED'
    'Accept': 'application/xml'
    'User-Agent': 'azsdk-python-storage-blob/12.24.0 Python/3.12.7 (Linux-5.15.153.1-microsoft-standard-WSL2-x86_64-with-glibc2.36)'
    'x-ms-date': 'REDACTED'
    'x-ms-client-request-id': '661e7a80-ab57-11ef-8601-0242ac120004'
    'Authorization': 'REDACTED'
No body was attached to the request
[2024-11-25T18:02:14.759+0000] {_universal.py:545} INFO - Response status: 206
Response headers:
    'Content-Length': '7643'
    'Content-Type': 'application/octet-stream'
    'Content-Range': 'REDACTED'
    'Last-Modified': 'Mon, 25 Nov 2024 18:02:11 GMT'
    'Accept-Ranges': 'REDACTED'
    'ETag': '"0x8DD0D7B49489958"'
    'Server': 'Windows-Azure-Blob/1.0 Microsoft-HTTPAPI/2.0'
    'x-ms-request-id': '52b1fb96-801e-00d5-1b64-3f1a4a000000'
    'x-ms-client-request-id': '661e7a80-ab57-11ef-8601-0242ac120004'
    'x-ms-version': 'REDACTED'
    'x-ms-resource-type': 'REDACTED'
    'x-ms-creation-time': 'REDACTED'
    'x-ms-blob-content-md5': 'REDACTED'
    'x-ms-lease-status': 'REDACTED'
    'x-ms-lease-state': 'REDACTED'
    'x-ms-blob-type': 'REDACTED'
    'x-ms-server-encrypted': 'REDACTED'
    'x-ms-owner': 'REDACTED'
    'x-ms-group': 'REDACTED'
    'x-ms-permissions': 'REDACTED'
    'x-ms-acl': 'REDACTED'
    'Date': 'Mon, 25 Nov 2024 18:02:15 GMT'
[2024-11-25T18:02:15.309+0000] {_universal.py:506} INFO - Request URL: 'https://eqdatastorage.blob.core.windows.net/staging-data/transform-data.parquet'
Request method: 'PUT'
Request headers:
    'Content-Length': '10808'
    'x-ms-blob-type': 'REDACTED'
    'x-ms-version': 'REDACTED'
    'Content-Type': 'application/octet-stream'
    'Accept': 'application/xml'
    'User-Agent': 'azsdk-python-storage-blob/12.24.0 Python/3.12.7 (Linux-5.15.153.1-microsoft-standard-WSL2-x86_64-with-glibc2.36)'
    'x-ms-date': 'REDACTED'
    'x-ms-client-request-id': '672a18d0-ab57-11ef-8601-0242ac120004'
    'Authorization': 'REDACTED'
A body is sent with the request
[2024-11-25T18:02:15.629+0000] {_universal.py:545} INFO - Response status: 201
Response headers:
    'Content-Length': '0'
    'Content-MD5': 'REDACTED'
    'Last-Modified': 'Mon, 25 Nov 2024 18:02:16 GMT'
    'ETag': '"0x8DD0D7B4C3BA758"'
    'Server': 'Windows-Azure-Blob/1.0 Microsoft-HTTPAPI/2.0'
    'x-ms-request-id': '52b1fd76-801e-00d5-5964-3f1a4a000000'
    'x-ms-client-request-id': '672a18d0-ab57-11ef-8601-0242ac120004'
    'x-ms-version': 'REDACTED'
    'x-ms-content-crc64': 'REDACTED'
    'x-ms-request-server-encrypted': 'REDACTED'
    'Date': 'Mon, 25 Nov 2024 18:02:16 GMT'
[2024-11-25T18:02:15.631+0000] {python.py:240} INFO - Done. Returned value was: None
[2024-11-25T18:02:15.641+0000] {taskinstance.py:340} INFO - ::group::Post task execution logs
[2024-11-25T18:02:15.642+0000] {taskinstance.py:352} INFO - Marking task as SUCCESS. dag_id=etlDagV10, task_id=transformData, run_id=scheduled__2024-11-25T17:00:00+00:00, execution_date=20241125T170000, start_date=20241125T180213, end_date=20241125T180215
[2024-11-25T18:02:15.684+0000] {local_task_job_runner.py:266} INFO - Task exited with return code 0
[2024-11-25T18:02:15.712+0000] {taskinstance.py:3895} INFO - 1 downstream tasks scheduled from follow-on schedule check
[2024-11-25T18:02:15.716+0000] {local_task_job_runner.py:245} INFO - ::endgroup::
