[2024-11-24T08:42:59.628+0000] {processor.py:186} INFO - Started process (PID=318) to work on /home/airflow/.local/lib/python3.12/site-packages/airflow/example_dags/example_external_task_marker_dag.py
[2024-11-24T08:42:59.629+0000] {processor.py:914} INFO - Processing file /home/airflow/.local/lib/python3.12/site-packages/airflow/example_dags/example_external_task_marker_dag.py for tasks to queue
[2024-11-24T08:42:59.632+0000] {logging_mixin.py:190} INFO - [2024-11-24T08:42:59.631+0000] {dagbag.py:588} INFO - Filling up the DagBag from /home/airflow/.local/lib/python3.12/site-packages/airflow/example_dags/example_external_task_marker_dag.py
[2024-11-24T08:42:59.648+0000] {processor.py:925} INFO - DAG(s) 'example_external_task_marker_child', 'example_external_task_marker_parent' retrieved from /home/airflow/.local/lib/python3.12/site-packages/airflow/example_dags/example_external_task_marker_dag.py
[2024-11-24T08:42:59.766+0000] {logging_mixin.py:190} INFO - [2024-11-24T08:42:59.765+0000] {override.py:1911} INFO - Created Permission View: can read on DAG:example_external_task_marker_child
[2024-11-24T08:42:59.778+0000] {logging_mixin.py:190} INFO - [2024-11-24T08:42:59.777+0000] {override.py:1911} INFO - Created Permission View: can edit on DAG:example_external_task_marker_child
[2024-11-24T08:42:59.786+0000] {logging_mixin.py:190} INFO - [2024-11-24T08:42:59.786+0000] {override.py:1911} INFO - Created Permission View: can delete on DAG:example_external_task_marker_child
[2024-11-24T08:42:59.797+0000] {logging_mixin.py:190} INFO - [2024-11-24T08:42:59.796+0000] {override.py:1911} INFO - Created Permission View: can read on DAG Run:example_external_task_marker_child
[2024-11-24T08:42:59.806+0000] {logging_mixin.py:190} INFO - [2024-11-24T08:42:59.806+0000] {override.py:1911} INFO - Created Permission View: can delete on DAG Run:example_external_task_marker_child
[2024-11-24T08:42:59.814+0000] {logging_mixin.py:190} INFO - [2024-11-24T08:42:59.814+0000] {override.py:1911} INFO - Created Permission View: can create on DAG Run:example_external_task_marker_child
[2024-11-24T08:42:59.823+0000] {logging_mixin.py:190} INFO - [2024-11-24T08:42:59.822+0000] {override.py:1911} INFO - Created Permission View: menu access on DAG Run:example_external_task_marker_child
[2024-11-24T08:42:59.838+0000] {logging_mixin.py:190} INFO - [2024-11-24T08:42:59.838+0000] {override.py:1911} INFO - Created Permission View: can read on DAG:example_external_task_marker_parent
[2024-11-24T08:42:59.846+0000] {logging_mixin.py:190} INFO - [2024-11-24T08:42:59.846+0000] {override.py:1911} INFO - Created Permission View: can edit on DAG:example_external_task_marker_parent
[2024-11-24T08:42:59.857+0000] {logging_mixin.py:190} INFO - [2024-11-24T08:42:59.856+0000] {override.py:1911} INFO - Created Permission View: can delete on DAG:example_external_task_marker_parent
[2024-11-24T08:42:59.872+0000] {logging_mixin.py:190} INFO - [2024-11-24T08:42:59.872+0000] {override.py:1911} INFO - Created Permission View: can read on DAG Run:example_external_task_marker_parent
[2024-11-24T08:42:59.880+0000] {logging_mixin.py:190} INFO - [2024-11-24T08:42:59.880+0000] {override.py:1911} INFO - Created Permission View: can delete on DAG Run:example_external_task_marker_parent
[2024-11-24T08:42:59.891+0000] {logging_mixin.py:190} INFO - [2024-11-24T08:42:59.890+0000] {override.py:1911} INFO - Created Permission View: can create on DAG Run:example_external_task_marker_parent
[2024-11-24T08:42:59.901+0000] {logging_mixin.py:190} INFO - [2024-11-24T08:42:59.900+0000] {override.py:1911} INFO - Created Permission View: menu access on DAG Run:example_external_task_marker_parent
[2024-11-24T08:42:59.901+0000] {logging_mixin.py:190} INFO - [2024-11-24T08:42:59.901+0000] {dag.py:3239} INFO - Sync 2 DAGs
[2024-11-24T08:42:59.921+0000] {logging_mixin.py:190} INFO - [2024-11-24T08:42:59.921+0000] {dag.py:3262} INFO - Creating ORM DAG for example_external_task_marker_parent
[2024-11-24T08:42:59.922+0000] {logging_mixin.py:190} INFO - [2024-11-24T08:42:59.922+0000] {dag.py:3262} INFO - Creating ORM DAG for example_external_task_marker_child
[2024-11-24T08:42:59.923+0000] {logging_mixin.py:190} INFO - [2024-11-24T08:42:59.923+0000] {dag.py:4180} INFO - Setting next_dagrun for example_external_task_marker_child to None, run_after=None
[2024-11-24T08:42:59.925+0000] {logging_mixin.py:190} INFO - [2024-11-24T08:42:59.924+0000] {dag.py:4180} INFO - Setting next_dagrun for example_external_task_marker_parent to None, run_after=None
[2024-11-24T08:42:59.951+0000] {processor.py:208} INFO - Processing /home/airflow/.local/lib/python3.12/site-packages/airflow/example_dags/example_external_task_marker_dag.py took 0.330 seconds
[2024-11-24T08:43:30.634+0000] {processor.py:186} INFO - Started process (PID=609) to work on /home/airflow/.local/lib/python3.12/site-packages/airflow/example_dags/example_external_task_marker_dag.py
[2024-11-24T08:43:30.636+0000] {processor.py:914} INFO - Processing file /home/airflow/.local/lib/python3.12/site-packages/airflow/example_dags/example_external_task_marker_dag.py for tasks to queue
[2024-11-24T08:43:30.642+0000] {logging_mixin.py:190} INFO - [2024-11-24T08:43:30.641+0000] {dagbag.py:588} INFO - Filling up the DagBag from /home/airflow/.local/lib/python3.12/site-packages/airflow/example_dags/example_external_task_marker_dag.py
[2024-11-24T08:43:30.663+0000] {processor.py:925} INFO - DAG(s) 'example_external_task_marker_parent', 'example_external_task_marker_child' retrieved from /home/airflow/.local/lib/python3.12/site-packages/airflow/example_dags/example_external_task_marker_dag.py
[2024-11-24T08:43:30.716+0000] {logging_mixin.py:190} INFO - [2024-11-24T08:43:30.715+0000] {dag.py:3239} INFO - Sync 2 DAGs
[2024-11-24T08:43:30.748+0000] {logging_mixin.py:190} INFO - [2024-11-24T08:43:30.748+0000] {dag.py:4180} INFO - Setting next_dagrun for example_external_task_marker_child to None, run_after=None
[2024-11-24T08:43:30.754+0000] {logging_mixin.py:190} INFO - [2024-11-24T08:43:30.754+0000] {dag.py:4180} INFO - Setting next_dagrun for example_external_task_marker_parent to None, run_after=None
[2024-11-24T08:43:30.783+0000] {processor.py:208} INFO - Processing /home/airflow/.local/lib/python3.12/site-packages/airflow/example_dags/example_external_task_marker_dag.py took 0.161 seconds
[2024-11-24T08:44:01.860+0000] {processor.py:186} INFO - Started process (PID=902) to work on /home/airflow/.local/lib/python3.12/site-packages/airflow/example_dags/example_external_task_marker_dag.py
[2024-11-24T08:44:01.862+0000] {processor.py:914} INFO - Processing file /home/airflow/.local/lib/python3.12/site-packages/airflow/example_dags/example_external_task_marker_dag.py for tasks to queue
[2024-11-24T08:44:01.865+0000] {logging_mixin.py:190} INFO - [2024-11-24T08:44:01.865+0000] {dagbag.py:588} INFO - Filling up the DagBag from /home/airflow/.local/lib/python3.12/site-packages/airflow/example_dags/example_external_task_marker_dag.py
[2024-11-24T08:44:01.875+0000] {processor.py:925} INFO - DAG(s) 'example_external_task_marker_parent', 'example_external_task_marker_child' retrieved from /home/airflow/.local/lib/python3.12/site-packages/airflow/example_dags/example_external_task_marker_dag.py
[2024-11-24T08:44:01.907+0000] {logging_mixin.py:190} INFO - [2024-11-24T08:44:01.907+0000] {dag.py:3239} INFO - Sync 2 DAGs
[2024-11-24T08:44:01.932+0000] {logging_mixin.py:190} INFO - [2024-11-24T08:44:01.931+0000] {dag.py:4180} INFO - Setting next_dagrun for example_external_task_marker_child to None, run_after=None
[2024-11-24T08:44:01.940+0000] {logging_mixin.py:190} INFO - [2024-11-24T08:44:01.940+0000] {dag.py:4180} INFO - Setting next_dagrun for example_external_task_marker_parent to None, run_after=None
[2024-11-24T08:44:01.967+0000] {processor.py:208} INFO - Processing /home/airflow/.local/lib/python3.12/site-packages/airflow/example_dags/example_external_task_marker_dag.py took 0.112 seconds
[2024-11-24T08:44:32.632+0000] {processor.py:186} INFO - Started process (PID=1191) to work on /home/airflow/.local/lib/python3.12/site-packages/airflow/example_dags/example_external_task_marker_dag.py
[2024-11-24T08:44:32.633+0000] {processor.py:914} INFO - Processing file /home/airflow/.local/lib/python3.12/site-packages/airflow/example_dags/example_external_task_marker_dag.py for tasks to queue
[2024-11-24T08:44:32.637+0000] {logging_mixin.py:190} INFO - [2024-11-24T08:44:32.636+0000] {dagbag.py:588} INFO - Filling up the DagBag from /home/airflow/.local/lib/python3.12/site-packages/airflow/example_dags/example_external_task_marker_dag.py
[2024-11-24T08:44:32.647+0000] {processor.py:925} INFO - DAG(s) 'example_external_task_marker_child', 'example_external_task_marker_parent' retrieved from /home/airflow/.local/lib/python3.12/site-packages/airflow/example_dags/example_external_task_marker_dag.py
[2024-11-24T08:44:32.669+0000] {logging_mixin.py:190} INFO - [2024-11-24T08:44:32.669+0000] {dag.py:3239} INFO - Sync 2 DAGs
[2024-11-24T08:44:32.682+0000] {logging_mixin.py:190} INFO - [2024-11-24T08:44:32.682+0000] {dag.py:4180} INFO - Setting next_dagrun for example_external_task_marker_child to None, run_after=None
[2024-11-24T08:44:32.686+0000] {logging_mixin.py:190} INFO - [2024-11-24T08:44:32.686+0000] {dag.py:4180} INFO - Setting next_dagrun for example_external_task_marker_parent to None, run_after=None
[2024-11-24T08:44:32.701+0000] {processor.py:208} INFO - Processing /home/airflow/.local/lib/python3.12/site-packages/airflow/example_dags/example_external_task_marker_dag.py took 0.077 seconds
[2024-11-24T08:45:03.629+0000] {processor.py:186} INFO - Started process (PID=1484) to work on /home/airflow/.local/lib/python3.12/site-packages/airflow/example_dags/example_external_task_marker_dag.py
[2024-11-24T08:45:03.630+0000] {processor.py:914} INFO - Processing file /home/airflow/.local/lib/python3.12/site-packages/airflow/example_dags/example_external_task_marker_dag.py for tasks to queue
[2024-11-24T08:45:03.633+0000] {logging_mixin.py:190} INFO - [2024-11-24T08:45:03.633+0000] {dagbag.py:588} INFO - Filling up the DagBag from /home/airflow/.local/lib/python3.12/site-packages/airflow/example_dags/example_external_task_marker_dag.py
[2024-11-24T08:45:03.642+0000] {processor.py:925} INFO - DAG(s) 'example_external_task_marker_parent', 'example_external_task_marker_child' retrieved from /home/airflow/.local/lib/python3.12/site-packages/airflow/example_dags/example_external_task_marker_dag.py
[2024-11-24T08:45:03.668+0000] {logging_mixin.py:190} INFO - [2024-11-24T08:45:03.668+0000] {dag.py:3239} INFO - Sync 2 DAGs
[2024-11-24T08:45:03.681+0000] {logging_mixin.py:190} INFO - [2024-11-24T08:45:03.681+0000] {dag.py:4180} INFO - Setting next_dagrun for example_external_task_marker_child to None, run_after=None
[2024-11-24T08:45:03.686+0000] {logging_mixin.py:190} INFO - [2024-11-24T08:45:03.685+0000] {dag.py:4180} INFO - Setting next_dagrun for example_external_task_marker_parent to None, run_after=None
[2024-11-24T08:45:03.706+0000] {processor.py:208} INFO - Processing /home/airflow/.local/lib/python3.12/site-packages/airflow/example_dags/example_external_task_marker_dag.py took 0.085 seconds
[2024-11-24T08:45:35.370+0000] {processor.py:186} INFO - Started process (PID=1773) to work on /home/airflow/.local/lib/python3.12/site-packages/airflow/example_dags/example_external_task_marker_dag.py
[2024-11-24T08:45:35.372+0000] {processor.py:914} INFO - Processing file /home/airflow/.local/lib/python3.12/site-packages/airflow/example_dags/example_external_task_marker_dag.py for tasks to queue
[2024-11-24T08:45:35.375+0000] {logging_mixin.py:190} INFO - [2024-11-24T08:45:35.375+0000] {dagbag.py:588} INFO - Filling up the DagBag from /home/airflow/.local/lib/python3.12/site-packages/airflow/example_dags/example_external_task_marker_dag.py
[2024-11-24T08:45:35.386+0000] {processor.py:925} INFO - DAG(s) 'example_external_task_marker_parent', 'example_external_task_marker_child' retrieved from /home/airflow/.local/lib/python3.12/site-packages/airflow/example_dags/example_external_task_marker_dag.py
[2024-11-24T08:45:35.416+0000] {logging_mixin.py:190} INFO - [2024-11-24T08:45:35.415+0000] {dag.py:3239} INFO - Sync 2 DAGs
[2024-11-24T08:45:35.436+0000] {logging_mixin.py:190} INFO - [2024-11-24T08:45:35.435+0000] {dag.py:4180} INFO - Setting next_dagrun for example_external_task_marker_child to None, run_after=None
[2024-11-24T08:45:35.441+0000] {logging_mixin.py:190} INFO - [2024-11-24T08:45:35.441+0000] {dag.py:4180} INFO - Setting next_dagrun for example_external_task_marker_parent to None, run_after=None
[2024-11-24T08:45:35.462+0000] {processor.py:208} INFO - Processing /home/airflow/.local/lib/python3.12/site-packages/airflow/example_dags/example_external_task_marker_dag.py took 0.099 seconds
[2024-11-24T08:46:06.250+0000] {processor.py:186} INFO - Started process (PID=2064) to work on /home/airflow/.local/lib/python3.12/site-packages/airflow/example_dags/example_external_task_marker_dag.py
[2024-11-24T08:46:06.251+0000] {processor.py:914} INFO - Processing file /home/airflow/.local/lib/python3.12/site-packages/airflow/example_dags/example_external_task_marker_dag.py for tasks to queue
[2024-11-24T08:46:06.255+0000] {logging_mixin.py:190} INFO - [2024-11-24T08:46:06.255+0000] {dagbag.py:588} INFO - Filling up the DagBag from /home/airflow/.local/lib/python3.12/site-packages/airflow/example_dags/example_external_task_marker_dag.py
[2024-11-24T08:46:06.267+0000] {processor.py:925} INFO - DAG(s) 'example_external_task_marker_child', 'example_external_task_marker_parent' retrieved from /home/airflow/.local/lib/python3.12/site-packages/airflow/example_dags/example_external_task_marker_dag.py
[2024-11-24T08:46:06.301+0000] {logging_mixin.py:190} INFO - [2024-11-24T08:46:06.301+0000] {dag.py:3239} INFO - Sync 2 DAGs
[2024-11-24T08:46:06.323+0000] {logging_mixin.py:190} INFO - [2024-11-24T08:46:06.322+0000] {dag.py:4180} INFO - Setting next_dagrun for example_external_task_marker_child to None, run_after=None
[2024-11-24T08:46:06.328+0000] {logging_mixin.py:190} INFO - [2024-11-24T08:46:06.328+0000] {dag.py:4180} INFO - Setting next_dagrun for example_external_task_marker_parent to None, run_after=None
[2024-11-24T08:46:06.353+0000] {processor.py:208} INFO - Processing /home/airflow/.local/lib/python3.12/site-packages/airflow/example_dags/example_external_task_marker_dag.py took 0.113 seconds
[2024-11-24T08:46:38.207+0000] {processor.py:186} INFO - Started process (PID=2355) to work on /home/airflow/.local/lib/python3.12/site-packages/airflow/example_dags/example_external_task_marker_dag.py
[2024-11-24T08:46:38.209+0000] {processor.py:914} INFO - Processing file /home/airflow/.local/lib/python3.12/site-packages/airflow/example_dags/example_external_task_marker_dag.py for tasks to queue
[2024-11-24T08:46:38.213+0000] {logging_mixin.py:190} INFO - [2024-11-24T08:46:38.213+0000] {dagbag.py:588} INFO - Filling up the DagBag from /home/airflow/.local/lib/python3.12/site-packages/airflow/example_dags/example_external_task_marker_dag.py
[2024-11-24T08:46:38.228+0000] {processor.py:925} INFO - DAG(s) 'example_external_task_marker_parent', 'example_external_task_marker_child' retrieved from /home/airflow/.local/lib/python3.12/site-packages/airflow/example_dags/example_external_task_marker_dag.py
[2024-11-24T08:46:38.269+0000] {logging_mixin.py:190} INFO - [2024-11-24T08:46:38.269+0000] {dag.py:3239} INFO - Sync 2 DAGs
[2024-11-24T08:46:38.293+0000] {logging_mixin.py:190} INFO - [2024-11-24T08:46:38.292+0000] {dag.py:4180} INFO - Setting next_dagrun for example_external_task_marker_child to None, run_after=None
[2024-11-24T08:46:38.301+0000] {logging_mixin.py:190} INFO - [2024-11-24T08:46:38.300+0000] {dag.py:4180} INFO - Setting next_dagrun for example_external_task_marker_parent to None, run_after=None
[2024-11-24T08:46:38.329+0000] {processor.py:208} INFO - Processing /home/airflow/.local/lib/python3.12/site-packages/airflow/example_dags/example_external_task_marker_dag.py took 0.131 seconds
[2024-11-24T08:47:09.752+0000] {processor.py:186} INFO - Started process (PID=2648) to work on /home/airflow/.local/lib/python3.12/site-packages/airflow/example_dags/example_external_task_marker_dag.py
[2024-11-24T08:47:09.754+0000] {processor.py:914} INFO - Processing file /home/airflow/.local/lib/python3.12/site-packages/airflow/example_dags/example_external_task_marker_dag.py for tasks to queue
[2024-11-24T08:47:09.757+0000] {logging_mixin.py:190} INFO - [2024-11-24T08:47:09.757+0000] {dagbag.py:588} INFO - Filling up the DagBag from /home/airflow/.local/lib/python3.12/site-packages/airflow/example_dags/example_external_task_marker_dag.py
[2024-11-24T08:47:09.769+0000] {processor.py:925} INFO - DAG(s) 'example_external_task_marker_parent', 'example_external_task_marker_child' retrieved from /home/airflow/.local/lib/python3.12/site-packages/airflow/example_dags/example_external_task_marker_dag.py
[2024-11-24T08:47:09.804+0000] {logging_mixin.py:190} INFO - [2024-11-24T08:47:09.804+0000] {dag.py:3239} INFO - Sync 2 DAGs
[2024-11-24T08:47:09.826+0000] {logging_mixin.py:190} INFO - [2024-11-24T08:47:09.826+0000] {dag.py:4180} INFO - Setting next_dagrun for example_external_task_marker_child to None, run_after=None
[2024-11-24T08:47:09.834+0000] {logging_mixin.py:190} INFO - [2024-11-24T08:47:09.833+0000] {dag.py:4180} INFO - Setting next_dagrun for example_external_task_marker_parent to None, run_after=None
[2024-11-24T08:47:09.855+0000] {processor.py:208} INFO - Processing /home/airflow/.local/lib/python3.12/site-packages/airflow/example_dags/example_external_task_marker_dag.py took 0.111 seconds
[2024-11-24T08:47:41.657+0000] {processor.py:186} INFO - Started process (PID=2939) to work on /home/airflow/.local/lib/python3.12/site-packages/airflow/example_dags/example_external_task_marker_dag.py
[2024-11-24T08:47:41.659+0000] {processor.py:914} INFO - Processing file /home/airflow/.local/lib/python3.12/site-packages/airflow/example_dags/example_external_task_marker_dag.py for tasks to queue
[2024-11-24T08:47:41.663+0000] {logging_mixin.py:190} INFO - [2024-11-24T08:47:41.663+0000] {dagbag.py:588} INFO - Filling up the DagBag from /home/airflow/.local/lib/python3.12/site-packages/airflow/example_dags/example_external_task_marker_dag.py
[2024-11-24T08:47:41.676+0000] {processor.py:925} INFO - DAG(s) 'example_external_task_marker_child', 'example_external_task_marker_parent' retrieved from /home/airflow/.local/lib/python3.12/site-packages/airflow/example_dags/example_external_task_marker_dag.py
[2024-11-24T08:47:41.711+0000] {logging_mixin.py:190} INFO - [2024-11-24T08:47:41.710+0000] {dag.py:3239} INFO - Sync 2 DAGs
[2024-11-24T08:47:41.729+0000] {logging_mixin.py:190} INFO - [2024-11-24T08:47:41.728+0000] {dag.py:4180} INFO - Setting next_dagrun for example_external_task_marker_child to None, run_after=None
[2024-11-24T08:47:41.734+0000] {logging_mixin.py:190} INFO - [2024-11-24T08:47:41.734+0000] {dag.py:4180} INFO - Setting next_dagrun for example_external_task_marker_parent to None, run_after=None
[2024-11-24T08:47:41.760+0000] {processor.py:208} INFO - Processing /home/airflow/.local/lib/python3.12/site-packages/airflow/example_dags/example_external_task_marker_dag.py took 0.110 seconds
[2024-11-24T08:48:12.863+0000] {processor.py:186} INFO - Started process (PID=3228) to work on /home/airflow/.local/lib/python3.12/site-packages/airflow/example_dags/example_external_task_marker_dag.py
[2024-11-24T08:48:12.866+0000] {processor.py:914} INFO - Processing file /home/airflow/.local/lib/python3.12/site-packages/airflow/example_dags/example_external_task_marker_dag.py for tasks to queue
[2024-11-24T08:48:12.870+0000] {logging_mixin.py:190} INFO - [2024-11-24T08:48:12.870+0000] {dagbag.py:588} INFO - Filling up the DagBag from /home/airflow/.local/lib/python3.12/site-packages/airflow/example_dags/example_external_task_marker_dag.py
[2024-11-24T08:48:12.887+0000] {processor.py:925} INFO - DAG(s) 'example_external_task_marker_parent', 'example_external_task_marker_child' retrieved from /home/airflow/.local/lib/python3.12/site-packages/airflow/example_dags/example_external_task_marker_dag.py
[2024-11-24T08:48:12.925+0000] {logging_mixin.py:190} INFO - [2024-11-24T08:48:12.925+0000] {dag.py:3239} INFO - Sync 2 DAGs
[2024-11-24T08:48:12.949+0000] {logging_mixin.py:190} INFO - [2024-11-24T08:48:12.949+0000] {dag.py:4180} INFO - Setting next_dagrun for example_external_task_marker_child to None, run_after=None
[2024-11-24T08:48:12.956+0000] {logging_mixin.py:190} INFO - [2024-11-24T08:48:12.956+0000] {dag.py:4180} INFO - Setting next_dagrun for example_external_task_marker_parent to None, run_after=None
[2024-11-24T08:48:12.981+0000] {processor.py:208} INFO - Processing /home/airflow/.local/lib/python3.12/site-packages/airflow/example_dags/example_external_task_marker_dag.py took 0.129 seconds
[2024-11-24T08:48:44.613+0000] {processor.py:186} INFO - Started process (PID=3519) to work on /home/airflow/.local/lib/python3.12/site-packages/airflow/example_dags/example_external_task_marker_dag.py
[2024-11-24T08:48:44.615+0000] {processor.py:914} INFO - Processing file /home/airflow/.local/lib/python3.12/site-packages/airflow/example_dags/example_external_task_marker_dag.py for tasks to queue
[2024-11-24T08:48:44.619+0000] {logging_mixin.py:190} INFO - [2024-11-24T08:48:44.618+0000] {dagbag.py:588} INFO - Filling up the DagBag from /home/airflow/.local/lib/python3.12/site-packages/airflow/example_dags/example_external_task_marker_dag.py
[2024-11-24T08:48:44.635+0000] {processor.py:925} INFO - DAG(s) 'example_external_task_marker_child', 'example_external_task_marker_parent' retrieved from /home/airflow/.local/lib/python3.12/site-packages/airflow/example_dags/example_external_task_marker_dag.py
[2024-11-24T08:48:44.670+0000] {logging_mixin.py:190} INFO - [2024-11-24T08:48:44.670+0000] {dag.py:3239} INFO - Sync 2 DAGs
[2024-11-24T08:48:44.694+0000] {logging_mixin.py:190} INFO - [2024-11-24T08:48:44.694+0000] {dag.py:4180} INFO - Setting next_dagrun for example_external_task_marker_child to None, run_after=None
[2024-11-24T08:48:44.700+0000] {logging_mixin.py:190} INFO - [2024-11-24T08:48:44.700+0000] {dag.py:4180} INFO - Setting next_dagrun for example_external_task_marker_parent to None, run_after=None
[2024-11-24T08:48:44.730+0000] {processor.py:208} INFO - Processing /home/airflow/.local/lib/python3.12/site-packages/airflow/example_dags/example_external_task_marker_dag.py took 0.128 seconds
[2024-11-24T08:49:15.989+0000] {processor.py:186} INFO - Started process (PID=3810) to work on /home/airflow/.local/lib/python3.12/site-packages/airflow/example_dags/example_external_task_marker_dag.py
[2024-11-24T08:49:15.990+0000] {processor.py:914} INFO - Processing file /home/airflow/.local/lib/python3.12/site-packages/airflow/example_dags/example_external_task_marker_dag.py for tasks to queue
[2024-11-24T08:49:15.994+0000] {logging_mixin.py:190} INFO - [2024-11-24T08:49:15.993+0000] {dagbag.py:588} INFO - Filling up the DagBag from /home/airflow/.local/lib/python3.12/site-packages/airflow/example_dags/example_external_task_marker_dag.py
[2024-11-24T08:49:16.007+0000] {processor.py:925} INFO - DAG(s) 'example_external_task_marker_parent', 'example_external_task_marker_child' retrieved from /home/airflow/.local/lib/python3.12/site-packages/airflow/example_dags/example_external_task_marker_dag.py
[2024-11-24T08:49:16.049+0000] {logging_mixin.py:190} INFO - [2024-11-24T08:49:16.049+0000] {dag.py:3239} INFO - Sync 2 DAGs
[2024-11-24T08:49:16.075+0000] {logging_mixin.py:190} INFO - [2024-11-24T08:49:16.075+0000] {dag.py:4180} INFO - Setting next_dagrun for example_external_task_marker_child to None, run_after=None
[2024-11-24T08:49:16.082+0000] {logging_mixin.py:190} INFO - [2024-11-24T08:49:16.082+0000] {dag.py:4180} INFO - Setting next_dagrun for example_external_task_marker_parent to None, run_after=None
[2024-11-24T08:49:16.110+0000] {processor.py:208} INFO - Processing /home/airflow/.local/lib/python3.12/site-packages/airflow/example_dags/example_external_task_marker_dag.py took 0.130 seconds
[2024-11-24T08:49:47.671+0000] {processor.py:186} INFO - Started process (PID=4100) to work on /home/airflow/.local/lib/python3.12/site-packages/airflow/example_dags/example_external_task_marker_dag.py
[2024-11-24T08:49:47.673+0000] {processor.py:914} INFO - Processing file /home/airflow/.local/lib/python3.12/site-packages/airflow/example_dags/example_external_task_marker_dag.py for tasks to queue
[2024-11-24T08:49:47.678+0000] {logging_mixin.py:190} INFO - [2024-11-24T08:49:47.678+0000] {dagbag.py:588} INFO - Filling up the DagBag from /home/airflow/.local/lib/python3.12/site-packages/airflow/example_dags/example_external_task_marker_dag.py
[2024-11-24T08:49:47.697+0000] {processor.py:925} INFO - DAG(s) 'example_external_task_marker_parent', 'example_external_task_marker_child' retrieved from /home/airflow/.local/lib/python3.12/site-packages/airflow/example_dags/example_external_task_marker_dag.py
[2024-11-24T08:49:47.750+0000] {logging_mixin.py:190} INFO - [2024-11-24T08:49:47.750+0000] {dag.py:3239} INFO - Sync 2 DAGs
[2024-11-24T08:49:47.775+0000] {logging_mixin.py:190} INFO - [2024-11-24T08:49:47.775+0000] {dag.py:4180} INFO - Setting next_dagrun for example_external_task_marker_child to None, run_after=None
[2024-11-24T08:49:47.781+0000] {logging_mixin.py:190} INFO - [2024-11-24T08:49:47.781+0000] {dag.py:4180} INFO - Setting next_dagrun for example_external_task_marker_parent to None, run_after=None
[2024-11-24T08:49:47.812+0000] {processor.py:208} INFO - Processing /home/airflow/.local/lib/python3.12/site-packages/airflow/example_dags/example_external_task_marker_dag.py took 0.152 seconds
[2024-11-24T08:50:21.910+0000] {processor.py:186} INFO - Started process (PID=4392) to work on /home/airflow/.local/lib/python3.12/site-packages/airflow/example_dags/example_external_task_marker_dag.py
[2024-11-24T08:50:21.912+0000] {processor.py:914} INFO - Processing file /home/airflow/.local/lib/python3.12/site-packages/airflow/example_dags/example_external_task_marker_dag.py for tasks to queue
[2024-11-24T08:50:21.916+0000] {logging_mixin.py:190} INFO - [2024-11-24T08:50:21.915+0000] {dagbag.py:588} INFO - Filling up the DagBag from /home/airflow/.local/lib/python3.12/site-packages/airflow/example_dags/example_external_task_marker_dag.py
[2024-11-24T08:50:21.931+0000] {processor.py:925} INFO - DAG(s) 'example_external_task_marker_parent', 'example_external_task_marker_child' retrieved from /home/airflow/.local/lib/python3.12/site-packages/airflow/example_dags/example_external_task_marker_dag.py
[2024-11-24T08:50:21.988+0000] {logging_mixin.py:190} INFO - [2024-11-24T08:50:21.987+0000] {dag.py:3239} INFO - Sync 2 DAGs
[2024-11-24T08:50:22.022+0000] {logging_mixin.py:190} INFO - [2024-11-24T08:50:22.022+0000] {dag.py:4180} INFO - Setting next_dagrun for example_external_task_marker_child to None, run_after=None
[2024-11-24T08:50:22.031+0000] {logging_mixin.py:190} INFO - [2024-11-24T08:50:22.031+0000] {dag.py:4180} INFO - Setting next_dagrun for example_external_task_marker_parent to None, run_after=None
[2024-11-24T08:50:22.070+0000] {processor.py:208} INFO - Processing /home/airflow/.local/lib/python3.12/site-packages/airflow/example_dags/example_external_task_marker_dag.py took 0.171 seconds
[2024-11-24T08:50:56.432+0000] {processor.py:186} INFO - Started process (PID=4689) to work on /home/airflow/.local/lib/python3.12/site-packages/airflow/example_dags/example_external_task_marker_dag.py
[2024-11-24T08:50:56.436+0000] {processor.py:914} INFO - Processing file /home/airflow/.local/lib/python3.12/site-packages/airflow/example_dags/example_external_task_marker_dag.py for tasks to queue
[2024-11-24T08:50:56.441+0000] {logging_mixin.py:190} INFO - [2024-11-24T08:50:56.441+0000] {dagbag.py:588} INFO - Filling up the DagBag from /home/airflow/.local/lib/python3.12/site-packages/airflow/example_dags/example_external_task_marker_dag.py
[2024-11-24T08:50:56.463+0000] {processor.py:925} INFO - DAG(s) 'example_external_task_marker_parent', 'example_external_task_marker_child' retrieved from /home/airflow/.local/lib/python3.12/site-packages/airflow/example_dags/example_external_task_marker_dag.py
[2024-11-24T08:50:56.517+0000] {logging_mixin.py:190} INFO - [2024-11-24T08:50:56.516+0000] {dag.py:3239} INFO - Sync 2 DAGs
[2024-11-24T08:50:56.555+0000] {logging_mixin.py:190} INFO - [2024-11-24T08:50:56.554+0000] {dag.py:4180} INFO - Setting next_dagrun for example_external_task_marker_child to None, run_after=None
[2024-11-24T08:50:56.565+0000] {logging_mixin.py:190} INFO - [2024-11-24T08:50:56.565+0000] {dag.py:4180} INFO - Setting next_dagrun for example_external_task_marker_parent to None, run_after=None
[2024-11-24T08:50:56.616+0000] {processor.py:208} INFO - Processing /home/airflow/.local/lib/python3.12/site-packages/airflow/example_dags/example_external_task_marker_dag.py took 0.198 seconds
[2024-11-24T08:51:27.678+0000] {processor.py:186} INFO - Started process (PID=4979) to work on /home/airflow/.local/lib/python3.12/site-packages/airflow/example_dags/example_external_task_marker_dag.py
[2024-11-24T08:51:27.680+0000] {processor.py:914} INFO - Processing file /home/airflow/.local/lib/python3.12/site-packages/airflow/example_dags/example_external_task_marker_dag.py for tasks to queue
[2024-11-24T08:51:27.687+0000] {logging_mixin.py:190} INFO - [2024-11-24T08:51:27.687+0000] {dagbag.py:588} INFO - Filling up the DagBag from /home/airflow/.local/lib/python3.12/site-packages/airflow/example_dags/example_external_task_marker_dag.py
[2024-11-24T08:51:27.703+0000] {processor.py:925} INFO - DAG(s) 'example_external_task_marker_parent', 'example_external_task_marker_child' retrieved from /home/airflow/.local/lib/python3.12/site-packages/airflow/example_dags/example_external_task_marker_dag.py
[2024-11-24T08:51:27.739+0000] {logging_mixin.py:190} INFO - [2024-11-24T08:51:27.739+0000] {dag.py:3239} INFO - Sync 2 DAGs
[2024-11-24T08:51:27.762+0000] {logging_mixin.py:190} INFO - [2024-11-24T08:51:27.762+0000] {dag.py:4180} INFO - Setting next_dagrun for example_external_task_marker_child to None, run_after=None
[2024-11-24T08:51:27.769+0000] {logging_mixin.py:190} INFO - [2024-11-24T08:51:27.769+0000] {dag.py:4180} INFO - Setting next_dagrun for example_external_task_marker_parent to None, run_after=None
[2024-11-24T08:51:27.798+0000] {processor.py:208} INFO - Processing /home/airflow/.local/lib/python3.12/site-packages/airflow/example_dags/example_external_task_marker_dag.py took 0.129 seconds
[2024-11-24T08:51:58.084+0000] {processor.py:186} INFO - Started process (PID=5270) to work on /home/airflow/.local/lib/python3.12/site-packages/airflow/example_dags/example_external_task_marker_dag.py
[2024-11-24T08:51:58.085+0000] {processor.py:914} INFO - Processing file /home/airflow/.local/lib/python3.12/site-packages/airflow/example_dags/example_external_task_marker_dag.py for tasks to queue
[2024-11-24T08:51:58.088+0000] {logging_mixin.py:190} INFO - [2024-11-24T08:51:58.088+0000] {dagbag.py:588} INFO - Filling up the DagBag from /home/airflow/.local/lib/python3.12/site-packages/airflow/example_dags/example_external_task_marker_dag.py
[2024-11-24T08:51:58.099+0000] {processor.py:925} INFO - DAG(s) 'example_external_task_marker_child', 'example_external_task_marker_parent' retrieved from /home/airflow/.local/lib/python3.12/site-packages/airflow/example_dags/example_external_task_marker_dag.py
[2024-11-24T08:51:58.125+0000] {logging_mixin.py:190} INFO - [2024-11-24T08:51:58.124+0000] {dag.py:3239} INFO - Sync 2 DAGs
[2024-11-24T08:51:58.138+0000] {logging_mixin.py:190} INFO - [2024-11-24T08:51:58.138+0000] {dag.py:4180} INFO - Setting next_dagrun for example_external_task_marker_child to None, run_after=None
[2024-11-24T08:51:58.142+0000] {logging_mixin.py:190} INFO - [2024-11-24T08:51:58.142+0000] {dag.py:4180} INFO - Setting next_dagrun for example_external_task_marker_parent to None, run_after=None
[2024-11-24T08:51:58.162+0000] {processor.py:208} INFO - Processing /home/airflow/.local/lib/python3.12/site-packages/airflow/example_dags/example_external_task_marker_dag.py took 0.084 seconds
[2024-11-24T08:52:28.531+0000] {processor.py:186} INFO - Started process (PID=5556) to work on /home/airflow/.local/lib/python3.12/site-packages/airflow/example_dags/example_external_task_marker_dag.py
[2024-11-24T08:52:28.533+0000] {processor.py:914} INFO - Processing file /home/airflow/.local/lib/python3.12/site-packages/airflow/example_dags/example_external_task_marker_dag.py for tasks to queue
[2024-11-24T08:52:28.538+0000] {logging_mixin.py:190} INFO - [2024-11-24T08:52:28.537+0000] {dagbag.py:588} INFO - Filling up the DagBag from /home/airflow/.local/lib/python3.12/site-packages/airflow/example_dags/example_external_task_marker_dag.py
[2024-11-24T08:52:28.550+0000] {processor.py:925} INFO - DAG(s) 'example_external_task_marker_child', 'example_external_task_marker_parent' retrieved from /home/airflow/.local/lib/python3.12/site-packages/airflow/example_dags/example_external_task_marker_dag.py
[2024-11-24T08:52:28.586+0000] {logging_mixin.py:190} INFO - [2024-11-24T08:52:28.586+0000] {dag.py:3239} INFO - Sync 2 DAGs
[2024-11-24T08:52:28.619+0000] {logging_mixin.py:190} INFO - [2024-11-24T08:52:28.618+0000] {dag.py:4180} INFO - Setting next_dagrun for example_external_task_marker_child to None, run_after=None
[2024-11-24T08:52:28.628+0000] {logging_mixin.py:190} INFO - [2024-11-24T08:52:28.628+0000] {dag.py:4180} INFO - Setting next_dagrun for example_external_task_marker_parent to None, run_after=None
[2024-11-24T08:52:28.655+0000] {processor.py:208} INFO - Processing /home/airflow/.local/lib/python3.12/site-packages/airflow/example_dags/example_external_task_marker_dag.py took 0.135 seconds
[2024-11-24T08:53:40.604+0000] {processor.py:186} INFO - Started process (PID=323) to work on /home/airflow/.local/lib/python3.12/site-packages/airflow/example_dags/example_external_task_marker_dag.py
[2024-11-24T08:53:40.607+0000] {processor.py:914} INFO - Processing file /home/airflow/.local/lib/python3.12/site-packages/airflow/example_dags/example_external_task_marker_dag.py for tasks to queue
[2024-11-24T08:53:40.612+0000] {logging_mixin.py:190} INFO - [2024-11-24T08:53:40.612+0000] {dagbag.py:588} INFO - Filling up the DagBag from /home/airflow/.local/lib/python3.12/site-packages/airflow/example_dags/example_external_task_marker_dag.py
[2024-11-24T08:53:40.632+0000] {processor.py:925} INFO - DAG(s) 'example_external_task_marker_child', 'example_external_task_marker_parent' retrieved from /home/airflow/.local/lib/python3.12/site-packages/airflow/example_dags/example_external_task_marker_dag.py
[2024-11-24T08:53:40.683+0000] {logging_mixin.py:190} INFO - [2024-11-24T08:53:40.683+0000] {dag.py:3239} INFO - Sync 2 DAGs
[2024-11-24T08:53:40.715+0000] {logging_mixin.py:190} INFO - [2024-11-24T08:53:40.715+0000] {dag.py:4180} INFO - Setting next_dagrun for example_external_task_marker_child to None, run_after=None
[2024-11-24T08:53:40.723+0000] {logging_mixin.py:190} INFO - [2024-11-24T08:53:40.723+0000] {dag.py:4180} INFO - Setting next_dagrun for example_external_task_marker_parent to None, run_after=None
[2024-11-24T08:53:40.760+0000] {processor.py:208} INFO - Processing /home/airflow/.local/lib/python3.12/site-packages/airflow/example_dags/example_external_task_marker_dag.py took 0.169 seconds
[2024-11-24T08:54:27.128+0000] {processor.py:186} INFO - Started process (PID=619) to work on /home/airflow/.local/lib/python3.12/site-packages/airflow/example_dags/example_external_task_marker_dag.py
[2024-11-24T08:54:27.130+0000] {processor.py:914} INFO - Processing file /home/airflow/.local/lib/python3.12/site-packages/airflow/example_dags/example_external_task_marker_dag.py for tasks to queue
[2024-11-24T08:54:27.135+0000] {logging_mixin.py:190} INFO - [2024-11-24T08:54:27.134+0000] {dagbag.py:588} INFO - Filling up the DagBag from /home/airflow/.local/lib/python3.12/site-packages/airflow/example_dags/example_external_task_marker_dag.py
[2024-11-24T08:54:27.151+0000] {processor.py:925} INFO - DAG(s) 'example_external_task_marker_parent', 'example_external_task_marker_child' retrieved from /home/airflow/.local/lib/python3.12/site-packages/airflow/example_dags/example_external_task_marker_dag.py
[2024-11-24T08:54:27.192+0000] {logging_mixin.py:190} INFO - [2024-11-24T08:54:27.192+0000] {dag.py:3239} INFO - Sync 2 DAGs
[2024-11-24T08:54:27.220+0000] {logging_mixin.py:190} INFO - [2024-11-24T08:54:27.219+0000] {dag.py:4180} INFO - Setting next_dagrun for example_external_task_marker_child to None, run_after=None
[2024-11-24T08:54:27.228+0000] {logging_mixin.py:190} INFO - [2024-11-24T08:54:27.227+0000] {dag.py:4180} INFO - Setting next_dagrun for example_external_task_marker_parent to None, run_after=None
[2024-11-24T08:54:27.260+0000] {processor.py:208} INFO - Processing /home/airflow/.local/lib/python3.12/site-packages/airflow/example_dags/example_external_task_marker_dag.py took 0.143 seconds
[2024-11-24T08:55:01.740+0000] {processor.py:186} INFO - Started process (PID=910) to work on /home/airflow/.local/lib/python3.12/site-packages/airflow/example_dags/example_external_task_marker_dag.py
[2024-11-24T08:55:01.742+0000] {processor.py:914} INFO - Processing file /home/airflow/.local/lib/python3.12/site-packages/airflow/example_dags/example_external_task_marker_dag.py for tasks to queue
[2024-11-24T08:55:01.746+0000] {logging_mixin.py:190} INFO - [2024-11-24T08:55:01.745+0000] {dagbag.py:588} INFO - Filling up the DagBag from /home/airflow/.local/lib/python3.12/site-packages/airflow/example_dags/example_external_task_marker_dag.py
[2024-11-24T08:55:01.760+0000] {processor.py:925} INFO - DAG(s) 'example_external_task_marker_child', 'example_external_task_marker_parent' retrieved from /home/airflow/.local/lib/python3.12/site-packages/airflow/example_dags/example_external_task_marker_dag.py
[2024-11-24T08:55:01.798+0000] {logging_mixin.py:190} INFO - [2024-11-24T08:55:01.798+0000] {dag.py:3239} INFO - Sync 2 DAGs
[2024-11-24T08:55:01.825+0000] {logging_mixin.py:190} INFO - [2024-11-24T08:55:01.825+0000] {dag.py:4180} INFO - Setting next_dagrun for example_external_task_marker_child to None, run_after=None
[2024-11-24T08:55:01.835+0000] {logging_mixin.py:190} INFO - [2024-11-24T08:55:01.834+0000] {dag.py:4180} INFO - Setting next_dagrun for example_external_task_marker_parent to None, run_after=None
[2024-11-24T08:55:01.872+0000] {processor.py:208} INFO - Processing /home/airflow/.local/lib/python3.12/site-packages/airflow/example_dags/example_external_task_marker_dag.py took 0.144 seconds
[2024-11-24T08:55:52.413+0000] {processor.py:186} INFO - Started process (PID=1208) to work on /home/airflow/.local/lib/python3.12/site-packages/airflow/example_dags/example_external_task_marker_dag.py
[2024-11-24T08:55:52.416+0000] {processor.py:914} INFO - Processing file /home/airflow/.local/lib/python3.12/site-packages/airflow/example_dags/example_external_task_marker_dag.py for tasks to queue
[2024-11-24T08:55:52.420+0000] {logging_mixin.py:190} INFO - [2024-11-24T08:55:52.419+0000] {dagbag.py:588} INFO - Filling up the DagBag from /home/airflow/.local/lib/python3.12/site-packages/airflow/example_dags/example_external_task_marker_dag.py
[2024-11-24T08:55:52.436+0000] {processor.py:925} INFO - DAG(s) 'example_external_task_marker_child', 'example_external_task_marker_parent' retrieved from /home/airflow/.local/lib/python3.12/site-packages/airflow/example_dags/example_external_task_marker_dag.py
[2024-11-24T08:55:52.479+0000] {logging_mixin.py:190} INFO - [2024-11-24T08:55:52.478+0000] {dag.py:3239} INFO - Sync 2 DAGs
[2024-11-24T08:55:52.507+0000] {logging_mixin.py:190} INFO - [2024-11-24T08:55:52.506+0000] {dag.py:4180} INFO - Setting next_dagrun for example_external_task_marker_child to None, run_after=None
[2024-11-24T08:55:52.514+0000] {logging_mixin.py:190} INFO - [2024-11-24T08:55:52.514+0000] {dag.py:4180} INFO - Setting next_dagrun for example_external_task_marker_parent to None, run_after=None
[2024-11-24T08:55:52.543+0000] {processor.py:208} INFO - Processing /home/airflow/.local/lib/python3.12/site-packages/airflow/example_dags/example_external_task_marker_dag.py took 0.140 seconds
[2024-11-24T08:56:24.616+0000] {processor.py:186} INFO - Started process (PID=1500) to work on /home/airflow/.local/lib/python3.12/site-packages/airflow/example_dags/example_external_task_marker_dag.py
[2024-11-24T08:56:24.619+0000] {processor.py:914} INFO - Processing file /home/airflow/.local/lib/python3.12/site-packages/airflow/example_dags/example_external_task_marker_dag.py for tasks to queue
[2024-11-24T08:56:24.624+0000] {logging_mixin.py:190} INFO - [2024-11-24T08:56:24.623+0000] {dagbag.py:588} INFO - Filling up the DagBag from /home/airflow/.local/lib/python3.12/site-packages/airflow/example_dags/example_external_task_marker_dag.py
[2024-11-24T08:56:24.642+0000] {processor.py:925} INFO - DAG(s) 'example_external_task_marker_child', 'example_external_task_marker_parent' retrieved from /home/airflow/.local/lib/python3.12/site-packages/airflow/example_dags/example_external_task_marker_dag.py
[2024-11-24T08:56:24.694+0000] {logging_mixin.py:190} INFO - [2024-11-24T08:56:24.694+0000] {dag.py:3239} INFO - Sync 2 DAGs
[2024-11-24T08:56:24.735+0000] {logging_mixin.py:190} INFO - [2024-11-24T08:56:24.735+0000] {dag.py:4180} INFO - Setting next_dagrun for example_external_task_marker_child to None, run_after=None
[2024-11-24T08:56:24.748+0000] {logging_mixin.py:190} INFO - [2024-11-24T08:56:24.747+0000] {dag.py:4180} INFO - Setting next_dagrun for example_external_task_marker_parent to None, run_after=None
[2024-11-24T08:56:24.795+0000] {processor.py:208} INFO - Processing /home/airflow/.local/lib/python3.12/site-packages/airflow/example_dags/example_external_task_marker_dag.py took 0.193 seconds
[2024-11-24T08:56:55.527+0000] {processor.py:186} INFO - Started process (PID=1793) to work on /home/airflow/.local/lib/python3.12/site-packages/airflow/example_dags/example_external_task_marker_dag.py
[2024-11-24T08:56:55.529+0000] {processor.py:914} INFO - Processing file /home/airflow/.local/lib/python3.12/site-packages/airflow/example_dags/example_external_task_marker_dag.py for tasks to queue
[2024-11-24T08:56:55.532+0000] {logging_mixin.py:190} INFO - [2024-11-24T08:56:55.531+0000] {dagbag.py:588} INFO - Filling up the DagBag from /home/airflow/.local/lib/python3.12/site-packages/airflow/example_dags/example_external_task_marker_dag.py
[2024-11-24T08:56:55.540+0000] {processor.py:925} INFO - DAG(s) 'example_external_task_marker_child', 'example_external_task_marker_parent' retrieved from /home/airflow/.local/lib/python3.12/site-packages/airflow/example_dags/example_external_task_marker_dag.py
[2024-11-24T08:56:55.567+0000] {logging_mixin.py:190} INFO - [2024-11-24T08:56:55.567+0000] {dag.py:3239} INFO - Sync 2 DAGs
[2024-11-24T08:56:55.583+0000] {logging_mixin.py:190} INFO - [2024-11-24T08:56:55.583+0000] {dag.py:4180} INFO - Setting next_dagrun for example_external_task_marker_child to None, run_after=None
[2024-11-24T08:56:55.587+0000] {logging_mixin.py:190} INFO - [2024-11-24T08:56:55.587+0000] {dag.py:4180} INFO - Setting next_dagrun for example_external_task_marker_parent to None, run_after=None
[2024-11-24T08:56:55.607+0000] {processor.py:208} INFO - Processing /home/airflow/.local/lib/python3.12/site-packages/airflow/example_dags/example_external_task_marker_dag.py took 0.086 seconds
[2024-11-24T08:57:27.438+0000] {processor.py:186} INFO - Started process (PID=2082) to work on /home/airflow/.local/lib/python3.12/site-packages/airflow/example_dags/example_external_task_marker_dag.py
[2024-11-24T08:57:27.440+0000] {processor.py:914} INFO - Processing file /home/airflow/.local/lib/python3.12/site-packages/airflow/example_dags/example_external_task_marker_dag.py for tasks to queue
[2024-11-24T08:57:27.444+0000] {logging_mixin.py:190} INFO - [2024-11-24T08:57:27.443+0000] {dagbag.py:588} INFO - Filling up the DagBag from /home/airflow/.local/lib/python3.12/site-packages/airflow/example_dags/example_external_task_marker_dag.py
[2024-11-24T08:57:27.457+0000] {processor.py:925} INFO - DAG(s) 'example_external_task_marker_parent', 'example_external_task_marker_child' retrieved from /home/airflow/.local/lib/python3.12/site-packages/airflow/example_dags/example_external_task_marker_dag.py
[2024-11-24T08:57:27.499+0000] {logging_mixin.py:190} INFO - [2024-11-24T08:57:27.498+0000] {dag.py:3239} INFO - Sync 2 DAGs
[2024-11-24T08:57:27.525+0000] {logging_mixin.py:190} INFO - [2024-11-24T08:57:27.524+0000] {dag.py:4180} INFO - Setting next_dagrun for example_external_task_marker_child to None, run_after=None
[2024-11-24T08:57:27.532+0000] {logging_mixin.py:190} INFO - [2024-11-24T08:57:27.531+0000] {dag.py:4180} INFO - Setting next_dagrun for example_external_task_marker_parent to None, run_after=None
[2024-11-24T08:57:27.559+0000] {processor.py:208} INFO - Processing /home/airflow/.local/lib/python3.12/site-packages/airflow/example_dags/example_external_task_marker_dag.py took 0.131 seconds
[2024-11-24T08:57:58.359+0000] {processor.py:186} INFO - Started process (PID=2375) to work on /home/airflow/.local/lib/python3.12/site-packages/airflow/example_dags/example_external_task_marker_dag.py
[2024-11-24T08:57:58.360+0000] {processor.py:914} INFO - Processing file /home/airflow/.local/lib/python3.12/site-packages/airflow/example_dags/example_external_task_marker_dag.py for tasks to queue
[2024-11-24T08:57:58.363+0000] {logging_mixin.py:190} INFO - [2024-11-24T08:57:58.362+0000] {dagbag.py:588} INFO - Filling up the DagBag from /home/airflow/.local/lib/python3.12/site-packages/airflow/example_dags/example_external_task_marker_dag.py
[2024-11-24T08:57:58.371+0000] {processor.py:925} INFO - DAG(s) 'example_external_task_marker_parent', 'example_external_task_marker_child' retrieved from /home/airflow/.local/lib/python3.12/site-packages/airflow/example_dags/example_external_task_marker_dag.py
[2024-11-24T08:57:58.399+0000] {logging_mixin.py:190} INFO - [2024-11-24T08:57:58.399+0000] {dag.py:3239} INFO - Sync 2 DAGs
[2024-11-24T08:57:58.417+0000] {logging_mixin.py:190} INFO - [2024-11-24T08:57:58.417+0000] {dag.py:4180} INFO - Setting next_dagrun for example_external_task_marker_child to None, run_after=None
[2024-11-24T08:57:58.421+0000] {logging_mixin.py:190} INFO - [2024-11-24T08:57:58.421+0000] {dag.py:4180} INFO - Setting next_dagrun for example_external_task_marker_parent to None, run_after=None
[2024-11-24T08:57:58.445+0000] {processor.py:208} INFO - Processing /home/airflow/.local/lib/python3.12/site-packages/airflow/example_dags/example_external_task_marker_dag.py took 0.091 seconds
[2024-11-24T08:58:29.718+0000] {processor.py:186} INFO - Started process (PID=2664) to work on /home/airflow/.local/lib/python3.12/site-packages/airflow/example_dags/example_external_task_marker_dag.py
[2024-11-24T08:58:29.720+0000] {processor.py:914} INFO - Processing file /home/airflow/.local/lib/python3.12/site-packages/airflow/example_dags/example_external_task_marker_dag.py for tasks to queue
[2024-11-24T08:58:29.724+0000] {logging_mixin.py:190} INFO - [2024-11-24T08:58:29.724+0000] {dagbag.py:588} INFO - Filling up the DagBag from /home/airflow/.local/lib/python3.12/site-packages/airflow/example_dags/example_external_task_marker_dag.py
[2024-11-24T08:58:29.739+0000] {processor.py:925} INFO - DAG(s) 'example_external_task_marker_parent', 'example_external_task_marker_child' retrieved from /home/airflow/.local/lib/python3.12/site-packages/airflow/example_dags/example_external_task_marker_dag.py
[2024-11-24T08:58:29.777+0000] {logging_mixin.py:190} INFO - [2024-11-24T08:58:29.777+0000] {dag.py:3239} INFO - Sync 2 DAGs
[2024-11-24T08:58:29.802+0000] {logging_mixin.py:190} INFO - [2024-11-24T08:58:29.802+0000] {dag.py:4180} INFO - Setting next_dagrun for example_external_task_marker_child to None, run_after=None
[2024-11-24T08:58:29.810+0000] {logging_mixin.py:190} INFO - [2024-11-24T08:58:29.809+0000] {dag.py:4180} INFO - Setting next_dagrun for example_external_task_marker_parent to None, run_after=None
[2024-11-24T08:58:29.837+0000] {processor.py:208} INFO - Processing /home/airflow/.local/lib/python3.12/site-packages/airflow/example_dags/example_external_task_marker_dag.py took 0.130 seconds
[2024-11-24T08:59:00.825+0000] {processor.py:186} INFO - Started process (PID=2955) to work on /home/airflow/.local/lib/python3.12/site-packages/airflow/example_dags/example_external_task_marker_dag.py
[2024-11-24T08:59:00.827+0000] {processor.py:914} INFO - Processing file /home/airflow/.local/lib/python3.12/site-packages/airflow/example_dags/example_external_task_marker_dag.py for tasks to queue
[2024-11-24T08:59:00.831+0000] {logging_mixin.py:190} INFO - [2024-11-24T08:59:00.831+0000] {dagbag.py:588} INFO - Filling up the DagBag from /home/airflow/.local/lib/python3.12/site-packages/airflow/example_dags/example_external_task_marker_dag.py
[2024-11-24T08:59:00.846+0000] {processor.py:925} INFO - DAG(s) 'example_external_task_marker_parent', 'example_external_task_marker_child' retrieved from /home/airflow/.local/lib/python3.12/site-packages/airflow/example_dags/example_external_task_marker_dag.py
[2024-11-24T08:59:00.884+0000] {logging_mixin.py:190} INFO - [2024-11-24T08:59:00.884+0000] {dag.py:3239} INFO - Sync 2 DAGs
[2024-11-24T08:59:00.913+0000] {logging_mixin.py:190} INFO - [2024-11-24T08:59:00.912+0000] {dag.py:4180} INFO - Setting next_dagrun for example_external_task_marker_child to None, run_after=None
[2024-11-24T08:59:00.920+0000] {logging_mixin.py:190} INFO - [2024-11-24T08:59:00.920+0000] {dag.py:4180} INFO - Setting next_dagrun for example_external_task_marker_parent to None, run_after=None
[2024-11-24T08:59:00.948+0000] {processor.py:208} INFO - Processing /home/airflow/.local/lib/python3.12/site-packages/airflow/example_dags/example_external_task_marker_dag.py took 0.132 seconds
[2024-11-24T08:59:31.928+0000] {processor.py:186} INFO - Started process (PID=3246) to work on /home/airflow/.local/lib/python3.12/site-packages/airflow/example_dags/example_external_task_marker_dag.py
[2024-11-24T08:59:31.930+0000] {processor.py:914} INFO - Processing file /home/airflow/.local/lib/python3.12/site-packages/airflow/example_dags/example_external_task_marker_dag.py for tasks to queue
[2024-11-24T08:59:31.933+0000] {logging_mixin.py:190} INFO - [2024-11-24T08:59:31.932+0000] {dagbag.py:588} INFO - Filling up the DagBag from /home/airflow/.local/lib/python3.12/site-packages/airflow/example_dags/example_external_task_marker_dag.py
[2024-11-24T08:59:31.941+0000] {processor.py:925} INFO - DAG(s) 'example_external_task_marker_child', 'example_external_task_marker_parent' retrieved from /home/airflow/.local/lib/python3.12/site-packages/airflow/example_dags/example_external_task_marker_dag.py
[2024-11-24T08:59:31.971+0000] {logging_mixin.py:190} INFO - [2024-11-24T08:59:31.970+0000] {dag.py:3239} INFO - Sync 2 DAGs
[2024-11-24T08:59:31.991+0000] {logging_mixin.py:190} INFO - [2024-11-24T08:59:31.991+0000] {dag.py:4180} INFO - Setting next_dagrun for example_external_task_marker_child to None, run_after=None
[2024-11-24T08:59:31.997+0000] {logging_mixin.py:190} INFO - [2024-11-24T08:59:31.997+0000] {dag.py:4180} INFO - Setting next_dagrun for example_external_task_marker_parent to None, run_after=None
[2024-11-24T08:59:32.023+0000] {processor.py:208} INFO - Processing /home/airflow/.local/lib/python3.12/site-packages/airflow/example_dags/example_external_task_marker_dag.py took 0.102 seconds
[2024-11-24T09:00:03.794+0000] {processor.py:186} INFO - Started process (PID=3537) to work on /home/airflow/.local/lib/python3.12/site-packages/airflow/example_dags/example_external_task_marker_dag.py
[2024-11-24T09:00:03.797+0000] {processor.py:914} INFO - Processing file /home/airflow/.local/lib/python3.12/site-packages/airflow/example_dags/example_external_task_marker_dag.py for tasks to queue
[2024-11-24T09:00:03.802+0000] {logging_mixin.py:190} INFO - [2024-11-24T09:00:03.801+0000] {dagbag.py:588} INFO - Filling up the DagBag from /home/airflow/.local/lib/python3.12/site-packages/airflow/example_dags/example_external_task_marker_dag.py
[2024-11-24T09:00:03.817+0000] {processor.py:925} INFO - DAG(s) 'example_external_task_marker_child', 'example_external_task_marker_parent' retrieved from /home/airflow/.local/lib/python3.12/site-packages/airflow/example_dags/example_external_task_marker_dag.py
[2024-11-24T09:00:03.862+0000] {logging_mixin.py:190} INFO - [2024-11-24T09:00:03.861+0000] {dag.py:3239} INFO - Sync 2 DAGs
[2024-11-24T09:00:03.894+0000] {logging_mixin.py:190} INFO - [2024-11-24T09:00:03.893+0000] {dag.py:4180} INFO - Setting next_dagrun for example_external_task_marker_child to None, run_after=None
[2024-11-24T09:00:03.901+0000] {logging_mixin.py:190} INFO - [2024-11-24T09:00:03.901+0000] {dag.py:4180} INFO - Setting next_dagrun for example_external_task_marker_parent to None, run_after=None
[2024-11-24T09:00:03.932+0000] {processor.py:208} INFO - Processing /home/airflow/.local/lib/python3.12/site-packages/airflow/example_dags/example_external_task_marker_dag.py took 0.149 seconds
[2024-11-24T09:00:34.194+0000] {processor.py:186} INFO - Started process (PID=3828) to work on /home/airflow/.local/lib/python3.12/site-packages/airflow/example_dags/example_external_task_marker_dag.py
[2024-11-24T09:00:34.197+0000] {processor.py:914} INFO - Processing file /home/airflow/.local/lib/python3.12/site-packages/airflow/example_dags/example_external_task_marker_dag.py for tasks to queue
[2024-11-24T09:00:34.201+0000] {logging_mixin.py:190} INFO - [2024-11-24T09:00:34.200+0000] {dagbag.py:588} INFO - Filling up the DagBag from /home/airflow/.local/lib/python3.12/site-packages/airflow/example_dags/example_external_task_marker_dag.py
[2024-11-24T09:00:34.213+0000] {processor.py:925} INFO - DAG(s) 'example_external_task_marker_child', 'example_external_task_marker_parent' retrieved from /home/airflow/.local/lib/python3.12/site-packages/airflow/example_dags/example_external_task_marker_dag.py
[2024-11-24T09:00:34.250+0000] {logging_mixin.py:190} INFO - [2024-11-24T09:00:34.250+0000] {dag.py:3239} INFO - Sync 2 DAGs
[2024-11-24T09:00:34.274+0000] {logging_mixin.py:190} INFO - [2024-11-24T09:00:34.273+0000] {dag.py:4180} INFO - Setting next_dagrun for example_external_task_marker_child to None, run_after=None
[2024-11-24T09:00:34.282+0000] {logging_mixin.py:190} INFO - [2024-11-24T09:00:34.281+0000] {dag.py:4180} INFO - Setting next_dagrun for example_external_task_marker_parent to None, run_after=None
[2024-11-24T09:00:34.309+0000] {processor.py:208} INFO - Processing /home/airflow/.local/lib/python3.12/site-packages/airflow/example_dags/example_external_task_marker_dag.py took 0.124 seconds
[2024-11-24T09:01:06.386+0000] {processor.py:186} INFO - Started process (PID=4119) to work on /home/airflow/.local/lib/python3.12/site-packages/airflow/example_dags/example_external_task_marker_dag.py
[2024-11-24T09:01:06.389+0000] {processor.py:914} INFO - Processing file /home/airflow/.local/lib/python3.12/site-packages/airflow/example_dags/example_external_task_marker_dag.py for tasks to queue
[2024-11-24T09:01:06.396+0000] {logging_mixin.py:190} INFO - [2024-11-24T09:01:06.395+0000] {dagbag.py:588} INFO - Filling up the DagBag from /home/airflow/.local/lib/python3.12/site-packages/airflow/example_dags/example_external_task_marker_dag.py
[2024-11-24T09:01:06.413+0000] {processor.py:925} INFO - DAG(s) 'example_external_task_marker_child', 'example_external_task_marker_parent' retrieved from /home/airflow/.local/lib/python3.12/site-packages/airflow/example_dags/example_external_task_marker_dag.py
[2024-11-24T09:01:06.465+0000] {logging_mixin.py:190} INFO - [2024-11-24T09:01:06.464+0000] {dag.py:3239} INFO - Sync 2 DAGs
[2024-11-24T09:01:06.511+0000] {logging_mixin.py:190} INFO - [2024-11-24T09:01:06.511+0000] {dag.py:4180} INFO - Setting next_dagrun for example_external_task_marker_child to None, run_after=None
[2024-11-24T09:01:06.523+0000] {logging_mixin.py:190} INFO - [2024-11-24T09:01:06.522+0000] {dag.py:4180} INFO - Setting next_dagrun for example_external_task_marker_parent to None, run_after=None
[2024-11-24T09:01:06.574+0000] {processor.py:208} INFO - Processing /home/airflow/.local/lib/python3.12/site-packages/airflow/example_dags/example_external_task_marker_dag.py took 0.202 seconds
[2024-11-24T09:01:36.774+0000] {processor.py:186} INFO - Started process (PID=4407) to work on /home/airflow/.local/lib/python3.12/site-packages/airflow/example_dags/example_external_task_marker_dag.py
[2024-11-24T09:01:36.776+0000] {processor.py:914} INFO - Processing file /home/airflow/.local/lib/python3.12/site-packages/airflow/example_dags/example_external_task_marker_dag.py for tasks to queue
[2024-11-24T09:01:36.778+0000] {logging_mixin.py:190} INFO - [2024-11-24T09:01:36.778+0000] {dagbag.py:588} INFO - Filling up the DagBag from /home/airflow/.local/lib/python3.12/site-packages/airflow/example_dags/example_external_task_marker_dag.py
[2024-11-24T09:01:36.786+0000] {processor.py:925} INFO - DAG(s) 'example_external_task_marker_parent', 'example_external_task_marker_child' retrieved from /home/airflow/.local/lib/python3.12/site-packages/airflow/example_dags/example_external_task_marker_dag.py
[2024-11-24T09:01:36.811+0000] {logging_mixin.py:190} INFO - [2024-11-24T09:01:36.811+0000] {dag.py:3239} INFO - Sync 2 DAGs
[2024-11-24T09:01:36.825+0000] {logging_mixin.py:190} INFO - [2024-11-24T09:01:36.824+0000] {dag.py:4180} INFO - Setting next_dagrun for example_external_task_marker_child to None, run_after=None
[2024-11-24T09:01:36.829+0000] {logging_mixin.py:190} INFO - [2024-11-24T09:01:36.829+0000] {dag.py:4180} INFO - Setting next_dagrun for example_external_task_marker_parent to None, run_after=None
[2024-11-24T09:01:36.846+0000] {processor.py:208} INFO - Processing /home/airflow/.local/lib/python3.12/site-packages/airflow/example_dags/example_external_task_marker_dag.py took 0.076 seconds
[2024-11-24T09:02:07.662+0000] {processor.py:186} INFO - Started process (PID=4696) to work on /home/airflow/.local/lib/python3.12/site-packages/airflow/example_dags/example_external_task_marker_dag.py
[2024-11-24T09:02:07.663+0000] {processor.py:914} INFO - Processing file /home/airflow/.local/lib/python3.12/site-packages/airflow/example_dags/example_external_task_marker_dag.py for tasks to queue
[2024-11-24T09:02:07.666+0000] {logging_mixin.py:190} INFO - [2024-11-24T09:02:07.666+0000] {dagbag.py:588} INFO - Filling up the DagBag from /home/airflow/.local/lib/python3.12/site-packages/airflow/example_dags/example_external_task_marker_dag.py
[2024-11-24T09:02:07.676+0000] {processor.py:925} INFO - DAG(s) 'example_external_task_marker_child', 'example_external_task_marker_parent' retrieved from /home/airflow/.local/lib/python3.12/site-packages/airflow/example_dags/example_external_task_marker_dag.py
[2024-11-24T09:02:07.698+0000] {logging_mixin.py:190} INFO - [2024-11-24T09:02:07.698+0000] {dag.py:3239} INFO - Sync 2 DAGs
[2024-11-24T09:02:07.710+0000] {logging_mixin.py:190} INFO - [2024-11-24T09:02:07.710+0000] {dag.py:4180} INFO - Setting next_dagrun for example_external_task_marker_child to None, run_after=None
[2024-11-24T09:02:07.715+0000] {logging_mixin.py:190} INFO - [2024-11-24T09:02:07.714+0000] {dag.py:4180} INFO - Setting next_dagrun for example_external_task_marker_parent to None, run_after=None
[2024-11-24T09:02:07.730+0000] {processor.py:208} INFO - Processing /home/airflow/.local/lib/python3.12/site-packages/airflow/example_dags/example_external_task_marker_dag.py took 0.074 seconds
[2024-11-24T09:02:38.809+0000] {processor.py:186} INFO - Started process (PID=4987) to work on /home/airflow/.local/lib/python3.12/site-packages/airflow/example_dags/example_external_task_marker_dag.py
[2024-11-24T09:02:38.810+0000] {processor.py:914} INFO - Processing file /home/airflow/.local/lib/python3.12/site-packages/airflow/example_dags/example_external_task_marker_dag.py for tasks to queue
[2024-11-24T09:02:38.812+0000] {logging_mixin.py:190} INFO - [2024-11-24T09:02:38.812+0000] {dagbag.py:588} INFO - Filling up the DagBag from /home/airflow/.local/lib/python3.12/site-packages/airflow/example_dags/example_external_task_marker_dag.py
[2024-11-24T09:02:38.822+0000] {processor.py:925} INFO - DAG(s) 'example_external_task_marker_child', 'example_external_task_marker_parent' retrieved from /home/airflow/.local/lib/python3.12/site-packages/airflow/example_dags/example_external_task_marker_dag.py
[2024-11-24T09:02:38.849+0000] {logging_mixin.py:190} INFO - [2024-11-24T09:02:38.848+0000] {dag.py:3239} INFO - Sync 2 DAGs
[2024-11-24T09:02:38.865+0000] {logging_mixin.py:190} INFO - [2024-11-24T09:02:38.865+0000] {dag.py:4180} INFO - Setting next_dagrun for example_external_task_marker_child to None, run_after=None
[2024-11-24T09:02:38.870+0000] {logging_mixin.py:190} INFO - [2024-11-24T09:02:38.870+0000] {dag.py:4180} INFO - Setting next_dagrun for example_external_task_marker_parent to None, run_after=None
[2024-11-24T09:02:38.891+0000] {processor.py:208} INFO - Processing /home/airflow/.local/lib/python3.12/site-packages/airflow/example_dags/example_external_task_marker_dag.py took 0.088 seconds
[2024-11-24T09:03:16.594+0000] {processor.py:186} INFO - Started process (PID=5312) to work on /home/airflow/.local/lib/python3.12/site-packages/airflow/example_dags/example_external_task_marker_dag.py
[2024-11-24T09:03:16.596+0000] {processor.py:914} INFO - Processing file /home/airflow/.local/lib/python3.12/site-packages/airflow/example_dags/example_external_task_marker_dag.py for tasks to queue
[2024-11-24T09:03:16.602+0000] {logging_mixin.py:190} INFO - [2024-11-24T09:03:16.602+0000] {dagbag.py:588} INFO - Filling up the DagBag from /home/airflow/.local/lib/python3.12/site-packages/airflow/example_dags/example_external_task_marker_dag.py
[2024-11-24T09:03:16.627+0000] {processor.py:925} INFO - DAG(s) 'example_external_task_marker_parent', 'example_external_task_marker_child' retrieved from /home/airflow/.local/lib/python3.12/site-packages/airflow/example_dags/example_external_task_marker_dag.py
[2024-11-24T09:03:16.700+0000] {logging_mixin.py:190} INFO - [2024-11-24T09:03:16.699+0000] {dag.py:3239} INFO - Sync 2 DAGs
[2024-11-24T09:03:16.750+0000] {logging_mixin.py:190} INFO - [2024-11-24T09:03:16.749+0000] {dag.py:4180} INFO - Setting next_dagrun for example_external_task_marker_child to None, run_after=None
[2024-11-24T09:03:16.763+0000] {logging_mixin.py:190} INFO - [2024-11-24T09:03:16.763+0000] {dag.py:4180} INFO - Setting next_dagrun for example_external_task_marker_parent to None, run_after=None
[2024-11-24T09:03:16.806+0000] {processor.py:208} INFO - Processing /home/airflow/.local/lib/python3.12/site-packages/airflow/example_dags/example_external_task_marker_dag.py took 0.226 seconds
[2024-11-24T09:03:53.198+0000] {processor.py:186} INFO - Started process (PID=5619) to work on /home/airflow/.local/lib/python3.12/site-packages/airflow/example_dags/example_external_task_marker_dag.py
[2024-11-24T09:03:53.200+0000] {processor.py:914} INFO - Processing file /home/airflow/.local/lib/python3.12/site-packages/airflow/example_dags/example_external_task_marker_dag.py for tasks to queue
[2024-11-24T09:03:53.206+0000] {logging_mixin.py:190} INFO - [2024-11-24T09:03:53.205+0000] {dagbag.py:588} INFO - Filling up the DagBag from /home/airflow/.local/lib/python3.12/site-packages/airflow/example_dags/example_external_task_marker_dag.py
[2024-11-24T09:03:53.222+0000] {processor.py:925} INFO - DAG(s) 'example_external_task_marker_child', 'example_external_task_marker_parent' retrieved from /home/airflow/.local/lib/python3.12/site-packages/airflow/example_dags/example_external_task_marker_dag.py
[2024-11-24T09:03:53.264+0000] {logging_mixin.py:190} INFO - [2024-11-24T09:03:53.263+0000] {dag.py:3239} INFO - Sync 2 DAGs
[2024-11-24T09:03:53.291+0000] {logging_mixin.py:190} INFO - [2024-11-24T09:03:53.290+0000] {dag.py:4180} INFO - Setting next_dagrun for example_external_task_marker_child to None, run_after=None
[2024-11-24T09:03:53.297+0000] {logging_mixin.py:190} INFO - [2024-11-24T09:03:53.297+0000] {dag.py:4180} INFO - Setting next_dagrun for example_external_task_marker_parent to None, run_after=None
[2024-11-24T09:03:53.327+0000] {processor.py:208} INFO - Processing /home/airflow/.local/lib/python3.12/site-packages/airflow/example_dags/example_external_task_marker_dag.py took 0.140 seconds
[2024-11-24T09:04:23.784+0000] {processor.py:186} INFO - Started process (PID=5910) to work on /home/airflow/.local/lib/python3.12/site-packages/airflow/example_dags/example_external_task_marker_dag.py
[2024-11-24T09:04:23.786+0000] {processor.py:914} INFO - Processing file /home/airflow/.local/lib/python3.12/site-packages/airflow/example_dags/example_external_task_marker_dag.py for tasks to queue
[2024-11-24T09:04:23.791+0000] {logging_mixin.py:190} INFO - [2024-11-24T09:04:23.790+0000] {dagbag.py:588} INFO - Filling up the DagBag from /home/airflow/.local/lib/python3.12/site-packages/airflow/example_dags/example_external_task_marker_dag.py
[2024-11-24T09:04:23.810+0000] {processor.py:925} INFO - DAG(s) 'example_external_task_marker_parent', 'example_external_task_marker_child' retrieved from /home/airflow/.local/lib/python3.12/site-packages/airflow/example_dags/example_external_task_marker_dag.py
[2024-11-24T09:04:23.853+0000] {logging_mixin.py:190} INFO - [2024-11-24T09:04:23.853+0000] {dag.py:3239} INFO - Sync 2 DAGs
[2024-11-24T09:04:23.882+0000] {logging_mixin.py:190} INFO - [2024-11-24T09:04:23.882+0000] {dag.py:4180} INFO - Setting next_dagrun for example_external_task_marker_child to None, run_after=None
[2024-11-24T09:04:23.890+0000] {logging_mixin.py:190} INFO - [2024-11-24T09:04:23.890+0000] {dag.py:4180} INFO - Setting next_dagrun for example_external_task_marker_parent to None, run_after=None
[2024-11-24T09:04:23.920+0000] {processor.py:208} INFO - Processing /home/airflow/.local/lib/python3.12/site-packages/airflow/example_dags/example_external_task_marker_dag.py took 0.147 seconds
[2024-11-24T09:04:56.084+0000] {processor.py:186} INFO - Started process (PID=6201) to work on /home/airflow/.local/lib/python3.12/site-packages/airflow/example_dags/example_external_task_marker_dag.py
[2024-11-24T09:04:56.089+0000] {processor.py:914} INFO - Processing file /home/airflow/.local/lib/python3.12/site-packages/airflow/example_dags/example_external_task_marker_dag.py for tasks to queue
[2024-11-24T09:04:56.095+0000] {logging_mixin.py:190} INFO - [2024-11-24T09:04:56.094+0000] {dagbag.py:588} INFO - Filling up the DagBag from /home/airflow/.local/lib/python3.12/site-packages/airflow/example_dags/example_external_task_marker_dag.py
[2024-11-24T09:04:56.125+0000] {processor.py:925} INFO - DAG(s) 'example_external_task_marker_parent', 'example_external_task_marker_child' retrieved from /home/airflow/.local/lib/python3.12/site-packages/airflow/example_dags/example_external_task_marker_dag.py
[2024-11-24T09:04:56.222+0000] {logging_mixin.py:190} INFO - [2024-11-24T09:04:56.222+0000] {dag.py:3239} INFO - Sync 2 DAGs
[2024-11-24T09:04:56.279+0000] {logging_mixin.py:190} INFO - [2024-11-24T09:04:56.279+0000] {dag.py:4180} INFO - Setting next_dagrun for example_external_task_marker_child to None, run_after=None
[2024-11-24T09:04:56.290+0000] {logging_mixin.py:190} INFO - [2024-11-24T09:04:56.289+0000] {dag.py:4180} INFO - Setting next_dagrun for example_external_task_marker_parent to None, run_after=None
[2024-11-24T09:04:56.339+0000] {processor.py:208} INFO - Processing /home/airflow/.local/lib/python3.12/site-packages/airflow/example_dags/example_external_task_marker_dag.py took 0.273 seconds
[2024-11-24T09:05:31.360+0000] {processor.py:186} INFO - Started process (PID=6507) to work on /home/airflow/.local/lib/python3.12/site-packages/airflow/example_dags/example_external_task_marker_dag.py
[2024-11-24T09:05:31.364+0000] {processor.py:914} INFO - Processing file /home/airflow/.local/lib/python3.12/site-packages/airflow/example_dags/example_external_task_marker_dag.py for tasks to queue
[2024-11-24T09:05:31.372+0000] {logging_mixin.py:190} INFO - [2024-11-24T09:05:31.371+0000] {dagbag.py:588} INFO - Filling up the DagBag from /home/airflow/.local/lib/python3.12/site-packages/airflow/example_dags/example_external_task_marker_dag.py
[2024-11-24T09:05:31.408+0000] {processor.py:925} INFO - DAG(s) 'example_external_task_marker_child', 'example_external_task_marker_parent' retrieved from /home/airflow/.local/lib/python3.12/site-packages/airflow/example_dags/example_external_task_marker_dag.py
[2024-11-24T09:05:31.490+0000] {logging_mixin.py:190} INFO - [2024-11-24T09:05:31.489+0000] {dag.py:3239} INFO - Sync 2 DAGs
[2024-11-24T09:05:31.541+0000] {logging_mixin.py:190} INFO - [2024-11-24T09:05:31.541+0000] {dag.py:4180} INFO - Setting next_dagrun for example_external_task_marker_child to None, run_after=None
[2024-11-24T09:05:31.560+0000] {logging_mixin.py:190} INFO - [2024-11-24T09:05:31.560+0000] {dag.py:4180} INFO - Setting next_dagrun for example_external_task_marker_parent to None, run_after=None
[2024-11-24T09:05:31.647+0000] {processor.py:208} INFO - Processing /home/airflow/.local/lib/python3.12/site-packages/airflow/example_dags/example_external_task_marker_dag.py took 0.307 seconds
[2024-11-24T09:06:04.834+0000] {processor.py:186} INFO - Started process (PID=6813) to work on /home/airflow/.local/lib/python3.12/site-packages/airflow/example_dags/example_external_task_marker_dag.py
[2024-11-24T09:06:04.840+0000] {processor.py:914} INFO - Processing file /home/airflow/.local/lib/python3.12/site-packages/airflow/example_dags/example_external_task_marker_dag.py for tasks to queue
[2024-11-24T09:06:04.849+0000] {logging_mixin.py:190} INFO - [2024-11-24T09:06:04.848+0000] {dagbag.py:588} INFO - Filling up the DagBag from /home/airflow/.local/lib/python3.12/site-packages/airflow/example_dags/example_external_task_marker_dag.py
[2024-11-24T09:06:04.876+0000] {processor.py:925} INFO - DAG(s) 'example_external_task_marker_parent', 'example_external_task_marker_child' retrieved from /home/airflow/.local/lib/python3.12/site-packages/airflow/example_dags/example_external_task_marker_dag.py
[2024-11-24T09:06:04.954+0000] {logging_mixin.py:190} INFO - [2024-11-24T09:06:04.953+0000] {dag.py:3239} INFO - Sync 2 DAGs
[2024-11-24T09:06:05.018+0000] {logging_mixin.py:190} INFO - [2024-11-24T09:06:05.017+0000] {dag.py:4180} INFO - Setting next_dagrun for example_external_task_marker_child to None, run_after=None
[2024-11-24T09:06:05.033+0000] {logging_mixin.py:190} INFO - [2024-11-24T09:06:05.032+0000] {dag.py:4180} INFO - Setting next_dagrun for example_external_task_marker_parent to None, run_after=None
[2024-11-24T09:06:05.097+0000] {processor.py:208} INFO - Processing /home/airflow/.local/lib/python3.12/site-packages/airflow/example_dags/example_external_task_marker_dag.py took 0.283 seconds
