[2024-11-24T08:42:53.302+0000] {processor.py:186} INFO - Started process (PID=243) to work on /home/airflow/.local/lib/python3.12/site-packages/airflow/example_dags/example_branch_python_dop_operator_3.py
[2024-11-24T08:42:53.304+0000] {processor.py:914} INFO - Processing file /home/airflow/.local/lib/python3.12/site-packages/airflow/example_dags/example_branch_python_dop_operator_3.py for tasks to queue
[2024-11-24T08:42:53.307+0000] {logging_mixin.py:190} INFO - [2024-11-24T08:42:53.306+0000] {dagbag.py:588} INFO - Filling up the DagBag from /home/airflow/.local/lib/python3.12/site-packages/airflow/example_dags/example_branch_python_dop_operator_3.py
[2024-11-24T08:42:53.323+0000] {processor.py:925} INFO - DAG(s) 'example_branch_dop_operator_v3' retrieved from /home/airflow/.local/lib/python3.12/site-packages/airflow/example_dags/example_branch_python_dop_operator_3.py
[2024-11-24T08:42:53.463+0000] {logging_mixin.py:190} INFO - [2024-11-24T08:42:53.462+0000] {override.py:1911} INFO - Created Permission View: can read on DAG:example_branch_dop_operator_v3
[2024-11-24T08:42:53.473+0000] {logging_mixin.py:190} INFO - [2024-11-24T08:42:53.473+0000] {override.py:1911} INFO - Created Permission View: can edit on DAG:example_branch_dop_operator_v3
[2024-11-24T08:42:53.482+0000] {logging_mixin.py:190} INFO - [2024-11-24T08:42:53.481+0000] {override.py:1911} INFO - Created Permission View: can delete on DAG:example_branch_dop_operator_v3
[2024-11-24T08:42:53.490+0000] {logging_mixin.py:190} INFO - [2024-11-24T08:42:53.490+0000] {override.py:1911} INFO - Created Permission View: can read on DAG Run:example_branch_dop_operator_v3
[2024-11-24T08:42:53.498+0000] {logging_mixin.py:190} INFO - [2024-11-24T08:42:53.498+0000] {override.py:1911} INFO - Created Permission View: can delete on DAG Run:example_branch_dop_operator_v3
[2024-11-24T08:42:53.505+0000] {logging_mixin.py:190} INFO - [2024-11-24T08:42:53.505+0000] {override.py:1911} INFO - Created Permission View: can create on DAG Run:example_branch_dop_operator_v3
[2024-11-24T08:42:53.514+0000] {logging_mixin.py:190} INFO - [2024-11-24T08:42:53.513+0000] {override.py:1911} INFO - Created Permission View: menu access on DAG Run:example_branch_dop_operator_v3
[2024-11-24T08:42:53.515+0000] {logging_mixin.py:190} INFO - [2024-11-24T08:42:53.515+0000] {dag.py:3239} INFO - Sync 1 DAGs
[2024-11-24T08:42:53.530+0000] {logging_mixin.py:190} INFO - [2024-11-24T08:42:53.530+0000] {dag.py:3262} INFO - Creating ORM DAG for example_branch_dop_operator_v3
[2024-11-24T08:42:53.548+0000] {logging_mixin.py:190} INFO - [2024-11-24T08:42:53.548+0000] {dag.py:4180} INFO - Setting next_dagrun for example_branch_dop_operator_v3 to 2024-11-24 08:41:00+00:00, run_after=2024-11-24 08:42:00+00:00
[2024-11-24T08:42:53.571+0000] {processor.py:208} INFO - Processing /home/airflow/.local/lib/python3.12/site-packages/airflow/example_dags/example_branch_python_dop_operator_3.py took 0.278 seconds
[2024-11-24T08:43:23.648+0000] {processor.py:186} INFO - Started process (PID=529) to work on /home/airflow/.local/lib/python3.12/site-packages/airflow/example_dags/example_branch_python_dop_operator_3.py
[2024-11-24T08:43:23.650+0000] {processor.py:914} INFO - Processing file /home/airflow/.local/lib/python3.12/site-packages/airflow/example_dags/example_branch_python_dop_operator_3.py for tasks to queue
[2024-11-24T08:43:23.654+0000] {logging_mixin.py:190} INFO - [2024-11-24T08:43:23.654+0000] {dagbag.py:588} INFO - Filling up the DagBag from /home/airflow/.local/lib/python3.12/site-packages/airflow/example_dags/example_branch_python_dop_operator_3.py
[2024-11-24T08:43:23.671+0000] {processor.py:925} INFO - DAG(s) 'example_branch_dop_operator_v3' retrieved from /home/airflow/.local/lib/python3.12/site-packages/airflow/example_dags/example_branch_python_dop_operator_3.py
[2024-11-24T08:43:23.698+0000] {logging_mixin.py:190} INFO - [2024-11-24T08:43:23.698+0000] {dag.py:3239} INFO - Sync 1 DAGs
[2024-11-24T08:43:23.740+0000] {logging_mixin.py:190} INFO - [2024-11-24T08:43:23.740+0000] {dag.py:4180} INFO - Setting next_dagrun for example_branch_dop_operator_v3 to 2024-11-24 08:42:00+00:00, run_after=2024-11-24 08:43:00+00:00
[2024-11-24T08:43:23.762+0000] {processor.py:208} INFO - Processing /home/airflow/.local/lib/python3.12/site-packages/airflow/example_dags/example_branch_python_dop_operator_3.py took 0.125 seconds
[2024-11-24T08:43:54.013+0000] {processor.py:186} INFO - Started process (PID=822) to work on /home/airflow/.local/lib/python3.12/site-packages/airflow/example_dags/example_branch_python_dop_operator_3.py
[2024-11-24T08:43:54.016+0000] {processor.py:914} INFO - Processing file /home/airflow/.local/lib/python3.12/site-packages/airflow/example_dags/example_branch_python_dop_operator_3.py for tasks to queue
[2024-11-24T08:43:54.019+0000] {logging_mixin.py:190} INFO - [2024-11-24T08:43:54.019+0000] {dagbag.py:588} INFO - Filling up the DagBag from /home/airflow/.local/lib/python3.12/site-packages/airflow/example_dags/example_branch_python_dop_operator_3.py
[2024-11-24T08:43:54.028+0000] {processor.py:925} INFO - DAG(s) 'example_branch_dop_operator_v3' retrieved from /home/airflow/.local/lib/python3.12/site-packages/airflow/example_dags/example_branch_python_dop_operator_3.py
[2024-11-24T08:43:54.047+0000] {logging_mixin.py:190} INFO - [2024-11-24T08:43:54.046+0000] {dag.py:3239} INFO - Sync 1 DAGs
[2024-11-24T08:43:54.073+0000] {logging_mixin.py:190} INFO - [2024-11-24T08:43:54.073+0000] {dag.py:4180} INFO - Setting next_dagrun for example_branch_dop_operator_v3 to 2024-11-24 08:42:00+00:00, run_after=2024-11-24 08:43:00+00:00
[2024-11-24T08:43:54.097+0000] {processor.py:208} INFO - Processing /home/airflow/.local/lib/python3.12/site-packages/airflow/example_dags/example_branch_python_dop_operator_3.py took 0.094 seconds
[2024-11-24T08:44:24.404+0000] {processor.py:186} INFO - Started process (PID=1111) to work on /home/airflow/.local/lib/python3.12/site-packages/airflow/example_dags/example_branch_python_dop_operator_3.py
[2024-11-24T08:44:24.405+0000] {processor.py:914} INFO - Processing file /home/airflow/.local/lib/python3.12/site-packages/airflow/example_dags/example_branch_python_dop_operator_3.py for tasks to queue
[2024-11-24T08:44:24.408+0000] {logging_mixin.py:190} INFO - [2024-11-24T08:44:24.408+0000] {dagbag.py:588} INFO - Filling up the DagBag from /home/airflow/.local/lib/python3.12/site-packages/airflow/example_dags/example_branch_python_dop_operator_3.py
[2024-11-24T08:44:24.421+0000] {processor.py:925} INFO - DAG(s) 'example_branch_dop_operator_v3' retrieved from /home/airflow/.local/lib/python3.12/site-packages/airflow/example_dags/example_branch_python_dop_operator_3.py
[2024-11-24T08:44:24.445+0000] {logging_mixin.py:190} INFO - [2024-11-24T08:44:24.445+0000] {dag.py:3239} INFO - Sync 1 DAGs
[2024-11-24T08:44:24.474+0000] {logging_mixin.py:190} INFO - [2024-11-24T08:44:24.474+0000] {dag.py:4180} INFO - Setting next_dagrun for example_branch_dop_operator_v3 to 2024-11-24 08:43:00+00:00, run_after=2024-11-24 08:44:00+00:00
[2024-11-24T08:44:24.496+0000] {processor.py:208} INFO - Processing /home/airflow/.local/lib/python3.12/site-packages/airflow/example_dags/example_branch_python_dop_operator_3.py took 0.096 seconds
[2024-11-24T08:44:55.123+0000] {processor.py:186} INFO - Started process (PID=1402) to work on /home/airflow/.local/lib/python3.12/site-packages/airflow/example_dags/example_branch_python_dop_operator_3.py
[2024-11-24T08:44:55.124+0000] {processor.py:914} INFO - Processing file /home/airflow/.local/lib/python3.12/site-packages/airflow/example_dags/example_branch_python_dop_operator_3.py for tasks to queue
[2024-11-24T08:44:55.130+0000] {logging_mixin.py:190} INFO - [2024-11-24T08:44:55.129+0000] {dagbag.py:588} INFO - Filling up the DagBag from /home/airflow/.local/lib/python3.12/site-packages/airflow/example_dags/example_branch_python_dop_operator_3.py
[2024-11-24T08:44:55.151+0000] {processor.py:925} INFO - DAG(s) 'example_branch_dop_operator_v3' retrieved from /home/airflow/.local/lib/python3.12/site-packages/airflow/example_dags/example_branch_python_dop_operator_3.py
[2024-11-24T08:44:55.174+0000] {logging_mixin.py:190} INFO - [2024-11-24T08:44:55.174+0000] {dag.py:3239} INFO - Sync 1 DAGs
[2024-11-24T08:44:55.203+0000] {logging_mixin.py:190} INFO - [2024-11-24T08:44:55.203+0000] {dag.py:4180} INFO - Setting next_dagrun for example_branch_dop_operator_v3 to 2024-11-24 08:43:00+00:00, run_after=2024-11-24 08:44:00+00:00
[2024-11-24T08:44:55.234+0000] {processor.py:208} INFO - Processing /home/airflow/.local/lib/python3.12/site-packages/airflow/example_dags/example_branch_python_dop_operator_3.py took 0.121 seconds
[2024-11-24T08:45:25.442+0000] {processor.py:186} INFO - Started process (PID=1693) to work on /home/airflow/.local/lib/python3.12/site-packages/airflow/example_dags/example_branch_python_dop_operator_3.py
[2024-11-24T08:45:25.443+0000] {processor.py:914} INFO - Processing file /home/airflow/.local/lib/python3.12/site-packages/airflow/example_dags/example_branch_python_dop_operator_3.py for tasks to queue
[2024-11-24T08:45:25.447+0000] {logging_mixin.py:190} INFO - [2024-11-24T08:45:25.446+0000] {dagbag.py:588} INFO - Filling up the DagBag from /home/airflow/.local/lib/python3.12/site-packages/airflow/example_dags/example_branch_python_dop_operator_3.py
[2024-11-24T08:45:25.457+0000] {processor.py:925} INFO - DAG(s) 'example_branch_dop_operator_v3' retrieved from /home/airflow/.local/lib/python3.12/site-packages/airflow/example_dags/example_branch_python_dop_operator_3.py
[2024-11-24T08:45:25.480+0000] {logging_mixin.py:190} INFO - [2024-11-24T08:45:25.480+0000] {dag.py:3239} INFO - Sync 1 DAGs
[2024-11-24T08:45:25.516+0000] {logging_mixin.py:190} INFO - [2024-11-24T08:45:25.516+0000] {dag.py:4180} INFO - Setting next_dagrun for example_branch_dop_operator_v3 to 2024-11-24 08:44:00+00:00, run_after=2024-11-24 08:45:00+00:00
[2024-11-24T08:45:25.536+0000] {processor.py:208} INFO - Processing /home/airflow/.local/lib/python3.12/site-packages/airflow/example_dags/example_branch_python_dop_operator_3.py took 0.100 seconds
[2024-11-24T08:45:55.817+0000] {processor.py:186} INFO - Started process (PID=1984) to work on /home/airflow/.local/lib/python3.12/site-packages/airflow/example_dags/example_branch_python_dop_operator_3.py
[2024-11-24T08:45:55.820+0000] {processor.py:914} INFO - Processing file /home/airflow/.local/lib/python3.12/site-packages/airflow/example_dags/example_branch_python_dop_operator_3.py for tasks to queue
[2024-11-24T08:45:55.822+0000] {logging_mixin.py:190} INFO - [2024-11-24T08:45:55.822+0000] {dagbag.py:588} INFO - Filling up the DagBag from /home/airflow/.local/lib/python3.12/site-packages/airflow/example_dags/example_branch_python_dop_operator_3.py
[2024-11-24T08:45:55.836+0000] {processor.py:925} INFO - DAG(s) 'example_branch_dop_operator_v3' retrieved from /home/airflow/.local/lib/python3.12/site-packages/airflow/example_dags/example_branch_python_dop_operator_3.py
[2024-11-24T08:45:55.867+0000] {logging_mixin.py:190} INFO - [2024-11-24T08:45:55.866+0000] {dag.py:3239} INFO - Sync 1 DAGs
[2024-11-24T08:45:55.899+0000] {logging_mixin.py:190} INFO - [2024-11-24T08:45:55.899+0000] {dag.py:4180} INFO - Setting next_dagrun for example_branch_dop_operator_v3 to 2024-11-24 08:44:00+00:00, run_after=2024-11-24 08:45:00+00:00
[2024-11-24T08:45:55.920+0000] {processor.py:208} INFO - Processing /home/airflow/.local/lib/python3.12/site-packages/airflow/example_dags/example_branch_python_dop_operator_3.py took 0.110 seconds
[2024-11-24T08:46:26.035+0000] {processor.py:186} INFO - Started process (PID=2275) to work on /home/airflow/.local/lib/python3.12/site-packages/airflow/example_dags/example_branch_python_dop_operator_3.py
[2024-11-24T08:46:26.036+0000] {processor.py:914} INFO - Processing file /home/airflow/.local/lib/python3.12/site-packages/airflow/example_dags/example_branch_python_dop_operator_3.py for tasks to queue
[2024-11-24T08:46:26.039+0000] {logging_mixin.py:190} INFO - [2024-11-24T08:46:26.039+0000] {dagbag.py:588} INFO - Filling up the DagBag from /home/airflow/.local/lib/python3.12/site-packages/airflow/example_dags/example_branch_python_dop_operator_3.py
[2024-11-24T08:46:26.051+0000] {processor.py:925} INFO - DAG(s) 'example_branch_dop_operator_v3' retrieved from /home/airflow/.local/lib/python3.12/site-packages/airflow/example_dags/example_branch_python_dop_operator_3.py
[2024-11-24T08:46:26.077+0000] {logging_mixin.py:190} INFO - [2024-11-24T08:46:26.077+0000] {dag.py:3239} INFO - Sync 1 DAGs
[2024-11-24T08:46:26.104+0000] {logging_mixin.py:190} INFO - [2024-11-24T08:46:26.104+0000] {dag.py:4180} INFO - Setting next_dagrun for example_branch_dop_operator_v3 to 2024-11-24 08:45:00+00:00, run_after=2024-11-24 08:46:00+00:00
[2024-11-24T08:46:26.131+0000] {processor.py:208} INFO - Processing /home/airflow/.local/lib/python3.12/site-packages/airflow/example_dags/example_branch_python_dop_operator_3.py took 0.102 seconds
[2024-11-24T08:46:56.980+0000] {processor.py:186} INFO - Started process (PID=2566) to work on /home/airflow/.local/lib/python3.12/site-packages/airflow/example_dags/example_branch_python_dop_operator_3.py
[2024-11-24T08:46:56.981+0000] {processor.py:914} INFO - Processing file /home/airflow/.local/lib/python3.12/site-packages/airflow/example_dags/example_branch_python_dop_operator_3.py for tasks to queue
[2024-11-24T08:46:56.983+0000] {logging_mixin.py:190} INFO - [2024-11-24T08:46:56.983+0000] {dagbag.py:588} INFO - Filling up the DagBag from /home/airflow/.local/lib/python3.12/site-packages/airflow/example_dags/example_branch_python_dop_operator_3.py
[2024-11-24T08:46:56.992+0000] {processor.py:925} INFO - DAG(s) 'example_branch_dop_operator_v3' retrieved from /home/airflow/.local/lib/python3.12/site-packages/airflow/example_dags/example_branch_python_dop_operator_3.py
[2024-11-24T08:46:57.015+0000] {logging_mixin.py:190} INFO - [2024-11-24T08:46:57.015+0000] {dag.py:3239} INFO - Sync 1 DAGs
[2024-11-24T08:46:57.042+0000] {logging_mixin.py:190} INFO - [2024-11-24T08:46:57.042+0000] {dag.py:4180} INFO - Setting next_dagrun for example_branch_dop_operator_v3 to 2024-11-24 08:45:00+00:00, run_after=2024-11-24 08:46:00+00:00
[2024-11-24T08:46:57.063+0000] {processor.py:208} INFO - Processing /home/airflow/.local/lib/python3.12/site-packages/airflow/example_dags/example_branch_python_dop_operator_3.py took 0.089 seconds
[2024-11-24T08:47:27.307+0000] {processor.py:186} INFO - Started process (PID=2857) to work on /home/airflow/.local/lib/python3.12/site-packages/airflow/example_dags/example_branch_python_dop_operator_3.py
[2024-11-24T08:47:27.308+0000] {processor.py:914} INFO - Processing file /home/airflow/.local/lib/python3.12/site-packages/airflow/example_dags/example_branch_python_dop_operator_3.py for tasks to queue
[2024-11-24T08:47:27.311+0000] {logging_mixin.py:190} INFO - [2024-11-24T08:47:27.311+0000] {dagbag.py:588} INFO - Filling up the DagBag from /home/airflow/.local/lib/python3.12/site-packages/airflow/example_dags/example_branch_python_dop_operator_3.py
[2024-11-24T08:47:27.325+0000] {processor.py:925} INFO - DAG(s) 'example_branch_dop_operator_v3' retrieved from /home/airflow/.local/lib/python3.12/site-packages/airflow/example_dags/example_branch_python_dop_operator_3.py
[2024-11-24T08:47:27.361+0000] {logging_mixin.py:190} INFO - [2024-11-24T08:47:27.361+0000] {dag.py:3239} INFO - Sync 1 DAGs
[2024-11-24T08:47:27.404+0000] {logging_mixin.py:190} INFO - [2024-11-24T08:47:27.403+0000] {dag.py:4180} INFO - Setting next_dagrun for example_branch_dop_operator_v3 to 2024-11-24 08:46:00+00:00, run_after=2024-11-24 08:47:00+00:00
[2024-11-24T08:47:27.432+0000] {processor.py:208} INFO - Processing /home/airflow/.local/lib/python3.12/site-packages/airflow/example_dags/example_branch_python_dop_operator_3.py took 0.133 seconds
[2024-11-24T08:47:57.533+0000] {processor.py:186} INFO - Started process (PID=3143) to work on /home/airflow/.local/lib/python3.12/site-packages/airflow/example_dags/example_branch_python_dop_operator_3.py
[2024-11-24T08:47:57.536+0000] {processor.py:914} INFO - Processing file /home/airflow/.local/lib/python3.12/site-packages/airflow/example_dags/example_branch_python_dop_operator_3.py for tasks to queue
[2024-11-24T08:47:57.546+0000] {logging_mixin.py:190} INFO - [2024-11-24T08:47:57.545+0000] {dagbag.py:588} INFO - Filling up the DagBag from /home/airflow/.local/lib/python3.12/site-packages/airflow/example_dags/example_branch_python_dop_operator_3.py
[2024-11-24T08:47:57.577+0000] {processor.py:925} INFO - DAG(s) 'example_branch_dop_operator_v3' retrieved from /home/airflow/.local/lib/python3.12/site-packages/airflow/example_dags/example_branch_python_dop_operator_3.py
[2024-11-24T08:47:57.618+0000] {logging_mixin.py:190} INFO - [2024-11-24T08:47:57.617+0000] {dag.py:3239} INFO - Sync 1 DAGs
[2024-11-24T08:47:57.691+0000] {logging_mixin.py:190} INFO - [2024-11-24T08:47:57.690+0000] {dag.py:4180} INFO - Setting next_dagrun for example_branch_dop_operator_v3 to 2024-11-24 08:46:00+00:00, run_after=2024-11-24 08:47:00+00:00
[2024-11-24T08:47:57.736+0000] {processor.py:208} INFO - Processing /home/airflow/.local/lib/python3.12/site-packages/airflow/example_dags/example_branch_python_dop_operator_3.py took 0.226 seconds
[2024-11-24T08:48:27.951+0000] {processor.py:186} INFO - Started process (PID=3436) to work on /home/airflow/.local/lib/python3.12/site-packages/airflow/example_dags/example_branch_python_dop_operator_3.py
[2024-11-24T08:48:27.953+0000] {processor.py:914} INFO - Processing file /home/airflow/.local/lib/python3.12/site-packages/airflow/example_dags/example_branch_python_dop_operator_3.py for tasks to queue
[2024-11-24T08:48:27.957+0000] {logging_mixin.py:190} INFO - [2024-11-24T08:48:27.956+0000] {dagbag.py:588} INFO - Filling up the DagBag from /home/airflow/.local/lib/python3.12/site-packages/airflow/example_dags/example_branch_python_dop_operator_3.py
[2024-11-24T08:48:27.973+0000] {processor.py:925} INFO - DAG(s) 'example_branch_dop_operator_v3' retrieved from /home/airflow/.local/lib/python3.12/site-packages/airflow/example_dags/example_branch_python_dop_operator_3.py
[2024-11-24T08:48:28.006+0000] {logging_mixin.py:190} INFO - [2024-11-24T08:48:28.004+0000] {dag.py:3239} INFO - Sync 1 DAGs
[2024-11-24T08:48:28.048+0000] {logging_mixin.py:190} INFO - [2024-11-24T08:48:28.048+0000] {dag.py:4180} INFO - Setting next_dagrun for example_branch_dop_operator_v3 to 2024-11-24 08:47:00+00:00, run_after=2024-11-24 08:48:00+00:00
[2024-11-24T08:48:28.077+0000] {processor.py:208} INFO - Processing /home/airflow/.local/lib/python3.12/site-packages/airflow/example_dags/example_branch_python_dop_operator_3.py took 0.135 seconds
[2024-11-24T08:48:58.204+0000] {processor.py:186} INFO - Started process (PID=3725) to work on /home/airflow/.local/lib/python3.12/site-packages/airflow/example_dags/example_branch_python_dop_operator_3.py
[2024-11-24T08:48:58.206+0000] {processor.py:914} INFO - Processing file /home/airflow/.local/lib/python3.12/site-packages/airflow/example_dags/example_branch_python_dop_operator_3.py for tasks to queue
[2024-11-24T08:48:58.209+0000] {logging_mixin.py:190} INFO - [2024-11-24T08:48:58.208+0000] {dagbag.py:588} INFO - Filling up the DagBag from /home/airflow/.local/lib/python3.12/site-packages/airflow/example_dags/example_branch_python_dop_operator_3.py
[2024-11-24T08:48:58.223+0000] {processor.py:925} INFO - DAG(s) 'example_branch_dop_operator_v3' retrieved from /home/airflow/.local/lib/python3.12/site-packages/airflow/example_dags/example_branch_python_dop_operator_3.py
[2024-11-24T08:48:58.248+0000] {logging_mixin.py:190} INFO - [2024-11-24T08:48:58.247+0000] {dag.py:3239} INFO - Sync 1 DAGs
[2024-11-24T08:48:58.280+0000] {logging_mixin.py:190} INFO - [2024-11-24T08:48:58.280+0000] {dag.py:4180} INFO - Setting next_dagrun for example_branch_dop_operator_v3 to 2024-11-24 08:47:00+00:00, run_after=2024-11-24 08:48:00+00:00
[2024-11-24T08:48:58.305+0000] {processor.py:208} INFO - Processing /home/airflow/.local/lib/python3.12/site-packages/airflow/example_dags/example_branch_python_dop_operator_3.py took 0.109 seconds
[2024-11-24T08:49:28.613+0000] {processor.py:186} INFO - Started process (PID=4016) to work on /home/airflow/.local/lib/python3.12/site-packages/airflow/example_dags/example_branch_python_dop_operator_3.py
[2024-11-24T08:49:28.615+0000] {processor.py:914} INFO - Processing file /home/airflow/.local/lib/python3.12/site-packages/airflow/example_dags/example_branch_python_dop_operator_3.py for tasks to queue
[2024-11-24T08:49:28.618+0000] {logging_mixin.py:190} INFO - [2024-11-24T08:49:28.618+0000] {dagbag.py:588} INFO - Filling up the DagBag from /home/airflow/.local/lib/python3.12/site-packages/airflow/example_dags/example_branch_python_dop_operator_3.py
[2024-11-24T08:49:28.636+0000] {processor.py:925} INFO - DAG(s) 'example_branch_dop_operator_v3' retrieved from /home/airflow/.local/lib/python3.12/site-packages/airflow/example_dags/example_branch_python_dop_operator_3.py
[2024-11-24T08:49:28.665+0000] {logging_mixin.py:190} INFO - [2024-11-24T08:49:28.665+0000] {dag.py:3239} INFO - Sync 1 DAGs
[2024-11-24T08:49:28.702+0000] {logging_mixin.py:190} INFO - [2024-11-24T08:49:28.702+0000] {dag.py:4180} INFO - Setting next_dagrun for example_branch_dop_operator_v3 to 2024-11-24 08:48:00+00:00, run_after=2024-11-24 08:49:00+00:00
[2024-11-24T08:49:28.734+0000] {processor.py:208} INFO - Processing /home/airflow/.local/lib/python3.12/site-packages/airflow/example_dags/example_branch_python_dop_operator_3.py took 0.129 seconds
[2024-11-24T08:49:58.817+0000] {processor.py:186} INFO - Started process (PID=4307) to work on /home/airflow/.local/lib/python3.12/site-packages/airflow/example_dags/example_branch_python_dop_operator_3.py
[2024-11-24T08:49:58.818+0000] {processor.py:914} INFO - Processing file /home/airflow/.local/lib/python3.12/site-packages/airflow/example_dags/example_branch_python_dop_operator_3.py for tasks to queue
[2024-11-24T08:49:58.822+0000] {logging_mixin.py:190} INFO - [2024-11-24T08:49:58.821+0000] {dagbag.py:588} INFO - Filling up the DagBag from /home/airflow/.local/lib/python3.12/site-packages/airflow/example_dags/example_branch_python_dop_operator_3.py
[2024-11-24T08:49:58.839+0000] {processor.py:925} INFO - DAG(s) 'example_branch_dop_operator_v3' retrieved from /home/airflow/.local/lib/python3.12/site-packages/airflow/example_dags/example_branch_python_dop_operator_3.py
[2024-11-24T08:49:58.865+0000] {logging_mixin.py:190} INFO - [2024-11-24T08:49:58.864+0000] {dag.py:3239} INFO - Sync 1 DAGs
[2024-11-24T08:49:58.899+0000] {logging_mixin.py:190} INFO - [2024-11-24T08:49:58.899+0000] {dag.py:4180} INFO - Setting next_dagrun for example_branch_dop_operator_v3 to 2024-11-24 08:48:00+00:00, run_after=2024-11-24 08:49:00+00:00
[2024-11-24T08:49:58.923+0000] {processor.py:208} INFO - Processing /home/airflow/.local/lib/python3.12/site-packages/airflow/example_dags/example_branch_python_dop_operator_3.py took 0.117 seconds
[2024-11-24T08:50:29.303+0000] {processor.py:186} INFO - Started process (PID=4598) to work on /home/airflow/.local/lib/python3.12/site-packages/airflow/example_dags/example_branch_python_dop_operator_3.py
[2024-11-24T08:50:29.305+0000] {processor.py:914} INFO - Processing file /home/airflow/.local/lib/python3.12/site-packages/airflow/example_dags/example_branch_python_dop_operator_3.py for tasks to queue
[2024-11-24T08:50:29.309+0000] {logging_mixin.py:190} INFO - [2024-11-24T08:50:29.309+0000] {dagbag.py:588} INFO - Filling up the DagBag from /home/airflow/.local/lib/python3.12/site-packages/airflow/example_dags/example_branch_python_dop_operator_3.py
[2024-11-24T08:50:29.330+0000] {processor.py:925} INFO - DAG(s) 'example_branch_dop_operator_v3' retrieved from /home/airflow/.local/lib/python3.12/site-packages/airflow/example_dags/example_branch_python_dop_operator_3.py
[2024-11-24T08:50:29.370+0000] {logging_mixin.py:190} INFO - [2024-11-24T08:50:29.369+0000] {dag.py:3239} INFO - Sync 1 DAGs
[2024-11-24T08:50:29.410+0000] {logging_mixin.py:190} INFO - [2024-11-24T08:50:29.410+0000] {dag.py:4180} INFO - Setting next_dagrun for example_branch_dop_operator_v3 to 2024-11-24 08:49:00+00:00, run_after=2024-11-24 08:50:00+00:00
[2024-11-24T08:50:29.440+0000] {processor.py:208} INFO - Processing /home/airflow/.local/lib/python3.12/site-packages/airflow/example_dags/example_branch_python_dop_operator_3.py took 0.148 seconds
[2024-11-24T08:51:03.786+0000] {processor.py:186} INFO - Started process (PID=4829) to work on /home/airflow/.local/lib/python3.12/site-packages/airflow/example_dags/example_branch_python_dop_operator_3.py
[2024-11-24T08:51:03.788+0000] {processor.py:914} INFO - Processing file /home/airflow/.local/lib/python3.12/site-packages/airflow/example_dags/example_branch_python_dop_operator_3.py for tasks to queue
[2024-11-24T08:51:03.794+0000] {logging_mixin.py:190} INFO - [2024-11-24T08:51:03.793+0000] {dagbag.py:588} INFO - Filling up the DagBag from /home/airflow/.local/lib/python3.12/site-packages/airflow/example_dags/example_branch_python_dop_operator_3.py
[2024-11-24T08:51:03.820+0000] {processor.py:925} INFO - DAG(s) 'example_branch_dop_operator_v3' retrieved from /home/airflow/.local/lib/python3.12/site-packages/airflow/example_dags/example_branch_python_dop_operator_3.py
[2024-11-24T08:51:03.860+0000] {logging_mixin.py:190} INFO - [2024-11-24T08:51:03.859+0000] {dag.py:3239} INFO - Sync 1 DAGs
[2024-11-24T08:51:03.924+0000] {logging_mixin.py:190} INFO - [2024-11-24T08:51:03.924+0000] {dag.py:4180} INFO - Setting next_dagrun for example_branch_dop_operator_v3 to 2024-11-24 08:50:00+00:00, run_after=2024-11-24 08:51:00+00:00
[2024-11-24T08:51:03.963+0000] {processor.py:208} INFO - Processing /home/airflow/.local/lib/python3.12/site-packages/airflow/example_dags/example_branch_python_dop_operator_3.py took 0.189 seconds
[2024-11-24T08:51:34.532+0000] {processor.py:186} INFO - Started process (PID=5119) to work on /home/airflow/.local/lib/python3.12/site-packages/airflow/example_dags/example_branch_python_dop_operator_3.py
[2024-11-24T08:51:34.535+0000] {processor.py:914} INFO - Processing file /home/airflow/.local/lib/python3.12/site-packages/airflow/example_dags/example_branch_python_dop_operator_3.py for tasks to queue
[2024-11-24T08:51:34.540+0000] {logging_mixin.py:190} INFO - [2024-11-24T08:51:34.539+0000] {dagbag.py:588} INFO - Filling up the DagBag from /home/airflow/.local/lib/python3.12/site-packages/airflow/example_dags/example_branch_python_dop_operator_3.py
[2024-11-24T08:51:34.559+0000] {processor.py:925} INFO - DAG(s) 'example_branch_dop_operator_v3' retrieved from /home/airflow/.local/lib/python3.12/site-packages/airflow/example_dags/example_branch_python_dop_operator_3.py
[2024-11-24T08:51:34.596+0000] {logging_mixin.py:190} INFO - [2024-11-24T08:51:34.596+0000] {dag.py:3239} INFO - Sync 1 DAGs
[2024-11-24T08:51:34.661+0000] {logging_mixin.py:190} INFO - [2024-11-24T08:51:34.660+0000] {dag.py:4180} INFO - Setting next_dagrun for example_branch_dop_operator_v3 to 2024-11-24 08:50:00+00:00, run_after=2024-11-24 08:51:00+00:00
[2024-11-24T08:51:34.699+0000] {processor.py:208} INFO - Processing /home/airflow/.local/lib/python3.12/site-packages/airflow/example_dags/example_branch_python_dop_operator_3.py took 0.178 seconds
[2024-11-24T08:52:04.910+0000] {processor.py:186} INFO - Started process (PID=5410) to work on /home/airflow/.local/lib/python3.12/site-packages/airflow/example_dags/example_branch_python_dop_operator_3.py
[2024-11-24T08:52:04.912+0000] {processor.py:914} INFO - Processing file /home/airflow/.local/lib/python3.12/site-packages/airflow/example_dags/example_branch_python_dop_operator_3.py for tasks to queue
[2024-11-24T08:52:04.916+0000] {logging_mixin.py:190} INFO - [2024-11-24T08:52:04.915+0000] {dagbag.py:588} INFO - Filling up the DagBag from /home/airflow/.local/lib/python3.12/site-packages/airflow/example_dags/example_branch_python_dop_operator_3.py
[2024-11-24T08:52:04.926+0000] {processor.py:925} INFO - DAG(s) 'example_branch_dop_operator_v3' retrieved from /home/airflow/.local/lib/python3.12/site-packages/airflow/example_dags/example_branch_python_dop_operator_3.py
[2024-11-24T08:52:04.953+0000] {logging_mixin.py:190} INFO - [2024-11-24T08:52:04.953+0000] {dag.py:3239} INFO - Sync 1 DAGs
[2024-11-24T08:52:04.990+0000] {logging_mixin.py:190} INFO - [2024-11-24T08:52:04.990+0000] {dag.py:4180} INFO - Setting next_dagrun for example_branch_dop_operator_v3 to 2024-11-24 08:51:00+00:00, run_after=2024-11-24 08:52:00+00:00
[2024-11-24T08:52:05.015+0000] {processor.py:208} INFO - Processing /home/airflow/.local/lib/python3.12/site-packages/airflow/example_dags/example_branch_python_dop_operator_3.py took 0.117 seconds
