[2024-11-24T08:42:57.911+0000] {processor.py:186} INFO - Started process (PID=293) to work on /home/airflow/.local/lib/python3.12/site-packages/airflow/example_dags/example_outlet_event_extra.py
[2024-11-24T08:42:57.914+0000] {processor.py:914} INFO - Processing file /home/airflow/.local/lib/python3.12/site-packages/airflow/example_dags/example_outlet_event_extra.py for tasks to queue
[2024-11-24T08:42:57.918+0000] {logging_mixin.py:190} INFO - [2024-11-24T08:42:57.917+0000] {dagbag.py:588} INFO - Filling up the DagBag from /home/airflow/.local/lib/python3.12/site-packages/airflow/example_dags/example_outlet_event_extra.py
[2024-11-24T08:42:58.944+0000] {processor.py:925} INFO - DAG(s) 'dataset_with_extra_from_classic_operator', 'dataset_with_extra_by_context', 'dataset_with_extra_by_yield' retrieved from /home/airflow/.local/lib/python3.12/site-packages/airflow/example_dags/example_outlet_event_extra.py
[2024-11-24T08:42:59.100+0000] {logging_mixin.py:190} INFO - [2024-11-24T08:42:59.099+0000] {override.py:1911} INFO - Created Permission View: can read on DAG:dataset_with_extra_from_classic_operator
[2024-11-24T08:42:59.112+0000] {logging_mixin.py:190} INFO - [2024-11-24T08:42:59.112+0000] {override.py:1911} INFO - Created Permission View: can edit on DAG:dataset_with_extra_from_classic_operator
[2024-11-24T08:42:59.124+0000] {logging_mixin.py:190} INFO - [2024-11-24T08:42:59.124+0000] {override.py:1911} INFO - Created Permission View: can delete on DAG:dataset_with_extra_from_classic_operator
[2024-11-24T08:42:59.135+0000] {logging_mixin.py:190} INFO - [2024-11-24T08:42:59.134+0000] {override.py:1911} INFO - Created Permission View: can read on DAG Run:dataset_with_extra_from_classic_operator
[2024-11-24T08:42:59.145+0000] {logging_mixin.py:190} INFO - [2024-11-24T08:42:59.145+0000] {override.py:1911} INFO - Created Permission View: can delete on DAG Run:dataset_with_extra_from_classic_operator
[2024-11-24T08:42:59.155+0000] {logging_mixin.py:190} INFO - [2024-11-24T08:42:59.154+0000] {override.py:1911} INFO - Created Permission View: can create on DAG Run:dataset_with_extra_from_classic_operator
[2024-11-24T08:42:59.163+0000] {logging_mixin.py:190} INFO - [2024-11-24T08:42:59.163+0000] {override.py:1911} INFO - Created Permission View: menu access on DAG Run:dataset_with_extra_from_classic_operator
[2024-11-24T08:42:59.182+0000] {logging_mixin.py:190} INFO - [2024-11-24T08:42:59.182+0000] {override.py:1911} INFO - Created Permission View: can read on DAG:dataset_with_extra_by_context
[2024-11-24T08:42:59.192+0000] {logging_mixin.py:190} INFO - [2024-11-24T08:42:59.192+0000] {override.py:1911} INFO - Created Permission View: can edit on DAG:dataset_with_extra_by_context
[2024-11-24T08:42:59.202+0000] {logging_mixin.py:190} INFO - [2024-11-24T08:42:59.202+0000] {override.py:1911} INFO - Created Permission View: can delete on DAG:dataset_with_extra_by_context
[2024-11-24T08:42:59.212+0000] {logging_mixin.py:190} INFO - [2024-11-24T08:42:59.212+0000] {override.py:1911} INFO - Created Permission View: can read on DAG Run:dataset_with_extra_by_context
[2024-11-24T08:42:59.221+0000] {logging_mixin.py:190} INFO - [2024-11-24T08:42:59.221+0000] {override.py:1911} INFO - Created Permission View: can delete on DAG Run:dataset_with_extra_by_context
[2024-11-24T08:42:59.231+0000] {logging_mixin.py:190} INFO - [2024-11-24T08:42:59.231+0000] {override.py:1911} INFO - Created Permission View: can create on DAG Run:dataset_with_extra_by_context
[2024-11-24T08:42:59.242+0000] {logging_mixin.py:190} INFO - [2024-11-24T08:42:59.242+0000] {override.py:1911} INFO - Created Permission View: menu access on DAG Run:dataset_with_extra_by_context
[2024-11-24T08:42:59.263+0000] {logging_mixin.py:190} INFO - [2024-11-24T08:42:59.263+0000] {override.py:1911} INFO - Created Permission View: can read on DAG:dataset_with_extra_by_yield
[2024-11-24T08:42:59.274+0000] {logging_mixin.py:190} INFO - [2024-11-24T08:42:59.273+0000] {override.py:1911} INFO - Created Permission View: can edit on DAG:dataset_with_extra_by_yield
[2024-11-24T08:42:59.286+0000] {logging_mixin.py:190} INFO - [2024-11-24T08:42:59.285+0000] {override.py:1911} INFO - Created Permission View: can delete on DAG:dataset_with_extra_by_yield
[2024-11-24T08:42:59.300+0000] {logging_mixin.py:190} INFO - [2024-11-24T08:42:59.300+0000] {override.py:1911} INFO - Created Permission View: can read on DAG Run:dataset_with_extra_by_yield
[2024-11-24T08:42:59.313+0000] {logging_mixin.py:190} INFO - [2024-11-24T08:42:59.312+0000] {override.py:1911} INFO - Created Permission View: can delete on DAG Run:dataset_with_extra_by_yield
[2024-11-24T08:42:59.325+0000] {logging_mixin.py:190} INFO - [2024-11-24T08:42:59.325+0000] {override.py:1911} INFO - Created Permission View: can create on DAG Run:dataset_with_extra_by_yield
[2024-11-24T08:42:59.339+0000] {logging_mixin.py:190} INFO - [2024-11-24T08:42:59.338+0000] {override.py:1911} INFO - Created Permission View: menu access on DAG Run:dataset_with_extra_by_yield
[2024-11-24T08:42:59.340+0000] {logging_mixin.py:190} INFO - [2024-11-24T08:42:59.340+0000] {dag.py:3239} INFO - Sync 3 DAGs
[2024-11-24T08:42:59.363+0000] {logging_mixin.py:190} INFO - [2024-11-24T08:42:59.362+0000] {dag.py:3262} INFO - Creating ORM DAG for dataset_with_extra_by_context
[2024-11-24T08:42:59.364+0000] {logging_mixin.py:190} INFO - [2024-11-24T08:42:59.364+0000] {dag.py:3262} INFO - Creating ORM DAG for dataset_with_extra_from_classic_operator
[2024-11-24T08:42:59.366+0000] {logging_mixin.py:190} INFO - [2024-11-24T08:42:59.366+0000] {dag.py:3262} INFO - Creating ORM DAG for dataset_with_extra_by_yield
[2024-11-24T08:42:59.391+0000] {logging_mixin.py:190} INFO - [2024-11-24T08:42:59.391+0000] {dag.py:4180} INFO - Setting next_dagrun for dataset_with_extra_by_context to 2024-11-23 00:00:00+00:00, run_after=2024-11-24 00:00:00+00:00
[2024-11-24T08:42:59.395+0000] {logging_mixin.py:190} INFO - [2024-11-24T08:42:59.395+0000] {dag.py:4180} INFO - Setting next_dagrun for dataset_with_extra_by_yield to 2024-11-23 00:00:00+00:00, run_after=2024-11-24 00:00:00+00:00
[2024-11-24T08:42:59.397+0000] {logging_mixin.py:190} INFO - [2024-11-24T08:42:59.397+0000] {dag.py:4180} INFO - Setting next_dagrun for dataset_with_extra_from_classic_operator to 2024-11-23 00:00:00+00:00, run_after=2024-11-24 00:00:00+00:00
[2024-11-24T08:42:59.437+0000] {processor.py:208} INFO - Processing /home/airflow/.local/lib/python3.12/site-packages/airflow/example_dags/example_outlet_event_extra.py took 1.537 seconds
[2024-11-24T08:43:29.649+0000] {processor.py:186} INFO - Started process (PID=594) to work on /home/airflow/.local/lib/python3.12/site-packages/airflow/example_dags/example_outlet_event_extra.py
[2024-11-24T08:43:29.651+0000] {processor.py:914} INFO - Processing file /home/airflow/.local/lib/python3.12/site-packages/airflow/example_dags/example_outlet_event_extra.py for tasks to queue
[2024-11-24T08:43:29.655+0000] {logging_mixin.py:190} INFO - [2024-11-24T08:43:29.654+0000] {dagbag.py:588} INFO - Filling up the DagBag from /home/airflow/.local/lib/python3.12/site-packages/airflow/example_dags/example_outlet_event_extra.py
[2024-11-24T08:43:30.520+0000] {processor.py:925} INFO - DAG(s) 'dataset_with_extra_from_classic_operator', 'dataset_with_extra_by_yield', 'dataset_with_extra_by_context' retrieved from /home/airflow/.local/lib/python3.12/site-packages/airflow/example_dags/example_outlet_event_extra.py
[2024-11-24T08:43:30.559+0000] {logging_mixin.py:190} INFO - [2024-11-24T08:43:30.559+0000] {dag.py:3239} INFO - Sync 3 DAGs
[2024-11-24T08:43:30.614+0000] {logging_mixin.py:190} INFO - [2024-11-24T08:43:30.614+0000] {dag.py:4180} INFO - Setting next_dagrun for dataset_with_extra_by_context to 2024-11-23 00:00:00+00:00, run_after=2024-11-24 00:00:00+00:00
[2024-11-24T08:43:30.628+0000] {logging_mixin.py:190} INFO - [2024-11-24T08:43:30.627+0000] {dag.py:4180} INFO - Setting next_dagrun for dataset_with_extra_by_yield to 2024-11-23 00:00:00+00:00, run_after=2024-11-24 00:00:00+00:00
[2024-11-24T08:43:30.634+0000] {logging_mixin.py:190} INFO - [2024-11-24T08:43:30.634+0000] {dag.py:4180} INFO - Setting next_dagrun for dataset_with_extra_from_classic_operator to 2024-11-23 00:00:00+00:00, run_after=2024-11-24 00:00:00+00:00
[2024-11-24T08:43:30.685+0000] {processor.py:208} INFO - Processing /home/airflow/.local/lib/python3.12/site-packages/airflow/example_dags/example_outlet_event_extra.py took 1.051 seconds
[2024-11-24T08:44:00.764+0000] {processor.py:186} INFO - Started process (PID=885) to work on /home/airflow/.local/lib/python3.12/site-packages/airflow/example_dags/example_outlet_event_extra.py
[2024-11-24T08:44:00.771+0000] {processor.py:914} INFO - Processing file /home/airflow/.local/lib/python3.12/site-packages/airflow/example_dags/example_outlet_event_extra.py for tasks to queue
[2024-11-24T08:44:00.773+0000] {logging_mixin.py:190} INFO - [2024-11-24T08:44:00.773+0000] {dagbag.py:588} INFO - Filling up the DagBag from /home/airflow/.local/lib/python3.12/site-packages/airflow/example_dags/example_outlet_event_extra.py
[2024-11-24T08:44:01.400+0000] {processor.py:925} INFO - DAG(s) 'dataset_with_extra_by_context', 'dataset_with_extra_from_classic_operator', 'dataset_with_extra_by_yield' retrieved from /home/airflow/.local/lib/python3.12/site-packages/airflow/example_dags/example_outlet_event_extra.py
[2024-11-24T08:44:01.428+0000] {logging_mixin.py:190} INFO - [2024-11-24T08:44:01.428+0000] {dag.py:3239} INFO - Sync 3 DAGs
[2024-11-24T08:44:01.456+0000] {logging_mixin.py:190} INFO - [2024-11-24T08:44:01.456+0000] {dag.py:4180} INFO - Setting next_dagrun for dataset_with_extra_by_context to 2024-11-23 00:00:00+00:00, run_after=2024-11-24 00:00:00+00:00
[2024-11-24T08:44:01.461+0000] {logging_mixin.py:190} INFO - [2024-11-24T08:44:01.461+0000] {dag.py:4180} INFO - Setting next_dagrun for dataset_with_extra_by_yield to 2024-11-23 00:00:00+00:00, run_after=2024-11-24 00:00:00+00:00
[2024-11-24T08:44:01.464+0000] {logging_mixin.py:190} INFO - [2024-11-24T08:44:01.464+0000] {dag.py:4180} INFO - Setting next_dagrun for dataset_with_extra_from_classic_operator to 2024-11-23 00:00:00+00:00, run_after=2024-11-24 00:00:00+00:00
[2024-11-24T08:44:01.491+0000] {processor.py:208} INFO - Processing /home/airflow/.local/lib/python3.12/site-packages/airflow/example_dags/example_outlet_event_extra.py took 0.734 seconds
[2024-11-24T08:44:31.750+0000] {processor.py:186} INFO - Started process (PID=1176) to work on /home/airflow/.local/lib/python3.12/site-packages/airflow/example_dags/example_outlet_event_extra.py
[2024-11-24T08:44:31.754+0000] {processor.py:914} INFO - Processing file /home/airflow/.local/lib/python3.12/site-packages/airflow/example_dags/example_outlet_event_extra.py for tasks to queue
[2024-11-24T08:44:31.757+0000] {logging_mixin.py:190} INFO - [2024-11-24T08:44:31.757+0000] {dagbag.py:588} INFO - Filling up the DagBag from /home/airflow/.local/lib/python3.12/site-packages/airflow/example_dags/example_outlet_event_extra.py
[2024-11-24T08:44:32.379+0000] {processor.py:925} INFO - DAG(s) 'dataset_with_extra_by_yield', 'dataset_with_extra_from_classic_operator', 'dataset_with_extra_by_context' retrieved from /home/airflow/.local/lib/python3.12/site-packages/airflow/example_dags/example_outlet_event_extra.py
[2024-11-24T08:44:32.406+0000] {logging_mixin.py:190} INFO - [2024-11-24T08:44:32.405+0000] {dag.py:3239} INFO - Sync 3 DAGs
[2024-11-24T08:44:32.434+0000] {logging_mixin.py:190} INFO - [2024-11-24T08:44:32.434+0000] {dag.py:4180} INFO - Setting next_dagrun for dataset_with_extra_by_context to 2024-11-23 00:00:00+00:00, run_after=2024-11-24 00:00:00+00:00
[2024-11-24T08:44:32.439+0000] {logging_mixin.py:190} INFO - [2024-11-24T08:44:32.439+0000] {dag.py:4180} INFO - Setting next_dagrun for dataset_with_extra_by_yield to 2024-11-23 00:00:00+00:00, run_after=2024-11-24 00:00:00+00:00
[2024-11-24T08:44:32.441+0000] {logging_mixin.py:190} INFO - [2024-11-24T08:44:32.441+0000] {dag.py:4180} INFO - Setting next_dagrun for dataset_with_extra_from_classic_operator to 2024-11-23 00:00:00+00:00, run_after=2024-11-24 00:00:00+00:00
[2024-11-24T08:44:32.463+0000] {processor.py:208} INFO - Processing /home/airflow/.local/lib/python3.12/site-packages/airflow/example_dags/example_outlet_event_extra.py took 0.717 seconds
[2024-11-24T08:45:02.706+0000] {processor.py:186} INFO - Started process (PID=1467) to work on /home/airflow/.local/lib/python3.12/site-packages/airflow/example_dags/example_outlet_event_extra.py
[2024-11-24T08:45:02.707+0000] {processor.py:914} INFO - Processing file /home/airflow/.local/lib/python3.12/site-packages/airflow/example_dags/example_outlet_event_extra.py for tasks to queue
[2024-11-24T08:45:02.709+0000] {logging_mixin.py:190} INFO - [2024-11-24T08:45:02.709+0000] {dagbag.py:588} INFO - Filling up the DagBag from /home/airflow/.local/lib/python3.12/site-packages/airflow/example_dags/example_outlet_event_extra.py
[2024-11-24T08:45:03.320+0000] {processor.py:925} INFO - DAG(s) 'dataset_with_extra_by_context', 'dataset_with_extra_by_yield', 'dataset_with_extra_from_classic_operator' retrieved from /home/airflow/.local/lib/python3.12/site-packages/airflow/example_dags/example_outlet_event_extra.py
[2024-11-24T08:45:03.349+0000] {logging_mixin.py:190} INFO - [2024-11-24T08:45:03.349+0000] {dag.py:3239} INFO - Sync 3 DAGs
[2024-11-24T08:45:03.376+0000] {logging_mixin.py:190} INFO - [2024-11-24T08:45:03.376+0000] {dag.py:4180} INFO - Setting next_dagrun for dataset_with_extra_by_context to 2024-11-23 00:00:00+00:00, run_after=2024-11-24 00:00:00+00:00
[2024-11-24T08:45:03.381+0000] {logging_mixin.py:190} INFO - [2024-11-24T08:45:03.381+0000] {dag.py:4180} INFO - Setting next_dagrun for dataset_with_extra_by_yield to 2024-11-23 00:00:00+00:00, run_after=2024-11-24 00:00:00+00:00
[2024-11-24T08:45:03.384+0000] {logging_mixin.py:190} INFO - [2024-11-24T08:45:03.384+0000] {dag.py:4180} INFO - Setting next_dagrun for dataset_with_extra_from_classic_operator to 2024-11-23 00:00:00+00:00, run_after=2024-11-24 00:00:00+00:00
[2024-11-24T08:45:03.405+0000] {processor.py:208} INFO - Processing /home/airflow/.local/lib/python3.12/site-packages/airflow/example_dags/example_outlet_event_extra.py took 0.706 seconds
[2024-11-24T08:45:34.070+0000] {processor.py:186} INFO - Started process (PID=1758) to work on /home/airflow/.local/lib/python3.12/site-packages/airflow/example_dags/example_outlet_event_extra.py
[2024-11-24T08:45:34.071+0000] {processor.py:914} INFO - Processing file /home/airflow/.local/lib/python3.12/site-packages/airflow/example_dags/example_outlet_event_extra.py for tasks to queue
[2024-11-24T08:45:34.075+0000] {logging_mixin.py:190} INFO - [2024-11-24T08:45:34.075+0000] {dagbag.py:588} INFO - Filling up the DagBag from /home/airflow/.local/lib/python3.12/site-packages/airflow/example_dags/example_outlet_event_extra.py
[2024-11-24T08:45:35.069+0000] {processor.py:925} INFO - DAG(s) 'dataset_with_extra_by_context', 'dataset_with_extra_by_yield', 'dataset_with_extra_from_classic_operator' retrieved from /home/airflow/.local/lib/python3.12/site-packages/airflow/example_dags/example_outlet_event_extra.py
[2024-11-24T08:45:35.102+0000] {logging_mixin.py:190} INFO - [2024-11-24T08:45:35.102+0000] {dag.py:3239} INFO - Sync 3 DAGs
[2024-11-24T08:45:35.139+0000] {logging_mixin.py:190} INFO - [2024-11-24T08:45:35.139+0000] {dag.py:4180} INFO - Setting next_dagrun for dataset_with_extra_by_context to 2024-11-23 00:00:00+00:00, run_after=2024-11-24 00:00:00+00:00
[2024-11-24T08:45:35.146+0000] {logging_mixin.py:190} INFO - [2024-11-24T08:45:35.146+0000] {dag.py:4180} INFO - Setting next_dagrun for dataset_with_extra_by_yield to 2024-11-23 00:00:00+00:00, run_after=2024-11-24 00:00:00+00:00
[2024-11-24T08:45:35.151+0000] {logging_mixin.py:190} INFO - [2024-11-24T08:45:35.150+0000] {dag.py:4180} INFO - Setting next_dagrun for dataset_with_extra_from_classic_operator to 2024-11-23 00:00:00+00:00, run_after=2024-11-24 00:00:00+00:00
[2024-11-24T08:45:35.177+0000] {processor.py:208} INFO - Processing /home/airflow/.local/lib/python3.12/site-packages/airflow/example_dags/example_outlet_event_extra.py took 1.117 seconds
[2024-11-24T08:46:05.305+0000] {processor.py:186} INFO - Started process (PID=2049) to work on /home/airflow/.local/lib/python3.12/site-packages/airflow/example_dags/example_outlet_event_extra.py
[2024-11-24T08:46:05.306+0000] {processor.py:914} INFO - Processing file /home/airflow/.local/lib/python3.12/site-packages/airflow/example_dags/example_outlet_event_extra.py for tasks to queue
[2024-11-24T08:46:05.309+0000] {logging_mixin.py:190} INFO - [2024-11-24T08:46:05.308+0000] {dagbag.py:588} INFO - Filling up the DagBag from /home/airflow/.local/lib/python3.12/site-packages/airflow/example_dags/example_outlet_event_extra.py
[2024-11-24T08:46:05.919+0000] {processor.py:925} INFO - DAG(s) 'dataset_with_extra_by_context', 'dataset_with_extra_by_yield', 'dataset_with_extra_from_classic_operator' retrieved from /home/airflow/.local/lib/python3.12/site-packages/airflow/example_dags/example_outlet_event_extra.py
[2024-11-24T08:46:05.943+0000] {logging_mixin.py:190} INFO - [2024-11-24T08:46:05.942+0000] {dag.py:3239} INFO - Sync 3 DAGs
[2024-11-24T08:46:05.968+0000] {logging_mixin.py:190} INFO - [2024-11-24T08:46:05.968+0000] {dag.py:4180} INFO - Setting next_dagrun for dataset_with_extra_by_context to 2024-11-23 00:00:00+00:00, run_after=2024-11-24 00:00:00+00:00
[2024-11-24T08:46:05.974+0000] {logging_mixin.py:190} INFO - [2024-11-24T08:46:05.973+0000] {dag.py:4180} INFO - Setting next_dagrun for dataset_with_extra_by_yield to 2024-11-23 00:00:00+00:00, run_after=2024-11-24 00:00:00+00:00
[2024-11-24T08:46:05.977+0000] {logging_mixin.py:190} INFO - [2024-11-24T08:46:05.977+0000] {dag.py:4180} INFO - Setting next_dagrun for dataset_with_extra_from_classic_operator to 2024-11-23 00:00:00+00:00, run_after=2024-11-24 00:00:00+00:00
[2024-11-24T08:46:06.001+0000] {processor.py:208} INFO - Processing /home/airflow/.local/lib/python3.12/site-packages/airflow/example_dags/example_outlet_event_extra.py took 0.703 seconds
[2024-11-24T08:46:37.012+0000] {processor.py:186} INFO - Started process (PID=2340) to work on /home/airflow/.local/lib/python3.12/site-packages/airflow/example_dags/example_outlet_event_extra.py
[2024-11-24T08:46:37.014+0000] {processor.py:914} INFO - Processing file /home/airflow/.local/lib/python3.12/site-packages/airflow/example_dags/example_outlet_event_extra.py for tasks to queue
[2024-11-24T08:46:37.018+0000] {logging_mixin.py:190} INFO - [2024-11-24T08:46:37.017+0000] {dagbag.py:588} INFO - Filling up the DagBag from /home/airflow/.local/lib/python3.12/site-packages/airflow/example_dags/example_outlet_event_extra.py
[2024-11-24T08:46:37.812+0000] {processor.py:925} INFO - DAG(s) 'dataset_with_extra_by_yield', 'dataset_with_extra_by_context', 'dataset_with_extra_from_classic_operator' retrieved from /home/airflow/.local/lib/python3.12/site-packages/airflow/example_dags/example_outlet_event_extra.py
[2024-11-24T08:46:37.846+0000] {logging_mixin.py:190} INFO - [2024-11-24T08:46:37.846+0000] {dag.py:3239} INFO - Sync 3 DAGs
[2024-11-24T08:46:37.879+0000] {logging_mixin.py:190} INFO - [2024-11-24T08:46:37.879+0000] {dag.py:4180} INFO - Setting next_dagrun for dataset_with_extra_by_context to 2024-11-23 00:00:00+00:00, run_after=2024-11-24 00:00:00+00:00
[2024-11-24T08:46:37.889+0000] {logging_mixin.py:190} INFO - [2024-11-24T08:46:37.889+0000] {dag.py:4180} INFO - Setting next_dagrun for dataset_with_extra_by_yield to 2024-11-23 00:00:00+00:00, run_after=2024-11-24 00:00:00+00:00
[2024-11-24T08:46:37.895+0000] {logging_mixin.py:190} INFO - [2024-11-24T08:46:37.894+0000] {dag.py:4180} INFO - Setting next_dagrun for dataset_with_extra_from_classic_operator to 2024-11-23 00:00:00+00:00, run_after=2024-11-24 00:00:00+00:00
[2024-11-24T08:46:37.925+0000] {processor.py:208} INFO - Processing /home/airflow/.local/lib/python3.12/site-packages/airflow/example_dags/example_outlet_event_extra.py took 0.921 seconds
[2024-11-24T08:47:08.671+0000] {processor.py:186} INFO - Started process (PID=2631) to work on /home/airflow/.local/lib/python3.12/site-packages/airflow/example_dags/example_outlet_event_extra.py
[2024-11-24T08:47:08.673+0000] {processor.py:914} INFO - Processing file /home/airflow/.local/lib/python3.12/site-packages/airflow/example_dags/example_outlet_event_extra.py for tasks to queue
[2024-11-24T08:47:08.677+0000] {logging_mixin.py:190} INFO - [2024-11-24T08:47:08.676+0000] {dagbag.py:588} INFO - Filling up the DagBag from /home/airflow/.local/lib/python3.12/site-packages/airflow/example_dags/example_outlet_event_extra.py
[2024-11-24T08:47:09.322+0000] {processor.py:925} INFO - DAG(s) 'dataset_with_extra_from_classic_operator', 'dataset_with_extra_by_yield', 'dataset_with_extra_by_context' retrieved from /home/airflow/.local/lib/python3.12/site-packages/airflow/example_dags/example_outlet_event_extra.py
[2024-11-24T08:47:09.357+0000] {logging_mixin.py:190} INFO - [2024-11-24T08:47:09.356+0000] {dag.py:3239} INFO - Sync 3 DAGs
[2024-11-24T08:47:09.436+0000] {logging_mixin.py:190} INFO - [2024-11-24T08:47:09.436+0000] {dag.py:4180} INFO - Setting next_dagrun for dataset_with_extra_by_context to 2024-11-23 00:00:00+00:00, run_after=2024-11-24 00:00:00+00:00
[2024-11-24T08:47:09.462+0000] {logging_mixin.py:190} INFO - [2024-11-24T08:47:09.461+0000] {dag.py:4180} INFO - Setting next_dagrun for dataset_with_extra_by_yield to 2024-11-23 00:00:00+00:00, run_after=2024-11-24 00:00:00+00:00
[2024-11-24T08:47:09.480+0000] {logging_mixin.py:190} INFO - [2024-11-24T08:47:09.480+0000] {dag.py:4180} INFO - Setting next_dagrun for dataset_with_extra_from_classic_operator to 2024-11-23 00:00:00+00:00, run_after=2024-11-24 00:00:00+00:00
[2024-11-24T08:47:09.523+0000] {processor.py:208} INFO - Processing /home/airflow/.local/lib/python3.12/site-packages/airflow/example_dags/example_outlet_event_extra.py took 0.858 seconds
[2024-11-24T08:47:40.230+0000] {processor.py:186} INFO - Started process (PID=2922) to work on /home/airflow/.local/lib/python3.12/site-packages/airflow/example_dags/example_outlet_event_extra.py
[2024-11-24T08:47:40.232+0000] {processor.py:914} INFO - Processing file /home/airflow/.local/lib/python3.12/site-packages/airflow/example_dags/example_outlet_event_extra.py for tasks to queue
[2024-11-24T08:47:40.236+0000] {logging_mixin.py:190} INFO - [2024-11-24T08:47:40.236+0000] {dagbag.py:588} INFO - Filling up the DagBag from /home/airflow/.local/lib/python3.12/site-packages/airflow/example_dags/example_outlet_event_extra.py
[2024-11-24T08:47:41.023+0000] {processor.py:925} INFO - DAG(s) 'dataset_with_extra_by_context', 'dataset_with_extra_by_yield', 'dataset_with_extra_from_classic_operator' retrieved from /home/airflow/.local/lib/python3.12/site-packages/airflow/example_dags/example_outlet_event_extra.py
[2024-11-24T08:47:41.056+0000] {logging_mixin.py:190} INFO - [2024-11-24T08:47:41.056+0000] {dag.py:3239} INFO - Sync 3 DAGs
[2024-11-24T08:47:41.094+0000] {logging_mixin.py:190} INFO - [2024-11-24T08:47:41.094+0000] {dag.py:4180} INFO - Setting next_dagrun for dataset_with_extra_by_context to 2024-11-23 00:00:00+00:00, run_after=2024-11-24 00:00:00+00:00
[2024-11-24T08:47:41.102+0000] {logging_mixin.py:190} INFO - [2024-11-24T08:47:41.102+0000] {dag.py:4180} INFO - Setting next_dagrun for dataset_with_extra_by_yield to 2024-11-23 00:00:00+00:00, run_after=2024-11-24 00:00:00+00:00
[2024-11-24T08:47:41.106+0000] {logging_mixin.py:190} INFO - [2024-11-24T08:47:41.106+0000] {dag.py:4180} INFO - Setting next_dagrun for dataset_with_extra_from_classic_operator to 2024-11-23 00:00:00+00:00, run_after=2024-11-24 00:00:00+00:00
[2024-11-24T08:47:41.140+0000] {processor.py:208} INFO - Processing /home/airflow/.local/lib/python3.12/site-packages/airflow/example_dags/example_outlet_event_extra.py took 0.917 seconds
[2024-11-24T08:48:11.510+0000] {processor.py:186} INFO - Started process (PID=3213) to work on /home/airflow/.local/lib/python3.12/site-packages/airflow/example_dags/example_outlet_event_extra.py
[2024-11-24T08:48:11.511+0000] {processor.py:914} INFO - Processing file /home/airflow/.local/lib/python3.12/site-packages/airflow/example_dags/example_outlet_event_extra.py for tasks to queue
[2024-11-24T08:48:11.515+0000] {logging_mixin.py:190} INFO - [2024-11-24T08:48:11.514+0000] {dagbag.py:588} INFO - Filling up the DagBag from /home/airflow/.local/lib/python3.12/site-packages/airflow/example_dags/example_outlet_event_extra.py
[2024-11-24T08:48:12.399+0000] {processor.py:925} INFO - DAG(s) 'dataset_with_extra_by_context', 'dataset_with_extra_by_yield', 'dataset_with_extra_from_classic_operator' retrieved from /home/airflow/.local/lib/python3.12/site-packages/airflow/example_dags/example_outlet_event_extra.py
[2024-11-24T08:48:12.458+0000] {logging_mixin.py:190} INFO - [2024-11-24T08:48:12.457+0000] {dag.py:3239} INFO - Sync 3 DAGs
[2024-11-24T08:48:12.499+0000] {logging_mixin.py:190} INFO - [2024-11-24T08:48:12.499+0000] {dag.py:4180} INFO - Setting next_dagrun for dataset_with_extra_by_context to 2024-11-23 00:00:00+00:00, run_after=2024-11-24 00:00:00+00:00
[2024-11-24T08:48:12.517+0000] {logging_mixin.py:190} INFO - [2024-11-24T08:48:12.515+0000] {dag.py:4180} INFO - Setting next_dagrun for dataset_with_extra_by_yield to 2024-11-23 00:00:00+00:00, run_after=2024-11-24 00:00:00+00:00
[2024-11-24T08:48:12.522+0000] {logging_mixin.py:190} INFO - [2024-11-24T08:48:12.521+0000] {dag.py:4180} INFO - Setting next_dagrun for dataset_with_extra_from_classic_operator to 2024-11-23 00:00:00+00:00, run_after=2024-11-24 00:00:00+00:00
[2024-11-24T08:48:12.595+0000] {processor.py:208} INFO - Processing /home/airflow/.local/lib/python3.12/site-packages/airflow/example_dags/example_outlet_event_extra.py took 1.092 seconds
[2024-11-24T08:48:43.035+0000] {processor.py:186} INFO - Started process (PID=3504) to work on /home/airflow/.local/lib/python3.12/site-packages/airflow/example_dags/example_outlet_event_extra.py
[2024-11-24T08:48:43.037+0000] {processor.py:914} INFO - Processing file /home/airflow/.local/lib/python3.12/site-packages/airflow/example_dags/example_outlet_event_extra.py for tasks to queue
[2024-11-24T08:48:43.040+0000] {logging_mixin.py:190} INFO - [2024-11-24T08:48:43.040+0000] {dagbag.py:588} INFO - Filling up the DagBag from /home/airflow/.local/lib/python3.12/site-packages/airflow/example_dags/example_outlet_event_extra.py
[2024-11-24T08:48:44.089+0000] {processor.py:925} INFO - DAG(s) 'dataset_with_extra_by_context', 'dataset_with_extra_by_yield', 'dataset_with_extra_from_classic_operator' retrieved from /home/airflow/.local/lib/python3.12/site-packages/airflow/example_dags/example_outlet_event_extra.py
[2024-11-24T08:48:44.157+0000] {logging_mixin.py:190} INFO - [2024-11-24T08:48:44.157+0000] {dag.py:3239} INFO - Sync 3 DAGs
[2024-11-24T08:48:44.278+0000] {logging_mixin.py:190} INFO - [2024-11-24T08:48:44.278+0000] {dag.py:4180} INFO - Setting next_dagrun for dataset_with_extra_by_context to 2024-11-23 00:00:00+00:00, run_after=2024-11-24 00:00:00+00:00
[2024-11-24T08:48:44.289+0000] {logging_mixin.py:190} INFO - [2024-11-24T08:48:44.289+0000] {dag.py:4180} INFO - Setting next_dagrun for dataset_with_extra_by_yield to 2024-11-23 00:00:00+00:00, run_after=2024-11-24 00:00:00+00:00
[2024-11-24T08:48:44.295+0000] {logging_mixin.py:190} INFO - [2024-11-24T08:48:44.294+0000] {dag.py:4180} INFO - Setting next_dagrun for dataset_with_extra_from_classic_operator to 2024-11-23 00:00:00+00:00, run_after=2024-11-24 00:00:00+00:00
[2024-11-24T08:48:44.334+0000] {processor.py:208} INFO - Processing /home/airflow/.local/lib/python3.12/site-packages/airflow/example_dags/example_outlet_event_extra.py took 1.311 seconds
[2024-11-24T08:49:14.457+0000] {processor.py:186} INFO - Started process (PID=3795) to work on /home/airflow/.local/lib/python3.12/site-packages/airflow/example_dags/example_outlet_event_extra.py
[2024-11-24T08:49:14.459+0000] {processor.py:914} INFO - Processing file /home/airflow/.local/lib/python3.12/site-packages/airflow/example_dags/example_outlet_event_extra.py for tasks to queue
[2024-11-24T08:49:14.463+0000] {logging_mixin.py:190} INFO - [2024-11-24T08:49:14.463+0000] {dagbag.py:588} INFO - Filling up the DagBag from /home/airflow/.local/lib/python3.12/site-packages/airflow/example_dags/example_outlet_event_extra.py
[2024-11-24T08:49:15.407+0000] {processor.py:925} INFO - DAG(s) 'dataset_with_extra_from_classic_operator', 'dataset_with_extra_by_yield', 'dataset_with_extra_by_context' retrieved from /home/airflow/.local/lib/python3.12/site-packages/airflow/example_dags/example_outlet_event_extra.py
[2024-11-24T08:49:15.516+0000] {logging_mixin.py:190} INFO - [2024-11-24T08:49:15.516+0000] {dag.py:3239} INFO - Sync 3 DAGs
[2024-11-24T08:49:15.629+0000] {logging_mixin.py:190} INFO - [2024-11-24T08:49:15.629+0000] {dag.py:4180} INFO - Setting next_dagrun for dataset_with_extra_by_context to 2024-11-23 00:00:00+00:00, run_after=2024-11-24 00:00:00+00:00
[2024-11-24T08:49:15.640+0000] {logging_mixin.py:190} INFO - [2024-11-24T08:49:15.640+0000] {dag.py:4180} INFO - Setting next_dagrun for dataset_with_extra_by_yield to 2024-11-23 00:00:00+00:00, run_after=2024-11-24 00:00:00+00:00
[2024-11-24T08:49:15.645+0000] {logging_mixin.py:190} INFO - [2024-11-24T08:49:15.644+0000] {dag.py:4180} INFO - Setting next_dagrun for dataset_with_extra_from_classic_operator to 2024-11-23 00:00:00+00:00, run_after=2024-11-24 00:00:00+00:00
[2024-11-24T08:49:15.686+0000] {processor.py:208} INFO - Processing /home/airflow/.local/lib/python3.12/site-packages/airflow/example_dags/example_outlet_event_extra.py took 1.239 seconds
[2024-11-24T08:49:45.947+0000] {processor.py:186} INFO - Started process (PID=4086) to work on /home/airflow/.local/lib/python3.12/site-packages/airflow/example_dags/example_outlet_event_extra.py
[2024-11-24T08:49:45.948+0000] {processor.py:914} INFO - Processing file /home/airflow/.local/lib/python3.12/site-packages/airflow/example_dags/example_outlet_event_extra.py for tasks to queue
[2024-11-24T08:49:45.951+0000] {logging_mixin.py:190} INFO - [2024-11-24T08:49:45.951+0000] {dagbag.py:588} INFO - Filling up the DagBag from /home/airflow/.local/lib/python3.12/site-packages/airflow/example_dags/example_outlet_event_extra.py
[2024-11-24T08:49:46.963+0000] {processor.py:925} INFO - DAG(s) 'dataset_with_extra_from_classic_operator', 'dataset_with_extra_by_context', 'dataset_with_extra_by_yield' retrieved from /home/airflow/.local/lib/python3.12/site-packages/airflow/example_dags/example_outlet_event_extra.py
[2024-11-24T08:49:47.139+0000] {logging_mixin.py:190} INFO - [2024-11-24T08:49:47.139+0000] {dag.py:3239} INFO - Sync 3 DAGs
[2024-11-24T08:49:47.258+0000] {logging_mixin.py:190} INFO - [2024-11-24T08:49:47.257+0000] {dag.py:4180} INFO - Setting next_dagrun for dataset_with_extra_by_context to 2024-11-23 00:00:00+00:00, run_after=2024-11-24 00:00:00+00:00
[2024-11-24T08:49:47.273+0000] {logging_mixin.py:190} INFO - [2024-11-24T08:49:47.272+0000] {dag.py:4180} INFO - Setting next_dagrun for dataset_with_extra_by_yield to 2024-11-23 00:00:00+00:00, run_after=2024-11-24 00:00:00+00:00
[2024-11-24T08:49:47.281+0000] {logging_mixin.py:190} INFO - [2024-11-24T08:49:47.281+0000] {dag.py:4180} INFO - Setting next_dagrun for dataset_with_extra_from_classic_operator to 2024-11-23 00:00:00+00:00, run_after=2024-11-24 00:00:00+00:00
[2024-11-24T08:49:47.335+0000] {processor.py:208} INFO - Processing /home/airflow/.local/lib/python3.12/site-packages/airflow/example_dags/example_outlet_event_extra.py took 1.396 seconds
[2024-11-24T08:50:19.931+0000] {processor.py:186} INFO - Started process (PID=4377) to work on /home/airflow/.local/lib/python3.12/site-packages/airflow/example_dags/example_outlet_event_extra.py
[2024-11-24T08:50:19.935+0000] {processor.py:914} INFO - Processing file /home/airflow/.local/lib/python3.12/site-packages/airflow/example_dags/example_outlet_event_extra.py for tasks to queue
[2024-11-24T08:50:19.948+0000] {logging_mixin.py:190} INFO - [2024-11-24T08:50:19.947+0000] {dagbag.py:588} INFO - Filling up the DagBag from /home/airflow/.local/lib/python3.12/site-packages/airflow/example_dags/example_outlet_event_extra.py
[2024-11-24T08:50:21.683+0000] {processor.py:925} INFO - DAG(s) 'dataset_with_extra_by_yield', 'dataset_with_extra_from_classic_operator', 'dataset_with_extra_by_context' retrieved from /home/airflow/.local/lib/python3.12/site-packages/airflow/example_dags/example_outlet_event_extra.py
[2024-11-24T08:50:21.725+0000] {logging_mixin.py:190} INFO - [2024-11-24T08:50:21.725+0000] {dag.py:3239} INFO - Sync 3 DAGs
[2024-11-24T08:50:21.769+0000] {logging_mixin.py:190} INFO - [2024-11-24T08:50:21.769+0000] {dag.py:4180} INFO - Setting next_dagrun for dataset_with_extra_by_context to 2024-11-23 00:00:00+00:00, run_after=2024-11-24 00:00:00+00:00
[2024-11-24T08:50:21.778+0000] {logging_mixin.py:190} INFO - [2024-11-24T08:50:21.778+0000] {dag.py:4180} INFO - Setting next_dagrun for dataset_with_extra_by_yield to 2024-11-23 00:00:00+00:00, run_after=2024-11-24 00:00:00+00:00
[2024-11-24T08:50:21.785+0000] {logging_mixin.py:190} INFO - [2024-11-24T08:50:21.784+0000] {dag.py:4180} INFO - Setting next_dagrun for dataset_with_extra_from_classic_operator to 2024-11-23 00:00:00+00:00, run_after=2024-11-24 00:00:00+00:00
[2024-11-24T08:50:21.827+0000] {processor.py:208} INFO - Processing /home/airflow/.local/lib/python3.12/site-packages/airflow/example_dags/example_outlet_event_extra.py took 1.931 seconds
[2024-11-24T08:50:51.977+0000] {processor.py:186} INFO - Started process (PID=4668) to work on /home/airflow/.local/lib/python3.12/site-packages/airflow/example_dags/example_outlet_event_extra.py
[2024-11-24T08:50:51.979+0000] {processor.py:914} INFO - Processing file /home/airflow/.local/lib/python3.12/site-packages/airflow/example_dags/example_outlet_event_extra.py for tasks to queue
[2024-11-24T08:50:51.983+0000] {logging_mixin.py:190} INFO - [2024-11-24T08:50:51.983+0000] {dagbag.py:588} INFO - Filling up the DagBag from /home/airflow/.local/lib/python3.12/site-packages/airflow/example_dags/example_outlet_event_extra.py
[2024-11-24T08:50:55.791+0000] {processor.py:925} INFO - DAG(s) 'dataset_with_extra_by_yield', 'dataset_with_extra_from_classic_operator', 'dataset_with_extra_by_context' retrieved from /home/airflow/.local/lib/python3.12/site-packages/airflow/example_dags/example_outlet_event_extra.py
[2024-11-24T08:50:55.977+0000] {logging_mixin.py:190} INFO - [2024-11-24T08:50:55.976+0000] {dag.py:3239} INFO - Sync 3 DAGs
[2024-11-24T08:50:56.052+0000] {logging_mixin.py:190} INFO - [2024-11-24T08:50:56.051+0000] {dag.py:4180} INFO - Setting next_dagrun for dataset_with_extra_by_context to 2024-11-23 00:00:00+00:00, run_after=2024-11-24 00:00:00+00:00
[2024-11-24T08:50:56.068+0000] {logging_mixin.py:190} INFO - [2024-11-24T08:50:56.067+0000] {dag.py:4180} INFO - Setting next_dagrun for dataset_with_extra_by_yield to 2024-11-23 00:00:00+00:00, run_after=2024-11-24 00:00:00+00:00
[2024-11-24T08:50:56.077+0000] {logging_mixin.py:190} INFO - [2024-11-24T08:50:56.076+0000] {dag.py:4180} INFO - Setting next_dagrun for dataset_with_extra_from_classic_operator to 2024-11-23 00:00:00+00:00, run_after=2024-11-24 00:00:00+00:00
[2024-11-24T08:50:56.124+0000] {processor.py:208} INFO - Processing /home/airflow/.local/lib/python3.12/site-packages/airflow/example_dags/example_outlet_event_extra.py took 4.170 seconds
[2024-11-24T08:51:26.652+0000] {processor.py:186} INFO - Started process (PID=4964) to work on /home/airflow/.local/lib/python3.12/site-packages/airflow/example_dags/example_outlet_event_extra.py
[2024-11-24T08:51:26.654+0000] {processor.py:914} INFO - Processing file /home/airflow/.local/lib/python3.12/site-packages/airflow/example_dags/example_outlet_event_extra.py for tasks to queue
[2024-11-24T08:51:26.657+0000] {logging_mixin.py:190} INFO - [2024-11-24T08:51:26.657+0000] {dagbag.py:588} INFO - Filling up the DagBag from /home/airflow/.local/lib/python3.12/site-packages/airflow/example_dags/example_outlet_event_extra.py
[2024-11-24T08:51:27.722+0000] {processor.py:925} INFO - DAG(s) 'dataset_with_extra_by_yield', 'dataset_with_extra_from_classic_operator', 'dataset_with_extra_by_context' retrieved from /home/airflow/.local/lib/python3.12/site-packages/airflow/example_dags/example_outlet_event_extra.py
[2024-11-24T08:51:27.760+0000] {logging_mixin.py:190} INFO - [2024-11-24T08:51:27.760+0000] {dag.py:3239} INFO - Sync 3 DAGs
[2024-11-24T08:51:27.799+0000] {logging_mixin.py:190} INFO - [2024-11-24T08:51:27.799+0000] {dag.py:4180} INFO - Setting next_dagrun for dataset_with_extra_by_context to 2024-11-23 00:00:00+00:00, run_after=2024-11-24 00:00:00+00:00
[2024-11-24T08:51:27.809+0000] {logging_mixin.py:190} INFO - [2024-11-24T08:51:27.808+0000] {dag.py:4180} INFO - Setting next_dagrun for dataset_with_extra_by_yield to 2024-11-23 00:00:00+00:00, run_after=2024-11-24 00:00:00+00:00
[2024-11-24T08:51:27.816+0000] {logging_mixin.py:190} INFO - [2024-11-24T08:51:27.816+0000] {dag.py:4180} INFO - Setting next_dagrun for dataset_with_extra_from_classic_operator to 2024-11-23 00:00:00+00:00, run_after=2024-11-24 00:00:00+00:00
[2024-11-24T08:51:27.849+0000] {processor.py:208} INFO - Processing /home/airflow/.local/lib/python3.12/site-packages/airflow/example_dags/example_outlet_event_extra.py took 1.223 seconds
[2024-11-24T08:51:58.007+0000] {processor.py:186} INFO - Started process (PID=5265) to work on /home/airflow/.local/lib/python3.12/site-packages/airflow/example_dags/example_outlet_event_extra.py
[2024-11-24T08:51:58.009+0000] {processor.py:914} INFO - Processing file /home/airflow/.local/lib/python3.12/site-packages/airflow/example_dags/example_outlet_event_extra.py for tasks to queue
[2024-11-24T08:51:58.011+0000] {logging_mixin.py:190} INFO - [2024-11-24T08:51:58.011+0000] {dagbag.py:588} INFO - Filling up the DagBag from /home/airflow/.local/lib/python3.12/site-packages/airflow/example_dags/example_outlet_event_extra.py
[2024-11-24T08:51:58.555+0000] {processor.py:925} INFO - DAG(s) 'dataset_with_extra_from_classic_operator', 'dataset_with_extra_by_context', 'dataset_with_extra_by_yield' retrieved from /home/airflow/.local/lib/python3.12/site-packages/airflow/example_dags/example_outlet_event_extra.py
[2024-11-24T08:51:58.582+0000] {logging_mixin.py:190} INFO - [2024-11-24T08:51:58.582+0000] {dag.py:3239} INFO - Sync 3 DAGs
[2024-11-24T08:51:58.606+0000] {logging_mixin.py:190} INFO - [2024-11-24T08:51:58.606+0000] {dag.py:4180} INFO - Setting next_dagrun for dataset_with_extra_by_context to 2024-11-23 00:00:00+00:00, run_after=2024-11-24 00:00:00+00:00
[2024-11-24T08:51:58.611+0000] {logging_mixin.py:190} INFO - [2024-11-24T08:51:58.611+0000] {dag.py:4180} INFO - Setting next_dagrun for dataset_with_extra_by_yield to 2024-11-23 00:00:00+00:00, run_after=2024-11-24 00:00:00+00:00
[2024-11-24T08:51:58.614+0000] {logging_mixin.py:190} INFO - [2024-11-24T08:51:58.614+0000] {dag.py:4180} INFO - Setting next_dagrun for dataset_with_extra_from_classic_operator to 2024-11-23 00:00:00+00:00, run_after=2024-11-24 00:00:00+00:00
[2024-11-24T08:51:58.636+0000] {processor.py:208} INFO - Processing /home/airflow/.local/lib/python3.12/site-packages/airflow/example_dags/example_outlet_event_extra.py took 0.635 seconds
[2024-11-24T08:52:29.615+0000] {processor.py:186} INFO - Started process (PID=5575) to work on /home/airflow/.local/lib/python3.12/site-packages/airflow/example_dags/example_outlet_event_extra.py
[2024-11-24T08:52:29.622+0000] {processor.py:914} INFO - Processing file /home/airflow/.local/lib/python3.12/site-packages/airflow/example_dags/example_outlet_event_extra.py for tasks to queue
[2024-11-24T08:52:29.636+0000] {logging_mixin.py:190} INFO - [2024-11-24T08:52:29.636+0000] {dagbag.py:588} INFO - Filling up the DagBag from /home/airflow/.local/lib/python3.12/site-packages/airflow/example_dags/example_outlet_event_extra.py
[2024-11-24T08:52:31.940+0000] {logging_mixin.py:190} INFO - [2024-11-24T08:52:31.939+0000] {process_utils.py:266} INFO - Waiting up to 5 seconds for processes to exit...
[2024-11-24T08:52:31.942+0000] {logging_mixin.py:190} WARNING - Exception ignored in: <function WeakKeyDictionary.__init__.<locals>.remove at 0x7f025417fa60>
[2024-11-24T08:52:31.943+0000] {logging_mixin.py:190} WARNING - Traceback (most recent call last):
[2024-11-24T08:52:31.943+0000] {logging_mixin.py:190} WARNING -   File "/usr/local/lib/python3.12/weakref.py", line 369, in remove
[2024-11-24T08:52:31.944+0000] {logging_mixin.py:190} WARNING -     def remove(k, selfref=ref(self)):
[2024-11-24T08:52:31.945+0000] {logging_mixin.py:190} WARNING -   File "/home/airflow/.local/lib/python3.12/site-packages/airflow/dag_processing/manager.py", line 466, in _exit_gracefully
[2024-11-24T08:52:31.945+0000] {logging_mixin.py:190} WARNING -     self.log.debug("Current Stacktrace is: %s", "\n".join(map(str, inspect.stack())))
[2024-11-24T08:52:31.946+0000] {logging_mixin.py:190} WARNING -                                                                    ^^^^^^^^^^^^^^^
[2024-11-24T08:52:31.947+0000] {logging_mixin.py:190} WARNING -   File "/usr/local/lib/python3.12/inspect.py", line 1777, in stack
[2024-11-24T08:52:31.948+0000] {logging_mixin.py:190} WARNING -     return getouterframes(sys._getframe(1), context)
[2024-11-24T08:52:31.948+0000] {logging_mixin.py:190} WARNING -            ^^^^^^^^^^^^^^^^^^^^^^^^^^^^^^^^^^^^^^^^^
[2024-11-24T08:52:31.949+0000] {logging_mixin.py:190} WARNING -   File "/usr/local/lib/python3.12/inspect.py", line 1752, in getouterframes
[2024-11-24T08:52:31.949+0000] {logging_mixin.py:190} WARNING -     traceback_info = getframeinfo(frame, context)
[2024-11-24T08:52:31.950+0000] {logging_mixin.py:190} WARNING -                      ^^^^^^^^^^^^^^^^^^^^^^^^^^^^
[2024-11-24T08:52:31.950+0000] {logging_mixin.py:190} WARNING -   File "/usr/local/lib/python3.12/inspect.py", line 1714, in getframeinfo
[2024-11-24T08:52:31.951+0000] {logging_mixin.py:190} WARNING -     lines, lnum = findsource(frame)
[2024-11-24T08:52:31.952+0000] {logging_mixin.py:190} WARNING -                   ^^^^^^^^^^^^^^^^^
[2024-11-24T08:52:31.952+0000] {logging_mixin.py:190} WARNING -   File "/usr/local/lib/python3.12/inspect.py", line 1090, in findsource
[2024-11-24T08:52:31.953+0000] {logging_mixin.py:190} WARNING -     module = getmodule(object, file)
[2024-11-24T08:52:31.953+0000] {logging_mixin.py:190} WARNING -              ^^^^^^^^^^^^^^^^^^^^^^^
[2024-11-24T08:52:31.954+0000] {logging_mixin.py:190} WARNING -   File "/usr/local/lib/python3.12/inspect.py", line 1016, in getmodule
[2024-11-24T08:52:31.954+0000] {logging_mixin.py:190} WARNING -     os.path.realpath(f)] = module.__name__
[2024-11-24T08:52:31.955+0000] {logging_mixin.py:190} WARNING -     ^^^^^^^^^^^^^^^^^^^
[2024-11-24T08:52:31.955+0000] {logging_mixin.py:190} WARNING -   File "<frozen posixpath>", line 427, in realpath
[2024-11-24T08:52:31.956+0000] {logging_mixin.py:190} WARNING -   File "<frozen posixpath>", line 462, in _joinrealpath
[2024-11-24T08:52:31.956+0000] {logging_mixin.py:190} WARNING -   File "/home/airflow/.local/lib/python3.12/site-packages/airflow/dag_processing/manager.py", line 470, in _exit_gracefully
[2024-11-24T08:52:31.957+0000] {logging_mixin.py:190} WARNING -     sys.exit(os.EX_OK)
[2024-11-24T08:52:31.957+0000] {logging_mixin.py:190} WARNING - SystemExit: 0
[2024-11-24T08:52:32.205+0000] {processor.py:925} INFO - DAG(s) 'dataset_with_extra_by_context', 'dataset_with_extra_by_yield', 'dataset_with_extra_from_classic_operator' retrieved from /home/airflow/.local/lib/python3.12/site-packages/airflow/example_dags/example_outlet_event_extra.py
[2024-11-24T08:52:32.249+0000] {logging_mixin.py:190} INFO - [2024-11-24T08:52:32.248+0000] {dag.py:3239} INFO - Sync 3 DAGs
[2024-11-24T08:52:32.306+0000] {logging_mixin.py:190} INFO - [2024-11-24T08:52:32.306+0000] {dag.py:4180} INFO - Setting next_dagrun for dataset_with_extra_by_context to 2024-11-23 00:00:00+00:00, run_after=2024-11-24 00:00:00+00:00
[2024-11-24T08:52:32.315+0000] {logging_mixin.py:190} INFO - [2024-11-24T08:52:32.315+0000] {dag.py:4180} INFO - Setting next_dagrun for dataset_with_extra_by_yield to 2024-11-23 00:00:00+00:00, run_after=2024-11-24 00:00:00+00:00
[2024-11-24T08:52:32.319+0000] {logging_mixin.py:190} INFO - [2024-11-24T08:52:32.318+0000] {dag.py:4180} INFO - Setting next_dagrun for dataset_with_extra_from_classic_operator to 2024-11-23 00:00:00+00:00, run_after=2024-11-24 00:00:00+00:00
[2024-11-24T08:52:32.363+0000] {processor.py:208} INFO - Processing /home/airflow/.local/lib/python3.12/site-packages/airflow/example_dags/example_outlet_event_extra.py took 2.760 seconds
