[2024-11-24T08:42:59.500+0000] {processor.py:186} INFO - Started process (PID=313) to work on /home/airflow/.local/lib/python3.12/site-packages/airflow/example_dags/example_branch_operator.py
[2024-11-24T08:42:59.502+0000] {processor.py:914} INFO - Processing file /home/airflow/.local/lib/python3.12/site-packages/airflow/example_dags/example_branch_operator.py for tasks to queue
[2024-11-24T08:42:59.505+0000] {logging_mixin.py:190} INFO - [2024-11-24T08:42:59.504+0000] {dagbag.py:588} INFO - Filling up the DagBag from /home/airflow/.local/lib/python3.12/site-packages/airflow/example_dags/example_branch_operator.py
[2024-11-24T08:42:59.534+0000] {processor.py:925} INFO - DAG(s) 'example_branch_operator' retrieved from /home/airflow/.local/lib/python3.12/site-packages/airflow/example_dags/example_branch_operator.py
[2024-11-24T08:42:59.685+0000] {logging_mixin.py:190} INFO - [2024-11-24T08:42:59.684+0000] {override.py:1911} INFO - Created Permission View: can read on DAG:example_branch_operator
[2024-11-24T08:42:59.697+0000] {logging_mixin.py:190} INFO - [2024-11-24T08:42:59.696+0000] {override.py:1911} INFO - Created Permission View: can edit on DAG:example_branch_operator
[2024-11-24T08:42:59.705+0000] {logging_mixin.py:190} INFO - [2024-11-24T08:42:59.705+0000] {override.py:1911} INFO - Created Permission View: can delete on DAG:example_branch_operator
[2024-11-24T08:42:59.715+0000] {logging_mixin.py:190} INFO - [2024-11-24T08:42:59.715+0000] {override.py:1911} INFO - Created Permission View: can read on DAG Run:example_branch_operator
[2024-11-24T08:42:59.724+0000] {logging_mixin.py:190} INFO - [2024-11-24T08:42:59.724+0000] {override.py:1911} INFO - Created Permission View: can delete on DAG Run:example_branch_operator
[2024-11-24T08:42:59.733+0000] {logging_mixin.py:190} INFO - [2024-11-24T08:42:59.732+0000] {override.py:1911} INFO - Created Permission View: can create on DAG Run:example_branch_operator
[2024-11-24T08:42:59.741+0000] {logging_mixin.py:190} INFO - [2024-11-24T08:42:59.740+0000] {override.py:1911} INFO - Created Permission View: menu access on DAG Run:example_branch_operator
[2024-11-24T08:42:59.742+0000] {logging_mixin.py:190} INFO - [2024-11-24T08:42:59.742+0000] {dag.py:3239} INFO - Sync 1 DAGs
[2024-11-24T08:42:59.755+0000] {logging_mixin.py:190} INFO - [2024-11-24T08:42:59.755+0000] {dag.py:3262} INFO - Creating ORM DAG for example_branch_operator
[2024-11-24T08:42:59.768+0000] {logging_mixin.py:190} INFO - [2024-11-24T08:42:59.768+0000] {dag.py:4180} INFO - Setting next_dagrun for example_branch_operator to 2024-11-23 00:00:00+00:00, run_after=2024-11-24 00:00:00+00:00
[2024-11-24T08:42:59.791+0000] {processor.py:208} INFO - Processing /home/airflow/.local/lib/python3.12/site-packages/airflow/example_dags/example_branch_operator.py took 0.302 seconds
[2024-11-24T08:43:30.399+0000] {processor.py:186} INFO - Started process (PID=604) to work on /home/airflow/.local/lib/python3.12/site-packages/airflow/example_dags/example_branch_operator.py
[2024-11-24T08:43:30.402+0000] {processor.py:914} INFO - Processing file /home/airflow/.local/lib/python3.12/site-packages/airflow/example_dags/example_branch_operator.py for tasks to queue
[2024-11-24T08:43:30.407+0000] {logging_mixin.py:190} INFO - [2024-11-24T08:43:30.406+0000] {dagbag.py:588} INFO - Filling up the DagBag from /home/airflow/.local/lib/python3.12/site-packages/airflow/example_dags/example_branch_operator.py
[2024-11-24T08:43:30.450+0000] {processor.py:925} INFO - DAG(s) 'example_branch_operator' retrieved from /home/airflow/.local/lib/python3.12/site-packages/airflow/example_dags/example_branch_operator.py
[2024-11-24T08:43:30.503+0000] {logging_mixin.py:190} INFO - [2024-11-24T08:43:30.503+0000] {dag.py:3239} INFO - Sync 1 DAGs
[2024-11-24T08:43:30.537+0000] {logging_mixin.py:190} INFO - [2024-11-24T08:43:30.536+0000] {dag.py:4180} INFO - Setting next_dagrun for example_branch_operator to 2024-11-23 00:00:00+00:00, run_after=2024-11-24 00:00:00+00:00
[2024-11-24T08:43:30.570+0000] {processor.py:208} INFO - Processing /home/airflow/.local/lib/python3.12/site-packages/airflow/example_dags/example_branch_operator.py took 0.183 seconds
[2024-11-24T08:44:01.706+0000] {processor.py:186} INFO - Started process (PID=897) to work on /home/airflow/.local/lib/python3.12/site-packages/airflow/example_dags/example_branch_operator.py
[2024-11-24T08:44:01.709+0000] {processor.py:914} INFO - Processing file /home/airflow/.local/lib/python3.12/site-packages/airflow/example_dags/example_branch_operator.py for tasks to queue
[2024-11-24T08:44:01.712+0000] {logging_mixin.py:190} INFO - [2024-11-24T08:44:01.712+0000] {dagbag.py:588} INFO - Filling up the DagBag from /home/airflow/.local/lib/python3.12/site-packages/airflow/example_dags/example_branch_operator.py
[2024-11-24T08:44:01.728+0000] {processor.py:925} INFO - DAG(s) 'example_branch_operator' retrieved from /home/airflow/.local/lib/python3.12/site-packages/airflow/example_dags/example_branch_operator.py
[2024-11-24T08:44:01.758+0000] {logging_mixin.py:190} INFO - [2024-11-24T08:44:01.758+0000] {dag.py:3239} INFO - Sync 1 DAGs
[2024-11-24T08:44:01.783+0000] {logging_mixin.py:190} INFO - [2024-11-24T08:44:01.782+0000] {dag.py:4180} INFO - Setting next_dagrun for example_branch_operator to 2024-11-23 00:00:00+00:00, run_after=2024-11-24 00:00:00+00:00
[2024-11-24T08:44:01.802+0000] {processor.py:208} INFO - Processing /home/airflow/.local/lib/python3.12/site-packages/airflow/example_dags/example_branch_operator.py took 0.102 seconds
[2024-11-24T08:44:32.509+0000] {processor.py:186} INFO - Started process (PID=1186) to work on /home/airflow/.local/lib/python3.12/site-packages/airflow/example_dags/example_branch_operator.py
[2024-11-24T08:44:32.511+0000] {processor.py:914} INFO - Processing file /home/airflow/.local/lib/python3.12/site-packages/airflow/example_dags/example_branch_operator.py for tasks to queue
[2024-11-24T08:44:32.513+0000] {logging_mixin.py:190} INFO - [2024-11-24T08:44:32.513+0000] {dagbag.py:588} INFO - Filling up the DagBag from /home/airflow/.local/lib/python3.12/site-packages/airflow/example_dags/example_branch_operator.py
[2024-11-24T08:44:32.536+0000] {processor.py:925} INFO - DAG(s) 'example_branch_operator' retrieved from /home/airflow/.local/lib/python3.12/site-packages/airflow/example_dags/example_branch_operator.py
[2024-11-24T08:44:32.575+0000] {logging_mixin.py:190} INFO - [2024-11-24T08:44:32.575+0000] {dag.py:3239} INFO - Sync 1 DAGs
[2024-11-24T08:44:32.609+0000] {logging_mixin.py:190} INFO - [2024-11-24T08:44:32.609+0000] {dag.py:4180} INFO - Setting next_dagrun for example_branch_operator to 2024-11-23 00:00:00+00:00, run_after=2024-11-24 00:00:00+00:00
[2024-11-24T08:44:32.640+0000] {processor.py:208} INFO - Processing /home/airflow/.local/lib/python3.12/site-packages/airflow/example_dags/example_branch_operator.py took 0.136 seconds
[2024-11-24T08:45:03.455+0000] {processor.py:186} INFO - Started process (PID=1477) to work on /home/airflow/.local/lib/python3.12/site-packages/airflow/example_dags/example_branch_operator.py
[2024-11-24T08:45:03.456+0000] {processor.py:914} INFO - Processing file /home/airflow/.local/lib/python3.12/site-packages/airflow/example_dags/example_branch_operator.py for tasks to queue
[2024-11-24T08:45:03.459+0000] {logging_mixin.py:190} INFO - [2024-11-24T08:45:03.458+0000] {dagbag.py:588} INFO - Filling up the DagBag from /home/airflow/.local/lib/python3.12/site-packages/airflow/example_dags/example_branch_operator.py
[2024-11-24T08:45:03.475+0000] {processor.py:925} INFO - DAG(s) 'example_branch_operator' retrieved from /home/airflow/.local/lib/python3.12/site-packages/airflow/example_dags/example_branch_operator.py
[2024-11-24T08:45:03.508+0000] {logging_mixin.py:190} INFO - [2024-11-24T08:45:03.508+0000] {dag.py:3239} INFO - Sync 1 DAGs
[2024-11-24T08:45:03.537+0000] {logging_mixin.py:190} INFO - [2024-11-24T08:45:03.537+0000] {dag.py:4180} INFO - Setting next_dagrun for example_branch_operator to 2024-11-23 00:00:00+00:00, run_after=2024-11-24 00:00:00+00:00
[2024-11-24T08:45:03.558+0000] {processor.py:208} INFO - Processing /home/airflow/.local/lib/python3.12/site-packages/airflow/example_dags/example_branch_operator.py took 0.109 seconds
[2024-11-24T08:45:35.235+0000] {processor.py:186} INFO - Started process (PID=1768) to work on /home/airflow/.local/lib/python3.12/site-packages/airflow/example_dags/example_branch_operator.py
[2024-11-24T08:45:35.237+0000] {processor.py:914} INFO - Processing file /home/airflow/.local/lib/python3.12/site-packages/airflow/example_dags/example_branch_operator.py for tasks to queue
[2024-11-24T08:45:35.240+0000] {logging_mixin.py:190} INFO - [2024-11-24T08:45:35.240+0000] {dagbag.py:588} INFO - Filling up the DagBag from /home/airflow/.local/lib/python3.12/site-packages/airflow/example_dags/example_branch_operator.py
[2024-11-24T08:45:35.274+0000] {processor.py:925} INFO - DAG(s) 'example_branch_operator' retrieved from /home/airflow/.local/lib/python3.12/site-packages/airflow/example_dags/example_branch_operator.py
[2024-11-24T08:45:35.314+0000] {logging_mixin.py:190} INFO - [2024-11-24T08:45:35.313+0000] {dag.py:3239} INFO - Sync 1 DAGs
[2024-11-24T08:45:35.349+0000] {logging_mixin.py:190} INFO - [2024-11-24T08:45:35.348+0000] {dag.py:4180} INFO - Setting next_dagrun for example_branch_operator to 2024-11-23 00:00:00+00:00, run_after=2024-11-24 00:00:00+00:00
[2024-11-24T08:45:35.371+0000] {processor.py:208} INFO - Processing /home/airflow/.local/lib/python3.12/site-packages/airflow/example_dags/example_branch_operator.py took 0.147 seconds
[2024-11-24T08:46:06.249+0000] {processor.py:186} INFO - Started process (PID=2061) to work on /home/airflow/.local/lib/python3.12/site-packages/airflow/example_dags/example_branch_operator.py
[2024-11-24T08:46:06.251+0000] {processor.py:914} INFO - Processing file /home/airflow/.local/lib/python3.12/site-packages/airflow/example_dags/example_branch_operator.py for tasks to queue
[2024-11-24T08:46:06.255+0000] {logging_mixin.py:190} INFO - [2024-11-24T08:46:06.255+0000] {dagbag.py:588} INFO - Filling up the DagBag from /home/airflow/.local/lib/python3.12/site-packages/airflow/example_dags/example_branch_operator.py
[2024-11-24T08:46:06.285+0000] {processor.py:925} INFO - DAG(s) 'example_branch_operator' retrieved from /home/airflow/.local/lib/python3.12/site-packages/airflow/example_dags/example_branch_operator.py
[2024-11-24T08:46:06.326+0000] {logging_mixin.py:190} INFO - [2024-11-24T08:46:06.326+0000] {dag.py:3239} INFO - Sync 1 DAGs
[2024-11-24T08:46:06.364+0000] {logging_mixin.py:190} INFO - [2024-11-24T08:46:06.363+0000] {dag.py:4180} INFO - Setting next_dagrun for example_branch_operator to 2024-11-23 00:00:00+00:00, run_after=2024-11-24 00:00:00+00:00
[2024-11-24T08:46:06.385+0000] {processor.py:208} INFO - Processing /home/airflow/.local/lib/python3.12/site-packages/airflow/example_dags/example_branch_operator.py took 0.145 seconds
[2024-11-24T08:46:38.051+0000] {processor.py:186} INFO - Started process (PID=2350) to work on /home/airflow/.local/lib/python3.12/site-packages/airflow/example_dags/example_branch_operator.py
[2024-11-24T08:46:38.054+0000] {processor.py:914} INFO - Processing file /home/airflow/.local/lib/python3.12/site-packages/airflow/example_dags/example_branch_operator.py for tasks to queue
[2024-11-24T08:46:38.058+0000] {logging_mixin.py:190} INFO - [2024-11-24T08:46:38.058+0000] {dagbag.py:588} INFO - Filling up the DagBag from /home/airflow/.local/lib/python3.12/site-packages/airflow/example_dags/example_branch_operator.py
[2024-11-24T08:46:38.094+0000] {processor.py:925} INFO - DAG(s) 'example_branch_operator' retrieved from /home/airflow/.local/lib/python3.12/site-packages/airflow/example_dags/example_branch_operator.py
[2024-11-24T08:46:38.147+0000] {logging_mixin.py:190} INFO - [2024-11-24T08:46:38.147+0000] {dag.py:3239} INFO - Sync 1 DAGs
[2024-11-24T08:46:38.194+0000] {logging_mixin.py:190} INFO - [2024-11-24T08:46:38.193+0000] {dag.py:4180} INFO - Setting next_dagrun for example_branch_operator to 2024-11-23 00:00:00+00:00, run_after=2024-11-24 00:00:00+00:00
[2024-11-24T08:46:38.225+0000] {processor.py:208} INFO - Processing /home/airflow/.local/lib/python3.12/site-packages/airflow/example_dags/example_branch_operator.py took 0.188 seconds
[2024-11-24T08:47:09.580+0000] {processor.py:186} INFO - Started process (PID=2641) to work on /home/airflow/.local/lib/python3.12/site-packages/airflow/example_dags/example_branch_operator.py
[2024-11-24T08:47:09.582+0000] {processor.py:914} INFO - Processing file /home/airflow/.local/lib/python3.12/site-packages/airflow/example_dags/example_branch_operator.py for tasks to queue
[2024-11-24T08:47:09.585+0000] {logging_mixin.py:190} INFO - [2024-11-24T08:47:09.585+0000] {dagbag.py:588} INFO - Filling up the DagBag from /home/airflow/.local/lib/python3.12/site-packages/airflow/example_dags/example_branch_operator.py
[2024-11-24T08:47:09.608+0000] {processor.py:925} INFO - DAG(s) 'example_branch_operator' retrieved from /home/airflow/.local/lib/python3.12/site-packages/airflow/example_dags/example_branch_operator.py
[2024-11-24T08:47:09.648+0000] {logging_mixin.py:190} INFO - [2024-11-24T08:47:09.648+0000] {dag.py:3239} INFO - Sync 1 DAGs
[2024-11-24T08:47:09.683+0000] {logging_mixin.py:190} INFO - [2024-11-24T08:47:09.683+0000] {dag.py:4180} INFO - Setting next_dagrun for example_branch_operator to 2024-11-23 00:00:00+00:00, run_after=2024-11-24 00:00:00+00:00
[2024-11-24T08:47:09.713+0000] {processor.py:208} INFO - Processing /home/airflow/.local/lib/python3.12/site-packages/airflow/example_dags/example_branch_operator.py took 0.141 seconds
[2024-11-24T08:47:41.444+0000] {processor.py:186} INFO - Started process (PID=2934) to work on /home/airflow/.local/lib/python3.12/site-packages/airflow/example_dags/example_branch_operator.py
[2024-11-24T08:47:41.446+0000] {processor.py:914} INFO - Processing file /home/airflow/.local/lib/python3.12/site-packages/airflow/example_dags/example_branch_operator.py for tasks to queue
[2024-11-24T08:47:41.450+0000] {logging_mixin.py:190} INFO - [2024-11-24T08:47:41.450+0000] {dagbag.py:588} INFO - Filling up the DagBag from /home/airflow/.local/lib/python3.12/site-packages/airflow/example_dags/example_branch_operator.py
[2024-11-24T08:47:41.480+0000] {processor.py:925} INFO - DAG(s) 'example_branch_operator' retrieved from /home/airflow/.local/lib/python3.12/site-packages/airflow/example_dags/example_branch_operator.py
[2024-11-24T08:47:41.527+0000] {logging_mixin.py:190} INFO - [2024-11-24T08:47:41.526+0000] {dag.py:3239} INFO - Sync 1 DAGs
[2024-11-24T08:47:41.561+0000] {logging_mixin.py:190} INFO - [2024-11-24T08:47:41.561+0000] {dag.py:4180} INFO - Setting next_dagrun for example_branch_operator to 2024-11-23 00:00:00+00:00, run_after=2024-11-24 00:00:00+00:00
[2024-11-24T08:47:41.589+0000] {processor.py:208} INFO - Processing /home/airflow/.local/lib/python3.12/site-packages/airflow/example_dags/example_branch_operator.py took 0.158 seconds
[2024-11-24T08:48:12.702+0000] {processor.py:186} INFO - Started process (PID=3223) to work on /home/airflow/.local/lib/python3.12/site-packages/airflow/example_dags/example_branch_operator.py
[2024-11-24T08:48:12.703+0000] {processor.py:914} INFO - Processing file /home/airflow/.local/lib/python3.12/site-packages/airflow/example_dags/example_branch_operator.py for tasks to queue
[2024-11-24T08:48:12.708+0000] {logging_mixin.py:190} INFO - [2024-11-24T08:48:12.707+0000] {dagbag.py:588} INFO - Filling up the DagBag from /home/airflow/.local/lib/python3.12/site-packages/airflow/example_dags/example_branch_operator.py
[2024-11-24T08:48:12.737+0000] {processor.py:925} INFO - DAG(s) 'example_branch_operator' retrieved from /home/airflow/.local/lib/python3.12/site-packages/airflow/example_dags/example_branch_operator.py
[2024-11-24T08:48:12.782+0000] {logging_mixin.py:190} INFO - [2024-11-24T08:48:12.782+0000] {dag.py:3239} INFO - Sync 1 DAGs
[2024-11-24T08:48:12.832+0000] {logging_mixin.py:190} INFO - [2024-11-24T08:48:12.831+0000] {dag.py:4180} INFO - Setting next_dagrun for example_branch_operator to 2024-11-23 00:00:00+00:00, run_after=2024-11-24 00:00:00+00:00
[2024-11-24T08:48:12.868+0000] {processor.py:208} INFO - Processing /home/airflow/.local/lib/python3.12/site-packages/airflow/example_dags/example_branch_operator.py took 0.177 seconds
[2024-11-24T08:48:44.436+0000] {processor.py:186} INFO - Started process (PID=3514) to work on /home/airflow/.local/lib/python3.12/site-packages/airflow/example_dags/example_branch_operator.py
[2024-11-24T08:48:44.437+0000] {processor.py:914} INFO - Processing file /home/airflow/.local/lib/python3.12/site-packages/airflow/example_dags/example_branch_operator.py for tasks to queue
[2024-11-24T08:48:44.441+0000] {logging_mixin.py:190} INFO - [2024-11-24T08:48:44.441+0000] {dagbag.py:588} INFO - Filling up the DagBag from /home/airflow/.local/lib/python3.12/site-packages/airflow/example_dags/example_branch_operator.py
[2024-11-24T08:48:44.471+0000] {processor.py:925} INFO - DAG(s) 'example_branch_operator' retrieved from /home/airflow/.local/lib/python3.12/site-packages/airflow/example_dags/example_branch_operator.py
[2024-11-24T08:48:44.524+0000] {logging_mixin.py:190} INFO - [2024-11-24T08:48:44.523+0000] {dag.py:3239} INFO - Sync 1 DAGs
[2024-11-24T08:48:44.577+0000] {logging_mixin.py:190} INFO - [2024-11-24T08:48:44.577+0000] {dag.py:4180} INFO - Setting next_dagrun for example_branch_operator to 2024-11-23 00:00:00+00:00, run_after=2024-11-24 00:00:00+00:00
[2024-11-24T08:48:44.609+0000] {processor.py:208} INFO - Processing /home/airflow/.local/lib/python3.12/site-packages/airflow/example_dags/example_branch_operator.py took 0.181 seconds
[2024-11-24T08:49:15.796+0000] {processor.py:186} INFO - Started process (PID=3805) to work on /home/airflow/.local/lib/python3.12/site-packages/airflow/example_dags/example_branch_operator.py
[2024-11-24T08:49:15.798+0000] {processor.py:914} INFO - Processing file /home/airflow/.local/lib/python3.12/site-packages/airflow/example_dags/example_branch_operator.py for tasks to queue
[2024-11-24T08:49:15.802+0000] {logging_mixin.py:190} INFO - [2024-11-24T08:49:15.802+0000] {dagbag.py:588} INFO - Filling up the DagBag from /home/airflow/.local/lib/python3.12/site-packages/airflow/example_dags/example_branch_operator.py
[2024-11-24T08:49:15.836+0000] {processor.py:925} INFO - DAG(s) 'example_branch_operator' retrieved from /home/airflow/.local/lib/python3.12/site-packages/airflow/example_dags/example_branch_operator.py
[2024-11-24T08:49:15.891+0000] {logging_mixin.py:190} INFO - [2024-11-24T08:49:15.890+0000] {dag.py:3239} INFO - Sync 1 DAGs
[2024-11-24T08:49:15.933+0000] {logging_mixin.py:190} INFO - [2024-11-24T08:49:15.933+0000] {dag.py:4180} INFO - Setting next_dagrun for example_branch_operator to 2024-11-23 00:00:00+00:00, run_after=2024-11-24 00:00:00+00:00
[2024-11-24T08:49:15.966+0000] {processor.py:208} INFO - Processing /home/airflow/.local/lib/python3.12/site-packages/airflow/example_dags/example_branch_operator.py took 0.183 seconds
[2024-11-24T08:49:47.677+0000] {processor.py:186} INFO - Started process (PID=4098) to work on /home/airflow/.local/lib/python3.12/site-packages/airflow/example_dags/example_branch_operator.py
[2024-11-24T08:49:47.679+0000] {processor.py:914} INFO - Processing file /home/airflow/.local/lib/python3.12/site-packages/airflow/example_dags/example_branch_operator.py for tasks to queue
[2024-11-24T08:49:47.684+0000] {logging_mixin.py:190} INFO - [2024-11-24T08:49:47.683+0000] {dagbag.py:588} INFO - Filling up the DagBag from /home/airflow/.local/lib/python3.12/site-packages/airflow/example_dags/example_branch_operator.py
[2024-11-24T08:49:47.727+0000] {processor.py:925} INFO - DAG(s) 'example_branch_operator' retrieved from /home/airflow/.local/lib/python3.12/site-packages/airflow/example_dags/example_branch_operator.py
[2024-11-24T08:49:47.785+0000] {logging_mixin.py:190} INFO - [2024-11-24T08:49:47.784+0000] {dag.py:3239} INFO - Sync 1 DAGs
[2024-11-24T08:49:47.836+0000] {logging_mixin.py:190} INFO - [2024-11-24T08:49:47.835+0000] {dag.py:4180} INFO - Setting next_dagrun for example_branch_operator to 2024-11-23 00:00:00+00:00, run_after=2024-11-24 00:00:00+00:00
[2024-11-24T08:49:47.871+0000] {processor.py:208} INFO - Processing /home/airflow/.local/lib/python3.12/site-packages/airflow/example_dags/example_branch_operator.py took 0.211 seconds
[2024-11-24T08:50:21.875+0000] {processor.py:186} INFO - Started process (PID=4389) to work on /home/airflow/.local/lib/python3.12/site-packages/airflow/example_dags/example_branch_operator.py
[2024-11-24T08:50:21.877+0000] {processor.py:914} INFO - Processing file /home/airflow/.local/lib/python3.12/site-packages/airflow/example_dags/example_branch_operator.py for tasks to queue
[2024-11-24T08:50:21.881+0000] {logging_mixin.py:190} INFO - [2024-11-24T08:50:21.880+0000] {dagbag.py:588} INFO - Filling up the DagBag from /home/airflow/.local/lib/python3.12/site-packages/airflow/example_dags/example_branch_operator.py
[2024-11-24T08:50:21.913+0000] {processor.py:925} INFO - DAG(s) 'example_branch_operator' retrieved from /home/airflow/.local/lib/python3.12/site-packages/airflow/example_dags/example_branch_operator.py
[2024-11-24T08:50:21.974+0000] {logging_mixin.py:190} INFO - [2024-11-24T08:50:21.974+0000] {dag.py:3239} INFO - Sync 1 DAGs
[2024-11-24T08:50:22.033+0000] {logging_mixin.py:190} INFO - [2024-11-24T08:50:22.033+0000] {dag.py:4180} INFO - Setting next_dagrun for example_branch_operator to 2024-11-23 00:00:00+00:00, run_after=2024-11-24 00:00:00+00:00
[2024-11-24T08:50:22.072+0000] {processor.py:208} INFO - Processing /home/airflow/.local/lib/python3.12/site-packages/airflow/example_dags/example_branch_operator.py took 0.209 seconds
[2024-11-24T08:50:56.263+0000] {processor.py:186} INFO - Started process (PID=4684) to work on /home/airflow/.local/lib/python3.12/site-packages/airflow/example_dags/example_branch_operator.py
[2024-11-24T08:50:56.267+0000] {processor.py:914} INFO - Processing file /home/airflow/.local/lib/python3.12/site-packages/airflow/example_dags/example_branch_operator.py for tasks to queue
[2024-11-24T08:50:56.273+0000] {logging_mixin.py:190} INFO - [2024-11-24T08:50:56.272+0000] {dagbag.py:588} INFO - Filling up the DagBag from /home/airflow/.local/lib/python3.12/site-packages/airflow/example_dags/example_branch_operator.py
[2024-11-24T08:50:56.329+0000] {processor.py:925} INFO - DAG(s) 'example_branch_operator' retrieved from /home/airflow/.local/lib/python3.12/site-packages/airflow/example_dags/example_branch_operator.py
[2024-11-24T08:50:56.401+0000] {logging_mixin.py:190} INFO - [2024-11-24T08:50:56.400+0000] {dag.py:3239} INFO - Sync 1 DAGs
[2024-11-24T08:50:56.455+0000] {logging_mixin.py:190} INFO - [2024-11-24T08:50:56.454+0000] {dag.py:4180} INFO - Setting next_dagrun for example_branch_operator to 2024-11-23 00:00:00+00:00, run_after=2024-11-24 00:00:00+00:00
[2024-11-24T08:50:56.500+0000] {processor.py:208} INFO - Processing /home/airflow/.local/lib/python3.12/site-packages/airflow/example_dags/example_branch_operator.py took 0.253 seconds
[2024-11-24T08:51:27.427+0000] {processor.py:186} INFO - Started process (PID=4974) to work on /home/airflow/.local/lib/python3.12/site-packages/airflow/example_dags/example_branch_operator.py
[2024-11-24T08:51:27.430+0000] {processor.py:914} INFO - Processing file /home/airflow/.local/lib/python3.12/site-packages/airflow/example_dags/example_branch_operator.py for tasks to queue
[2024-11-24T08:51:27.434+0000] {logging_mixin.py:190} INFO - [2024-11-24T08:51:27.434+0000] {dagbag.py:588} INFO - Filling up the DagBag from /home/airflow/.local/lib/python3.12/site-packages/airflow/example_dags/example_branch_operator.py
[2024-11-24T08:51:27.463+0000] {processor.py:925} INFO - DAG(s) 'example_branch_operator' retrieved from /home/airflow/.local/lib/python3.12/site-packages/airflow/example_dags/example_branch_operator.py
[2024-11-24T08:51:27.556+0000] {logging_mixin.py:190} INFO - [2024-11-24T08:51:27.555+0000] {dag.py:3239} INFO - Sync 1 DAGs
[2024-11-24T08:51:27.601+0000] {logging_mixin.py:190} INFO - [2024-11-24T08:51:27.601+0000] {dag.py:4180} INFO - Setting next_dagrun for example_branch_operator to 2024-11-23 00:00:00+00:00, run_after=2024-11-24 00:00:00+00:00
[2024-11-24T08:51:27.627+0000] {processor.py:208} INFO - Processing /home/airflow/.local/lib/python3.12/site-packages/airflow/example_dags/example_branch_operator.py took 0.208 seconds
[2024-11-24T08:51:57.863+0000] {processor.py:186} INFO - Started process (PID=5260) to work on /home/airflow/.local/lib/python3.12/site-packages/airflow/example_dags/example_branch_operator.py
[2024-11-24T08:51:57.864+0000] {processor.py:914} INFO - Processing file /home/airflow/.local/lib/python3.12/site-packages/airflow/example_dags/example_branch_operator.py for tasks to queue
[2024-11-24T08:51:57.867+0000] {logging_mixin.py:190} INFO - [2024-11-24T08:51:57.866+0000] {dagbag.py:588} INFO - Filling up the DagBag from /home/airflow/.local/lib/python3.12/site-packages/airflow/example_dags/example_branch_operator.py
[2024-11-24T08:51:57.891+0000] {processor.py:925} INFO - DAG(s) 'example_branch_operator' retrieved from /home/airflow/.local/lib/python3.12/site-packages/airflow/example_dags/example_branch_operator.py
[2024-11-24T08:51:57.922+0000] {logging_mixin.py:190} INFO - [2024-11-24T08:51:57.922+0000] {dag.py:3239} INFO - Sync 1 DAGs
[2024-11-24T08:51:57.948+0000] {logging_mixin.py:190} INFO - [2024-11-24T08:51:57.948+0000] {dag.py:4180} INFO - Setting next_dagrun for example_branch_operator to 2024-11-23 00:00:00+00:00, run_after=2024-11-24 00:00:00+00:00
[2024-11-24T08:51:57.967+0000] {processor.py:208} INFO - Processing /home/airflow/.local/lib/python3.12/site-packages/airflow/example_dags/example_branch_operator.py took 0.111 seconds
[2024-11-24T08:52:28.331+0000] {processor.py:186} INFO - Started process (PID=5551) to work on /home/airflow/.local/lib/python3.12/site-packages/airflow/example_dags/example_branch_operator.py
[2024-11-24T08:52:28.333+0000] {processor.py:914} INFO - Processing file /home/airflow/.local/lib/python3.12/site-packages/airflow/example_dags/example_branch_operator.py for tasks to queue
[2024-11-24T08:52:28.337+0000] {logging_mixin.py:190} INFO - [2024-11-24T08:52:28.337+0000] {dagbag.py:588} INFO - Filling up the DagBag from /home/airflow/.local/lib/python3.12/site-packages/airflow/example_dags/example_branch_operator.py
[2024-11-24T08:52:28.366+0000] {processor.py:925} INFO - DAG(s) 'example_branch_operator' retrieved from /home/airflow/.local/lib/python3.12/site-packages/airflow/example_dags/example_branch_operator.py
[2024-11-24T08:52:28.411+0000] {logging_mixin.py:190} INFO - [2024-11-24T08:52:28.411+0000] {dag.py:3239} INFO - Sync 1 DAGs
[2024-11-24T08:52:28.447+0000] {logging_mixin.py:190} INFO - [2024-11-24T08:52:28.447+0000] {dag.py:4180} INFO - Setting next_dagrun for example_branch_operator to 2024-11-23 00:00:00+00:00, run_after=2024-11-24 00:00:00+00:00
[2024-11-24T08:52:28.473+0000] {processor.py:208} INFO - Processing /home/airflow/.local/lib/python3.12/site-packages/airflow/example_dags/example_branch_operator.py took 0.154 seconds
[2024-11-24T08:53:40.332+0000] {processor.py:186} INFO - Started process (PID=318) to work on /home/airflow/.local/lib/python3.12/site-packages/airflow/example_dags/example_branch_operator.py
[2024-11-24T08:53:40.334+0000] {processor.py:914} INFO - Processing file /home/airflow/.local/lib/python3.12/site-packages/airflow/example_dags/example_branch_operator.py for tasks to queue
[2024-11-24T08:53:40.339+0000] {logging_mixin.py:190} INFO - [2024-11-24T08:53:40.338+0000] {dagbag.py:588} INFO - Filling up the DagBag from /home/airflow/.local/lib/python3.12/site-packages/airflow/example_dags/example_branch_operator.py
[2024-11-24T08:53:40.379+0000] {processor.py:925} INFO - DAG(s) 'example_branch_operator' retrieved from /home/airflow/.local/lib/python3.12/site-packages/airflow/example_dags/example_branch_operator.py
[2024-11-24T08:53:40.626+0000] {logging_mixin.py:190} INFO - [2024-11-24T08:53:40.626+0000] {dag.py:3239} INFO - Sync 1 DAGs
[2024-11-24T08:53:40.676+0000] {logging_mixin.py:190} INFO - [2024-11-24T08:53:40.676+0000] {dag.py:4180} INFO - Setting next_dagrun for example_branch_operator to 2024-11-23 00:00:00+00:00, run_after=2024-11-24 00:00:00+00:00
[2024-11-24T08:53:40.720+0000] {processor.py:208} INFO - Processing /home/airflow/.local/lib/python3.12/site-packages/airflow/example_dags/example_branch_operator.py took 0.402 seconds
[2024-11-24T08:54:26.886+0000] {processor.py:186} INFO - Started process (PID=614) to work on /home/airflow/.local/lib/python3.12/site-packages/airflow/example_dags/example_branch_operator.py
[2024-11-24T08:54:26.889+0000] {processor.py:914} INFO - Processing file /home/airflow/.local/lib/python3.12/site-packages/airflow/example_dags/example_branch_operator.py for tasks to queue
[2024-11-24T08:54:26.894+0000] {logging_mixin.py:190} INFO - [2024-11-24T08:54:26.894+0000] {dagbag.py:588} INFO - Filling up the DagBag from /home/airflow/.local/lib/python3.12/site-packages/airflow/example_dags/example_branch_operator.py
[2024-11-24T08:54:26.931+0000] {processor.py:925} INFO - DAG(s) 'example_branch_operator' retrieved from /home/airflow/.local/lib/python3.12/site-packages/airflow/example_dags/example_branch_operator.py
[2024-11-24T08:54:26.984+0000] {logging_mixin.py:190} INFO - [2024-11-24T08:54:26.983+0000] {dag.py:3239} INFO - Sync 1 DAGs
[2024-11-24T08:54:27.028+0000] {logging_mixin.py:190} INFO - [2024-11-24T08:54:27.027+0000] {dag.py:4180} INFO - Setting next_dagrun for example_branch_operator to 2024-11-23 00:00:00+00:00, run_after=2024-11-24 00:00:00+00:00
[2024-11-24T08:54:27.062+0000] {processor.py:208} INFO - Processing /home/airflow/.local/lib/python3.12/site-packages/airflow/example_dags/example_branch_operator.py took 0.187 seconds
[2024-11-24T08:55:01.601+0000] {processor.py:186} INFO - Started process (PID=905) to work on /home/airflow/.local/lib/python3.12/site-packages/airflow/example_dags/example_branch_operator.py
[2024-11-24T08:55:01.604+0000] {processor.py:914} INFO - Processing file /home/airflow/.local/lib/python3.12/site-packages/airflow/example_dags/example_branch_operator.py for tasks to queue
[2024-11-24T08:55:01.608+0000] {logging_mixin.py:190} INFO - [2024-11-24T08:55:01.608+0000] {dagbag.py:588} INFO - Filling up the DagBag from /home/airflow/.local/lib/python3.12/site-packages/airflow/example_dags/example_branch_operator.py
[2024-11-24T08:55:01.643+0000] {processor.py:925} INFO - DAG(s) 'example_branch_operator' retrieved from /home/airflow/.local/lib/python3.12/site-packages/airflow/example_dags/example_branch_operator.py
[2024-11-24T08:55:01.695+0000] {logging_mixin.py:190} INFO - [2024-11-24T08:55:01.694+0000] {dag.py:3239} INFO - Sync 1 DAGs
[2024-11-24T08:55:01.739+0000] {logging_mixin.py:190} INFO - [2024-11-24T08:55:01.739+0000] {dag.py:4180} INFO - Setting next_dagrun for example_branch_operator to 2024-11-23 00:00:00+00:00, run_after=2024-11-24 00:00:00+00:00
[2024-11-24T08:55:01.770+0000] {processor.py:208} INFO - Processing /home/airflow/.local/lib/python3.12/site-packages/airflow/example_dags/example_branch_operator.py took 0.181 seconds
[2024-11-24T08:55:52.102+0000] {processor.py:186} INFO - Started process (PID=1203) to work on /home/airflow/.local/lib/python3.12/site-packages/airflow/example_dags/example_branch_operator.py
[2024-11-24T08:55:52.104+0000] {processor.py:914} INFO - Processing file /home/airflow/.local/lib/python3.12/site-packages/airflow/example_dags/example_branch_operator.py for tasks to queue
[2024-11-24T08:55:52.108+0000] {logging_mixin.py:190} INFO - [2024-11-24T08:55:52.108+0000] {dagbag.py:588} INFO - Filling up the DagBag from /home/airflow/.local/lib/python3.12/site-packages/airflow/example_dags/example_branch_operator.py
[2024-11-24T08:55:52.159+0000] {processor.py:925} INFO - DAG(s) 'example_branch_operator' retrieved from /home/airflow/.local/lib/python3.12/site-packages/airflow/example_dags/example_branch_operator.py
[2024-11-24T08:55:52.234+0000] {logging_mixin.py:190} INFO - [2024-11-24T08:55:52.233+0000] {dag.py:3239} INFO - Sync 1 DAGs
[2024-11-24T08:55:52.291+0000] {logging_mixin.py:190} INFO - [2024-11-24T08:55:52.290+0000] {dag.py:4180} INFO - Setting next_dagrun for example_branch_operator to 2024-11-23 00:00:00+00:00, run_after=2024-11-24 00:00:00+00:00
[2024-11-24T08:55:52.346+0000] {processor.py:208} INFO - Processing /home/airflow/.local/lib/python3.12/site-packages/airflow/example_dags/example_branch_operator.py took 0.257 seconds
[2024-11-24T08:56:24.273+0000] {processor.py:186} INFO - Started process (PID=1495) to work on /home/airflow/.local/lib/python3.12/site-packages/airflow/example_dags/example_branch_operator.py
[2024-11-24T08:56:24.276+0000] {processor.py:914} INFO - Processing file /home/airflow/.local/lib/python3.12/site-packages/airflow/example_dags/example_branch_operator.py for tasks to queue
[2024-11-24T08:56:24.283+0000] {logging_mixin.py:190} INFO - [2024-11-24T08:56:24.281+0000] {dagbag.py:588} INFO - Filling up the DagBag from /home/airflow/.local/lib/python3.12/site-packages/airflow/example_dags/example_branch_operator.py
[2024-11-24T08:56:24.335+0000] {processor.py:925} INFO - DAG(s) 'example_branch_operator' retrieved from /home/airflow/.local/lib/python3.12/site-packages/airflow/example_dags/example_branch_operator.py
[2024-11-24T08:56:24.424+0000] {logging_mixin.py:190} INFO - [2024-11-24T08:56:24.423+0000] {dag.py:3239} INFO - Sync 1 DAGs
[2024-11-24T08:56:24.493+0000] {logging_mixin.py:190} INFO - [2024-11-24T08:56:24.492+0000] {dag.py:4180} INFO - Setting next_dagrun for example_branch_operator to 2024-11-23 00:00:00+00:00, run_after=2024-11-24 00:00:00+00:00
[2024-11-24T08:56:24.538+0000] {processor.py:208} INFO - Processing /home/airflow/.local/lib/python3.12/site-packages/airflow/example_dags/example_branch_operator.py took 0.286 seconds
[2024-11-24T08:56:54.687+0000] {processor.py:186} INFO - Started process (PID=1783) to work on /home/airflow/.local/lib/python3.12/site-packages/airflow/example_dags/example_branch_operator.py
[2024-11-24T08:56:54.688+0000] {processor.py:914} INFO - Processing file /home/airflow/.local/lib/python3.12/site-packages/airflow/example_dags/example_branch_operator.py for tasks to queue
[2024-11-24T08:56:54.690+0000] {logging_mixin.py:190} INFO - [2024-11-24T08:56:54.690+0000] {dagbag.py:588} INFO - Filling up the DagBag from /home/airflow/.local/lib/python3.12/site-packages/airflow/example_dags/example_branch_operator.py
[2024-11-24T08:56:54.705+0000] {processor.py:925} INFO - DAG(s) 'example_branch_operator' retrieved from /home/airflow/.local/lib/python3.12/site-packages/airflow/example_dags/example_branch_operator.py
[2024-11-24T08:56:54.734+0000] {logging_mixin.py:190} INFO - [2024-11-24T08:56:54.734+0000] {dag.py:3239} INFO - Sync 1 DAGs
[2024-11-24T08:56:54.756+0000] {logging_mixin.py:190} INFO - [2024-11-24T08:56:54.756+0000] {dag.py:4180} INFO - Setting next_dagrun for example_branch_operator to 2024-11-23 00:00:00+00:00, run_after=2024-11-24 00:00:00+00:00
[2024-11-24T08:56:54.778+0000] {processor.py:208} INFO - Processing /home/airflow/.local/lib/python3.12/site-packages/airflow/example_dags/example_branch_operator.py took 0.096 seconds
[2024-11-24T08:57:27.235+0000] {processor.py:186} INFO - Started process (PID=2077) to work on /home/airflow/.local/lib/python3.12/site-packages/airflow/example_dags/example_branch_operator.py
[2024-11-24T08:57:27.237+0000] {processor.py:914} INFO - Processing file /home/airflow/.local/lib/python3.12/site-packages/airflow/example_dags/example_branch_operator.py for tasks to queue
[2024-11-24T08:57:27.241+0000] {logging_mixin.py:190} INFO - [2024-11-24T08:57:27.240+0000] {dagbag.py:588} INFO - Filling up the DagBag from /home/airflow/.local/lib/python3.12/site-packages/airflow/example_dags/example_branch_operator.py
[2024-11-24T08:57:27.269+0000] {processor.py:925} INFO - DAG(s) 'example_branch_operator' retrieved from /home/airflow/.local/lib/python3.12/site-packages/airflow/example_dags/example_branch_operator.py
[2024-11-24T08:57:27.315+0000] {logging_mixin.py:190} INFO - [2024-11-24T08:57:27.314+0000] {dag.py:3239} INFO - Sync 1 DAGs
[2024-11-24T08:57:27.356+0000] {logging_mixin.py:190} INFO - [2024-11-24T08:57:27.355+0000] {dag.py:4180} INFO - Setting next_dagrun for example_branch_operator to 2024-11-23 00:00:00+00:00, run_after=2024-11-24 00:00:00+00:00
[2024-11-24T08:57:27.384+0000] {processor.py:208} INFO - Processing /home/airflow/.local/lib/python3.12/site-packages/airflow/example_dags/example_branch_operator.py took 0.158 seconds
[2024-11-24T08:57:58.204+0000] {processor.py:186} INFO - Started process (PID=2368) to work on /home/airflow/.local/lib/python3.12/site-packages/airflow/example_dags/example_branch_operator.py
[2024-11-24T08:57:58.205+0000] {processor.py:914} INFO - Processing file /home/airflow/.local/lib/python3.12/site-packages/airflow/example_dags/example_branch_operator.py for tasks to queue
[2024-11-24T08:57:58.207+0000] {logging_mixin.py:190} INFO - [2024-11-24T08:57:58.207+0000] {dagbag.py:588} INFO - Filling up the DagBag from /home/airflow/.local/lib/python3.12/site-packages/airflow/example_dags/example_branch_operator.py
[2024-11-24T08:57:58.225+0000] {processor.py:925} INFO - DAG(s) 'example_branch_operator' retrieved from /home/airflow/.local/lib/python3.12/site-packages/airflow/example_dags/example_branch_operator.py
[2024-11-24T08:57:58.255+0000] {logging_mixin.py:190} INFO - [2024-11-24T08:57:58.254+0000] {dag.py:3239} INFO - Sync 1 DAGs
[2024-11-24T08:57:58.280+0000] {logging_mixin.py:190} INFO - [2024-11-24T08:57:58.279+0000] {dag.py:4180} INFO - Setting next_dagrun for example_branch_operator to 2024-11-23 00:00:00+00:00, run_after=2024-11-24 00:00:00+00:00
[2024-11-24T08:57:58.308+0000] {processor.py:208} INFO - Processing /home/airflow/.local/lib/python3.12/site-packages/airflow/example_dags/example_branch_operator.py took 0.110 seconds
[2024-11-24T08:58:29.500+0000] {processor.py:186} INFO - Started process (PID=2659) to work on /home/airflow/.local/lib/python3.12/site-packages/airflow/example_dags/example_branch_operator.py
[2024-11-24T08:58:29.501+0000] {processor.py:914} INFO - Processing file /home/airflow/.local/lib/python3.12/site-packages/airflow/example_dags/example_branch_operator.py for tasks to queue
[2024-11-24T08:58:29.505+0000] {logging_mixin.py:190} INFO - [2024-11-24T08:58:29.504+0000] {dagbag.py:588} INFO - Filling up the DagBag from /home/airflow/.local/lib/python3.12/site-packages/airflow/example_dags/example_branch_operator.py
[2024-11-24T08:58:29.534+0000] {processor.py:925} INFO - DAG(s) 'example_branch_operator' retrieved from /home/airflow/.local/lib/python3.12/site-packages/airflow/example_dags/example_branch_operator.py
[2024-11-24T08:58:29.582+0000] {logging_mixin.py:190} INFO - [2024-11-24T08:58:29.581+0000] {dag.py:3239} INFO - Sync 1 DAGs
[2024-11-24T08:58:29.623+0000] {logging_mixin.py:190} INFO - [2024-11-24T08:58:29.623+0000] {dag.py:4180} INFO - Setting next_dagrun for example_branch_operator to 2024-11-23 00:00:00+00:00, run_after=2024-11-24 00:00:00+00:00
[2024-11-24T08:58:29.657+0000] {processor.py:208} INFO - Processing /home/airflow/.local/lib/python3.12/site-packages/airflow/example_dags/example_branch_operator.py took 0.166 seconds
[2024-11-24T08:59:00.635+0000] {processor.py:186} INFO - Started process (PID=2950) to work on /home/airflow/.local/lib/python3.12/site-packages/airflow/example_dags/example_branch_operator.py
[2024-11-24T08:59:00.636+0000] {processor.py:914} INFO - Processing file /home/airflow/.local/lib/python3.12/site-packages/airflow/example_dags/example_branch_operator.py for tasks to queue
[2024-11-24T08:59:00.640+0000] {logging_mixin.py:190} INFO - [2024-11-24T08:59:00.639+0000] {dagbag.py:588} INFO - Filling up the DagBag from /home/airflow/.local/lib/python3.12/site-packages/airflow/example_dags/example_branch_operator.py
[2024-11-24T08:59:00.665+0000] {processor.py:925} INFO - DAG(s) 'example_branch_operator' retrieved from /home/airflow/.local/lib/python3.12/site-packages/airflow/example_dags/example_branch_operator.py
[2024-11-24T08:59:00.707+0000] {logging_mixin.py:190} INFO - [2024-11-24T08:59:00.707+0000] {dag.py:3239} INFO - Sync 1 DAGs
[2024-11-24T08:59:00.741+0000] {logging_mixin.py:190} INFO - [2024-11-24T08:59:00.741+0000] {dag.py:4180} INFO - Setting next_dagrun for example_branch_operator to 2024-11-23 00:00:00+00:00, run_after=2024-11-24 00:00:00+00:00
[2024-11-24T08:59:00.767+0000] {processor.py:208} INFO - Processing /home/airflow/.local/lib/python3.12/site-packages/airflow/example_dags/example_branch_operator.py took 0.141 seconds
[2024-11-24T08:59:31.784+0000] {processor.py:186} INFO - Started process (PID=3241) to work on /home/airflow/.local/lib/python3.12/site-packages/airflow/example_dags/example_branch_operator.py
[2024-11-24T08:59:31.785+0000] {processor.py:914} INFO - Processing file /home/airflow/.local/lib/python3.12/site-packages/airflow/example_dags/example_branch_operator.py for tasks to queue
[2024-11-24T08:59:31.788+0000] {logging_mixin.py:190} INFO - [2024-11-24T08:59:31.788+0000] {dagbag.py:588} INFO - Filling up the DagBag from /home/airflow/.local/lib/python3.12/site-packages/airflow/example_dags/example_branch_operator.py
[2024-11-24T08:59:31.808+0000] {processor.py:925} INFO - DAG(s) 'example_branch_operator' retrieved from /home/airflow/.local/lib/python3.12/site-packages/airflow/example_dags/example_branch_operator.py
[2024-11-24T08:59:31.836+0000] {logging_mixin.py:190} INFO - [2024-11-24T08:59:31.836+0000] {dag.py:3239} INFO - Sync 1 DAGs
[2024-11-24T08:59:31.861+0000] {logging_mixin.py:190} INFO - [2024-11-24T08:59:31.861+0000] {dag.py:4180} INFO - Setting next_dagrun for example_branch_operator to 2024-11-23 00:00:00+00:00, run_after=2024-11-24 00:00:00+00:00
[2024-11-24T08:59:31.880+0000] {processor.py:208} INFO - Processing /home/airflow/.local/lib/python3.12/site-packages/airflow/example_dags/example_branch_operator.py took 0.103 seconds
[2024-11-24T09:00:03.476+0000] {processor.py:186} INFO - Started process (PID=3532) to work on /home/airflow/.local/lib/python3.12/site-packages/airflow/example_dags/example_branch_operator.py
[2024-11-24T09:00:03.479+0000] {processor.py:914} INFO - Processing file /home/airflow/.local/lib/python3.12/site-packages/airflow/example_dags/example_branch_operator.py for tasks to queue
[2024-11-24T09:00:03.487+0000] {logging_mixin.py:190} INFO - [2024-11-24T09:00:03.486+0000] {dagbag.py:588} INFO - Filling up the DagBag from /home/airflow/.local/lib/python3.12/site-packages/airflow/example_dags/example_branch_operator.py
[2024-11-24T09:00:03.532+0000] {processor.py:925} INFO - DAG(s) 'example_branch_operator' retrieved from /home/airflow/.local/lib/python3.12/site-packages/airflow/example_dags/example_branch_operator.py
[2024-11-24T09:00:03.605+0000] {logging_mixin.py:190} INFO - [2024-11-24T09:00:03.604+0000] {dag.py:3239} INFO - Sync 1 DAGs
[2024-11-24T09:00:03.671+0000] {logging_mixin.py:190} INFO - [2024-11-24T09:00:03.671+0000] {dag.py:4180} INFO - Setting next_dagrun for example_branch_operator to 2024-11-23 00:00:00+00:00, run_after=2024-11-24 00:00:00+00:00
[2024-11-24T09:00:03.722+0000] {processor.py:208} INFO - Processing /home/airflow/.local/lib/python3.12/site-packages/airflow/example_dags/example_branch_operator.py took 0.259 seconds
[2024-11-24T09:00:33.948+0000] {processor.py:186} INFO - Started process (PID=3823) to work on /home/airflow/.local/lib/python3.12/site-packages/airflow/example_dags/example_branch_operator.py
[2024-11-24T09:00:33.951+0000] {processor.py:914} INFO - Processing file /home/airflow/.local/lib/python3.12/site-packages/airflow/example_dags/example_branch_operator.py for tasks to queue
[2024-11-24T09:00:33.956+0000] {logging_mixin.py:190} INFO - [2024-11-24T09:00:33.956+0000] {dagbag.py:588} INFO - Filling up the DagBag from /home/airflow/.local/lib/python3.12/site-packages/airflow/example_dags/example_branch_operator.py
[2024-11-24T09:00:33.997+0000] {processor.py:925} INFO - DAG(s) 'example_branch_operator' retrieved from /home/airflow/.local/lib/python3.12/site-packages/airflow/example_dags/example_branch_operator.py
[2024-11-24T09:00:34.059+0000] {logging_mixin.py:190} INFO - [2024-11-24T09:00:34.059+0000] {dag.py:3239} INFO - Sync 1 DAGs
[2024-11-24T09:00:34.109+0000] {logging_mixin.py:190} INFO - [2024-11-24T09:00:34.109+0000] {dag.py:4180} INFO - Setting next_dagrun for example_branch_operator to 2024-11-23 00:00:00+00:00, run_after=2024-11-24 00:00:00+00:00
[2024-11-24T09:00:34.141+0000] {processor.py:208} INFO - Processing /home/airflow/.local/lib/python3.12/site-packages/airflow/example_dags/example_branch_operator.py took 0.204 seconds
[2024-11-24T09:01:06.078+0000] {processor.py:186} INFO - Started process (PID=4114) to work on /home/airflow/.local/lib/python3.12/site-packages/airflow/example_dags/example_branch_operator.py
[2024-11-24T09:01:06.080+0000] {processor.py:914} INFO - Processing file /home/airflow/.local/lib/python3.12/site-packages/airflow/example_dags/example_branch_operator.py for tasks to queue
[2024-11-24T09:01:06.085+0000] {logging_mixin.py:190} INFO - [2024-11-24T09:01:06.085+0000] {dagbag.py:588} INFO - Filling up the DagBag from /home/airflow/.local/lib/python3.12/site-packages/airflow/example_dags/example_branch_operator.py
[2024-11-24T09:01:06.122+0000] {processor.py:925} INFO - DAG(s) 'example_branch_operator' retrieved from /home/airflow/.local/lib/python3.12/site-packages/airflow/example_dags/example_branch_operator.py
[2024-11-24T09:01:06.204+0000] {logging_mixin.py:190} INFO - [2024-11-24T09:01:06.204+0000] {dag.py:3239} INFO - Sync 1 DAGs
[2024-11-24T09:01:06.273+0000] {logging_mixin.py:190} INFO - [2024-11-24T09:01:06.273+0000] {dag.py:4180} INFO - Setting next_dagrun for example_branch_operator to 2024-11-23 00:00:00+00:00, run_after=2024-11-24 00:00:00+00:00
[2024-11-24T09:01:06.313+0000] {processor.py:208} INFO - Processing /home/airflow/.local/lib/python3.12/site-packages/airflow/example_dags/example_branch_operator.py took 0.247 seconds
[2024-11-24T09:01:36.607+0000] {processor.py:186} INFO - Started process (PID=4400) to work on /home/airflow/.local/lib/python3.12/site-packages/airflow/example_dags/example_branch_operator.py
[2024-11-24T09:01:36.609+0000] {processor.py:914} INFO - Processing file /home/airflow/.local/lib/python3.12/site-packages/airflow/example_dags/example_branch_operator.py for tasks to queue
[2024-11-24T09:01:36.611+0000] {logging_mixin.py:190} INFO - [2024-11-24T09:01:36.611+0000] {dagbag.py:588} INFO - Filling up the DagBag from /home/airflow/.local/lib/python3.12/site-packages/airflow/example_dags/example_branch_operator.py
[2024-11-24T09:01:36.628+0000] {processor.py:925} INFO - DAG(s) 'example_branch_operator' retrieved from /home/airflow/.local/lib/python3.12/site-packages/airflow/example_dags/example_branch_operator.py
[2024-11-24T09:01:36.656+0000] {logging_mixin.py:190} INFO - [2024-11-24T09:01:36.655+0000] {dag.py:3239} INFO - Sync 1 DAGs
[2024-11-24T09:01:36.682+0000] {logging_mixin.py:190} INFO - [2024-11-24T09:01:36.682+0000] {dag.py:4180} INFO - Setting next_dagrun for example_branch_operator to 2024-11-23 00:00:00+00:00, run_after=2024-11-24 00:00:00+00:00
[2024-11-24T09:01:36.705+0000] {processor.py:208} INFO - Processing /home/airflow/.local/lib/python3.12/site-packages/airflow/example_dags/example_branch_operator.py took 0.102 seconds
[2024-11-24T09:02:07.560+0000] {processor.py:186} INFO - Started process (PID=4691) to work on /home/airflow/.local/lib/python3.12/site-packages/airflow/example_dags/example_branch_operator.py
[2024-11-24T09:02:07.562+0000] {processor.py:914} INFO - Processing file /home/airflow/.local/lib/python3.12/site-packages/airflow/example_dags/example_branch_operator.py for tasks to queue
[2024-11-24T09:02:07.564+0000] {logging_mixin.py:190} INFO - [2024-11-24T09:02:07.564+0000] {dagbag.py:588} INFO - Filling up the DagBag from /home/airflow/.local/lib/python3.12/site-packages/airflow/example_dags/example_branch_operator.py
[2024-11-24T09:02:07.582+0000] {processor.py:925} INFO - DAG(s) 'example_branch_operator' retrieved from /home/airflow/.local/lib/python3.12/site-packages/airflow/example_dags/example_branch_operator.py
[2024-11-24T09:02:07.612+0000] {logging_mixin.py:190} INFO - [2024-11-24T09:02:07.611+0000] {dag.py:3239} INFO - Sync 1 DAGs
[2024-11-24T09:02:07.638+0000] {logging_mixin.py:190} INFO - [2024-11-24T09:02:07.637+0000] {dag.py:4180} INFO - Setting next_dagrun for example_branch_operator to 2024-11-23 00:00:00+00:00, run_after=2024-11-24 00:00:00+00:00
[2024-11-24T09:02:07.661+0000] {processor.py:208} INFO - Processing /home/airflow/.local/lib/python3.12/site-packages/airflow/example_dags/example_branch_operator.py took 0.109 seconds
[2024-11-24T09:02:38.803+0000] {processor.py:186} INFO - Started process (PID=4984) to work on /home/airflow/.local/lib/python3.12/site-packages/airflow/example_dags/example_branch_operator.py
[2024-11-24T09:02:38.804+0000] {processor.py:914} INFO - Processing file /home/airflow/.local/lib/python3.12/site-packages/airflow/example_dags/example_branch_operator.py for tasks to queue
[2024-11-24T09:02:38.806+0000] {logging_mixin.py:190} INFO - [2024-11-24T09:02:38.806+0000] {dagbag.py:588} INFO - Filling up the DagBag from /home/airflow/.local/lib/python3.12/site-packages/airflow/example_dags/example_branch_operator.py
[2024-11-24T09:02:38.825+0000] {processor.py:925} INFO - DAG(s) 'example_branch_operator' retrieved from /home/airflow/.local/lib/python3.12/site-packages/airflow/example_dags/example_branch_operator.py
[2024-11-24T09:02:38.856+0000] {logging_mixin.py:190} INFO - [2024-11-24T09:02:38.855+0000] {dag.py:3239} INFO - Sync 1 DAGs
[2024-11-24T09:02:38.881+0000] {logging_mixin.py:190} INFO - [2024-11-24T09:02:38.881+0000] {dag.py:4180} INFO - Setting next_dagrun for example_branch_operator to 2024-11-23 00:00:00+00:00, run_after=2024-11-24 00:00:00+00:00
[2024-11-24T09:02:38.904+0000] {processor.py:208} INFO - Processing /home/airflow/.local/lib/python3.12/site-packages/airflow/example_dags/example_branch_operator.py took 0.108 seconds
[2024-11-24T09:03:16.433+0000] {processor.py:186} INFO - Started process (PID=5307) to work on /home/airflow/.local/lib/python3.12/site-packages/airflow/example_dags/example_branch_operator.py
[2024-11-24T09:03:16.436+0000] {processor.py:914} INFO - Processing file /home/airflow/.local/lib/python3.12/site-packages/airflow/example_dags/example_branch_operator.py for tasks to queue
[2024-11-24T09:03:16.443+0000] {logging_mixin.py:190} INFO - [2024-11-24T09:03:16.442+0000] {dagbag.py:588} INFO - Filling up the DagBag from /home/airflow/.local/lib/python3.12/site-packages/airflow/example_dags/example_branch_operator.py
[2024-11-24T09:03:16.493+0000] {processor.py:925} INFO - DAG(s) 'example_branch_operator' retrieved from /home/airflow/.local/lib/python3.12/site-packages/airflow/example_dags/example_branch_operator.py
[2024-11-24T09:03:16.577+0000] {logging_mixin.py:190} INFO - [2024-11-24T09:03:16.577+0000] {dag.py:3239} INFO - Sync 1 DAGs
[2024-11-24T09:03:16.650+0000] {logging_mixin.py:190} INFO - [2024-11-24T09:03:16.649+0000] {dag.py:4180} INFO - Setting next_dagrun for example_branch_operator to 2024-11-23 00:00:00+00:00, run_after=2024-11-24 00:00:00+00:00
[2024-11-24T09:03:16.716+0000] {processor.py:208} INFO - Processing /home/airflow/.local/lib/python3.12/site-packages/airflow/example_dags/example_branch_operator.py took 0.301 seconds
[2024-11-24T09:03:53.194+0000] {processor.py:186} INFO - Started process (PID=5616) to work on /home/airflow/.local/lib/python3.12/site-packages/airflow/example_dags/example_branch_operator.py
[2024-11-24T09:03:53.196+0000] {processor.py:914} INFO - Processing file /home/airflow/.local/lib/python3.12/site-packages/airflow/example_dags/example_branch_operator.py for tasks to queue
[2024-11-24T09:03:53.202+0000] {logging_mixin.py:190} INFO - [2024-11-24T09:03:53.201+0000] {dagbag.py:588} INFO - Filling up the DagBag from /home/airflow/.local/lib/python3.12/site-packages/airflow/example_dags/example_branch_operator.py
[2024-11-24T09:03:53.244+0000] {processor.py:925} INFO - DAG(s) 'example_branch_operator' retrieved from /home/airflow/.local/lib/python3.12/site-packages/airflow/example_dags/example_branch_operator.py
[2024-11-24T09:03:53.295+0000] {logging_mixin.py:190} INFO - [2024-11-24T09:03:53.295+0000] {dag.py:3239} INFO - Sync 1 DAGs
[2024-11-24T09:03:53.339+0000] {logging_mixin.py:190} INFO - [2024-11-24T09:03:53.339+0000] {dag.py:4180} INFO - Setting next_dagrun for example_branch_operator to 2024-11-23 00:00:00+00:00, run_after=2024-11-24 00:00:00+00:00
[2024-11-24T09:03:53.372+0000] {processor.py:208} INFO - Processing /home/airflow/.local/lib/python3.12/site-packages/airflow/example_dags/example_branch_operator.py took 0.189 seconds
[2024-11-24T09:04:23.618+0000] {processor.py:186} INFO - Started process (PID=5905) to work on /home/airflow/.local/lib/python3.12/site-packages/airflow/example_dags/example_branch_operator.py
[2024-11-24T09:04:23.620+0000] {processor.py:914} INFO - Processing file /home/airflow/.local/lib/python3.12/site-packages/airflow/example_dags/example_branch_operator.py for tasks to queue
[2024-11-24T09:04:23.624+0000] {logging_mixin.py:190} INFO - [2024-11-24T09:04:23.623+0000] {dagbag.py:588} INFO - Filling up the DagBag from /home/airflow/.local/lib/python3.12/site-packages/airflow/example_dags/example_branch_operator.py
[2024-11-24T09:04:23.654+0000] {processor.py:925} INFO - DAG(s) 'example_branch_operator' retrieved from /home/airflow/.local/lib/python3.12/site-packages/airflow/example_dags/example_branch_operator.py
[2024-11-24T09:04:23.706+0000] {logging_mixin.py:190} INFO - [2024-11-24T09:04:23.706+0000] {dag.py:3239} INFO - Sync 1 DAGs
[2024-11-24T09:04:23.760+0000] {logging_mixin.py:190} INFO - [2024-11-24T09:04:23.760+0000] {dag.py:4180} INFO - Setting next_dagrun for example_branch_operator to 2024-11-23 00:00:00+00:00, run_after=2024-11-24 00:00:00+00:00
[2024-11-24T09:04:23.803+0000] {processor.py:208} INFO - Processing /home/airflow/.local/lib/python3.12/site-packages/airflow/example_dags/example_branch_operator.py took 0.195 seconds
[2024-11-24T09:04:55.985+0000] {processor.py:186} INFO - Started process (PID=6196) to work on /home/airflow/.local/lib/python3.12/site-packages/airflow/example_dags/example_branch_operator.py
[2024-11-24T09:04:55.988+0000] {processor.py:914} INFO - Processing file /home/airflow/.local/lib/python3.12/site-packages/airflow/example_dags/example_branch_operator.py for tasks to queue
[2024-11-24T09:04:55.994+0000] {logging_mixin.py:190} INFO - [2024-11-24T09:04:55.993+0000] {dagbag.py:588} INFO - Filling up the DagBag from /home/airflow/.local/lib/python3.12/site-packages/airflow/example_dags/example_branch_operator.py
[2024-11-24T09:04:56.039+0000] {processor.py:925} INFO - DAG(s) 'example_branch_operator' retrieved from /home/airflow/.local/lib/python3.12/site-packages/airflow/example_dags/example_branch_operator.py
[2024-11-24T09:04:56.127+0000] {logging_mixin.py:190} INFO - [2024-11-24T09:04:56.126+0000] {dag.py:3239} INFO - Sync 1 DAGs
[2024-11-24T09:04:56.241+0000] {logging_mixin.py:190} INFO - [2024-11-24T09:04:56.240+0000] {dag.py:4180} INFO - Setting next_dagrun for example_branch_operator to 2024-11-23 00:00:00+00:00, run_after=2024-11-24 00:00:00+00:00
[2024-11-24T09:04:56.299+0000] {processor.py:208} INFO - Processing /home/airflow/.local/lib/python3.12/site-packages/airflow/example_dags/example_branch_operator.py took 0.328 seconds
[2024-11-24T09:05:31.328+0000] {processor.py:186} INFO - Started process (PID=6504) to work on /home/airflow/.local/lib/python3.12/site-packages/airflow/example_dags/example_branch_operator.py
[2024-11-24T09:05:31.338+0000] {processor.py:914} INFO - Processing file /home/airflow/.local/lib/python3.12/site-packages/airflow/example_dags/example_branch_operator.py for tasks to queue
[2024-11-24T09:05:31.345+0000] {logging_mixin.py:190} INFO - [2024-11-24T09:05:31.344+0000] {dagbag.py:588} INFO - Filling up the DagBag from /home/airflow/.local/lib/python3.12/site-packages/airflow/example_dags/example_branch_operator.py
[2024-11-24T09:05:31.415+0000] {processor.py:925} INFO - DAG(s) 'example_branch_operator' retrieved from /home/airflow/.local/lib/python3.12/site-packages/airflow/example_dags/example_branch_operator.py
[2024-11-24T09:05:31.504+0000] {logging_mixin.py:190} INFO - [2024-11-24T09:05:31.504+0000] {dag.py:3239} INFO - Sync 1 DAGs
[2024-11-24T09:05:31.605+0000] {logging_mixin.py:190} INFO - [2024-11-24T09:05:31.604+0000] {dag.py:4180} INFO - Setting next_dagrun for example_branch_operator to 2024-11-23 00:00:00+00:00, run_after=2024-11-24 00:00:00+00:00
[2024-11-24T09:05:31.734+0000] {processor.py:208} INFO - Processing /home/airflow/.local/lib/python3.12/site-packages/airflow/example_dags/example_branch_operator.py took 0.432 seconds
[2024-11-24T09:06:04.580+0000] {processor.py:186} INFO - Started process (PID=6808) to work on /home/airflow/.local/lib/python3.12/site-packages/airflow/example_dags/example_branch_operator.py
[2024-11-24T09:06:04.583+0000] {processor.py:914} INFO - Processing file /home/airflow/.local/lib/python3.12/site-packages/airflow/example_dags/example_branch_operator.py for tasks to queue
[2024-11-24T09:06:04.590+0000] {logging_mixin.py:190} INFO - [2024-11-24T09:06:04.589+0000] {dagbag.py:588} INFO - Filling up the DagBag from /home/airflow/.local/lib/python3.12/site-packages/airflow/example_dags/example_branch_operator.py
[2024-11-24T09:06:04.674+0000] {processor.py:925} INFO - DAG(s) 'example_branch_operator' retrieved from /home/airflow/.local/lib/python3.12/site-packages/airflow/example_dags/example_branch_operator.py
[2024-11-24T09:06:04.767+0000] {logging_mixin.py:190} INFO - [2024-11-24T09:06:04.765+0000] {dag.py:3239} INFO - Sync 1 DAGs
[2024-11-24T09:06:04.862+0000] {logging_mixin.py:190} INFO - [2024-11-24T09:06:04.861+0000] {dag.py:4180} INFO - Setting next_dagrun for example_branch_operator to 2024-11-23 00:00:00+00:00, run_after=2024-11-24 00:00:00+00:00
[2024-11-24T09:06:04.921+0000] {processor.py:208} INFO - Processing /home/airflow/.local/lib/python3.12/site-packages/airflow/example_dags/example_branch_operator.py took 0.369 seconds
