[2024-11-24T08:42:58.330+0000] {processor.py:186} INFO - Started process (PID=298) to work on /home/airflow/.local/lib/python3.12/site-packages/airflow/example_dags/example_dag_decorator.py
[2024-11-24T08:42:58.332+0000] {processor.py:914} INFO - Processing file /home/airflow/.local/lib/python3.12/site-packages/airflow/example_dags/example_dag_decorator.py for tasks to queue
[2024-11-24T08:42:58.337+0000] {logging_mixin.py:190} INFO - [2024-11-24T08:42:58.336+0000] {dagbag.py:588} INFO - Filling up the DagBag from /home/airflow/.local/lib/python3.12/site-packages/airflow/example_dags/example_dag_decorator.py
[2024-11-24T08:42:58.396+0000] {processor.py:925} INFO - DAG(s) 'example_dag_decorator' retrieved from /home/airflow/.local/lib/python3.12/site-packages/airflow/example_dags/example_dag_decorator.py
[2024-11-24T08:42:58.649+0000] {logging_mixin.py:190} INFO - [2024-11-24T08:42:58.648+0000] {override.py:1911} INFO - Created Permission View: can read on DAG:example_dag_decorator
[2024-11-24T08:42:58.666+0000] {logging_mixin.py:190} INFO - [2024-11-24T08:42:58.666+0000] {override.py:1911} INFO - Created Permission View: can edit on DAG:example_dag_decorator
[2024-11-24T08:42:58.679+0000] {logging_mixin.py:190} INFO - [2024-11-24T08:42:58.679+0000] {override.py:1911} INFO - Created Permission View: can delete on DAG:example_dag_decorator
[2024-11-24T08:42:58.694+0000] {logging_mixin.py:190} INFO - [2024-11-24T08:42:58.693+0000] {override.py:1911} INFO - Created Permission View: can read on DAG Run:example_dag_decorator
[2024-11-24T08:42:58.704+0000] {logging_mixin.py:190} INFO - [2024-11-24T08:42:58.704+0000] {override.py:1911} INFO - Created Permission View: can delete on DAG Run:example_dag_decorator
[2024-11-24T08:42:58.714+0000] {logging_mixin.py:190} INFO - [2024-11-24T08:42:58.713+0000] {override.py:1911} INFO - Created Permission View: can create on DAG Run:example_dag_decorator
[2024-11-24T08:42:58.725+0000] {logging_mixin.py:190} INFO - [2024-11-24T08:42:58.724+0000] {override.py:1911} INFO - Created Permission View: menu access on DAG Run:example_dag_decorator
[2024-11-24T08:42:58.726+0000] {logging_mixin.py:190} INFO - [2024-11-24T08:42:58.726+0000] {dag.py:3239} INFO - Sync 1 DAGs
[2024-11-24T08:42:58.746+0000] {logging_mixin.py:190} INFO - [2024-11-24T08:42:58.746+0000] {dag.py:3262} INFO - Creating ORM DAG for example_dag_decorator
[2024-11-24T08:42:58.749+0000] {logging_mixin.py:190} INFO - [2024-11-24T08:42:58.748+0000] {dag.py:4180} INFO - Setting next_dagrun for example_dag_decorator to None, run_after=None
[2024-11-24T08:42:58.773+0000] {processor.py:208} INFO - Processing /home/airflow/.local/lib/python3.12/site-packages/airflow/example_dags/example_dag_decorator.py took 0.455 seconds
[2024-11-24T08:43:29.222+0000] {processor.py:186} INFO - Started process (PID=584) to work on /home/airflow/.local/lib/python3.12/site-packages/airflow/example_dags/example_dag_decorator.py
[2024-11-24T08:43:29.223+0000] {processor.py:914} INFO - Processing file /home/airflow/.local/lib/python3.12/site-packages/airflow/example_dags/example_dag_decorator.py for tasks to queue
[2024-11-24T08:43:29.226+0000] {logging_mixin.py:190} INFO - [2024-11-24T08:43:29.225+0000] {dagbag.py:588} INFO - Filling up the DagBag from /home/airflow/.local/lib/python3.12/site-packages/airflow/example_dags/example_dag_decorator.py
[2024-11-24T08:43:29.239+0000] {processor.py:925} INFO - DAG(s) 'example_dag_decorator' retrieved from /home/airflow/.local/lib/python3.12/site-packages/airflow/example_dags/example_dag_decorator.py
[2024-11-24T08:43:29.388+0000] {logging_mixin.py:190} INFO - [2024-11-24T08:43:29.387+0000] {dag.py:3239} INFO - Sync 1 DAGs
[2024-11-24T08:43:29.404+0000] {logging_mixin.py:190} INFO - [2024-11-24T08:43:29.403+0000] {dag.py:4180} INFO - Setting next_dagrun for example_dag_decorator to None, run_after=None
[2024-11-24T08:43:29.430+0000] {processor.py:208} INFO - Processing /home/airflow/.local/lib/python3.12/site-packages/airflow/example_dags/example_dag_decorator.py took 0.216 seconds
[2024-11-24T08:43:59.750+0000] {processor.py:186} INFO - Started process (PID=872) to work on /home/airflow/.local/lib/python3.12/site-packages/airflow/example_dags/example_dag_decorator.py
[2024-11-24T08:43:59.754+0000] {processor.py:914} INFO - Processing file /home/airflow/.local/lib/python3.12/site-packages/airflow/example_dags/example_dag_decorator.py for tasks to queue
[2024-11-24T08:43:59.756+0000] {logging_mixin.py:190} INFO - [2024-11-24T08:43:59.756+0000] {dagbag.py:588} INFO - Filling up the DagBag from /home/airflow/.local/lib/python3.12/site-packages/airflow/example_dags/example_dag_decorator.py
[2024-11-24T08:43:59.768+0000] {processor.py:925} INFO - DAG(s) 'example_dag_decorator' retrieved from /home/airflow/.local/lib/python3.12/site-packages/airflow/example_dags/example_dag_decorator.py
[2024-11-24T08:43:59.795+0000] {logging_mixin.py:190} INFO - [2024-11-24T08:43:59.795+0000] {dag.py:3239} INFO - Sync 1 DAGs
[2024-11-24T08:43:59.812+0000] {logging_mixin.py:190} INFO - [2024-11-24T08:43:59.812+0000] {dag.py:4180} INFO - Setting next_dagrun for example_dag_decorator to None, run_after=None
[2024-11-24T08:43:59.836+0000] {processor.py:208} INFO - Processing /home/airflow/.local/lib/python3.12/site-packages/airflow/example_dags/example_dag_decorator.py took 0.091 seconds
[2024-11-24T08:44:30.009+0000] {processor.py:186} INFO - Started process (PID=1161) to work on /home/airflow/.local/lib/python3.12/site-packages/airflow/example_dags/example_dag_decorator.py
[2024-11-24T08:44:30.012+0000] {processor.py:914} INFO - Processing file /home/airflow/.local/lib/python3.12/site-packages/airflow/example_dags/example_dag_decorator.py for tasks to queue
[2024-11-24T08:44:30.014+0000] {logging_mixin.py:190} INFO - [2024-11-24T08:44:30.014+0000] {dagbag.py:588} INFO - Filling up the DagBag from /home/airflow/.local/lib/python3.12/site-packages/airflow/example_dags/example_dag_decorator.py
[2024-11-24T08:44:30.025+0000] {processor.py:925} INFO - DAG(s) 'example_dag_decorator' retrieved from /home/airflow/.local/lib/python3.12/site-packages/airflow/example_dags/example_dag_decorator.py
[2024-11-24T08:44:30.051+0000] {logging_mixin.py:190} INFO - [2024-11-24T08:44:30.051+0000] {dag.py:3239} INFO - Sync 1 DAGs
[2024-11-24T08:44:30.064+0000] {logging_mixin.py:190} INFO - [2024-11-24T08:44:30.064+0000] {dag.py:4180} INFO - Setting next_dagrun for example_dag_decorator to None, run_after=None
[2024-11-24T08:44:30.085+0000] {processor.py:208} INFO - Processing /home/airflow/.local/lib/python3.12/site-packages/airflow/example_dags/example_dag_decorator.py took 0.081 seconds
[2024-11-24T08:45:00.824+0000] {processor.py:186} INFO - Started process (PID=1452) to work on /home/airflow/.local/lib/python3.12/site-packages/airflow/example_dags/example_dag_decorator.py
[2024-11-24T08:45:00.825+0000] {processor.py:914} INFO - Processing file /home/airflow/.local/lib/python3.12/site-packages/airflow/example_dags/example_dag_decorator.py for tasks to queue
[2024-11-24T08:45:00.828+0000] {logging_mixin.py:190} INFO - [2024-11-24T08:45:00.828+0000] {dagbag.py:588} INFO - Filling up the DagBag from /home/airflow/.local/lib/python3.12/site-packages/airflow/example_dags/example_dag_decorator.py
[2024-11-24T08:45:00.840+0000] {processor.py:925} INFO - DAG(s) 'example_dag_decorator' retrieved from /home/airflow/.local/lib/python3.12/site-packages/airflow/example_dags/example_dag_decorator.py
[2024-11-24T08:45:00.866+0000] {logging_mixin.py:190} INFO - [2024-11-24T08:45:00.865+0000] {dag.py:3239} INFO - Sync 1 DAGs
[2024-11-24T08:45:00.882+0000] {logging_mixin.py:190} INFO - [2024-11-24T08:45:00.881+0000] {dag.py:4180} INFO - Setting next_dagrun for example_dag_decorator to None, run_after=None
[2024-11-24T08:45:00.903+0000] {processor.py:208} INFO - Processing /home/airflow/.local/lib/python3.12/site-packages/airflow/example_dags/example_dag_decorator.py took 0.084 seconds
[2024-11-24T08:45:31.258+0000] {processor.py:186} INFO - Started process (PID=1740) to work on /home/airflow/.local/lib/python3.12/site-packages/airflow/example_dags/example_dag_decorator.py
[2024-11-24T08:45:31.260+0000] {processor.py:914} INFO - Processing file /home/airflow/.local/lib/python3.12/site-packages/airflow/example_dags/example_dag_decorator.py for tasks to queue
[2024-11-24T08:45:31.265+0000] {logging_mixin.py:190} INFO - [2024-11-24T08:45:31.265+0000] {dagbag.py:588} INFO - Filling up the DagBag from /home/airflow/.local/lib/python3.12/site-packages/airflow/example_dags/example_dag_decorator.py
[2024-11-24T08:45:31.282+0000] {processor.py:925} INFO - DAG(s) 'example_dag_decorator' retrieved from /home/airflow/.local/lib/python3.12/site-packages/airflow/example_dags/example_dag_decorator.py
[2024-11-24T08:45:31.314+0000] {logging_mixin.py:190} INFO - [2024-11-24T08:45:31.314+0000] {dag.py:3239} INFO - Sync 1 DAGs
[2024-11-24T08:45:31.335+0000] {logging_mixin.py:190} INFO - [2024-11-24T08:45:31.335+0000] {dag.py:4180} INFO - Setting next_dagrun for example_dag_decorator to None, run_after=None
[2024-11-24T08:45:31.358+0000] {processor.py:208} INFO - Processing /home/airflow/.local/lib/python3.12/site-packages/airflow/example_dags/example_dag_decorator.py took 0.109 seconds
[2024-11-24T08:46:01.491+0000] {processor.py:186} INFO - Started process (PID=2031) to work on /home/airflow/.local/lib/python3.12/site-packages/airflow/example_dags/example_dag_decorator.py
[2024-11-24T08:46:01.494+0000] {processor.py:914} INFO - Processing file /home/airflow/.local/lib/python3.12/site-packages/airflow/example_dags/example_dag_decorator.py for tasks to queue
[2024-11-24T08:46:01.497+0000] {logging_mixin.py:190} INFO - [2024-11-24T08:46:01.497+0000] {dagbag.py:588} INFO - Filling up the DagBag from /home/airflow/.local/lib/python3.12/site-packages/airflow/example_dags/example_dag_decorator.py
[2024-11-24T08:46:01.508+0000] {processor.py:925} INFO - DAG(s) 'example_dag_decorator' retrieved from /home/airflow/.local/lib/python3.12/site-packages/airflow/example_dags/example_dag_decorator.py
[2024-11-24T08:46:01.544+0000] {logging_mixin.py:190} INFO - [2024-11-24T08:46:01.543+0000] {dag.py:3239} INFO - Sync 1 DAGs
[2024-11-24T08:46:01.564+0000] {logging_mixin.py:190} INFO - [2024-11-24T08:46:01.564+0000] {dag.py:4180} INFO - Setting next_dagrun for example_dag_decorator to None, run_after=None
[2024-11-24T08:46:01.589+0000] {processor.py:208} INFO - Processing /home/airflow/.local/lib/python3.12/site-packages/airflow/example_dags/example_dag_decorator.py took 0.106 seconds
[2024-11-24T08:46:31.786+0000] {processor.py:186} INFO - Started process (PID=2322) to work on /home/airflow/.local/lib/python3.12/site-packages/airflow/example_dags/example_dag_decorator.py
[2024-11-24T08:46:31.788+0000] {processor.py:914} INFO - Processing file /home/airflow/.local/lib/python3.12/site-packages/airflow/example_dags/example_dag_decorator.py for tasks to queue
[2024-11-24T08:46:31.792+0000] {logging_mixin.py:190} INFO - [2024-11-24T08:46:31.792+0000] {dagbag.py:588} INFO - Filling up the DagBag from /home/airflow/.local/lib/python3.12/site-packages/airflow/example_dags/example_dag_decorator.py
[2024-11-24T08:46:31.812+0000] {processor.py:925} INFO - DAG(s) 'example_dag_decorator' retrieved from /home/airflow/.local/lib/python3.12/site-packages/airflow/example_dags/example_dag_decorator.py
[2024-11-24T08:46:31.854+0000] {logging_mixin.py:190} INFO - [2024-11-24T08:46:31.854+0000] {dag.py:3239} INFO - Sync 1 DAGs
[2024-11-24T08:46:31.874+0000] {logging_mixin.py:190} INFO - [2024-11-24T08:46:31.874+0000] {dag.py:4180} INFO - Setting next_dagrun for example_dag_decorator to None, run_after=None
[2024-11-24T08:46:31.904+0000] {processor.py:208} INFO - Processing /home/airflow/.local/lib/python3.12/site-packages/airflow/example_dags/example_dag_decorator.py took 0.127 seconds
[2024-11-24T08:47:02.640+0000] {processor.py:186} INFO - Started process (PID=2613) to work on /home/airflow/.local/lib/python3.12/site-packages/airflow/example_dags/example_dag_decorator.py
[2024-11-24T08:47:02.643+0000] {processor.py:914} INFO - Processing file /home/airflow/.local/lib/python3.12/site-packages/airflow/example_dags/example_dag_decorator.py for tasks to queue
[2024-11-24T08:47:02.646+0000] {logging_mixin.py:190} INFO - [2024-11-24T08:47:02.646+0000] {dagbag.py:588} INFO - Filling up the DagBag from /home/airflow/.local/lib/python3.12/site-packages/airflow/example_dags/example_dag_decorator.py
[2024-11-24T08:47:02.658+0000] {processor.py:925} INFO - DAG(s) 'example_dag_decorator' retrieved from /home/airflow/.local/lib/python3.12/site-packages/airflow/example_dags/example_dag_decorator.py
[2024-11-24T08:47:02.764+0000] {logging_mixin.py:190} INFO - [2024-11-24T08:47:02.763+0000] {dag.py:3239} INFO - Sync 1 DAGs
[2024-11-24T08:47:02.773+0000] {logging_mixin.py:190} INFO - [2024-11-24T08:47:02.773+0000] {dag.py:4180} INFO - Setting next_dagrun for example_dag_decorator to None, run_after=None
[2024-11-24T08:47:02.796+0000] {processor.py:208} INFO - Processing /home/airflow/.local/lib/python3.12/site-packages/airflow/example_dags/example_dag_decorator.py took 0.164 seconds
[2024-11-24T08:47:33.035+0000] {processor.py:186} INFO - Started process (PID=2904) to work on /home/airflow/.local/lib/python3.12/site-packages/airflow/example_dags/example_dag_decorator.py
[2024-11-24T08:47:33.037+0000] {processor.py:914} INFO - Processing file /home/airflow/.local/lib/python3.12/site-packages/airflow/example_dags/example_dag_decorator.py for tasks to queue
[2024-11-24T08:47:33.040+0000] {logging_mixin.py:190} INFO - [2024-11-24T08:47:33.040+0000] {dagbag.py:588} INFO - Filling up the DagBag from /home/airflow/.local/lib/python3.12/site-packages/airflow/example_dags/example_dag_decorator.py
[2024-11-24T08:47:33.054+0000] {processor.py:925} INFO - DAG(s) 'example_dag_decorator' retrieved from /home/airflow/.local/lib/python3.12/site-packages/airflow/example_dags/example_dag_decorator.py
[2024-11-24T08:47:33.201+0000] {logging_mixin.py:190} INFO - [2024-11-24T08:47:33.201+0000] {dag.py:3239} INFO - Sync 1 DAGs
[2024-11-24T08:47:33.218+0000] {logging_mixin.py:190} INFO - [2024-11-24T08:47:33.218+0000] {dag.py:4180} INFO - Setting next_dagrun for example_dag_decorator to None, run_after=None
[2024-11-24T08:47:33.287+0000] {processor.py:208} INFO - Processing /home/airflow/.local/lib/python3.12/site-packages/airflow/example_dags/example_dag_decorator.py took 0.260 seconds
[2024-11-24T08:48:03.345+0000] {processor.py:186} INFO - Started process (PID=3195) to work on /home/airflow/.local/lib/python3.12/site-packages/airflow/example_dags/example_dag_decorator.py
[2024-11-24T08:48:03.347+0000] {processor.py:914} INFO - Processing file /home/airflow/.local/lib/python3.12/site-packages/airflow/example_dags/example_dag_decorator.py for tasks to queue
[2024-11-24T08:48:03.350+0000] {logging_mixin.py:190} INFO - [2024-11-24T08:48:03.350+0000] {dagbag.py:588} INFO - Filling up the DagBag from /home/airflow/.local/lib/python3.12/site-packages/airflow/example_dags/example_dag_decorator.py
[2024-11-24T08:48:03.365+0000] {processor.py:925} INFO - DAG(s) 'example_dag_decorator' retrieved from /home/airflow/.local/lib/python3.12/site-packages/airflow/example_dags/example_dag_decorator.py
[2024-11-24T08:48:03.508+0000] {logging_mixin.py:190} INFO - [2024-11-24T08:48:03.508+0000] {dag.py:3239} INFO - Sync 1 DAGs
[2024-11-24T08:48:03.522+0000] {logging_mixin.py:190} INFO - [2024-11-24T08:48:03.522+0000] {dag.py:4180} INFO - Setting next_dagrun for example_dag_decorator to None, run_after=None
[2024-11-24T08:48:03.552+0000] {processor.py:208} INFO - Processing /home/airflow/.local/lib/python3.12/site-packages/airflow/example_dags/example_dag_decorator.py took 0.212 seconds
[2024-11-24T08:48:33.826+0000] {processor.py:186} INFO - Started process (PID=3486) to work on /home/airflow/.local/lib/python3.12/site-packages/airflow/example_dags/example_dag_decorator.py
[2024-11-24T08:48:33.828+0000] {processor.py:914} INFO - Processing file /home/airflow/.local/lib/python3.12/site-packages/airflow/example_dags/example_dag_decorator.py for tasks to queue
[2024-11-24T08:48:33.831+0000] {logging_mixin.py:190} INFO - [2024-11-24T08:48:33.831+0000] {dagbag.py:588} INFO - Filling up the DagBag from /home/airflow/.local/lib/python3.12/site-packages/airflow/example_dags/example_dag_decorator.py
[2024-11-24T08:48:33.848+0000] {processor.py:925} INFO - DAG(s) 'example_dag_decorator' retrieved from /home/airflow/.local/lib/python3.12/site-packages/airflow/example_dags/example_dag_decorator.py
[2024-11-24T08:48:33.996+0000] {logging_mixin.py:190} INFO - [2024-11-24T08:48:33.995+0000] {dag.py:3239} INFO - Sync 1 DAGs
[2024-11-24T08:48:34.013+0000] {logging_mixin.py:190} INFO - [2024-11-24T08:48:34.013+0000] {dag.py:4180} INFO - Setting next_dagrun for example_dag_decorator to None, run_after=None
[2024-11-24T08:48:34.048+0000] {processor.py:208} INFO - Processing /home/airflow/.local/lib/python3.12/site-packages/airflow/example_dags/example_dag_decorator.py took 0.229 seconds
[2024-11-24T08:49:04.114+0000] {processor.py:186} INFO - Started process (PID=3780) to work on /home/airflow/.local/lib/python3.12/site-packages/airflow/example_dags/example_dag_decorator.py
[2024-11-24T08:49:04.115+0000] {processor.py:914} INFO - Processing file /home/airflow/.local/lib/python3.12/site-packages/airflow/example_dags/example_dag_decorator.py for tasks to queue
[2024-11-24T08:49:04.119+0000] {logging_mixin.py:190} INFO - [2024-11-24T08:49:04.118+0000] {dagbag.py:588} INFO - Filling up the DagBag from /home/airflow/.local/lib/python3.12/site-packages/airflow/example_dags/example_dag_decorator.py
[2024-11-24T08:49:04.141+0000] {processor.py:925} INFO - DAG(s) 'example_dag_decorator' retrieved from /home/airflow/.local/lib/python3.12/site-packages/airflow/example_dags/example_dag_decorator.py
[2024-11-24T08:49:04.335+0000] {logging_mixin.py:190} INFO - [2024-11-24T08:49:04.335+0000] {dag.py:3239} INFO - Sync 1 DAGs
[2024-11-24T08:49:04.354+0000] {logging_mixin.py:190} INFO - [2024-11-24T08:49:04.354+0000] {dag.py:4180} INFO - Setting next_dagrun for example_dag_decorator to None, run_after=None
[2024-11-24T08:49:04.382+0000] {processor.py:208} INFO - Processing /home/airflow/.local/lib/python3.12/site-packages/airflow/example_dags/example_dag_decorator.py took 0.277 seconds
[2024-11-24T08:49:34.554+0000] {processor.py:186} INFO - Started process (PID=4068) to work on /home/airflow/.local/lib/python3.12/site-packages/airflow/example_dags/example_dag_decorator.py
[2024-11-24T08:49:34.556+0000] {processor.py:914} INFO - Processing file /home/airflow/.local/lib/python3.12/site-packages/airflow/example_dags/example_dag_decorator.py for tasks to queue
[2024-11-24T08:49:34.559+0000] {logging_mixin.py:190} INFO - [2024-11-24T08:49:34.558+0000] {dagbag.py:588} INFO - Filling up the DagBag from /home/airflow/.local/lib/python3.12/site-packages/airflow/example_dags/example_dag_decorator.py
[2024-11-24T08:49:34.574+0000] {processor.py:925} INFO - DAG(s) 'example_dag_decorator' retrieved from /home/airflow/.local/lib/python3.12/site-packages/airflow/example_dags/example_dag_decorator.py
[2024-11-24T08:49:34.737+0000] {logging_mixin.py:190} INFO - [2024-11-24T08:49:34.737+0000] {dag.py:3239} INFO - Sync 1 DAGs
[2024-11-24T08:49:34.760+0000] {logging_mixin.py:190} INFO - [2024-11-24T08:49:34.760+0000] {dag.py:4180} INFO - Setting next_dagrun for example_dag_decorator to None, run_after=None
[2024-11-24T08:49:34.799+0000] {processor.py:208} INFO - Processing /home/airflow/.local/lib/python3.12/site-packages/airflow/example_dags/example_dag_decorator.py took 0.251 seconds
[2024-11-24T08:50:04.897+0000] {processor.py:186} INFO - Started process (PID=4364) to work on /home/airflow/.local/lib/python3.12/site-packages/airflow/example_dags/example_dag_decorator.py
[2024-11-24T08:50:04.898+0000] {processor.py:914} INFO - Processing file /home/airflow/.local/lib/python3.12/site-packages/airflow/example_dags/example_dag_decorator.py for tasks to queue
[2024-11-24T08:50:04.901+0000] {logging_mixin.py:190} INFO - [2024-11-24T08:50:04.901+0000] {dagbag.py:588} INFO - Filling up the DagBag from /home/airflow/.local/lib/python3.12/site-packages/airflow/example_dags/example_dag_decorator.py
[2024-11-24T08:50:04.921+0000] {processor.py:925} INFO - DAG(s) 'example_dag_decorator' retrieved from /home/airflow/.local/lib/python3.12/site-packages/airflow/example_dags/example_dag_decorator.py
[2024-11-24T08:50:05.088+0000] {logging_mixin.py:190} INFO - [2024-11-24T08:50:05.088+0000] {dag.py:3239} INFO - Sync 1 DAGs
[2024-11-24T08:50:05.106+0000] {logging_mixin.py:190} INFO - [2024-11-24T08:50:05.105+0000] {dag.py:4180} INFO - Setting next_dagrun for example_dag_decorator to None, run_after=None
[2024-11-24T08:50:05.131+0000] {processor.py:208} INFO - Processing /home/airflow/.local/lib/python3.12/site-packages/airflow/example_dags/example_dag_decorator.py took 0.242 seconds
[2024-11-24T08:50:35.460+0000] {processor.py:186} INFO - Started process (PID=4655) to work on /home/airflow/.local/lib/python3.12/site-packages/airflow/example_dags/example_dag_decorator.py
[2024-11-24T08:50:35.462+0000] {processor.py:914} INFO - Processing file /home/airflow/.local/lib/python3.12/site-packages/airflow/example_dags/example_dag_decorator.py for tasks to queue
[2024-11-24T08:50:35.466+0000] {logging_mixin.py:190} INFO - [2024-11-24T08:50:35.465+0000] {dagbag.py:588} INFO - Filling up the DagBag from /home/airflow/.local/lib/python3.12/site-packages/airflow/example_dags/example_dag_decorator.py
[2024-11-24T08:50:35.483+0000] {processor.py:925} INFO - DAG(s) 'example_dag_decorator' retrieved from /home/airflow/.local/lib/python3.12/site-packages/airflow/example_dags/example_dag_decorator.py
[2024-11-24T08:50:35.683+0000] {logging_mixin.py:190} INFO - [2024-11-24T08:50:35.683+0000] {dag.py:3239} INFO - Sync 1 DAGs
[2024-11-24T08:50:35.706+0000] {logging_mixin.py:190} INFO - [2024-11-24T08:50:35.705+0000] {dag.py:4180} INFO - Setting next_dagrun for example_dag_decorator to None, run_after=None
[2024-11-24T08:50:35.736+0000] {processor.py:208} INFO - Processing /home/airflow/.local/lib/python3.12/site-packages/airflow/example_dags/example_dag_decorator.py took 0.285 seconds
[2024-11-24T08:51:06.517+0000] {processor.py:186} INFO - Started process (PID=4939) to work on /home/airflow/.local/lib/python3.12/site-packages/airflow/example_dags/example_dag_decorator.py
[2024-11-24T08:51:06.520+0000] {processor.py:914} INFO - Processing file /home/airflow/.local/lib/python3.12/site-packages/airflow/example_dags/example_dag_decorator.py for tasks to queue
[2024-11-24T08:51:06.525+0000] {logging_mixin.py:190} INFO - [2024-11-24T08:51:06.525+0000] {dagbag.py:588} INFO - Filling up the DagBag from /home/airflow/.local/lib/python3.12/site-packages/airflow/example_dags/example_dag_decorator.py
[2024-11-24T08:51:06.560+0000] {processor.py:925} INFO - DAG(s) 'example_dag_decorator' retrieved from /home/airflow/.local/lib/python3.12/site-packages/airflow/example_dags/example_dag_decorator.py
[2024-11-24T08:51:06.776+0000] {logging_mixin.py:190} INFO - [2024-11-24T08:51:06.775+0000] {dag.py:3239} INFO - Sync 1 DAGs
[2024-11-24T08:51:06.801+0000] {logging_mixin.py:190} INFO - [2024-11-24T08:51:06.800+0000] {dag.py:4180} INFO - Setting next_dagrun for example_dag_decorator to None, run_after=None
[2024-11-24T08:51:06.836+0000] {processor.py:208} INFO - Processing /home/airflow/.local/lib/python3.12/site-packages/airflow/example_dags/example_dag_decorator.py took 0.333 seconds
[2024-11-24T08:51:37.146+0000] {processor.py:186} INFO - Started process (PID=5231) to work on /home/airflow/.local/lib/python3.12/site-packages/airflow/example_dags/example_dag_decorator.py
[2024-11-24T08:51:37.149+0000] {processor.py:914} INFO - Processing file /home/airflow/.local/lib/python3.12/site-packages/airflow/example_dags/example_dag_decorator.py for tasks to queue
[2024-11-24T08:51:37.154+0000] {logging_mixin.py:190} INFO - [2024-11-24T08:51:37.153+0000] {dagbag.py:588} INFO - Filling up the DagBag from /home/airflow/.local/lib/python3.12/site-packages/airflow/example_dags/example_dag_decorator.py
[2024-11-24T08:51:37.174+0000] {processor.py:925} INFO - DAG(s) 'example_dag_decorator' retrieved from /home/airflow/.local/lib/python3.12/site-packages/airflow/example_dags/example_dag_decorator.py
[2024-11-24T08:51:37.384+0000] {logging_mixin.py:190} INFO - [2024-11-24T08:51:37.384+0000] {dag.py:3239} INFO - Sync 1 DAGs
[2024-11-24T08:51:37.409+0000] {logging_mixin.py:190} INFO - [2024-11-24T08:51:37.408+0000] {dag.py:4180} INFO - Setting next_dagrun for example_dag_decorator to None, run_after=None
[2024-11-24T08:51:37.451+0000] {processor.py:208} INFO - Processing /home/airflow/.local/lib/python3.12/site-packages/airflow/example_dags/example_dag_decorator.py took 0.316 seconds
[2024-11-24T08:52:07.864+0000] {processor.py:186} INFO - Started process (PID=5520) to work on /home/airflow/.local/lib/python3.12/site-packages/airflow/example_dags/example_dag_decorator.py
[2024-11-24T08:52:07.866+0000] {processor.py:914} INFO - Processing file /home/airflow/.local/lib/python3.12/site-packages/airflow/example_dags/example_dag_decorator.py for tasks to queue
[2024-11-24T08:52:07.869+0000] {logging_mixin.py:190} INFO - [2024-11-24T08:52:07.869+0000] {dagbag.py:588} INFO - Filling up the DagBag from /home/airflow/.local/lib/python3.12/site-packages/airflow/example_dags/example_dag_decorator.py
[2024-11-24T08:52:07.886+0000] {processor.py:925} INFO - DAG(s) 'example_dag_decorator' retrieved from /home/airflow/.local/lib/python3.12/site-packages/airflow/example_dags/example_dag_decorator.py
[2024-11-24T08:52:08.038+0000] {logging_mixin.py:190} INFO - [2024-11-24T08:52:08.037+0000] {dag.py:3239} INFO - Sync 1 DAGs
[2024-11-24T08:52:08.057+0000] {logging_mixin.py:190} INFO - [2024-11-24T08:52:08.057+0000] {dag.py:4180} INFO - Setting next_dagrun for example_dag_decorator to None, run_after=None
[2024-11-24T08:52:08.095+0000] {processor.py:208} INFO - Processing /home/airflow/.local/lib/python3.12/site-packages/airflow/example_dags/example_dag_decorator.py took 0.241 seconds
[2024-11-24T08:53:39.408+0000] {processor.py:186} INFO - Started process (PID=303) to work on /home/airflow/.local/lib/python3.12/site-packages/airflow/example_dags/example_dag_decorator.py
[2024-11-24T08:53:39.410+0000] {processor.py:914} INFO - Processing file /home/airflow/.local/lib/python3.12/site-packages/airflow/example_dags/example_dag_decorator.py for tasks to queue
[2024-11-24T08:53:39.416+0000] {logging_mixin.py:190} INFO - [2024-11-24T08:53:39.415+0000] {dagbag.py:588} INFO - Filling up the DagBag from /home/airflow/.local/lib/python3.12/site-packages/airflow/example_dags/example_dag_decorator.py
[2024-11-24T08:53:39.444+0000] {processor.py:925} INFO - DAG(s) 'example_dag_decorator' retrieved from /home/airflow/.local/lib/python3.12/site-packages/airflow/example_dags/example_dag_decorator.py
[2024-11-24T08:53:39.706+0000] {logging_mixin.py:190} INFO - [2024-11-24T08:53:39.705+0000] {dag.py:3239} INFO - Sync 1 DAGs
[2024-11-24T08:53:39.734+0000] {logging_mixin.py:190} INFO - [2024-11-24T08:53:39.734+0000] {dag.py:4180} INFO - Setting next_dagrun for example_dag_decorator to None, run_after=None
[2024-11-24T08:53:39.771+0000] {processor.py:208} INFO - Processing /home/airflow/.local/lib/python3.12/site-packages/airflow/example_dags/example_dag_decorator.py took 0.375 seconds
[2024-11-24T08:54:26.040+0000] {processor.py:186} INFO - Started process (PID=599) to work on /home/airflow/.local/lib/python3.12/site-packages/airflow/example_dags/example_dag_decorator.py
[2024-11-24T08:54:26.042+0000] {processor.py:914} INFO - Processing file /home/airflow/.local/lib/python3.12/site-packages/airflow/example_dags/example_dag_decorator.py for tasks to queue
[2024-11-24T08:54:26.047+0000] {logging_mixin.py:190} INFO - [2024-11-24T08:54:26.047+0000] {dagbag.py:588} INFO - Filling up the DagBag from /home/airflow/.local/lib/python3.12/site-packages/airflow/example_dags/example_dag_decorator.py
[2024-11-24T08:54:26.069+0000] {processor.py:925} INFO - DAG(s) 'example_dag_decorator' retrieved from /home/airflow/.local/lib/python3.12/site-packages/airflow/example_dags/example_dag_decorator.py
[2024-11-24T08:54:26.292+0000] {logging_mixin.py:190} INFO - [2024-11-24T08:54:26.292+0000] {dag.py:3239} INFO - Sync 1 DAGs
[2024-11-24T08:54:26.313+0000] {logging_mixin.py:190} INFO - [2024-11-24T08:54:26.313+0000] {dag.py:4180} INFO - Setting next_dagrun for example_dag_decorator to None, run_after=None
[2024-11-24T08:54:26.352+0000] {processor.py:208} INFO - Processing /home/airflow/.local/lib/python3.12/site-packages/airflow/example_dags/example_dag_decorator.py took 0.322 seconds
[2024-11-24T08:55:00.146+0000] {processor.py:186} INFO - Started process (PID=885) to work on /home/airflow/.local/lib/python3.12/site-packages/airflow/example_dags/example_dag_decorator.py
[2024-11-24T08:55:00.149+0000] {processor.py:914} INFO - Processing file /home/airflow/.local/lib/python3.12/site-packages/airflow/example_dags/example_dag_decorator.py for tasks to queue
[2024-11-24T08:55:00.153+0000] {logging_mixin.py:190} INFO - [2024-11-24T08:55:00.153+0000] {dagbag.py:588} INFO - Filling up the DagBag from /home/airflow/.local/lib/python3.12/site-packages/airflow/example_dags/example_dag_decorator.py
[2024-11-24T08:55:00.177+0000] {processor.py:925} INFO - DAG(s) 'example_dag_decorator' retrieved from /home/airflow/.local/lib/python3.12/site-packages/airflow/example_dags/example_dag_decorator.py
[2024-11-24T08:55:00.388+0000] {logging_mixin.py:190} INFO - [2024-11-24T08:55:00.388+0000] {dag.py:3239} INFO - Sync 1 DAGs
[2024-11-24T08:55:00.411+0000] {logging_mixin.py:190} INFO - [2024-11-24T08:55:00.411+0000] {dag.py:4180} INFO - Setting next_dagrun for example_dag_decorator to None, run_after=None
[2024-11-24T08:55:00.453+0000] {processor.py:208} INFO - Processing /home/airflow/.local/lib/python3.12/site-packages/airflow/example_dags/example_dag_decorator.py took 0.317 seconds
[2024-11-24T08:55:51.041+0000] {processor.py:186} INFO - Started process (PID=1188) to work on /home/airflow/.local/lib/python3.12/site-packages/airflow/example_dags/example_dag_decorator.py
[2024-11-24T08:55:51.044+0000] {processor.py:914} INFO - Processing file /home/airflow/.local/lib/python3.12/site-packages/airflow/example_dags/example_dag_decorator.py for tasks to queue
[2024-11-24T08:55:51.049+0000] {logging_mixin.py:190} INFO - [2024-11-24T08:55:51.049+0000] {dagbag.py:588} INFO - Filling up the DagBag from /home/airflow/.local/lib/python3.12/site-packages/airflow/example_dags/example_dag_decorator.py
[2024-11-24T08:55:51.079+0000] {processor.py:925} INFO - DAG(s) 'example_dag_decorator' retrieved from /home/airflow/.local/lib/python3.12/site-packages/airflow/example_dags/example_dag_decorator.py
[2024-11-24T08:55:51.428+0000] {logging_mixin.py:190} INFO - [2024-11-24T08:55:51.428+0000] {dag.py:3239} INFO - Sync 1 DAGs
[2024-11-24T08:55:51.460+0000] {logging_mixin.py:190} INFO - [2024-11-24T08:55:51.459+0000] {dag.py:4180} INFO - Setting next_dagrun for example_dag_decorator to None, run_after=None
[2024-11-24T08:55:51.506+0000] {processor.py:208} INFO - Processing /home/airflow/.local/lib/python3.12/site-packages/airflow/example_dags/example_dag_decorator.py took 0.477 seconds
[2024-11-24T08:56:23.138+0000] {processor.py:186} INFO - Started process (PID=1480) to work on /home/airflow/.local/lib/python3.12/site-packages/airflow/example_dags/example_dag_decorator.py
[2024-11-24T08:56:23.140+0000] {processor.py:914} INFO - Processing file /home/airflow/.local/lib/python3.12/site-packages/airflow/example_dags/example_dag_decorator.py for tasks to queue
[2024-11-24T08:56:23.145+0000] {logging_mixin.py:190} INFO - [2024-11-24T08:56:23.144+0000] {dagbag.py:588} INFO - Filling up the DagBag from /home/airflow/.local/lib/python3.12/site-packages/airflow/example_dags/example_dag_decorator.py
[2024-11-24T08:56:23.173+0000] {processor.py:925} INFO - DAG(s) 'example_dag_decorator' retrieved from /home/airflow/.local/lib/python3.12/site-packages/airflow/example_dags/example_dag_decorator.py
[2024-11-24T08:56:23.426+0000] {logging_mixin.py:190} INFO - [2024-11-24T08:56:23.426+0000] {dag.py:3239} INFO - Sync 1 DAGs
[2024-11-24T08:56:23.459+0000] {logging_mixin.py:190} INFO - [2024-11-24T08:56:23.459+0000] {dag.py:4180} INFO - Setting next_dagrun for example_dag_decorator to None, run_after=None
[2024-11-24T08:56:23.501+0000] {processor.py:208} INFO - Processing /home/airflow/.local/lib/python3.12/site-packages/airflow/example_dags/example_dag_decorator.py took 0.377 seconds
[2024-11-24T08:56:54.290+0000] {processor.py:186} INFO - Started process (PID=1766) to work on /home/airflow/.local/lib/python3.12/site-packages/airflow/example_dags/example_dag_decorator.py
[2024-11-24T08:56:54.291+0000] {processor.py:914} INFO - Processing file /home/airflow/.local/lib/python3.12/site-packages/airflow/example_dags/example_dag_decorator.py for tasks to queue
[2024-11-24T08:56:54.295+0000] {logging_mixin.py:190} INFO - [2024-11-24T08:56:54.294+0000] {dagbag.py:588} INFO - Filling up the DagBag from /home/airflow/.local/lib/python3.12/site-packages/airflow/example_dags/example_dag_decorator.py
[2024-11-24T08:56:54.310+0000] {processor.py:925} INFO - DAG(s) 'example_dag_decorator' retrieved from /home/airflow/.local/lib/python3.12/site-packages/airflow/example_dags/example_dag_decorator.py
[2024-11-24T08:56:54.445+0000] {logging_mixin.py:190} INFO - [2024-11-24T08:56:54.445+0000] {dag.py:3239} INFO - Sync 1 DAGs
[2024-11-24T08:56:54.459+0000] {logging_mixin.py:190} INFO - [2024-11-24T08:56:54.458+0000] {dag.py:4180} INFO - Setting next_dagrun for example_dag_decorator to None, run_after=None
[2024-11-24T08:56:54.494+0000] {processor.py:208} INFO - Processing /home/airflow/.local/lib/python3.12/site-packages/airflow/example_dags/example_dag_decorator.py took 0.212 seconds
[2024-11-24T08:57:26.651+0000] {processor.py:186} INFO - Started process (PID=2062) to work on /home/airflow/.local/lib/python3.12/site-packages/airflow/example_dags/example_dag_decorator.py
[2024-11-24T08:57:26.652+0000] {processor.py:914} INFO - Processing file /home/airflow/.local/lib/python3.12/site-packages/airflow/example_dags/example_dag_decorator.py for tasks to queue
[2024-11-24T08:57:26.655+0000] {logging_mixin.py:190} INFO - [2024-11-24T08:57:26.655+0000] {dagbag.py:588} INFO - Filling up the DagBag from /home/airflow/.local/lib/python3.12/site-packages/airflow/example_dags/example_dag_decorator.py
[2024-11-24T08:57:26.671+0000] {processor.py:925} INFO - DAG(s) 'example_dag_decorator' retrieved from /home/airflow/.local/lib/python3.12/site-packages/airflow/example_dags/example_dag_decorator.py
[2024-11-24T08:57:26.819+0000] {logging_mixin.py:190} INFO - [2024-11-24T08:57:26.818+0000] {dag.py:3239} INFO - Sync 1 DAGs
[2024-11-24T08:57:26.835+0000] {logging_mixin.py:190} INFO - [2024-11-24T08:57:26.835+0000] {dag.py:4180} INFO - Setting next_dagrun for example_dag_decorator to None, run_after=None
[2024-11-24T08:57:26.859+0000] {processor.py:208} INFO - Processing /home/airflow/.local/lib/python3.12/site-packages/airflow/example_dags/example_dag_decorator.py took 0.217 seconds
[2024-11-24T08:57:57.719+0000] {processor.py:186} INFO - Started process (PID=2353) to work on /home/airflow/.local/lib/python3.12/site-packages/airflow/example_dags/example_dag_decorator.py
[2024-11-24T08:57:57.720+0000] {processor.py:914} INFO - Processing file /home/airflow/.local/lib/python3.12/site-packages/airflow/example_dags/example_dag_decorator.py for tasks to queue
[2024-11-24T08:57:57.722+0000] {logging_mixin.py:190} INFO - [2024-11-24T08:57:57.722+0000] {dagbag.py:588} INFO - Filling up the DagBag from /home/airflow/.local/lib/python3.12/site-packages/airflow/example_dags/example_dag_decorator.py
[2024-11-24T08:57:57.735+0000] {processor.py:925} INFO - DAG(s) 'example_dag_decorator' retrieved from /home/airflow/.local/lib/python3.12/site-packages/airflow/example_dags/example_dag_decorator.py
[2024-11-24T08:57:57.878+0000] {logging_mixin.py:190} INFO - [2024-11-24T08:57:57.878+0000] {dag.py:3239} INFO - Sync 1 DAGs
[2024-11-24T08:57:57.890+0000] {logging_mixin.py:190} INFO - [2024-11-24T08:57:57.889+0000] {dag.py:4180} INFO - Setting next_dagrun for example_dag_decorator to None, run_after=None
[2024-11-24T08:57:57.909+0000] {processor.py:208} INFO - Processing /home/airflow/.local/lib/python3.12/site-packages/airflow/example_dags/example_dag_decorator.py took 0.197 seconds
[2024-11-24T08:58:28.829+0000] {processor.py:186} INFO - Started process (PID=2644) to work on /home/airflow/.local/lib/python3.12/site-packages/airflow/example_dags/example_dag_decorator.py
[2024-11-24T08:58:28.832+0000] {processor.py:914} INFO - Processing file /home/airflow/.local/lib/python3.12/site-packages/airflow/example_dags/example_dag_decorator.py for tasks to queue
[2024-11-24T08:58:28.835+0000] {logging_mixin.py:190} INFO - [2024-11-24T08:58:28.835+0000] {dagbag.py:588} INFO - Filling up the DagBag from /home/airflow/.local/lib/python3.12/site-packages/airflow/example_dags/example_dag_decorator.py
[2024-11-24T08:58:28.851+0000] {processor.py:925} INFO - DAG(s) 'example_dag_decorator' retrieved from /home/airflow/.local/lib/python3.12/site-packages/airflow/example_dags/example_dag_decorator.py
[2024-11-24T08:58:29.004+0000] {logging_mixin.py:190} INFO - [2024-11-24T08:58:29.003+0000] {dag.py:3239} INFO - Sync 1 DAGs
[2024-11-24T08:58:29.025+0000] {logging_mixin.py:190} INFO - [2024-11-24T08:58:29.025+0000] {dag.py:4180} INFO - Setting next_dagrun for example_dag_decorator to None, run_after=None
[2024-11-24T08:58:29.057+0000] {processor.py:208} INFO - Processing /home/airflow/.local/lib/python3.12/site-packages/airflow/example_dags/example_dag_decorator.py took 0.238 seconds
[2024-11-24T08:59:00.024+0000] {processor.py:186} INFO - Started process (PID=2935) to work on /home/airflow/.local/lib/python3.12/site-packages/airflow/example_dags/example_dag_decorator.py
[2024-11-24T08:59:00.028+0000] {processor.py:914} INFO - Processing file /home/airflow/.local/lib/python3.12/site-packages/airflow/example_dags/example_dag_decorator.py for tasks to queue
[2024-11-24T08:59:00.032+0000] {logging_mixin.py:190} INFO - [2024-11-24T08:59:00.032+0000] {dagbag.py:588} INFO - Filling up the DagBag from /home/airflow/.local/lib/python3.12/site-packages/airflow/example_dags/example_dag_decorator.py
[2024-11-24T08:59:00.049+0000] {processor.py:925} INFO - DAG(s) 'example_dag_decorator' retrieved from /home/airflow/.local/lib/python3.12/site-packages/airflow/example_dags/example_dag_decorator.py
[2024-11-24T08:59:00.199+0000] {logging_mixin.py:190} INFO - [2024-11-24T08:59:00.199+0000] {dag.py:3239} INFO - Sync 1 DAGs
[2024-11-24T08:59:00.216+0000] {logging_mixin.py:190} INFO - [2024-11-24T08:59:00.216+0000] {dag.py:4180} INFO - Setting next_dagrun for example_dag_decorator to None, run_after=None
[2024-11-24T08:59:00.242+0000] {processor.py:208} INFO - Processing /home/airflow/.local/lib/python3.12/site-packages/airflow/example_dags/example_dag_decorator.py took 0.233 seconds
[2024-11-24T08:59:31.267+0000] {processor.py:186} INFO - Started process (PID=3226) to work on /home/airflow/.local/lib/python3.12/site-packages/airflow/example_dags/example_dag_decorator.py
[2024-11-24T08:59:31.270+0000] {processor.py:914} INFO - Processing file /home/airflow/.local/lib/python3.12/site-packages/airflow/example_dags/example_dag_decorator.py for tasks to queue
[2024-11-24T08:59:31.272+0000] {logging_mixin.py:190} INFO - [2024-11-24T08:59:31.272+0000] {dagbag.py:588} INFO - Filling up the DagBag from /home/airflow/.local/lib/python3.12/site-packages/airflow/example_dags/example_dag_decorator.py
[2024-11-24T08:59:31.284+0000] {processor.py:925} INFO - DAG(s) 'example_dag_decorator' retrieved from /home/airflow/.local/lib/python3.12/site-packages/airflow/example_dags/example_dag_decorator.py
[2024-11-24T08:59:31.405+0000] {logging_mixin.py:190} INFO - [2024-11-24T08:59:31.404+0000] {dag.py:3239} INFO - Sync 1 DAGs
[2024-11-24T08:59:31.417+0000] {logging_mixin.py:190} INFO - [2024-11-24T08:59:31.417+0000] {dag.py:4180} INFO - Setting next_dagrun for example_dag_decorator to None, run_after=None
[2024-11-24T08:59:31.438+0000] {processor.py:208} INFO - Processing /home/airflow/.local/lib/python3.12/site-packages/airflow/example_dags/example_dag_decorator.py took 0.179 seconds
[2024-11-24T09:00:02.502+0000] {processor.py:186} INFO - Started process (PID=3517) to work on /home/airflow/.local/lib/python3.12/site-packages/airflow/example_dags/example_dag_decorator.py
[2024-11-24T09:00:02.503+0000] {processor.py:914} INFO - Processing file /home/airflow/.local/lib/python3.12/site-packages/airflow/example_dags/example_dag_decorator.py for tasks to queue
[2024-11-24T09:00:02.508+0000] {logging_mixin.py:190} INFO - [2024-11-24T09:00:02.507+0000] {dagbag.py:588} INFO - Filling up the DagBag from /home/airflow/.local/lib/python3.12/site-packages/airflow/example_dags/example_dag_decorator.py
[2024-11-24T09:00:02.533+0000] {processor.py:925} INFO - DAG(s) 'example_dag_decorator' retrieved from /home/airflow/.local/lib/python3.12/site-packages/airflow/example_dags/example_dag_decorator.py
[2024-11-24T09:00:02.776+0000] {logging_mixin.py:190} INFO - [2024-11-24T09:00:02.775+0000] {dag.py:3239} INFO - Sync 1 DAGs
[2024-11-24T09:00:02.808+0000] {logging_mixin.py:190} INFO - [2024-11-24T09:00:02.808+0000] {dag.py:4180} INFO - Setting next_dagrun for example_dag_decorator to None, run_after=None
[2024-11-24T09:00:02.851+0000] {processor.py:208} INFO - Processing /home/airflow/.local/lib/python3.12/site-packages/airflow/example_dags/example_dag_decorator.py took 0.360 seconds
[2024-11-24T09:00:33.431+0000] {processor.py:186} INFO - Started process (PID=3803) to work on /home/airflow/.local/lib/python3.12/site-packages/airflow/example_dags/example_dag_decorator.py
[2024-11-24T09:00:33.435+0000] {processor.py:914} INFO - Processing file /home/airflow/.local/lib/python3.12/site-packages/airflow/example_dags/example_dag_decorator.py for tasks to queue
[2024-11-24T09:00:33.439+0000] {logging_mixin.py:190} INFO - [2024-11-24T09:00:33.438+0000] {dagbag.py:588} INFO - Filling up the DagBag from /home/airflow/.local/lib/python3.12/site-packages/airflow/example_dags/example_dag_decorator.py
[2024-11-24T09:00:33.455+0000] {processor.py:925} INFO - DAG(s) 'example_dag_decorator' retrieved from /home/airflow/.local/lib/python3.12/site-packages/airflow/example_dags/example_dag_decorator.py
[2024-11-24T09:00:33.641+0000] {logging_mixin.py:190} INFO - [2024-11-24T09:00:33.640+0000] {dag.py:3239} INFO - Sync 1 DAGs
[2024-11-24T09:00:33.665+0000] {logging_mixin.py:190} INFO - [2024-11-24T09:00:33.665+0000] {dag.py:4180} INFO - Setting next_dagrun for example_dag_decorator to None, run_after=None
[2024-11-24T09:00:33.709+0000] {processor.py:208} INFO - Processing /home/airflow/.local/lib/python3.12/site-packages/airflow/example_dags/example_dag_decorator.py took 0.286 seconds
[2024-11-24T09:01:05.404+0000] {processor.py:186} INFO - Started process (PID=4094) to work on /home/airflow/.local/lib/python3.12/site-packages/airflow/example_dags/example_dag_decorator.py
[2024-11-24T09:01:05.406+0000] {processor.py:914} INFO - Processing file /home/airflow/.local/lib/python3.12/site-packages/airflow/example_dags/example_dag_decorator.py for tasks to queue
[2024-11-24T09:01:05.411+0000] {logging_mixin.py:190} INFO - [2024-11-24T09:01:05.411+0000] {dagbag.py:588} INFO - Filling up the DagBag from /home/airflow/.local/lib/python3.12/site-packages/airflow/example_dags/example_dag_decorator.py
[2024-11-24T09:01:05.434+0000] {processor.py:925} INFO - DAG(s) 'example_dag_decorator' retrieved from /home/airflow/.local/lib/python3.12/site-packages/airflow/example_dags/example_dag_decorator.py
[2024-11-24T09:01:05.666+0000] {logging_mixin.py:190} INFO - [2024-11-24T09:01:05.666+0000] {dag.py:3239} INFO - Sync 1 DAGs
[2024-11-24T09:01:05.694+0000] {logging_mixin.py:190} INFO - [2024-11-24T09:01:05.694+0000] {dag.py:4180} INFO - Setting next_dagrun for example_dag_decorator to None, run_after=None
[2024-11-24T09:01:05.744+0000] {processor.py:208} INFO - Processing /home/airflow/.local/lib/python3.12/site-packages/airflow/example_dags/example_dag_decorator.py took 0.353 seconds
[2024-11-24T09:01:36.210+0000] {processor.py:186} INFO - Started process (PID=4387) to work on /home/airflow/.local/lib/python3.12/site-packages/airflow/example_dags/example_dag_decorator.py
[2024-11-24T09:01:36.211+0000] {processor.py:914} INFO - Processing file /home/airflow/.local/lib/python3.12/site-packages/airflow/example_dags/example_dag_decorator.py for tasks to queue
[2024-11-24T09:01:36.214+0000] {logging_mixin.py:190} INFO - [2024-11-24T09:01:36.214+0000] {dagbag.py:588} INFO - Filling up the DagBag from /home/airflow/.local/lib/python3.12/site-packages/airflow/example_dags/example_dag_decorator.py
[2024-11-24T09:01:36.224+0000] {processor.py:925} INFO - DAG(s) 'example_dag_decorator' retrieved from /home/airflow/.local/lib/python3.12/site-packages/airflow/example_dags/example_dag_decorator.py
[2024-11-24T09:01:36.363+0000] {logging_mixin.py:190} INFO - [2024-11-24T09:01:36.363+0000] {dag.py:3239} INFO - Sync 1 DAGs
[2024-11-24T09:01:36.382+0000] {logging_mixin.py:190} INFO - [2024-11-24T09:01:36.382+0000] {dag.py:4180} INFO - Setting next_dagrun for example_dag_decorator to None, run_after=None
[2024-11-24T09:01:36.426+0000] {processor.py:208} INFO - Processing /home/airflow/.local/lib/python3.12/site-packages/airflow/example_dags/example_dag_decorator.py took 0.221 seconds
[2024-11-24T09:02:07.319+0000] {processor.py:186} INFO - Started process (PID=4676) to work on /home/airflow/.local/lib/python3.12/site-packages/airflow/example_dags/example_dag_decorator.py
[2024-11-24T09:02:07.320+0000] {processor.py:914} INFO - Processing file /home/airflow/.local/lib/python3.12/site-packages/airflow/example_dags/example_dag_decorator.py for tasks to queue
[2024-11-24T09:02:07.324+0000] {logging_mixin.py:190} INFO - [2024-11-24T09:02:07.323+0000] {dagbag.py:588} INFO - Filling up the DagBag from /home/airflow/.local/lib/python3.12/site-packages/airflow/example_dags/example_dag_decorator.py
[2024-11-24T09:02:07.337+0000] {processor.py:925} INFO - DAG(s) 'example_dag_decorator' retrieved from /home/airflow/.local/lib/python3.12/site-packages/airflow/example_dags/example_dag_decorator.py
[2024-11-24T09:02:07.460+0000] {logging_mixin.py:190} INFO - [2024-11-24T09:02:07.459+0000] {dag.py:3239} INFO - Sync 1 DAGs
[2024-11-24T09:02:07.473+0000] {logging_mixin.py:190} INFO - [2024-11-24T09:02:07.473+0000] {dag.py:4180} INFO - Setting next_dagrun for example_dag_decorator to None, run_after=None
[2024-11-24T09:02:07.501+0000] {processor.py:208} INFO - Processing /home/airflow/.local/lib/python3.12/site-packages/airflow/example_dags/example_dag_decorator.py took 0.189 seconds
[2024-11-24T09:02:38.450+0000] {processor.py:186} INFO - Started process (PID=4967) to work on /home/airflow/.local/lib/python3.12/site-packages/airflow/example_dags/example_dag_decorator.py
[2024-11-24T09:02:38.451+0000] {processor.py:914} INFO - Processing file /home/airflow/.local/lib/python3.12/site-packages/airflow/example_dags/example_dag_decorator.py for tasks to queue
[2024-11-24T09:02:38.453+0000] {logging_mixin.py:190} INFO - [2024-11-24T09:02:38.453+0000] {dagbag.py:588} INFO - Filling up the DagBag from /home/airflow/.local/lib/python3.12/site-packages/airflow/example_dags/example_dag_decorator.py
[2024-11-24T09:02:38.466+0000] {processor.py:925} INFO - DAG(s) 'example_dag_decorator' retrieved from /home/airflow/.local/lib/python3.12/site-packages/airflow/example_dags/example_dag_decorator.py
[2024-11-24T09:02:38.588+0000] {logging_mixin.py:190} INFO - [2024-11-24T09:02:38.588+0000] {dag.py:3239} INFO - Sync 1 DAGs
[2024-11-24T09:02:38.603+0000] {logging_mixin.py:190} INFO - [2024-11-24T09:02:38.603+0000] {dag.py:4180} INFO - Setting next_dagrun for example_dag_decorator to None, run_after=None
[2024-11-24T09:02:38.626+0000] {processor.py:208} INFO - Processing /home/airflow/.local/lib/python3.12/site-packages/airflow/example_dags/example_dag_decorator.py took 0.182 seconds
[2024-11-24T09:03:15.465+0000] {processor.py:186} INFO - Started process (PID=5292) to work on /home/airflow/.local/lib/python3.12/site-packages/airflow/example_dags/example_dag_decorator.py
[2024-11-24T09:03:15.469+0000] {processor.py:914} INFO - Processing file /home/airflow/.local/lib/python3.12/site-packages/airflow/example_dags/example_dag_decorator.py for tasks to queue
[2024-11-24T09:03:15.475+0000] {logging_mixin.py:190} INFO - [2024-11-24T09:03:15.474+0000] {dagbag.py:588} INFO - Filling up the DagBag from /home/airflow/.local/lib/python3.12/site-packages/airflow/example_dags/example_dag_decorator.py
[2024-11-24T09:03:15.516+0000] {processor.py:925} INFO - DAG(s) 'example_dag_decorator' retrieved from /home/airflow/.local/lib/python3.12/site-packages/airflow/example_dags/example_dag_decorator.py
[2024-11-24T09:03:16.265+0000] {logging_mixin.py:190} INFO - [2024-11-24T09:03:16.264+0000] {dag.py:3239} INFO - Sync 1 DAGs
[2024-11-24T09:03:16.297+0000] {logging_mixin.py:190} INFO - [2024-11-24T09:03:16.297+0000] {dag.py:4180} INFO - Setting next_dagrun for example_dag_decorator to None, run_after=None
[2024-11-24T09:03:16.346+0000] {processor.py:208} INFO - Processing /home/airflow/.local/lib/python3.12/site-packages/airflow/example_dags/example_dag_decorator.py took 0.899 seconds
[2024-11-24T09:03:52.525+0000] {processor.py:186} INFO - Started process (PID=5599) to work on /home/airflow/.local/lib/python3.12/site-packages/airflow/example_dags/example_dag_decorator.py
[2024-11-24T09:03:52.529+0000] {processor.py:914} INFO - Processing file /home/airflow/.local/lib/python3.12/site-packages/airflow/example_dags/example_dag_decorator.py for tasks to queue
[2024-11-24T09:03:52.534+0000] {logging_mixin.py:190} INFO - [2024-11-24T09:03:52.533+0000] {dagbag.py:588} INFO - Filling up the DagBag from /home/airflow/.local/lib/python3.12/site-packages/airflow/example_dags/example_dag_decorator.py
[2024-11-24T09:03:52.568+0000] {processor.py:925} INFO - DAG(s) 'example_dag_decorator' retrieved from /home/airflow/.local/lib/python3.12/site-packages/airflow/example_dags/example_dag_decorator.py
[2024-11-24T09:03:52.808+0000] {logging_mixin.py:190} INFO - [2024-11-24T09:03:52.808+0000] {dag.py:3239} INFO - Sync 1 DAGs
[2024-11-24T09:03:52.833+0000] {logging_mixin.py:190} INFO - [2024-11-24T09:03:52.833+0000] {dag.py:4180} INFO - Setting next_dagrun for example_dag_decorator to None, run_after=None
[2024-11-24T09:03:52.868+0000] {processor.py:208} INFO - Processing /home/airflow/.local/lib/python3.12/site-packages/airflow/example_dags/example_dag_decorator.py took 0.357 seconds
[2024-11-24T09:04:23.264+0000] {processor.py:186} INFO - Started process (PID=5890) to work on /home/airflow/.local/lib/python3.12/site-packages/airflow/example_dags/example_dag_decorator.py
[2024-11-24T09:04:23.266+0000] {processor.py:914} INFO - Processing file /home/airflow/.local/lib/python3.12/site-packages/airflow/example_dags/example_dag_decorator.py for tasks to queue
[2024-11-24T09:04:23.271+0000] {logging_mixin.py:190} INFO - [2024-11-24T09:04:23.270+0000] {dagbag.py:588} INFO - Filling up the DagBag from /home/airflow/.local/lib/python3.12/site-packages/airflow/example_dags/example_dag_decorator.py
[2024-11-24T09:04:23.297+0000] {processor.py:925} INFO - DAG(s) 'example_dag_decorator' retrieved from /home/airflow/.local/lib/python3.12/site-packages/airflow/example_dags/example_dag_decorator.py
[2024-11-24T09:04:23.490+0000] {logging_mixin.py:190} INFO - [2024-11-24T09:04:23.489+0000] {dag.py:3239} INFO - Sync 1 DAGs
[2024-11-24T09:04:23.510+0000] {logging_mixin.py:190} INFO - [2024-11-24T09:04:23.509+0000] {dag.py:4180} INFO - Setting next_dagrun for example_dag_decorator to None, run_after=None
[2024-11-24T09:04:23.543+0000] {processor.py:208} INFO - Processing /home/airflow/.local/lib/python3.12/site-packages/airflow/example_dags/example_dag_decorator.py took 0.293 seconds
[2024-11-24T09:04:54.967+0000] {processor.py:186} INFO - Started process (PID=6181) to work on /home/airflow/.local/lib/python3.12/site-packages/airflow/example_dags/example_dag_decorator.py
[2024-11-24T09:04:54.972+0000] {processor.py:914} INFO - Processing file /home/airflow/.local/lib/python3.12/site-packages/airflow/example_dags/example_dag_decorator.py for tasks to queue
[2024-11-24T09:04:54.978+0000] {logging_mixin.py:190} INFO - [2024-11-24T09:04:54.977+0000] {dagbag.py:588} INFO - Filling up the DagBag from /home/airflow/.local/lib/python3.12/site-packages/airflow/example_dags/example_dag_decorator.py
[2024-11-24T09:04:55.020+0000] {processor.py:925} INFO - DAG(s) 'example_dag_decorator' retrieved from /home/airflow/.local/lib/python3.12/site-packages/airflow/example_dags/example_dag_decorator.py
[2024-11-24T09:04:55.441+0000] {logging_mixin.py:190} INFO - [2024-11-24T09:04:55.440+0000] {dag.py:3239} INFO - Sync 1 DAGs
[2024-11-24T09:04:55.502+0000] {logging_mixin.py:190} INFO - [2024-11-24T09:04:55.501+0000] {dag.py:4180} INFO - Setting next_dagrun for example_dag_decorator to None, run_after=None
[2024-11-24T09:04:55.569+0000] {processor.py:208} INFO - Processing /home/airflow/.local/lib/python3.12/site-packages/airflow/example_dags/example_dag_decorator.py took 0.623 seconds
[2024-11-24T09:05:29.539+0000] {processor.py:186} INFO - Started process (PID=6487) to work on /home/airflow/.local/lib/python3.12/site-packages/airflow/example_dags/example_dag_decorator.py
[2024-11-24T09:05:29.543+0000] {processor.py:914} INFO - Processing file /home/airflow/.local/lib/python3.12/site-packages/airflow/example_dags/example_dag_decorator.py for tasks to queue
[2024-11-24T09:05:29.558+0000] {logging_mixin.py:190} INFO - [2024-11-24T09:05:29.557+0000] {dagbag.py:588} INFO - Filling up the DagBag from /home/airflow/.local/lib/python3.12/site-packages/airflow/example_dags/example_dag_decorator.py
[2024-11-24T09:05:29.607+0000] {processor.py:925} INFO - DAG(s) 'example_dag_decorator' retrieved from /home/airflow/.local/lib/python3.12/site-packages/airflow/example_dags/example_dag_decorator.py
[2024-11-24T09:05:30.002+0000] {logging_mixin.py:190} INFO - [2024-11-24T09:05:30.002+0000] {dag.py:3239} INFO - Sync 1 DAGs
[2024-11-24T09:05:30.050+0000] {logging_mixin.py:190} INFO - [2024-11-24T09:05:30.049+0000] {dag.py:4180} INFO - Setting next_dagrun for example_dag_decorator to None, run_after=None
[2024-11-24T09:05:30.111+0000] {processor.py:208} INFO - Processing /home/airflow/.local/lib/python3.12/site-packages/airflow/example_dags/example_dag_decorator.py took 0.605 seconds
[2024-11-24T09:06:02.824+0000] {processor.py:186} INFO - Started process (PID=6778) to work on /home/airflow/.local/lib/python3.12/site-packages/airflow/example_dags/example_dag_decorator.py
[2024-11-24T09:06:02.827+0000] {processor.py:914} INFO - Processing file /home/airflow/.local/lib/python3.12/site-packages/airflow/example_dags/example_dag_decorator.py for tasks to queue
[2024-11-24T09:06:02.834+0000] {logging_mixin.py:190} INFO - [2024-11-24T09:06:02.833+0000] {dagbag.py:588} INFO - Filling up the DagBag from /home/airflow/.local/lib/python3.12/site-packages/airflow/example_dags/example_dag_decorator.py
[2024-11-24T09:06:02.885+0000] {processor.py:925} INFO - DAG(s) 'example_dag_decorator' retrieved from /home/airflow/.local/lib/python3.12/site-packages/airflow/example_dags/example_dag_decorator.py
[2024-11-24T09:06:02.963+0000] {logging_mixin.py:190} INFO - [2024-11-24T09:06:02.962+0000] {dag.py:3239} INFO - Sync 1 DAGs
[2024-11-24T09:06:03.011+0000] {logging_mixin.py:190} INFO - [2024-11-24T09:06:03.010+0000] {dag.py:4180} INFO - Setting next_dagrun for example_dag_decorator to None, run_after=None
[2024-11-24T09:06:03.069+0000] {processor.py:208} INFO - Processing /home/airflow/.local/lib/python3.12/site-packages/airflow/example_dags/example_dag_decorator.py took 0.263 seconds
