[2024-11-24T08:42:55.971+0000] {processor.py:186} INFO - Started process (PID=268) to work on /home/airflow/.local/lib/python3.12/site-packages/airflow/example_dags/example_branch_labels.py
[2024-11-24T08:42:55.973+0000] {processor.py:914} INFO - Processing file /home/airflow/.local/lib/python3.12/site-packages/airflow/example_dags/example_branch_labels.py for tasks to queue
[2024-11-24T08:42:55.976+0000] {logging_mixin.py:190} INFO - [2024-11-24T08:42:55.975+0000] {dagbag.py:588} INFO - Filling up the DagBag from /home/airflow/.local/lib/python3.12/site-packages/airflow/example_dags/example_branch_labels.py
[2024-11-24T08:42:55.990+0000] {processor.py:925} INFO - DAG(s) 'example_branch_labels' retrieved from /home/airflow/.local/lib/python3.12/site-packages/airflow/example_dags/example_branch_labels.py
[2024-11-24T08:42:56.173+0000] {logging_mixin.py:190} INFO - [2024-11-24T08:42:56.172+0000] {override.py:1911} INFO - Created Permission View: can read on DAG:example_branch_labels
[2024-11-24T08:42:56.189+0000] {logging_mixin.py:190} INFO - [2024-11-24T08:42:56.189+0000] {override.py:1911} INFO - Created Permission View: can edit on DAG:example_branch_labels
[2024-11-24T08:42:56.201+0000] {logging_mixin.py:190} INFO - [2024-11-24T08:42:56.200+0000] {override.py:1911} INFO - Created Permission View: can delete on DAG:example_branch_labels
[2024-11-24T08:42:56.213+0000] {logging_mixin.py:190} INFO - [2024-11-24T08:42:56.213+0000] {override.py:1911} INFO - Created Permission View: can read on DAG Run:example_branch_labels
[2024-11-24T08:42:56.223+0000] {logging_mixin.py:190} INFO - [2024-11-24T08:42:56.223+0000] {override.py:1911} INFO - Created Permission View: can delete on DAG Run:example_branch_labels
[2024-11-24T08:42:56.234+0000] {logging_mixin.py:190} INFO - [2024-11-24T08:42:56.233+0000] {override.py:1911} INFO - Created Permission View: can create on DAG Run:example_branch_labels
[2024-11-24T08:42:56.245+0000] {logging_mixin.py:190} INFO - [2024-11-24T08:42:56.244+0000] {override.py:1911} INFO - Created Permission View: menu access on DAG Run:example_branch_labels
[2024-11-24T08:42:56.246+0000] {logging_mixin.py:190} INFO - [2024-11-24T08:42:56.246+0000] {dag.py:3239} INFO - Sync 1 DAGs
[2024-11-24T08:42:56.274+0000] {logging_mixin.py:190} INFO - [2024-11-24T08:42:56.273+0000] {dag.py:3262} INFO - Creating ORM DAG for example_branch_labels
[2024-11-24T08:42:56.296+0000] {logging_mixin.py:190} INFO - [2024-11-24T08:42:56.296+0000] {dag.py:4180} INFO - Setting next_dagrun for example_branch_labels to 2024-11-23 00:00:00+00:00, run_after=2024-11-24 00:00:00+00:00
[2024-11-24T08:42:56.327+0000] {processor.py:208} INFO - Processing /home/airflow/.local/lib/python3.12/site-packages/airflow/example_dags/example_branch_labels.py took 0.363 seconds
[2024-11-24T08:43:26.988+0000] {processor.py:186} INFO - Started process (PID=559) to work on /home/airflow/.local/lib/python3.12/site-packages/airflow/example_dags/example_branch_labels.py
[2024-11-24T08:43:26.990+0000] {processor.py:914} INFO - Processing file /home/airflow/.local/lib/python3.12/site-packages/airflow/example_dags/example_branch_labels.py for tasks to queue
[2024-11-24T08:43:26.993+0000] {logging_mixin.py:190} INFO - [2024-11-24T08:43:26.993+0000] {dagbag.py:588} INFO - Filling up the DagBag from /home/airflow/.local/lib/python3.12/site-packages/airflow/example_dags/example_branch_labels.py
[2024-11-24T08:43:27.009+0000] {processor.py:925} INFO - DAG(s) 'example_branch_labels' retrieved from /home/airflow/.local/lib/python3.12/site-packages/airflow/example_dags/example_branch_labels.py
[2024-11-24T08:43:27.042+0000] {logging_mixin.py:190} INFO - [2024-11-24T08:43:27.041+0000] {dag.py:3239} INFO - Sync 1 DAGs
[2024-11-24T08:43:27.076+0000] {logging_mixin.py:190} INFO - [2024-11-24T08:43:27.075+0000] {dag.py:4180} INFO - Setting next_dagrun for example_branch_labels to 2024-11-23 00:00:00+00:00, run_after=2024-11-24 00:00:00+00:00
[2024-11-24T08:43:27.096+0000] {processor.py:208} INFO - Processing /home/airflow/.local/lib/python3.12/site-packages/airflow/example_dags/example_branch_labels.py took 0.117 seconds
[2024-11-24T08:43:57.241+0000] {processor.py:186} INFO - Started process (PID=847) to work on /home/airflow/.local/lib/python3.12/site-packages/airflow/example_dags/example_branch_labels.py
[2024-11-24T08:43:57.243+0000] {processor.py:914} INFO - Processing file /home/airflow/.local/lib/python3.12/site-packages/airflow/example_dags/example_branch_labels.py for tasks to queue
[2024-11-24T08:43:57.246+0000] {logging_mixin.py:190} INFO - [2024-11-24T08:43:57.246+0000] {dagbag.py:588} INFO - Filling up the DagBag from /home/airflow/.local/lib/python3.12/site-packages/airflow/example_dags/example_branch_labels.py
[2024-11-24T08:43:57.254+0000] {processor.py:925} INFO - DAG(s) 'example_branch_labels' retrieved from /home/airflow/.local/lib/python3.12/site-packages/airflow/example_dags/example_branch_labels.py
[2024-11-24T08:43:57.278+0000] {logging_mixin.py:190} INFO - [2024-11-24T08:43:57.277+0000] {dag.py:3239} INFO - Sync 1 DAGs
[2024-11-24T08:43:57.306+0000] {logging_mixin.py:190} INFO - [2024-11-24T08:43:57.306+0000] {dag.py:4180} INFO - Setting next_dagrun for example_branch_labels to 2024-11-23 00:00:00+00:00, run_after=2024-11-24 00:00:00+00:00
[2024-11-24T08:43:57.328+0000] {processor.py:208} INFO - Processing /home/airflow/.local/lib/python3.12/site-packages/airflow/example_dags/example_branch_labels.py took 0.094 seconds
[2024-11-24T08:44:27.719+0000] {processor.py:186} INFO - Started process (PID=1138) to work on /home/airflow/.local/lib/python3.12/site-packages/airflow/example_dags/example_branch_labels.py
[2024-11-24T08:44:27.720+0000] {processor.py:914} INFO - Processing file /home/airflow/.local/lib/python3.12/site-packages/airflow/example_dags/example_branch_labels.py for tasks to queue
[2024-11-24T08:44:27.725+0000] {logging_mixin.py:190} INFO - [2024-11-24T08:44:27.724+0000] {dagbag.py:588} INFO - Filling up the DagBag from /home/airflow/.local/lib/python3.12/site-packages/airflow/example_dags/example_branch_labels.py
[2024-11-24T08:44:27.741+0000] {processor.py:925} INFO - DAG(s) 'example_branch_labels' retrieved from /home/airflow/.local/lib/python3.12/site-packages/airflow/example_dags/example_branch_labels.py
[2024-11-24T08:44:27.763+0000] {logging_mixin.py:190} INFO - [2024-11-24T08:44:27.762+0000] {dag.py:3239} INFO - Sync 1 DAGs
[2024-11-24T08:44:27.788+0000] {logging_mixin.py:190} INFO - [2024-11-24T08:44:27.788+0000] {dag.py:4180} INFO - Setting next_dagrun for example_branch_labels to 2024-11-23 00:00:00+00:00, run_after=2024-11-24 00:00:00+00:00
[2024-11-24T08:44:27.807+0000] {processor.py:208} INFO - Processing /home/airflow/.local/lib/python3.12/site-packages/airflow/example_dags/example_branch_labels.py took 0.096 seconds
[2024-11-24T08:44:58.504+0000] {processor.py:186} INFO - Started process (PID=1429) to work on /home/airflow/.local/lib/python3.12/site-packages/airflow/example_dags/example_branch_labels.py
[2024-11-24T08:44:58.506+0000] {processor.py:914} INFO - Processing file /home/airflow/.local/lib/python3.12/site-packages/airflow/example_dags/example_branch_labels.py for tasks to queue
[2024-11-24T08:44:58.510+0000] {logging_mixin.py:190} INFO - [2024-11-24T08:44:58.510+0000] {dagbag.py:588} INFO - Filling up the DagBag from /home/airflow/.local/lib/python3.12/site-packages/airflow/example_dags/example_branch_labels.py
[2024-11-24T08:44:58.520+0000] {processor.py:925} INFO - DAG(s) 'example_branch_labels' retrieved from /home/airflow/.local/lib/python3.12/site-packages/airflow/example_dags/example_branch_labels.py
[2024-11-24T08:44:58.550+0000] {logging_mixin.py:190} INFO - [2024-11-24T08:44:58.550+0000] {dag.py:3239} INFO - Sync 1 DAGs
[2024-11-24T08:44:58.584+0000] {logging_mixin.py:190} INFO - [2024-11-24T08:44:58.584+0000] {dag.py:4180} INFO - Setting next_dagrun for example_branch_labels to 2024-11-23 00:00:00+00:00, run_after=2024-11-24 00:00:00+00:00
[2024-11-24T08:44:58.613+0000] {processor.py:208} INFO - Processing /home/airflow/.local/lib/python3.12/site-packages/airflow/example_dags/example_branch_labels.py took 0.115 seconds
[2024-11-24T08:45:28.949+0000] {processor.py:186} INFO - Started process (PID=1720) to work on /home/airflow/.local/lib/python3.12/site-packages/airflow/example_dags/example_branch_labels.py
[2024-11-24T08:45:28.950+0000] {processor.py:914} INFO - Processing file /home/airflow/.local/lib/python3.12/site-packages/airflow/example_dags/example_branch_labels.py for tasks to queue
[2024-11-24T08:45:28.954+0000] {logging_mixin.py:190} INFO - [2024-11-24T08:45:28.953+0000] {dagbag.py:588} INFO - Filling up the DagBag from /home/airflow/.local/lib/python3.12/site-packages/airflow/example_dags/example_branch_labels.py
[2024-11-24T08:45:28.970+0000] {processor.py:925} INFO - DAG(s) 'example_branch_labels' retrieved from /home/airflow/.local/lib/python3.12/site-packages/airflow/example_dags/example_branch_labels.py
[2024-11-24T08:45:28.998+0000] {logging_mixin.py:190} INFO - [2024-11-24T08:45:28.998+0000] {dag.py:3239} INFO - Sync 1 DAGs
[2024-11-24T08:45:29.031+0000] {logging_mixin.py:190} INFO - [2024-11-24T08:45:29.031+0000] {dag.py:4180} INFO - Setting next_dagrun for example_branch_labels to 2024-11-23 00:00:00+00:00, run_after=2024-11-24 00:00:00+00:00
[2024-11-24T08:45:29.052+0000] {processor.py:208} INFO - Processing /home/airflow/.local/lib/python3.12/site-packages/airflow/example_dags/example_branch_labels.py took 0.111 seconds
[2024-11-24T08:45:59.171+0000] {processor.py:186} INFO - Started process (PID=2011) to work on /home/airflow/.local/lib/python3.12/site-packages/airflow/example_dags/example_branch_labels.py
[2024-11-24T08:45:59.177+0000] {processor.py:914} INFO - Processing file /home/airflow/.local/lib/python3.12/site-packages/airflow/example_dags/example_branch_labels.py for tasks to queue
[2024-11-24T08:45:59.180+0000] {logging_mixin.py:190} INFO - [2024-11-24T08:45:59.180+0000] {dagbag.py:588} INFO - Filling up the DagBag from /home/airflow/.local/lib/python3.12/site-packages/airflow/example_dags/example_branch_labels.py
[2024-11-24T08:45:59.193+0000] {processor.py:925} INFO - DAG(s) 'example_branch_labels' retrieved from /home/airflow/.local/lib/python3.12/site-packages/airflow/example_dags/example_branch_labels.py
[2024-11-24T08:45:59.218+0000] {logging_mixin.py:190} INFO - [2024-11-24T08:45:59.218+0000] {dag.py:3239} INFO - Sync 1 DAGs
[2024-11-24T08:45:59.246+0000] {logging_mixin.py:190} INFO - [2024-11-24T08:45:59.245+0000] {dag.py:4180} INFO - Setting next_dagrun for example_branch_labels to 2024-11-23 00:00:00+00:00, run_after=2024-11-24 00:00:00+00:00
[2024-11-24T08:45:59.268+0000] {processor.py:208} INFO - Processing /home/airflow/.local/lib/python3.12/site-packages/airflow/example_dags/example_branch_labels.py took 0.103 seconds
[2024-11-24T08:46:29.451+0000] {processor.py:186} INFO - Started process (PID=2302) to work on /home/airflow/.local/lib/python3.12/site-packages/airflow/example_dags/example_branch_labels.py
[2024-11-24T08:46:29.453+0000] {processor.py:914} INFO - Processing file /home/airflow/.local/lib/python3.12/site-packages/airflow/example_dags/example_branch_labels.py for tasks to queue
[2024-11-24T08:46:29.457+0000] {logging_mixin.py:190} INFO - [2024-11-24T08:46:29.456+0000] {dagbag.py:588} INFO - Filling up the DagBag from /home/airflow/.local/lib/python3.12/site-packages/airflow/example_dags/example_branch_labels.py
[2024-11-24T08:46:29.471+0000] {processor.py:925} INFO - DAG(s) 'example_branch_labels' retrieved from /home/airflow/.local/lib/python3.12/site-packages/airflow/example_dags/example_branch_labels.py
[2024-11-24T08:46:29.499+0000] {logging_mixin.py:190} INFO - [2024-11-24T08:46:29.499+0000] {dag.py:3239} INFO - Sync 1 DAGs
[2024-11-24T08:46:29.534+0000] {logging_mixin.py:190} INFO - [2024-11-24T08:46:29.534+0000] {dag.py:4180} INFO - Setting next_dagrun for example_branch_labels to 2024-11-23 00:00:00+00:00, run_after=2024-11-24 00:00:00+00:00
[2024-11-24T08:46:29.558+0000] {processor.py:208} INFO - Processing /home/airflow/.local/lib/python3.12/site-packages/airflow/example_dags/example_branch_labels.py took 0.115 seconds
[2024-11-24T08:47:00.283+0000] {processor.py:186} INFO - Started process (PID=2593) to work on /home/airflow/.local/lib/python3.12/site-packages/airflow/example_dags/example_branch_labels.py
[2024-11-24T08:47:00.284+0000] {processor.py:914} INFO - Processing file /home/airflow/.local/lib/python3.12/site-packages/airflow/example_dags/example_branch_labels.py for tasks to queue
[2024-11-24T08:47:00.295+0000] {logging_mixin.py:190} INFO - [2024-11-24T08:47:00.294+0000] {dagbag.py:588} INFO - Filling up the DagBag from /home/airflow/.local/lib/python3.12/site-packages/airflow/example_dags/example_branch_labels.py
[2024-11-24T08:47:00.308+0000] {processor.py:925} INFO - DAG(s) 'example_branch_labels' retrieved from /home/airflow/.local/lib/python3.12/site-packages/airflow/example_dags/example_branch_labels.py
[2024-11-24T08:47:00.332+0000] {logging_mixin.py:190} INFO - [2024-11-24T08:47:00.331+0000] {dag.py:3239} INFO - Sync 1 DAGs
[2024-11-24T08:47:00.357+0000] {logging_mixin.py:190} INFO - [2024-11-24T08:47:00.357+0000] {dag.py:4180} INFO - Setting next_dagrun for example_branch_labels to 2024-11-23 00:00:00+00:00, run_after=2024-11-24 00:00:00+00:00
[2024-11-24T08:47:00.375+0000] {processor.py:208} INFO - Processing /home/airflow/.local/lib/python3.12/site-packages/airflow/example_dags/example_branch_labels.py took 0.101 seconds
[2024-11-24T08:47:30.706+0000] {processor.py:186} INFO - Started process (PID=2884) to work on /home/airflow/.local/lib/python3.12/site-packages/airflow/example_dags/example_branch_labels.py
[2024-11-24T08:47:30.708+0000] {processor.py:914} INFO - Processing file /home/airflow/.local/lib/python3.12/site-packages/airflow/example_dags/example_branch_labels.py for tasks to queue
[2024-11-24T08:47:30.713+0000] {logging_mixin.py:190} INFO - [2024-11-24T08:47:30.713+0000] {dagbag.py:588} INFO - Filling up the DagBag from /home/airflow/.local/lib/python3.12/site-packages/airflow/example_dags/example_branch_labels.py
[2024-11-24T08:47:30.726+0000] {processor.py:925} INFO - DAG(s) 'example_branch_labels' retrieved from /home/airflow/.local/lib/python3.12/site-packages/airflow/example_dags/example_branch_labels.py
[2024-11-24T08:47:30.756+0000] {logging_mixin.py:190} INFO - [2024-11-24T08:47:30.755+0000] {dag.py:3239} INFO - Sync 1 DAGs
[2024-11-24T08:47:30.785+0000] {logging_mixin.py:190} INFO - [2024-11-24T08:47:30.785+0000] {dag.py:4180} INFO - Setting next_dagrun for example_branch_labels to 2024-11-23 00:00:00+00:00, run_after=2024-11-24 00:00:00+00:00
[2024-11-24T08:47:30.811+0000] {processor.py:208} INFO - Processing /home/airflow/.local/lib/python3.12/site-packages/airflow/example_dags/example_branch_labels.py took 0.113 seconds
[2024-11-24T08:48:01.020+0000] {processor.py:186} INFO - Started process (PID=3175) to work on /home/airflow/.local/lib/python3.12/site-packages/airflow/example_dags/example_branch_labels.py
[2024-11-24T08:48:01.022+0000] {processor.py:914} INFO - Processing file /home/airflow/.local/lib/python3.12/site-packages/airflow/example_dags/example_branch_labels.py for tasks to queue
[2024-11-24T08:48:01.026+0000] {logging_mixin.py:190} INFO - [2024-11-24T08:48:01.026+0000] {dagbag.py:588} INFO - Filling up the DagBag from /home/airflow/.local/lib/python3.12/site-packages/airflow/example_dags/example_branch_labels.py
[2024-11-24T08:48:01.039+0000] {processor.py:925} INFO - DAG(s) 'example_branch_labels' retrieved from /home/airflow/.local/lib/python3.12/site-packages/airflow/example_dags/example_branch_labels.py
[2024-11-24T08:48:01.072+0000] {logging_mixin.py:190} INFO - [2024-11-24T08:48:01.071+0000] {dag.py:3239} INFO - Sync 1 DAGs
[2024-11-24T08:48:01.108+0000] {logging_mixin.py:190} INFO - [2024-11-24T08:48:01.108+0000] {dag.py:4180} INFO - Setting next_dagrun for example_branch_labels to 2024-11-23 00:00:00+00:00, run_after=2024-11-24 00:00:00+00:00
[2024-11-24T08:48:01.137+0000] {processor.py:208} INFO - Processing /home/airflow/.local/lib/python3.12/site-packages/airflow/example_dags/example_branch_labels.py took 0.124 seconds
[2024-11-24T08:48:31.416+0000] {processor.py:186} INFO - Started process (PID=3466) to work on /home/airflow/.local/lib/python3.12/site-packages/airflow/example_dags/example_branch_labels.py
[2024-11-24T08:48:31.418+0000] {processor.py:914} INFO - Processing file /home/airflow/.local/lib/python3.12/site-packages/airflow/example_dags/example_branch_labels.py for tasks to queue
[2024-11-24T08:48:31.423+0000] {logging_mixin.py:190} INFO - [2024-11-24T08:48:31.423+0000] {dagbag.py:588} INFO - Filling up the DagBag from /home/airflow/.local/lib/python3.12/site-packages/airflow/example_dags/example_branch_labels.py
[2024-11-24T08:48:31.441+0000] {processor.py:925} INFO - DAG(s) 'example_branch_labels' retrieved from /home/airflow/.local/lib/python3.12/site-packages/airflow/example_dags/example_branch_labels.py
[2024-11-24T08:48:31.475+0000] {logging_mixin.py:190} INFO - [2024-11-24T08:48:31.475+0000] {dag.py:3239} INFO - Sync 1 DAGs
[2024-11-24T08:48:31.512+0000] {logging_mixin.py:190} INFO - [2024-11-24T08:48:31.512+0000] {dag.py:4180} INFO - Setting next_dagrun for example_branch_labels to 2024-11-23 00:00:00+00:00, run_after=2024-11-24 00:00:00+00:00
[2024-11-24T08:48:31.539+0000] {processor.py:208} INFO - Processing /home/airflow/.local/lib/python3.12/site-packages/airflow/example_dags/example_branch_labels.py took 0.135 seconds
[2024-11-24T08:49:01.679+0000] {processor.py:186} INFO - Started process (PID=3757) to work on /home/airflow/.local/lib/python3.12/site-packages/airflow/example_dags/example_branch_labels.py
[2024-11-24T08:49:01.680+0000] {processor.py:914} INFO - Processing file /home/airflow/.local/lib/python3.12/site-packages/airflow/example_dags/example_branch_labels.py for tasks to queue
[2024-11-24T08:49:01.685+0000] {logging_mixin.py:190} INFO - [2024-11-24T08:49:01.684+0000] {dagbag.py:588} INFO - Filling up the DagBag from /home/airflow/.local/lib/python3.12/site-packages/airflow/example_dags/example_branch_labels.py
[2024-11-24T08:49:01.699+0000] {processor.py:925} INFO - DAG(s) 'example_branch_labels' retrieved from /home/airflow/.local/lib/python3.12/site-packages/airflow/example_dags/example_branch_labels.py
[2024-11-24T08:49:01.726+0000] {logging_mixin.py:190} INFO - [2024-11-24T08:49:01.726+0000] {dag.py:3239} INFO - Sync 1 DAGs
[2024-11-24T08:49:01.758+0000] {logging_mixin.py:190} INFO - [2024-11-24T08:49:01.758+0000] {dag.py:4180} INFO - Setting next_dagrun for example_branch_labels to 2024-11-23 00:00:00+00:00, run_after=2024-11-24 00:00:00+00:00
[2024-11-24T08:49:01.787+0000] {processor.py:208} INFO - Processing /home/airflow/.local/lib/python3.12/site-packages/airflow/example_dags/example_branch_labels.py took 0.118 seconds
[2024-11-24T08:49:32.154+0000] {processor.py:186} INFO - Started process (PID=4048) to work on /home/airflow/.local/lib/python3.12/site-packages/airflow/example_dags/example_branch_labels.py
[2024-11-24T08:49:32.156+0000] {processor.py:914} INFO - Processing file /home/airflow/.local/lib/python3.12/site-packages/airflow/example_dags/example_branch_labels.py for tasks to queue
[2024-11-24T08:49:32.164+0000] {logging_mixin.py:190} INFO - [2024-11-24T08:49:32.163+0000] {dagbag.py:588} INFO - Filling up the DagBag from /home/airflow/.local/lib/python3.12/site-packages/airflow/example_dags/example_branch_labels.py
[2024-11-24T08:49:32.178+0000] {processor.py:925} INFO - DAG(s) 'example_branch_labels' retrieved from /home/airflow/.local/lib/python3.12/site-packages/airflow/example_dags/example_branch_labels.py
[2024-11-24T08:49:32.203+0000] {logging_mixin.py:190} INFO - [2024-11-24T08:49:32.203+0000] {dag.py:3239} INFO - Sync 1 DAGs
[2024-11-24T08:49:32.238+0000] {logging_mixin.py:190} INFO - [2024-11-24T08:49:32.238+0000] {dag.py:4180} INFO - Setting next_dagrun for example_branch_labels to 2024-11-23 00:00:00+00:00, run_after=2024-11-24 00:00:00+00:00
[2024-11-24T08:49:32.265+0000] {processor.py:208} INFO - Processing /home/airflow/.local/lib/python3.12/site-packages/airflow/example_dags/example_branch_labels.py took 0.119 seconds
[2024-11-24T08:50:02.374+0000] {processor.py:186} INFO - Started process (PID=4339) to work on /home/airflow/.local/lib/python3.12/site-packages/airflow/example_dags/example_branch_labels.py
[2024-11-24T08:50:02.376+0000] {processor.py:914} INFO - Processing file /home/airflow/.local/lib/python3.12/site-packages/airflow/example_dags/example_branch_labels.py for tasks to queue
[2024-11-24T08:50:02.379+0000] {logging_mixin.py:190} INFO - [2024-11-24T08:50:02.379+0000] {dagbag.py:588} INFO - Filling up the DagBag from /home/airflow/.local/lib/python3.12/site-packages/airflow/example_dags/example_branch_labels.py
[2024-11-24T08:50:02.395+0000] {processor.py:925} INFO - DAG(s) 'example_branch_labels' retrieved from /home/airflow/.local/lib/python3.12/site-packages/airflow/example_dags/example_branch_labels.py
[2024-11-24T08:50:02.426+0000] {logging_mixin.py:190} INFO - [2024-11-24T08:50:02.425+0000] {dag.py:3239} INFO - Sync 1 DAGs
[2024-11-24T08:50:02.459+0000] {logging_mixin.py:190} INFO - [2024-11-24T08:50:02.458+0000] {dag.py:4180} INFO - Setting next_dagrun for example_branch_labels to 2024-11-23 00:00:00+00:00, run_after=2024-11-24 00:00:00+00:00
[2024-11-24T08:50:02.481+0000] {processor.py:208} INFO - Processing /home/airflow/.local/lib/python3.12/site-packages/airflow/example_dags/example_branch_labels.py took 0.115 seconds
[2024-11-24T08:50:32.871+0000] {processor.py:186} INFO - Started process (PID=4630) to work on /home/airflow/.local/lib/python3.12/site-packages/airflow/example_dags/example_branch_labels.py
[2024-11-24T08:50:32.873+0000] {processor.py:914} INFO - Processing file /home/airflow/.local/lib/python3.12/site-packages/airflow/example_dags/example_branch_labels.py for tasks to queue
[2024-11-24T08:50:32.877+0000] {logging_mixin.py:190} INFO - [2024-11-24T08:50:32.876+0000] {dagbag.py:588} INFO - Filling up the DagBag from /home/airflow/.local/lib/python3.12/site-packages/airflow/example_dags/example_branch_labels.py
[2024-11-24T08:50:32.891+0000] {processor.py:925} INFO - DAG(s) 'example_branch_labels' retrieved from /home/airflow/.local/lib/python3.12/site-packages/airflow/example_dags/example_branch_labels.py
[2024-11-24T08:50:32.925+0000] {logging_mixin.py:190} INFO - [2024-11-24T08:50:32.925+0000] {dag.py:3239} INFO - Sync 1 DAGs
[2024-11-24T08:50:32.965+0000] {logging_mixin.py:190} INFO - [2024-11-24T08:50:32.965+0000] {dag.py:4180} INFO - Setting next_dagrun for example_branch_labels to 2024-11-23 00:00:00+00:00, run_after=2024-11-24 00:00:00+00:00
[2024-11-24T08:50:32.992+0000] {processor.py:208} INFO - Processing /home/airflow/.local/lib/python3.12/site-packages/airflow/example_dags/example_branch_labels.py took 0.131 seconds
[2024-11-24T08:51:06.081+0000] {processor.py:186} INFO - Started process (PID=4921) to work on /home/airflow/.local/lib/python3.12/site-packages/airflow/example_dags/example_branch_labels.py
[2024-11-24T08:51:06.084+0000] {processor.py:914} INFO - Processing file /home/airflow/.local/lib/python3.12/site-packages/airflow/example_dags/example_branch_labels.py for tasks to queue
[2024-11-24T08:51:06.089+0000] {logging_mixin.py:190} INFO - [2024-11-24T08:51:06.088+0000] {dagbag.py:588} INFO - Filling up the DagBag from /home/airflow/.local/lib/python3.12/site-packages/airflow/example_dags/example_branch_labels.py
[2024-11-24T08:51:06.111+0000] {processor.py:925} INFO - DAG(s) 'example_branch_labels' retrieved from /home/airflow/.local/lib/python3.12/site-packages/airflow/example_dags/example_branch_labels.py
[2024-11-24T08:51:06.156+0000] {logging_mixin.py:190} INFO - [2024-11-24T08:51:06.155+0000] {dag.py:3239} INFO - Sync 1 DAGs
[2024-11-24T08:51:06.203+0000] {logging_mixin.py:190} INFO - [2024-11-24T08:51:06.203+0000] {dag.py:4180} INFO - Setting next_dagrun for example_branch_labels to 2024-11-23 00:00:00+00:00, run_after=2024-11-24 00:00:00+00:00
[2024-11-24T08:51:06.241+0000] {processor.py:208} INFO - Processing /home/airflow/.local/lib/python3.12/site-packages/airflow/example_dags/example_branch_labels.py took 0.177 seconds
[2024-11-24T08:51:36.373+0000] {processor.py:186} INFO - Started process (PID=5209) to work on /home/airflow/.local/lib/python3.12/site-packages/airflow/example_dags/example_branch_labels.py
[2024-11-24T08:51:36.378+0000] {processor.py:914} INFO - Processing file /home/airflow/.local/lib/python3.12/site-packages/airflow/example_dags/example_branch_labels.py for tasks to queue
[2024-11-24T08:51:36.383+0000] {logging_mixin.py:190} INFO - [2024-11-24T08:51:36.382+0000] {dagbag.py:588} INFO - Filling up the DagBag from /home/airflow/.local/lib/python3.12/site-packages/airflow/example_dags/example_branch_labels.py
[2024-11-24T08:51:36.405+0000] {processor.py:925} INFO - DAG(s) 'example_branch_labels' retrieved from /home/airflow/.local/lib/python3.12/site-packages/airflow/example_dags/example_branch_labels.py
[2024-11-24T08:51:36.446+0000] {logging_mixin.py:190} INFO - [2024-11-24T08:51:36.446+0000] {dag.py:3239} INFO - Sync 1 DAGs
[2024-11-24T08:51:36.505+0000] {logging_mixin.py:190} INFO - [2024-11-24T08:51:36.505+0000] {dag.py:4180} INFO - Setting next_dagrun for example_branch_labels to 2024-11-23 00:00:00+00:00, run_after=2024-11-24 00:00:00+00:00
[2024-11-24T08:51:36.539+0000] {processor.py:208} INFO - Processing /home/airflow/.local/lib/python3.12/site-packages/airflow/example_dags/example_branch_labels.py took 0.178 seconds
[2024-11-24T08:52:06.589+0000] {processor.py:186} INFO - Started process (PID=5502) to work on /home/airflow/.local/lib/python3.12/site-packages/airflow/example_dags/example_branch_labels.py
[2024-11-24T08:52:06.590+0000] {processor.py:914} INFO - Processing file /home/airflow/.local/lib/python3.12/site-packages/airflow/example_dags/example_branch_labels.py for tasks to queue
[2024-11-24T08:52:06.592+0000] {logging_mixin.py:190} INFO - [2024-11-24T08:52:06.592+0000] {dagbag.py:588} INFO - Filling up the DagBag from /home/airflow/.local/lib/python3.12/site-packages/airflow/example_dags/example_branch_labels.py
[2024-11-24T08:52:06.600+0000] {processor.py:925} INFO - DAG(s) 'example_branch_labels' retrieved from /home/airflow/.local/lib/python3.12/site-packages/airflow/example_dags/example_branch_labels.py
[2024-11-24T08:52:06.618+0000] {logging_mixin.py:190} INFO - [2024-11-24T08:52:06.618+0000] {dag.py:3239} INFO - Sync 1 DAGs
[2024-11-24T08:52:06.641+0000] {logging_mixin.py:190} INFO - [2024-11-24T08:52:06.641+0000] {dag.py:4180} INFO - Setting next_dagrun for example_branch_labels to 2024-11-23 00:00:00+00:00, run_after=2024-11-24 00:00:00+00:00
[2024-11-24T08:52:06.660+0000] {processor.py:208} INFO - Processing /home/airflow/.local/lib/python3.12/site-packages/airflow/example_dags/example_branch_labels.py took 0.076 seconds
[2024-11-24T08:53:36.412+0000] {processor.py:186} INFO - Started process (PID=273) to work on /home/airflow/.local/lib/python3.12/site-packages/airflow/example_dags/example_branch_labels.py
[2024-11-24T08:53:36.415+0000] {processor.py:914} INFO - Processing file /home/airflow/.local/lib/python3.12/site-packages/airflow/example_dags/example_branch_labels.py for tasks to queue
[2024-11-24T08:53:36.422+0000] {logging_mixin.py:190} INFO - [2024-11-24T08:53:36.422+0000] {dagbag.py:588} INFO - Filling up the DagBag from /home/airflow/.local/lib/python3.12/site-packages/airflow/example_dags/example_branch_labels.py
[2024-11-24T08:53:36.444+0000] {processor.py:925} INFO - DAG(s) 'example_branch_labels' retrieved from /home/airflow/.local/lib/python3.12/site-packages/airflow/example_dags/example_branch_labels.py
[2024-11-24T08:53:36.495+0000] {logging_mixin.py:190} INFO - [2024-11-24T08:53:36.494+0000] {dag.py:3239} INFO - Sync 1 DAGs
[2024-11-24T08:53:36.570+0000] {logging_mixin.py:190} INFO - [2024-11-24T08:53:36.569+0000] {dag.py:4180} INFO - Setting next_dagrun for example_branch_labels to 2024-11-23 00:00:00+00:00, run_after=2024-11-24 00:00:00+00:00
[2024-11-24T08:53:36.620+0000] {processor.py:208} INFO - Processing /home/airflow/.local/lib/python3.12/site-packages/airflow/example_dags/example_branch_labels.py took 0.229 seconds
[2024-11-24T08:54:12.666+0000] {processor.py:186} INFO - Started process (PID=558) to work on /home/airflow/.local/lib/python3.12/site-packages/airflow/example_dags/example_branch_labels.py
[2024-11-24T08:54:12.677+0000] {processor.py:914} INFO - Processing file /home/airflow/.local/lib/python3.12/site-packages/airflow/example_dags/example_branch_labels.py for tasks to queue
[2024-11-24T08:54:12.684+0000] {logging_mixin.py:190} INFO - [2024-11-24T08:54:12.683+0000] {dagbag.py:588} INFO - Filling up the DagBag from /home/airflow/.local/lib/python3.12/site-packages/airflow/example_dags/example_branch_labels.py
[2024-11-24T08:54:12.739+0000] {processor.py:925} INFO - DAG(s) 'example_branch_labels' retrieved from /home/airflow/.local/lib/python3.12/site-packages/airflow/example_dags/example_branch_labels.py
[2024-11-24T08:54:12.960+0000] {logging_mixin.py:190} INFO - [2024-11-24T08:54:12.959+0000] {dag.py:3239} INFO - Sync 1 DAGs
[2024-11-24T08:54:13.032+0000] {logging_mixin.py:190} INFO - [2024-11-24T08:54:13.031+0000] {dag.py:4180} INFO - Setting next_dagrun for example_branch_labels to 2024-11-23 00:00:00+00:00, run_after=2024-11-24 00:00:00+00:00
[2024-11-24T08:54:13.235+0000] {processor.py:208} INFO - Processing /home/airflow/.local/lib/python3.12/site-packages/airflow/example_dags/example_branch_labels.py took 0.609 seconds
[2024-11-24T08:54:44.087+0000] {processor.py:186} INFO - Started process (PID=851) to work on /home/airflow/.local/lib/python3.12/site-packages/airflow/example_dags/example_branch_labels.py
[2024-11-24T08:54:44.089+0000] {processor.py:914} INFO - Processing file /home/airflow/.local/lib/python3.12/site-packages/airflow/example_dags/example_branch_labels.py for tasks to queue
[2024-11-24T08:54:44.094+0000] {logging_mixin.py:190} INFO - [2024-11-24T08:54:44.093+0000] {dagbag.py:588} INFO - Filling up the DagBag from /home/airflow/.local/lib/python3.12/site-packages/airflow/example_dags/example_branch_labels.py
[2024-11-24T08:54:44.206+0000] {processor.py:925} INFO - DAG(s) 'example_branch_labels' retrieved from /home/airflow/.local/lib/python3.12/site-packages/airflow/example_dags/example_branch_labels.py
[2024-11-24T08:54:44.505+0000] {logging_mixin.py:190} INFO - [2024-11-24T08:54:44.505+0000] {dag.py:3239} INFO - Sync 1 DAGs
[2024-11-24T08:54:44.676+0000] {logging_mixin.py:190} INFO - [2024-11-24T08:54:44.676+0000] {dag.py:4180} INFO - Setting next_dagrun for example_branch_labels to 2024-11-23 00:00:00+00:00, run_after=2024-11-24 00:00:00+00:00
[2024-11-24T08:54:44.708+0000] {processor.py:208} INFO - Processing /home/airflow/.local/lib/python3.12/site-packages/airflow/example_dags/example_branch_labels.py took 0.631 seconds
[2024-11-24T08:55:14.849+0000] {processor.py:186} INFO - Started process (PID=1147) to work on /home/airflow/.local/lib/python3.12/site-packages/airflow/example_dags/example_branch_labels.py
[2024-11-24T08:55:14.943+0000] {processor.py:914} INFO - Processing file /home/airflow/.local/lib/python3.12/site-packages/airflow/example_dags/example_branch_labels.py for tasks to queue
[2024-11-24T08:55:14.947+0000] {logging_mixin.py:190} INFO - [2024-11-24T08:55:14.946+0000] {dagbag.py:588} INFO - Filling up the DagBag from /home/airflow/.local/lib/python3.12/site-packages/airflow/example_dags/example_branch_labels.py
[2024-11-24T08:55:14.964+0000] {processor.py:925} INFO - DAG(s) 'example_branch_labels' retrieved from /home/airflow/.local/lib/python3.12/site-packages/airflow/example_dags/example_branch_labels.py
[2024-11-24T08:55:14.997+0000] {logging_mixin.py:190} INFO - [2024-11-24T08:55:14.997+0000] {dag.py:3239} INFO - Sync 1 DAGs
[2024-11-24T08:55:15.035+0000] {logging_mixin.py:190} INFO - [2024-11-24T08:55:15.035+0000] {dag.py:4180} INFO - Setting next_dagrun for example_branch_labels to 2024-11-23 00:00:00+00:00, run_after=2024-11-24 00:00:00+00:00
[2024-11-24T08:55:15.065+0000] {processor.py:208} INFO - Processing /home/airflow/.local/lib/python3.12/site-packages/airflow/example_dags/example_branch_labels.py took 0.224 seconds
[2024-11-24T08:55:56.441+0000] {processor.py:186} INFO - Started process (PID=1348) to work on /home/airflow/.local/lib/python3.12/site-packages/airflow/example_dags/example_branch_labels.py
[2024-11-24T08:55:56.444+0000] {processor.py:914} INFO - Processing file /home/airflow/.local/lib/python3.12/site-packages/airflow/example_dags/example_branch_labels.py for tasks to queue
[2024-11-24T08:55:56.450+0000] {logging_mixin.py:190} INFO - [2024-11-24T08:55:56.449+0000] {dagbag.py:588} INFO - Filling up the DagBag from /home/airflow/.local/lib/python3.12/site-packages/airflow/example_dags/example_branch_labels.py
[2024-11-24T08:55:56.469+0000] {processor.py:925} INFO - DAG(s) 'example_branch_labels' retrieved from /home/airflow/.local/lib/python3.12/site-packages/airflow/example_dags/example_branch_labels.py
[2024-11-24T08:55:56.512+0000] {logging_mixin.py:190} INFO - [2024-11-24T08:55:56.512+0000] {dag.py:3239} INFO - Sync 1 DAGs
[2024-11-24T08:55:56.564+0000] {logging_mixin.py:190} INFO - [2024-11-24T08:55:56.564+0000] {dag.py:4180} INFO - Setting next_dagrun for example_branch_labels to 2024-11-23 00:00:00+00:00, run_after=2024-11-24 00:00:00+00:00
[2024-11-24T08:55:56.596+0000] {processor.py:208} INFO - Processing /home/airflow/.local/lib/python3.12/site-packages/airflow/example_dags/example_branch_labels.py took 0.167 seconds
[2024-11-24T08:56:28.737+0000] {processor.py:186} INFO - Started process (PID=1630) to work on /home/airflow/.local/lib/python3.12/site-packages/airflow/example_dags/example_branch_labels.py
[2024-11-24T08:56:28.740+0000] {processor.py:914} INFO - Processing file /home/airflow/.local/lib/python3.12/site-packages/airflow/example_dags/example_branch_labels.py for tasks to queue
[2024-11-24T08:56:28.746+0000] {logging_mixin.py:190} INFO - [2024-11-24T08:56:28.745+0000] {dagbag.py:588} INFO - Filling up the DagBag from /home/airflow/.local/lib/python3.12/site-packages/airflow/example_dags/example_branch_labels.py
[2024-11-24T08:56:28.769+0000] {processor.py:925} INFO - DAG(s) 'example_branch_labels' retrieved from /home/airflow/.local/lib/python3.12/site-packages/airflow/example_dags/example_branch_labels.py
[2024-11-24T08:56:28.811+0000] {logging_mixin.py:190} INFO - [2024-11-24T08:56:28.811+0000] {dag.py:3239} INFO - Sync 1 DAGs
[2024-11-24T08:56:28.858+0000] {logging_mixin.py:190} INFO - [2024-11-24T08:56:28.857+0000] {dag.py:4180} INFO - Setting next_dagrun for example_branch_labels to 2024-11-23 00:00:00+00:00, run_after=2024-11-24 00:00:00+00:00
[2024-11-24T08:56:28.895+0000] {processor.py:208} INFO - Processing /home/airflow/.local/lib/python3.12/site-packages/airflow/example_dags/example_branch_labels.py took 0.170 seconds
[2024-11-24T08:56:59.388+0000] {processor.py:186} INFO - Started process (PID=1921) to work on /home/airflow/.local/lib/python3.12/site-packages/airflow/example_dags/example_branch_labels.py
[2024-11-24T08:56:59.390+0000] {processor.py:914} INFO - Processing file /home/airflow/.local/lib/python3.12/site-packages/airflow/example_dags/example_branch_labels.py for tasks to queue
[2024-11-24T08:56:59.397+0000] {logging_mixin.py:190} INFO - [2024-11-24T08:56:59.396+0000] {dagbag.py:588} INFO - Filling up the DagBag from /home/airflow/.local/lib/python3.12/site-packages/airflow/example_dags/example_branch_labels.py
[2024-11-24T08:56:59.415+0000] {processor.py:925} INFO - DAG(s) 'example_branch_labels' retrieved from /home/airflow/.local/lib/python3.12/site-packages/airflow/example_dags/example_branch_labels.py
[2024-11-24T08:56:59.455+0000] {logging_mixin.py:190} INFO - [2024-11-24T08:56:59.455+0000] {dag.py:3239} INFO - Sync 1 DAGs
[2024-11-24T08:56:59.505+0000] {logging_mixin.py:190} INFO - [2024-11-24T08:56:59.504+0000] {dag.py:4180} INFO - Setting next_dagrun for example_branch_labels to 2024-11-23 00:00:00+00:00, run_after=2024-11-24 00:00:00+00:00
[2024-11-24T08:56:59.543+0000] {processor.py:208} INFO - Processing /home/airflow/.local/lib/python3.12/site-packages/airflow/example_dags/example_branch_labels.py took 0.166 seconds
[2024-11-24T08:57:34.525+0000] {processor.py:186} INFO - Started process (PID=2212) to work on /home/airflow/.local/lib/python3.12/site-packages/airflow/example_dags/example_branch_labels.py
[2024-11-24T08:57:34.528+0000] {processor.py:914} INFO - Processing file /home/airflow/.local/lib/python3.12/site-packages/airflow/example_dags/example_branch_labels.py for tasks to queue
[2024-11-24T08:57:34.537+0000] {logging_mixin.py:190} INFO - [2024-11-24T08:57:34.536+0000] {dagbag.py:588} INFO - Filling up the DagBag from /home/airflow/.local/lib/python3.12/site-packages/airflow/example_dags/example_branch_labels.py
[2024-11-24T08:57:34.578+0000] {processor.py:925} INFO - DAG(s) 'example_branch_labels' retrieved from /home/airflow/.local/lib/python3.12/site-packages/airflow/example_dags/example_branch_labels.py
[2024-11-24T08:57:34.651+0000] {logging_mixin.py:190} INFO - [2024-11-24T08:57:34.649+0000] {dag.py:3239} INFO - Sync 1 DAGs
[2024-11-24T08:57:34.749+0000] {logging_mixin.py:190} INFO - [2024-11-24T08:57:34.748+0000] {dag.py:4180} INFO - Setting next_dagrun for example_branch_labels to 2024-11-23 00:00:00+00:00, run_after=2024-11-24 00:00:00+00:00
[2024-11-24T08:57:34.804+0000] {processor.py:208} INFO - Processing /home/airflow/.local/lib/python3.12/site-packages/airflow/example_dags/example_branch_labels.py took 0.300 seconds
[2024-11-24T08:58:05.013+0000] {processor.py:186} INFO - Started process (PID=2503) to work on /home/airflow/.local/lib/python3.12/site-packages/airflow/example_dags/example_branch_labels.py
[2024-11-24T08:58:05.015+0000] {processor.py:914} INFO - Processing file /home/airflow/.local/lib/python3.12/site-packages/airflow/example_dags/example_branch_labels.py for tasks to queue
[2024-11-24T08:58:05.018+0000] {logging_mixin.py:190} INFO - [2024-11-24T08:58:05.018+0000] {dagbag.py:588} INFO - Filling up the DagBag from /home/airflow/.local/lib/python3.12/site-packages/airflow/example_dags/example_branch_labels.py
[2024-11-24T08:58:05.029+0000] {processor.py:925} INFO - DAG(s) 'example_branch_labels' retrieved from /home/airflow/.local/lib/python3.12/site-packages/airflow/example_dags/example_branch_labels.py
[2024-11-24T08:58:05.055+0000] {logging_mixin.py:190} INFO - [2024-11-24T08:58:05.054+0000] {dag.py:3239} INFO - Sync 1 DAGs
[2024-11-24T08:58:05.085+0000] {logging_mixin.py:190} INFO - [2024-11-24T08:58:05.085+0000] {dag.py:4180} INFO - Setting next_dagrun for example_branch_labels to 2024-11-23 00:00:00+00:00, run_after=2024-11-24 00:00:00+00:00
[2024-11-24T08:58:05.110+0000] {processor.py:208} INFO - Processing /home/airflow/.local/lib/python3.12/site-packages/airflow/example_dags/example_branch_labels.py took 0.103 seconds
[2024-11-24T08:58:35.966+0000] {processor.py:186} INFO - Started process (PID=2794) to work on /home/airflow/.local/lib/python3.12/site-packages/airflow/example_dags/example_branch_labels.py
[2024-11-24T08:58:35.967+0000] {processor.py:914} INFO - Processing file /home/airflow/.local/lib/python3.12/site-packages/airflow/example_dags/example_branch_labels.py for tasks to queue
[2024-11-24T08:58:35.970+0000] {logging_mixin.py:190} INFO - [2024-11-24T08:58:35.970+0000] {dagbag.py:588} INFO - Filling up the DagBag from /home/airflow/.local/lib/python3.12/site-packages/airflow/example_dags/example_branch_labels.py
[2024-11-24T08:58:35.983+0000] {processor.py:925} INFO - DAG(s) 'example_branch_labels' retrieved from /home/airflow/.local/lib/python3.12/site-packages/airflow/example_dags/example_branch_labels.py
[2024-11-24T08:58:36.007+0000] {logging_mixin.py:190} INFO - [2024-11-24T08:58:36.007+0000] {dag.py:3239} INFO - Sync 1 DAGs
[2024-11-24T08:58:36.038+0000] {logging_mixin.py:190} INFO - [2024-11-24T08:58:36.038+0000] {dag.py:4180} INFO - Setting next_dagrun for example_branch_labels to 2024-11-23 00:00:00+00:00, run_after=2024-11-24 00:00:00+00:00
[2024-11-24T08:58:36.062+0000] {processor.py:208} INFO - Processing /home/airflow/.local/lib/python3.12/site-packages/airflow/example_dags/example_branch_labels.py took 0.102 seconds
[2024-11-24T08:59:06.692+0000] {processor.py:186} INFO - Started process (PID=3085) to work on /home/airflow/.local/lib/python3.12/site-packages/airflow/example_dags/example_branch_labels.py
[2024-11-24T08:59:06.694+0000] {processor.py:914} INFO - Processing file /home/airflow/.local/lib/python3.12/site-packages/airflow/example_dags/example_branch_labels.py for tasks to queue
[2024-11-24T08:59:06.700+0000] {logging_mixin.py:190} INFO - [2024-11-24T08:59:06.699+0000] {dagbag.py:588} INFO - Filling up the DagBag from /home/airflow/.local/lib/python3.12/site-packages/airflow/example_dags/example_branch_labels.py
[2024-11-24T08:59:06.716+0000] {processor.py:925} INFO - DAG(s) 'example_branch_labels' retrieved from /home/airflow/.local/lib/python3.12/site-packages/airflow/example_dags/example_branch_labels.py
[2024-11-24T08:59:06.750+0000] {logging_mixin.py:190} INFO - [2024-11-24T08:59:06.750+0000] {dag.py:3239} INFO - Sync 1 DAGs
[2024-11-24T08:59:06.785+0000] {logging_mixin.py:190} INFO - [2024-11-24T08:59:06.785+0000] {dag.py:4180} INFO - Setting next_dagrun for example_branch_labels to 2024-11-23 00:00:00+00:00, run_after=2024-11-24 00:00:00+00:00
[2024-11-24T08:59:06.809+0000] {processor.py:208} INFO - Processing /home/airflow/.local/lib/python3.12/site-packages/airflow/example_dags/example_branch_labels.py took 0.124 seconds
[2024-11-24T08:59:38.973+0000] {processor.py:186} INFO - Started process (PID=3376) to work on /home/airflow/.local/lib/python3.12/site-packages/airflow/example_dags/example_branch_labels.py
[2024-11-24T08:59:38.976+0000] {processor.py:914} INFO - Processing file /home/airflow/.local/lib/python3.12/site-packages/airflow/example_dags/example_branch_labels.py for tasks to queue
[2024-11-24T08:59:38.986+0000] {logging_mixin.py:190} INFO - [2024-11-24T08:59:38.985+0000] {dagbag.py:588} INFO - Filling up the DagBag from /home/airflow/.local/lib/python3.12/site-packages/airflow/example_dags/example_branch_labels.py
[2024-11-24T08:59:39.023+0000] {processor.py:925} INFO - DAG(s) 'example_branch_labels' retrieved from /home/airflow/.local/lib/python3.12/site-packages/airflow/example_dags/example_branch_labels.py
[2024-11-24T08:59:39.105+0000] {logging_mixin.py:190} INFO - [2024-11-24T08:59:39.104+0000] {dag.py:3239} INFO - Sync 1 DAGs
[2024-11-24T08:59:39.204+0000] {logging_mixin.py:190} INFO - [2024-11-24T08:59:39.202+0000] {dag.py:4180} INFO - Setting next_dagrun for example_branch_labels to 2024-11-23 00:00:00+00:00, run_after=2024-11-24 00:00:00+00:00
[2024-11-24T08:59:39.282+0000] {processor.py:208} INFO - Processing /home/airflow/.local/lib/python3.12/site-packages/airflow/example_dags/example_branch_labels.py took 0.327 seconds
[2024-11-24T09:00:09.788+0000] {processor.py:186} INFO - Started process (PID=3669) to work on /home/airflow/.local/lib/python3.12/site-packages/airflow/example_dags/example_branch_labels.py
[2024-11-24T09:00:09.792+0000] {processor.py:914} INFO - Processing file /home/airflow/.local/lib/python3.12/site-packages/airflow/example_dags/example_branch_labels.py for tasks to queue
[2024-11-24T09:00:09.797+0000] {logging_mixin.py:190} INFO - [2024-11-24T09:00:09.797+0000] {dagbag.py:588} INFO - Filling up the DagBag from /home/airflow/.local/lib/python3.12/site-packages/airflow/example_dags/example_branch_labels.py
[2024-11-24T09:00:09.818+0000] {processor.py:925} INFO - DAG(s) 'example_branch_labels' retrieved from /home/airflow/.local/lib/python3.12/site-packages/airflow/example_dags/example_branch_labels.py
[2024-11-24T09:00:09.866+0000] {logging_mixin.py:190} INFO - [2024-11-24T09:00:09.866+0000] {dag.py:3239} INFO - Sync 1 DAGs
[2024-11-24T09:00:09.915+0000] {logging_mixin.py:190} INFO - [2024-11-24T09:00:09.914+0000] {dag.py:4180} INFO - Setting next_dagrun for example_branch_labels to 2024-11-23 00:00:00+00:00, run_after=2024-11-24 00:00:00+00:00
[2024-11-24T09:00:09.953+0000] {processor.py:208} INFO - Processing /home/airflow/.local/lib/python3.12/site-packages/airflow/example_dags/example_branch_labels.py took 0.178 seconds
[2024-11-24T09:00:40.244+0000] {processor.py:186} INFO - Started process (PID=3955) to work on /home/airflow/.local/lib/python3.12/site-packages/airflow/example_dags/example_branch_labels.py
[2024-11-24T09:00:40.247+0000] {processor.py:914} INFO - Processing file /home/airflow/.local/lib/python3.12/site-packages/airflow/example_dags/example_branch_labels.py for tasks to queue
[2024-11-24T09:00:40.250+0000] {logging_mixin.py:190} INFO - [2024-11-24T09:00:40.250+0000] {dagbag.py:588} INFO - Filling up the DagBag from /home/airflow/.local/lib/python3.12/site-packages/airflow/example_dags/example_branch_labels.py
[2024-11-24T09:00:40.263+0000] {processor.py:925} INFO - DAG(s) 'example_branch_labels' retrieved from /home/airflow/.local/lib/python3.12/site-packages/airflow/example_dags/example_branch_labels.py
[2024-11-24T09:00:40.291+0000] {logging_mixin.py:190} INFO - [2024-11-24T09:00:40.291+0000] {dag.py:3239} INFO - Sync 1 DAGs
[2024-11-24T09:00:40.320+0000] {logging_mixin.py:190} INFO - [2024-11-24T09:00:40.319+0000] {dag.py:4180} INFO - Setting next_dagrun for example_branch_labels to 2024-11-23 00:00:00+00:00, run_after=2024-11-24 00:00:00+00:00
[2024-11-24T09:00:40.343+0000] {processor.py:208} INFO - Processing /home/airflow/.local/lib/python3.12/site-packages/airflow/example_dags/example_branch_labels.py took 0.106 seconds
[2024-11-24T09:01:10.593+0000] {processor.py:186} INFO - Started process (PID=4244) to work on /home/airflow/.local/lib/python3.12/site-packages/airflow/example_dags/example_branch_labels.py
[2024-11-24T09:01:10.596+0000] {processor.py:914} INFO - Processing file /home/airflow/.local/lib/python3.12/site-packages/airflow/example_dags/example_branch_labels.py for tasks to queue
[2024-11-24T09:01:10.602+0000] {logging_mixin.py:190} INFO - [2024-11-24T09:01:10.602+0000] {dagbag.py:588} INFO - Filling up the DagBag from /home/airflow/.local/lib/python3.12/site-packages/airflow/example_dags/example_branch_labels.py
[2024-11-24T09:01:10.625+0000] {processor.py:925} INFO - DAG(s) 'example_branch_labels' retrieved from /home/airflow/.local/lib/python3.12/site-packages/airflow/example_dags/example_branch_labels.py
[2024-11-24T09:01:10.668+0000] {logging_mixin.py:190} INFO - [2024-11-24T09:01:10.668+0000] {dag.py:3239} INFO - Sync 1 DAGs
[2024-11-24T09:01:10.714+0000] {logging_mixin.py:190} INFO - [2024-11-24T09:01:10.714+0000] {dag.py:4180} INFO - Setting next_dagrun for example_branch_labels to 2024-11-23 00:00:00+00:00, run_after=2024-11-24 00:00:00+00:00
[2024-11-24T09:01:10.755+0000] {processor.py:208} INFO - Processing /home/airflow/.local/lib/python3.12/site-packages/airflow/example_dags/example_branch_labels.py took 0.177 seconds
[2024-11-24T09:01:41.001+0000] {processor.py:186} INFO - Started process (PID=4535) to work on /home/airflow/.local/lib/python3.12/site-packages/airflow/example_dags/example_branch_labels.py
[2024-11-24T09:01:41.003+0000] {processor.py:914} INFO - Processing file /home/airflow/.local/lib/python3.12/site-packages/airflow/example_dags/example_branch_labels.py for tasks to queue
[2024-11-24T09:01:41.006+0000] {logging_mixin.py:190} INFO - [2024-11-24T09:01:41.006+0000] {dagbag.py:588} INFO - Filling up the DagBag from /home/airflow/.local/lib/python3.12/site-packages/airflow/example_dags/example_branch_labels.py
[2024-11-24T09:01:41.021+0000] {processor.py:925} INFO - DAG(s) 'example_branch_labels' retrieved from /home/airflow/.local/lib/python3.12/site-packages/airflow/example_dags/example_branch_labels.py
[2024-11-24T09:01:41.048+0000] {logging_mixin.py:190} INFO - [2024-11-24T09:01:41.047+0000] {dag.py:3239} INFO - Sync 1 DAGs
[2024-11-24T09:01:41.074+0000] {logging_mixin.py:190} INFO - [2024-11-24T09:01:41.073+0000] {dag.py:4180} INFO - Setting next_dagrun for example_branch_labels to 2024-11-23 00:00:00+00:00, run_after=2024-11-24 00:00:00+00:00
[2024-11-24T09:01:41.097+0000] {processor.py:208} INFO - Processing /home/airflow/.local/lib/python3.12/site-packages/airflow/example_dags/example_branch_labels.py took 0.104 seconds
[2024-11-24T09:02:12.058+0000] {processor.py:186} INFO - Started process (PID=4828) to work on /home/airflow/.local/lib/python3.12/site-packages/airflow/example_dags/example_branch_labels.py
[2024-11-24T09:02:12.060+0000] {processor.py:914} INFO - Processing file /home/airflow/.local/lib/python3.12/site-packages/airflow/example_dags/example_branch_labels.py for tasks to queue
[2024-11-24T09:02:12.062+0000] {logging_mixin.py:190} INFO - [2024-11-24T09:02:12.062+0000] {dagbag.py:588} INFO - Filling up the DagBag from /home/airflow/.local/lib/python3.12/site-packages/airflow/example_dags/example_branch_labels.py
[2024-11-24T09:02:12.071+0000] {processor.py:925} INFO - DAG(s) 'example_branch_labels' retrieved from /home/airflow/.local/lib/python3.12/site-packages/airflow/example_dags/example_branch_labels.py
[2024-11-24T09:02:12.093+0000] {logging_mixin.py:190} INFO - [2024-11-24T09:02:12.093+0000] {dag.py:3239} INFO - Sync 1 DAGs
[2024-11-24T09:02:12.115+0000] {logging_mixin.py:190} INFO - [2024-11-24T09:02:12.115+0000] {dag.py:4180} INFO - Setting next_dagrun for example_branch_labels to 2024-11-23 00:00:00+00:00, run_after=2024-11-24 00:00:00+00:00
[2024-11-24T09:02:12.134+0000] {processor.py:208} INFO - Processing /home/airflow/.local/lib/python3.12/site-packages/airflow/example_dags/example_branch_labels.py took 0.082 seconds
[2024-11-24T09:02:44.772+0000] {processor.py:186} INFO - Started process (PID=5102) to work on /home/airflow/.local/lib/python3.12/site-packages/airflow/example_dags/example_branch_labels.py
[2024-11-24T09:02:44.777+0000] {processor.py:914} INFO - Processing file /home/airflow/.local/lib/python3.12/site-packages/airflow/example_dags/example_branch_labels.py for tasks to queue
[2024-11-24T09:02:44.794+0000] {logging_mixin.py:190} INFO - [2024-11-24T09:02:44.792+0000] {dagbag.py:588} INFO - Filling up the DagBag from /home/airflow/.local/lib/python3.12/site-packages/airflow/example_dags/example_branch_labels.py
[2024-11-24T09:02:44.849+0000] {processor.py:925} INFO - DAG(s) 'example_branch_labels' retrieved from /home/airflow/.local/lib/python3.12/site-packages/airflow/example_dags/example_branch_labels.py
[2024-11-24T09:02:44.952+0000] {logging_mixin.py:190} INFO - [2024-11-24T09:02:44.951+0000] {dag.py:3239} INFO - Sync 1 DAGs
[2024-11-24T09:02:45.098+0000] {logging_mixin.py:190} INFO - [2024-11-24T09:02:45.097+0000] {dag.py:4180} INFO - Setting next_dagrun for example_branch_labels to 2024-11-23 00:00:00+00:00, run_after=2024-11-24 00:00:00+00:00
[2024-11-24T09:02:45.189+0000] {processor.py:208} INFO - Processing /home/airflow/.local/lib/python3.12/site-packages/airflow/example_dags/example_branch_labels.py took 0.446 seconds
[2024-11-24T09:03:23.580+0000] {processor.py:186} INFO - Started process (PID=5388) to work on /home/airflow/.local/lib/python3.12/site-packages/airflow/example_dags/example_branch_labels.py
[2024-11-24T09:03:23.584+0000] {processor.py:914} INFO - Processing file /home/airflow/.local/lib/python3.12/site-packages/airflow/example_dags/example_branch_labels.py for tasks to queue
[2024-11-24T09:03:23.603+0000] {logging_mixin.py:190} INFO - [2024-11-24T09:03:23.602+0000] {dagbag.py:588} INFO - Filling up the DagBag from /home/airflow/.local/lib/python3.12/site-packages/airflow/example_dags/example_branch_labels.py
[2024-11-24T09:03:24.033+0000] {processor.py:925} INFO - DAG(s) 'example_branch_labels' retrieved from /home/airflow/.local/lib/python3.12/site-packages/airflow/example_dags/example_branch_labels.py
[2024-11-24T09:03:24.122+0000] {logging_mixin.py:190} INFO - [2024-11-24T09:03:24.122+0000] {dag.py:3239} INFO - Sync 1 DAGs
[2024-11-24T09:03:24.207+0000] {logging_mixin.py:190} INFO - [2024-11-24T09:03:24.206+0000] {dag.py:4180} INFO - Setting next_dagrun for example_branch_labels to 2024-11-23 00:00:00+00:00, run_after=2024-11-24 00:00:00+00:00
[2024-11-24T09:03:24.347+0000] {processor.py:208} INFO - Processing /home/airflow/.local/lib/python3.12/site-packages/airflow/example_dags/example_branch_labels.py took 0.805 seconds
[2024-11-24T09:03:54.960+0000] {processor.py:186} INFO - Started process (PID=5681) to work on /home/airflow/.local/lib/python3.12/site-packages/airflow/example_dags/example_branch_labels.py
[2024-11-24T09:03:54.962+0000] {processor.py:914} INFO - Processing file /home/airflow/.local/lib/python3.12/site-packages/airflow/example_dags/example_branch_labels.py for tasks to queue
[2024-11-24T09:03:54.967+0000] {logging_mixin.py:190} INFO - [2024-11-24T09:03:54.966+0000] {dagbag.py:588} INFO - Filling up the DagBag from /home/airflow/.local/lib/python3.12/site-packages/airflow/example_dags/example_branch_labels.py
[2024-11-24T09:03:54.985+0000] {processor.py:925} INFO - DAG(s) 'example_branch_labels' retrieved from /home/airflow/.local/lib/python3.12/site-packages/airflow/example_dags/example_branch_labels.py
[2024-11-24T09:03:55.022+0000] {logging_mixin.py:190} INFO - [2024-11-24T09:03:55.022+0000] {dag.py:3239} INFO - Sync 1 DAGs
[2024-11-24T09:03:55.067+0000] {logging_mixin.py:190} INFO - [2024-11-24T09:03:55.067+0000] {dag.py:4180} INFO - Setting next_dagrun for example_branch_labels to 2024-11-23 00:00:00+00:00, run_after=2024-11-24 00:00:00+00:00
[2024-11-24T09:03:55.109+0000] {processor.py:208} INFO - Processing /home/airflow/.local/lib/python3.12/site-packages/airflow/example_dags/example_branch_labels.py took 0.159 seconds
[2024-11-24T09:04:25.408+0000] {processor.py:186} INFO - Started process (PID=5972) to work on /home/airflow/.local/lib/python3.12/site-packages/airflow/example_dags/example_branch_labels.py
[2024-11-24T09:04:25.412+0000] {processor.py:914} INFO - Processing file /home/airflow/.local/lib/python3.12/site-packages/airflow/example_dags/example_branch_labels.py for tasks to queue
[2024-11-24T09:04:25.426+0000] {logging_mixin.py:190} INFO - [2024-11-24T09:04:25.424+0000] {dagbag.py:588} INFO - Filling up the DagBag from /home/airflow/.local/lib/python3.12/site-packages/airflow/example_dags/example_branch_labels.py
[2024-11-24T09:04:25.456+0000] {processor.py:925} INFO - DAG(s) 'example_branch_labels' retrieved from /home/airflow/.local/lib/python3.12/site-packages/airflow/example_dags/example_branch_labels.py
[2024-11-24T09:04:25.521+0000] {logging_mixin.py:190} INFO - [2024-11-24T09:04:25.520+0000] {dag.py:3239} INFO - Sync 1 DAGs
[2024-11-24T09:04:25.592+0000] {logging_mixin.py:190} INFO - [2024-11-24T09:04:25.590+0000] {dag.py:4180} INFO - Setting next_dagrun for example_branch_labels to 2024-11-23 00:00:00+00:00, run_after=2024-11-24 00:00:00+00:00
[2024-11-24T09:04:25.666+0000] {processor.py:208} INFO - Processing /home/airflow/.local/lib/python3.12/site-packages/airflow/example_dags/example_branch_labels.py took 0.291 seconds
[2024-11-24T09:04:57.183+0000] {processor.py:186} INFO - Started process (PID=6231) to work on /home/airflow/.local/lib/python3.12/site-packages/airflow/example_dags/example_branch_labels.py
[2024-11-24T09:04:57.185+0000] {processor.py:914} INFO - Processing file /home/airflow/.local/lib/python3.12/site-packages/airflow/example_dags/example_branch_labels.py for tasks to queue
[2024-11-24T09:04:57.192+0000] {logging_mixin.py:190} INFO - [2024-11-24T09:04:57.192+0000] {dagbag.py:588} INFO - Filling up the DagBag from /home/airflow/.local/lib/python3.12/site-packages/airflow/example_dags/example_branch_labels.py
[2024-11-24T09:04:57.223+0000] {processor.py:925} INFO - DAG(s) 'example_branch_labels' retrieved from /home/airflow/.local/lib/python3.12/site-packages/airflow/example_dags/example_branch_labels.py
[2024-11-24T09:04:57.279+0000] {logging_mixin.py:190} INFO - [2024-11-24T09:04:57.279+0000] {dag.py:3239} INFO - Sync 1 DAGs
[2024-11-24T09:04:57.351+0000] {logging_mixin.py:190} INFO - [2024-11-24T09:04:57.351+0000] {dag.py:4180} INFO - Setting next_dagrun for example_branch_labels to 2024-11-23 00:00:00+00:00, run_after=2024-11-24 00:00:00+00:00
[2024-11-24T09:04:57.399+0000] {processor.py:208} INFO - Processing /home/airflow/.local/lib/python3.12/site-packages/airflow/example_dags/example_branch_labels.py took 0.235 seconds
[2024-11-24T09:05:32.450+0000] {processor.py:186} INFO - Started process (PID=6522) to work on /home/airflow/.local/lib/python3.12/site-packages/airflow/example_dags/example_branch_labels.py
[2024-11-24T09:05:32.453+0000] {processor.py:914} INFO - Processing file /home/airflow/.local/lib/python3.12/site-packages/airflow/example_dags/example_branch_labels.py for tasks to queue
[2024-11-24T09:05:32.460+0000] {logging_mixin.py:190} INFO - [2024-11-24T09:05:32.459+0000] {dagbag.py:588} INFO - Filling up the DagBag from /home/airflow/.local/lib/python3.12/site-packages/airflow/example_dags/example_branch_labels.py
[2024-11-24T09:05:32.489+0000] {processor.py:925} INFO - DAG(s) 'example_branch_labels' retrieved from /home/airflow/.local/lib/python3.12/site-packages/airflow/example_dags/example_branch_labels.py
[2024-11-24T09:05:32.562+0000] {logging_mixin.py:190} INFO - [2024-11-24T09:05:32.561+0000] {dag.py:3239} INFO - Sync 1 DAGs
[2024-11-24T09:05:32.741+0000] {logging_mixin.py:190} INFO - [2024-11-24T09:05:32.740+0000] {dag.py:4180} INFO - Setting next_dagrun for example_branch_labels to 2024-11-23 00:00:00+00:00, run_after=2024-11-24 00:00:00+00:00
[2024-11-24T09:05:32.849+0000] {processor.py:208} INFO - Processing /home/airflow/.local/lib/python3.12/site-packages/airflow/example_dags/example_branch_labels.py took 0.415 seconds
[2024-11-24T09:06:03.945+0000] {processor.py:186} INFO - Started process (PID=6793) to work on /home/airflow/.local/lib/python3.12/site-packages/airflow/example_dags/example_branch_labels.py
[2024-11-24T09:06:03.948+0000] {processor.py:914} INFO - Processing file /home/airflow/.local/lib/python3.12/site-packages/airflow/example_dags/example_branch_labels.py for tasks to queue
[2024-11-24T09:06:03.962+0000] {logging_mixin.py:190} INFO - [2024-11-24T09:06:03.961+0000] {dagbag.py:588} INFO - Filling up the DagBag from /home/airflow/.local/lib/python3.12/site-packages/airflow/example_dags/example_branch_labels.py
[2024-11-24T09:06:04.010+0000] {processor.py:925} INFO - DAG(s) 'example_branch_labels' retrieved from /home/airflow/.local/lib/python3.12/site-packages/airflow/example_dags/example_branch_labels.py
[2024-11-24T09:06:04.143+0000] {logging_mixin.py:190} INFO - [2024-11-24T09:06:04.142+0000] {dag.py:3239} INFO - Sync 1 DAGs
[2024-11-24T09:06:04.215+0000] {logging_mixin.py:190} INFO - [2024-11-24T09:06:04.214+0000] {dag.py:4180} INFO - Setting next_dagrun for example_branch_labels to 2024-11-23 00:00:00+00:00, run_after=2024-11-24 00:00:00+00:00
[2024-11-24T09:06:04.260+0000] {processor.py:208} INFO - Processing /home/airflow/.local/lib/python3.12/site-packages/airflow/example_dags/example_branch_labels.py took 0.333 seconds
