[2024-11-24T08:43:01.404+0000] {processor.py:186} INFO - Started process (PID=348) to work on /home/airflow/.local/lib/python3.12/site-packages/airflow/example_dags/example_short_circuit_operator.py
[2024-11-24T08:43:01.406+0000] {processor.py:914} INFO - Processing file /home/airflow/.local/lib/python3.12/site-packages/airflow/example_dags/example_short_circuit_operator.py for tasks to queue
[2024-11-24T08:43:01.410+0000] {logging_mixin.py:190} INFO - [2024-11-24T08:43:01.409+0000] {dagbag.py:588} INFO - Filling up the DagBag from /home/airflow/.local/lib/python3.12/site-packages/airflow/example_dags/example_short_circuit_operator.py
[2024-11-24T08:43:01.423+0000] {processor.py:925} INFO - DAG(s) 'example_short_circuit_operator' retrieved from /home/airflow/.local/lib/python3.12/site-packages/airflow/example_dags/example_short_circuit_operator.py
[2024-11-24T08:43:01.585+0000] {logging_mixin.py:190} INFO - [2024-11-24T08:43:01.584+0000] {override.py:1911} INFO - Created Permission View: can read on DAG:example_short_circuit_operator
[2024-11-24T08:43:01.599+0000] {logging_mixin.py:190} INFO - [2024-11-24T08:43:01.598+0000] {override.py:1911} INFO - Created Permission View: can edit on DAG:example_short_circuit_operator
[2024-11-24T08:43:01.613+0000] {logging_mixin.py:190} INFO - [2024-11-24T08:43:01.613+0000] {override.py:1911} INFO - Created Permission View: can delete on DAG:example_short_circuit_operator
[2024-11-24T08:43:01.626+0000] {logging_mixin.py:190} INFO - [2024-11-24T08:43:01.625+0000] {override.py:1911} INFO - Created Permission View: can read on DAG Run:example_short_circuit_operator
[2024-11-24T08:43:01.640+0000] {logging_mixin.py:190} INFO - [2024-11-24T08:43:01.639+0000] {override.py:1911} INFO - Created Permission View: can delete on DAG Run:example_short_circuit_operator
[2024-11-24T08:43:01.657+0000] {logging_mixin.py:190} INFO - [2024-11-24T08:43:01.657+0000] {override.py:1911} INFO - Created Permission View: can create on DAG Run:example_short_circuit_operator
[2024-11-24T08:43:01.671+0000] {logging_mixin.py:190} INFO - [2024-11-24T08:43:01.670+0000] {override.py:1911} INFO - Created Permission View: menu access on DAG Run:example_short_circuit_operator
[2024-11-24T08:43:01.672+0000] {logging_mixin.py:190} INFO - [2024-11-24T08:43:01.672+0000] {dag.py:3239} INFO - Sync 1 DAGs
[2024-11-24T08:43:01.708+0000] {logging_mixin.py:190} INFO - [2024-11-24T08:43:01.707+0000] {dag.py:3262} INFO - Creating ORM DAG for example_short_circuit_operator
[2024-11-24T08:43:01.711+0000] {logging_mixin.py:190} INFO - [2024-11-24T08:43:01.711+0000] {dag.py:4180} INFO - Setting next_dagrun for example_short_circuit_operator to None, run_after=None
[2024-11-24T08:43:01.754+0000] {processor.py:208} INFO - Processing /home/airflow/.local/lib/python3.12/site-packages/airflow/example_dags/example_short_circuit_operator.py took 0.361 seconds
[2024-11-24T08:43:32.358+0000] {processor.py:186} INFO - Started process (PID=639) to work on /home/airflow/.local/lib/python3.12/site-packages/airflow/example_dags/example_short_circuit_operator.py
[2024-11-24T08:43:32.360+0000] {processor.py:914} INFO - Processing file /home/airflow/.local/lib/python3.12/site-packages/airflow/example_dags/example_short_circuit_operator.py for tasks to queue
[2024-11-24T08:43:32.363+0000] {logging_mixin.py:190} INFO - [2024-11-24T08:43:32.363+0000] {dagbag.py:588} INFO - Filling up the DagBag from /home/airflow/.local/lib/python3.12/site-packages/airflow/example_dags/example_short_circuit_operator.py
[2024-11-24T08:43:32.378+0000] {processor.py:925} INFO - DAG(s) 'example_short_circuit_operator' retrieved from /home/airflow/.local/lib/python3.12/site-packages/airflow/example_dags/example_short_circuit_operator.py
[2024-11-24T08:43:32.421+0000] {logging_mixin.py:190} INFO - [2024-11-24T08:43:32.421+0000] {dag.py:3239} INFO - Sync 1 DAGs
[2024-11-24T08:43:32.451+0000] {logging_mixin.py:190} INFO - [2024-11-24T08:43:32.451+0000] {dag.py:4180} INFO - Setting next_dagrun for example_short_circuit_operator to None, run_after=None
[2024-11-24T08:43:32.490+0000] {processor.py:208} INFO - Processing /home/airflow/.local/lib/python3.12/site-packages/airflow/example_dags/example_short_circuit_operator.py took 0.140 seconds
[2024-11-24T08:44:03.463+0000] {processor.py:186} INFO - Started process (PID=930) to work on /home/airflow/.local/lib/python3.12/site-packages/airflow/example_dags/example_short_circuit_operator.py
[2024-11-24T08:44:03.466+0000] {processor.py:914} INFO - Processing file /home/airflow/.local/lib/python3.12/site-packages/airflow/example_dags/example_short_circuit_operator.py for tasks to queue
[2024-11-24T08:44:03.469+0000] {logging_mixin.py:190} INFO - [2024-11-24T08:44:03.468+0000] {dagbag.py:588} INFO - Filling up the DagBag from /home/airflow/.local/lib/python3.12/site-packages/airflow/example_dags/example_short_circuit_operator.py
[2024-11-24T08:44:03.477+0000] {processor.py:925} INFO - DAG(s) 'example_short_circuit_operator' retrieved from /home/airflow/.local/lib/python3.12/site-packages/airflow/example_dags/example_short_circuit_operator.py
[2024-11-24T08:44:03.502+0000] {logging_mixin.py:190} INFO - [2024-11-24T08:44:03.502+0000] {dag.py:3239} INFO - Sync 1 DAGs
[2024-11-24T08:44:03.518+0000] {logging_mixin.py:190} INFO - [2024-11-24T08:44:03.518+0000] {dag.py:4180} INFO - Setting next_dagrun for example_short_circuit_operator to None, run_after=None
[2024-11-24T08:44:03.562+0000] {processor.py:208} INFO - Processing /home/airflow/.local/lib/python3.12/site-packages/airflow/example_dags/example_short_circuit_operator.py took 0.108 seconds
[2024-11-24T08:44:33.959+0000] {processor.py:186} INFO - Started process (PID=1218) to work on /home/airflow/.local/lib/python3.12/site-packages/airflow/example_dags/example_short_circuit_operator.py
[2024-11-24T08:44:33.961+0000] {processor.py:914} INFO - Processing file /home/airflow/.local/lib/python3.12/site-packages/airflow/example_dags/example_short_circuit_operator.py for tasks to queue
[2024-11-24T08:44:33.964+0000] {logging_mixin.py:190} INFO - [2024-11-24T08:44:33.964+0000] {dagbag.py:588} INFO - Filling up the DagBag from /home/airflow/.local/lib/python3.12/site-packages/airflow/example_dags/example_short_circuit_operator.py
[2024-11-24T08:44:33.972+0000] {processor.py:925} INFO - DAG(s) 'example_short_circuit_operator' retrieved from /home/airflow/.local/lib/python3.12/site-packages/airflow/example_dags/example_short_circuit_operator.py
[2024-11-24T08:44:33.998+0000] {logging_mixin.py:190} INFO - [2024-11-24T08:44:33.998+0000] {dag.py:3239} INFO - Sync 1 DAGs
[2024-11-24T08:44:34.014+0000] {logging_mixin.py:190} INFO - [2024-11-24T08:44:34.014+0000] {dag.py:4180} INFO - Setting next_dagrun for example_short_circuit_operator to None, run_after=None
[2024-11-24T08:44:34.036+0000] {processor.py:208} INFO - Processing /home/airflow/.local/lib/python3.12/site-packages/airflow/example_dags/example_short_circuit_operator.py took 0.084 seconds
[2024-11-24T08:45:04.245+0000] {processor.py:186} INFO - Started process (PID=1509) to work on /home/airflow/.local/lib/python3.12/site-packages/airflow/example_dags/example_short_circuit_operator.py
[2024-11-24T08:45:04.247+0000] {processor.py:914} INFO - Processing file /home/airflow/.local/lib/python3.12/site-packages/airflow/example_dags/example_short_circuit_operator.py for tasks to queue
[2024-11-24T08:45:04.250+0000] {logging_mixin.py:190} INFO - [2024-11-24T08:45:04.249+0000] {dagbag.py:588} INFO - Filling up the DagBag from /home/airflow/.local/lib/python3.12/site-packages/airflow/example_dags/example_short_circuit_operator.py
[2024-11-24T08:45:04.262+0000] {processor.py:925} INFO - DAG(s) 'example_short_circuit_operator' retrieved from /home/airflow/.local/lib/python3.12/site-packages/airflow/example_dags/example_short_circuit_operator.py
[2024-11-24T08:45:04.287+0000] {logging_mixin.py:190} INFO - [2024-11-24T08:45:04.287+0000] {dag.py:3239} INFO - Sync 1 DAGs
[2024-11-24T08:45:04.300+0000] {logging_mixin.py:190} INFO - [2024-11-24T08:45:04.300+0000] {dag.py:4180} INFO - Setting next_dagrun for example_short_circuit_operator to None, run_after=None
[2024-11-24T08:45:04.321+0000] {processor.py:208} INFO - Processing /home/airflow/.local/lib/python3.12/site-packages/airflow/example_dags/example_short_circuit_operator.py took 0.082 seconds
[2024-11-24T08:45:35.814+0000] {processor.py:186} INFO - Started process (PID=1798) to work on /home/airflow/.local/lib/python3.12/site-packages/airflow/example_dags/example_short_circuit_operator.py
[2024-11-24T08:45:35.816+0000] {processor.py:914} INFO - Processing file /home/airflow/.local/lib/python3.12/site-packages/airflow/example_dags/example_short_circuit_operator.py for tasks to queue
[2024-11-24T08:45:35.823+0000] {logging_mixin.py:190} INFO - [2024-11-24T08:45:35.823+0000] {dagbag.py:588} INFO - Filling up the DagBag from /home/airflow/.local/lib/python3.12/site-packages/airflow/example_dags/example_short_circuit_operator.py
[2024-11-24T08:45:35.856+0000] {processor.py:925} INFO - DAG(s) 'example_short_circuit_operator' retrieved from /home/airflow/.local/lib/python3.12/site-packages/airflow/example_dags/example_short_circuit_operator.py
[2024-11-24T08:45:35.926+0000] {logging_mixin.py:190} INFO - [2024-11-24T08:45:35.926+0000] {dag.py:3239} INFO - Sync 1 DAGs
[2024-11-24T08:45:35.975+0000] {logging_mixin.py:190} INFO - [2024-11-24T08:45:35.969+0000] {dag.py:4180} INFO - Setting next_dagrun for example_short_circuit_operator to None, run_after=None
[2024-11-24T08:45:36.029+0000] {processor.py:208} INFO - Processing /home/airflow/.local/lib/python3.12/site-packages/airflow/example_dags/example_short_circuit_operator.py took 0.231 seconds
[2024-11-24T08:46:06.675+0000] {processor.py:186} INFO - Started process (PID=2091) to work on /home/airflow/.local/lib/python3.12/site-packages/airflow/example_dags/example_short_circuit_operator.py
[2024-11-24T08:46:06.676+0000] {processor.py:914} INFO - Processing file /home/airflow/.local/lib/python3.12/site-packages/airflow/example_dags/example_short_circuit_operator.py for tasks to queue
[2024-11-24T08:46:06.680+0000] {logging_mixin.py:190} INFO - [2024-11-24T08:46:06.679+0000] {dagbag.py:588} INFO - Filling up the DagBag from /home/airflow/.local/lib/python3.12/site-packages/airflow/example_dags/example_short_circuit_operator.py
[2024-11-24T08:46:06.688+0000] {processor.py:925} INFO - DAG(s) 'example_short_circuit_operator' retrieved from /home/airflow/.local/lib/python3.12/site-packages/airflow/example_dags/example_short_circuit_operator.py
[2024-11-24T08:46:06.713+0000] {logging_mixin.py:190} INFO - [2024-11-24T08:46:06.713+0000] {dag.py:3239} INFO - Sync 1 DAGs
[2024-11-24T08:46:06.729+0000] {logging_mixin.py:190} INFO - [2024-11-24T08:46:06.728+0000] {dag.py:4180} INFO - Setting next_dagrun for example_short_circuit_operator to None, run_after=None
[2024-11-24T08:46:06.755+0000] {processor.py:208} INFO - Processing /home/airflow/.local/lib/python3.12/site-packages/airflow/example_dags/example_short_circuit_operator.py took 0.088 seconds
[2024-11-24T08:46:38.699+0000] {processor.py:186} INFO - Started process (PID=2380) to work on /home/airflow/.local/lib/python3.12/site-packages/airflow/example_dags/example_short_circuit_operator.py
[2024-11-24T08:46:38.702+0000] {processor.py:914} INFO - Processing file /home/airflow/.local/lib/python3.12/site-packages/airflow/example_dags/example_short_circuit_operator.py for tasks to queue
[2024-11-24T08:46:38.706+0000] {logging_mixin.py:190} INFO - [2024-11-24T08:46:38.705+0000] {dagbag.py:588} INFO - Filling up the DagBag from /home/airflow/.local/lib/python3.12/site-packages/airflow/example_dags/example_short_circuit_operator.py
[2024-11-24T08:46:38.722+0000] {processor.py:925} INFO - DAG(s) 'example_short_circuit_operator' retrieved from /home/airflow/.local/lib/python3.12/site-packages/airflow/example_dags/example_short_circuit_operator.py
[2024-11-24T08:46:38.758+0000] {logging_mixin.py:190} INFO - [2024-11-24T08:46:38.758+0000] {dag.py:3239} INFO - Sync 1 DAGs
[2024-11-24T08:46:38.778+0000] {logging_mixin.py:190} INFO - [2024-11-24T08:46:38.778+0000] {dag.py:4180} INFO - Setting next_dagrun for example_short_circuit_operator to None, run_after=None
[2024-11-24T08:46:38.808+0000] {processor.py:208} INFO - Processing /home/airflow/.local/lib/python3.12/site-packages/airflow/example_dags/example_short_circuit_operator.py took 0.119 seconds
[2024-11-24T08:47:10.483+0000] {processor.py:186} INFO - Started process (PID=2676) to work on /home/airflow/.local/lib/python3.12/site-packages/airflow/example_dags/example_short_circuit_operator.py
[2024-11-24T08:47:10.485+0000] {processor.py:914} INFO - Processing file /home/airflow/.local/lib/python3.12/site-packages/airflow/example_dags/example_short_circuit_operator.py for tasks to queue
[2024-11-24T08:47:10.488+0000] {logging_mixin.py:190} INFO - [2024-11-24T08:47:10.488+0000] {dagbag.py:588} INFO - Filling up the DagBag from /home/airflow/.local/lib/python3.12/site-packages/airflow/example_dags/example_short_circuit_operator.py
[2024-11-24T08:47:10.500+0000] {processor.py:925} INFO - DAG(s) 'example_short_circuit_operator' retrieved from /home/airflow/.local/lib/python3.12/site-packages/airflow/example_dags/example_short_circuit_operator.py
[2024-11-24T08:47:10.534+0000] {logging_mixin.py:190} INFO - [2024-11-24T08:47:10.534+0000] {dag.py:3239} INFO - Sync 1 DAGs
[2024-11-24T08:47:10.556+0000] {logging_mixin.py:190} INFO - [2024-11-24T08:47:10.556+0000] {dag.py:4180} INFO - Setting next_dagrun for example_short_circuit_operator to None, run_after=None
[2024-11-24T08:47:10.585+0000] {processor.py:208} INFO - Processing /home/airflow/.local/lib/python3.12/site-packages/airflow/example_dags/example_short_circuit_operator.py took 0.112 seconds
[2024-11-24T08:47:42.402+0000] {processor.py:186} INFO - Started process (PID=2967) to work on /home/airflow/.local/lib/python3.12/site-packages/airflow/example_dags/example_short_circuit_operator.py
[2024-11-24T08:47:42.404+0000] {processor.py:914} INFO - Processing file /home/airflow/.local/lib/python3.12/site-packages/airflow/example_dags/example_short_circuit_operator.py for tasks to queue
[2024-11-24T08:47:42.412+0000] {logging_mixin.py:190} INFO - [2024-11-24T08:47:42.412+0000] {dagbag.py:588} INFO - Filling up the DagBag from /home/airflow/.local/lib/python3.12/site-packages/airflow/example_dags/example_short_circuit_operator.py
[2024-11-24T08:47:42.433+0000] {processor.py:925} INFO - DAG(s) 'example_short_circuit_operator' retrieved from /home/airflow/.local/lib/python3.12/site-packages/airflow/example_dags/example_short_circuit_operator.py
[2024-11-24T08:47:42.478+0000] {logging_mixin.py:190} INFO - [2024-11-24T08:47:42.477+0000] {dag.py:3239} INFO - Sync 1 DAGs
[2024-11-24T08:47:42.504+0000] {logging_mixin.py:190} INFO - [2024-11-24T08:47:42.503+0000] {dag.py:4180} INFO - Setting next_dagrun for example_short_circuit_operator to None, run_after=None
[2024-11-24T08:47:42.538+0000] {processor.py:208} INFO - Processing /home/airflow/.local/lib/python3.12/site-packages/airflow/example_dags/example_short_circuit_operator.py took 0.145 seconds
[2024-11-24T08:48:13.347+0000] {processor.py:186} INFO - Started process (PID=3253) to work on /home/airflow/.local/lib/python3.12/site-packages/airflow/example_dags/example_short_circuit_operator.py
[2024-11-24T08:48:13.349+0000] {processor.py:914} INFO - Processing file /home/airflow/.local/lib/python3.12/site-packages/airflow/example_dags/example_short_circuit_operator.py for tasks to queue
[2024-11-24T08:48:13.352+0000] {logging_mixin.py:190} INFO - [2024-11-24T08:48:13.352+0000] {dagbag.py:588} INFO - Filling up the DagBag from /home/airflow/.local/lib/python3.12/site-packages/airflow/example_dags/example_short_circuit_operator.py
[2024-11-24T08:48:13.371+0000] {processor.py:925} INFO - DAG(s) 'example_short_circuit_operator' retrieved from /home/airflow/.local/lib/python3.12/site-packages/airflow/example_dags/example_short_circuit_operator.py
[2024-11-24T08:48:13.411+0000] {logging_mixin.py:190} INFO - [2024-11-24T08:48:13.410+0000] {dag.py:3239} INFO - Sync 1 DAGs
[2024-11-24T08:48:13.439+0000] {logging_mixin.py:190} INFO - [2024-11-24T08:48:13.438+0000] {dag.py:4180} INFO - Setting next_dagrun for example_short_circuit_operator to None, run_after=None
[2024-11-24T08:48:13.475+0000] {processor.py:208} INFO - Processing /home/airflow/.local/lib/python3.12/site-packages/airflow/example_dags/example_short_circuit_operator.py took 0.139 seconds
[2024-11-24T08:48:45.420+0000] {processor.py:186} INFO - Started process (PID=3549) to work on /home/airflow/.local/lib/python3.12/site-packages/airflow/example_dags/example_short_circuit_operator.py
[2024-11-24T08:48:45.422+0000] {processor.py:914} INFO - Processing file /home/airflow/.local/lib/python3.12/site-packages/airflow/example_dags/example_short_circuit_operator.py for tasks to queue
[2024-11-24T08:48:45.427+0000] {logging_mixin.py:190} INFO - [2024-11-24T08:48:45.426+0000] {dagbag.py:588} INFO - Filling up the DagBag from /home/airflow/.local/lib/python3.12/site-packages/airflow/example_dags/example_short_circuit_operator.py
[2024-11-24T08:48:45.467+0000] {processor.py:925} INFO - DAG(s) 'example_short_circuit_operator' retrieved from /home/airflow/.local/lib/python3.12/site-packages/airflow/example_dags/example_short_circuit_operator.py
[2024-11-24T08:48:45.549+0000] {logging_mixin.py:190} INFO - [2024-11-24T08:48:45.548+0000] {dag.py:3239} INFO - Sync 1 DAGs
[2024-11-24T08:48:45.577+0000] {logging_mixin.py:190} INFO - [2024-11-24T08:48:45.577+0000] {dag.py:4180} INFO - Setting next_dagrun for example_short_circuit_operator to None, run_after=None
[2024-11-24T08:48:45.613+0000] {processor.py:208} INFO - Processing /home/airflow/.local/lib/python3.12/site-packages/airflow/example_dags/example_short_circuit_operator.py took 0.208 seconds
[2024-11-24T08:49:16.610+0000] {processor.py:186} INFO - Started process (PID=3840) to work on /home/airflow/.local/lib/python3.12/site-packages/airflow/example_dags/example_short_circuit_operator.py
[2024-11-24T08:49:16.612+0000] {processor.py:914} INFO - Processing file /home/airflow/.local/lib/python3.12/site-packages/airflow/example_dags/example_short_circuit_operator.py for tasks to queue
[2024-11-24T08:49:16.615+0000] {logging_mixin.py:190} INFO - [2024-11-24T08:49:16.615+0000] {dagbag.py:588} INFO - Filling up the DagBag from /home/airflow/.local/lib/python3.12/site-packages/airflow/example_dags/example_short_circuit_operator.py
[2024-11-24T08:49:16.630+0000] {processor.py:925} INFO - DAG(s) 'example_short_circuit_operator' retrieved from /home/airflow/.local/lib/python3.12/site-packages/airflow/example_dags/example_short_circuit_operator.py
[2024-11-24T08:49:16.670+0000] {logging_mixin.py:190} INFO - [2024-11-24T08:49:16.670+0000] {dag.py:3239} INFO - Sync 1 DAGs
[2024-11-24T08:49:16.695+0000] {logging_mixin.py:190} INFO - [2024-11-24T08:49:16.695+0000] {dag.py:4180} INFO - Setting next_dagrun for example_short_circuit_operator to None, run_after=None
[2024-11-24T08:49:16.727+0000] {processor.py:208} INFO - Processing /home/airflow/.local/lib/python3.12/site-packages/airflow/example_dags/example_short_circuit_operator.py took 0.129 seconds
[2024-11-24T08:49:48.309+0000] {processor.py:186} INFO - Started process (PID=4131) to work on /home/airflow/.local/lib/python3.12/site-packages/airflow/example_dags/example_short_circuit_operator.py
[2024-11-24T08:49:48.311+0000] {processor.py:914} INFO - Processing file /home/airflow/.local/lib/python3.12/site-packages/airflow/example_dags/example_short_circuit_operator.py for tasks to queue
[2024-11-24T08:49:48.316+0000] {logging_mixin.py:190} INFO - [2024-11-24T08:49:48.315+0000] {dagbag.py:588} INFO - Filling up the DagBag from /home/airflow/.local/lib/python3.12/site-packages/airflow/example_dags/example_short_circuit_operator.py
[2024-11-24T08:49:48.331+0000] {processor.py:925} INFO - DAG(s) 'example_short_circuit_operator' retrieved from /home/airflow/.local/lib/python3.12/site-packages/airflow/example_dags/example_short_circuit_operator.py
[2024-11-24T08:49:48.371+0000] {logging_mixin.py:190} INFO - [2024-11-24T08:49:48.370+0000] {dag.py:3239} INFO - Sync 1 DAGs
[2024-11-24T08:49:48.395+0000] {logging_mixin.py:190} INFO - [2024-11-24T08:49:48.395+0000] {dag.py:4180} INFO - Setting next_dagrun for example_short_circuit_operator to None, run_after=None
[2024-11-24T08:49:48.425+0000] {processor.py:208} INFO - Processing /home/airflow/.local/lib/python3.12/site-packages/airflow/example_dags/example_short_circuit_operator.py took 0.127 seconds
[2024-11-24T08:50:23.140+0000] {processor.py:186} INFO - Started process (PID=4428) to work on /home/airflow/.local/lib/python3.12/site-packages/airflow/example_dags/example_short_circuit_operator.py
[2024-11-24T08:50:23.142+0000] {processor.py:914} INFO - Processing file /home/airflow/.local/lib/python3.12/site-packages/airflow/example_dags/example_short_circuit_operator.py for tasks to queue
[2024-11-24T08:50:23.148+0000] {logging_mixin.py:190} INFO - [2024-11-24T08:50:23.147+0000] {dagbag.py:588} INFO - Filling up the DagBag from /home/airflow/.local/lib/python3.12/site-packages/airflow/example_dags/example_short_circuit_operator.py
[2024-11-24T08:50:23.168+0000] {processor.py:925} INFO - DAG(s) 'example_short_circuit_operator' retrieved from /home/airflow/.local/lib/python3.12/site-packages/airflow/example_dags/example_short_circuit_operator.py
[2024-11-24T08:50:23.218+0000] {logging_mixin.py:190} INFO - [2024-11-24T08:50:23.218+0000] {dag.py:3239} INFO - Sync 1 DAGs
[2024-11-24T08:50:23.248+0000] {logging_mixin.py:190} INFO - [2024-11-24T08:50:23.247+0000] {dag.py:4180} INFO - Setting next_dagrun for example_short_circuit_operator to None, run_after=None
[2024-11-24T08:50:23.283+0000] {processor.py:208} INFO - Processing /home/airflow/.local/lib/python3.12/site-packages/airflow/example_dags/example_short_circuit_operator.py took 0.159 seconds
[2024-11-24T08:50:58.139+0000] {processor.py:186} INFO - Started process (PID=4719) to work on /home/airflow/.local/lib/python3.12/site-packages/airflow/example_dags/example_short_circuit_operator.py
[2024-11-24T08:50:58.144+0000] {processor.py:914} INFO - Processing file /home/airflow/.local/lib/python3.12/site-packages/airflow/example_dags/example_short_circuit_operator.py for tasks to queue
[2024-11-24T08:50:58.154+0000] {logging_mixin.py:190} INFO - [2024-11-24T08:50:58.153+0000] {dagbag.py:588} INFO - Filling up the DagBag from /home/airflow/.local/lib/python3.12/site-packages/airflow/example_dags/example_short_circuit_operator.py
[2024-11-24T08:50:58.196+0000] {processor.py:925} INFO - DAG(s) 'example_short_circuit_operator' retrieved from /home/airflow/.local/lib/python3.12/site-packages/airflow/example_dags/example_short_circuit_operator.py
[2024-11-24T08:50:58.271+0000] {logging_mixin.py:190} INFO - [2024-11-24T08:50:58.270+0000] {dag.py:3239} INFO - Sync 1 DAGs
[2024-11-24T08:50:58.321+0000] {logging_mixin.py:190} INFO - [2024-11-24T08:50:58.321+0000] {dag.py:4180} INFO - Setting next_dagrun for example_short_circuit_operator to None, run_after=None
[2024-11-24T08:50:58.379+0000] {processor.py:208} INFO - Processing /home/airflow/.local/lib/python3.12/site-packages/airflow/example_dags/example_short_circuit_operator.py took 0.270 seconds
[2024-11-24T08:51:29.314+0000] {processor.py:186} INFO - Started process (PID=5009) to work on /home/airflow/.local/lib/python3.12/site-packages/airflow/example_dags/example_short_circuit_operator.py
[2024-11-24T08:51:29.316+0000] {processor.py:914} INFO - Processing file /home/airflow/.local/lib/python3.12/site-packages/airflow/example_dags/example_short_circuit_operator.py for tasks to queue
[2024-11-24T08:51:29.320+0000] {logging_mixin.py:190} INFO - [2024-11-24T08:51:29.320+0000] {dagbag.py:588} INFO - Filling up the DagBag from /home/airflow/.local/lib/python3.12/site-packages/airflow/example_dags/example_short_circuit_operator.py
[2024-11-24T08:51:29.332+0000] {processor.py:925} INFO - DAG(s) 'example_short_circuit_operator' retrieved from /home/airflow/.local/lib/python3.12/site-packages/airflow/example_dags/example_short_circuit_operator.py
[2024-11-24T08:51:29.361+0000] {logging_mixin.py:190} INFO - [2024-11-24T08:51:29.361+0000] {dag.py:3239} INFO - Sync 1 DAGs
[2024-11-24T08:51:29.379+0000] {logging_mixin.py:190} INFO - [2024-11-24T08:51:29.378+0000] {dag.py:4180} INFO - Setting next_dagrun for example_short_circuit_operator to None, run_after=None
[2024-11-24T08:51:29.418+0000] {processor.py:208} INFO - Processing /home/airflow/.local/lib/python3.12/site-packages/airflow/example_dags/example_short_circuit_operator.py took 0.115 seconds
[2024-11-24T08:51:59.722+0000] {processor.py:186} INFO - Started process (PID=5297) to work on /home/airflow/.local/lib/python3.12/site-packages/airflow/example_dags/example_short_circuit_operator.py
[2024-11-24T08:51:59.724+0000] {processor.py:914} INFO - Processing file /home/airflow/.local/lib/python3.12/site-packages/airflow/example_dags/example_short_circuit_operator.py for tasks to queue
[2024-11-24T08:51:59.729+0000] {logging_mixin.py:190} INFO - [2024-11-24T08:51:59.728+0000] {dagbag.py:588} INFO - Filling up the DagBag from /home/airflow/.local/lib/python3.12/site-packages/airflow/example_dags/example_short_circuit_operator.py
[2024-11-24T08:51:59.737+0000] {processor.py:925} INFO - DAG(s) 'example_short_circuit_operator' retrieved from /home/airflow/.local/lib/python3.12/site-packages/airflow/example_dags/example_short_circuit_operator.py
[2024-11-24T08:51:59.770+0000] {logging_mixin.py:190} INFO - [2024-11-24T08:51:59.769+0000] {dag.py:3239} INFO - Sync 1 DAGs
[2024-11-24T08:51:59.785+0000] {logging_mixin.py:190} INFO - [2024-11-24T08:51:59.785+0000] {dag.py:4180} INFO - Setting next_dagrun for example_short_circuit_operator to None, run_after=None
[2024-11-24T08:51:59.809+0000] {processor.py:208} INFO - Processing /home/airflow/.local/lib/python3.12/site-packages/airflow/example_dags/example_short_circuit_operator.py took 0.097 seconds
