[2024-11-24T08:43:00.303+0000] {processor.py:186} INFO - Started process (PID=333) to work on /home/airflow/.local/lib/python3.12/site-packages/airflow/example_dags/example_task_group_decorator.py
[2024-11-24T08:43:00.305+0000] {processor.py:914} INFO - Processing file /home/airflow/.local/lib/python3.12/site-packages/airflow/example_dags/example_task_group_decorator.py for tasks to queue
[2024-11-24T08:43:00.309+0000] {logging_mixin.py:190} INFO - [2024-11-24T08:43:00.308+0000] {dagbag.py:588} INFO - Filling up the DagBag from /home/airflow/.local/lib/python3.12/site-packages/airflow/example_dags/example_task_group_decorator.py
[2024-11-24T08:43:00.341+0000] {processor.py:925} INFO - DAG(s) 'example_task_group_decorator' retrieved from /home/airflow/.local/lib/python3.12/site-packages/airflow/example_dags/example_task_group_decorator.py
[2024-11-24T08:43:00.503+0000] {logging_mixin.py:190} INFO - [2024-11-24T08:43:00.502+0000] {override.py:1911} INFO - Created Permission View: can read on DAG:example_task_group_decorator
[2024-11-24T08:43:00.518+0000] {logging_mixin.py:190} INFO - [2024-11-24T08:43:00.518+0000] {override.py:1911} INFO - Created Permission View: can edit on DAG:example_task_group_decorator
[2024-11-24T08:43:00.529+0000] {logging_mixin.py:190} INFO - [2024-11-24T08:43:00.528+0000] {override.py:1911} INFO - Created Permission View: can delete on DAG:example_task_group_decorator
[2024-11-24T08:43:00.541+0000] {logging_mixin.py:190} INFO - [2024-11-24T08:43:00.541+0000] {override.py:1911} INFO - Created Permission View: can read on DAG Run:example_task_group_decorator
[2024-11-24T08:43:00.551+0000] {logging_mixin.py:190} INFO - [2024-11-24T08:43:00.550+0000] {override.py:1911} INFO - Created Permission View: can delete on DAG Run:example_task_group_decorator
[2024-11-24T08:43:00.560+0000] {logging_mixin.py:190} INFO - [2024-11-24T08:43:00.559+0000] {override.py:1911} INFO - Created Permission View: can create on DAG Run:example_task_group_decorator
[2024-11-24T08:43:00.568+0000] {logging_mixin.py:190} INFO - [2024-11-24T08:43:00.567+0000] {override.py:1911} INFO - Created Permission View: menu access on DAG Run:example_task_group_decorator
[2024-11-24T08:43:00.569+0000] {logging_mixin.py:190} INFO - [2024-11-24T08:43:00.568+0000] {dag.py:3239} INFO - Sync 1 DAGs
[2024-11-24T08:43:00.584+0000] {logging_mixin.py:190} INFO - [2024-11-24T08:43:00.583+0000] {dag.py:3262} INFO - Creating ORM DAG for example_task_group_decorator
[2024-11-24T08:43:00.585+0000] {logging_mixin.py:190} INFO - [2024-11-24T08:43:00.585+0000] {dag.py:4180} INFO - Setting next_dagrun for example_task_group_decorator to None, run_after=None
[2024-11-24T08:43:00.606+0000] {processor.py:208} INFO - Processing /home/airflow/.local/lib/python3.12/site-packages/airflow/example_dags/example_task_group_decorator.py took 0.312 seconds
[2024-11-24T08:43:30.835+0000] {processor.py:186} INFO - Started process (PID=619) to work on /home/airflow/.local/lib/python3.12/site-packages/airflow/example_dags/example_task_group_decorator.py
[2024-11-24T08:43:30.837+0000] {processor.py:914} INFO - Processing file /home/airflow/.local/lib/python3.12/site-packages/airflow/example_dags/example_task_group_decorator.py for tasks to queue
[2024-11-24T08:43:30.840+0000] {logging_mixin.py:190} INFO - [2024-11-24T08:43:30.839+0000] {dagbag.py:588} INFO - Filling up the DagBag from /home/airflow/.local/lib/python3.12/site-packages/airflow/example_dags/example_task_group_decorator.py
[2024-11-24T08:43:30.866+0000] {processor.py:925} INFO - DAG(s) 'example_task_group_decorator' retrieved from /home/airflow/.local/lib/python3.12/site-packages/airflow/example_dags/example_task_group_decorator.py
[2024-11-24T08:43:30.901+0000] {logging_mixin.py:190} INFO - [2024-11-24T08:43:30.900+0000] {dag.py:3239} INFO - Sync 1 DAGs
[2024-11-24T08:43:30.920+0000] {logging_mixin.py:190} INFO - [2024-11-24T08:43:30.920+0000] {dag.py:4180} INFO - Setting next_dagrun for example_task_group_decorator to None, run_after=None
[2024-11-24T08:43:30.945+0000] {processor.py:208} INFO - Processing /home/airflow/.local/lib/python3.12/site-packages/airflow/example_dags/example_task_group_decorator.py took 0.119 seconds
[2024-11-24T08:44:02.025+0000] {processor.py:186} INFO - Started process (PID=912) to work on /home/airflow/.local/lib/python3.12/site-packages/airflow/example_dags/example_task_group_decorator.py
[2024-11-24T08:44:02.026+0000] {processor.py:914} INFO - Processing file /home/airflow/.local/lib/python3.12/site-packages/airflow/example_dags/example_task_group_decorator.py for tasks to queue
[2024-11-24T08:44:02.029+0000] {logging_mixin.py:190} INFO - [2024-11-24T08:44:02.029+0000] {dagbag.py:588} INFO - Filling up the DagBag from /home/airflow/.local/lib/python3.12/site-packages/airflow/example_dags/example_task_group_decorator.py
[2024-11-24T08:44:02.051+0000] {processor.py:925} INFO - DAG(s) 'example_task_group_decorator' retrieved from /home/airflow/.local/lib/python3.12/site-packages/airflow/example_dags/example_task_group_decorator.py
[2024-11-24T08:44:02.092+0000] {logging_mixin.py:190} INFO - [2024-11-24T08:44:02.092+0000] {dag.py:3239} INFO - Sync 1 DAGs
[2024-11-24T08:44:02.113+0000] {logging_mixin.py:190} INFO - [2024-11-24T08:44:02.113+0000] {dag.py:4180} INFO - Setting next_dagrun for example_task_group_decorator to None, run_after=None
[2024-11-24T08:44:02.136+0000] {processor.py:208} INFO - Processing /home/airflow/.local/lib/python3.12/site-packages/airflow/example_dags/example_task_group_decorator.py took 0.117 seconds
[2024-11-24T08:44:32.732+0000] {processor.py:186} INFO - Started process (PID=1201) to work on /home/airflow/.local/lib/python3.12/site-packages/airflow/example_dags/example_task_group_decorator.py
[2024-11-24T08:44:32.733+0000] {processor.py:914} INFO - Processing file /home/airflow/.local/lib/python3.12/site-packages/airflow/example_dags/example_task_group_decorator.py for tasks to queue
[2024-11-24T08:44:32.735+0000] {logging_mixin.py:190} INFO - [2024-11-24T08:44:32.735+0000] {dagbag.py:588} INFO - Filling up the DagBag from /home/airflow/.local/lib/python3.12/site-packages/airflow/example_dags/example_task_group_decorator.py
[2024-11-24T08:44:32.749+0000] {processor.py:925} INFO - DAG(s) 'example_task_group_decorator' retrieved from /home/airflow/.local/lib/python3.12/site-packages/airflow/example_dags/example_task_group_decorator.py
[2024-11-24T08:44:32.772+0000] {logging_mixin.py:190} INFO - [2024-11-24T08:44:32.772+0000] {dag.py:3239} INFO - Sync 1 DAGs
[2024-11-24T08:44:32.786+0000] {logging_mixin.py:190} INFO - [2024-11-24T08:44:32.786+0000] {dag.py:4180} INFO - Setting next_dagrun for example_task_group_decorator to None, run_after=None
[2024-11-24T08:44:32.810+0000] {processor.py:208} INFO - Processing /home/airflow/.local/lib/python3.12/site-packages/airflow/example_dags/example_task_group_decorator.py took 0.084 seconds
[2024-11-24T08:45:03.772+0000] {processor.py:186} INFO - Started process (PID=1492) to work on /home/airflow/.local/lib/python3.12/site-packages/airflow/example_dags/example_task_group_decorator.py
[2024-11-24T08:45:03.773+0000] {processor.py:914} INFO - Processing file /home/airflow/.local/lib/python3.12/site-packages/airflow/example_dags/example_task_group_decorator.py for tasks to queue
[2024-11-24T08:45:03.776+0000] {logging_mixin.py:190} INFO - [2024-11-24T08:45:03.776+0000] {dagbag.py:588} INFO - Filling up the DagBag from /home/airflow/.local/lib/python3.12/site-packages/airflow/example_dags/example_task_group_decorator.py
[2024-11-24T08:45:03.794+0000] {processor.py:925} INFO - DAG(s) 'example_task_group_decorator' retrieved from /home/airflow/.local/lib/python3.12/site-packages/airflow/example_dags/example_task_group_decorator.py
[2024-11-24T08:45:03.821+0000] {logging_mixin.py:190} INFO - [2024-11-24T08:45:03.821+0000] {dag.py:3239} INFO - Sync 1 DAGs
[2024-11-24T08:45:03.835+0000] {logging_mixin.py:190} INFO - [2024-11-24T08:45:03.834+0000] {dag.py:4180} INFO - Setting next_dagrun for example_task_group_decorator to None, run_after=None
[2024-11-24T08:45:03.855+0000] {processor.py:208} INFO - Processing /home/airflow/.local/lib/python3.12/site-packages/airflow/example_dags/example_task_group_decorator.py took 0.090 seconds
[2024-11-24T08:45:35.502+0000] {processor.py:186} INFO - Started process (PID=1783) to work on /home/airflow/.local/lib/python3.12/site-packages/airflow/example_dags/example_task_group_decorator.py
[2024-11-24T08:45:35.503+0000] {processor.py:914} INFO - Processing file /home/airflow/.local/lib/python3.12/site-packages/airflow/example_dags/example_task_group_decorator.py for tasks to queue
[2024-11-24T08:45:35.506+0000] {logging_mixin.py:190} INFO - [2024-11-24T08:45:35.506+0000] {dagbag.py:588} INFO - Filling up the DagBag from /home/airflow/.local/lib/python3.12/site-packages/airflow/example_dags/example_task_group_decorator.py
[2024-11-24T08:45:35.530+0000] {processor.py:925} INFO - DAG(s) 'example_task_group_decorator' retrieved from /home/airflow/.local/lib/python3.12/site-packages/airflow/example_dags/example_task_group_decorator.py
[2024-11-24T08:45:35.567+0000] {logging_mixin.py:190} INFO - [2024-11-24T08:45:35.566+0000] {dag.py:3239} INFO - Sync 1 DAGs
[2024-11-24T08:45:35.585+0000] {logging_mixin.py:190} INFO - [2024-11-24T08:45:35.585+0000] {dag.py:4180} INFO - Setting next_dagrun for example_task_group_decorator to None, run_after=None
[2024-11-24T08:45:35.621+0000] {processor.py:208} INFO - Processing /home/airflow/.local/lib/python3.12/site-packages/airflow/example_dags/example_task_group_decorator.py took 0.127 seconds
[2024-11-24T08:46:06.419+0000] {processor.py:186} INFO - Started process (PID=2074) to work on /home/airflow/.local/lib/python3.12/site-packages/airflow/example_dags/example_task_group_decorator.py
[2024-11-24T08:46:06.420+0000] {processor.py:914} INFO - Processing file /home/airflow/.local/lib/python3.12/site-packages/airflow/example_dags/example_task_group_decorator.py for tasks to queue
[2024-11-24T08:46:06.422+0000] {logging_mixin.py:190} INFO - [2024-11-24T08:46:06.422+0000] {dagbag.py:588} INFO - Filling up the DagBag from /home/airflow/.local/lib/python3.12/site-packages/airflow/example_dags/example_task_group_decorator.py
[2024-11-24T08:46:06.440+0000] {processor.py:925} INFO - DAG(s) 'example_task_group_decorator' retrieved from /home/airflow/.local/lib/python3.12/site-packages/airflow/example_dags/example_task_group_decorator.py
[2024-11-24T08:46:06.463+0000] {logging_mixin.py:190} INFO - [2024-11-24T08:46:06.463+0000] {dag.py:3239} INFO - Sync 1 DAGs
[2024-11-24T08:46:06.478+0000] {logging_mixin.py:190} INFO - [2024-11-24T08:46:06.478+0000] {dag.py:4180} INFO - Setting next_dagrun for example_task_group_decorator to None, run_after=None
[2024-11-24T08:46:06.501+0000] {processor.py:208} INFO - Processing /home/airflow/.local/lib/python3.12/site-packages/airflow/example_dags/example_task_group_decorator.py took 0.087 seconds
[2024-11-24T08:46:38.378+0000] {processor.py:186} INFO - Started process (PID=2365) to work on /home/airflow/.local/lib/python3.12/site-packages/airflow/example_dags/example_task_group_decorator.py
[2024-11-24T08:46:38.380+0000] {processor.py:914} INFO - Processing file /home/airflow/.local/lib/python3.12/site-packages/airflow/example_dags/example_task_group_decorator.py for tasks to queue
[2024-11-24T08:46:38.385+0000] {logging_mixin.py:190} INFO - [2024-11-24T08:46:38.384+0000] {dagbag.py:588} INFO - Filling up the DagBag from /home/airflow/.local/lib/python3.12/site-packages/airflow/example_dags/example_task_group_decorator.py
[2024-11-24T08:46:38.411+0000] {processor.py:925} INFO - DAG(s) 'example_task_group_decorator' retrieved from /home/airflow/.local/lib/python3.12/site-packages/airflow/example_dags/example_task_group_decorator.py
[2024-11-24T08:46:38.452+0000] {logging_mixin.py:190} INFO - [2024-11-24T08:46:38.451+0000] {dag.py:3239} INFO - Sync 1 DAGs
[2024-11-24T08:46:38.479+0000] {logging_mixin.py:190} INFO - [2024-11-24T08:46:38.478+0000] {dag.py:4180} INFO - Setting next_dagrun for example_task_group_decorator to None, run_after=None
[2024-11-24T08:46:38.510+0000] {processor.py:208} INFO - Processing /home/airflow/.local/lib/python3.12/site-packages/airflow/example_dags/example_task_group_decorator.py took 0.141 seconds
[2024-11-24T08:47:09.916+0000] {processor.py:186} INFO - Started process (PID=2658) to work on /home/airflow/.local/lib/python3.12/site-packages/airflow/example_dags/example_task_group_decorator.py
[2024-11-24T08:47:09.918+0000] {processor.py:914} INFO - Processing file /home/airflow/.local/lib/python3.12/site-packages/airflow/example_dags/example_task_group_decorator.py for tasks to queue
[2024-11-24T08:47:09.921+0000] {logging_mixin.py:190} INFO - [2024-11-24T08:47:09.920+0000] {dagbag.py:588} INFO - Filling up the DagBag from /home/airflow/.local/lib/python3.12/site-packages/airflow/example_dags/example_task_group_decorator.py
[2024-11-24T08:47:09.941+0000] {processor.py:925} INFO - DAG(s) 'example_task_group_decorator' retrieved from /home/airflow/.local/lib/python3.12/site-packages/airflow/example_dags/example_task_group_decorator.py
[2024-11-24T08:47:09.985+0000] {logging_mixin.py:190} INFO - [2024-11-24T08:47:09.985+0000] {dag.py:3239} INFO - Sync 1 DAGs
[2024-11-24T08:47:10.004+0000] {logging_mixin.py:190} INFO - [2024-11-24T08:47:10.004+0000] {dag.py:4180} INFO - Setting next_dagrun for example_task_group_decorator to None, run_after=None
[2024-11-24T08:47:10.036+0000] {processor.py:208} INFO - Processing /home/airflow/.local/lib/python3.12/site-packages/airflow/example_dags/example_task_group_decorator.py took 0.129 seconds
[2024-11-24T08:47:41.811+0000] {processor.py:186} INFO - Started process (PID=2949) to work on /home/airflow/.local/lib/python3.12/site-packages/airflow/example_dags/example_task_group_decorator.py
[2024-11-24T08:47:41.812+0000] {processor.py:914} INFO - Processing file /home/airflow/.local/lib/python3.12/site-packages/airflow/example_dags/example_task_group_decorator.py for tasks to queue
[2024-11-24T08:47:41.816+0000] {logging_mixin.py:190} INFO - [2024-11-24T08:47:41.816+0000] {dagbag.py:588} INFO - Filling up the DagBag from /home/airflow/.local/lib/python3.12/site-packages/airflow/example_dags/example_task_group_decorator.py
[2024-11-24T08:47:41.842+0000] {processor.py:925} INFO - DAG(s) 'example_task_group_decorator' retrieved from /home/airflow/.local/lib/python3.12/site-packages/airflow/example_dags/example_task_group_decorator.py
[2024-11-24T08:47:41.881+0000] {logging_mixin.py:190} INFO - [2024-11-24T08:47:41.881+0000] {dag.py:3239} INFO - Sync 1 DAGs
[2024-11-24T08:47:41.905+0000] {logging_mixin.py:190} INFO - [2024-11-24T08:47:41.904+0000] {dag.py:4180} INFO - Setting next_dagrun for example_task_group_decorator to None, run_after=None
[2024-11-24T08:47:41.936+0000] {processor.py:208} INFO - Processing /home/airflow/.local/lib/python3.12/site-packages/airflow/example_dags/example_task_group_decorator.py took 0.133 seconds
[2024-11-24T08:48:13.037+0000] {processor.py:186} INFO - Started process (PID=3238) to work on /home/airflow/.local/lib/python3.12/site-packages/airflow/example_dags/example_task_group_decorator.py
[2024-11-24T08:48:13.039+0000] {processor.py:914} INFO - Processing file /home/airflow/.local/lib/python3.12/site-packages/airflow/example_dags/example_task_group_decorator.py for tasks to queue
[2024-11-24T08:48:13.042+0000] {logging_mixin.py:190} INFO - [2024-11-24T08:48:13.042+0000] {dagbag.py:588} INFO - Filling up the DagBag from /home/airflow/.local/lib/python3.12/site-packages/airflow/example_dags/example_task_group_decorator.py
[2024-11-24T08:48:13.067+0000] {processor.py:925} INFO - DAG(s) 'example_task_group_decorator' retrieved from /home/airflow/.local/lib/python3.12/site-packages/airflow/example_dags/example_task_group_decorator.py
[2024-11-24T08:48:13.105+0000] {logging_mixin.py:190} INFO - [2024-11-24T08:48:13.104+0000] {dag.py:3239} INFO - Sync 1 DAGs
[2024-11-24T08:48:13.126+0000] {logging_mixin.py:190} INFO - [2024-11-24T08:48:13.125+0000] {dag.py:4180} INFO - Setting next_dagrun for example_task_group_decorator to None, run_after=None
[2024-11-24T08:48:13.154+0000] {processor.py:208} INFO - Processing /home/airflow/.local/lib/python3.12/site-packages/airflow/example_dags/example_task_group_decorator.py took 0.127 seconds
[2024-11-24T08:48:44.838+0000] {processor.py:186} INFO - Started process (PID=3534) to work on /home/airflow/.local/lib/python3.12/site-packages/airflow/example_dags/example_task_group_decorator.py
[2024-11-24T08:48:44.840+0000] {processor.py:914} INFO - Processing file /home/airflow/.local/lib/python3.12/site-packages/airflow/example_dags/example_task_group_decorator.py for tasks to queue
[2024-11-24T08:48:44.844+0000] {logging_mixin.py:190} INFO - [2024-11-24T08:48:44.843+0000] {dagbag.py:588} INFO - Filling up the DagBag from /home/airflow/.local/lib/python3.12/site-packages/airflow/example_dags/example_task_group_decorator.py
[2024-11-24T08:48:44.867+0000] {processor.py:925} INFO - DAG(s) 'example_task_group_decorator' retrieved from /home/airflow/.local/lib/python3.12/site-packages/airflow/example_dags/example_task_group_decorator.py
[2024-11-24T08:48:44.903+0000] {logging_mixin.py:190} INFO - [2024-11-24T08:48:44.903+0000] {dag.py:3239} INFO - Sync 1 DAGs
[2024-11-24T08:48:44.927+0000] {logging_mixin.py:190} INFO - [2024-11-24T08:48:44.926+0000] {dag.py:4180} INFO - Setting next_dagrun for example_task_group_decorator to None, run_after=None
[2024-11-24T08:48:44.960+0000] {processor.py:208} INFO - Processing /home/airflow/.local/lib/python3.12/site-packages/airflow/example_dags/example_task_group_decorator.py took 0.134 seconds
[2024-11-24T08:49:16.162+0000] {processor.py:186} INFO - Started process (PID=3820) to work on /home/airflow/.local/lib/python3.12/site-packages/airflow/example_dags/example_task_group_decorator.py
[2024-11-24T08:49:16.163+0000] {processor.py:914} INFO - Processing file /home/airflow/.local/lib/python3.12/site-packages/airflow/example_dags/example_task_group_decorator.py for tasks to queue
[2024-11-24T08:49:16.167+0000] {logging_mixin.py:190} INFO - [2024-11-24T08:49:16.166+0000] {dagbag.py:588} INFO - Filling up the DagBag from /home/airflow/.local/lib/python3.12/site-packages/airflow/example_dags/example_task_group_decorator.py
[2024-11-24T08:49:16.196+0000] {processor.py:925} INFO - DAG(s) 'example_task_group_decorator' retrieved from /home/airflow/.local/lib/python3.12/site-packages/airflow/example_dags/example_task_group_decorator.py
[2024-11-24T08:49:16.237+0000] {logging_mixin.py:190} INFO - [2024-11-24T08:49:16.236+0000] {dag.py:3239} INFO - Sync 1 DAGs
[2024-11-24T08:49:16.260+0000] {logging_mixin.py:190} INFO - [2024-11-24T08:49:16.260+0000] {dag.py:4180} INFO - Setting next_dagrun for example_task_group_decorator to None, run_after=None
[2024-11-24T08:49:16.290+0000] {processor.py:208} INFO - Processing /home/airflow/.local/lib/python3.12/site-packages/airflow/example_dags/example_task_group_decorator.py took 0.138 seconds
[2024-11-24T08:49:47.930+0000] {processor.py:186} INFO - Started process (PID=4111) to work on /home/airflow/.local/lib/python3.12/site-packages/airflow/example_dags/example_task_group_decorator.py
[2024-11-24T08:49:47.932+0000] {processor.py:914} INFO - Processing file /home/airflow/.local/lib/python3.12/site-packages/airflow/example_dags/example_task_group_decorator.py for tasks to queue
[2024-11-24T08:49:47.935+0000] {logging_mixin.py:190} INFO - [2024-11-24T08:49:47.935+0000] {dagbag.py:588} INFO - Filling up the DagBag from /home/airflow/.local/lib/python3.12/site-packages/airflow/example_dags/example_task_group_decorator.py
[2024-11-24T08:49:47.960+0000] {processor.py:925} INFO - DAG(s) 'example_task_group_decorator' retrieved from /home/airflow/.local/lib/python3.12/site-packages/airflow/example_dags/example_task_group_decorator.py
[2024-11-24T08:49:48.005+0000] {logging_mixin.py:190} INFO - [2024-11-24T08:49:48.005+0000] {dag.py:3239} INFO - Sync 1 DAGs
[2024-11-24T08:49:48.033+0000] {logging_mixin.py:190} INFO - [2024-11-24T08:49:48.033+0000] {dag.py:4180} INFO - Setting next_dagrun for example_task_group_decorator to None, run_after=None
[2024-11-24T08:49:48.065+0000] {processor.py:208} INFO - Processing /home/airflow/.local/lib/python3.12/site-packages/airflow/example_dags/example_task_group_decorator.py took 0.144 seconds
[2024-11-24T08:50:22.375+0000] {processor.py:186} INFO - Started process (PID=4413) to work on /home/airflow/.local/lib/python3.12/site-packages/airflow/example_dags/example_task_group_decorator.py
[2024-11-24T08:50:22.377+0000] {processor.py:914} INFO - Processing file /home/airflow/.local/lib/python3.12/site-packages/airflow/example_dags/example_task_group_decorator.py for tasks to queue
[2024-11-24T08:50:22.381+0000] {logging_mixin.py:190} INFO - [2024-11-24T08:50:22.381+0000] {dagbag.py:588} INFO - Filling up the DagBag from /home/airflow/.local/lib/python3.12/site-packages/airflow/example_dags/example_task_group_decorator.py
[2024-11-24T08:50:22.417+0000] {processor.py:925} INFO - DAG(s) 'example_task_group_decorator' retrieved from /home/airflow/.local/lib/python3.12/site-packages/airflow/example_dags/example_task_group_decorator.py
[2024-11-24T08:50:22.469+0000] {logging_mixin.py:190} INFO - [2024-11-24T08:50:22.469+0000] {dag.py:3239} INFO - Sync 1 DAGs
[2024-11-24T08:50:22.500+0000] {logging_mixin.py:190} INFO - [2024-11-24T08:50:22.499+0000] {dag.py:4180} INFO - Setting next_dagrun for example_task_group_decorator to None, run_after=None
[2024-11-24T08:50:22.544+0000] {processor.py:208} INFO - Processing /home/airflow/.local/lib/python3.12/site-packages/airflow/example_dags/example_task_group_decorator.py took 0.180 seconds
[2024-11-24T08:50:56.892+0000] {processor.py:186} INFO - Started process (PID=4704) to work on /home/airflow/.local/lib/python3.12/site-packages/airflow/example_dags/example_task_group_decorator.py
[2024-11-24T08:50:56.895+0000] {processor.py:914} INFO - Processing file /home/airflow/.local/lib/python3.12/site-packages/airflow/example_dags/example_task_group_decorator.py for tasks to queue
[2024-11-24T08:50:56.900+0000] {logging_mixin.py:190} INFO - [2024-11-24T08:50:56.900+0000] {dagbag.py:588} INFO - Filling up the DagBag from /home/airflow/.local/lib/python3.12/site-packages/airflow/example_dags/example_task_group_decorator.py
[2024-11-24T08:50:56.947+0000] {processor.py:925} INFO - DAG(s) 'example_task_group_decorator' retrieved from /home/airflow/.local/lib/python3.12/site-packages/airflow/example_dags/example_task_group_decorator.py
[2024-11-24T08:50:57.015+0000] {logging_mixin.py:190} INFO - [2024-11-24T08:50:57.014+0000] {dag.py:3239} INFO - Sync 1 DAGs
[2024-11-24T08:50:57.087+0000] {logging_mixin.py:190} INFO - [2024-11-24T08:50:57.086+0000] {dag.py:4180} INFO - Setting next_dagrun for example_task_group_decorator to None, run_after=None
[2024-11-24T08:50:57.172+0000] {processor.py:208} INFO - Processing /home/airflow/.local/lib/python3.12/site-packages/airflow/example_dags/example_task_group_decorator.py took 0.299 seconds
[2024-11-24T08:51:27.913+0000] {processor.py:186} INFO - Started process (PID=4989) to work on /home/airflow/.local/lib/python3.12/site-packages/airflow/example_dags/example_task_group_decorator.py
[2024-11-24T08:51:27.917+0000] {processor.py:914} INFO - Processing file /home/airflow/.local/lib/python3.12/site-packages/airflow/example_dags/example_task_group_decorator.py for tasks to queue
[2024-11-24T08:51:27.921+0000] {logging_mixin.py:190} INFO - [2024-11-24T08:51:27.921+0000] {dagbag.py:588} INFO - Filling up the DagBag from /home/airflow/.local/lib/python3.12/site-packages/airflow/example_dags/example_task_group_decorator.py
[2024-11-24T08:51:27.946+0000] {processor.py:925} INFO - DAG(s) 'example_task_group_decorator' retrieved from /home/airflow/.local/lib/python3.12/site-packages/airflow/example_dags/example_task_group_decorator.py
[2024-11-24T08:51:27.986+0000] {logging_mixin.py:190} INFO - [2024-11-24T08:51:27.985+0000] {dag.py:3239} INFO - Sync 1 DAGs
[2024-11-24T08:51:28.011+0000] {logging_mixin.py:190} INFO - [2024-11-24T08:51:28.011+0000] {dag.py:4180} INFO - Setting next_dagrun for example_task_group_decorator to None, run_after=None
[2024-11-24T08:51:28.043+0000] {processor.py:208} INFO - Processing /home/airflow/.local/lib/python3.12/site-packages/airflow/example_dags/example_task_group_decorator.py took 0.140 seconds
[2024-11-24T08:51:58.325+0000] {processor.py:186} INFO - Started process (PID=5280) to work on /home/airflow/.local/lib/python3.12/site-packages/airflow/example_dags/example_task_group_decorator.py
[2024-11-24T08:51:58.327+0000] {processor.py:914} INFO - Processing file /home/airflow/.local/lib/python3.12/site-packages/airflow/example_dags/example_task_group_decorator.py for tasks to queue
[2024-11-24T08:51:58.331+0000] {logging_mixin.py:190} INFO - [2024-11-24T08:51:58.330+0000] {dagbag.py:588} INFO - Filling up the DagBag from /home/airflow/.local/lib/python3.12/site-packages/airflow/example_dags/example_task_group_decorator.py
[2024-11-24T08:51:58.347+0000] {processor.py:925} INFO - DAG(s) 'example_task_group_decorator' retrieved from /home/airflow/.local/lib/python3.12/site-packages/airflow/example_dags/example_task_group_decorator.py
[2024-11-24T08:51:58.374+0000] {logging_mixin.py:190} INFO - [2024-11-24T08:51:58.373+0000] {dag.py:3239} INFO - Sync 1 DAGs
[2024-11-24T08:51:58.389+0000] {logging_mixin.py:190} INFO - [2024-11-24T08:51:58.389+0000] {dag.py:4180} INFO - Setting next_dagrun for example_task_group_decorator to None, run_after=None
[2024-11-24T08:51:58.409+0000] {processor.py:208} INFO - Processing /home/airflow/.local/lib/python3.12/site-packages/airflow/example_dags/example_task_group_decorator.py took 0.090 seconds
[2024-11-24T08:52:29.061+0000] {processor.py:186} INFO - Started process (PID=5566) to work on /home/airflow/.local/lib/python3.12/site-packages/airflow/example_dags/example_task_group_decorator.py
[2024-11-24T08:52:29.064+0000] {processor.py:914} INFO - Processing file /home/airflow/.local/lib/python3.12/site-packages/airflow/example_dags/example_task_group_decorator.py for tasks to queue
[2024-11-24T08:52:29.076+0000] {logging_mixin.py:190} INFO - [2024-11-24T08:52:29.075+0000] {dagbag.py:588} INFO - Filling up the DagBag from /home/airflow/.local/lib/python3.12/site-packages/airflow/example_dags/example_task_group_decorator.py
[2024-11-24T08:52:29.329+0000] {processor.py:925} INFO - DAG(s) 'example_task_group_decorator' retrieved from /home/airflow/.local/lib/python3.12/site-packages/airflow/example_dags/example_task_group_decorator.py
[2024-11-24T08:52:29.432+0000] {logging_mixin.py:190} INFO - [2024-11-24T08:52:29.432+0000] {dag.py:3239} INFO - Sync 1 DAGs
[2024-11-24T08:52:29.496+0000] {logging_mixin.py:190} INFO - [2024-11-24T08:52:29.495+0000] {dag.py:4180} INFO - Setting next_dagrun for example_task_group_decorator to None, run_after=None
[2024-11-24T08:52:29.557+0000] {processor.py:208} INFO - Processing /home/airflow/.local/lib/python3.12/site-packages/airflow/example_dags/example_task_group_decorator.py took 0.702 seconds
