[2024-11-24T08:43:01.814+0000] {processor.py:186} INFO - Started process (PID=358) to work on /home/airflow/.local/lib/python3.12/site-packages/airflow/example_dags/example_python_decorator.py
[2024-11-24T08:43:01.816+0000] {processor.py:914} INFO - Processing file /home/airflow/.local/lib/python3.12/site-packages/airflow/example_dags/example_python_decorator.py for tasks to queue
[2024-11-24T08:43:01.819+0000] {logging_mixin.py:190} INFO - [2024-11-24T08:43:01.818+0000] {dagbag.py:588} INFO - Filling up the DagBag from /home/airflow/.local/lib/python3.12/site-packages/airflow/example_dags/example_python_decorator.py
[2024-11-24T08:43:01.842+0000] {processor.py:925} INFO - DAG(s) 'example_python_decorator' retrieved from /home/airflow/.local/lib/python3.12/site-packages/airflow/example_dags/example_python_decorator.py
[2024-11-24T08:43:01.990+0000] {logging_mixin.py:190} INFO - [2024-11-24T08:43:01.990+0000] {override.py:1911} INFO - Created Permission View: can read on DAG:example_python_decorator
[2024-11-24T08:43:02.011+0000] {logging_mixin.py:190} INFO - [2024-11-24T08:43:02.007+0000] {override.py:1911} INFO - Created Permission View: can edit on DAG:example_python_decorator
[2024-11-24T08:43:02.026+0000] {logging_mixin.py:190} INFO - [2024-11-24T08:43:02.025+0000] {override.py:1911} INFO - Created Permission View: can delete on DAG:example_python_decorator
[2024-11-24T08:43:02.039+0000] {logging_mixin.py:190} INFO - [2024-11-24T08:43:02.039+0000] {override.py:1911} INFO - Created Permission View: can read on DAG Run:example_python_decorator
[2024-11-24T08:43:02.049+0000] {logging_mixin.py:190} INFO - [2024-11-24T08:43:02.049+0000] {override.py:1911} INFO - Created Permission View: can delete on DAG Run:example_python_decorator
[2024-11-24T08:43:02.061+0000] {logging_mixin.py:190} INFO - [2024-11-24T08:43:02.060+0000] {override.py:1911} INFO - Created Permission View: can create on DAG Run:example_python_decorator
[2024-11-24T08:43:02.072+0000] {logging_mixin.py:190} INFO - [2024-11-24T08:43:02.071+0000] {override.py:1911} INFO - Created Permission View: menu access on DAG Run:example_python_decorator
[2024-11-24T08:43:02.073+0000] {logging_mixin.py:190} INFO - [2024-11-24T08:43:02.072+0000] {dag.py:3239} INFO - Sync 1 DAGs
[2024-11-24T08:43:02.095+0000] {logging_mixin.py:190} INFO - [2024-11-24T08:43:02.095+0000] {dag.py:3262} INFO - Creating ORM DAG for example_python_decorator
[2024-11-24T08:43:02.097+0000] {logging_mixin.py:190} INFO - [2024-11-24T08:43:02.097+0000] {dag.py:4180} INFO - Setting next_dagrun for example_python_decorator to None, run_after=None
[2024-11-24T08:43:02.126+0000] {processor.py:208} INFO - Processing /home/airflow/.local/lib/python3.12/site-packages/airflow/example_dags/example_python_decorator.py took 0.322 seconds
[2024-11-24T08:43:32.742+0000] {processor.py:186} INFO - Started process (PID=649) to work on /home/airflow/.local/lib/python3.12/site-packages/airflow/example_dags/example_python_decorator.py
[2024-11-24T08:43:32.744+0000] {processor.py:914} INFO - Processing file /home/airflow/.local/lib/python3.12/site-packages/airflow/example_dags/example_python_decorator.py for tasks to queue
[2024-11-24T08:43:32.749+0000] {logging_mixin.py:190} INFO - [2024-11-24T08:43:32.748+0000] {dagbag.py:588} INFO - Filling up the DagBag from /home/airflow/.local/lib/python3.12/site-packages/airflow/example_dags/example_python_decorator.py
[2024-11-24T08:43:32.775+0000] {processor.py:925} INFO - DAG(s) 'example_python_decorator' retrieved from /home/airflow/.local/lib/python3.12/site-packages/airflow/example_dags/example_python_decorator.py
[2024-11-24T08:43:32.818+0000] {logging_mixin.py:190} INFO - [2024-11-24T08:43:32.818+0000] {dag.py:3239} INFO - Sync 1 DAGs
[2024-11-24T08:43:32.849+0000] {logging_mixin.py:190} INFO - [2024-11-24T08:43:32.849+0000] {dag.py:4180} INFO - Setting next_dagrun for example_python_decorator to None, run_after=None
[2024-11-24T08:43:32.887+0000] {processor.py:208} INFO - Processing /home/airflow/.local/lib/python3.12/site-packages/airflow/example_dags/example_python_decorator.py took 0.154 seconds
[2024-11-24T08:44:03.733+0000] {processor.py:186} INFO - Started process (PID=940) to work on /home/airflow/.local/lib/python3.12/site-packages/airflow/example_dags/example_python_decorator.py
[2024-11-24T08:44:03.736+0000] {processor.py:914} INFO - Processing file /home/airflow/.local/lib/python3.12/site-packages/airflow/example_dags/example_python_decorator.py for tasks to queue
[2024-11-24T08:44:03.738+0000] {logging_mixin.py:190} INFO - [2024-11-24T08:44:03.738+0000] {dagbag.py:588} INFO - Filling up the DagBag from /home/airflow/.local/lib/python3.12/site-packages/airflow/example_dags/example_python_decorator.py
[2024-11-24T08:44:03.752+0000] {processor.py:925} INFO - DAG(s) 'example_python_decorator' retrieved from /home/airflow/.local/lib/python3.12/site-packages/airflow/example_dags/example_python_decorator.py
[2024-11-24T08:44:03.777+0000] {logging_mixin.py:190} INFO - [2024-11-24T08:44:03.777+0000] {dag.py:3239} INFO - Sync 1 DAGs
[2024-11-24T08:44:03.791+0000] {logging_mixin.py:190} INFO - [2024-11-24T08:44:03.791+0000] {dag.py:4180} INFO - Setting next_dagrun for example_python_decorator to None, run_after=None
[2024-11-24T08:44:03.823+0000] {processor.py:208} INFO - Processing /home/airflow/.local/lib/python3.12/site-packages/airflow/example_dags/example_python_decorator.py took 0.098 seconds
[2024-11-24T08:44:34.106+0000] {processor.py:186} INFO - Started process (PID=1228) to work on /home/airflow/.local/lib/python3.12/site-packages/airflow/example_dags/example_python_decorator.py
[2024-11-24T08:44:34.109+0000] {processor.py:914} INFO - Processing file /home/airflow/.local/lib/python3.12/site-packages/airflow/example_dags/example_python_decorator.py for tasks to queue
[2024-11-24T08:44:34.111+0000] {logging_mixin.py:190} INFO - [2024-11-24T08:44:34.111+0000] {dagbag.py:588} INFO - Filling up the DagBag from /home/airflow/.local/lib/python3.12/site-packages/airflow/example_dags/example_python_decorator.py
[2024-11-24T08:44:34.124+0000] {processor.py:925} INFO - DAG(s) 'example_python_decorator' retrieved from /home/airflow/.local/lib/python3.12/site-packages/airflow/example_dags/example_python_decorator.py
[2024-11-24T08:44:34.150+0000] {logging_mixin.py:190} INFO - [2024-11-24T08:44:34.149+0000] {dag.py:3239} INFO - Sync 1 DAGs
[2024-11-24T08:44:34.163+0000] {logging_mixin.py:190} INFO - [2024-11-24T08:44:34.163+0000] {dag.py:4180} INFO - Setting next_dagrun for example_python_decorator to None, run_after=None
[2024-11-24T08:44:34.183+0000] {processor.py:208} INFO - Processing /home/airflow/.local/lib/python3.12/site-packages/airflow/example_dags/example_python_decorator.py took 0.082 seconds
[2024-11-24T08:45:04.397+0000] {processor.py:186} INFO - Started process (PID=1519) to work on /home/airflow/.local/lib/python3.12/site-packages/airflow/example_dags/example_python_decorator.py
[2024-11-24T08:45:04.398+0000] {processor.py:914} INFO - Processing file /home/airflow/.local/lib/python3.12/site-packages/airflow/example_dags/example_python_decorator.py for tasks to queue
[2024-11-24T08:45:04.401+0000] {logging_mixin.py:190} INFO - [2024-11-24T08:45:04.401+0000] {dagbag.py:588} INFO - Filling up the DagBag from /home/airflow/.local/lib/python3.12/site-packages/airflow/example_dags/example_python_decorator.py
[2024-11-24T08:45:04.416+0000] {processor.py:925} INFO - DAG(s) 'example_python_decorator' retrieved from /home/airflow/.local/lib/python3.12/site-packages/airflow/example_dags/example_python_decorator.py
[2024-11-24T08:45:04.440+0000] {logging_mixin.py:190} INFO - [2024-11-24T08:45:04.440+0000] {dag.py:3239} INFO - Sync 1 DAGs
[2024-11-24T08:45:04.454+0000] {logging_mixin.py:190} INFO - [2024-11-24T08:45:04.454+0000] {dag.py:4180} INFO - Setting next_dagrun for example_python_decorator to None, run_after=None
[2024-11-24T08:45:04.475+0000] {processor.py:208} INFO - Processing /home/airflow/.local/lib/python3.12/site-packages/airflow/example_dags/example_python_decorator.py took 0.085 seconds
[2024-11-24T08:45:36.162+0000] {processor.py:186} INFO - Started process (PID=1808) to work on /home/airflow/.local/lib/python3.12/site-packages/airflow/example_dags/example_python_decorator.py
[2024-11-24T08:45:36.165+0000] {processor.py:914} INFO - Processing file /home/airflow/.local/lib/python3.12/site-packages/airflow/example_dags/example_python_decorator.py for tasks to queue
[2024-11-24T08:45:36.171+0000] {logging_mixin.py:190} INFO - [2024-11-24T08:45:36.170+0000] {dagbag.py:588} INFO - Filling up the DagBag from /home/airflow/.local/lib/python3.12/site-packages/airflow/example_dags/example_python_decorator.py
[2024-11-24T08:45:36.210+0000] {processor.py:925} INFO - DAG(s) 'example_python_decorator' retrieved from /home/airflow/.local/lib/python3.12/site-packages/airflow/example_dags/example_python_decorator.py
[2024-11-24T08:45:36.258+0000] {logging_mixin.py:190} INFO - [2024-11-24T08:45:36.257+0000] {dag.py:3239} INFO - Sync 1 DAGs
[2024-11-24T08:45:36.292+0000] {logging_mixin.py:190} INFO - [2024-11-24T08:45:36.291+0000] {dag.py:4180} INFO - Setting next_dagrun for example_python_decorator to None, run_after=None
[2024-11-24T08:45:36.350+0000] {processor.py:208} INFO - Processing /home/airflow/.local/lib/python3.12/site-packages/airflow/example_dags/example_python_decorator.py took 0.206 seconds
[2024-11-24T08:46:06.813+0000] {processor.py:186} INFO - Started process (PID=2099) to work on /home/airflow/.local/lib/python3.12/site-packages/airflow/example_dags/example_python_decorator.py
[2024-11-24T08:46:06.815+0000] {processor.py:914} INFO - Processing file /home/airflow/.local/lib/python3.12/site-packages/airflow/example_dags/example_python_decorator.py for tasks to queue
[2024-11-24T08:46:06.818+0000] {logging_mixin.py:190} INFO - [2024-11-24T08:46:06.818+0000] {dagbag.py:588} INFO - Filling up the DagBag from /home/airflow/.local/lib/python3.12/site-packages/airflow/example_dags/example_python_decorator.py
[2024-11-24T08:46:06.833+0000] {processor.py:925} INFO - DAG(s) 'example_python_decorator' retrieved from /home/airflow/.local/lib/python3.12/site-packages/airflow/example_dags/example_python_decorator.py
[2024-11-24T08:46:06.857+0000] {logging_mixin.py:190} INFO - [2024-11-24T08:46:06.857+0000] {dag.py:3239} INFO - Sync 1 DAGs
[2024-11-24T08:46:06.873+0000] {logging_mixin.py:190} INFO - [2024-11-24T08:46:06.873+0000] {dag.py:4180} INFO - Setting next_dagrun for example_python_decorator to None, run_after=None
[2024-11-24T08:46:06.899+0000] {processor.py:208} INFO - Processing /home/airflow/.local/lib/python3.12/site-packages/airflow/example_dags/example_python_decorator.py took 0.092 seconds
[2024-11-24T08:46:38.856+0000] {processor.py:186} INFO - Started process (PID=2390) to work on /home/airflow/.local/lib/python3.12/site-packages/airflow/example_dags/example_python_decorator.py
[2024-11-24T08:46:38.858+0000] {processor.py:914} INFO - Processing file /home/airflow/.local/lib/python3.12/site-packages/airflow/example_dags/example_python_decorator.py for tasks to queue
[2024-11-24T08:46:38.862+0000] {logging_mixin.py:190} INFO - [2024-11-24T08:46:38.861+0000] {dagbag.py:588} INFO - Filling up the DagBag from /home/airflow/.local/lib/python3.12/site-packages/airflow/example_dags/example_python_decorator.py
[2024-11-24T08:46:38.890+0000] {processor.py:925} INFO - DAG(s) 'example_python_decorator' retrieved from /home/airflow/.local/lib/python3.12/site-packages/airflow/example_dags/example_python_decorator.py
[2024-11-24T08:46:38.927+0000] {logging_mixin.py:190} INFO - [2024-11-24T08:46:38.927+0000] {dag.py:3239} INFO - Sync 1 DAGs
[2024-11-24T08:46:38.950+0000] {logging_mixin.py:190} INFO - [2024-11-24T08:46:38.950+0000] {dag.py:4180} INFO - Setting next_dagrun for example_python_decorator to None, run_after=None
[2024-11-24T08:46:38.980+0000] {processor.py:208} INFO - Processing /home/airflow/.local/lib/python3.12/site-packages/airflow/example_dags/example_python_decorator.py took 0.133 seconds
[2024-11-24T08:47:10.809+0000] {processor.py:186} INFO - Started process (PID=2686) to work on /home/airflow/.local/lib/python3.12/site-packages/airflow/example_dags/example_python_decorator.py
[2024-11-24T08:47:10.811+0000] {processor.py:914} INFO - Processing file /home/airflow/.local/lib/python3.12/site-packages/airflow/example_dags/example_python_decorator.py for tasks to queue
[2024-11-24T08:47:10.814+0000] {logging_mixin.py:190} INFO - [2024-11-24T08:47:10.814+0000] {dagbag.py:588} INFO - Filling up the DagBag from /home/airflow/.local/lib/python3.12/site-packages/airflow/example_dags/example_python_decorator.py
[2024-11-24T08:47:10.835+0000] {processor.py:925} INFO - DAG(s) 'example_python_decorator' retrieved from /home/airflow/.local/lib/python3.12/site-packages/airflow/example_dags/example_python_decorator.py
[2024-11-24T08:47:10.866+0000] {logging_mixin.py:190} INFO - [2024-11-24T08:47:10.866+0000] {dag.py:3239} INFO - Sync 1 DAGs
[2024-11-24T08:47:10.887+0000] {logging_mixin.py:190} INFO - [2024-11-24T08:47:10.886+0000] {dag.py:4180} INFO - Setting next_dagrun for example_python_decorator to None, run_after=None
[2024-11-24T08:47:10.916+0000] {processor.py:208} INFO - Processing /home/airflow/.local/lib/python3.12/site-packages/airflow/example_dags/example_python_decorator.py took 0.117 seconds
[2024-11-24T08:47:42.769+0000] {processor.py:186} INFO - Started process (PID=2977) to work on /home/airflow/.local/lib/python3.12/site-packages/airflow/example_dags/example_python_decorator.py
[2024-11-24T08:47:42.771+0000] {processor.py:914} INFO - Processing file /home/airflow/.local/lib/python3.12/site-packages/airflow/example_dags/example_python_decorator.py for tasks to queue
[2024-11-24T08:47:42.775+0000] {logging_mixin.py:190} INFO - [2024-11-24T08:47:42.774+0000] {dagbag.py:588} INFO - Filling up the DagBag from /home/airflow/.local/lib/python3.12/site-packages/airflow/example_dags/example_python_decorator.py
[2024-11-24T08:47:42.800+0000] {processor.py:925} INFO - DAG(s) 'example_python_decorator' retrieved from /home/airflow/.local/lib/python3.12/site-packages/airflow/example_dags/example_python_decorator.py
[2024-11-24T08:47:42.833+0000] {logging_mixin.py:190} INFO - [2024-11-24T08:47:42.832+0000] {dag.py:3239} INFO - Sync 1 DAGs
[2024-11-24T08:47:42.853+0000] {logging_mixin.py:190} INFO - [2024-11-24T08:47:42.853+0000] {dag.py:4180} INFO - Setting next_dagrun for example_python_decorator to None, run_after=None
[2024-11-24T08:47:42.938+0000] {processor.py:208} INFO - Processing /home/airflow/.local/lib/python3.12/site-packages/airflow/example_dags/example_python_decorator.py took 0.179 seconds
[2024-11-24T08:48:13.718+0000] {processor.py:186} INFO - Started process (PID=3268) to work on /home/airflow/.local/lib/python3.12/site-packages/airflow/example_dags/example_python_decorator.py
[2024-11-24T08:48:13.720+0000] {processor.py:914} INFO - Processing file /home/airflow/.local/lib/python3.12/site-packages/airflow/example_dags/example_python_decorator.py for tasks to queue
[2024-11-24T08:48:13.724+0000] {logging_mixin.py:190} INFO - [2024-11-24T08:48:13.723+0000] {dagbag.py:588} INFO - Filling up the DagBag from /home/airflow/.local/lib/python3.12/site-packages/airflow/example_dags/example_python_decorator.py
[2024-11-24T08:48:13.747+0000] {processor.py:925} INFO - DAG(s) 'example_python_decorator' retrieved from /home/airflow/.local/lib/python3.12/site-packages/airflow/example_dags/example_python_decorator.py
[2024-11-24T08:48:13.786+0000] {logging_mixin.py:190} INFO - [2024-11-24T08:48:13.785+0000] {dag.py:3239} INFO - Sync 1 DAGs
[2024-11-24T08:48:13.811+0000] {logging_mixin.py:190} INFO - [2024-11-24T08:48:13.811+0000] {dag.py:4180} INFO - Setting next_dagrun for example_python_decorator to None, run_after=None
[2024-11-24T08:48:13.844+0000] {processor.py:208} INFO - Processing /home/airflow/.local/lib/python3.12/site-packages/airflow/example_dags/example_python_decorator.py took 0.136 seconds
[2024-11-24T08:48:45.849+0000] {processor.py:186} INFO - Started process (PID=3559) to work on /home/airflow/.local/lib/python3.12/site-packages/airflow/example_dags/example_python_decorator.py
[2024-11-24T08:48:45.850+0000] {processor.py:914} INFO - Processing file /home/airflow/.local/lib/python3.12/site-packages/airflow/example_dags/example_python_decorator.py for tasks to queue
[2024-11-24T08:48:45.855+0000] {logging_mixin.py:190} INFO - [2024-11-24T08:48:45.854+0000] {dagbag.py:588} INFO - Filling up the DagBag from /home/airflow/.local/lib/python3.12/site-packages/airflow/example_dags/example_python_decorator.py
[2024-11-24T08:48:45.881+0000] {processor.py:925} INFO - DAG(s) 'example_python_decorator' retrieved from /home/airflow/.local/lib/python3.12/site-packages/airflow/example_dags/example_python_decorator.py
[2024-11-24T08:48:45.916+0000] {logging_mixin.py:190} INFO - [2024-11-24T08:48:45.916+0000] {dag.py:3239} INFO - Sync 1 DAGs
[2024-11-24T08:48:45.940+0000] {logging_mixin.py:190} INFO - [2024-11-24T08:48:45.940+0000] {dag.py:4180} INFO - Setting next_dagrun for example_python_decorator to None, run_after=None
[2024-11-24T08:48:45.970+0000] {processor.py:208} INFO - Processing /home/airflow/.local/lib/python3.12/site-packages/airflow/example_dags/example_python_decorator.py took 0.131 seconds
[2024-11-24T08:49:16.992+0000] {processor.py:186} INFO - Started process (PID=3850) to work on /home/airflow/.local/lib/python3.12/site-packages/airflow/example_dags/example_python_decorator.py
[2024-11-24T08:49:16.994+0000] {processor.py:914} INFO - Processing file /home/airflow/.local/lib/python3.12/site-packages/airflow/example_dags/example_python_decorator.py for tasks to queue
[2024-11-24T08:49:16.999+0000] {logging_mixin.py:190} INFO - [2024-11-24T08:49:16.998+0000] {dagbag.py:588} INFO - Filling up the DagBag from /home/airflow/.local/lib/python3.12/site-packages/airflow/example_dags/example_python_decorator.py
[2024-11-24T08:49:17.024+0000] {processor.py:925} INFO - DAG(s) 'example_python_decorator' retrieved from /home/airflow/.local/lib/python3.12/site-packages/airflow/example_dags/example_python_decorator.py
[2024-11-24T08:49:17.059+0000] {logging_mixin.py:190} INFO - [2024-11-24T08:49:17.059+0000] {dag.py:3239} INFO - Sync 1 DAGs
[2024-11-24T08:49:17.082+0000] {logging_mixin.py:190} INFO - [2024-11-24T08:49:17.081+0000] {dag.py:4180} INFO - Setting next_dagrun for example_python_decorator to None, run_after=None
[2024-11-24T08:49:17.118+0000] {processor.py:208} INFO - Processing /home/airflow/.local/lib/python3.12/site-packages/airflow/example_dags/example_python_decorator.py took 0.136 seconds
[2024-11-24T08:49:48.698+0000] {processor.py:186} INFO - Started process (PID=4141) to work on /home/airflow/.local/lib/python3.12/site-packages/airflow/example_dags/example_python_decorator.py
[2024-11-24T08:49:48.699+0000] {processor.py:914} INFO - Processing file /home/airflow/.local/lib/python3.12/site-packages/airflow/example_dags/example_python_decorator.py for tasks to queue
[2024-11-24T08:49:48.703+0000] {logging_mixin.py:190} INFO - [2024-11-24T08:49:48.702+0000] {dagbag.py:588} INFO - Filling up the DagBag from /home/airflow/.local/lib/python3.12/site-packages/airflow/example_dags/example_python_decorator.py
[2024-11-24T08:49:48.728+0000] {processor.py:925} INFO - DAG(s) 'example_python_decorator' retrieved from /home/airflow/.local/lib/python3.12/site-packages/airflow/example_dags/example_python_decorator.py
[2024-11-24T08:49:48.772+0000] {logging_mixin.py:190} INFO - [2024-11-24T08:49:48.771+0000] {dag.py:3239} INFO - Sync 1 DAGs
[2024-11-24T08:49:48.813+0000] {logging_mixin.py:190} INFO - [2024-11-24T08:49:48.812+0000] {dag.py:4180} INFO - Setting next_dagrun for example_python_decorator to None, run_after=None
[2024-11-24T08:49:48.849+0000] {processor.py:208} INFO - Processing /home/airflow/.local/lib/python3.12/site-packages/airflow/example_dags/example_python_decorator.py took 0.161 seconds
[2024-11-24T08:50:23.573+0000] {processor.py:186} INFO - Started process (PID=4438) to work on /home/airflow/.local/lib/python3.12/site-packages/airflow/example_dags/example_python_decorator.py
[2024-11-24T08:50:23.575+0000] {processor.py:914} INFO - Processing file /home/airflow/.local/lib/python3.12/site-packages/airflow/example_dags/example_python_decorator.py for tasks to queue
[2024-11-24T08:50:23.580+0000] {logging_mixin.py:190} INFO - [2024-11-24T08:50:23.579+0000] {dagbag.py:588} INFO - Filling up the DagBag from /home/airflow/.local/lib/python3.12/site-packages/airflow/example_dags/example_python_decorator.py
[2024-11-24T08:50:23.609+0000] {processor.py:925} INFO - DAG(s) 'example_python_decorator' retrieved from /home/airflow/.local/lib/python3.12/site-packages/airflow/example_dags/example_python_decorator.py
[2024-11-24T08:50:23.663+0000] {logging_mixin.py:190} INFO - [2024-11-24T08:50:23.662+0000] {dag.py:3239} INFO - Sync 1 DAGs
[2024-11-24T08:50:23.691+0000] {logging_mixin.py:190} INFO - [2024-11-24T08:50:23.690+0000] {dag.py:4180} INFO - Setting next_dagrun for example_python_decorator to None, run_after=None
[2024-11-24T08:50:23.725+0000] {processor.py:208} INFO - Processing /home/airflow/.local/lib/python3.12/site-packages/airflow/example_dags/example_python_decorator.py took 0.164 seconds
[2024-11-24T08:50:58.746+0000] {processor.py:186} INFO - Started process (PID=4729) to work on /home/airflow/.local/lib/python3.12/site-packages/airflow/example_dags/example_python_decorator.py
[2024-11-24T08:50:58.749+0000] {processor.py:914} INFO - Processing file /home/airflow/.local/lib/python3.12/site-packages/airflow/example_dags/example_python_decorator.py for tasks to queue
[2024-11-24T08:50:58.756+0000] {logging_mixin.py:190} INFO - [2024-11-24T08:50:58.755+0000] {dagbag.py:588} INFO - Filling up the DagBag from /home/airflow/.local/lib/python3.12/site-packages/airflow/example_dags/example_python_decorator.py
[2024-11-24T08:50:58.789+0000] {processor.py:925} INFO - DAG(s) 'example_python_decorator' retrieved from /home/airflow/.local/lib/python3.12/site-packages/airflow/example_dags/example_python_decorator.py
[2024-11-24T08:50:58.841+0000] {logging_mixin.py:190} INFO - [2024-11-24T08:50:58.841+0000] {dag.py:3239} INFO - Sync 1 DAGs
[2024-11-24T08:50:58.879+0000] {logging_mixin.py:190} INFO - [2024-11-24T08:50:58.878+0000] {dag.py:4180} INFO - Setting next_dagrun for example_python_decorator to None, run_after=None
[2024-11-24T08:50:58.923+0000] {processor.py:208} INFO - Processing /home/airflow/.local/lib/python3.12/site-packages/airflow/example_dags/example_python_decorator.py took 0.193 seconds
[2024-11-24T08:51:29.629+0000] {processor.py:186} INFO - Started process (PID=5019) to work on /home/airflow/.local/lib/python3.12/site-packages/airflow/example_dags/example_python_decorator.py
[2024-11-24T08:51:29.631+0000] {processor.py:914} INFO - Processing file /home/airflow/.local/lib/python3.12/site-packages/airflow/example_dags/example_python_decorator.py for tasks to queue
[2024-11-24T08:51:29.634+0000] {logging_mixin.py:190} INFO - [2024-11-24T08:51:29.634+0000] {dagbag.py:588} INFO - Filling up the DagBag from /home/airflow/.local/lib/python3.12/site-packages/airflow/example_dags/example_python_decorator.py
[2024-11-24T08:51:29.655+0000] {processor.py:925} INFO - DAG(s) 'example_python_decorator' retrieved from /home/airflow/.local/lib/python3.12/site-packages/airflow/example_dags/example_python_decorator.py
[2024-11-24T08:51:29.685+0000] {logging_mixin.py:190} INFO - [2024-11-24T08:51:29.685+0000] {dag.py:3239} INFO - Sync 1 DAGs
[2024-11-24T08:51:29.710+0000] {logging_mixin.py:190} INFO - [2024-11-24T08:51:29.710+0000] {dag.py:4180} INFO - Setting next_dagrun for example_python_decorator to None, run_after=None
[2024-11-24T08:51:29.739+0000] {processor.py:208} INFO - Processing /home/airflow/.local/lib/python3.12/site-packages/airflow/example_dags/example_python_decorator.py took 0.120 seconds
[2024-11-24T08:51:59.884+0000] {processor.py:186} INFO - Started process (PID=5307) to work on /home/airflow/.local/lib/python3.12/site-packages/airflow/example_dags/example_python_decorator.py
[2024-11-24T08:51:59.886+0000] {processor.py:914} INFO - Processing file /home/airflow/.local/lib/python3.12/site-packages/airflow/example_dags/example_python_decorator.py for tasks to queue
[2024-11-24T08:51:59.890+0000] {logging_mixin.py:190} INFO - [2024-11-24T08:51:59.890+0000] {dagbag.py:588} INFO - Filling up the DagBag from /home/airflow/.local/lib/python3.12/site-packages/airflow/example_dags/example_python_decorator.py
[2024-11-24T08:51:59.907+0000] {processor.py:925} INFO - DAG(s) 'example_python_decorator' retrieved from /home/airflow/.local/lib/python3.12/site-packages/airflow/example_dags/example_python_decorator.py
[2024-11-24T08:51:59.933+0000] {logging_mixin.py:190} INFO - [2024-11-24T08:51:59.932+0000] {dag.py:3239} INFO - Sync 1 DAGs
[2024-11-24T08:51:59.945+0000] {logging_mixin.py:190} INFO - [2024-11-24T08:51:59.945+0000] {dag.py:4180} INFO - Setting next_dagrun for example_python_decorator to None, run_after=None
[2024-11-24T08:51:59.974+0000] {processor.py:208} INFO - Processing /home/airflow/.local/lib/python3.12/site-packages/airflow/example_dags/example_python_decorator.py took 0.096 seconds
[2024-11-24T08:53:43.027+0000] {processor.py:186} INFO - Started process (PID=363) to work on /home/airflow/.local/lib/python3.12/site-packages/airflow/example_dags/example_python_decorator.py
[2024-11-24T08:53:43.046+0000] {processor.py:914} INFO - Processing file /home/airflow/.local/lib/python3.12/site-packages/airflow/example_dags/example_python_decorator.py for tasks to queue
[2024-11-24T08:53:43.053+0000] {logging_mixin.py:190} INFO - [2024-11-24T08:53:43.052+0000] {dagbag.py:588} INFO - Filling up the DagBag from /home/airflow/.local/lib/python3.12/site-packages/airflow/example_dags/example_python_decorator.py
[2024-11-24T08:53:43.153+0000] {processor.py:925} INFO - DAG(s) 'example_python_decorator' retrieved from /home/airflow/.local/lib/python3.12/site-packages/airflow/example_dags/example_python_decorator.py
[2024-11-24T08:53:43.950+0000] {logging_mixin.py:190} INFO - [2024-11-24T08:53:43.950+0000] {dag.py:3239} INFO - Sync 1 DAGs
[2024-11-24T08:53:44.017+0000] {logging_mixin.py:190} INFO - [2024-11-24T08:53:44.016+0000] {dag.py:4180} INFO - Setting next_dagrun for example_python_decorator to None, run_after=None
[2024-11-24T08:53:44.093+0000] {processor.py:208} INFO - Processing /home/airflow/.local/lib/python3.12/site-packages/airflow/example_dags/example_python_decorator.py took 1.088 seconds
[2024-11-24T08:54:28.803+0000] {processor.py:186} INFO - Started process (PID=659) to work on /home/airflow/.local/lib/python3.12/site-packages/airflow/example_dags/example_python_decorator.py
[2024-11-24T08:54:28.806+0000] {processor.py:914} INFO - Processing file /home/airflow/.local/lib/python3.12/site-packages/airflow/example_dags/example_python_decorator.py for tasks to queue
[2024-11-24T08:54:28.815+0000] {logging_mixin.py:190} INFO - [2024-11-24T08:54:28.814+0000] {dagbag.py:588} INFO - Filling up the DagBag from /home/airflow/.local/lib/python3.12/site-packages/airflow/example_dags/example_python_decorator.py
[2024-11-24T08:54:28.883+0000] {processor.py:925} INFO - DAG(s) 'example_python_decorator' retrieved from /home/airflow/.local/lib/python3.12/site-packages/airflow/example_dags/example_python_decorator.py
[2024-11-24T08:54:28.993+0000] {logging_mixin.py:190} INFO - [2024-11-24T08:54:28.991+0000] {dag.py:3239} INFO - Sync 1 DAGs
[2024-11-24T08:54:29.071+0000] {logging_mixin.py:190} INFO - [2024-11-24T08:54:29.070+0000] {dag.py:4180} INFO - Setting next_dagrun for example_python_decorator to None, run_after=None
[2024-11-24T08:54:29.204+0000] {processor.py:208} INFO - Processing /home/airflow/.local/lib/python3.12/site-packages/airflow/example_dags/example_python_decorator.py took 0.417 seconds
[2024-11-24T08:55:03.130+0000] {processor.py:186} INFO - Started process (PID=950) to work on /home/airflow/.local/lib/python3.12/site-packages/airflow/example_dags/example_python_decorator.py
[2024-11-24T08:55:03.132+0000] {processor.py:914} INFO - Processing file /home/airflow/.local/lib/python3.12/site-packages/airflow/example_dags/example_python_decorator.py for tasks to queue
[2024-11-24T08:55:03.137+0000] {logging_mixin.py:190} INFO - [2024-11-24T08:55:03.136+0000] {dagbag.py:588} INFO - Filling up the DagBag from /home/airflow/.local/lib/python3.12/site-packages/airflow/example_dags/example_python_decorator.py
[2024-11-24T08:55:03.170+0000] {processor.py:925} INFO - DAG(s) 'example_python_decorator' retrieved from /home/airflow/.local/lib/python3.12/site-packages/airflow/example_dags/example_python_decorator.py
[2024-11-24T08:55:03.220+0000] {logging_mixin.py:190} INFO - [2024-11-24T08:55:03.219+0000] {dag.py:3239} INFO - Sync 1 DAGs
[2024-11-24T08:55:03.252+0000] {logging_mixin.py:190} INFO - [2024-11-24T08:55:03.252+0000] {dag.py:4180} INFO - Setting next_dagrun for example_python_decorator to None, run_after=None
[2024-11-24T08:55:03.288+0000] {processor.py:208} INFO - Processing /home/airflow/.local/lib/python3.12/site-packages/airflow/example_dags/example_python_decorator.py took 0.169 seconds
[2024-11-24T08:55:54.039+0000] {processor.py:186} INFO - Started process (PID=1250) to work on /home/airflow/.local/lib/python3.12/site-packages/airflow/example_dags/example_python_decorator.py
[2024-11-24T08:55:54.042+0000] {processor.py:914} INFO - Processing file /home/airflow/.local/lib/python3.12/site-packages/airflow/example_dags/example_python_decorator.py for tasks to queue
[2024-11-24T08:55:54.048+0000] {logging_mixin.py:190} INFO - [2024-11-24T08:55:54.047+0000] {dagbag.py:588} INFO - Filling up the DagBag from /home/airflow/.local/lib/python3.12/site-packages/airflow/example_dags/example_python_decorator.py
[2024-11-24T08:55:54.088+0000] {processor.py:925} INFO - DAG(s) 'example_python_decorator' retrieved from /home/airflow/.local/lib/python3.12/site-packages/airflow/example_dags/example_python_decorator.py
[2024-11-24T08:55:54.131+0000] {logging_mixin.py:190} INFO - [2024-11-24T08:55:54.131+0000] {dag.py:3239} INFO - Sync 1 DAGs
[2024-11-24T08:55:54.160+0000] {logging_mixin.py:190} INFO - [2024-11-24T08:55:54.160+0000] {dag.py:4180} INFO - Setting next_dagrun for example_python_decorator to None, run_after=None
[2024-11-24T08:55:54.194+0000] {processor.py:208} INFO - Processing /home/airflow/.local/lib/python3.12/site-packages/airflow/example_dags/example_python_decorator.py took 0.171 seconds
[2024-11-24T08:56:26.207+0000] {processor.py:186} INFO - Started process (PID=1540) to work on /home/airflow/.local/lib/python3.12/site-packages/airflow/example_dags/example_python_decorator.py
[2024-11-24T08:56:26.209+0000] {processor.py:914} INFO - Processing file /home/airflow/.local/lib/python3.12/site-packages/airflow/example_dags/example_python_decorator.py for tasks to queue
[2024-11-24T08:56:26.215+0000] {logging_mixin.py:190} INFO - [2024-11-24T08:56:26.214+0000] {dagbag.py:588} INFO - Filling up the DagBag from /home/airflow/.local/lib/python3.12/site-packages/airflow/example_dags/example_python_decorator.py
[2024-11-24T08:56:26.247+0000] {processor.py:925} INFO - DAG(s) 'example_python_decorator' retrieved from /home/airflow/.local/lib/python3.12/site-packages/airflow/example_dags/example_python_decorator.py
[2024-11-24T08:56:26.296+0000] {logging_mixin.py:190} INFO - [2024-11-24T08:56:26.296+0000] {dag.py:3239} INFO - Sync 1 DAGs
[2024-11-24T08:56:26.329+0000] {logging_mixin.py:190} INFO - [2024-11-24T08:56:26.328+0000] {dag.py:4180} INFO - Setting next_dagrun for example_python_decorator to None, run_after=None
[2024-11-24T08:56:26.375+0000] {processor.py:208} INFO - Processing /home/airflow/.local/lib/python3.12/site-packages/airflow/example_dags/example_python_decorator.py took 0.183 seconds
[2024-11-24T08:56:57.223+0000] {processor.py:186} INFO - Started process (PID=1831) to work on /home/airflow/.local/lib/python3.12/site-packages/airflow/example_dags/example_python_decorator.py
[2024-11-24T08:56:57.224+0000] {processor.py:914} INFO - Processing file /home/airflow/.local/lib/python3.12/site-packages/airflow/example_dags/example_python_decorator.py for tasks to queue
[2024-11-24T08:56:57.227+0000] {logging_mixin.py:190} INFO - [2024-11-24T08:56:57.227+0000] {dagbag.py:588} INFO - Filling up the DagBag from /home/airflow/.local/lib/python3.12/site-packages/airflow/example_dags/example_python_decorator.py
[2024-11-24T08:56:57.246+0000] {processor.py:925} INFO - DAG(s) 'example_python_decorator' retrieved from /home/airflow/.local/lib/python3.12/site-packages/airflow/example_dags/example_python_decorator.py
[2024-11-24T08:56:57.275+0000] {logging_mixin.py:190} INFO - [2024-11-24T08:56:57.275+0000] {dag.py:3239} INFO - Sync 1 DAGs
[2024-11-24T08:56:57.293+0000] {logging_mixin.py:190} INFO - [2024-11-24T08:56:57.293+0000] {dag.py:4180} INFO - Setting next_dagrun for example_python_decorator to None, run_after=None
[2024-11-24T08:56:57.318+0000] {processor.py:208} INFO - Processing /home/airflow/.local/lib/python3.12/site-packages/airflow/example_dags/example_python_decorator.py took 0.102 seconds
[2024-11-24T08:57:28.861+0000] {processor.py:186} INFO - Started process (PID=2122) to work on /home/airflow/.local/lib/python3.12/site-packages/airflow/example_dags/example_python_decorator.py
[2024-11-24T08:57:28.865+0000] {processor.py:914} INFO - Processing file /home/airflow/.local/lib/python3.12/site-packages/airflow/example_dags/example_python_decorator.py for tasks to queue
[2024-11-24T08:57:28.873+0000] {logging_mixin.py:190} INFO - [2024-11-24T08:57:28.872+0000] {dagbag.py:588} INFO - Filling up the DagBag from /home/airflow/.local/lib/python3.12/site-packages/airflow/example_dags/example_python_decorator.py
[2024-11-24T08:57:28.935+0000] {processor.py:925} INFO - DAG(s) 'example_python_decorator' retrieved from /home/airflow/.local/lib/python3.12/site-packages/airflow/example_dags/example_python_decorator.py
[2024-11-24T08:57:29.024+0000] {logging_mixin.py:190} INFO - [2024-11-24T08:57:29.023+0000] {dag.py:3239} INFO - Sync 1 DAGs
[2024-11-24T08:57:29.099+0000] {logging_mixin.py:190} INFO - [2024-11-24T08:57:29.097+0000] {dag.py:4180} INFO - Setting next_dagrun for example_python_decorator to None, run_after=None
[2024-11-24T08:57:29.177+0000] {processor.py:208} INFO - Processing /home/airflow/.local/lib/python3.12/site-packages/airflow/example_dags/example_python_decorator.py took 0.339 seconds
[2024-11-24T08:57:59.841+0000] {processor.py:186} INFO - Started process (PID=2410) to work on /home/airflow/.local/lib/python3.12/site-packages/airflow/example_dags/example_python_decorator.py
[2024-11-24T08:57:59.843+0000] {processor.py:914} INFO - Processing file /home/airflow/.local/lib/python3.12/site-packages/airflow/example_dags/example_python_decorator.py for tasks to queue
[2024-11-24T08:57:59.846+0000] {logging_mixin.py:190} INFO - [2024-11-24T08:57:59.846+0000] {dagbag.py:588} INFO - Filling up the DagBag from /home/airflow/.local/lib/python3.12/site-packages/airflow/example_dags/example_python_decorator.py
[2024-11-24T08:57:59.863+0000] {processor.py:925} INFO - DAG(s) 'example_python_decorator' retrieved from /home/airflow/.local/lib/python3.12/site-packages/airflow/example_dags/example_python_decorator.py
[2024-11-24T08:57:59.892+0000] {logging_mixin.py:190} INFO - [2024-11-24T08:57:59.892+0000] {dag.py:3239} INFO - Sync 1 DAGs
[2024-11-24T08:57:59.910+0000] {logging_mixin.py:190} INFO - [2024-11-24T08:57:59.909+0000] {dag.py:4180} INFO - Setting next_dagrun for example_python_decorator to None, run_after=None
[2024-11-24T08:57:59.933+0000] {processor.py:208} INFO - Processing /home/airflow/.local/lib/python3.12/site-packages/airflow/example_dags/example_python_decorator.py took 0.098 seconds
[2024-11-24T08:58:30.538+0000] {processor.py:186} INFO - Started process (PID=2699) to work on /home/airflow/.local/lib/python3.12/site-packages/airflow/example_dags/example_python_decorator.py
[2024-11-24T08:58:30.541+0000] {processor.py:914} INFO - Processing file /home/airflow/.local/lib/python3.12/site-packages/airflow/example_dags/example_python_decorator.py for tasks to queue
[2024-11-24T08:58:30.547+0000] {logging_mixin.py:190} INFO - [2024-11-24T08:58:30.546+0000] {dagbag.py:588} INFO - Filling up the DagBag from /home/airflow/.local/lib/python3.12/site-packages/airflow/example_dags/example_python_decorator.py
[2024-11-24T08:58:30.587+0000] {processor.py:925} INFO - DAG(s) 'example_python_decorator' retrieved from /home/airflow/.local/lib/python3.12/site-packages/airflow/example_dags/example_python_decorator.py
[2024-11-24T08:58:30.647+0000] {logging_mixin.py:190} INFO - [2024-11-24T08:58:30.646+0000] {dag.py:3239} INFO - Sync 1 DAGs
[2024-11-24T08:58:30.688+0000] {logging_mixin.py:190} INFO - [2024-11-24T08:58:30.688+0000] {dag.py:4180} INFO - Setting next_dagrun for example_python_decorator to None, run_after=None
[2024-11-24T08:58:30.736+0000] {processor.py:208} INFO - Processing /home/airflow/.local/lib/python3.12/site-packages/airflow/example_dags/example_python_decorator.py took 0.214 seconds
[2024-11-24T08:59:01.443+0000] {processor.py:186} INFO - Started process (PID=2990) to work on /home/airflow/.local/lib/python3.12/site-packages/airflow/example_dags/example_python_decorator.py
[2024-11-24T08:59:01.444+0000] {processor.py:914} INFO - Processing file /home/airflow/.local/lib/python3.12/site-packages/airflow/example_dags/example_python_decorator.py for tasks to queue
[2024-11-24T08:59:01.448+0000] {logging_mixin.py:190} INFO - [2024-11-24T08:59:01.448+0000] {dagbag.py:588} INFO - Filling up the DagBag from /home/airflow/.local/lib/python3.12/site-packages/airflow/example_dags/example_python_decorator.py
[2024-11-24T08:59:01.480+0000] {processor.py:925} INFO - DAG(s) 'example_python_decorator' retrieved from /home/airflow/.local/lib/python3.12/site-packages/airflow/example_dags/example_python_decorator.py
[2024-11-24T08:59:01.520+0000] {logging_mixin.py:190} INFO - [2024-11-24T08:59:01.520+0000] {dag.py:3239} INFO - Sync 1 DAGs
[2024-11-24T08:59:01.551+0000] {logging_mixin.py:190} INFO - [2024-11-24T08:59:01.551+0000] {dag.py:4180} INFO - Setting next_dagrun for example_python_decorator to None, run_after=None
[2024-11-24T08:59:01.587+0000] {processor.py:208} INFO - Processing /home/airflow/.local/lib/python3.12/site-packages/airflow/example_dags/example_python_decorator.py took 0.155 seconds
[2024-11-24T08:59:32.565+0000] {processor.py:186} INFO - Started process (PID=3283) to work on /home/airflow/.local/lib/python3.12/site-packages/airflow/example_dags/example_python_decorator.py
[2024-11-24T08:59:32.566+0000] {processor.py:914} INFO - Processing file /home/airflow/.local/lib/python3.12/site-packages/airflow/example_dags/example_python_decorator.py for tasks to queue
[2024-11-24T08:59:32.569+0000] {logging_mixin.py:190} INFO - [2024-11-24T08:59:32.569+0000] {dagbag.py:588} INFO - Filling up the DagBag from /home/airflow/.local/lib/python3.12/site-packages/airflow/example_dags/example_python_decorator.py
[2024-11-24T08:59:32.591+0000] {processor.py:925} INFO - DAG(s) 'example_python_decorator' retrieved from /home/airflow/.local/lib/python3.12/site-packages/airflow/example_dags/example_python_decorator.py
[2024-11-24T08:59:32.635+0000] {logging_mixin.py:190} INFO - [2024-11-24T08:59:32.634+0000] {dag.py:3239} INFO - Sync 1 DAGs
[2024-11-24T08:59:32.665+0000] {logging_mixin.py:190} INFO - [2024-11-24T08:59:32.664+0000] {dag.py:4180} INFO - Setting next_dagrun for example_python_decorator to None, run_after=None
[2024-11-24T08:59:32.703+0000] {processor.py:208} INFO - Processing /home/airflow/.local/lib/python3.12/site-packages/airflow/example_dags/example_python_decorator.py took 0.152 seconds
[2024-11-24T09:00:05.033+0000] {processor.py:186} INFO - Started process (PID=3572) to work on /home/airflow/.local/lib/python3.12/site-packages/airflow/example_dags/example_python_decorator.py
[2024-11-24T09:00:05.039+0000] {processor.py:914} INFO - Processing file /home/airflow/.local/lib/python3.12/site-packages/airflow/example_dags/example_python_decorator.py for tasks to queue
[2024-11-24T09:00:05.047+0000] {logging_mixin.py:190} INFO - [2024-11-24T09:00:05.046+0000] {dagbag.py:588} INFO - Filling up the DagBag from /home/airflow/.local/lib/python3.12/site-packages/airflow/example_dags/example_python_decorator.py
[2024-11-24T09:00:05.100+0000] {processor.py:925} INFO - DAG(s) 'example_python_decorator' retrieved from /home/airflow/.local/lib/python3.12/site-packages/airflow/example_dags/example_python_decorator.py
[2024-11-24T09:00:05.165+0000] {logging_mixin.py:190} INFO - [2024-11-24T09:00:05.165+0000] {dag.py:3239} INFO - Sync 1 DAGs
[2024-11-24T09:00:05.205+0000] {logging_mixin.py:190} INFO - [2024-11-24T09:00:05.204+0000] {dag.py:4180} INFO - Setting next_dagrun for example_python_decorator to None, run_after=None
[2024-11-24T09:00:05.264+0000] {processor.py:208} INFO - Processing /home/airflow/.local/lib/python3.12/site-packages/airflow/example_dags/example_python_decorator.py took 0.251 seconds
[2024-11-24T09:00:35.349+0000] {processor.py:186} INFO - Started process (PID=3863) to work on /home/airflow/.local/lib/python3.12/site-packages/airflow/example_dags/example_python_decorator.py
[2024-11-24T09:00:35.352+0000] {processor.py:914} INFO - Processing file /home/airflow/.local/lib/python3.12/site-packages/airflow/example_dags/example_python_decorator.py for tasks to queue
[2024-11-24T09:00:35.356+0000] {logging_mixin.py:190} INFO - [2024-11-24T09:00:35.355+0000] {dagbag.py:588} INFO - Filling up the DagBag from /home/airflow/.local/lib/python3.12/site-packages/airflow/example_dags/example_python_decorator.py
[2024-11-24T09:00:35.384+0000] {processor.py:925} INFO - DAG(s) 'example_python_decorator' retrieved from /home/airflow/.local/lib/python3.12/site-packages/airflow/example_dags/example_python_decorator.py
[2024-11-24T09:00:35.427+0000] {logging_mixin.py:190} INFO - [2024-11-24T09:00:35.427+0000] {dag.py:3239} INFO - Sync 1 DAGs
[2024-11-24T09:00:35.457+0000] {logging_mixin.py:190} INFO - [2024-11-24T09:00:35.457+0000] {dag.py:4180} INFO - Setting next_dagrun for example_python_decorator to None, run_after=None
[2024-11-24T09:00:35.498+0000] {processor.py:208} INFO - Processing /home/airflow/.local/lib/python3.12/site-packages/airflow/example_dags/example_python_decorator.py took 0.161 seconds
[2024-11-24T09:01:08.258+0000] {processor.py:186} INFO - Started process (PID=4156) to work on /home/airflow/.local/lib/python3.12/site-packages/airflow/example_dags/example_python_decorator.py
[2024-11-24T09:01:08.260+0000] {processor.py:914} INFO - Processing file /home/airflow/.local/lib/python3.12/site-packages/airflow/example_dags/example_python_decorator.py for tasks to queue
[2024-11-24T09:01:08.265+0000] {logging_mixin.py:190} INFO - [2024-11-24T09:01:08.265+0000] {dagbag.py:588} INFO - Filling up the DagBag from /home/airflow/.local/lib/python3.12/site-packages/airflow/example_dags/example_python_decorator.py
[2024-11-24T09:01:08.297+0000] {processor.py:925} INFO - DAG(s) 'example_python_decorator' retrieved from /home/airflow/.local/lib/python3.12/site-packages/airflow/example_dags/example_python_decorator.py
[2024-11-24T09:01:08.347+0000] {logging_mixin.py:190} INFO - [2024-11-24T09:01:08.346+0000] {dag.py:3239} INFO - Sync 1 DAGs
[2024-11-24T09:01:08.379+0000] {logging_mixin.py:190} INFO - [2024-11-24T09:01:08.378+0000] {dag.py:4180} INFO - Setting next_dagrun for example_python_decorator to None, run_after=None
[2024-11-24T09:01:08.421+0000] {processor.py:208} INFO - Processing /home/airflow/.local/lib/python3.12/site-packages/airflow/example_dags/example_python_decorator.py took 0.177 seconds
[2024-11-24T09:01:38.547+0000] {processor.py:186} INFO - Started process (PID=4445) to work on /home/airflow/.local/lib/python3.12/site-packages/airflow/example_dags/example_python_decorator.py
[2024-11-24T09:01:38.548+0000] {processor.py:914} INFO - Processing file /home/airflow/.local/lib/python3.12/site-packages/airflow/example_dags/example_python_decorator.py for tasks to queue
[2024-11-24T09:01:38.552+0000] {logging_mixin.py:190} INFO - [2024-11-24T09:01:38.551+0000] {dagbag.py:588} INFO - Filling up the DagBag from /home/airflow/.local/lib/python3.12/site-packages/airflow/example_dags/example_python_decorator.py
[2024-11-24T09:01:38.571+0000] {processor.py:925} INFO - DAG(s) 'example_python_decorator' retrieved from /home/airflow/.local/lib/python3.12/site-packages/airflow/example_dags/example_python_decorator.py
[2024-11-24T09:01:38.593+0000] {logging_mixin.py:190} INFO - [2024-11-24T09:01:38.592+0000] {dag.py:3239} INFO - Sync 1 DAGs
[2024-11-24T09:01:38.608+0000] {logging_mixin.py:190} INFO - [2024-11-24T09:01:38.607+0000] {dag.py:4180} INFO - Setting next_dagrun for example_python_decorator to None, run_after=None
[2024-11-24T09:01:38.630+0000] {processor.py:208} INFO - Processing /home/airflow/.local/lib/python3.12/site-packages/airflow/example_dags/example_python_decorator.py took 0.090 seconds
[2024-11-24T09:02:09.637+0000] {processor.py:186} INFO - Started process (PID=4738) to work on /home/airflow/.local/lib/python3.12/site-packages/airflow/example_dags/example_python_decorator.py
[2024-11-24T09:02:09.638+0000] {processor.py:914} INFO - Processing file /home/airflow/.local/lib/python3.12/site-packages/airflow/example_dags/example_python_decorator.py for tasks to queue
[2024-11-24T09:02:09.641+0000] {logging_mixin.py:190} INFO - [2024-11-24T09:02:09.640+0000] {dagbag.py:588} INFO - Filling up the DagBag from /home/airflow/.local/lib/python3.12/site-packages/airflow/example_dags/example_python_decorator.py
[2024-11-24T09:02:09.662+0000] {processor.py:925} INFO - DAG(s) 'example_python_decorator' retrieved from /home/airflow/.local/lib/python3.12/site-packages/airflow/example_dags/example_python_decorator.py
[2024-11-24T09:02:09.691+0000] {logging_mixin.py:190} INFO - [2024-11-24T09:02:09.691+0000] {dag.py:3239} INFO - Sync 1 DAGs
[2024-11-24T09:02:09.709+0000] {logging_mixin.py:190} INFO - [2024-11-24T09:02:09.708+0000] {dag.py:4180} INFO - Setting next_dagrun for example_python_decorator to None, run_after=None
[2024-11-24T09:02:09.736+0000] {processor.py:208} INFO - Processing /home/airflow/.local/lib/python3.12/site-packages/airflow/example_dags/example_python_decorator.py took 0.104 seconds
[2024-11-24T09:02:41.679+0000] {processor.py:186} INFO - Started process (PID=5062) to work on /home/airflow/.local/lib/python3.12/site-packages/airflow/example_dags/example_python_decorator.py
[2024-11-24T09:02:41.682+0000] {processor.py:914} INFO - Processing file /home/airflow/.local/lib/python3.12/site-packages/airflow/example_dags/example_python_decorator.py for tasks to queue
[2024-11-24T09:02:41.691+0000] {logging_mixin.py:190} INFO - [2024-11-24T09:02:41.689+0000] {dagbag.py:588} INFO - Filling up the DagBag from /home/airflow/.local/lib/python3.12/site-packages/airflow/example_dags/example_python_decorator.py
[2024-11-24T09:02:41.747+0000] {processor.py:925} INFO - DAG(s) 'example_python_decorator' retrieved from /home/airflow/.local/lib/python3.12/site-packages/airflow/example_dags/example_python_decorator.py
[2024-11-24T09:02:41.822+0000] {logging_mixin.py:190} INFO - [2024-11-24T09:02:41.821+0000] {dag.py:3239} INFO - Sync 1 DAGs
[2024-11-24T09:02:41.874+0000] {logging_mixin.py:190} INFO - [2024-11-24T09:02:41.873+0000] {dag.py:4180} INFO - Setting next_dagrun for example_python_decorator to None, run_after=None
[2024-11-24T09:02:41.933+0000] {processor.py:208} INFO - Processing /home/airflow/.local/lib/python3.12/site-packages/airflow/example_dags/example_python_decorator.py took 0.272 seconds
[2024-11-24T09:03:18.442+0000] {processor.py:186} INFO - Started process (PID=5347) to work on /home/airflow/.local/lib/python3.12/site-packages/airflow/example_dags/example_python_decorator.py
[2024-11-24T09:03:18.445+0000] {processor.py:914} INFO - Processing file /home/airflow/.local/lib/python3.12/site-packages/airflow/example_dags/example_python_decorator.py for tasks to queue
[2024-11-24T09:03:18.499+0000] {logging_mixin.py:190} INFO - [2024-11-24T09:03:18.498+0000] {dagbag.py:588} INFO - Filling up the DagBag from /home/airflow/.local/lib/python3.12/site-packages/airflow/example_dags/example_python_decorator.py
[2024-11-24T09:03:18.587+0000] {processor.py:925} INFO - DAG(s) 'example_python_decorator' retrieved from /home/airflow/.local/lib/python3.12/site-packages/airflow/example_dags/example_python_decorator.py
[2024-11-24T09:03:18.749+0000] {logging_mixin.py:190} INFO - [2024-11-24T09:03:18.749+0000] {dag.py:3239} INFO - Sync 1 DAGs
[2024-11-24T09:03:19.474+0000] {logging_mixin.py:190} INFO - [2024-11-24T09:03:19.471+0000] {dag.py:4180} INFO - Setting next_dagrun for example_python_decorator to None, run_after=None
[2024-11-24T09:03:19.869+0000] {processor.py:208} INFO - Processing /home/airflow/.local/lib/python3.12/site-packages/airflow/example_dags/example_python_decorator.py took 1.469 seconds
[2024-11-24T09:03:54.064+0000] {processor.py:186} INFO - Started process (PID=5654) to work on /home/airflow/.local/lib/python3.12/site-packages/airflow/example_dags/example_python_decorator.py
[2024-11-24T09:03:54.066+0000] {processor.py:914} INFO - Processing file /home/airflow/.local/lib/python3.12/site-packages/airflow/example_dags/example_python_decorator.py for tasks to queue
[2024-11-24T09:03:54.071+0000] {logging_mixin.py:190} INFO - [2024-11-24T09:03:54.070+0000] {dagbag.py:588} INFO - Filling up the DagBag from /home/airflow/.local/lib/python3.12/site-packages/airflow/example_dags/example_python_decorator.py
[2024-11-24T09:03:54.096+0000] {processor.py:925} INFO - DAG(s) 'example_python_decorator' retrieved from /home/airflow/.local/lib/python3.12/site-packages/airflow/example_dags/example_python_decorator.py
[2024-11-24T09:03:54.141+0000] {logging_mixin.py:190} INFO - [2024-11-24T09:03:54.140+0000] {dag.py:3239} INFO - Sync 1 DAGs
[2024-11-24T09:03:54.173+0000] {logging_mixin.py:190} INFO - [2024-11-24T09:03:54.172+0000] {dag.py:4180} INFO - Setting next_dagrun for example_python_decorator to None, run_after=None
[2024-11-24T09:03:54.206+0000] {processor.py:208} INFO - Processing /home/airflow/.local/lib/python3.12/site-packages/airflow/example_dags/example_python_decorator.py took 0.152 seconds
[2024-11-24T09:04:24.566+0000] {processor.py:186} INFO - Started process (PID=5945) to work on /home/airflow/.local/lib/python3.12/site-packages/airflow/example_dags/example_python_decorator.py
[2024-11-24T09:04:24.568+0000] {processor.py:914} INFO - Processing file /home/airflow/.local/lib/python3.12/site-packages/airflow/example_dags/example_python_decorator.py for tasks to queue
[2024-11-24T09:04:24.573+0000] {logging_mixin.py:190} INFO - [2024-11-24T09:04:24.573+0000] {dagbag.py:588} INFO - Filling up the DagBag from /home/airflow/.local/lib/python3.12/site-packages/airflow/example_dags/example_python_decorator.py
[2024-11-24T09:04:24.606+0000] {processor.py:925} INFO - DAG(s) 'example_python_decorator' retrieved from /home/airflow/.local/lib/python3.12/site-packages/airflow/example_dags/example_python_decorator.py
[2024-11-24T09:04:24.647+0000] {logging_mixin.py:190} INFO - [2024-11-24T09:04:24.647+0000] {dag.py:3239} INFO - Sync 1 DAGs
[2024-11-24T09:04:24.675+0000] {logging_mixin.py:190} INFO - [2024-11-24T09:04:24.675+0000] {dag.py:4180} INFO - Setting next_dagrun for example_python_decorator to None, run_after=None
[2024-11-24T09:04:24.714+0000] {processor.py:208} INFO - Processing /home/airflow/.local/lib/python3.12/site-packages/airflow/example_dags/example_python_decorator.py took 0.163 seconds
[2024-11-24T09:04:58.388+0000] {processor.py:186} INFO - Started process (PID=6266) to work on /home/airflow/.local/lib/python3.12/site-packages/airflow/example_dags/example_python_decorator.py
[2024-11-24T09:04:58.391+0000] {processor.py:914} INFO - Processing file /home/airflow/.local/lib/python3.12/site-packages/airflow/example_dags/example_python_decorator.py for tasks to queue
[2024-11-24T09:04:58.401+0000] {logging_mixin.py:190} INFO - [2024-11-24T09:04:58.400+0000] {dagbag.py:588} INFO - Filling up the DagBag from /home/airflow/.local/lib/python3.12/site-packages/airflow/example_dags/example_python_decorator.py
[2024-11-24T09:04:58.458+0000] {processor.py:925} INFO - DAG(s) 'example_python_decorator' retrieved from /home/airflow/.local/lib/python3.12/site-packages/airflow/example_dags/example_python_decorator.py
[2024-11-24T09:04:58.514+0000] {logging_mixin.py:190} INFO - [2024-11-24T09:04:58.513+0000] {dag.py:3239} INFO - Sync 1 DAGs
[2024-11-24T09:04:58.550+0000] {logging_mixin.py:190} INFO - [2024-11-24T09:04:58.549+0000] {dag.py:4180} INFO - Setting next_dagrun for example_python_decorator to None, run_after=None
[2024-11-24T09:04:58.596+0000] {processor.py:208} INFO - Processing /home/airflow/.local/lib/python3.12/site-packages/airflow/example_dags/example_python_decorator.py took 0.226 seconds
[2024-11-24T09:05:35.591+0000] {processor.py:186} INFO - Started process (PID=6559) to work on /home/airflow/.local/lib/python3.12/site-packages/airflow/example_dags/example_python_decorator.py
[2024-11-24T09:05:35.594+0000] {processor.py:914} INFO - Processing file /home/airflow/.local/lib/python3.12/site-packages/airflow/example_dags/example_python_decorator.py for tasks to queue
[2024-11-24T09:05:35.610+0000] {logging_mixin.py:190} INFO - [2024-11-24T09:05:35.609+0000] {dagbag.py:588} INFO - Filling up the DagBag from /home/airflow/.local/lib/python3.12/site-packages/airflow/example_dags/example_python_decorator.py
[2024-11-24T09:05:35.744+0000] {processor.py:925} INFO - DAG(s) 'example_python_decorator' retrieved from /home/airflow/.local/lib/python3.12/site-packages/airflow/example_dags/example_python_decorator.py
[2024-11-24T09:05:35.933+0000] {logging_mixin.py:190} INFO - [2024-11-24T09:05:35.932+0000] {dag.py:3239} INFO - Sync 1 DAGs
[2024-11-24T09:05:36.138+0000] {logging_mixin.py:190} INFO - [2024-11-24T09:05:36.137+0000] {dag.py:4180} INFO - Setting next_dagrun for example_python_decorator to None, run_after=None
[2024-11-24T09:05:36.325+0000] {processor.py:208} INFO - Processing /home/airflow/.local/lib/python3.12/site-packages/airflow/example_dags/example_python_decorator.py took 0.783 seconds
[2024-11-24T09:06:07.347+0000] {processor.py:186} INFO - Started process (PID=6850) to work on /home/airflow/.local/lib/python3.12/site-packages/airflow/example_dags/example_python_decorator.py
[2024-11-24T09:06:07.350+0000] {processor.py:914} INFO - Processing file /home/airflow/.local/lib/python3.12/site-packages/airflow/example_dags/example_python_decorator.py for tasks to queue
[2024-11-24T09:06:07.355+0000] {logging_mixin.py:190} INFO - [2024-11-24T09:06:07.354+0000] {dagbag.py:588} INFO - Filling up the DagBag from /home/airflow/.local/lib/python3.12/site-packages/airflow/example_dags/example_python_decorator.py
[2024-11-24T09:06:07.379+0000] {processor.py:925} INFO - DAG(s) 'example_python_decorator' retrieved from /home/airflow/.local/lib/python3.12/site-packages/airflow/example_dags/example_python_decorator.py
[2024-11-24T09:06:07.418+0000] {logging_mixin.py:190} INFO - [2024-11-24T09:06:07.418+0000] {dag.py:3239} INFO - Sync 1 DAGs
[2024-11-24T09:06:07.443+0000] {logging_mixin.py:190} INFO - [2024-11-24T09:06:07.443+0000] {dag.py:4180} INFO - Setting next_dagrun for example_python_decorator to None, run_after=None
[2024-11-24T09:06:07.478+0000] {processor.py:208} INFO - Processing /home/airflow/.local/lib/python3.12/site-packages/airflow/example_dags/example_python_decorator.py took 0.142 seconds
