[2024-11-24T08:43:02.391+0000] {processor.py:186} INFO - Started process (PID=373) to work on /home/airflow/.local/lib/python3.12/site-packages/airflow/example_dags/example_inlet_event_extra.py
[2024-11-24T08:43:02.392+0000] {processor.py:914} INFO - Processing file /home/airflow/.local/lib/python3.12/site-packages/airflow/example_dags/example_inlet_event_extra.py for tasks to queue
[2024-11-24T08:43:02.395+0000] {logging_mixin.py:190} INFO - [2024-11-24T08:43:02.395+0000] {dagbag.py:588} INFO - Filling up the DagBag from /home/airflow/.local/lib/python3.12/site-packages/airflow/example_dags/example_inlet_event_extra.py
[2024-11-24T08:43:03.191+0000] {processor.py:925} INFO - DAG(s) 'read_dataset_event', 'read_dataset_event_from_classic' retrieved from /home/airflow/.local/lib/python3.12/site-packages/airflow/example_dags/example_inlet_event_extra.py
[2024-11-24T08:43:03.373+0000] {logging_mixin.py:190} INFO - [2024-11-24T08:43:03.372+0000] {override.py:1911} INFO - Created Permission View: can read on DAG:read_dataset_event
[2024-11-24T08:43:03.393+0000] {logging_mixin.py:190} INFO - [2024-11-24T08:43:03.392+0000] {override.py:1911} INFO - Created Permission View: can edit on DAG:read_dataset_event
[2024-11-24T08:43:03.407+0000] {logging_mixin.py:190} INFO - [2024-11-24T08:43:03.406+0000] {override.py:1911} INFO - Created Permission View: can delete on DAG:read_dataset_event
[2024-11-24T08:43:03.424+0000] {logging_mixin.py:190} INFO - [2024-11-24T08:43:03.423+0000] {override.py:1911} INFO - Created Permission View: can read on DAG Run:read_dataset_event
[2024-11-24T08:43:03.437+0000] {logging_mixin.py:190} INFO - [2024-11-24T08:43:03.436+0000] {override.py:1911} INFO - Created Permission View: can delete on DAG Run:read_dataset_event
[2024-11-24T08:43:03.449+0000] {logging_mixin.py:190} INFO - [2024-11-24T08:43:03.448+0000] {override.py:1911} INFO - Created Permission View: can create on DAG Run:read_dataset_event
[2024-11-24T08:43:03.460+0000] {logging_mixin.py:190} INFO - [2024-11-24T08:43:03.460+0000] {override.py:1911} INFO - Created Permission View: menu access on DAG Run:read_dataset_event
[2024-11-24T08:43:03.483+0000] {logging_mixin.py:190} INFO - [2024-11-24T08:43:03.482+0000] {override.py:1911} INFO - Created Permission View: can read on DAG:read_dataset_event_from_classic
[2024-11-24T08:43:03.493+0000] {logging_mixin.py:190} INFO - [2024-11-24T08:43:03.492+0000] {override.py:1911} INFO - Created Permission View: can edit on DAG:read_dataset_event_from_classic
[2024-11-24T08:43:03.503+0000] {logging_mixin.py:190} INFO - [2024-11-24T08:43:03.502+0000] {override.py:1911} INFO - Created Permission View: can delete on DAG:read_dataset_event_from_classic
[2024-11-24T08:43:03.515+0000] {logging_mixin.py:190} INFO - [2024-11-24T08:43:03.515+0000] {override.py:1911} INFO - Created Permission View: can read on DAG Run:read_dataset_event_from_classic
[2024-11-24T08:43:03.527+0000] {logging_mixin.py:190} INFO - [2024-11-24T08:43:03.526+0000] {override.py:1911} INFO - Created Permission View: can delete on DAG Run:read_dataset_event_from_classic
[2024-11-24T08:43:03.540+0000] {logging_mixin.py:190} INFO - [2024-11-24T08:43:03.539+0000] {override.py:1911} INFO - Created Permission View: can create on DAG Run:read_dataset_event_from_classic
[2024-11-24T08:43:03.552+0000] {logging_mixin.py:190} INFO - [2024-11-24T08:43:03.551+0000] {override.py:1911} INFO - Created Permission View: menu access on DAG Run:read_dataset_event_from_classic
[2024-11-24T08:43:03.553+0000] {logging_mixin.py:190} INFO - [2024-11-24T08:43:03.553+0000] {dag.py:3239} INFO - Sync 2 DAGs
[2024-11-24T08:43:03.578+0000] {logging_mixin.py:190} INFO - [2024-11-24T08:43:03.577+0000] {dag.py:3262} INFO - Creating ORM DAG for read_dataset_event
[2024-11-24T08:43:03.580+0000] {logging_mixin.py:190} INFO - [2024-11-24T08:43:03.580+0000] {dag.py:3262} INFO - Creating ORM DAG for read_dataset_event_from_classic
[2024-11-24T08:43:03.596+0000] {logging_mixin.py:190} INFO - [2024-11-24T08:43:03.596+0000] {dag.py:4180} INFO - Setting next_dagrun for read_dataset_event to 2024-11-23 00:00:00+00:00, run_after=2024-11-24 00:00:00+00:00
[2024-11-24T08:43:03.601+0000] {logging_mixin.py:190} INFO - [2024-11-24T08:43:03.601+0000] {dag.py:4180} INFO - Setting next_dagrun for read_dataset_event_from_classic to 2024-11-23 00:00:00+00:00, run_after=2024-11-24 00:00:00+00:00
[2024-11-24T08:43:03.632+0000] {processor.py:208} INFO - Processing /home/airflow/.local/lib/python3.12/site-packages/airflow/example_dags/example_inlet_event_extra.py took 1.248 seconds
[2024-11-24T08:43:34.320+0000] {processor.py:186} INFO - Started process (PID=676) to work on /home/airflow/.local/lib/python3.12/site-packages/airflow/example_dags/example_inlet_event_extra.py
[2024-11-24T08:43:34.322+0000] {processor.py:914} INFO - Processing file /home/airflow/.local/lib/python3.12/site-packages/airflow/example_dags/example_inlet_event_extra.py for tasks to queue
[2024-11-24T08:43:34.324+0000] {logging_mixin.py:190} INFO - [2024-11-24T08:43:34.324+0000] {dagbag.py:588} INFO - Filling up the DagBag from /home/airflow/.local/lib/python3.12/site-packages/airflow/example_dags/example_inlet_event_extra.py
[2024-11-24T08:43:35.119+0000] {processor.py:925} INFO - DAG(s) 'read_dataset_event', 'read_dataset_event_from_classic' retrieved from /home/airflow/.local/lib/python3.12/site-packages/airflow/example_dags/example_inlet_event_extra.py
[2024-11-24T08:43:35.149+0000] {logging_mixin.py:190} INFO - [2024-11-24T08:43:35.149+0000] {dag.py:3239} INFO - Sync 2 DAGs
[2024-11-24T08:43:35.193+0000] {logging_mixin.py:190} INFO - [2024-11-24T08:43:35.192+0000] {dag.py:4180} INFO - Setting next_dagrun for read_dataset_event to 2024-11-23 00:00:00+00:00, run_after=2024-11-24 00:00:00+00:00
[2024-11-24T08:43:35.200+0000] {logging_mixin.py:190} INFO - [2024-11-24T08:43:35.200+0000] {dag.py:4180} INFO - Setting next_dagrun for read_dataset_event_from_classic to 2024-11-23 00:00:00+00:00, run_after=2024-11-24 00:00:00+00:00
[2024-11-24T08:43:35.229+0000] {processor.py:208} INFO - Processing /home/airflow/.local/lib/python3.12/site-packages/airflow/example_dags/example_inlet_event_extra.py took 0.915 seconds
[2024-11-24T08:44:05.293+0000] {processor.py:186} INFO - Started process (PID=967) to work on /home/airflow/.local/lib/python3.12/site-packages/airflow/example_dags/example_inlet_event_extra.py
[2024-11-24T08:44:05.294+0000] {processor.py:914} INFO - Processing file /home/airflow/.local/lib/python3.12/site-packages/airflow/example_dags/example_inlet_event_extra.py for tasks to queue
[2024-11-24T08:44:05.298+0000] {logging_mixin.py:190} INFO - [2024-11-24T08:44:05.298+0000] {dagbag.py:588} INFO - Filling up the DagBag from /home/airflow/.local/lib/python3.12/site-packages/airflow/example_dags/example_inlet_event_extra.py
[2024-11-24T08:44:05.877+0000] {processor.py:925} INFO - DAG(s) 'read_dataset_event_from_classic', 'read_dataset_event' retrieved from /home/airflow/.local/lib/python3.12/site-packages/airflow/example_dags/example_inlet_event_extra.py
[2024-11-24T08:44:05.899+0000] {logging_mixin.py:190} INFO - [2024-11-24T08:44:05.899+0000] {dag.py:3239} INFO - Sync 2 DAGs
[2024-11-24T08:44:05.926+0000] {logging_mixin.py:190} INFO - [2024-11-24T08:44:05.925+0000] {dag.py:4180} INFO - Setting next_dagrun for read_dataset_event to 2024-11-23 00:00:00+00:00, run_after=2024-11-24 00:00:00+00:00
[2024-11-24T08:44:05.932+0000] {logging_mixin.py:190} INFO - [2024-11-24T08:44:05.932+0000] {dag.py:4180} INFO - Setting next_dagrun for read_dataset_event_from_classic to 2024-11-23 00:00:00+00:00, run_after=2024-11-24 00:00:00+00:00
[2024-11-24T08:44:05.959+0000] {processor.py:208} INFO - Processing /home/airflow/.local/lib/python3.12/site-packages/airflow/example_dags/example_inlet_event_extra.py took 0.675 seconds
[2024-11-24T08:44:36.160+0000] {processor.py:186} INFO - Started process (PID=1273) to work on /home/airflow/.local/lib/python3.12/site-packages/airflow/example_dags/example_inlet_event_extra.py
[2024-11-24T08:44:36.162+0000] {processor.py:914} INFO - Processing file /home/airflow/.local/lib/python3.12/site-packages/airflow/example_dags/example_inlet_event_extra.py for tasks to queue
[2024-11-24T08:44:36.164+0000] {logging_mixin.py:190} INFO - [2024-11-24T08:44:36.164+0000] {dagbag.py:588} INFO - Filling up the DagBag from /home/airflow/.local/lib/python3.12/site-packages/airflow/example_dags/example_inlet_event_extra.py
[2024-11-24T08:44:36.797+0000] {processor.py:925} INFO - DAG(s) 'read_dataset_event_from_classic', 'read_dataset_event' retrieved from /home/airflow/.local/lib/python3.12/site-packages/airflow/example_dags/example_inlet_event_extra.py
[2024-11-24T08:44:36.820+0000] {logging_mixin.py:190} INFO - [2024-11-24T08:44:36.820+0000] {dag.py:3239} INFO - Sync 2 DAGs
[2024-11-24T08:44:36.844+0000] {logging_mixin.py:190} INFO - [2024-11-24T08:44:36.843+0000] {dag.py:4180} INFO - Setting next_dagrun for read_dataset_event to 2024-11-23 00:00:00+00:00, run_after=2024-11-24 00:00:00+00:00
[2024-11-24T08:44:36.849+0000] {logging_mixin.py:190} INFO - [2024-11-24T08:44:36.848+0000] {dag.py:4180} INFO - Setting next_dagrun for read_dataset_event_from_classic to 2024-11-23 00:00:00+00:00, run_after=2024-11-24 00:00:00+00:00
[2024-11-24T08:44:36.870+0000] {processor.py:208} INFO - Processing /home/airflow/.local/lib/python3.12/site-packages/airflow/example_dags/example_inlet_event_extra.py took 0.716 seconds
[2024-11-24T08:45:06.951+0000] {processor.py:186} INFO - Started process (PID=1582) to work on /home/airflow/.local/lib/python3.12/site-packages/airflow/example_dags/example_inlet_event_extra.py
[2024-11-24T08:45:06.952+0000] {processor.py:914} INFO - Processing file /home/airflow/.local/lib/python3.12/site-packages/airflow/example_dags/example_inlet_event_extra.py for tasks to queue
[2024-11-24T08:45:06.954+0000] {logging_mixin.py:190} INFO - [2024-11-24T08:45:06.954+0000] {dagbag.py:588} INFO - Filling up the DagBag from /home/airflow/.local/lib/python3.12/site-packages/airflow/example_dags/example_inlet_event_extra.py
[2024-11-24T08:45:07.507+0000] {processor.py:925} INFO - DAG(s) 'read_dataset_event_from_classic', 'read_dataset_event' retrieved from /home/airflow/.local/lib/python3.12/site-packages/airflow/example_dags/example_inlet_event_extra.py
[2024-11-24T08:45:07.531+0000] {logging_mixin.py:190} INFO - [2024-11-24T08:45:07.531+0000] {dag.py:3239} INFO - Sync 2 DAGs
[2024-11-24T08:45:07.551+0000] {logging_mixin.py:190} INFO - [2024-11-24T08:45:07.551+0000] {dag.py:4180} INFO - Setting next_dagrun for read_dataset_event to 2024-11-23 00:00:00+00:00, run_after=2024-11-24 00:00:00+00:00
[2024-11-24T08:45:07.556+0000] {logging_mixin.py:190} INFO - [2024-11-24T08:45:07.556+0000] {dag.py:4180} INFO - Setting next_dagrun for read_dataset_event_from_classic to 2024-11-23 00:00:00+00:00, run_after=2024-11-24 00:00:00+00:00
[2024-11-24T08:45:07.578+0000] {processor.py:208} INFO - Processing /home/airflow/.local/lib/python3.12/site-packages/airflow/example_dags/example_inlet_event_extra.py took 0.634 seconds
[2024-11-24T08:45:37.770+0000] {processor.py:186} INFO - Started process (PID=1873) to work on /home/airflow/.local/lib/python3.12/site-packages/airflow/example_dags/example_inlet_event_extra.py
[2024-11-24T08:45:37.771+0000] {processor.py:914} INFO - Processing file /home/airflow/.local/lib/python3.12/site-packages/airflow/example_dags/example_inlet_event_extra.py for tasks to queue
[2024-11-24T08:45:37.774+0000] {logging_mixin.py:190} INFO - [2024-11-24T08:45:37.774+0000] {dagbag.py:588} INFO - Filling up the DagBag from /home/airflow/.local/lib/python3.12/site-packages/airflow/example_dags/example_inlet_event_extra.py
[2024-11-24T08:45:38.380+0000] {processor.py:925} INFO - DAG(s) 'read_dataset_event_from_classic', 'read_dataset_event' retrieved from /home/airflow/.local/lib/python3.12/site-packages/airflow/example_dags/example_inlet_event_extra.py
[2024-11-24T08:45:38.403+0000] {logging_mixin.py:190} INFO - [2024-11-24T08:45:38.403+0000] {dag.py:3239} INFO - Sync 2 DAGs
[2024-11-24T08:45:38.430+0000] {logging_mixin.py:190} INFO - [2024-11-24T08:45:38.429+0000] {dag.py:4180} INFO - Setting next_dagrun for read_dataset_event to 2024-11-23 00:00:00+00:00, run_after=2024-11-24 00:00:00+00:00
[2024-11-24T08:45:38.436+0000] {logging_mixin.py:190} INFO - [2024-11-24T08:45:38.435+0000] {dag.py:4180} INFO - Setting next_dagrun for read_dataset_event_from_classic to 2024-11-23 00:00:00+00:00, run_after=2024-11-24 00:00:00+00:00
[2024-11-24T08:45:38.453+0000] {processor.py:208} INFO - Processing /home/airflow/.local/lib/python3.12/site-packages/airflow/example_dags/example_inlet_event_extra.py took 0.694 seconds
[2024-11-24T08:46:08.532+0000] {processor.py:186} INFO - Started process (PID=2169) to work on /home/airflow/.local/lib/python3.12/site-packages/airflow/example_dags/example_inlet_event_extra.py
[2024-11-24T08:46:08.533+0000] {processor.py:914} INFO - Processing file /home/airflow/.local/lib/python3.12/site-packages/airflow/example_dags/example_inlet_event_extra.py for tasks to queue
[2024-11-24T08:46:08.537+0000] {logging_mixin.py:190} INFO - [2024-11-24T08:46:08.536+0000] {dagbag.py:588} INFO - Filling up the DagBag from /home/airflow/.local/lib/python3.12/site-packages/airflow/example_dags/example_inlet_event_extra.py
[2024-11-24T08:46:09.315+0000] {processor.py:925} INFO - DAG(s) 'read_dataset_event', 'read_dataset_event_from_classic' retrieved from /home/airflow/.local/lib/python3.12/site-packages/airflow/example_dags/example_inlet_event_extra.py
[2024-11-24T08:46:09.349+0000] {logging_mixin.py:190} INFO - [2024-11-24T08:46:09.348+0000] {dag.py:3239} INFO - Sync 2 DAGs
[2024-11-24T08:46:09.388+0000] {logging_mixin.py:190} INFO - [2024-11-24T08:46:09.388+0000] {dag.py:4180} INFO - Setting next_dagrun for read_dataset_event to 2024-11-23 00:00:00+00:00, run_after=2024-11-24 00:00:00+00:00
[2024-11-24T08:46:09.397+0000] {logging_mixin.py:190} INFO - [2024-11-24T08:46:09.396+0000] {dag.py:4180} INFO - Setting next_dagrun for read_dataset_event_from_classic to 2024-11-23 00:00:00+00:00, run_after=2024-11-24 00:00:00+00:00
[2024-11-24T08:46:09.422+0000] {processor.py:208} INFO - Processing /home/airflow/.local/lib/python3.12/site-packages/airflow/example_dags/example_inlet_event_extra.py took 0.897 seconds
[2024-11-24T08:46:40.720+0000] {processor.py:186} INFO - Started process (PID=2460) to work on /home/airflow/.local/lib/python3.12/site-packages/airflow/example_dags/example_inlet_event_extra.py
[2024-11-24T08:46:40.722+0000] {processor.py:914} INFO - Processing file /home/airflow/.local/lib/python3.12/site-packages/airflow/example_dags/example_inlet_event_extra.py for tasks to queue
[2024-11-24T08:46:40.727+0000] {logging_mixin.py:190} INFO - [2024-11-24T08:46:40.726+0000] {dagbag.py:588} INFO - Filling up the DagBag from /home/airflow/.local/lib/python3.12/site-packages/airflow/example_dags/example_inlet_event_extra.py
[2024-11-24T08:46:41.714+0000] {processor.py:925} INFO - DAG(s) 'read_dataset_event_from_classic', 'read_dataset_event' retrieved from /home/airflow/.local/lib/python3.12/site-packages/airflow/example_dags/example_inlet_event_extra.py
[2024-11-24T08:46:41.756+0000] {logging_mixin.py:190} INFO - [2024-11-24T08:46:41.756+0000] {dag.py:3239} INFO - Sync 2 DAGs
[2024-11-24T08:46:41.815+0000] {logging_mixin.py:190} INFO - [2024-11-24T08:46:41.814+0000] {dag.py:4180} INFO - Setting next_dagrun for read_dataset_event to 2024-11-23 00:00:00+00:00, run_after=2024-11-24 00:00:00+00:00
[2024-11-24T08:46:41.830+0000] {logging_mixin.py:190} INFO - [2024-11-24T08:46:41.829+0000] {dag.py:4180} INFO - Setting next_dagrun for read_dataset_event_from_classic to 2024-11-23 00:00:00+00:00, run_after=2024-11-24 00:00:00+00:00
[2024-11-24T08:46:41.868+0000] {processor.py:208} INFO - Processing /home/airflow/.local/lib/python3.12/site-packages/airflow/example_dags/example_inlet_event_extra.py took 1.161 seconds
[2024-11-24T08:47:12.324+0000] {processor.py:186} INFO - Started process (PID=2761) to work on /home/airflow/.local/lib/python3.12/site-packages/airflow/example_dags/example_inlet_event_extra.py
[2024-11-24T08:47:12.325+0000] {processor.py:914} INFO - Processing file /home/airflow/.local/lib/python3.12/site-packages/airflow/example_dags/example_inlet_event_extra.py for tasks to queue
[2024-11-24T08:47:12.330+0000] {logging_mixin.py:190} INFO - [2024-11-24T08:47:12.329+0000] {dagbag.py:588} INFO - Filling up the DagBag from /home/airflow/.local/lib/python3.12/site-packages/airflow/example_dags/example_inlet_event_extra.py
[2024-11-24T08:47:13.175+0000] {processor.py:925} INFO - DAG(s) 'read_dataset_event_from_classic', 'read_dataset_event' retrieved from /home/airflow/.local/lib/python3.12/site-packages/airflow/example_dags/example_inlet_event_extra.py
[2024-11-24T08:47:13.206+0000] {logging_mixin.py:190} INFO - [2024-11-24T08:47:13.206+0000] {dag.py:3239} INFO - Sync 2 DAGs
[2024-11-24T08:47:13.249+0000] {logging_mixin.py:190} INFO - [2024-11-24T08:47:13.248+0000] {dag.py:4180} INFO - Setting next_dagrun for read_dataset_event to 2024-11-23 00:00:00+00:00, run_after=2024-11-24 00:00:00+00:00
[2024-11-24T08:47:13.257+0000] {logging_mixin.py:190} INFO - [2024-11-24T08:47:13.257+0000] {dag.py:4180} INFO - Setting next_dagrun for read_dataset_event_from_classic to 2024-11-23 00:00:00+00:00, run_after=2024-11-24 00:00:00+00:00
[2024-11-24T08:47:13.300+0000] {processor.py:208} INFO - Processing /home/airflow/.local/lib/python3.12/site-packages/airflow/example_dags/example_inlet_event_extra.py took 0.986 seconds
[2024-11-24T08:47:43.803+0000] {processor.py:186} INFO - Started process (PID=3027) to work on /home/airflow/.local/lib/python3.12/site-packages/airflow/example_dags/example_inlet_event_extra.py
[2024-11-24T08:47:43.805+0000] {processor.py:914} INFO - Processing file /home/airflow/.local/lib/python3.12/site-packages/airflow/example_dags/example_inlet_event_extra.py for tasks to queue
[2024-11-24T08:47:43.810+0000] {logging_mixin.py:190} INFO - [2024-11-24T08:47:43.809+0000] {dagbag.py:588} INFO - Filling up the DagBag from /home/airflow/.local/lib/python3.12/site-packages/airflow/example_dags/example_inlet_event_extra.py
[2024-11-24T08:47:44.680+0000] {processor.py:925} INFO - DAG(s) 'read_dataset_event_from_classic', 'read_dataset_event' retrieved from /home/airflow/.local/lib/python3.12/site-packages/airflow/example_dags/example_inlet_event_extra.py
[2024-11-24T08:47:44.709+0000] {logging_mixin.py:190} INFO - [2024-11-24T08:47:44.709+0000] {dag.py:3239} INFO - Sync 2 DAGs
[2024-11-24T08:47:44.746+0000] {logging_mixin.py:190} INFO - [2024-11-24T08:47:44.746+0000] {dag.py:4180} INFO - Setting next_dagrun for read_dataset_event to 2024-11-23 00:00:00+00:00, run_after=2024-11-24 00:00:00+00:00
[2024-11-24T08:47:44.755+0000] {logging_mixin.py:190} INFO - [2024-11-24T08:47:44.754+0000] {dag.py:4180} INFO - Setting next_dagrun for read_dataset_event_from_classic to 2024-11-23 00:00:00+00:00, run_after=2024-11-24 00:00:00+00:00
[2024-11-24T08:47:44.785+0000] {processor.py:208} INFO - Processing /home/airflow/.local/lib/python3.12/site-packages/airflow/example_dags/example_inlet_event_extra.py took 0.990 seconds
[2024-11-24T08:48:16.100+0000] {processor.py:186} INFO - Started process (PID=3330) to work on /home/airflow/.local/lib/python3.12/site-packages/airflow/example_dags/example_inlet_event_extra.py
[2024-11-24T08:48:16.102+0000] {processor.py:914} INFO - Processing file /home/airflow/.local/lib/python3.12/site-packages/airflow/example_dags/example_inlet_event_extra.py for tasks to queue
[2024-11-24T08:48:16.105+0000] {logging_mixin.py:190} INFO - [2024-11-24T08:48:16.104+0000] {dagbag.py:588} INFO - Filling up the DagBag from /home/airflow/.local/lib/python3.12/site-packages/airflow/example_dags/example_inlet_event_extra.py
[2024-11-24T08:48:16.966+0000] {processor.py:925} INFO - DAG(s) 'read_dataset_event', 'read_dataset_event_from_classic' retrieved from /home/airflow/.local/lib/python3.12/site-packages/airflow/example_dags/example_inlet_event_extra.py
[2024-11-24T08:48:16.994+0000] {logging_mixin.py:190} INFO - [2024-11-24T08:48:16.993+0000] {dag.py:3239} INFO - Sync 2 DAGs
[2024-11-24T08:48:17.033+0000] {logging_mixin.py:190} INFO - [2024-11-24T08:48:17.033+0000] {dag.py:4180} INFO - Setting next_dagrun for read_dataset_event to 2024-11-23 00:00:00+00:00, run_after=2024-11-24 00:00:00+00:00
[2024-11-24T08:48:17.040+0000] {logging_mixin.py:190} INFO - [2024-11-24T08:48:17.039+0000] {dag.py:4180} INFO - Setting next_dagrun for read_dataset_event_from_classic to 2024-11-23 00:00:00+00:00, run_after=2024-11-24 00:00:00+00:00
[2024-11-24T08:48:17.065+0000] {processor.py:208} INFO - Processing /home/airflow/.local/lib/python3.12/site-packages/airflow/example_dags/example_inlet_event_extra.py took 0.974 seconds
[2024-11-24T08:48:47.179+0000] {processor.py:186} INFO - Started process (PID=3621) to work on /home/airflow/.local/lib/python3.12/site-packages/airflow/example_dags/example_inlet_event_extra.py
[2024-11-24T08:48:47.180+0000] {processor.py:914} INFO - Processing file /home/airflow/.local/lib/python3.12/site-packages/airflow/example_dags/example_inlet_event_extra.py for tasks to queue
[2024-11-24T08:48:47.184+0000] {logging_mixin.py:190} INFO - [2024-11-24T08:48:47.184+0000] {dagbag.py:588} INFO - Filling up the DagBag from /home/airflow/.local/lib/python3.12/site-packages/airflow/example_dags/example_inlet_event_extra.py
[2024-11-24T08:48:48.072+0000] {processor.py:925} INFO - DAG(s) 'read_dataset_event_from_classic', 'read_dataset_event' retrieved from /home/airflow/.local/lib/python3.12/site-packages/airflow/example_dags/example_inlet_event_extra.py
[2024-11-24T08:48:48.101+0000] {logging_mixin.py:190} INFO - [2024-11-24T08:48:48.101+0000] {dag.py:3239} INFO - Sync 2 DAGs
[2024-11-24T08:48:48.144+0000] {logging_mixin.py:190} INFO - [2024-11-24T08:48:48.143+0000] {dag.py:4180} INFO - Setting next_dagrun for read_dataset_event to 2024-11-23 00:00:00+00:00, run_after=2024-11-24 00:00:00+00:00
[2024-11-24T08:48:48.152+0000] {logging_mixin.py:190} INFO - [2024-11-24T08:48:48.152+0000] {dag.py:4180} INFO - Setting next_dagrun for read_dataset_event_from_classic to 2024-11-23 00:00:00+00:00, run_after=2024-11-24 00:00:00+00:00
[2024-11-24T08:48:48.177+0000] {processor.py:208} INFO - Processing /home/airflow/.local/lib/python3.12/site-packages/airflow/example_dags/example_inlet_event_extra.py took 1.008 seconds
[2024-11-24T08:49:18.665+0000] {processor.py:186} INFO - Started process (PID=3920) to work on /home/airflow/.local/lib/python3.12/site-packages/airflow/example_dags/example_inlet_event_extra.py
[2024-11-24T08:49:18.666+0000] {processor.py:914} INFO - Processing file /home/airflow/.local/lib/python3.12/site-packages/airflow/example_dags/example_inlet_event_extra.py for tasks to queue
[2024-11-24T08:49:18.670+0000] {logging_mixin.py:190} INFO - [2024-11-24T08:49:18.670+0000] {dagbag.py:588} INFO - Filling up the DagBag from /home/airflow/.local/lib/python3.12/site-packages/airflow/example_dags/example_inlet_event_extra.py
[2024-11-24T08:49:19.652+0000] {processor.py:925} INFO - DAG(s) 'read_dataset_event_from_classic', 'read_dataset_event' retrieved from /home/airflow/.local/lib/python3.12/site-packages/airflow/example_dags/example_inlet_event_extra.py
[2024-11-24T08:49:19.685+0000] {logging_mixin.py:190} INFO - [2024-11-24T08:49:19.684+0000] {dag.py:3239} INFO - Sync 2 DAGs
[2024-11-24T08:49:19.724+0000] {logging_mixin.py:190} INFO - [2024-11-24T08:49:19.723+0000] {dag.py:4180} INFO - Setting next_dagrun for read_dataset_event to 2024-11-23 00:00:00+00:00, run_after=2024-11-24 00:00:00+00:00
[2024-11-24T08:49:19.732+0000] {logging_mixin.py:190} INFO - [2024-11-24T08:49:19.732+0000] {dag.py:4180} INFO - Setting next_dagrun for read_dataset_event_from_classic to 2024-11-23 00:00:00+00:00, run_after=2024-11-24 00:00:00+00:00
[2024-11-24T08:49:19.764+0000] {processor.py:208} INFO - Processing /home/airflow/.local/lib/python3.12/site-packages/airflow/example_dags/example_inlet_event_extra.py took 1.111 seconds
[2024-11-24T08:49:50.138+0000] {processor.py:186} INFO - Started process (PID=4186) to work on /home/airflow/.local/lib/python3.12/site-packages/airflow/example_dags/example_inlet_event_extra.py
[2024-11-24T08:49:50.140+0000] {processor.py:914} INFO - Processing file /home/airflow/.local/lib/python3.12/site-packages/airflow/example_dags/example_inlet_event_extra.py for tasks to queue
[2024-11-24T08:49:50.144+0000] {logging_mixin.py:190} INFO - [2024-11-24T08:49:50.144+0000] {dagbag.py:588} INFO - Filling up the DagBag from /home/airflow/.local/lib/python3.12/site-packages/airflow/example_dags/example_inlet_event_extra.py
[2024-11-24T08:49:51.222+0000] {processor.py:925} INFO - DAG(s) 'read_dataset_event', 'read_dataset_event_from_classic' retrieved from /home/airflow/.local/lib/python3.12/site-packages/airflow/example_dags/example_inlet_event_extra.py
[2024-11-24T08:49:51.254+0000] {logging_mixin.py:190} INFO - [2024-11-24T08:49:51.254+0000] {dag.py:3239} INFO - Sync 2 DAGs
[2024-11-24T08:49:51.303+0000] {logging_mixin.py:190} INFO - [2024-11-24T08:49:51.303+0000] {dag.py:4180} INFO - Setting next_dagrun for read_dataset_event to 2024-11-23 00:00:00+00:00, run_after=2024-11-24 00:00:00+00:00
[2024-11-24T08:49:51.316+0000] {logging_mixin.py:190} INFO - [2024-11-24T08:49:51.316+0000] {dag.py:4180} INFO - Setting next_dagrun for read_dataset_event_from_classic to 2024-11-23 00:00:00+00:00, run_after=2024-11-24 00:00:00+00:00
[2024-11-24T08:49:51.347+0000] {processor.py:208} INFO - Processing /home/airflow/.local/lib/python3.12/site-packages/airflow/example_dags/example_inlet_event_extra.py took 1.220 seconds
[2024-11-24T08:50:24.086+0000] {processor.py:186} INFO - Started process (PID=4453) to work on /home/airflow/.local/lib/python3.12/site-packages/airflow/example_dags/example_inlet_event_extra.py
[2024-11-24T08:50:24.087+0000] {processor.py:914} INFO - Processing file /home/airflow/.local/lib/python3.12/site-packages/airflow/example_dags/example_inlet_event_extra.py for tasks to queue
[2024-11-24T08:50:24.091+0000] {logging_mixin.py:190} INFO - [2024-11-24T08:50:24.091+0000] {dagbag.py:588} INFO - Filling up the DagBag from /home/airflow/.local/lib/python3.12/site-packages/airflow/example_dags/example_inlet_event_extra.py
[2024-11-24T08:50:25.325+0000] {processor.py:925} INFO - DAG(s) 'read_dataset_event_from_classic', 'read_dataset_event' retrieved from /home/airflow/.local/lib/python3.12/site-packages/airflow/example_dags/example_inlet_event_extra.py
[2024-11-24T08:50:25.365+0000] {logging_mixin.py:190} INFO - [2024-11-24T08:50:25.365+0000] {dag.py:3239} INFO - Sync 2 DAGs
[2024-11-24T08:50:25.426+0000] {logging_mixin.py:190} INFO - [2024-11-24T08:50:25.425+0000] {dag.py:4180} INFO - Setting next_dagrun for read_dataset_event to 2024-11-23 00:00:00+00:00, run_after=2024-11-24 00:00:00+00:00
[2024-11-24T08:50:25.450+0000] {logging_mixin.py:190} INFO - [2024-11-24T08:50:25.450+0000] {dag.py:4180} INFO - Setting next_dagrun for read_dataset_event_from_classic to 2024-11-23 00:00:00+00:00, run_after=2024-11-24 00:00:00+00:00
[2024-11-24T08:50:25.498+0000] {processor.py:208} INFO - Processing /home/airflow/.local/lib/python3.12/site-packages/airflow/example_dags/example_inlet_event_extra.py took 1.427 seconds
[2024-11-24T08:50:59.307+0000] {processor.py:186} INFO - Started process (PID=4746) to work on /home/airflow/.local/lib/python3.12/site-packages/airflow/example_dags/example_inlet_event_extra.py
[2024-11-24T08:50:59.311+0000] {processor.py:914} INFO - Processing file /home/airflow/.local/lib/python3.12/site-packages/airflow/example_dags/example_inlet_event_extra.py for tasks to queue
[2024-11-24T08:50:59.317+0000] {logging_mixin.py:190} INFO - [2024-11-24T08:50:59.316+0000] {dagbag.py:588} INFO - Filling up the DagBag from /home/airflow/.local/lib/python3.12/site-packages/airflow/example_dags/example_inlet_event_extra.py
[2024-11-24T08:51:01.357+0000] {processor.py:925} INFO - DAG(s) 'read_dataset_event', 'read_dataset_event_from_classic' retrieved from /home/airflow/.local/lib/python3.12/site-packages/airflow/example_dags/example_inlet_event_extra.py
[2024-11-24T08:51:01.483+0000] {logging_mixin.py:190} INFO - [2024-11-24T08:51:01.481+0000] {dag.py:3239} INFO - Sync 2 DAGs
[2024-11-24T08:51:01.566+0000] {logging_mixin.py:190} INFO - [2024-11-24T08:51:01.565+0000] {dag.py:4180} INFO - Setting next_dagrun for read_dataset_event to 2024-11-23 00:00:00+00:00, run_after=2024-11-24 00:00:00+00:00
[2024-11-24T08:51:01.585+0000] {logging_mixin.py:190} INFO - [2024-11-24T08:51:01.585+0000] {dag.py:4180} INFO - Setting next_dagrun for read_dataset_event_from_classic to 2024-11-23 00:00:00+00:00, run_after=2024-11-24 00:00:00+00:00
[2024-11-24T08:51:01.646+0000] {processor.py:208} INFO - Processing /home/airflow/.local/lib/python3.12/site-packages/airflow/example_dags/example_inlet_event_extra.py took 2.356 seconds
[2024-11-24T08:51:32.272+0000] {processor.py:186} INFO - Started process (PID=5046) to work on /home/airflow/.local/lib/python3.12/site-packages/airflow/example_dags/example_inlet_event_extra.py
[2024-11-24T08:51:32.274+0000] {processor.py:914} INFO - Processing file /home/airflow/.local/lib/python3.12/site-packages/airflow/example_dags/example_inlet_event_extra.py for tasks to queue
[2024-11-24T08:51:32.277+0000] {logging_mixin.py:190} INFO - [2024-11-24T08:51:32.276+0000] {dagbag.py:588} INFO - Filling up the DagBag from /home/airflow/.local/lib/python3.12/site-packages/airflow/example_dags/example_inlet_event_extra.py
[2024-11-24T08:51:33.336+0000] {processor.py:925} INFO - DAG(s) 'read_dataset_event', 'read_dataset_event_from_classic' retrieved from /home/airflow/.local/lib/python3.12/site-packages/airflow/example_dags/example_inlet_event_extra.py
[2024-11-24T08:51:33.421+0000] {logging_mixin.py:190} INFO - [2024-11-24T08:51:33.420+0000] {dag.py:3239} INFO - Sync 2 DAGs
[2024-11-24T08:51:33.486+0000] {logging_mixin.py:190} INFO - [2024-11-24T08:51:33.485+0000] {dag.py:4180} INFO - Setting next_dagrun for read_dataset_event to 2024-11-23 00:00:00+00:00, run_after=2024-11-24 00:00:00+00:00
[2024-11-24T08:51:33.494+0000] {logging_mixin.py:190} INFO - [2024-11-24T08:51:33.494+0000] {dag.py:4180} INFO - Setting next_dagrun for read_dataset_event_from_classic to 2024-11-23 00:00:00+00:00, run_after=2024-11-24 00:00:00+00:00
[2024-11-24T08:51:33.526+0000] {processor.py:208} INFO - Processing /home/airflow/.local/lib/python3.12/site-packages/airflow/example_dags/example_inlet_event_extra.py took 1.262 seconds
[2024-11-24T08:52:03.831+0000] {processor.py:186} INFO - Started process (PID=5352) to work on /home/airflow/.local/lib/python3.12/site-packages/airflow/example_dags/example_inlet_event_extra.py
[2024-11-24T08:52:03.833+0000] {processor.py:914} INFO - Processing file /home/airflow/.local/lib/python3.12/site-packages/airflow/example_dags/example_inlet_event_extra.py for tasks to queue
[2024-11-24T08:52:03.836+0000] {logging_mixin.py:190} INFO - [2024-11-24T08:52:03.835+0000] {dagbag.py:588} INFO - Filling up the DagBag from /home/airflow/.local/lib/python3.12/site-packages/airflow/example_dags/example_inlet_event_extra.py
[2024-11-24T08:52:04.453+0000] {processor.py:925} INFO - DAG(s) 'read_dataset_event', 'read_dataset_event_from_classic' retrieved from /home/airflow/.local/lib/python3.12/site-packages/airflow/example_dags/example_inlet_event_extra.py
[2024-11-24T08:52:04.475+0000] {logging_mixin.py:190} INFO - [2024-11-24T08:52:04.474+0000] {dag.py:3239} INFO - Sync 2 DAGs
[2024-11-24T08:52:04.502+0000] {logging_mixin.py:190} INFO - [2024-11-24T08:52:04.502+0000] {dag.py:4180} INFO - Setting next_dagrun for read_dataset_event to 2024-11-23 00:00:00+00:00, run_after=2024-11-24 00:00:00+00:00
[2024-11-24T08:52:04.507+0000] {logging_mixin.py:190} INFO - [2024-11-24T08:52:04.507+0000] {dag.py:4180} INFO - Setting next_dagrun for read_dataset_event_from_classic to 2024-11-23 00:00:00+00:00, run_after=2024-11-24 00:00:00+00:00
[2024-11-24T08:52:04.525+0000] {processor.py:208} INFO - Processing /home/airflow/.local/lib/python3.12/site-packages/airflow/example_dags/example_inlet_event_extra.py took 0.699 seconds
[2024-11-24T08:53:44.446+0000] {processor.py:186} INFO - Started process (PID=378) to work on /home/airflow/.local/lib/python3.12/site-packages/airflow/example_dags/example_inlet_event_extra.py
[2024-11-24T08:53:44.453+0000] {processor.py:914} INFO - Processing file /home/airflow/.local/lib/python3.12/site-packages/airflow/example_dags/example_inlet_event_extra.py for tasks to queue
[2024-11-24T08:53:44.463+0000] {logging_mixin.py:190} INFO - [2024-11-24T08:53:44.461+0000] {dagbag.py:588} INFO - Filling up the DagBag from /home/airflow/.local/lib/python3.12/site-packages/airflow/example_dags/example_inlet_event_extra.py
[2024-11-24T08:53:45.938+0000] {processor.py:925} INFO - DAG(s) 'read_dataset_event', 'read_dataset_event_from_classic' retrieved from /home/airflow/.local/lib/python3.12/site-packages/airflow/example_dags/example_inlet_event_extra.py
[2024-11-24T08:53:45.980+0000] {logging_mixin.py:190} INFO - [2024-11-24T08:53:45.980+0000] {dag.py:3239} INFO - Sync 2 DAGs
[2024-11-24T08:53:46.032+0000] {logging_mixin.py:190} INFO - [2024-11-24T08:53:46.031+0000] {dag.py:4180} INFO - Setting next_dagrun for read_dataset_event to 2024-11-23 00:00:00+00:00, run_after=2024-11-24 00:00:00+00:00
[2024-11-24T08:53:46.042+0000] {logging_mixin.py:190} INFO - [2024-11-24T08:53:46.042+0000] {dag.py:4180} INFO - Setting next_dagrun for read_dataset_event_from_classic to 2024-11-23 00:00:00+00:00, run_after=2024-11-24 00:00:00+00:00
[2024-11-24T08:53:46.075+0000] {processor.py:208} INFO - Processing /home/airflow/.local/lib/python3.12/site-packages/airflow/example_dags/example_inlet_event_extra.py took 1.651 seconds
[2024-11-24T08:54:29.459+0000] {processor.py:186} INFO - Started process (PID=674) to work on /home/airflow/.local/lib/python3.12/site-packages/airflow/example_dags/example_inlet_event_extra.py
[2024-11-24T08:54:29.462+0000] {processor.py:914} INFO - Processing file /home/airflow/.local/lib/python3.12/site-packages/airflow/example_dags/example_inlet_event_extra.py for tasks to queue
[2024-11-24T08:54:29.469+0000] {logging_mixin.py:190} INFO - [2024-11-24T08:54:29.468+0000] {dagbag.py:588} INFO - Filling up the DagBag from /home/airflow/.local/lib/python3.12/site-packages/airflow/example_dags/example_inlet_event_extra.py
[2024-11-24T08:54:30.829+0000] {processor.py:925} INFO - DAG(s) 'read_dataset_event_from_classic', 'read_dataset_event' retrieved from /home/airflow/.local/lib/python3.12/site-packages/airflow/example_dags/example_inlet_event_extra.py
[2024-11-24T08:54:31.083+0000] {logging_mixin.py:190} INFO - [2024-11-24T08:54:31.083+0000] {dag.py:3239} INFO - Sync 2 DAGs
[2024-11-24T08:54:31.192+0000] {logging_mixin.py:190} INFO - [2024-11-24T08:54:31.191+0000] {dag.py:4180} INFO - Setting next_dagrun for read_dataset_event to 2024-11-23 00:00:00+00:00, run_after=2024-11-24 00:00:00+00:00
[2024-11-24T08:54:31.203+0000] {logging_mixin.py:190} INFO - [2024-11-24T08:54:31.203+0000] {dag.py:4180} INFO - Setting next_dagrun for read_dataset_event_from_classic to 2024-11-23 00:00:00+00:00, run_after=2024-11-24 00:00:00+00:00
[2024-11-24T08:54:31.284+0000] {processor.py:208} INFO - Processing /home/airflow/.local/lib/python3.12/site-packages/airflow/example_dags/example_inlet_event_extra.py took 1.839 seconds
[2024-11-24T08:55:03.767+0000] {processor.py:186} INFO - Started process (PID=980) to work on /home/airflow/.local/lib/python3.12/site-packages/airflow/example_dags/example_inlet_event_extra.py
[2024-11-24T08:55:03.769+0000] {processor.py:914} INFO - Processing file /home/airflow/.local/lib/python3.12/site-packages/airflow/example_dags/example_inlet_event_extra.py for tasks to queue
[2024-11-24T08:55:03.774+0000] {logging_mixin.py:190} INFO - [2024-11-24T08:55:03.773+0000] {dagbag.py:588} INFO - Filling up the DagBag from /home/airflow/.local/lib/python3.12/site-packages/airflow/example_dags/example_inlet_event_extra.py
[2024-11-24T08:55:04.836+0000] {processor.py:925} INFO - DAG(s) 'read_dataset_event_from_classic', 'read_dataset_event' retrieved from /home/airflow/.local/lib/python3.12/site-packages/airflow/example_dags/example_inlet_event_extra.py
[2024-11-24T08:55:04.877+0000] {logging_mixin.py:190} INFO - [2024-11-24T08:55:04.876+0000] {dag.py:3239} INFO - Sync 2 DAGs
[2024-11-24T08:55:04.929+0000] {logging_mixin.py:190} INFO - [2024-11-24T08:55:04.928+0000] {dag.py:4180} INFO - Setting next_dagrun for read_dataset_event to 2024-11-23 00:00:00+00:00, run_after=2024-11-24 00:00:00+00:00
[2024-11-24T08:55:04.938+0000] {logging_mixin.py:190} INFO - [2024-11-24T08:55:04.938+0000] {dag.py:4180} INFO - Setting next_dagrun for read_dataset_event_from_classic to 2024-11-23 00:00:00+00:00, run_after=2024-11-24 00:00:00+00:00
[2024-11-24T08:55:04.976+0000] {processor.py:208} INFO - Processing /home/airflow/.local/lib/python3.12/site-packages/airflow/example_dags/example_inlet_event_extra.py took 1.221 seconds
[2024-11-24T08:55:56.667+0000] {processor.py:186} INFO - Started process (PID=1358) to work on /home/airflow/.local/lib/python3.12/site-packages/airflow/example_dags/example_inlet_event_extra.py
[2024-11-24T08:55:56.670+0000] {processor.py:914} INFO - Processing file /home/airflow/.local/lib/python3.12/site-packages/airflow/example_dags/example_inlet_event_extra.py for tasks to queue
[2024-11-24T08:55:56.675+0000] {logging_mixin.py:190} INFO - [2024-11-24T08:55:56.674+0000] {dagbag.py:588} INFO - Filling up the DagBag from /home/airflow/.local/lib/python3.12/site-packages/airflow/example_dags/example_inlet_event_extra.py
[2024-11-24T08:55:57.799+0000] {processor.py:925} INFO - DAG(s) 'read_dataset_event_from_classic', 'read_dataset_event' retrieved from /home/airflow/.local/lib/python3.12/site-packages/airflow/example_dags/example_inlet_event_extra.py
[2024-11-24T08:55:57.853+0000] {logging_mixin.py:190} INFO - [2024-11-24T08:55:57.853+0000] {dag.py:3239} INFO - Sync 2 DAGs
[2024-11-24T08:55:57.905+0000] {logging_mixin.py:190} INFO - [2024-11-24T08:55:57.904+0000] {dag.py:4180} INFO - Setting next_dagrun for read_dataset_event to 2024-11-23 00:00:00+00:00, run_after=2024-11-24 00:00:00+00:00
[2024-11-24T08:55:57.914+0000] {logging_mixin.py:190} INFO - [2024-11-24T08:55:57.914+0000] {dag.py:4180} INFO - Setting next_dagrun for read_dataset_event_from_classic to 2024-11-23 00:00:00+00:00, run_after=2024-11-24 00:00:00+00:00
[2024-11-24T08:55:58.944+0000] {processor.py:208} INFO - Processing /home/airflow/.local/lib/python3.12/site-packages/airflow/example_dags/example_inlet_event_extra.py took 2.291 seconds
[2024-11-24T08:56:29.505+0000] {processor.py:186} INFO - Started process (PID=1652) to work on /home/airflow/.local/lib/python3.12/site-packages/airflow/example_dags/example_inlet_event_extra.py
[2024-11-24T08:56:29.507+0000] {processor.py:914} INFO - Processing file /home/airflow/.local/lib/python3.12/site-packages/airflow/example_dags/example_inlet_event_extra.py for tasks to queue
[2024-11-24T08:56:29.513+0000] {logging_mixin.py:190} INFO - [2024-11-24T08:56:29.512+0000] {dagbag.py:588} INFO - Filling up the DagBag from /home/airflow/.local/lib/python3.12/site-packages/airflow/example_dags/example_inlet_event_extra.py
[2024-11-24T08:56:30.542+0000] {processor.py:925} INFO - DAG(s) 'read_dataset_event_from_classic', 'read_dataset_event' retrieved from /home/airflow/.local/lib/python3.12/site-packages/airflow/example_dags/example_inlet_event_extra.py
[2024-11-24T08:56:30.576+0000] {logging_mixin.py:190} INFO - [2024-11-24T08:56:30.575+0000] {dag.py:3239} INFO - Sync 2 DAGs
[2024-11-24T08:56:30.619+0000] {logging_mixin.py:190} INFO - [2024-11-24T08:56:30.618+0000] {dag.py:4180} INFO - Setting next_dagrun for read_dataset_event to 2024-11-23 00:00:00+00:00, run_after=2024-11-24 00:00:00+00:00
[2024-11-24T08:56:30.628+0000] {logging_mixin.py:190} INFO - [2024-11-24T08:56:30.628+0000] {dag.py:4180} INFO - Setting next_dagrun for read_dataset_event_from_classic to 2024-11-23 00:00:00+00:00, run_after=2024-11-24 00:00:00+00:00
[2024-11-24T08:56:30.659+0000] {processor.py:208} INFO - Processing /home/airflow/.local/lib/python3.12/site-packages/airflow/example_dags/example_inlet_event_extra.py took 1.169 seconds
[2024-11-24T08:57:00.887+0000] {processor.py:186} INFO - Started process (PID=1963) to work on /home/airflow/.local/lib/python3.12/site-packages/airflow/example_dags/example_inlet_event_extra.py
[2024-11-24T08:57:00.890+0000] {processor.py:914} INFO - Processing file /home/airflow/.local/lib/python3.12/site-packages/airflow/example_dags/example_inlet_event_extra.py for tasks to queue
[2024-11-24T08:57:00.897+0000] {logging_mixin.py:190} INFO - [2024-11-24T08:57:00.896+0000] {dagbag.py:588} INFO - Filling up the DagBag from /home/airflow/.local/lib/python3.12/site-packages/airflow/example_dags/example_inlet_event_extra.py
[2024-11-24T08:57:02.217+0000] {processor.py:925} INFO - DAG(s) 'read_dataset_event_from_classic', 'read_dataset_event' retrieved from /home/airflow/.local/lib/python3.12/site-packages/airflow/example_dags/example_inlet_event_extra.py
[2024-11-24T08:57:02.262+0000] {logging_mixin.py:190} INFO - [2024-11-24T08:57:02.261+0000] {dag.py:3239} INFO - Sync 2 DAGs
[2024-11-24T08:57:02.311+0000] {logging_mixin.py:190} INFO - [2024-11-24T08:57:02.310+0000] {dag.py:4180} INFO - Setting next_dagrun for read_dataset_event to 2024-11-23 00:00:00+00:00, run_after=2024-11-24 00:00:00+00:00
[2024-11-24T08:57:02.322+0000] {logging_mixin.py:190} INFO - [2024-11-24T08:57:02.322+0000] {dag.py:4180} INFO - Setting next_dagrun for read_dataset_event_from_classic to 2024-11-23 00:00:00+00:00, run_after=2024-11-24 00:00:00+00:00
[2024-11-24T08:57:02.357+0000] {processor.py:208} INFO - Processing /home/airflow/.local/lib/python3.12/site-packages/airflow/example_dags/example_inlet_event_extra.py took 1.487 seconds
[2024-11-24T08:57:36.454+0000] {processor.py:186} INFO - Started process (PID=2254) to work on /home/airflow/.local/lib/python3.12/site-packages/airflow/example_dags/example_inlet_event_extra.py
[2024-11-24T08:57:36.457+0000] {processor.py:914} INFO - Processing file /home/airflow/.local/lib/python3.12/site-packages/airflow/example_dags/example_inlet_event_extra.py for tasks to queue
[2024-11-24T08:57:36.464+0000] {logging_mixin.py:190} INFO - [2024-11-24T08:57:36.463+0000] {dagbag.py:588} INFO - Filling up the DagBag from /home/airflow/.local/lib/python3.12/site-packages/airflow/example_dags/example_inlet_event_extra.py
[2024-11-24T08:57:37.628+0000] {processor.py:925} INFO - DAG(s) 'read_dataset_event_from_classic', 'read_dataset_event' retrieved from /home/airflow/.local/lib/python3.12/site-packages/airflow/example_dags/example_inlet_event_extra.py
[2024-11-24T08:57:37.677+0000] {logging_mixin.py:190} INFO - [2024-11-24T08:57:37.677+0000] {dag.py:3239} INFO - Sync 2 DAGs
[2024-11-24T08:57:37.739+0000] {logging_mixin.py:190} INFO - [2024-11-24T08:57:37.738+0000] {dag.py:4180} INFO - Setting next_dagrun for read_dataset_event to 2024-11-23 00:00:00+00:00, run_after=2024-11-24 00:00:00+00:00
[2024-11-24T08:57:37.759+0000] {logging_mixin.py:190} INFO - [2024-11-24T08:57:37.759+0000] {dag.py:4180} INFO - Setting next_dagrun for read_dataset_event_from_classic to 2024-11-23 00:00:00+00:00, run_after=2024-11-24 00:00:00+00:00
[2024-11-24T08:57:37.798+0000] {processor.py:208} INFO - Processing /home/airflow/.local/lib/python3.12/site-packages/airflow/example_dags/example_inlet_event_extra.py took 1.357 seconds
[2024-11-24T08:58:08.181+0000] {processor.py:186} INFO - Started process (PID=2570) to work on /home/airflow/.local/lib/python3.12/site-packages/airflow/example_dags/example_inlet_event_extra.py
[2024-11-24T08:58:08.183+0000] {processor.py:914} INFO - Processing file /home/airflow/.local/lib/python3.12/site-packages/airflow/example_dags/example_inlet_event_extra.py for tasks to queue
[2024-11-24T08:58:08.186+0000] {logging_mixin.py:190} INFO - [2024-11-24T08:58:08.186+0000] {dagbag.py:588} INFO - Filling up the DagBag from /home/airflow/.local/lib/python3.12/site-packages/airflow/example_dags/example_inlet_event_extra.py
[2024-11-24T08:58:08.894+0000] {processor.py:925} INFO - DAG(s) 'read_dataset_event_from_classic', 'read_dataset_event' retrieved from /home/airflow/.local/lib/python3.12/site-packages/airflow/example_dags/example_inlet_event_extra.py
[2024-11-24T08:58:08.922+0000] {logging_mixin.py:190} INFO - [2024-11-24T08:58:08.922+0000] {dag.py:3239} INFO - Sync 2 DAGs
[2024-11-24T08:58:08.964+0000] {logging_mixin.py:190} INFO - [2024-11-24T08:58:08.964+0000] {dag.py:4180} INFO - Setting next_dagrun for read_dataset_event to 2024-11-23 00:00:00+00:00, run_after=2024-11-24 00:00:00+00:00
[2024-11-24T08:58:08.973+0000] {logging_mixin.py:190} INFO - [2024-11-24T08:58:08.973+0000] {dag.py:4180} INFO - Setting next_dagrun for read_dataset_event_from_classic to 2024-11-23 00:00:00+00:00, run_after=2024-11-24 00:00:00+00:00
[2024-11-24T08:58:09.004+0000] {processor.py:208} INFO - Processing /home/airflow/.local/lib/python3.12/site-packages/airflow/example_dags/example_inlet_event_extra.py took 0.830 seconds
[2024-11-24T08:58:39.964+0000] {processor.py:186} INFO - Started process (PID=2861) to work on /home/airflow/.local/lib/python3.12/site-packages/airflow/example_dags/example_inlet_event_extra.py
[2024-11-24T08:58:39.965+0000] {processor.py:914} INFO - Processing file /home/airflow/.local/lib/python3.12/site-packages/airflow/example_dags/example_inlet_event_extra.py for tasks to queue
[2024-11-24T08:58:39.968+0000] {logging_mixin.py:190} INFO - [2024-11-24T08:58:39.968+0000] {dagbag.py:588} INFO - Filling up the DagBag from /home/airflow/.local/lib/python3.12/site-packages/airflow/example_dags/example_inlet_event_extra.py
[2024-11-24T08:58:40.746+0000] {processor.py:925} INFO - DAG(s) 'read_dataset_event', 'read_dataset_event_from_classic' retrieved from /home/airflow/.local/lib/python3.12/site-packages/airflow/example_dags/example_inlet_event_extra.py
[2024-11-24T08:58:40.781+0000] {logging_mixin.py:190} INFO - [2024-11-24T08:58:40.780+0000] {dag.py:3239} INFO - Sync 2 DAGs
[2024-11-24T08:58:40.818+0000] {logging_mixin.py:190} INFO - [2024-11-24T08:58:40.817+0000] {dag.py:4180} INFO - Setting next_dagrun for read_dataset_event to 2024-11-23 00:00:00+00:00, run_after=2024-11-24 00:00:00+00:00
[2024-11-24T08:58:40.825+0000] {logging_mixin.py:190} INFO - [2024-11-24T08:58:40.824+0000] {dag.py:4180} INFO - Setting next_dagrun for read_dataset_event_from_classic to 2024-11-23 00:00:00+00:00, run_after=2024-11-24 00:00:00+00:00
[2024-11-24T08:58:40.856+0000] {processor.py:208} INFO - Processing /home/airflow/.local/lib/python3.12/site-packages/airflow/example_dags/example_inlet_event_extra.py took 0.900 seconds
[2024-11-24T08:59:11.144+0000] {processor.py:186} INFO - Started process (PID=3177) to work on /home/airflow/.local/lib/python3.12/site-packages/airflow/example_dags/example_inlet_event_extra.py
[2024-11-24T08:59:11.147+0000] {processor.py:914} INFO - Processing file /home/airflow/.local/lib/python3.12/site-packages/airflow/example_dags/example_inlet_event_extra.py for tasks to queue
[2024-11-24T08:59:11.151+0000] {logging_mixin.py:190} INFO - [2024-11-24T08:59:11.151+0000] {dagbag.py:588} INFO - Filling up the DagBag from /home/airflow/.local/lib/python3.12/site-packages/airflow/example_dags/example_inlet_event_extra.py
[2024-11-24T08:59:11.772+0000] {processor.py:925} INFO - DAG(s) 'read_dataset_event', 'read_dataset_event_from_classic' retrieved from /home/airflow/.local/lib/python3.12/site-packages/airflow/example_dags/example_inlet_event_extra.py
[2024-11-24T08:59:11.800+0000] {logging_mixin.py:190} INFO - [2024-11-24T08:59:11.800+0000] {dag.py:3239} INFO - Sync 2 DAGs
[2024-11-24T08:59:11.826+0000] {logging_mixin.py:190} INFO - [2024-11-24T08:59:11.826+0000] {dag.py:4180} INFO - Setting next_dagrun for read_dataset_event to 2024-11-23 00:00:00+00:00, run_after=2024-11-24 00:00:00+00:00
[2024-11-24T08:59:11.832+0000] {logging_mixin.py:190} INFO - [2024-11-24T08:59:11.832+0000] {dag.py:4180} INFO - Setting next_dagrun for read_dataset_event_from_classic to 2024-11-23 00:00:00+00:00, run_after=2024-11-24 00:00:00+00:00
[2024-11-24T08:59:11.853+0000] {processor.py:208} INFO - Processing /home/airflow/.local/lib/python3.12/site-packages/airflow/example_dags/example_inlet_event_extra.py took 0.716 seconds
[2024-11-24T08:59:42.662+0000] {processor.py:186} INFO - Started process (PID=3468) to work on /home/airflow/.local/lib/python3.12/site-packages/airflow/example_dags/example_inlet_event_extra.py
[2024-11-24T08:59:42.665+0000] {processor.py:914} INFO - Processing file /home/airflow/.local/lib/python3.12/site-packages/airflow/example_dags/example_inlet_event_extra.py for tasks to queue
[2024-11-24T08:59:42.671+0000] {logging_mixin.py:190} INFO - [2024-11-24T08:59:42.670+0000] {dagbag.py:588} INFO - Filling up the DagBag from /home/airflow/.local/lib/python3.12/site-packages/airflow/example_dags/example_inlet_event_extra.py
[2024-11-24T08:59:44.002+0000] {processor.py:925} INFO - DAG(s) 'read_dataset_event_from_classic', 'read_dataset_event' retrieved from /home/airflow/.local/lib/python3.12/site-packages/airflow/example_dags/example_inlet_event_extra.py
[2024-11-24T08:59:44.038+0000] {logging_mixin.py:190} INFO - [2024-11-24T08:59:44.038+0000] {dag.py:3239} INFO - Sync 2 DAGs
[2024-11-24T08:59:44.087+0000] {logging_mixin.py:190} INFO - [2024-11-24T08:59:44.086+0000] {dag.py:4180} INFO - Setting next_dagrun for read_dataset_event to 2024-11-23 00:00:00+00:00, run_after=2024-11-24 00:00:00+00:00
[2024-11-24T08:59:44.096+0000] {logging_mixin.py:190} INFO - [2024-11-24T08:59:44.096+0000] {dag.py:4180} INFO - Setting next_dagrun for read_dataset_event_from_classic to 2024-11-23 00:00:00+00:00, run_after=2024-11-24 00:00:00+00:00
[2024-11-24T08:59:44.127+0000] {processor.py:208} INFO - Processing /home/airflow/.local/lib/python3.12/site-packages/airflow/example_dags/example_inlet_event_extra.py took 1.486 seconds
[2024-11-24T09:00:14.246+0000] {processor.py:186} INFO - Started process (PID=3774) to work on /home/airflow/.local/lib/python3.12/site-packages/airflow/example_dags/example_inlet_event_extra.py
[2024-11-24T09:00:14.248+0000] {processor.py:914} INFO - Processing file /home/airflow/.local/lib/python3.12/site-packages/airflow/example_dags/example_inlet_event_extra.py for tasks to queue
[2024-11-24T09:00:14.252+0000] {logging_mixin.py:190} INFO - [2024-11-24T09:00:14.251+0000] {dagbag.py:588} INFO - Filling up the DagBag from /home/airflow/.local/lib/python3.12/site-packages/airflow/example_dags/example_inlet_event_extra.py
[2024-11-24T09:00:15.075+0000] {processor.py:925} INFO - DAG(s) 'read_dataset_event_from_classic', 'read_dataset_event' retrieved from /home/airflow/.local/lib/python3.12/site-packages/airflow/example_dags/example_inlet_event_extra.py
[2024-11-24T09:00:15.107+0000] {logging_mixin.py:190} INFO - [2024-11-24T09:00:15.106+0000] {dag.py:3239} INFO - Sync 2 DAGs
[2024-11-24T09:00:15.144+0000] {logging_mixin.py:190} INFO - [2024-11-24T09:00:15.144+0000] {dag.py:4180} INFO - Setting next_dagrun for read_dataset_event to 2024-11-23 00:00:00+00:00, run_after=2024-11-24 00:00:00+00:00
[2024-11-24T09:00:15.153+0000] {logging_mixin.py:190} INFO - [2024-11-24T09:00:15.152+0000] {dag.py:4180} INFO - Setting next_dagrun for read_dataset_event_from_classic to 2024-11-23 00:00:00+00:00, run_after=2024-11-24 00:00:00+00:00
[2024-11-24T09:00:15.180+0000] {processor.py:208} INFO - Processing /home/airflow/.local/lib/python3.12/site-packages/airflow/example_dags/example_inlet_event_extra.py took 0.942 seconds
[2024-11-24T09:00:45.977+0000] {processor.py:186} INFO - Started process (PID=4065) to work on /home/airflow/.local/lib/python3.12/site-packages/airflow/example_dags/example_inlet_event_extra.py
[2024-11-24T09:00:45.978+0000] {processor.py:914} INFO - Processing file /home/airflow/.local/lib/python3.12/site-packages/airflow/example_dags/example_inlet_event_extra.py for tasks to queue
[2024-11-24T09:00:45.981+0000] {logging_mixin.py:190} INFO - [2024-11-24T09:00:45.981+0000] {dagbag.py:588} INFO - Filling up the DagBag from /home/airflow/.local/lib/python3.12/site-packages/airflow/example_dags/example_inlet_event_extra.py
[2024-11-24T09:00:46.546+0000] {processor.py:925} INFO - DAG(s) 'read_dataset_event_from_classic', 'read_dataset_event' retrieved from /home/airflow/.local/lib/python3.12/site-packages/airflow/example_dags/example_inlet_event_extra.py
[2024-11-24T09:00:46.570+0000] {logging_mixin.py:190} INFO - [2024-11-24T09:00:46.570+0000] {dag.py:3239} INFO - Sync 2 DAGs
[2024-11-24T09:00:46.595+0000] {logging_mixin.py:190} INFO - [2024-11-24T09:00:46.595+0000] {dag.py:4180} INFO - Setting next_dagrun for read_dataset_event to 2024-11-23 00:00:00+00:00, run_after=2024-11-24 00:00:00+00:00
[2024-11-24T09:00:46.602+0000] {logging_mixin.py:190} INFO - [2024-11-24T09:00:46.602+0000] {dag.py:4180} INFO - Setting next_dagrun for read_dataset_event_from_classic to 2024-11-23 00:00:00+00:00, run_after=2024-11-24 00:00:00+00:00
[2024-11-24T09:00:46.628+0000] {processor.py:208} INFO - Processing /home/airflow/.local/lib/python3.12/site-packages/airflow/example_dags/example_inlet_event_extra.py took 0.657 seconds
[2024-11-24T09:01:17.003+0000] {processor.py:186} INFO - Started process (PID=4356) to work on /home/airflow/.local/lib/python3.12/site-packages/airflow/example_dags/example_inlet_event_extra.py
[2024-11-24T09:01:17.004+0000] {processor.py:914} INFO - Processing file /home/airflow/.local/lib/python3.12/site-packages/airflow/example_dags/example_inlet_event_extra.py for tasks to queue
[2024-11-24T09:01:17.007+0000] {logging_mixin.py:190} INFO - [2024-11-24T09:01:17.007+0000] {dagbag.py:588} INFO - Filling up the DagBag from /home/airflow/.local/lib/python3.12/site-packages/airflow/example_dags/example_inlet_event_extra.py
[2024-11-24T09:01:17.524+0000] {processor.py:925} INFO - DAG(s) 'read_dataset_event_from_classic', 'read_dataset_event' retrieved from /home/airflow/.local/lib/python3.12/site-packages/airflow/example_dags/example_inlet_event_extra.py
[2024-11-24T09:01:17.546+0000] {logging_mixin.py:190} INFO - [2024-11-24T09:01:17.546+0000] {dag.py:3239} INFO - Sync 2 DAGs
[2024-11-24T09:01:17.571+0000] {logging_mixin.py:190} INFO - [2024-11-24T09:01:17.570+0000] {dag.py:4180} INFO - Setting next_dagrun for read_dataset_event to 2024-11-23 00:00:00+00:00, run_after=2024-11-24 00:00:00+00:00
[2024-11-24T09:01:17.575+0000] {logging_mixin.py:190} INFO - [2024-11-24T09:01:17.575+0000] {dag.py:4180} INFO - Setting next_dagrun for read_dataset_event_from_classic to 2024-11-23 00:00:00+00:00, run_after=2024-11-24 00:00:00+00:00
[2024-11-24T09:01:17.594+0000] {processor.py:208} INFO - Processing /home/airflow/.local/lib/python3.12/site-packages/airflow/example_dags/example_inlet_event_extra.py took 0.597 seconds
[2024-11-24T09:01:48.571+0000] {processor.py:186} INFO - Started process (PID=4647) to work on /home/airflow/.local/lib/python3.12/site-packages/airflow/example_dags/example_inlet_event_extra.py
[2024-11-24T09:01:48.572+0000] {processor.py:914} INFO - Processing file /home/airflow/.local/lib/python3.12/site-packages/airflow/example_dags/example_inlet_event_extra.py for tasks to queue
[2024-11-24T09:01:48.576+0000] {logging_mixin.py:190} INFO - [2024-11-24T09:01:48.575+0000] {dagbag.py:588} INFO - Filling up the DagBag from /home/airflow/.local/lib/python3.12/site-packages/airflow/example_dags/example_inlet_event_extra.py
[2024-11-24T09:01:49.182+0000] {processor.py:925} INFO - DAG(s) 'read_dataset_event_from_classic', 'read_dataset_event' retrieved from /home/airflow/.local/lib/python3.12/site-packages/airflow/example_dags/example_inlet_event_extra.py
[2024-11-24T09:01:49.211+0000] {logging_mixin.py:190} INFO - [2024-11-24T09:01:49.211+0000] {dag.py:3239} INFO - Sync 2 DAGs
[2024-11-24T09:01:49.241+0000] {logging_mixin.py:190} INFO - [2024-11-24T09:01:49.241+0000] {dag.py:4180} INFO - Setting next_dagrun for read_dataset_event to 2024-11-23 00:00:00+00:00, run_after=2024-11-24 00:00:00+00:00
[2024-11-24T09:01:49.248+0000] {logging_mixin.py:190} INFO - [2024-11-24T09:01:49.248+0000] {dag.py:4180} INFO - Setting next_dagrun for read_dataset_event_from_classic to 2024-11-23 00:00:00+00:00, run_after=2024-11-24 00:00:00+00:00
[2024-11-24T09:01:49.272+0000] {processor.py:208} INFO - Processing /home/airflow/.local/lib/python3.12/site-packages/airflow/example_dags/example_inlet_event_extra.py took 0.708 seconds
[2024-11-24T09:02:20.186+0000] {processor.py:186} INFO - Started process (PID=4944) to work on /home/airflow/.local/lib/python3.12/site-packages/airflow/example_dags/example_inlet_event_extra.py
[2024-11-24T09:02:20.188+0000] {processor.py:914} INFO - Processing file /home/airflow/.local/lib/python3.12/site-packages/airflow/example_dags/example_inlet_event_extra.py for tasks to queue
[2024-11-24T09:02:20.191+0000] {logging_mixin.py:190} INFO - [2024-11-24T09:02:20.191+0000] {dagbag.py:588} INFO - Filling up the DagBag from /home/airflow/.local/lib/python3.12/site-packages/airflow/example_dags/example_inlet_event_extra.py
[2024-11-24T09:02:20.682+0000] {processor.py:925} INFO - DAG(s) 'read_dataset_event', 'read_dataset_event_from_classic' retrieved from /home/airflow/.local/lib/python3.12/site-packages/airflow/example_dags/example_inlet_event_extra.py
[2024-11-24T09:02:20.706+0000] {logging_mixin.py:190} INFO - [2024-11-24T09:02:20.705+0000] {dag.py:3239} INFO - Sync 2 DAGs
[2024-11-24T09:02:20.728+0000] {logging_mixin.py:190} INFO - [2024-11-24T09:02:20.728+0000] {dag.py:4180} INFO - Setting next_dagrun for read_dataset_event to 2024-11-23 00:00:00+00:00, run_after=2024-11-24 00:00:00+00:00
[2024-11-24T09:02:20.733+0000] {logging_mixin.py:190} INFO - [2024-11-24T09:02:20.733+0000] {dag.py:4180} INFO - Setting next_dagrun for read_dataset_event_from_classic to 2024-11-23 00:00:00+00:00, run_after=2024-11-24 00:00:00+00:00
[2024-11-24T09:02:20.759+0000] {processor.py:208} INFO - Processing /home/airflow/.local/lib/python3.12/site-packages/airflow/example_dags/example_inlet_event_extra.py took 0.577 seconds
[2024-11-24T09:02:56.774+0000] {processor.py:186} INFO - Started process (PID=5192) to work on /home/airflow/.local/lib/python3.12/site-packages/airflow/example_dags/example_inlet_event_extra.py
[2024-11-24T09:02:56.780+0000] {processor.py:914} INFO - Processing file /home/airflow/.local/lib/python3.12/site-packages/airflow/example_dags/example_inlet_event_extra.py for tasks to queue
[2024-11-24T09:02:56.792+0000] {logging_mixin.py:190} INFO - [2024-11-24T09:02:56.790+0000] {dagbag.py:588} INFO - Filling up the DagBag from /home/airflow/.local/lib/python3.12/site-packages/airflow/example_dags/example_inlet_event_extra.py
[2024-11-24T09:03:01.768+0000] {processor.py:925} INFO - DAG(s) 'read_dataset_event', 'read_dataset_event_from_classic' retrieved from /home/airflow/.local/lib/python3.12/site-packages/airflow/example_dags/example_inlet_event_extra.py
[2024-11-24T09:03:01.911+0000] {logging_mixin.py:190} INFO - [2024-11-24T09:03:01.910+0000] {dag.py:3239} INFO - Sync 2 DAGs
[2024-11-24T09:03:02.095+0000] {logging_mixin.py:190} INFO - [2024-11-24T09:03:02.094+0000] {dag.py:4180} INFO - Setting next_dagrun for read_dataset_event to 2024-11-23 00:00:00+00:00, run_after=2024-11-24 00:00:00+00:00
[2024-11-24T09:03:02.139+0000] {logging_mixin.py:190} INFO - [2024-11-24T09:03:02.138+0000] {dag.py:4180} INFO - Setting next_dagrun for read_dataset_event_from_classic to 2024-11-23 00:00:00+00:00, run_after=2024-11-24 00:00:00+00:00
[2024-11-24T09:03:02.224+0000] {processor.py:208} INFO - Processing /home/airflow/.local/lib/python3.12/site-packages/airflow/example_dags/example_inlet_event_extra.py took 5.480 seconds
[2024-11-24T09:03:39.319+0000] {processor.py:186} INFO - Started process (PID=5510) to work on /home/airflow/.local/lib/python3.12/site-packages/airflow/example_dags/example_inlet_event_extra.py
[2024-11-24T09:03:39.325+0000] {processor.py:914} INFO - Processing file /home/airflow/.local/lib/python3.12/site-packages/airflow/example_dags/example_inlet_event_extra.py for tasks to queue
[2024-11-24T09:03:39.336+0000] {logging_mixin.py:190} INFO - [2024-11-24T09:03:39.334+0000] {dagbag.py:588} INFO - Filling up the DagBag from /home/airflow/.local/lib/python3.12/site-packages/airflow/example_dags/example_inlet_event_extra.py
[2024-11-24T09:03:41.536+0000] {processor.py:925} INFO - DAG(s) 'read_dataset_event', 'read_dataset_event_from_classic' retrieved from /home/airflow/.local/lib/python3.12/site-packages/airflow/example_dags/example_inlet_event_extra.py
[2024-11-24T09:03:41.597+0000] {logging_mixin.py:190} INFO - [2024-11-24T09:03:41.596+0000] {dag.py:3239} INFO - Sync 2 DAGs
[2024-11-24T09:03:41.786+0000] {logging_mixin.py:190} INFO - [2024-11-24T09:03:41.785+0000] {dag.py:4180} INFO - Setting next_dagrun for read_dataset_event to 2024-11-23 00:00:00+00:00, run_after=2024-11-24 00:00:00+00:00
[2024-11-24T09:03:41.822+0000] {logging_mixin.py:190} INFO - [2024-11-24T09:03:41.821+0000] {dag.py:4180} INFO - Setting next_dagrun for read_dataset_event_from_classic to 2024-11-23 00:00:00+00:00, run_after=2024-11-24 00:00:00+00:00
[2024-11-24T09:03:42.206+0000] {processor.py:208} INFO - Processing /home/airflow/.local/lib/python3.12/site-packages/airflow/example_dags/example_inlet_event_extra.py took 2.921 seconds
[2024-11-24T09:04:12.909+0000] {processor.py:186} INFO - Started process (PID=5816) to work on /home/airflow/.local/lib/python3.12/site-packages/airflow/example_dags/example_inlet_event_extra.py
[2024-11-24T09:04:12.911+0000] {processor.py:914} INFO - Processing file /home/airflow/.local/lib/python3.12/site-packages/airflow/example_dags/example_inlet_event_extra.py for tasks to queue
[2024-11-24T09:04:12.915+0000] {logging_mixin.py:190} INFO - [2024-11-24T09:04:12.915+0000] {dagbag.py:588} INFO - Filling up the DagBag from /home/airflow/.local/lib/python3.12/site-packages/airflow/example_dags/example_inlet_event_extra.py
[2024-11-24T09:04:13.505+0000] {processor.py:925} INFO - DAG(s) 'read_dataset_event', 'read_dataset_event_from_classic' retrieved from /home/airflow/.local/lib/python3.12/site-packages/airflow/example_dags/example_inlet_event_extra.py
[2024-11-24T09:04:13.530+0000] {logging_mixin.py:190} INFO - [2024-11-24T09:04:13.529+0000] {dag.py:3239} INFO - Sync 2 DAGs
[2024-11-24T09:04:13.560+0000] {logging_mixin.py:190} INFO - [2024-11-24T09:04:13.559+0000] {dag.py:4180} INFO - Setting next_dagrun for read_dataset_event to 2024-11-23 00:00:00+00:00, run_after=2024-11-24 00:00:00+00:00
[2024-11-24T09:04:13.566+0000] {logging_mixin.py:190} INFO - [2024-11-24T09:04:13.566+0000] {dag.py:4180} INFO - Setting next_dagrun for read_dataset_event_from_classic to 2024-11-23 00:00:00+00:00, run_after=2024-11-24 00:00:00+00:00
[2024-11-24T09:04:13.584+0000] {processor.py:208} INFO - Processing /home/airflow/.local/lib/python3.12/site-packages/airflow/example_dags/example_inlet_event_extra.py took 0.685 seconds
[2024-11-24T09:04:43.966+0000] {processor.py:186} INFO - Started process (PID=6107) to work on /home/airflow/.local/lib/python3.12/site-packages/airflow/example_dags/example_inlet_event_extra.py
[2024-11-24T09:04:43.968+0000] {processor.py:914} INFO - Processing file /home/airflow/.local/lib/python3.12/site-packages/airflow/example_dags/example_inlet_event_extra.py for tasks to queue
[2024-11-24T09:04:43.973+0000] {logging_mixin.py:190} INFO - [2024-11-24T09:04:43.973+0000] {dagbag.py:588} INFO - Filling up the DagBag from /home/airflow/.local/lib/python3.12/site-packages/airflow/example_dags/example_inlet_event_extra.py
[2024-11-24T09:04:45.545+0000] {processor.py:925} INFO - DAG(s) 'read_dataset_event_from_classic', 'read_dataset_event' retrieved from /home/airflow/.local/lib/python3.12/site-packages/airflow/example_dags/example_inlet_event_extra.py
[2024-11-24T09:04:45.617+0000] {logging_mixin.py:190} INFO - [2024-11-24T09:04:45.616+0000] {dag.py:3239} INFO - Sync 2 DAGs
[2024-11-24T09:04:45.728+0000] {logging_mixin.py:190} INFO - [2024-11-24T09:04:45.727+0000] {dag.py:4180} INFO - Setting next_dagrun for read_dataset_event to 2024-11-23 00:00:00+00:00, run_after=2024-11-24 00:00:00+00:00
[2024-11-24T09:04:45.762+0000] {logging_mixin.py:190} INFO - [2024-11-24T09:04:45.762+0000] {dag.py:4180} INFO - Setting next_dagrun for read_dataset_event_from_classic to 2024-11-23 00:00:00+00:00, run_after=2024-11-24 00:00:00+00:00
[2024-11-24T09:04:45.830+0000] {processor.py:208} INFO - Processing /home/airflow/.local/lib/python3.12/site-packages/airflow/example_dags/example_inlet_event_extra.py took 1.885 seconds
[2024-11-24T09:05:16.294+0000] {processor.py:186} INFO - Started process (PID=6398) to work on /home/airflow/.local/lib/python3.12/site-packages/airflow/example_dags/example_inlet_event_extra.py
[2024-11-24T09:05:16.296+0000] {processor.py:914} INFO - Processing file /home/airflow/.local/lib/python3.12/site-packages/airflow/example_dags/example_inlet_event_extra.py for tasks to queue
[2024-11-24T09:05:16.300+0000] {logging_mixin.py:190} INFO - [2024-11-24T09:05:16.299+0000] {dagbag.py:588} INFO - Filling up the DagBag from /home/airflow/.local/lib/python3.12/site-packages/airflow/example_dags/example_inlet_event_extra.py
[2024-11-24T09:05:16.888+0000] {processor.py:925} INFO - DAG(s) 'read_dataset_event_from_classic', 'read_dataset_event' retrieved from /home/airflow/.local/lib/python3.12/site-packages/airflow/example_dags/example_inlet_event_extra.py
[2024-11-24T09:05:16.914+0000] {logging_mixin.py:190} INFO - [2024-11-24T09:05:16.914+0000] {dag.py:3239} INFO - Sync 2 DAGs
[2024-11-24T09:05:16.939+0000] {logging_mixin.py:190} INFO - [2024-11-24T09:05:16.939+0000] {dag.py:4180} INFO - Setting next_dagrun for read_dataset_event to 2024-11-23 00:00:00+00:00, run_after=2024-11-24 00:00:00+00:00
[2024-11-24T09:05:16.944+0000] {logging_mixin.py:190} INFO - [2024-11-24T09:05:16.944+0000] {dag.py:4180} INFO - Setting next_dagrun for read_dataset_event_from_classic to 2024-11-23 00:00:00+00:00, run_after=2024-11-24 00:00:00+00:00
[2024-11-24T09:05:16.965+0000] {processor.py:208} INFO - Processing /home/airflow/.local/lib/python3.12/site-packages/airflow/example_dags/example_inlet_event_extra.py took 0.677 seconds
[2024-11-24T09:05:47.259+0000] {processor.py:186} INFO - Started process (PID=6689) to work on /home/airflow/.local/lib/python3.12/site-packages/airflow/example_dags/example_inlet_event_extra.py
[2024-11-24T09:05:47.261+0000] {processor.py:914} INFO - Processing file /home/airflow/.local/lib/python3.12/site-packages/airflow/example_dags/example_inlet_event_extra.py for tasks to queue
[2024-11-24T09:05:47.266+0000] {logging_mixin.py:190} INFO - [2024-11-24T09:05:47.265+0000] {dagbag.py:588} INFO - Filling up the DagBag from /home/airflow/.local/lib/python3.12/site-packages/airflow/example_dags/example_inlet_event_extra.py
[2024-11-24T09:05:48.151+0000] {processor.py:925} INFO - DAG(s) 'read_dataset_event', 'read_dataset_event_from_classic' retrieved from /home/airflow/.local/lib/python3.12/site-packages/airflow/example_dags/example_inlet_event_extra.py
[2024-11-24T09:05:48.191+0000] {logging_mixin.py:190} INFO - [2024-11-24T09:05:48.190+0000] {dag.py:3239} INFO - Sync 2 DAGs
[2024-11-24T09:05:48.228+0000] {logging_mixin.py:190} INFO - [2024-11-24T09:05:48.227+0000] {dag.py:4180} INFO - Setting next_dagrun for read_dataset_event to 2024-11-23 00:00:00+00:00, run_after=2024-11-24 00:00:00+00:00
[2024-11-24T09:05:48.240+0000] {logging_mixin.py:190} INFO - [2024-11-24T09:05:48.240+0000] {dag.py:4180} INFO - Setting next_dagrun for read_dataset_event_from_classic to 2024-11-23 00:00:00+00:00, run_after=2024-11-24 00:00:00+00:00
[2024-11-24T09:05:48.284+0000] {processor.py:208} INFO - Processing /home/airflow/.local/lib/python3.12/site-packages/airflow/example_dags/example_inlet_event_extra.py took 1.036 seconds
[2024-11-24T09:06:18.884+0000] {processor.py:186} INFO - Started process (PID=6980) to work on /home/airflow/.local/lib/python3.12/site-packages/airflow/example_dags/example_inlet_event_extra.py
[2024-11-24T09:06:18.887+0000] {processor.py:914} INFO - Processing file /home/airflow/.local/lib/python3.12/site-packages/airflow/example_dags/example_inlet_event_extra.py for tasks to queue
[2024-11-24T09:06:18.891+0000] {logging_mixin.py:190} INFO - [2024-11-24T09:06:18.891+0000] {dagbag.py:588} INFO - Filling up the DagBag from /home/airflow/.local/lib/python3.12/site-packages/airflow/example_dags/example_inlet_event_extra.py
[2024-11-24T09:06:19.641+0000] {processor.py:925} INFO - DAG(s) 'read_dataset_event_from_classic', 'read_dataset_event' retrieved from /home/airflow/.local/lib/python3.12/site-packages/airflow/example_dags/example_inlet_event_extra.py
[2024-11-24T09:06:19.685+0000] {logging_mixin.py:190} INFO - [2024-11-24T09:06:19.685+0000] {dag.py:3239} INFO - Sync 2 DAGs
[2024-11-24T09:06:19.723+0000] {logging_mixin.py:190} INFO - [2024-11-24T09:06:19.723+0000] {dag.py:4180} INFO - Setting next_dagrun for read_dataset_event to 2024-11-23 00:00:00+00:00, run_after=2024-11-24 00:00:00+00:00
[2024-11-24T09:06:19.730+0000] {logging_mixin.py:190} INFO - [2024-11-24T09:06:19.730+0000] {dag.py:4180} INFO - Setting next_dagrun for read_dataset_event_from_classic to 2024-11-23 00:00:00+00:00, run_after=2024-11-24 00:00:00+00:00
[2024-11-24T09:06:19.754+0000] {processor.py:208} INFO - Processing /home/airflow/.local/lib/python3.12/site-packages/airflow/example_dags/example_inlet_event_extra.py took 0.879 seconds
