[2024-11-24T08:43:04.602+0000] {processor.py:186} INFO - Started process (PID=418) to work on /home/airflow/.local/lib/python3.12/site-packages/airflow/example_dags/example_xcomargs.py
[2024-11-24T08:43:04.604+0000] {processor.py:914} INFO - Processing file /home/airflow/.local/lib/python3.12/site-packages/airflow/example_dags/example_xcomargs.py for tasks to queue
[2024-11-24T08:43:04.608+0000] {logging_mixin.py:190} INFO - [2024-11-24T08:43:04.607+0000] {dagbag.py:588} INFO - Filling up the DagBag from /home/airflow/.local/lib/python3.12/site-packages/airflow/example_dags/example_xcomargs.py
[2024-11-24T08:43:04.623+0000] {processor.py:925} INFO - DAG(s) 'example_xcom_args_with_operators', 'example_xcom_args' retrieved from /home/airflow/.local/lib/python3.12/site-packages/airflow/example_dags/example_xcomargs.py
[2024-11-24T08:43:04.772+0000] {logging_mixin.py:190} INFO - [2024-11-24T08:43:04.771+0000] {override.py:1911} INFO - Created Permission View: can read on DAG:example_xcom_args_with_operators
[2024-11-24T08:43:04.788+0000] {logging_mixin.py:190} INFO - [2024-11-24T08:43:04.788+0000] {override.py:1911} INFO - Created Permission View: can edit on DAG:example_xcom_args_with_operators
[2024-11-24T08:43:04.798+0000] {logging_mixin.py:190} INFO - [2024-11-24T08:43:04.798+0000] {override.py:1911} INFO - Created Permission View: can delete on DAG:example_xcom_args_with_operators
[2024-11-24T08:43:04.810+0000] {logging_mixin.py:190} INFO - [2024-11-24T08:43:04.810+0000] {override.py:1911} INFO - Created Permission View: can read on DAG Run:example_xcom_args_with_operators
[2024-11-24T08:43:04.819+0000] {logging_mixin.py:190} INFO - [2024-11-24T08:43:04.818+0000] {override.py:1911} INFO - Created Permission View: can delete on DAG Run:example_xcom_args_with_operators
[2024-11-24T08:43:04.830+0000] {logging_mixin.py:190} INFO - [2024-11-24T08:43:04.830+0000] {override.py:1911} INFO - Created Permission View: can create on DAG Run:example_xcom_args_with_operators
[2024-11-24T08:43:04.841+0000] {logging_mixin.py:190} INFO - [2024-11-24T08:43:04.840+0000] {override.py:1911} INFO - Created Permission View: menu access on DAG Run:example_xcom_args_with_operators
[2024-11-24T08:43:04.865+0000] {logging_mixin.py:190} INFO - [2024-11-24T08:43:04.864+0000] {override.py:1911} INFO - Created Permission View: can read on DAG:example_xcom_args
[2024-11-24T08:43:04.913+0000] {logging_mixin.py:190} INFO - [2024-11-24T08:43:04.913+0000] {override.py:1911} INFO - Created Permission View: can edit on DAG:example_xcom_args
[2024-11-24T08:43:04.944+0000] {logging_mixin.py:190} INFO - [2024-11-24T08:43:04.943+0000] {override.py:1911} INFO - Created Permission View: can delete on DAG:example_xcom_args
[2024-11-24T08:43:04.970+0000] {logging_mixin.py:190} INFO - [2024-11-24T08:43:04.969+0000] {override.py:1911} INFO - Created Permission View: can read on DAG Run:example_xcom_args
[2024-11-24T08:43:04.987+0000] {logging_mixin.py:190} INFO - [2024-11-24T08:43:04.986+0000] {override.py:1911} INFO - Created Permission View: can delete on DAG Run:example_xcom_args
[2024-11-24T08:43:04.997+0000] {logging_mixin.py:190} INFO - [2024-11-24T08:43:04.996+0000] {override.py:1911} INFO - Created Permission View: can create on DAG Run:example_xcom_args
[2024-11-24T08:43:05.014+0000] {logging_mixin.py:190} INFO - [2024-11-24T08:43:05.013+0000] {override.py:1911} INFO - Created Permission View: menu access on DAG Run:example_xcom_args
[2024-11-24T08:43:05.015+0000] {logging_mixin.py:190} INFO - [2024-11-24T08:43:05.015+0000] {dag.py:3239} INFO - Sync 2 DAGs
[2024-11-24T08:43:05.041+0000] {logging_mixin.py:190} INFO - [2024-11-24T08:43:05.041+0000] {dag.py:3262} INFO - Creating ORM DAG for example_xcom_args_with_operators
[2024-11-24T08:43:05.043+0000] {logging_mixin.py:190} INFO - [2024-11-24T08:43:05.043+0000] {dag.py:3262} INFO - Creating ORM DAG for example_xcom_args
[2024-11-24T08:43:05.044+0000] {logging_mixin.py:190} INFO - [2024-11-24T08:43:05.044+0000] {dag.py:4180} INFO - Setting next_dagrun for example_xcom_args to None, run_after=None
[2024-11-24T08:43:05.046+0000] {logging_mixin.py:190} INFO - [2024-11-24T08:43:05.045+0000] {dag.py:4180} INFO - Setting next_dagrun for example_xcom_args_with_operators to None, run_after=None
[2024-11-24T08:43:05.080+0000] {processor.py:208} INFO - Processing /home/airflow/.local/lib/python3.12/site-packages/airflow/example_dags/example_xcomargs.py took 0.487 seconds
[2024-11-24T08:43:35.282+0000] {processor.py:186} INFO - Started process (PID=709) to work on /home/airflow/.local/lib/python3.12/site-packages/airflow/example_dags/example_xcomargs.py
[2024-11-24T08:43:35.283+0000] {processor.py:914} INFO - Processing file /home/airflow/.local/lib/python3.12/site-packages/airflow/example_dags/example_xcomargs.py for tasks to queue
[2024-11-24T08:43:35.287+0000] {logging_mixin.py:190} INFO - [2024-11-24T08:43:35.287+0000] {dagbag.py:588} INFO - Filling up the DagBag from /home/airflow/.local/lib/python3.12/site-packages/airflow/example_dags/example_xcomargs.py
[2024-11-24T08:43:35.301+0000] {processor.py:925} INFO - DAG(s) 'example_xcom_args', 'example_xcom_args_with_operators' retrieved from /home/airflow/.local/lib/python3.12/site-packages/airflow/example_dags/example_xcomargs.py
[2024-11-24T08:43:35.330+0000] {logging_mixin.py:190} INFO - [2024-11-24T08:43:35.330+0000] {dag.py:3239} INFO - Sync 2 DAGs
[2024-11-24T08:43:35.352+0000] {logging_mixin.py:190} INFO - [2024-11-24T08:43:35.351+0000] {dag.py:4180} INFO - Setting next_dagrun for example_xcom_args to None, run_after=None
[2024-11-24T08:43:35.358+0000] {logging_mixin.py:190} INFO - [2024-11-24T08:43:35.358+0000] {dag.py:4180} INFO - Setting next_dagrun for example_xcom_args_with_operators to None, run_after=None
[2024-11-24T08:43:35.382+0000] {processor.py:208} INFO - Processing /home/airflow/.local/lib/python3.12/site-packages/airflow/example_dags/example_xcomargs.py took 0.107 seconds
[2024-11-24T08:44:06.011+0000] {processor.py:186} INFO - Started process (PID=1000) to work on /home/airflow/.local/lib/python3.12/site-packages/airflow/example_dags/example_xcomargs.py
[2024-11-24T08:44:06.012+0000] {processor.py:914} INFO - Processing file /home/airflow/.local/lib/python3.12/site-packages/airflow/example_dags/example_xcomargs.py for tasks to queue
[2024-11-24T08:44:06.017+0000] {logging_mixin.py:190} INFO - [2024-11-24T08:44:06.016+0000] {dagbag.py:588} INFO - Filling up the DagBag from /home/airflow/.local/lib/python3.12/site-packages/airflow/example_dags/example_xcomargs.py
[2024-11-24T08:44:06.034+0000] {processor.py:925} INFO - DAG(s) 'example_xcom_args', 'example_xcom_args_with_operators' retrieved from /home/airflow/.local/lib/python3.12/site-packages/airflow/example_dags/example_xcomargs.py
[2024-11-24T08:44:06.061+0000] {logging_mixin.py:190} INFO - [2024-11-24T08:44:06.061+0000] {dag.py:3239} INFO - Sync 2 DAGs
[2024-11-24T08:44:06.075+0000] {logging_mixin.py:190} INFO - [2024-11-24T08:44:06.075+0000] {dag.py:4180} INFO - Setting next_dagrun for example_xcom_args to None, run_after=None
[2024-11-24T08:44:06.080+0000] {logging_mixin.py:190} INFO - [2024-11-24T08:44:06.079+0000] {dag.py:4180} INFO - Setting next_dagrun for example_xcom_args_with_operators to None, run_after=None
[2024-11-24T08:44:06.106+0000] {processor.py:208} INFO - Processing /home/airflow/.local/lib/python3.12/site-packages/airflow/example_dags/example_xcomargs.py took 0.101 seconds
[2024-11-24T08:44:36.593+0000] {processor.py:186} INFO - Started process (PID=1291) to work on /home/airflow/.local/lib/python3.12/site-packages/airflow/example_dags/example_xcomargs.py
[2024-11-24T08:44:36.595+0000] {processor.py:914} INFO - Processing file /home/airflow/.local/lib/python3.12/site-packages/airflow/example_dags/example_xcomargs.py for tasks to queue
[2024-11-24T08:44:36.603+0000] {logging_mixin.py:190} INFO - [2024-11-24T08:44:36.602+0000] {dagbag.py:588} INFO - Filling up the DagBag from /home/airflow/.local/lib/python3.12/site-packages/airflow/example_dags/example_xcomargs.py
[2024-11-24T08:44:36.621+0000] {processor.py:925} INFO - DAG(s) 'example_xcom_args', 'example_xcom_args_with_operators' retrieved from /home/airflow/.local/lib/python3.12/site-packages/airflow/example_dags/example_xcomargs.py
[2024-11-24T08:44:36.657+0000] {logging_mixin.py:190} INFO - [2024-11-24T08:44:36.657+0000] {dag.py:3239} INFO - Sync 2 DAGs
[2024-11-24T08:44:36.672+0000] {logging_mixin.py:190} INFO - [2024-11-24T08:44:36.672+0000] {dag.py:4180} INFO - Setting next_dagrun for example_xcom_args to None, run_after=None
[2024-11-24T08:44:36.677+0000] {logging_mixin.py:190} INFO - [2024-11-24T08:44:36.676+0000] {dag.py:4180} INFO - Setting next_dagrun for example_xcom_args_with_operators to None, run_after=None
[2024-11-24T08:44:36.693+0000] {processor.py:208} INFO - Processing /home/airflow/.local/lib/python3.12/site-packages/airflow/example_dags/example_xcomargs.py took 0.109 seconds
[2024-11-24T08:45:06.923+0000] {processor.py:186} INFO - Started process (PID=1577) to work on /home/airflow/.local/lib/python3.12/site-packages/airflow/example_dags/example_xcomargs.py
[2024-11-24T08:45:06.924+0000] {processor.py:914} INFO - Processing file /home/airflow/.local/lib/python3.12/site-packages/airflow/example_dags/example_xcomargs.py for tasks to queue
[2024-11-24T08:45:06.929+0000] {logging_mixin.py:190} INFO - [2024-11-24T08:45:06.928+0000] {dagbag.py:588} INFO - Filling up the DagBag from /home/airflow/.local/lib/python3.12/site-packages/airflow/example_dags/example_xcomargs.py
[2024-11-24T08:45:06.941+0000] {processor.py:925} INFO - DAG(s) 'example_xcom_args', 'example_xcom_args_with_operators' retrieved from /home/airflow/.local/lib/python3.12/site-packages/airflow/example_dags/example_xcomargs.py
[2024-11-24T08:45:06.965+0000] {logging_mixin.py:190} INFO - [2024-11-24T08:45:06.965+0000] {dag.py:3239} INFO - Sync 2 DAGs
[2024-11-24T08:45:06.978+0000] {logging_mixin.py:190} INFO - [2024-11-24T08:45:06.978+0000] {dag.py:4180} INFO - Setting next_dagrun for example_xcom_args to None, run_after=None
[2024-11-24T08:45:06.982+0000] {logging_mixin.py:190} INFO - [2024-11-24T08:45:06.982+0000] {dag.py:4180} INFO - Setting next_dagrun for example_xcom_args_with_operators to None, run_after=None
[2024-11-24T08:45:07.000+0000] {processor.py:208} INFO - Processing /home/airflow/.local/lib/python3.12/site-packages/airflow/example_dags/example_xcomargs.py took 0.086 seconds
[2024-11-24T08:45:37.714+0000] {processor.py:186} INFO - Started process (PID=1868) to work on /home/airflow/.local/lib/python3.12/site-packages/airflow/example_dags/example_xcomargs.py
[2024-11-24T08:45:37.716+0000] {processor.py:914} INFO - Processing file /home/airflow/.local/lib/python3.12/site-packages/airflow/example_dags/example_xcomargs.py for tasks to queue
[2024-11-24T08:45:37.719+0000] {logging_mixin.py:190} INFO - [2024-11-24T08:45:37.718+0000] {dagbag.py:588} INFO - Filling up the DagBag from /home/airflow/.local/lib/python3.12/site-packages/airflow/example_dags/example_xcomargs.py
[2024-11-24T08:45:37.730+0000] {processor.py:925} INFO - DAG(s) 'example_xcom_args_with_operators', 'example_xcom_args' retrieved from /home/airflow/.local/lib/python3.12/site-packages/airflow/example_dags/example_xcomargs.py
[2024-11-24T08:45:37.757+0000] {logging_mixin.py:190} INFO - [2024-11-24T08:45:37.757+0000] {dag.py:3239} INFO - Sync 2 DAGs
[2024-11-24T08:45:37.780+0000] {logging_mixin.py:190} INFO - [2024-11-24T08:45:37.780+0000] {dag.py:4180} INFO - Setting next_dagrun for example_xcom_args to None, run_after=None
[2024-11-24T08:45:37.785+0000] {logging_mixin.py:190} INFO - [2024-11-24T08:45:37.784+0000] {dag.py:4180} INFO - Setting next_dagrun for example_xcom_args_with_operators to None, run_after=None
[2024-11-24T08:45:37.808+0000] {processor.py:208} INFO - Processing /home/airflow/.local/lib/python3.12/site-packages/airflow/example_dags/example_xcomargs.py took 0.102 seconds
[2024-11-24T08:46:08.242+0000] {processor.py:186} INFO - Started process (PID=2159) to work on /home/airflow/.local/lib/python3.12/site-packages/airflow/example_dags/example_xcomargs.py
[2024-11-24T08:46:08.243+0000] {processor.py:914} INFO - Processing file /home/airflow/.local/lib/python3.12/site-packages/airflow/example_dags/example_xcomargs.py for tasks to queue
[2024-11-24T08:46:08.247+0000] {logging_mixin.py:190} INFO - [2024-11-24T08:46:08.246+0000] {dagbag.py:588} INFO - Filling up the DagBag from /home/airflow/.local/lib/python3.12/site-packages/airflow/example_dags/example_xcomargs.py
[2024-11-24T08:46:08.262+0000] {processor.py:925} INFO - DAG(s) 'example_xcom_args_with_operators', 'example_xcom_args' retrieved from /home/airflow/.local/lib/python3.12/site-packages/airflow/example_dags/example_xcomargs.py
[2024-11-24T08:46:08.294+0000] {logging_mixin.py:190} INFO - [2024-11-24T08:46:08.293+0000] {dag.py:3239} INFO - Sync 2 DAGs
[2024-11-24T08:46:08.312+0000] {logging_mixin.py:190} INFO - [2024-11-24T08:46:08.312+0000] {dag.py:4180} INFO - Setting next_dagrun for example_xcom_args to None, run_after=None
[2024-11-24T08:46:08.317+0000] {logging_mixin.py:190} INFO - [2024-11-24T08:46:08.317+0000] {dag.py:4180} INFO - Setting next_dagrun for example_xcom_args_with_operators to None, run_after=None
[2024-11-24T08:46:08.337+0000] {processor.py:208} INFO - Processing /home/airflow/.local/lib/python3.12/site-packages/airflow/example_dags/example_xcomargs.py took 0.103 seconds
[2024-11-24T08:46:40.499+0000] {processor.py:186} INFO - Started process (PID=2450) to work on /home/airflow/.local/lib/python3.12/site-packages/airflow/example_dags/example_xcomargs.py
[2024-11-24T08:46:40.501+0000] {processor.py:914} INFO - Processing file /home/airflow/.local/lib/python3.12/site-packages/airflow/example_dags/example_xcomargs.py for tasks to queue
[2024-11-24T08:46:40.505+0000] {logging_mixin.py:190} INFO - [2024-11-24T08:46:40.504+0000] {dagbag.py:588} INFO - Filling up the DagBag from /home/airflow/.local/lib/python3.12/site-packages/airflow/example_dags/example_xcomargs.py
[2024-11-24T08:46:40.523+0000] {processor.py:925} INFO - DAG(s) 'example_xcom_args_with_operators', 'example_xcom_args' retrieved from /home/airflow/.local/lib/python3.12/site-packages/airflow/example_dags/example_xcomargs.py
[2024-11-24T08:46:40.573+0000] {logging_mixin.py:190} INFO - [2024-11-24T08:46:40.573+0000] {dag.py:3239} INFO - Sync 2 DAGs
[2024-11-24T08:46:40.599+0000] {logging_mixin.py:190} INFO - [2024-11-24T08:46:40.598+0000] {dag.py:4180} INFO - Setting next_dagrun for example_xcom_args to None, run_after=None
[2024-11-24T08:46:40.606+0000] {logging_mixin.py:190} INFO - [2024-11-24T08:46:40.606+0000] {dag.py:4180} INFO - Setting next_dagrun for example_xcom_args_with_operators to None, run_after=None
[2024-11-24T08:46:40.633+0000] {processor.py:208} INFO - Processing /home/airflow/.local/lib/python3.12/site-packages/airflow/example_dags/example_xcomargs.py took 0.147 seconds
[2024-11-24T08:47:11.992+0000] {processor.py:186} INFO - Started process (PID=2741) to work on /home/airflow/.local/lib/python3.12/site-packages/airflow/example_dags/example_xcomargs.py
[2024-11-24T08:47:11.993+0000] {processor.py:914} INFO - Processing file /home/airflow/.local/lib/python3.12/site-packages/airflow/example_dags/example_xcomargs.py for tasks to queue
[2024-11-24T08:47:11.997+0000] {logging_mixin.py:190} INFO - [2024-11-24T08:47:11.997+0000] {dagbag.py:588} INFO - Filling up the DagBag from /home/airflow/.local/lib/python3.12/site-packages/airflow/example_dags/example_xcomargs.py
[2024-11-24T08:47:12.015+0000] {processor.py:925} INFO - DAG(s) 'example_xcom_args', 'example_xcom_args_with_operators' retrieved from /home/airflow/.local/lib/python3.12/site-packages/airflow/example_dags/example_xcomargs.py
[2024-11-24T08:47:12.052+0000] {logging_mixin.py:190} INFO - [2024-11-24T08:47:12.052+0000] {dag.py:3239} INFO - Sync 2 DAGs
[2024-11-24T08:47:12.078+0000] {logging_mixin.py:190} INFO - [2024-11-24T08:47:12.077+0000] {dag.py:4180} INFO - Setting next_dagrun for example_xcom_args to None, run_after=None
[2024-11-24T08:47:12.085+0000] {logging_mixin.py:190} INFO - [2024-11-24T08:47:12.085+0000] {dag.py:4180} INFO - Setting next_dagrun for example_xcom_args_with_operators to None, run_after=None
[2024-11-24T08:47:12.112+0000] {processor.py:208} INFO - Processing /home/airflow/.local/lib/python3.12/site-packages/airflow/example_dags/example_xcomargs.py took 0.130 seconds
[2024-11-24T08:47:44.176+0000] {processor.py:186} INFO - Started process (PID=3037) to work on /home/airflow/.local/lib/python3.12/site-packages/airflow/example_dags/example_xcomargs.py
[2024-11-24T08:47:44.178+0000] {processor.py:914} INFO - Processing file /home/airflow/.local/lib/python3.12/site-packages/airflow/example_dags/example_xcomargs.py for tasks to queue
[2024-11-24T08:47:44.184+0000] {logging_mixin.py:190} INFO - [2024-11-24T08:47:44.183+0000] {dagbag.py:588} INFO - Filling up the DagBag from /home/airflow/.local/lib/python3.12/site-packages/airflow/example_dags/example_xcomargs.py
[2024-11-24T08:47:44.202+0000] {processor.py:925} INFO - DAG(s) 'example_xcom_args', 'example_xcom_args_with_operators' retrieved from /home/airflow/.local/lib/python3.12/site-packages/airflow/example_dags/example_xcomargs.py
[2024-11-24T08:47:44.247+0000] {logging_mixin.py:190} INFO - [2024-11-24T08:47:44.246+0000] {dag.py:3239} INFO - Sync 2 DAGs
[2024-11-24T08:47:44.283+0000] {logging_mixin.py:190} INFO - [2024-11-24T08:47:44.283+0000] {dag.py:4180} INFO - Setting next_dagrun for example_xcom_args to None, run_after=None
[2024-11-24T08:47:44.294+0000] {logging_mixin.py:190} INFO - [2024-11-24T08:47:44.294+0000] {dag.py:4180} INFO - Setting next_dagrun for example_xcom_args_with_operators to None, run_after=None
[2024-11-24T08:47:44.336+0000] {processor.py:208} INFO - Processing /home/airflow/.local/lib/python3.12/site-packages/airflow/example_dags/example_xcomargs.py took 0.172 seconds
[2024-11-24T08:48:15.921+0000] {processor.py:186} INFO - Started process (PID=3323) to work on /home/airflow/.local/lib/python3.12/site-packages/airflow/example_dags/example_xcomargs.py
[2024-11-24T08:48:15.924+0000] {processor.py:914} INFO - Processing file /home/airflow/.local/lib/python3.12/site-packages/airflow/example_dags/example_xcomargs.py for tasks to queue
[2024-11-24T08:48:15.929+0000] {logging_mixin.py:190} INFO - [2024-11-24T08:48:15.929+0000] {dagbag.py:588} INFO - Filling up the DagBag from /home/airflow/.local/lib/python3.12/site-packages/airflow/example_dags/example_xcomargs.py
[2024-11-24T08:48:15.949+0000] {processor.py:925} INFO - DAG(s) 'example_xcom_args', 'example_xcom_args_with_operators' retrieved from /home/airflow/.local/lib/python3.12/site-packages/airflow/example_dags/example_xcomargs.py
[2024-11-24T08:48:15.987+0000] {logging_mixin.py:190} INFO - [2024-11-24T08:48:15.987+0000] {dag.py:3239} INFO - Sync 2 DAGs
[2024-11-24T08:48:16.013+0000] {logging_mixin.py:190} INFO - [2024-11-24T08:48:16.012+0000] {dag.py:4180} INFO - Setting next_dagrun for example_xcom_args to None, run_after=None
[2024-11-24T08:48:16.019+0000] {logging_mixin.py:190} INFO - [2024-11-24T08:48:16.018+0000] {dag.py:4180} INFO - Setting next_dagrun for example_xcom_args_with_operators to None, run_after=None
[2024-11-24T08:48:16.044+0000] {processor.py:208} INFO - Processing /home/airflow/.local/lib/python3.12/site-packages/airflow/example_dags/example_xcomargs.py took 0.133 seconds
[2024-11-24T08:48:46.980+0000] {processor.py:186} INFO - Started process (PID=3616) to work on /home/airflow/.local/lib/python3.12/site-packages/airflow/example_dags/example_xcomargs.py
[2024-11-24T08:48:46.982+0000] {processor.py:914} INFO - Processing file /home/airflow/.local/lib/python3.12/site-packages/airflow/example_dags/example_xcomargs.py for tasks to queue
[2024-11-24T08:48:46.986+0000] {logging_mixin.py:190} INFO - [2024-11-24T08:48:46.985+0000] {dagbag.py:588} INFO - Filling up the DagBag from /home/airflow/.local/lib/python3.12/site-packages/airflow/example_dags/example_xcomargs.py
[2024-11-24T08:48:47.001+0000] {processor.py:925} INFO - DAG(s) 'example_xcom_args_with_operators', 'example_xcom_args' retrieved from /home/airflow/.local/lib/python3.12/site-packages/airflow/example_dags/example_xcomargs.py
[2024-11-24T08:48:47.038+0000] {logging_mixin.py:190} INFO - [2024-11-24T08:48:47.037+0000] {dag.py:3239} INFO - Sync 2 DAGs
[2024-11-24T08:48:47.062+0000] {logging_mixin.py:190} INFO - [2024-11-24T08:48:47.062+0000] {dag.py:4180} INFO - Setting next_dagrun for example_xcom_args to None, run_after=None
[2024-11-24T08:48:47.069+0000] {logging_mixin.py:190} INFO - [2024-11-24T08:48:47.069+0000] {dag.py:4180} INFO - Setting next_dagrun for example_xcom_args_with_operators to None, run_after=None
[2024-11-24T08:48:47.100+0000] {processor.py:208} INFO - Processing /home/airflow/.local/lib/python3.12/site-packages/airflow/example_dags/example_xcomargs.py took 0.129 seconds
[2024-11-24T08:49:18.396+0000] {processor.py:186} INFO - Started process (PID=3905) to work on /home/airflow/.local/lib/python3.12/site-packages/airflow/example_dags/example_xcomargs.py
[2024-11-24T08:49:18.398+0000] {processor.py:914} INFO - Processing file /home/airflow/.local/lib/python3.12/site-packages/airflow/example_dags/example_xcomargs.py for tasks to queue
[2024-11-24T08:49:18.402+0000] {logging_mixin.py:190} INFO - [2024-11-24T08:49:18.402+0000] {dagbag.py:588} INFO - Filling up the DagBag from /home/airflow/.local/lib/python3.12/site-packages/airflow/example_dags/example_xcomargs.py
[2024-11-24T08:49:18.419+0000] {processor.py:925} INFO - DAG(s) 'example_xcom_args_with_operators', 'example_xcom_args' retrieved from /home/airflow/.local/lib/python3.12/site-packages/airflow/example_dags/example_xcomargs.py
[2024-11-24T08:49:18.466+0000] {logging_mixin.py:190} INFO - [2024-11-24T08:49:18.465+0000] {dag.py:3239} INFO - Sync 2 DAGs
[2024-11-24T08:49:18.491+0000] {logging_mixin.py:190} INFO - [2024-11-24T08:49:18.491+0000] {dag.py:4180} INFO - Setting next_dagrun for example_xcom_args to None, run_after=None
[2024-11-24T08:49:18.500+0000] {logging_mixin.py:190} INFO - [2024-11-24T08:49:18.500+0000] {dag.py:4180} INFO - Setting next_dagrun for example_xcom_args_with_operators to None, run_after=None
[2024-11-24T08:49:18.526+0000] {processor.py:208} INFO - Processing /home/airflow/.local/lib/python3.12/site-packages/airflow/example_dags/example_xcomargs.py took 0.142 seconds
[2024-11-24T08:49:50.617+0000] {processor.py:186} INFO - Started process (PID=4201) to work on /home/airflow/.local/lib/python3.12/site-packages/airflow/example_dags/example_xcomargs.py
[2024-11-24T08:49:50.619+0000] {processor.py:914} INFO - Processing file /home/airflow/.local/lib/python3.12/site-packages/airflow/example_dags/example_xcomargs.py for tasks to queue
[2024-11-24T08:49:50.623+0000] {logging_mixin.py:190} INFO - [2024-11-24T08:49:50.622+0000] {dagbag.py:588} INFO - Filling up the DagBag from /home/airflow/.local/lib/python3.12/site-packages/airflow/example_dags/example_xcomargs.py
[2024-11-24T08:49:50.644+0000] {processor.py:925} INFO - DAG(s) 'example_xcom_args', 'example_xcom_args_with_operators' retrieved from /home/airflow/.local/lib/python3.12/site-packages/airflow/example_dags/example_xcomargs.py
[2024-11-24T08:49:50.755+0000] {logging_mixin.py:190} INFO - [2024-11-24T08:49:50.754+0000] {dag.py:3239} INFO - Sync 2 DAGs
[2024-11-24T08:49:50.800+0000] {logging_mixin.py:190} INFO - [2024-11-24T08:49:50.800+0000] {dag.py:4180} INFO - Setting next_dagrun for example_xcom_args to None, run_after=None
[2024-11-24T08:49:50.808+0000] {logging_mixin.py:190} INFO - [2024-11-24T08:49:50.807+0000] {dag.py:4180} INFO - Setting next_dagrun for example_xcom_args_with_operators to None, run_after=None
[2024-11-24T08:49:50.842+0000] {processor.py:208} INFO - Processing /home/airflow/.local/lib/python3.12/site-packages/airflow/example_dags/example_xcomargs.py took 0.235 seconds
[2024-11-24T08:50:26.064+0000] {processor.py:186} INFO - Started process (PID=4500) to work on /home/airflow/.local/lib/python3.12/site-packages/airflow/example_dags/example_xcomargs.py
[2024-11-24T08:50:26.066+0000] {processor.py:914} INFO - Processing file /home/airflow/.local/lib/python3.12/site-packages/airflow/example_dags/example_xcomargs.py for tasks to queue
[2024-11-24T08:50:26.070+0000] {logging_mixin.py:190} INFO - [2024-11-24T08:50:26.069+0000] {dagbag.py:588} INFO - Filling up the DagBag from /home/airflow/.local/lib/python3.12/site-packages/airflow/example_dags/example_xcomargs.py
[2024-11-24T08:50:26.088+0000] {processor.py:925} INFO - DAG(s) 'example_xcom_args_with_operators', 'example_xcom_args' retrieved from /home/airflow/.local/lib/python3.12/site-packages/airflow/example_dags/example_xcomargs.py
[2024-11-24T08:50:26.133+0000] {logging_mixin.py:190} INFO - [2024-11-24T08:50:26.133+0000] {dag.py:3239} INFO - Sync 2 DAGs
[2024-11-24T08:50:26.167+0000] {logging_mixin.py:190} INFO - [2024-11-24T08:50:26.167+0000] {dag.py:4180} INFO - Setting next_dagrun for example_xcom_args to None, run_after=None
[2024-11-24T08:50:26.243+0000] {logging_mixin.py:190} INFO - [2024-11-24T08:50:26.242+0000] {dag.py:4180} INFO - Setting next_dagrun for example_xcom_args_with_operators to None, run_after=None
[2024-11-24T08:50:26.294+0000] {processor.py:208} INFO - Processing /home/airflow/.local/lib/python3.12/site-packages/airflow/example_dags/example_xcomargs.py took 0.241 seconds
[2024-11-24T08:51:04.378+0000] {processor.py:186} INFO - Started process (PID=4854) to work on /home/airflow/.local/lib/python3.12/site-packages/airflow/example_dags/example_xcomargs.py
[2024-11-24T08:51:04.380+0000] {processor.py:914} INFO - Processing file /home/airflow/.local/lib/python3.12/site-packages/airflow/example_dags/example_xcomargs.py for tasks to queue
[2024-11-24T08:51:04.386+0000] {logging_mixin.py:190} INFO - [2024-11-24T08:51:04.385+0000] {dagbag.py:588} INFO - Filling up the DagBag from /home/airflow/.local/lib/python3.12/site-packages/airflow/example_dags/example_xcomargs.py
[2024-11-24T08:51:04.408+0000] {processor.py:925} INFO - DAG(s) 'example_xcom_args', 'example_xcom_args_with_operators' retrieved from /home/airflow/.local/lib/python3.12/site-packages/airflow/example_dags/example_xcomargs.py
[2024-11-24T08:51:04.457+0000] {logging_mixin.py:190} INFO - [2024-11-24T08:51:04.456+0000] {dag.py:3239} INFO - Sync 2 DAGs
[2024-11-24T08:51:04.489+0000] {logging_mixin.py:190} INFO - [2024-11-24T08:51:04.488+0000] {dag.py:4180} INFO - Setting next_dagrun for example_xcom_args to None, run_after=None
[2024-11-24T08:51:04.501+0000] {logging_mixin.py:190} INFO - [2024-11-24T08:51:04.501+0000] {dag.py:4180} INFO - Setting next_dagrun for example_xcom_args_with_operators to None, run_after=None
[2024-11-24T08:51:04.537+0000] {processor.py:208} INFO - Processing /home/airflow/.local/lib/python3.12/site-packages/airflow/example_dags/example_xcomargs.py took 0.172 seconds
[2024-11-24T08:51:35.110+0000] {processor.py:186} INFO - Started process (PID=5144) to work on /home/airflow/.local/lib/python3.12/site-packages/airflow/example_dags/example_xcomargs.py
[2024-11-24T08:51:35.113+0000] {processor.py:914} INFO - Processing file /home/airflow/.local/lib/python3.12/site-packages/airflow/example_dags/example_xcomargs.py for tasks to queue
[2024-11-24T08:51:35.121+0000] {logging_mixin.py:190} INFO - [2024-11-24T08:51:35.120+0000] {dagbag.py:588} INFO - Filling up the DagBag from /home/airflow/.local/lib/python3.12/site-packages/airflow/example_dags/example_xcomargs.py
[2024-11-24T08:51:35.143+0000] {processor.py:925} INFO - DAG(s) 'example_xcom_args_with_operators', 'example_xcom_args' retrieved from /home/airflow/.local/lib/python3.12/site-packages/airflow/example_dags/example_xcomargs.py
[2024-11-24T08:51:35.193+0000] {logging_mixin.py:190} INFO - [2024-11-24T08:51:35.193+0000] {dag.py:3239} INFO - Sync 2 DAGs
[2024-11-24T08:51:35.226+0000] {logging_mixin.py:190} INFO - [2024-11-24T08:51:35.225+0000] {dag.py:4180} INFO - Setting next_dagrun for example_xcom_args to None, run_after=None
[2024-11-24T08:51:35.234+0000] {logging_mixin.py:190} INFO - [2024-11-24T08:51:35.233+0000] {dag.py:4180} INFO - Setting next_dagrun for example_xcom_args_with_operators to None, run_after=None
[2024-11-24T08:51:35.264+0000] {processor.py:208} INFO - Processing /home/airflow/.local/lib/python3.12/site-packages/airflow/example_dags/example_xcomargs.py took 0.167 seconds
[2024-11-24T08:52:05.362+0000] {processor.py:186} INFO - Started process (PID=5437) to work on /home/airflow/.local/lib/python3.12/site-packages/airflow/example_dags/example_xcomargs.py
[2024-11-24T08:52:05.363+0000] {processor.py:914} INFO - Processing file /home/airflow/.local/lib/python3.12/site-packages/airflow/example_dags/example_xcomargs.py for tasks to queue
[2024-11-24T08:52:05.365+0000] {logging_mixin.py:190} INFO - [2024-11-24T08:52:05.365+0000] {dagbag.py:588} INFO - Filling up the DagBag from /home/airflow/.local/lib/python3.12/site-packages/airflow/example_dags/example_xcomargs.py
[2024-11-24T08:52:05.374+0000] {processor.py:925} INFO - DAG(s) 'example_xcom_args', 'example_xcom_args_with_operators' retrieved from /home/airflow/.local/lib/python3.12/site-packages/airflow/example_dags/example_xcomargs.py
[2024-11-24T08:52:05.403+0000] {logging_mixin.py:190} INFO - [2024-11-24T08:52:05.403+0000] {dag.py:3239} INFO - Sync 2 DAGs
[2024-11-24T08:52:05.418+0000] {logging_mixin.py:190} INFO - [2024-11-24T08:52:05.418+0000] {dag.py:4180} INFO - Setting next_dagrun for example_xcom_args to None, run_after=None
[2024-11-24T08:52:05.424+0000] {logging_mixin.py:190} INFO - [2024-11-24T08:52:05.424+0000] {dag.py:4180} INFO - Setting next_dagrun for example_xcom_args_with_operators to None, run_after=None
[2024-11-24T08:52:05.445+0000] {processor.py:208} INFO - Processing /home/airflow/.local/lib/python3.12/site-packages/airflow/example_dags/example_xcomargs.py took 0.089 seconds
