[2024-11-24T08:43:05.787+0000] {processor.py:186} INFO - Started process (PID=443) to work on /home/airflow/.local/lib/python3.12/site-packages/airflow/example_dags/example_setup_teardown.py
[2024-11-24T08:43:05.789+0000] {processor.py:914} INFO - Processing file /home/airflow/.local/lib/python3.12/site-packages/airflow/example_dags/example_setup_teardown.py for tasks to queue
[2024-11-24T08:43:05.792+0000] {logging_mixin.py:190} INFO - [2024-11-24T08:43:05.792+0000] {dagbag.py:588} INFO - Filling up the DagBag from /home/airflow/.local/lib/python3.12/site-packages/airflow/example_dags/example_setup_teardown.py
[2024-11-24T08:43:05.808+0000] {processor.py:925} INFO - DAG(s) 'example_setup_teardown' retrieved from /home/airflow/.local/lib/python3.12/site-packages/airflow/example_dags/example_setup_teardown.py
[2024-11-24T08:43:06.018+0000] {logging_mixin.py:190} INFO - [2024-11-24T08:43:06.017+0000] {override.py:1911} INFO - Created Permission View: can read on DAG:example_setup_teardown
[2024-11-24T08:43:06.039+0000] {logging_mixin.py:190} INFO - [2024-11-24T08:43:06.039+0000] {override.py:1911} INFO - Created Permission View: can edit on DAG:example_setup_teardown
[2024-11-24T08:43:06.053+0000] {logging_mixin.py:190} INFO - [2024-11-24T08:43:06.052+0000] {override.py:1911} INFO - Created Permission View: can delete on DAG:example_setup_teardown
[2024-11-24T08:43:06.068+0000] {logging_mixin.py:190} INFO - [2024-11-24T08:43:06.068+0000] {override.py:1911} INFO - Created Permission View: can read on DAG Run:example_setup_teardown
[2024-11-24T08:43:06.083+0000] {logging_mixin.py:190} INFO - [2024-11-24T08:43:06.082+0000] {override.py:1911} INFO - Created Permission View: can delete on DAG Run:example_setup_teardown
[2024-11-24T08:43:06.097+0000] {logging_mixin.py:190} INFO - [2024-11-24T08:43:06.096+0000] {override.py:1911} INFO - Created Permission View: can create on DAG Run:example_setup_teardown
[2024-11-24T08:43:06.112+0000] {logging_mixin.py:190} INFO - [2024-11-24T08:43:06.111+0000] {override.py:1911} INFO - Created Permission View: menu access on DAG Run:example_setup_teardown
[2024-11-24T08:43:06.113+0000] {logging_mixin.py:190} INFO - [2024-11-24T08:43:06.113+0000] {dag.py:3239} INFO - Sync 1 DAGs
[2024-11-24T08:43:06.137+0000] {logging_mixin.py:190} INFO - [2024-11-24T08:43:06.137+0000] {dag.py:3262} INFO - Creating ORM DAG for example_setup_teardown
[2024-11-24T08:43:06.139+0000] {logging_mixin.py:190} INFO - [2024-11-24T08:43:06.139+0000] {dag.py:4180} INFO - Setting next_dagrun for example_setup_teardown to None, run_after=None
[2024-11-24T08:43:06.171+0000] {processor.py:208} INFO - Processing /home/airflow/.local/lib/python3.12/site-packages/airflow/example_dags/example_setup_teardown.py took 0.394 seconds
[2024-11-24T08:43:36.621+0000] {processor.py:186} INFO - Started process (PID=734) to work on /home/airflow/.local/lib/python3.12/site-packages/airflow/example_dags/example_setup_teardown.py
[2024-11-24T08:43:36.623+0000] {processor.py:914} INFO - Processing file /home/airflow/.local/lib/python3.12/site-packages/airflow/example_dags/example_setup_teardown.py for tasks to queue
[2024-11-24T08:43:36.625+0000] {logging_mixin.py:190} INFO - [2024-11-24T08:43:36.625+0000] {dagbag.py:588} INFO - Filling up the DagBag from /home/airflow/.local/lib/python3.12/site-packages/airflow/example_dags/example_setup_teardown.py
[2024-11-24T08:43:36.636+0000] {processor.py:925} INFO - DAG(s) 'example_setup_teardown' retrieved from /home/airflow/.local/lib/python3.12/site-packages/airflow/example_dags/example_setup_teardown.py
[2024-11-24T08:43:36.666+0000] {logging_mixin.py:190} INFO - [2024-11-24T08:43:36.666+0000] {dag.py:3239} INFO - Sync 1 DAGs
[2024-11-24T08:43:36.689+0000] {logging_mixin.py:190} INFO - [2024-11-24T08:43:36.689+0000] {dag.py:4180} INFO - Setting next_dagrun for example_setup_teardown to None, run_after=None
[2024-11-24T08:43:36.715+0000] {processor.py:208} INFO - Processing /home/airflow/.local/lib/python3.12/site-packages/airflow/example_dags/example_setup_teardown.py took 0.102 seconds
[2024-11-24T08:44:07.353+0000] {processor.py:186} INFO - Started process (PID=1025) to work on /home/airflow/.local/lib/python3.12/site-packages/airflow/example_dags/example_setup_teardown.py
[2024-11-24T08:44:07.355+0000] {processor.py:914} INFO - Processing file /home/airflow/.local/lib/python3.12/site-packages/airflow/example_dags/example_setup_teardown.py for tasks to queue
[2024-11-24T08:44:07.357+0000] {logging_mixin.py:190} INFO - [2024-11-24T08:44:07.357+0000] {dagbag.py:588} INFO - Filling up the DagBag from /home/airflow/.local/lib/python3.12/site-packages/airflow/example_dags/example_setup_teardown.py
[2024-11-24T08:44:07.372+0000] {processor.py:925} INFO - DAG(s) 'example_setup_teardown' retrieved from /home/airflow/.local/lib/python3.12/site-packages/airflow/example_dags/example_setup_teardown.py
[2024-11-24T08:44:07.409+0000] {logging_mixin.py:190} INFO - [2024-11-24T08:44:07.408+0000] {dag.py:3239} INFO - Sync 1 DAGs
[2024-11-24T08:44:07.437+0000] {logging_mixin.py:190} INFO - [2024-11-24T08:44:07.437+0000] {dag.py:4180} INFO - Setting next_dagrun for example_setup_teardown to None, run_after=None
[2024-11-24T08:44:07.470+0000] {processor.py:208} INFO - Processing /home/airflow/.local/lib/python3.12/site-packages/airflow/example_dags/example_setup_teardown.py took 0.123 seconds
[2024-11-24T08:44:38.089+0000] {processor.py:186} INFO - Started process (PID=1316) to work on /home/airflow/.local/lib/python3.12/site-packages/airflow/example_dags/example_setup_teardown.py
[2024-11-24T08:44:38.091+0000] {processor.py:914} INFO - Processing file /home/airflow/.local/lib/python3.12/site-packages/airflow/example_dags/example_setup_teardown.py for tasks to queue
[2024-11-24T08:44:38.093+0000] {logging_mixin.py:190} INFO - [2024-11-24T08:44:38.093+0000] {dagbag.py:588} INFO - Filling up the DagBag from /home/airflow/.local/lib/python3.12/site-packages/airflow/example_dags/example_setup_teardown.py
[2024-11-24T08:44:38.101+0000] {processor.py:925} INFO - DAG(s) 'example_setup_teardown' retrieved from /home/airflow/.local/lib/python3.12/site-packages/airflow/example_dags/example_setup_teardown.py
[2024-11-24T08:44:38.121+0000] {logging_mixin.py:190} INFO - [2024-11-24T08:44:38.120+0000] {dag.py:3239} INFO - Sync 1 DAGs
[2024-11-24T08:44:38.135+0000] {logging_mixin.py:190} INFO - [2024-11-24T08:44:38.135+0000] {dag.py:4180} INFO - Setting next_dagrun for example_setup_teardown to None, run_after=None
[2024-11-24T08:44:38.156+0000] {processor.py:208} INFO - Processing /home/airflow/.local/lib/python3.12/site-packages/airflow/example_dags/example_setup_teardown.py took 0.074 seconds
[2024-11-24T08:45:08.373+0000] {processor.py:186} INFO - Started process (PID=1607) to work on /home/airflow/.local/lib/python3.12/site-packages/airflow/example_dags/example_setup_teardown.py
[2024-11-24T08:45:08.375+0000] {processor.py:914} INFO - Processing file /home/airflow/.local/lib/python3.12/site-packages/airflow/example_dags/example_setup_teardown.py for tasks to queue
[2024-11-24T08:45:08.377+0000] {logging_mixin.py:190} INFO - [2024-11-24T08:45:08.377+0000] {dagbag.py:588} INFO - Filling up the DagBag from /home/airflow/.local/lib/python3.12/site-packages/airflow/example_dags/example_setup_teardown.py
[2024-11-24T08:45:08.385+0000] {processor.py:925} INFO - DAG(s) 'example_setup_teardown' retrieved from /home/airflow/.local/lib/python3.12/site-packages/airflow/example_dags/example_setup_teardown.py
[2024-11-24T08:45:08.409+0000] {logging_mixin.py:190} INFO - [2024-11-24T08:45:08.409+0000] {dag.py:3239} INFO - Sync 1 DAGs
[2024-11-24T08:45:08.424+0000] {logging_mixin.py:190} INFO - [2024-11-24T08:45:08.423+0000] {dag.py:4180} INFO - Setting next_dagrun for example_setup_teardown to None, run_after=None
[2024-11-24T08:45:08.448+0000] {processor.py:208} INFO - Processing /home/airflow/.local/lib/python3.12/site-packages/airflow/example_dags/example_setup_teardown.py took 0.082 seconds
[2024-11-24T08:45:38.720+0000] {processor.py:186} INFO - Started process (PID=1898) to work on /home/airflow/.local/lib/python3.12/site-packages/airflow/example_dags/example_setup_teardown.py
[2024-11-24T08:45:38.722+0000] {processor.py:914} INFO - Processing file /home/airflow/.local/lib/python3.12/site-packages/airflow/example_dags/example_setup_teardown.py for tasks to queue
[2024-11-24T08:45:38.726+0000] {logging_mixin.py:190} INFO - [2024-11-24T08:45:38.726+0000] {dagbag.py:588} INFO - Filling up the DagBag from /home/airflow/.local/lib/python3.12/site-packages/airflow/example_dags/example_setup_teardown.py
[2024-11-24T08:45:38.740+0000] {processor.py:925} INFO - DAG(s) 'example_setup_teardown' retrieved from /home/airflow/.local/lib/python3.12/site-packages/airflow/example_dags/example_setup_teardown.py
[2024-11-24T08:45:38.774+0000] {logging_mixin.py:190} INFO - [2024-11-24T08:45:38.774+0000] {dag.py:3239} INFO - Sync 1 DAGs
[2024-11-24T08:45:38.796+0000] {logging_mixin.py:190} INFO - [2024-11-24T08:45:38.795+0000] {dag.py:4180} INFO - Setting next_dagrun for example_setup_teardown to None, run_after=None
[2024-11-24T08:45:38.825+0000] {processor.py:208} INFO - Processing /home/airflow/.local/lib/python3.12/site-packages/airflow/example_dags/example_setup_teardown.py took 0.114 seconds
[2024-11-24T08:46:09.722+0000] {processor.py:186} INFO - Started process (PID=2189) to work on /home/airflow/.local/lib/python3.12/site-packages/airflow/example_dags/example_setup_teardown.py
[2024-11-24T08:46:09.723+0000] {processor.py:914} INFO - Processing file /home/airflow/.local/lib/python3.12/site-packages/airflow/example_dags/example_setup_teardown.py for tasks to queue
[2024-11-24T08:46:09.727+0000] {logging_mixin.py:190} INFO - [2024-11-24T08:46:09.726+0000] {dagbag.py:588} INFO - Filling up the DagBag from /home/airflow/.local/lib/python3.12/site-packages/airflow/example_dags/example_setup_teardown.py
[2024-11-24T08:46:09.744+0000] {processor.py:925} INFO - DAG(s) 'example_setup_teardown' retrieved from /home/airflow/.local/lib/python3.12/site-packages/airflow/example_dags/example_setup_teardown.py
[2024-11-24T08:46:09.784+0000] {logging_mixin.py:190} INFO - [2024-11-24T08:46:09.784+0000] {dag.py:3239} INFO - Sync 1 DAGs
[2024-11-24T08:46:09.810+0000] {logging_mixin.py:190} INFO - [2024-11-24T08:46:09.809+0000] {dag.py:4180} INFO - Setting next_dagrun for example_setup_teardown to None, run_after=None
[2024-11-24T08:46:09.843+0000] {processor.py:208} INFO - Processing /home/airflow/.local/lib/python3.12/site-packages/airflow/example_dags/example_setup_teardown.py took 0.135 seconds
[2024-11-24T08:46:41.584+0000] {processor.py:186} INFO - Started process (PID=2480) to work on /home/airflow/.local/lib/python3.12/site-packages/airflow/example_dags/example_setup_teardown.py
[2024-11-24T08:46:41.587+0000] {processor.py:914} INFO - Processing file /home/airflow/.local/lib/python3.12/site-packages/airflow/example_dags/example_setup_teardown.py for tasks to queue
[2024-11-24T08:46:41.591+0000] {logging_mixin.py:190} INFO - [2024-11-24T08:46:41.591+0000] {dagbag.py:588} INFO - Filling up the DagBag from /home/airflow/.local/lib/python3.12/site-packages/airflow/example_dags/example_setup_teardown.py
[2024-11-24T08:46:41.608+0000] {processor.py:925} INFO - DAG(s) 'example_setup_teardown' retrieved from /home/airflow/.local/lib/python3.12/site-packages/airflow/example_dags/example_setup_teardown.py
[2024-11-24T08:46:41.645+0000] {logging_mixin.py:190} INFO - [2024-11-24T08:46:41.645+0000] {dag.py:3239} INFO - Sync 1 DAGs
[2024-11-24T08:46:41.675+0000] {logging_mixin.py:190} INFO - [2024-11-24T08:46:41.675+0000] {dag.py:4180} INFO - Setting next_dagrun for example_setup_teardown to None, run_after=None
[2024-11-24T08:46:41.714+0000] {processor.py:208} INFO - Processing /home/airflow/.local/lib/python3.12/site-packages/airflow/example_dags/example_setup_teardown.py took 0.143 seconds
[2024-11-24T08:47:12.633+0000] {processor.py:186} INFO - Started process (PID=2771) to work on /home/airflow/.local/lib/python3.12/site-packages/airflow/example_dags/example_setup_teardown.py
[2024-11-24T08:47:12.635+0000] {processor.py:914} INFO - Processing file /home/airflow/.local/lib/python3.12/site-packages/airflow/example_dags/example_setup_teardown.py for tasks to queue
[2024-11-24T08:47:12.639+0000] {logging_mixin.py:190} INFO - [2024-11-24T08:47:12.639+0000] {dagbag.py:588} INFO - Filling up the DagBag from /home/airflow/.local/lib/python3.12/site-packages/airflow/example_dags/example_setup_teardown.py
[2024-11-24T08:47:12.652+0000] {processor.py:925} INFO - DAG(s) 'example_setup_teardown' retrieved from /home/airflow/.local/lib/python3.12/site-packages/airflow/example_dags/example_setup_teardown.py
[2024-11-24T08:47:12.687+0000] {logging_mixin.py:190} INFO - [2024-11-24T08:47:12.687+0000] {dag.py:3239} INFO - Sync 1 DAGs
[2024-11-24T08:47:12.713+0000] {logging_mixin.py:190} INFO - [2024-11-24T08:47:12.713+0000] {dag.py:4180} INFO - Setting next_dagrun for example_setup_teardown to None, run_after=None
[2024-11-24T08:47:12.749+0000] {processor.py:208} INFO - Processing /home/airflow/.local/lib/python3.12/site-packages/airflow/example_dags/example_setup_teardown.py took 0.125 seconds
[2024-11-24T08:47:44.983+0000] {processor.py:186} INFO - Started process (PID=3062) to work on /home/airflow/.local/lib/python3.12/site-packages/airflow/example_dags/example_setup_teardown.py
[2024-11-24T08:47:44.985+0000] {processor.py:914} INFO - Processing file /home/airflow/.local/lib/python3.12/site-packages/airflow/example_dags/example_setup_teardown.py for tasks to queue
[2024-11-24T08:47:44.990+0000] {logging_mixin.py:190} INFO - [2024-11-24T08:47:44.989+0000] {dagbag.py:588} INFO - Filling up the DagBag from /home/airflow/.local/lib/python3.12/site-packages/airflow/example_dags/example_setup_teardown.py
[2024-11-24T08:47:45.005+0000] {processor.py:925} INFO - DAG(s) 'example_setup_teardown' retrieved from /home/airflow/.local/lib/python3.12/site-packages/airflow/example_dags/example_setup_teardown.py
[2024-11-24T08:47:45.041+0000] {logging_mixin.py:190} INFO - [2024-11-24T08:47:45.041+0000] {dag.py:3239} INFO - Sync 1 DAGs
[2024-11-24T08:47:45.068+0000] {logging_mixin.py:190} INFO - [2024-11-24T08:47:45.068+0000] {dag.py:4180} INFO - Setting next_dagrun for example_setup_teardown to None, run_after=None
[2024-11-24T08:47:45.097+0000] {processor.py:208} INFO - Processing /home/airflow/.local/lib/python3.12/site-packages/airflow/example_dags/example_setup_teardown.py took 0.124 seconds
[2024-11-24T08:48:17.499+0000] {processor.py:186} INFO - Started process (PID=3353) to work on /home/airflow/.local/lib/python3.12/site-packages/airflow/example_dags/example_setup_teardown.py
[2024-11-24T08:48:17.501+0000] {processor.py:914} INFO - Processing file /home/airflow/.local/lib/python3.12/site-packages/airflow/example_dags/example_setup_teardown.py for tasks to queue
[2024-11-24T08:48:17.504+0000] {logging_mixin.py:190} INFO - [2024-11-24T08:48:17.504+0000] {dagbag.py:588} INFO - Filling up the DagBag from /home/airflow/.local/lib/python3.12/site-packages/airflow/example_dags/example_setup_teardown.py
[2024-11-24T08:48:17.520+0000] {processor.py:925} INFO - DAG(s) 'example_setup_teardown' retrieved from /home/airflow/.local/lib/python3.12/site-packages/airflow/example_dags/example_setup_teardown.py
[2024-11-24T08:48:17.555+0000] {logging_mixin.py:190} INFO - [2024-11-24T08:48:17.555+0000] {dag.py:3239} INFO - Sync 1 DAGs
[2024-11-24T08:48:17.578+0000] {logging_mixin.py:190} INFO - [2024-11-24T08:48:17.578+0000] {dag.py:4180} INFO - Setting next_dagrun for example_setup_teardown to None, run_after=None
[2024-11-24T08:48:17.613+0000] {processor.py:208} INFO - Processing /home/airflow/.local/lib/python3.12/site-packages/airflow/example_dags/example_setup_teardown.py took 0.123 seconds
[2024-11-24T08:48:48.005+0000] {processor.py:186} INFO - Started process (PID=3644) to work on /home/airflow/.local/lib/python3.12/site-packages/airflow/example_dags/example_setup_teardown.py
[2024-11-24T08:48:48.007+0000] {processor.py:914} INFO - Processing file /home/airflow/.local/lib/python3.12/site-packages/airflow/example_dags/example_setup_teardown.py for tasks to queue
[2024-11-24T08:48:48.012+0000] {logging_mixin.py:190} INFO - [2024-11-24T08:48:48.010+0000] {dagbag.py:588} INFO - Filling up the DagBag from /home/airflow/.local/lib/python3.12/site-packages/airflow/example_dags/example_setup_teardown.py
[2024-11-24T08:48:48.028+0000] {processor.py:925} INFO - DAG(s) 'example_setup_teardown' retrieved from /home/airflow/.local/lib/python3.12/site-packages/airflow/example_dags/example_setup_teardown.py
[2024-11-24T08:48:48.064+0000] {logging_mixin.py:190} INFO - [2024-11-24T08:48:48.063+0000] {dag.py:3239} INFO - Sync 1 DAGs
[2024-11-24T08:48:48.089+0000] {logging_mixin.py:190} INFO - [2024-11-24T08:48:48.088+0000] {dag.py:4180} INFO - Setting next_dagrun for example_setup_teardown to None, run_after=None
[2024-11-24T08:48:48.120+0000] {processor.py:208} INFO - Processing /home/airflow/.local/lib/python3.12/site-packages/airflow/example_dags/example_setup_teardown.py took 0.126 seconds
[2024-11-24T08:49:19.222+0000] {processor.py:186} INFO - Started process (PID=3935) to work on /home/airflow/.local/lib/python3.12/site-packages/airflow/example_dags/example_setup_teardown.py
[2024-11-24T08:49:19.224+0000] {processor.py:914} INFO - Processing file /home/airflow/.local/lib/python3.12/site-packages/airflow/example_dags/example_setup_teardown.py for tasks to queue
[2024-11-24T08:49:19.229+0000] {logging_mixin.py:190} INFO - [2024-11-24T08:49:19.228+0000] {dagbag.py:588} INFO - Filling up the DagBag from /home/airflow/.local/lib/python3.12/site-packages/airflow/example_dags/example_setup_teardown.py
[2024-11-24T08:49:19.244+0000] {processor.py:925} INFO - DAG(s) 'example_setup_teardown' retrieved from /home/airflow/.local/lib/python3.12/site-packages/airflow/example_dags/example_setup_teardown.py
[2024-11-24T08:49:19.276+0000] {logging_mixin.py:190} INFO - [2024-11-24T08:49:19.276+0000] {dag.py:3239} INFO - Sync 1 DAGs
[2024-11-24T08:49:19.299+0000] {logging_mixin.py:190} INFO - [2024-11-24T08:49:19.298+0000] {dag.py:4180} INFO - Setting next_dagrun for example_setup_teardown to None, run_after=None
[2024-11-24T08:49:19.333+0000] {processor.py:208} INFO - Processing /home/airflow/.local/lib/python3.12/site-packages/airflow/example_dags/example_setup_teardown.py took 0.124 seconds
[2024-11-24T08:49:51.589+0000] {processor.py:186} INFO - Started process (PID=4226) to work on /home/airflow/.local/lib/python3.12/site-packages/airflow/example_dags/example_setup_teardown.py
[2024-11-24T08:49:51.591+0000] {processor.py:914} INFO - Processing file /home/airflow/.local/lib/python3.12/site-packages/airflow/example_dags/example_setup_teardown.py for tasks to queue
[2024-11-24T08:49:51.597+0000] {logging_mixin.py:190} INFO - [2024-11-24T08:49:51.596+0000] {dagbag.py:588} INFO - Filling up the DagBag from /home/airflow/.local/lib/python3.12/site-packages/airflow/example_dags/example_setup_teardown.py
[2024-11-24T08:49:51.616+0000] {processor.py:925} INFO - DAG(s) 'example_setup_teardown' retrieved from /home/airflow/.local/lib/python3.12/site-packages/airflow/example_dags/example_setup_teardown.py
[2024-11-24T08:49:51.655+0000] {logging_mixin.py:190} INFO - [2024-11-24T08:49:51.654+0000] {dag.py:3239} INFO - Sync 1 DAGs
[2024-11-24T08:49:51.681+0000] {logging_mixin.py:190} INFO - [2024-11-24T08:49:51.680+0000] {dag.py:4180} INFO - Setting next_dagrun for example_setup_teardown to None, run_after=None
[2024-11-24T08:49:51.722+0000] {processor.py:208} INFO - Processing /home/airflow/.local/lib/python3.12/site-packages/airflow/example_dags/example_setup_teardown.py took 0.146 seconds
[2024-11-24T08:50:26.867+0000] {processor.py:186} INFO - Started process (PID=4525) to work on /home/airflow/.local/lib/python3.12/site-packages/airflow/example_dags/example_setup_teardown.py
[2024-11-24T08:50:26.869+0000] {processor.py:914} INFO - Processing file /home/airflow/.local/lib/python3.12/site-packages/airflow/example_dags/example_setup_teardown.py for tasks to queue
[2024-11-24T08:50:26.874+0000] {logging_mixin.py:190} INFO - [2024-11-24T08:50:26.873+0000] {dagbag.py:588} INFO - Filling up the DagBag from /home/airflow/.local/lib/python3.12/site-packages/airflow/example_dags/example_setup_teardown.py
[2024-11-24T08:50:26.889+0000] {processor.py:925} INFO - DAG(s) 'example_setup_teardown' retrieved from /home/airflow/.local/lib/python3.12/site-packages/airflow/example_dags/example_setup_teardown.py
[2024-11-24T08:50:26.940+0000] {logging_mixin.py:190} INFO - [2024-11-24T08:50:26.939+0000] {dag.py:3239} INFO - Sync 1 DAGs
[2024-11-24T08:50:26.971+0000] {logging_mixin.py:190} INFO - [2024-11-24T08:50:26.971+0000] {dag.py:4180} INFO - Setting next_dagrun for example_setup_teardown to None, run_after=None
[2024-11-24T08:50:27.013+0000] {processor.py:208} INFO - Processing /home/airflow/.local/lib/python3.12/site-packages/airflow/example_dags/example_setup_teardown.py took 0.157 seconds
[2024-11-24T08:51:05.122+0000] {processor.py:186} INFO - Started process (PID=4881) to work on /home/airflow/.local/lib/python3.12/site-packages/airflow/example_dags/example_setup_teardown.py
[2024-11-24T08:51:05.123+0000] {processor.py:914} INFO - Processing file /home/airflow/.local/lib/python3.12/site-packages/airflow/example_dags/example_setup_teardown.py for tasks to queue
[2024-11-24T08:51:05.129+0000] {logging_mixin.py:190} INFO - [2024-11-24T08:51:05.128+0000] {dagbag.py:588} INFO - Filling up the DagBag from /home/airflow/.local/lib/python3.12/site-packages/airflow/example_dags/example_setup_teardown.py
[2024-11-24T08:51:05.145+0000] {processor.py:925} INFO - DAG(s) 'example_setup_teardown' retrieved from /home/airflow/.local/lib/python3.12/site-packages/airflow/example_dags/example_setup_teardown.py
[2024-11-24T08:51:05.187+0000] {logging_mixin.py:190} INFO - [2024-11-24T08:51:05.186+0000] {dag.py:3239} INFO - Sync 1 DAGs
[2024-11-24T08:51:05.215+0000] {logging_mixin.py:190} INFO - [2024-11-24T08:51:05.214+0000] {dag.py:4180} INFO - Setting next_dagrun for example_setup_teardown to None, run_after=None
[2024-11-24T08:51:05.250+0000] {processor.py:208} INFO - Processing /home/airflow/.local/lib/python3.12/site-packages/airflow/example_dags/example_setup_teardown.py took 0.139 seconds
[2024-11-24T08:51:35.719+0000] {processor.py:186} INFO - Started process (PID=5169) to work on /home/airflow/.local/lib/python3.12/site-packages/airflow/example_dags/example_setup_teardown.py
[2024-11-24T08:51:35.723+0000] {processor.py:914} INFO - Processing file /home/airflow/.local/lib/python3.12/site-packages/airflow/example_dags/example_setup_teardown.py for tasks to queue
[2024-11-24T08:51:35.728+0000] {logging_mixin.py:190} INFO - [2024-11-24T08:51:35.727+0000] {dagbag.py:588} INFO - Filling up the DagBag from /home/airflow/.local/lib/python3.12/site-packages/airflow/example_dags/example_setup_teardown.py
[2024-11-24T08:51:35.743+0000] {processor.py:925} INFO - DAG(s) 'example_setup_teardown' retrieved from /home/airflow/.local/lib/python3.12/site-packages/airflow/example_dags/example_setup_teardown.py
[2024-11-24T08:51:35.780+0000] {logging_mixin.py:190} INFO - [2024-11-24T08:51:35.779+0000] {dag.py:3239} INFO - Sync 1 DAGs
[2024-11-24T08:51:35.811+0000] {logging_mixin.py:190} INFO - [2024-11-24T08:51:35.811+0000] {dag.py:4180} INFO - Setting next_dagrun for example_setup_teardown to None, run_after=None
[2024-11-24T08:51:35.849+0000] {processor.py:208} INFO - Processing /home/airflow/.local/lib/python3.12/site-packages/airflow/example_dags/example_setup_teardown.py took 0.143 seconds
[2024-11-24T08:52:05.969+0000] {processor.py:186} INFO - Started process (PID=5460) to work on /home/airflow/.local/lib/python3.12/site-packages/airflow/example_dags/example_setup_teardown.py
[2024-11-24T08:52:05.970+0000] {processor.py:914} INFO - Processing file /home/airflow/.local/lib/python3.12/site-packages/airflow/example_dags/example_setup_teardown.py for tasks to queue
[2024-11-24T08:52:05.972+0000] {logging_mixin.py:190} INFO - [2024-11-24T08:52:05.972+0000] {dagbag.py:588} INFO - Filling up the DagBag from /home/airflow/.local/lib/python3.12/site-packages/airflow/example_dags/example_setup_teardown.py
[2024-11-24T08:52:05.985+0000] {processor.py:925} INFO - DAG(s) 'example_setup_teardown' retrieved from /home/airflow/.local/lib/python3.12/site-packages/airflow/example_dags/example_setup_teardown.py
[2024-11-24T08:52:06.009+0000] {logging_mixin.py:190} INFO - [2024-11-24T08:52:06.009+0000] {dag.py:3239} INFO - Sync 1 DAGs
[2024-11-24T08:52:06.026+0000] {logging_mixin.py:190} INFO - [2024-11-24T08:52:06.026+0000] {dag.py:4180} INFO - Setting next_dagrun for example_setup_teardown to None, run_after=None
[2024-11-24T08:52:06.048+0000] {processor.py:208} INFO - Processing /home/airflow/.local/lib/python3.12/site-packages/airflow/example_dags/example_setup_teardown.py took 0.086 seconds
