[2024-11-24T08:43:01.551+0000] {processor.py:186} INFO - Started process (PID=353) to work on /home/airflow/.local/lib/python3.12/site-packages/airflow/example_dags/example_bash_decorator.py
[2024-11-24T08:43:01.553+0000] {processor.py:914} INFO - Processing file /home/airflow/.local/lib/python3.12/site-packages/airflow/example_dags/example_bash_decorator.py for tasks to queue
[2024-11-24T08:43:01.555+0000] {logging_mixin.py:190} INFO - [2024-11-24T08:43:01.555+0000] {dagbag.py:588} INFO - Filling up the DagBag from /home/airflow/.local/lib/python3.12/site-packages/airflow/example_dags/example_bash_decorator.py
[2024-11-24T08:43:01.576+0000] {processor.py:925} INFO - DAG(s) 'example_bash_decorator' retrieved from /home/airflow/.local/lib/python3.12/site-packages/airflow/example_dags/example_bash_decorator.py
[2024-11-24T08:43:01.803+0000] {logging_mixin.py:190} INFO - [2024-11-24T08:43:01.802+0000] {override.py:1911} INFO - Created Permission View: can read on DAG:example_bash_decorator
[2024-11-24T08:43:01.819+0000] {logging_mixin.py:190} INFO - [2024-11-24T08:43:01.818+0000] {override.py:1911} INFO - Created Permission View: can edit on DAG:example_bash_decorator
[2024-11-24T08:43:01.829+0000] {logging_mixin.py:190} INFO - [2024-11-24T08:43:01.828+0000] {override.py:1911} INFO - Created Permission View: can delete on DAG:example_bash_decorator
[2024-11-24T08:43:01.843+0000] {logging_mixin.py:190} INFO - [2024-11-24T08:43:01.842+0000] {override.py:1911} INFO - Created Permission View: can read on DAG Run:example_bash_decorator
[2024-11-24T08:43:01.853+0000] {logging_mixin.py:190} INFO - [2024-11-24T08:43:01.853+0000] {override.py:1911} INFO - Created Permission View: can delete on DAG Run:example_bash_decorator
[2024-11-24T08:43:01.862+0000] {logging_mixin.py:190} INFO - [2024-11-24T08:43:01.862+0000] {override.py:1911} INFO - Created Permission View: can create on DAG Run:example_bash_decorator
[2024-11-24T08:43:01.871+0000] {logging_mixin.py:190} INFO - [2024-11-24T08:43:01.871+0000] {override.py:1911} INFO - Created Permission View: menu access on DAG Run:example_bash_decorator
[2024-11-24T08:43:01.872+0000] {logging_mixin.py:190} INFO - [2024-11-24T08:43:01.872+0000] {dag.py:3239} INFO - Sync 1 DAGs
[2024-11-24T08:43:01.894+0000] {logging_mixin.py:190} INFO - [2024-11-24T08:43:01.894+0000] {dag.py:3262} INFO - Creating ORM DAG for example_bash_decorator
[2024-11-24T08:43:01.895+0000] {logging_mixin.py:190} INFO - [2024-11-24T08:43:01.895+0000] {dag.py:4180} INFO - Setting next_dagrun for example_bash_decorator to None, run_after=None
[2024-11-24T08:43:01.917+0000] {processor.py:208} INFO - Processing /home/airflow/.local/lib/python3.12/site-packages/airflow/example_dags/example_bash_decorator.py took 0.373 seconds
[2024-11-24T08:43:32.556+0000] {processor.py:186} INFO - Started process (PID=644) to work on /home/airflow/.local/lib/python3.12/site-packages/airflow/example_dags/example_bash_decorator.py
[2024-11-24T08:43:32.558+0000] {processor.py:914} INFO - Processing file /home/airflow/.local/lib/python3.12/site-packages/airflow/example_dags/example_bash_decorator.py for tasks to queue
[2024-11-24T08:43:32.563+0000] {logging_mixin.py:190} INFO - [2024-11-24T08:43:32.562+0000] {dagbag.py:588} INFO - Filling up the DagBag from /home/airflow/.local/lib/python3.12/site-packages/airflow/example_dags/example_bash_decorator.py
[2024-11-24T08:43:32.587+0000] {processor.py:925} INFO - DAG(s) 'example_bash_decorator' retrieved from /home/airflow/.local/lib/python3.12/site-packages/airflow/example_dags/example_bash_decorator.py
[2024-11-24T08:43:32.625+0000] {logging_mixin.py:190} INFO - [2024-11-24T08:43:32.624+0000] {dag.py:3239} INFO - Sync 1 DAGs
[2024-11-24T08:43:32.651+0000] {logging_mixin.py:190} INFO - [2024-11-24T08:43:32.650+0000] {dag.py:4180} INFO - Setting next_dagrun for example_bash_decorator to None, run_after=None
[2024-11-24T08:43:32.683+0000] {processor.py:208} INFO - Processing /home/airflow/.local/lib/python3.12/site-packages/airflow/example_dags/example_bash_decorator.py took 0.140 seconds
[2024-11-24T08:44:03.607+0000] {processor.py:186} INFO - Started process (PID=935) to work on /home/airflow/.local/lib/python3.12/site-packages/airflow/example_dags/example_bash_decorator.py
[2024-11-24T08:44:03.609+0000] {processor.py:914} INFO - Processing file /home/airflow/.local/lib/python3.12/site-packages/airflow/example_dags/example_bash_decorator.py for tasks to queue
[2024-11-24T08:44:03.611+0000] {logging_mixin.py:190} INFO - [2024-11-24T08:44:03.611+0000] {dagbag.py:588} INFO - Filling up the DagBag from /home/airflow/.local/lib/python3.12/site-packages/airflow/example_dags/example_bash_decorator.py
[2024-11-24T08:44:03.626+0000] {processor.py:925} INFO - DAG(s) 'example_bash_decorator' retrieved from /home/airflow/.local/lib/python3.12/site-packages/airflow/example_dags/example_bash_decorator.py
[2024-11-24T08:44:03.651+0000] {logging_mixin.py:190} INFO - [2024-11-24T08:44:03.651+0000] {dag.py:3239} INFO - Sync 1 DAGs
[2024-11-24T08:44:03.665+0000] {logging_mixin.py:190} INFO - [2024-11-24T08:44:03.665+0000] {dag.py:4180} INFO - Setting next_dagrun for example_bash_decorator to None, run_after=None
[2024-11-24T08:44:03.686+0000] {processor.py:208} INFO - Processing /home/airflow/.local/lib/python3.12/site-packages/airflow/example_dags/example_bash_decorator.py took 0.085 seconds
[2024-11-24T08:44:33.959+0000] {processor.py:186} INFO - Started process (PID=1221) to work on /home/airflow/.local/lib/python3.12/site-packages/airflow/example_dags/example_bash_decorator.py
[2024-11-24T08:44:33.961+0000] {processor.py:914} INFO - Processing file /home/airflow/.local/lib/python3.12/site-packages/airflow/example_dags/example_bash_decorator.py for tasks to queue
[2024-11-24T08:44:33.964+0000] {logging_mixin.py:190} INFO - [2024-11-24T08:44:33.964+0000] {dagbag.py:588} INFO - Filling up the DagBag from /home/airflow/.local/lib/python3.12/site-packages/airflow/example_dags/example_bash_decorator.py
[2024-11-24T08:44:33.978+0000] {processor.py:925} INFO - DAG(s) 'example_bash_decorator' retrieved from /home/airflow/.local/lib/python3.12/site-packages/airflow/example_dags/example_bash_decorator.py
[2024-11-24T08:44:34.005+0000] {logging_mixin.py:190} INFO - [2024-11-24T08:44:34.004+0000] {dag.py:3239} INFO - Sync 1 DAGs
[2024-11-24T08:44:34.022+0000] {logging_mixin.py:190} INFO - [2024-11-24T08:44:34.022+0000] {dag.py:4180} INFO - Setting next_dagrun for example_bash_decorator to None, run_after=None
[2024-11-24T08:44:34.043+0000] {processor.py:208} INFO - Processing /home/airflow/.local/lib/python3.12/site-packages/airflow/example_dags/example_bash_decorator.py took 0.091 seconds
[2024-11-24T08:45:04.245+0000] {processor.py:186} INFO - Started process (PID=1512) to work on /home/airflow/.local/lib/python3.12/site-packages/airflow/example_dags/example_bash_decorator.py
[2024-11-24T08:45:04.247+0000] {processor.py:914} INFO - Processing file /home/airflow/.local/lib/python3.12/site-packages/airflow/example_dags/example_bash_decorator.py for tasks to queue
[2024-11-24T08:45:04.249+0000] {logging_mixin.py:190} INFO - [2024-11-24T08:45:04.249+0000] {dagbag.py:588} INFO - Filling up the DagBag from /home/airflow/.local/lib/python3.12/site-packages/airflow/example_dags/example_bash_decorator.py
[2024-11-24T08:45:04.270+0000] {processor.py:925} INFO - DAG(s) 'example_bash_decorator' retrieved from /home/airflow/.local/lib/python3.12/site-packages/airflow/example_dags/example_bash_decorator.py
[2024-11-24T08:45:04.291+0000] {logging_mixin.py:190} INFO - [2024-11-24T08:45:04.291+0000] {dag.py:3239} INFO - Sync 1 DAGs
[2024-11-24T08:45:04.304+0000] {logging_mixin.py:190} INFO - [2024-11-24T08:45:04.304+0000] {dag.py:4180} INFO - Setting next_dagrun for example_bash_decorator to None, run_after=None
[2024-11-24T08:45:04.324+0000] {processor.py:208} INFO - Processing /home/airflow/.local/lib/python3.12/site-packages/airflow/example_dags/example_bash_decorator.py took 0.084 seconds
[2024-11-24T08:45:35.945+0000] {processor.py:186} INFO - Started process (PID=1803) to work on /home/airflow/.local/lib/python3.12/site-packages/airflow/example_dags/example_bash_decorator.py
[2024-11-24T08:45:35.947+0000] {processor.py:914} INFO - Processing file /home/airflow/.local/lib/python3.12/site-packages/airflow/example_dags/example_bash_decorator.py for tasks to queue
[2024-11-24T08:45:35.951+0000] {logging_mixin.py:190} INFO - [2024-11-24T08:45:35.950+0000] {dagbag.py:588} INFO - Filling up the DagBag from /home/airflow/.local/lib/python3.12/site-packages/airflow/example_dags/example_bash_decorator.py
[2024-11-24T08:45:35.992+0000] {processor.py:925} INFO - DAG(s) 'example_bash_decorator' retrieved from /home/airflow/.local/lib/python3.12/site-packages/airflow/example_dags/example_bash_decorator.py
[2024-11-24T08:45:36.071+0000] {logging_mixin.py:190} INFO - [2024-11-24T08:45:36.071+0000] {dag.py:3239} INFO - Sync 1 DAGs
[2024-11-24T08:45:36.141+0000] {logging_mixin.py:190} INFO - [2024-11-24T08:45:36.140+0000] {dag.py:4180} INFO - Setting next_dagrun for example_bash_decorator to None, run_after=None
[2024-11-24T08:45:36.215+0000] {processor.py:208} INFO - Processing /home/airflow/.local/lib/python3.12/site-packages/airflow/example_dags/example_bash_decorator.py took 0.287 seconds
[2024-11-24T08:46:06.813+0000] {processor.py:186} INFO - Started process (PID=2096) to work on /home/airflow/.local/lib/python3.12/site-packages/airflow/example_dags/example_bash_decorator.py
[2024-11-24T08:46:06.815+0000] {processor.py:914} INFO - Processing file /home/airflow/.local/lib/python3.12/site-packages/airflow/example_dags/example_bash_decorator.py for tasks to queue
[2024-11-24T08:46:06.818+0000] {logging_mixin.py:190} INFO - [2024-11-24T08:46:06.818+0000] {dagbag.py:588} INFO - Filling up the DagBag from /home/airflow/.local/lib/python3.12/site-packages/airflow/example_dags/example_bash_decorator.py
[2024-11-24T08:46:06.834+0000] {processor.py:925} INFO - DAG(s) 'example_bash_decorator' retrieved from /home/airflow/.local/lib/python3.12/site-packages/airflow/example_dags/example_bash_decorator.py
[2024-11-24T08:46:06.858+0000] {logging_mixin.py:190} INFO - [2024-11-24T08:46:06.858+0000] {dag.py:3239} INFO - Sync 1 DAGs
[2024-11-24T08:46:06.873+0000] {logging_mixin.py:190} INFO - [2024-11-24T08:46:06.873+0000] {dag.py:4180} INFO - Setting next_dagrun for example_bash_decorator to None, run_after=None
[2024-11-24T08:46:06.899+0000] {processor.py:208} INFO - Processing /home/airflow/.local/lib/python3.12/site-packages/airflow/example_dags/example_bash_decorator.py took 0.091 seconds
[2024-11-24T08:46:38.750+0000] {processor.py:186} INFO - Started process (PID=2385) to work on /home/airflow/.local/lib/python3.12/site-packages/airflow/example_dags/example_bash_decorator.py
[2024-11-24T08:46:38.755+0000] {processor.py:914} INFO - Processing file /home/airflow/.local/lib/python3.12/site-packages/airflow/example_dags/example_bash_decorator.py for tasks to queue
[2024-11-24T08:46:38.759+0000] {logging_mixin.py:190} INFO - [2024-11-24T08:46:38.758+0000] {dagbag.py:588} INFO - Filling up the DagBag from /home/airflow/.local/lib/python3.12/site-packages/airflow/example_dags/example_bash_decorator.py
[2024-11-24T08:46:38.780+0000] {processor.py:925} INFO - DAG(s) 'example_bash_decorator' retrieved from /home/airflow/.local/lib/python3.12/site-packages/airflow/example_dags/example_bash_decorator.py
[2024-11-24T08:46:38.814+0000] {logging_mixin.py:190} INFO - [2024-11-24T08:46:38.814+0000] {dag.py:3239} INFO - Sync 1 DAGs
[2024-11-24T08:46:38.841+0000] {logging_mixin.py:190} INFO - [2024-11-24T08:46:38.841+0000] {dag.py:4180} INFO - Setting next_dagrun for example_bash_decorator to None, run_after=None
[2024-11-24T08:46:38.873+0000] {processor.py:208} INFO - Processing /home/airflow/.local/lib/python3.12/site-packages/airflow/example_dags/example_bash_decorator.py took 0.135 seconds
[2024-11-24T08:47:10.640+0000] {processor.py:186} INFO - Started process (PID=2681) to work on /home/airflow/.local/lib/python3.12/site-packages/airflow/example_dags/example_bash_decorator.py
[2024-11-24T08:47:10.642+0000] {processor.py:914} INFO - Processing file /home/airflow/.local/lib/python3.12/site-packages/airflow/example_dags/example_bash_decorator.py for tasks to queue
[2024-11-24T08:47:10.646+0000] {logging_mixin.py:190} INFO - [2024-11-24T08:47:10.645+0000] {dagbag.py:588} INFO - Filling up the DagBag from /home/airflow/.local/lib/python3.12/site-packages/airflow/example_dags/example_bash_decorator.py
[2024-11-24T08:47:10.673+0000] {processor.py:925} INFO - DAG(s) 'example_bash_decorator' retrieved from /home/airflow/.local/lib/python3.12/site-packages/airflow/example_dags/example_bash_decorator.py
[2024-11-24T08:47:10.710+0000] {logging_mixin.py:190} INFO - [2024-11-24T08:47:10.710+0000] {dag.py:3239} INFO - Sync 1 DAGs
[2024-11-24T08:47:10.730+0000] {logging_mixin.py:190} INFO - [2024-11-24T08:47:10.730+0000] {dag.py:4180} INFO - Setting next_dagrun for example_bash_decorator to None, run_after=None
[2024-11-24T08:47:10.760+0000] {processor.py:208} INFO - Processing /home/airflow/.local/lib/python3.12/site-packages/airflow/example_dags/example_bash_decorator.py took 0.130 seconds
[2024-11-24T08:47:42.600+0000] {processor.py:186} INFO - Started process (PID=2972) to work on /home/airflow/.local/lib/python3.12/site-packages/airflow/example_dags/example_bash_decorator.py
[2024-11-24T08:47:42.602+0000] {processor.py:914} INFO - Processing file /home/airflow/.local/lib/python3.12/site-packages/airflow/example_dags/example_bash_decorator.py for tasks to queue
[2024-11-24T08:47:42.606+0000] {logging_mixin.py:190} INFO - [2024-11-24T08:47:42.605+0000] {dagbag.py:588} INFO - Filling up the DagBag from /home/airflow/.local/lib/python3.12/site-packages/airflow/example_dags/example_bash_decorator.py
[2024-11-24T08:47:42.628+0000] {processor.py:925} INFO - DAG(s) 'example_bash_decorator' retrieved from /home/airflow/.local/lib/python3.12/site-packages/airflow/example_dags/example_bash_decorator.py
[2024-11-24T08:47:42.663+0000] {logging_mixin.py:190} INFO - [2024-11-24T08:47:42.663+0000] {dag.py:3239} INFO - Sync 1 DAGs
[2024-11-24T08:47:42.684+0000] {logging_mixin.py:190} INFO - [2024-11-24T08:47:42.684+0000] {dag.py:4180} INFO - Setting next_dagrun for example_bash_decorator to None, run_after=None
[2024-11-24T08:47:42.716+0000] {processor.py:208} INFO - Processing /home/airflow/.local/lib/python3.12/site-packages/airflow/example_dags/example_bash_decorator.py took 0.128 seconds
[2024-11-24T08:48:13.538+0000] {processor.py:186} INFO - Started process (PID=3263) to work on /home/airflow/.local/lib/python3.12/site-packages/airflow/example_dags/example_bash_decorator.py
[2024-11-24T08:48:13.540+0000] {processor.py:914} INFO - Processing file /home/airflow/.local/lib/python3.12/site-packages/airflow/example_dags/example_bash_decorator.py for tasks to queue
[2024-11-24T08:48:13.544+0000] {logging_mixin.py:190} INFO - [2024-11-24T08:48:13.543+0000] {dagbag.py:588} INFO - Filling up the DagBag from /home/airflow/.local/lib/python3.12/site-packages/airflow/example_dags/example_bash_decorator.py
[2024-11-24T08:48:13.574+0000] {processor.py:925} INFO - DAG(s) 'example_bash_decorator' retrieved from /home/airflow/.local/lib/python3.12/site-packages/airflow/example_dags/example_bash_decorator.py
[2024-11-24T08:48:13.615+0000] {logging_mixin.py:190} INFO - [2024-11-24T08:48:13.614+0000] {dag.py:3239} INFO - Sync 1 DAGs
[2024-11-24T08:48:13.639+0000] {logging_mixin.py:190} INFO - [2024-11-24T08:48:13.638+0000] {dag.py:4180} INFO - Setting next_dagrun for example_bash_decorator to None, run_after=None
[2024-11-24T08:48:13.669+0000] {processor.py:208} INFO - Processing /home/airflow/.local/lib/python3.12/site-packages/airflow/example_dags/example_bash_decorator.py took 0.141 seconds
[2024-11-24T08:48:45.664+0000] {processor.py:186} INFO - Started process (PID=3554) to work on /home/airflow/.local/lib/python3.12/site-packages/airflow/example_dags/example_bash_decorator.py
[2024-11-24T08:48:45.665+0000] {processor.py:914} INFO - Processing file /home/airflow/.local/lib/python3.12/site-packages/airflow/example_dags/example_bash_decorator.py for tasks to queue
[2024-11-24T08:48:45.669+0000] {logging_mixin.py:190} INFO - [2024-11-24T08:48:45.668+0000] {dagbag.py:588} INFO - Filling up the DagBag from /home/airflow/.local/lib/python3.12/site-packages/airflow/example_dags/example_bash_decorator.py
[2024-11-24T08:48:45.692+0000] {processor.py:925} INFO - DAG(s) 'example_bash_decorator' retrieved from /home/airflow/.local/lib/python3.12/site-packages/airflow/example_dags/example_bash_decorator.py
[2024-11-24T08:48:45.734+0000] {logging_mixin.py:190} INFO - [2024-11-24T08:48:45.733+0000] {dag.py:3239} INFO - Sync 1 DAGs
[2024-11-24T08:48:45.761+0000] {logging_mixin.py:190} INFO - [2024-11-24T08:48:45.760+0000] {dag.py:4180} INFO - Setting next_dagrun for example_bash_decorator to None, run_after=None
[2024-11-24T08:48:45.790+0000] {processor.py:208} INFO - Processing /home/airflow/.local/lib/python3.12/site-packages/airflow/example_dags/example_bash_decorator.py took 0.136 seconds
[2024-11-24T08:49:16.789+0000] {processor.py:186} INFO - Started process (PID=3845) to work on /home/airflow/.local/lib/python3.12/site-packages/airflow/example_dags/example_bash_decorator.py
[2024-11-24T08:49:16.792+0000] {processor.py:914} INFO - Processing file /home/airflow/.local/lib/python3.12/site-packages/airflow/example_dags/example_bash_decorator.py for tasks to queue
[2024-11-24T08:49:16.797+0000] {logging_mixin.py:190} INFO - [2024-11-24T08:49:16.796+0000] {dagbag.py:588} INFO - Filling up the DagBag from /home/airflow/.local/lib/python3.12/site-packages/airflow/example_dags/example_bash_decorator.py
[2024-11-24T08:49:16.823+0000] {processor.py:925} INFO - DAG(s) 'example_bash_decorator' retrieved from /home/airflow/.local/lib/python3.12/site-packages/airflow/example_dags/example_bash_decorator.py
[2024-11-24T08:49:16.865+0000] {logging_mixin.py:190} INFO - [2024-11-24T08:49:16.864+0000] {dag.py:3239} INFO - Sync 1 DAGs
[2024-11-24T08:49:16.889+0000] {logging_mixin.py:190} INFO - [2024-11-24T08:49:16.889+0000] {dag.py:4180} INFO - Setting next_dagrun for example_bash_decorator to None, run_after=None
[2024-11-24T08:49:16.928+0000] {processor.py:208} INFO - Processing /home/airflow/.local/lib/python3.12/site-packages/airflow/example_dags/example_bash_decorator.py took 0.152 seconds
[2024-11-24T08:49:48.494+0000] {processor.py:186} INFO - Started process (PID=4136) to work on /home/airflow/.local/lib/python3.12/site-packages/airflow/example_dags/example_bash_decorator.py
[2024-11-24T08:49:48.496+0000] {processor.py:914} INFO - Processing file /home/airflow/.local/lib/python3.12/site-packages/airflow/example_dags/example_bash_decorator.py for tasks to queue
[2024-11-24T08:49:48.501+0000] {logging_mixin.py:190} INFO - [2024-11-24T08:49:48.500+0000] {dagbag.py:588} INFO - Filling up the DagBag from /home/airflow/.local/lib/python3.12/site-packages/airflow/example_dags/example_bash_decorator.py
[2024-11-24T08:49:48.531+0000] {processor.py:925} INFO - DAG(s) 'example_bash_decorator' retrieved from /home/airflow/.local/lib/python3.12/site-packages/airflow/example_dags/example_bash_decorator.py
[2024-11-24T08:49:48.575+0000] {logging_mixin.py:190} INFO - [2024-11-24T08:49:48.575+0000] {dag.py:3239} INFO - Sync 1 DAGs
[2024-11-24T08:49:48.606+0000] {logging_mixin.py:190} INFO - [2024-11-24T08:49:48.606+0000] {dag.py:4180} INFO - Setting next_dagrun for example_bash_decorator to None, run_after=None
[2024-11-24T08:49:48.642+0000] {processor.py:208} INFO - Processing /home/airflow/.local/lib/python3.12/site-packages/airflow/example_dags/example_bash_decorator.py took 0.161 seconds
[2024-11-24T08:50:23.347+0000] {processor.py:186} INFO - Started process (PID=4433) to work on /home/airflow/.local/lib/python3.12/site-packages/airflow/example_dags/example_bash_decorator.py
[2024-11-24T08:50:23.348+0000] {processor.py:914} INFO - Processing file /home/airflow/.local/lib/python3.12/site-packages/airflow/example_dags/example_bash_decorator.py for tasks to queue
[2024-11-24T08:50:23.353+0000] {logging_mixin.py:190} INFO - [2024-11-24T08:50:23.353+0000] {dagbag.py:588} INFO - Filling up the DagBag from /home/airflow/.local/lib/python3.12/site-packages/airflow/example_dags/example_bash_decorator.py
[2024-11-24T08:50:23.380+0000] {processor.py:925} INFO - DAG(s) 'example_bash_decorator' retrieved from /home/airflow/.local/lib/python3.12/site-packages/airflow/example_dags/example_bash_decorator.py
[2024-11-24T08:50:23.421+0000] {logging_mixin.py:190} INFO - [2024-11-24T08:50:23.420+0000] {dag.py:3239} INFO - Sync 1 DAGs
[2024-11-24T08:50:23.453+0000] {logging_mixin.py:190} INFO - [2024-11-24T08:50:23.452+0000] {dag.py:4180} INFO - Setting next_dagrun for example_bash_decorator to None, run_after=None
[2024-11-24T08:50:23.507+0000] {processor.py:208} INFO - Processing /home/airflow/.local/lib/python3.12/site-packages/airflow/example_dags/example_bash_decorator.py took 0.171 seconds
[2024-11-24T08:50:58.467+0000] {processor.py:186} INFO - Started process (PID=4724) to work on /home/airflow/.local/lib/python3.12/site-packages/airflow/example_dags/example_bash_decorator.py
[2024-11-24T08:50:58.470+0000] {processor.py:914} INFO - Processing file /home/airflow/.local/lib/python3.12/site-packages/airflow/example_dags/example_bash_decorator.py for tasks to queue
[2024-11-24T08:50:58.476+0000] {logging_mixin.py:190} INFO - [2024-11-24T08:50:58.475+0000] {dagbag.py:588} INFO - Filling up the DagBag from /home/airflow/.local/lib/python3.12/site-packages/airflow/example_dags/example_bash_decorator.py
[2024-11-24T08:50:58.522+0000] {processor.py:925} INFO - DAG(s) 'example_bash_decorator' retrieved from /home/airflow/.local/lib/python3.12/site-packages/airflow/example_dags/example_bash_decorator.py
[2024-11-24T08:50:58.597+0000] {logging_mixin.py:190} INFO - [2024-11-24T08:50:58.596+0000] {dag.py:3239} INFO - Sync 1 DAGs
[2024-11-24T08:50:58.627+0000] {logging_mixin.py:190} INFO - [2024-11-24T08:50:58.627+0000] {dag.py:4180} INFO - Setting next_dagrun for example_bash_decorator to None, run_after=None
[2024-11-24T08:50:58.667+0000] {processor.py:208} INFO - Processing /home/airflow/.local/lib/python3.12/site-packages/airflow/example_dags/example_bash_decorator.py took 0.218 seconds
[2024-11-24T08:51:29.468+0000] {processor.py:186} INFO - Started process (PID=5014) to work on /home/airflow/.local/lib/python3.12/site-packages/airflow/example_dags/example_bash_decorator.py
[2024-11-24T08:51:29.470+0000] {processor.py:914} INFO - Processing file /home/airflow/.local/lib/python3.12/site-packages/airflow/example_dags/example_bash_decorator.py for tasks to queue
[2024-11-24T08:51:29.473+0000] {logging_mixin.py:190} INFO - [2024-11-24T08:51:29.473+0000] {dagbag.py:588} INFO - Filling up the DagBag from /home/airflow/.local/lib/python3.12/site-packages/airflow/example_dags/example_bash_decorator.py
[2024-11-24T08:51:29.493+0000] {processor.py:925} INFO - DAG(s) 'example_bash_decorator' retrieved from /home/airflow/.local/lib/python3.12/site-packages/airflow/example_dags/example_bash_decorator.py
[2024-11-24T08:51:29.525+0000] {logging_mixin.py:190} INFO - [2024-11-24T08:51:29.525+0000] {dag.py:3239} INFO - Sync 1 DAGs
[2024-11-24T08:51:29.543+0000] {logging_mixin.py:190} INFO - [2024-11-24T08:51:29.543+0000] {dag.py:4180} INFO - Setting next_dagrun for example_bash_decorator to None, run_after=None
[2024-11-24T08:51:29.570+0000] {processor.py:208} INFO - Processing /home/airflow/.local/lib/python3.12/site-packages/airflow/example_dags/example_bash_decorator.py took 0.110 seconds
[2024-11-24T08:51:59.722+0000] {processor.py:186} INFO - Started process (PID=5300) to work on /home/airflow/.local/lib/python3.12/site-packages/airflow/example_dags/example_bash_decorator.py
[2024-11-24T08:51:59.724+0000] {processor.py:914} INFO - Processing file /home/airflow/.local/lib/python3.12/site-packages/airflow/example_dags/example_bash_decorator.py for tasks to queue
[2024-11-24T08:51:59.728+0000] {logging_mixin.py:190} INFO - [2024-11-24T08:51:59.728+0000] {dagbag.py:588} INFO - Filling up the DagBag from /home/airflow/.local/lib/python3.12/site-packages/airflow/example_dags/example_bash_decorator.py
[2024-11-24T08:51:59.745+0000] {processor.py:925} INFO - DAG(s) 'example_bash_decorator' retrieved from /home/airflow/.local/lib/python3.12/site-packages/airflow/example_dags/example_bash_decorator.py
[2024-11-24T08:51:59.774+0000] {logging_mixin.py:190} INFO - [2024-11-24T08:51:59.774+0000] {dag.py:3239} INFO - Sync 1 DAGs
[2024-11-24T08:51:59.789+0000] {logging_mixin.py:190} INFO - [2024-11-24T08:51:59.788+0000] {dag.py:4180} INFO - Setting next_dagrun for example_bash_decorator to None, run_after=None
[2024-11-24T08:51:59.810+0000] {processor.py:208} INFO - Processing /home/airflow/.local/lib/python3.12/site-packages/airflow/example_dags/example_bash_decorator.py took 0.098 seconds
