[2024-11-24T08:42:59.835+0000] {processor.py:186} INFO - Started process (PID=323) to work on /home/airflow/.local/lib/python3.12/site-packages/airflow/example_dags/example_task_group.py
[2024-11-24T08:42:59.836+0000] {processor.py:914} INFO - Processing file /home/airflow/.local/lib/python3.12/site-packages/airflow/example_dags/example_task_group.py for tasks to queue
[2024-11-24T08:42:59.839+0000] {logging_mixin.py:190} INFO - [2024-11-24T08:42:59.839+0000] {dagbag.py:588} INFO - Filling up the DagBag from /home/airflow/.local/lib/python3.12/site-packages/airflow/example_dags/example_task_group.py
[2024-11-24T08:42:59.851+0000] {processor.py:925} INFO - DAG(s) 'example_task_group' retrieved from /home/airflow/.local/lib/python3.12/site-packages/airflow/example_dags/example_task_group.py
[2024-11-24T08:43:00.051+0000] {logging_mixin.py:190} INFO - [2024-11-24T08:43:00.050+0000] {override.py:1911} INFO - Created Permission View: can read on DAG:example_task_group
[2024-11-24T08:43:00.082+0000] {logging_mixin.py:190} INFO - [2024-11-24T08:43:00.081+0000] {override.py:1911} INFO - Created Permission View: can edit on DAG:example_task_group
[2024-11-24T08:43:00.104+0000] {logging_mixin.py:190} INFO - [2024-11-24T08:43:00.103+0000] {override.py:1911} INFO - Created Permission View: can delete on DAG:example_task_group
[2024-11-24T08:43:00.126+0000] {logging_mixin.py:190} INFO - [2024-11-24T08:43:00.125+0000] {override.py:1911} INFO - Created Permission View: can read on DAG Run:example_task_group
[2024-11-24T08:43:00.141+0000] {logging_mixin.py:190} INFO - [2024-11-24T08:43:00.140+0000] {override.py:1911} INFO - Created Permission View: can delete on DAG Run:example_task_group
[2024-11-24T08:43:00.152+0000] {logging_mixin.py:190} INFO - [2024-11-24T08:43:00.152+0000] {override.py:1911} INFO - Created Permission View: can create on DAG Run:example_task_group
[2024-11-24T08:43:00.169+0000] {logging_mixin.py:190} INFO - [2024-11-24T08:43:00.169+0000] {override.py:1911} INFO - Created Permission View: menu access on DAG Run:example_task_group
[2024-11-24T08:43:00.175+0000] {logging_mixin.py:190} INFO - [2024-11-24T08:43:00.175+0000] {dag.py:3239} INFO - Sync 1 DAGs
[2024-11-24T08:43:00.215+0000] {logging_mixin.py:190} INFO - [2024-11-24T08:43:00.214+0000] {dag.py:3262} INFO - Creating ORM DAG for example_task_group
[2024-11-24T08:43:00.217+0000] {logging_mixin.py:190} INFO - [2024-11-24T08:43:00.216+0000] {dag.py:4180} INFO - Setting next_dagrun for example_task_group to None, run_after=None
[2024-11-24T08:43:00.242+0000] {processor.py:208} INFO - Processing /home/airflow/.local/lib/python3.12/site-packages/airflow/example_dags/example_task_group.py took 0.417 seconds
[2024-11-24T08:43:30.753+0000] {processor.py:186} INFO - Started process (PID=614) to work on /home/airflow/.local/lib/python3.12/site-packages/airflow/example_dags/example_task_group.py
[2024-11-24T08:43:30.755+0000] {processor.py:914} INFO - Processing file /home/airflow/.local/lib/python3.12/site-packages/airflow/example_dags/example_task_group.py for tasks to queue
[2024-11-24T08:43:30.760+0000] {logging_mixin.py:190} INFO - [2024-11-24T08:43:30.759+0000] {dagbag.py:588} INFO - Filling up the DagBag from /home/airflow/.local/lib/python3.12/site-packages/airflow/example_dags/example_task_group.py
[2024-11-24T08:43:30.774+0000] {processor.py:925} INFO - DAG(s) 'example_task_group' retrieved from /home/airflow/.local/lib/python3.12/site-packages/airflow/example_dags/example_task_group.py
[2024-11-24T08:43:30.809+0000] {logging_mixin.py:190} INFO - [2024-11-24T08:43:30.808+0000] {dag.py:3239} INFO - Sync 1 DAGs
[2024-11-24T08:43:30.829+0000] {logging_mixin.py:190} INFO - [2024-11-24T08:43:30.829+0000] {dag.py:4180} INFO - Setting next_dagrun for example_task_group to None, run_after=None
[2024-11-24T08:43:30.856+0000] {processor.py:208} INFO - Processing /home/airflow/.local/lib/python3.12/site-packages/airflow/example_dags/example_task_group.py took 0.112 seconds
[2024-11-24T08:44:01.864+0000] {processor.py:186} INFO - Started process (PID=905) to work on /home/airflow/.local/lib/python3.12/site-packages/airflow/example_dags/example_task_group.py
[2024-11-24T08:44:01.866+0000] {processor.py:914} INFO - Processing file /home/airflow/.local/lib/python3.12/site-packages/airflow/example_dags/example_task_group.py for tasks to queue
[2024-11-24T08:44:01.869+0000] {logging_mixin.py:190} INFO - [2024-11-24T08:44:01.868+0000] {dagbag.py:588} INFO - Filling up the DagBag from /home/airflow/.local/lib/python3.12/site-packages/airflow/example_dags/example_task_group.py
[2024-11-24T08:44:01.882+0000] {processor.py:925} INFO - DAG(s) 'example_task_group' retrieved from /home/airflow/.local/lib/python3.12/site-packages/airflow/example_dags/example_task_group.py
[2024-11-24T08:44:01.912+0000] {logging_mixin.py:190} INFO - [2024-11-24T08:44:01.911+0000] {dag.py:3239} INFO - Sync 1 DAGs
[2024-11-24T08:44:01.936+0000] {logging_mixin.py:190} INFO - [2024-11-24T08:44:01.935+0000] {dag.py:4180} INFO - Setting next_dagrun for example_task_group to None, run_after=None
[2024-11-24T08:44:01.972+0000] {processor.py:208} INFO - Processing /home/airflow/.local/lib/python3.12/site-packages/airflow/example_dags/example_task_group.py took 0.116 seconds
[2024-11-24T08:44:32.671+0000] {processor.py:186} INFO - Started process (PID=1196) to work on /home/airflow/.local/lib/python3.12/site-packages/airflow/example_dags/example_task_group.py
[2024-11-24T08:44:32.674+0000] {processor.py:914} INFO - Processing file /home/airflow/.local/lib/python3.12/site-packages/airflow/example_dags/example_task_group.py for tasks to queue
[2024-11-24T08:44:32.676+0000] {logging_mixin.py:190} INFO - [2024-11-24T08:44:32.676+0000] {dagbag.py:588} INFO - Filling up the DagBag from /home/airflow/.local/lib/python3.12/site-packages/airflow/example_dags/example_task_group.py
[2024-11-24T08:44:32.685+0000] {processor.py:925} INFO - DAG(s) 'example_task_group' retrieved from /home/airflow/.local/lib/python3.12/site-packages/airflow/example_dags/example_task_group.py
[2024-11-24T08:44:32.705+0000] {logging_mixin.py:190} INFO - [2024-11-24T08:44:32.705+0000] {dag.py:3239} INFO - Sync 1 DAGs
[2024-11-24T08:44:32.720+0000] {logging_mixin.py:190} INFO - [2024-11-24T08:44:32.719+0000] {dag.py:4180} INFO - Setting next_dagrun for example_task_group to None, run_after=None
[2024-11-24T08:44:32.737+0000] {processor.py:208} INFO - Processing /home/airflow/.local/lib/python3.12/site-packages/airflow/example_dags/example_task_group.py took 0.072 seconds
[2024-11-24T08:45:03.771+0000] {processor.py:186} INFO - Started process (PID=1489) to work on /home/airflow/.local/lib/python3.12/site-packages/airflow/example_dags/example_task_group.py
[2024-11-24T08:45:03.773+0000] {processor.py:914} INFO - Processing file /home/airflow/.local/lib/python3.12/site-packages/airflow/example_dags/example_task_group.py for tasks to queue
[2024-11-24T08:45:03.776+0000] {logging_mixin.py:190} INFO - [2024-11-24T08:45:03.776+0000] {dagbag.py:588} INFO - Filling up the DagBag from /home/airflow/.local/lib/python3.12/site-packages/airflow/example_dags/example_task_group.py
[2024-11-24T08:45:03.787+0000] {processor.py:925} INFO - DAG(s) 'example_task_group' retrieved from /home/airflow/.local/lib/python3.12/site-packages/airflow/example_dags/example_task_group.py
[2024-11-24T08:45:03.812+0000] {logging_mixin.py:190} INFO - [2024-11-24T08:45:03.812+0000] {dag.py:3239} INFO - Sync 1 DAGs
[2024-11-24T08:45:03.825+0000] {logging_mixin.py:190} INFO - [2024-11-24T08:45:03.825+0000] {dag.py:4180} INFO - Setting next_dagrun for example_task_group to None, run_after=None
[2024-11-24T08:45:03.850+0000] {processor.py:208} INFO - Processing /home/airflow/.local/lib/python3.12/site-packages/airflow/example_dags/example_task_group.py took 0.085 seconds
[2024-11-24T08:45:35.413+0000] {processor.py:186} INFO - Started process (PID=1778) to work on /home/airflow/.local/lib/python3.12/site-packages/airflow/example_dags/example_task_group.py
[2024-11-24T08:45:35.414+0000] {processor.py:914} INFO - Processing file /home/airflow/.local/lib/python3.12/site-packages/airflow/example_dags/example_task_group.py for tasks to queue
[2024-11-24T08:45:35.417+0000] {logging_mixin.py:190} INFO - [2024-11-24T08:45:35.417+0000] {dagbag.py:588} INFO - Filling up the DagBag from /home/airflow/.local/lib/python3.12/site-packages/airflow/example_dags/example_task_group.py
[2024-11-24T08:45:35.427+0000] {processor.py:925} INFO - DAG(s) 'example_task_group' retrieved from /home/airflow/.local/lib/python3.12/site-packages/airflow/example_dags/example_task_group.py
[2024-11-24T08:45:35.452+0000] {logging_mixin.py:190} INFO - [2024-11-24T08:45:35.452+0000] {dag.py:3239} INFO - Sync 1 DAGs
[2024-11-24T08:45:35.472+0000] {logging_mixin.py:190} INFO - [2024-11-24T08:45:35.472+0000] {dag.py:4180} INFO - Setting next_dagrun for example_task_group to None, run_after=None
[2024-11-24T08:45:35.497+0000] {processor.py:208} INFO - Processing /home/airflow/.local/lib/python3.12/site-packages/airflow/example_dags/example_task_group.py took 0.093 seconds
[2024-11-24T08:46:06.392+0000] {processor.py:186} INFO - Started process (PID=2069) to work on /home/airflow/.local/lib/python3.12/site-packages/airflow/example_dags/example_task_group.py
[2024-11-24T08:46:06.393+0000] {processor.py:914} INFO - Processing file /home/airflow/.local/lib/python3.12/site-packages/airflow/example_dags/example_task_group.py for tasks to queue
[2024-11-24T08:46:06.396+0000] {logging_mixin.py:190} INFO - [2024-11-24T08:46:06.396+0000] {dagbag.py:588} INFO - Filling up the DagBag from /home/airflow/.local/lib/python3.12/site-packages/airflow/example_dags/example_task_group.py
[2024-11-24T08:46:06.404+0000] {processor.py:925} INFO - DAG(s) 'example_task_group' retrieved from /home/airflow/.local/lib/python3.12/site-packages/airflow/example_dags/example_task_group.py
[2024-11-24T08:46:06.424+0000] {logging_mixin.py:190} INFO - [2024-11-24T08:46:06.424+0000] {dag.py:3239} INFO - Sync 1 DAGs
[2024-11-24T08:46:06.441+0000] {logging_mixin.py:190} INFO - [2024-11-24T08:46:06.440+0000] {dag.py:4180} INFO - Setting next_dagrun for example_task_group to None, run_after=None
[2024-11-24T08:46:06.459+0000] {processor.py:208} INFO - Processing /home/airflow/.local/lib/python3.12/site-packages/airflow/example_dags/example_task_group.py took 0.073 seconds
[2024-11-24T08:46:38.284+0000] {processor.py:186} INFO - Started process (PID=2360) to work on /home/airflow/.local/lib/python3.12/site-packages/airflow/example_dags/example_task_group.py
[2024-11-24T08:46:38.285+0000] {processor.py:914} INFO - Processing file /home/airflow/.local/lib/python3.12/site-packages/airflow/example_dags/example_task_group.py for tasks to queue
[2024-11-24T08:46:38.289+0000] {logging_mixin.py:190} INFO - [2024-11-24T08:46:38.288+0000] {dagbag.py:588} INFO - Filling up the DagBag from /home/airflow/.local/lib/python3.12/site-packages/airflow/example_dags/example_task_group.py
[2024-11-24T08:46:38.304+0000] {processor.py:925} INFO - DAG(s) 'example_task_group' retrieved from /home/airflow/.local/lib/python3.12/site-packages/airflow/example_dags/example_task_group.py
[2024-11-24T08:46:38.342+0000] {logging_mixin.py:190} INFO - [2024-11-24T08:46:38.341+0000] {dag.py:3239} INFO - Sync 1 DAGs
[2024-11-24T08:46:38.367+0000] {logging_mixin.py:190} INFO - [2024-11-24T08:46:38.367+0000] {dag.py:4180} INFO - Setting next_dagrun for example_task_group to None, run_after=None
[2024-11-24T08:46:38.398+0000] {processor.py:208} INFO - Processing /home/airflow/.local/lib/python3.12/site-packages/airflow/example_dags/example_task_group.py took 0.124 seconds
[2024-11-24T08:47:09.764+0000] {processor.py:186} INFO - Started process (PID=2651) to work on /home/airflow/.local/lib/python3.12/site-packages/airflow/example_dags/example_task_group.py
[2024-11-24T08:47:09.766+0000] {processor.py:914} INFO - Processing file /home/airflow/.local/lib/python3.12/site-packages/airflow/example_dags/example_task_group.py for tasks to queue
[2024-11-24T08:47:09.769+0000] {logging_mixin.py:190} INFO - [2024-11-24T08:47:09.769+0000] {dagbag.py:588} INFO - Filling up the DagBag from /home/airflow/.local/lib/python3.12/site-packages/airflow/example_dags/example_task_group.py
[2024-11-24T08:47:09.785+0000] {processor.py:925} INFO - DAG(s) 'example_task_group' retrieved from /home/airflow/.local/lib/python3.12/site-packages/airflow/example_dags/example_task_group.py
[2024-11-24T08:47:09.817+0000] {logging_mixin.py:190} INFO - [2024-11-24T08:47:09.816+0000] {dag.py:3239} INFO - Sync 1 DAGs
[2024-11-24T08:47:09.838+0000] {logging_mixin.py:190} INFO - [2024-11-24T08:47:09.838+0000] {dag.py:4180} INFO - Setting next_dagrun for example_task_group to None, run_after=None
[2024-11-24T08:47:09.864+0000] {processor.py:208} INFO - Processing /home/airflow/.local/lib/python3.12/site-packages/airflow/example_dags/example_task_group.py took 0.110 seconds
[2024-11-24T08:47:41.658+0000] {processor.py:186} INFO - Started process (PID=2942) to work on /home/airflow/.local/lib/python3.12/site-packages/airflow/example_dags/example_task_group.py
[2024-11-24T08:47:41.660+0000] {processor.py:914} INFO - Processing file /home/airflow/.local/lib/python3.12/site-packages/airflow/example_dags/example_task_group.py for tasks to queue
[2024-11-24T08:47:41.665+0000] {logging_mixin.py:190} INFO - [2024-11-24T08:47:41.664+0000] {dagbag.py:588} INFO - Filling up the DagBag from /home/airflow/.local/lib/python3.12/site-packages/airflow/example_dags/example_task_group.py
[2024-11-24T08:47:41.677+0000] {processor.py:925} INFO - DAG(s) 'example_task_group' retrieved from /home/airflow/.local/lib/python3.12/site-packages/airflow/example_dags/example_task_group.py
[2024-11-24T08:47:41.709+0000] {logging_mixin.py:190} INFO - [2024-11-24T08:47:41.708+0000] {dag.py:3239} INFO - Sync 1 DAGs
[2024-11-24T08:47:41.727+0000] {logging_mixin.py:190} INFO - [2024-11-24T08:47:41.726+0000] {dag.py:4180} INFO - Setting next_dagrun for example_task_group to None, run_after=None
[2024-11-24T08:47:41.757+0000] {processor.py:208} INFO - Processing /home/airflow/.local/lib/python3.12/site-packages/airflow/example_dags/example_task_group.py took 0.106 seconds
[2024-11-24T08:48:12.927+0000] {processor.py:186} INFO - Started process (PID=3233) to work on /home/airflow/.local/lib/python3.12/site-packages/airflow/example_dags/example_task_group.py
[2024-11-24T08:48:12.929+0000] {processor.py:914} INFO - Processing file /home/airflow/.local/lib/python3.12/site-packages/airflow/example_dags/example_task_group.py for tasks to queue
[2024-11-24T08:48:12.933+0000] {logging_mixin.py:190} INFO - [2024-11-24T08:48:12.933+0000] {dagbag.py:588} INFO - Filling up the DagBag from /home/airflow/.local/lib/python3.12/site-packages/airflow/example_dags/example_task_group.py
[2024-11-24T08:48:12.948+0000] {processor.py:925} INFO - DAG(s) 'example_task_group' retrieved from /home/airflow/.local/lib/python3.12/site-packages/airflow/example_dags/example_task_group.py
[2024-11-24T08:48:12.982+0000] {logging_mixin.py:190} INFO - [2024-11-24T08:48:12.981+0000] {dag.py:3239} INFO - Sync 1 DAGs
[2024-11-24T08:48:13.007+0000] {logging_mixin.py:190} INFO - [2024-11-24T08:48:13.007+0000] {dag.py:4180} INFO - Setting next_dagrun for example_task_group to None, run_after=None
[2024-11-24T08:48:13.041+0000] {processor.py:208} INFO - Processing /home/airflow/.local/lib/python3.12/site-packages/airflow/example_dags/example_task_group.py took 0.126 seconds
[2024-11-24T08:48:44.665+0000] {processor.py:186} INFO - Started process (PID=3524) to work on /home/airflow/.local/lib/python3.12/site-packages/airflow/example_dags/example_task_group.py
[2024-11-24T08:48:44.668+0000] {processor.py:914} INFO - Processing file /home/airflow/.local/lib/python3.12/site-packages/airflow/example_dags/example_task_group.py for tasks to queue
[2024-11-24T08:48:44.671+0000] {logging_mixin.py:190} INFO - [2024-11-24T08:48:44.671+0000] {dagbag.py:588} INFO - Filling up the DagBag from /home/airflow/.local/lib/python3.12/site-packages/airflow/example_dags/example_task_group.py
[2024-11-24T08:48:44.687+0000] {processor.py:925} INFO - DAG(s) 'example_task_group' retrieved from /home/airflow/.local/lib/python3.12/site-packages/airflow/example_dags/example_task_group.py
[2024-11-24T08:48:44.722+0000] {logging_mixin.py:190} INFO - [2024-11-24T08:48:44.721+0000] {dag.py:3239} INFO - Sync 1 DAGs
[2024-11-24T08:48:44.743+0000] {logging_mixin.py:190} INFO - [2024-11-24T08:48:44.743+0000] {dag.py:4180} INFO - Setting next_dagrun for example_task_group to None, run_after=None
[2024-11-24T08:48:44.776+0000] {processor.py:208} INFO - Processing /home/airflow/.local/lib/python3.12/site-packages/airflow/example_dags/example_task_group.py took 0.121 seconds
[2024-11-24T08:49:16.024+0000] {processor.py:186} INFO - Started process (PID=3815) to work on /home/airflow/.local/lib/python3.12/site-packages/airflow/example_dags/example_task_group.py
[2024-11-24T08:49:16.026+0000] {processor.py:914} INFO - Processing file /home/airflow/.local/lib/python3.12/site-packages/airflow/example_dags/example_task_group.py for tasks to queue
[2024-11-24T08:49:16.032+0000] {logging_mixin.py:190} INFO - [2024-11-24T08:49:16.031+0000] {dagbag.py:588} INFO - Filling up the DagBag from /home/airflow/.local/lib/python3.12/site-packages/airflow/example_dags/example_task_group.py
[2024-11-24T08:49:16.049+0000] {processor.py:925} INFO - DAG(s) 'example_task_group' retrieved from /home/airflow/.local/lib/python3.12/site-packages/airflow/example_dags/example_task_group.py
[2024-11-24T08:49:16.085+0000] {logging_mixin.py:190} INFO - [2024-11-24T08:49:16.084+0000] {dag.py:3239} INFO - Sync 1 DAGs
[2024-11-24T08:49:16.108+0000] {logging_mixin.py:190} INFO - [2024-11-24T08:49:16.108+0000] {dag.py:4180} INFO - Setting next_dagrun for example_task_group to None, run_after=None
[2024-11-24T08:49:16.139+0000] {processor.py:208} INFO - Processing /home/airflow/.local/lib/python3.12/site-packages/airflow/example_dags/example_task_group.py took 0.126 seconds
[2024-11-24T08:49:47.871+0000] {processor.py:186} INFO - Started process (PID=4106) to work on /home/airflow/.local/lib/python3.12/site-packages/airflow/example_dags/example_task_group.py
[2024-11-24T08:49:47.873+0000] {processor.py:914} INFO - Processing file /home/airflow/.local/lib/python3.12/site-packages/airflow/example_dags/example_task_group.py for tasks to queue
[2024-11-24T08:49:47.878+0000] {logging_mixin.py:190} INFO - [2024-11-24T08:49:47.878+0000] {dagbag.py:588} INFO - Filling up the DagBag from /home/airflow/.local/lib/python3.12/site-packages/airflow/example_dags/example_task_group.py
[2024-11-24T08:49:47.897+0000] {processor.py:925} INFO - DAG(s) 'example_task_group' retrieved from /home/airflow/.local/lib/python3.12/site-packages/airflow/example_dags/example_task_group.py
[2024-11-24T08:49:47.929+0000] {logging_mixin.py:190} INFO - [2024-11-24T08:49:47.929+0000] {dag.py:3239} INFO - Sync 1 DAGs
[2024-11-24T08:49:47.951+0000] {logging_mixin.py:190} INFO - [2024-11-24T08:49:47.951+0000] {dag.py:4180} INFO - Setting next_dagrun for example_task_group to None, run_after=None
[2024-11-24T08:49:47.982+0000] {processor.py:208} INFO - Processing /home/airflow/.local/lib/python3.12/site-packages/airflow/example_dags/example_task_group.py took 0.123 seconds
[2024-11-24T08:50:22.165+0000] {processor.py:186} INFO - Started process (PID=4399) to work on /home/airflow/.local/lib/python3.12/site-packages/airflow/example_dags/example_task_group.py
[2024-11-24T08:50:22.167+0000] {processor.py:914} INFO - Processing file /home/airflow/.local/lib/python3.12/site-packages/airflow/example_dags/example_task_group.py for tasks to queue
[2024-11-24T08:50:22.173+0000] {logging_mixin.py:190} INFO - [2024-11-24T08:50:22.172+0000] {dagbag.py:588} INFO - Filling up the DagBag from /home/airflow/.local/lib/python3.12/site-packages/airflow/example_dags/example_task_group.py
[2024-11-24T08:50:22.196+0000] {processor.py:925} INFO - DAG(s) 'example_task_group' retrieved from /home/airflow/.local/lib/python3.12/site-packages/airflow/example_dags/example_task_group.py
[2024-11-24T08:50:22.238+0000] {logging_mixin.py:190} INFO - [2024-11-24T08:50:22.237+0000] {dag.py:3239} INFO - Sync 1 DAGs
[2024-11-24T08:50:22.264+0000] {logging_mixin.py:190} INFO - [2024-11-24T08:50:22.263+0000] {dag.py:4180} INFO - Setting next_dagrun for example_task_group to None, run_after=None
[2024-11-24T08:50:22.300+0000] {processor.py:208} INFO - Processing /home/airflow/.local/lib/python3.12/site-packages/airflow/example_dags/example_task_group.py took 0.150 seconds
[2024-11-24T08:50:56.583+0000] {processor.py:186} INFO - Started process (PID=4694) to work on /home/airflow/.local/lib/python3.12/site-packages/airflow/example_dags/example_task_group.py
[2024-11-24T08:50:56.586+0000] {processor.py:914} INFO - Processing file /home/airflow/.local/lib/python3.12/site-packages/airflow/example_dags/example_task_group.py for tasks to queue
[2024-11-24T08:50:56.594+0000] {logging_mixin.py:190} INFO - [2024-11-24T08:50:56.593+0000] {dagbag.py:588} INFO - Filling up the DagBag from /home/airflow/.local/lib/python3.12/site-packages/airflow/example_dags/example_task_group.py
[2024-11-24T08:50:56.623+0000] {processor.py:925} INFO - DAG(s) 'example_task_group' retrieved from /home/airflow/.local/lib/python3.12/site-packages/airflow/example_dags/example_task_group.py
[2024-11-24T08:50:56.694+0000] {logging_mixin.py:190} INFO - [2024-11-24T08:50:56.694+0000] {dag.py:3239} INFO - Sync 1 DAGs
[2024-11-24T08:50:56.737+0000] {logging_mixin.py:190} INFO - [2024-11-24T08:50:56.737+0000] {dag.py:4180} INFO - Setting next_dagrun for example_task_group to None, run_after=None
[2024-11-24T08:50:56.782+0000] {processor.py:208} INFO - Processing /home/airflow/.local/lib/python3.12/site-packages/airflow/example_dags/example_task_group.py took 0.220 seconds
[2024-11-24T08:51:27.855+0000] {processor.py:186} INFO - Started process (PID=4984) to work on /home/airflow/.local/lib/python3.12/site-packages/airflow/example_dags/example_task_group.py
[2024-11-24T08:51:27.857+0000] {processor.py:914} INFO - Processing file /home/airflow/.local/lib/python3.12/site-packages/airflow/example_dags/example_task_group.py for tasks to queue
[2024-11-24T08:51:27.861+0000] {logging_mixin.py:190} INFO - [2024-11-24T08:51:27.860+0000] {dagbag.py:588} INFO - Filling up the DagBag from /home/airflow/.local/lib/python3.12/site-packages/airflow/example_dags/example_task_group.py
[2024-11-24T08:51:27.874+0000] {processor.py:925} INFO - DAG(s) 'example_task_group' retrieved from /home/airflow/.local/lib/python3.12/site-packages/airflow/example_dags/example_task_group.py
[2024-11-24T08:51:27.908+0000] {logging_mixin.py:190} INFO - [2024-11-24T08:51:27.908+0000] {dag.py:3239} INFO - Sync 1 DAGs
[2024-11-24T08:51:27.931+0000] {logging_mixin.py:190} INFO - [2024-11-24T08:51:27.931+0000] {dag.py:4180} INFO - Setting next_dagrun for example_task_group to None, run_after=None
[2024-11-24T08:51:27.968+0000] {processor.py:208} INFO - Processing /home/airflow/.local/lib/python3.12/site-packages/airflow/example_dags/example_task_group.py took 0.123 seconds
[2024-11-24T08:51:58.203+0000] {processor.py:186} INFO - Started process (PID=5275) to work on /home/airflow/.local/lib/python3.12/site-packages/airflow/example_dags/example_task_group.py
[2024-11-24T08:51:58.205+0000] {processor.py:914} INFO - Processing file /home/airflow/.local/lib/python3.12/site-packages/airflow/example_dags/example_task_group.py for tasks to queue
[2024-11-24T08:51:58.207+0000] {logging_mixin.py:190} INFO - [2024-11-24T08:51:58.207+0000] {dagbag.py:588} INFO - Filling up the DagBag from /home/airflow/.local/lib/python3.12/site-packages/airflow/example_dags/example_task_group.py
[2024-11-24T08:51:58.215+0000] {processor.py:925} INFO - DAG(s) 'example_task_group' retrieved from /home/airflow/.local/lib/python3.12/site-packages/airflow/example_dags/example_task_group.py
[2024-11-24T08:51:58.239+0000] {logging_mixin.py:190} INFO - [2024-11-24T08:51:58.239+0000] {dag.py:3239} INFO - Sync 1 DAGs
[2024-11-24T08:51:58.253+0000] {logging_mixin.py:190} INFO - [2024-11-24T08:51:58.252+0000] {dag.py:4180} INFO - Setting next_dagrun for example_task_group to None, run_after=None
[2024-11-24T08:51:58.281+0000] {processor.py:208} INFO - Processing /home/airflow/.local/lib/python3.12/site-packages/airflow/example_dags/example_task_group.py took 0.084 seconds
[2024-11-24T08:52:28.708+0000] {processor.py:186} INFO - Started process (PID=5561) to work on /home/airflow/.local/lib/python3.12/site-packages/airflow/example_dags/example_task_group.py
[2024-11-24T08:52:28.709+0000] {processor.py:914} INFO - Processing file /home/airflow/.local/lib/python3.12/site-packages/airflow/example_dags/example_task_group.py for tasks to queue
[2024-11-24T08:52:28.714+0000] {logging_mixin.py:190} INFO - [2024-11-24T08:52:28.714+0000] {dagbag.py:588} INFO - Filling up the DagBag from /home/airflow/.local/lib/python3.12/site-packages/airflow/example_dags/example_task_group.py
[2024-11-24T08:52:28.725+0000] {processor.py:925} INFO - DAG(s) 'example_task_group' retrieved from /home/airflow/.local/lib/python3.12/site-packages/airflow/example_dags/example_task_group.py
[2024-11-24T08:52:28.755+0000] {logging_mixin.py:190} INFO - [2024-11-24T08:52:28.754+0000] {dag.py:3239} INFO - Sync 1 DAGs
[2024-11-24T08:52:28.777+0000] {logging_mixin.py:190} INFO - [2024-11-24T08:52:28.777+0000] {dag.py:4180} INFO - Setting next_dagrun for example_task_group to None, run_after=None
[2024-11-24T08:52:28.809+0000] {processor.py:208} INFO - Processing /home/airflow/.local/lib/python3.12/site-packages/airflow/example_dags/example_task_group.py took 0.112 seconds
[2024-11-24T08:53:40.789+0000] {processor.py:186} INFO - Started process (PID=328) to work on /home/airflow/.local/lib/python3.12/site-packages/airflow/example_dags/example_task_group.py
[2024-11-24T08:53:40.791+0000] {processor.py:914} INFO - Processing file /home/airflow/.local/lib/python3.12/site-packages/airflow/example_dags/example_task_group.py for tasks to queue
[2024-11-24T08:53:40.796+0000] {logging_mixin.py:190} INFO - [2024-11-24T08:53:40.795+0000] {dagbag.py:588} INFO - Filling up the DagBag from /home/airflow/.local/lib/python3.12/site-packages/airflow/example_dags/example_task_group.py
[2024-11-24T08:53:40.817+0000] {processor.py:925} INFO - DAG(s) 'example_task_group' retrieved from /home/airflow/.local/lib/python3.12/site-packages/airflow/example_dags/example_task_group.py
[2024-11-24T08:53:40.868+0000] {logging_mixin.py:190} INFO - [2024-11-24T08:53:40.867+0000] {dag.py:3239} INFO - Sync 1 DAGs
[2024-11-24T08:53:40.909+0000] {logging_mixin.py:190} INFO - [2024-11-24T08:53:40.908+0000] {dag.py:4180} INFO - Setting next_dagrun for example_task_group to None, run_after=None
[2024-11-24T08:53:40.970+0000] {processor.py:208} INFO - Processing /home/airflow/.local/lib/python3.12/site-packages/airflow/example_dags/example_task_group.py took 0.192 seconds
[2024-11-24T08:54:27.288+0000] {processor.py:186} INFO - Started process (PID=624) to work on /home/airflow/.local/lib/python3.12/site-packages/airflow/example_dags/example_task_group.py
[2024-11-24T08:54:27.290+0000] {processor.py:914} INFO - Processing file /home/airflow/.local/lib/python3.12/site-packages/airflow/example_dags/example_task_group.py for tasks to queue
[2024-11-24T08:54:27.294+0000] {logging_mixin.py:190} INFO - [2024-11-24T08:54:27.294+0000] {dagbag.py:588} INFO - Filling up the DagBag from /home/airflow/.local/lib/python3.12/site-packages/airflow/example_dags/example_task_group.py
[2024-11-24T08:54:27.310+0000] {processor.py:925} INFO - DAG(s) 'example_task_group' retrieved from /home/airflow/.local/lib/python3.12/site-packages/airflow/example_dags/example_task_group.py
[2024-11-24T08:54:27.344+0000] {logging_mixin.py:190} INFO - [2024-11-24T08:54:27.343+0000] {dag.py:3239} INFO - Sync 1 DAGs
[2024-11-24T08:54:27.368+0000] {logging_mixin.py:190} INFO - [2024-11-24T08:54:27.368+0000] {dag.py:4180} INFO - Setting next_dagrun for example_task_group to None, run_after=None
[2024-11-24T08:54:27.403+0000] {processor.py:208} INFO - Processing /home/airflow/.local/lib/python3.12/site-packages/airflow/example_dags/example_task_group.py took 0.125 seconds
[2024-11-24T08:55:01.837+0000] {processor.py:186} INFO - Started process (PID=915) to work on /home/airflow/.local/lib/python3.12/site-packages/airflow/example_dags/example_task_group.py
[2024-11-24T08:55:01.839+0000] {processor.py:914} INFO - Processing file /home/airflow/.local/lib/python3.12/site-packages/airflow/example_dags/example_task_group.py for tasks to queue
[2024-11-24T08:55:01.845+0000] {logging_mixin.py:190} INFO - [2024-11-24T08:55:01.844+0000] {dagbag.py:588} INFO - Filling up the DagBag from /home/airflow/.local/lib/python3.12/site-packages/airflow/example_dags/example_task_group.py
[2024-11-24T08:55:01.871+0000] {processor.py:925} INFO - DAG(s) 'example_task_group' retrieved from /home/airflow/.local/lib/python3.12/site-packages/airflow/example_dags/example_task_group.py
[2024-11-24T08:55:01.916+0000] {logging_mixin.py:190} INFO - [2024-11-24T08:55:01.916+0000] {dag.py:3239} INFO - Sync 1 DAGs
[2024-11-24T08:55:01.943+0000] {logging_mixin.py:190} INFO - [2024-11-24T08:55:01.943+0000] {dag.py:4180} INFO - Setting next_dagrun for example_task_group to None, run_after=None
[2024-11-24T08:55:01.978+0000] {processor.py:208} INFO - Processing /home/airflow/.local/lib/python3.12/site-packages/airflow/example_dags/example_task_group.py took 0.153 seconds
[2024-11-24T08:55:52.615+0000] {processor.py:186} INFO - Started process (PID=1213) to work on /home/airflow/.local/lib/python3.12/site-packages/airflow/example_dags/example_task_group.py
[2024-11-24T08:55:52.618+0000] {processor.py:914} INFO - Processing file /home/airflow/.local/lib/python3.12/site-packages/airflow/example_dags/example_task_group.py for tasks to queue
[2024-11-24T08:55:52.623+0000] {logging_mixin.py:190} INFO - [2024-11-24T08:55:52.622+0000] {dagbag.py:588} INFO - Filling up the DagBag from /home/airflow/.local/lib/python3.12/site-packages/airflow/example_dags/example_task_group.py
[2024-11-24T08:55:52.643+0000] {processor.py:925} INFO - DAG(s) 'example_task_group' retrieved from /home/airflow/.local/lib/python3.12/site-packages/airflow/example_dags/example_task_group.py
[2024-11-24T08:55:52.685+0000] {logging_mixin.py:190} INFO - [2024-11-24T08:55:52.685+0000] {dag.py:3239} INFO - Sync 1 DAGs
[2024-11-24T08:55:52.713+0000] {logging_mixin.py:190} INFO - [2024-11-24T08:55:52.713+0000] {dag.py:4180} INFO - Setting next_dagrun for example_task_group to None, run_after=None
[2024-11-24T08:55:52.749+0000] {processor.py:208} INFO - Processing /home/airflow/.local/lib/python3.12/site-packages/airflow/example_dags/example_task_group.py took 0.144 seconds
[2024-11-24T08:56:24.681+0000] {processor.py:186} INFO - Started process (PID=1505) to work on /home/airflow/.local/lib/python3.12/site-packages/airflow/example_dags/example_task_group.py
[2024-11-24T08:56:24.683+0000] {processor.py:914} INFO - Processing file /home/airflow/.local/lib/python3.12/site-packages/airflow/example_dags/example_task_group.py for tasks to queue
[2024-11-24T08:56:24.689+0000] {logging_mixin.py:190} INFO - [2024-11-24T08:56:24.689+0000] {dagbag.py:588} INFO - Filling up the DagBag from /home/airflow/.local/lib/python3.12/site-packages/airflow/example_dags/example_task_group.py
[2024-11-24T08:56:24.709+0000] {processor.py:925} INFO - DAG(s) 'example_task_group' retrieved from /home/airflow/.local/lib/python3.12/site-packages/airflow/example_dags/example_task_group.py
[2024-11-24T08:56:24.771+0000] {logging_mixin.py:190} INFO - [2024-11-24T08:56:24.770+0000] {dag.py:3239} INFO - Sync 1 DAGs
[2024-11-24T08:56:24.809+0000] {logging_mixin.py:190} INFO - [2024-11-24T08:56:24.809+0000] {dag.py:4180} INFO - Setting next_dagrun for example_task_group to None, run_after=None
[2024-11-24T08:56:24.851+0000] {processor.py:208} INFO - Processing /home/airflow/.local/lib/python3.12/site-packages/airflow/example_dags/example_task_group.py took 0.186 seconds
[2024-11-24T08:56:55.527+0000] {processor.py:186} INFO - Started process (PID=1796) to work on /home/airflow/.local/lib/python3.12/site-packages/airflow/example_dags/example_task_group.py
[2024-11-24T08:56:55.529+0000] {processor.py:914} INFO - Processing file /home/airflow/.local/lib/python3.12/site-packages/airflow/example_dags/example_task_group.py for tasks to queue
[2024-11-24T08:56:55.532+0000] {logging_mixin.py:190} INFO - [2024-11-24T08:56:55.531+0000] {dagbag.py:588} INFO - Filling up the DagBag from /home/airflow/.local/lib/python3.12/site-packages/airflow/example_dags/example_task_group.py
[2024-11-24T08:56:55.540+0000] {processor.py:925} INFO - DAG(s) 'example_task_group' retrieved from /home/airflow/.local/lib/python3.12/site-packages/airflow/example_dags/example_task_group.py
[2024-11-24T08:56:55.565+0000] {logging_mixin.py:190} INFO - [2024-11-24T08:56:55.564+0000] {dag.py:3239} INFO - Sync 1 DAGs
[2024-11-24T08:56:55.580+0000] {logging_mixin.py:190} INFO - [2024-11-24T08:56:55.580+0000] {dag.py:4180} INFO - Setting next_dagrun for example_task_group to None, run_after=None
[2024-11-24T08:56:55.605+0000] {processor.py:208} INFO - Processing /home/airflow/.local/lib/python3.12/site-packages/airflow/example_dags/example_task_group.py took 0.083 seconds
[2024-11-24T08:57:27.532+0000] {processor.py:186} INFO - Started process (PID=2087) to work on /home/airflow/.local/lib/python3.12/site-packages/airflow/example_dags/example_task_group.py
[2024-11-24T08:57:27.533+0000] {processor.py:914} INFO - Processing file /home/airflow/.local/lib/python3.12/site-packages/airflow/example_dags/example_task_group.py for tasks to queue
[2024-11-24T08:57:27.537+0000] {logging_mixin.py:190} INFO - [2024-11-24T08:57:27.537+0000] {dagbag.py:588} INFO - Filling up the DagBag from /home/airflow/.local/lib/python3.12/site-packages/airflow/example_dags/example_task_group.py
[2024-11-24T08:57:27.554+0000] {processor.py:925} INFO - DAG(s) 'example_task_group' retrieved from /home/airflow/.local/lib/python3.12/site-packages/airflow/example_dags/example_task_group.py
[2024-11-24T08:57:27.609+0000] {logging_mixin.py:190} INFO - [2024-11-24T08:57:27.609+0000] {dag.py:3239} INFO - Sync 1 DAGs
[2024-11-24T08:57:27.637+0000] {logging_mixin.py:190} INFO - [2024-11-24T08:57:27.636+0000] {dag.py:4180} INFO - Setting next_dagrun for example_task_group to None, run_after=None
[2024-11-24T08:57:27.675+0000] {processor.py:208} INFO - Processing /home/airflow/.local/lib/python3.12/site-packages/airflow/example_dags/example_task_group.py took 0.153 seconds
[2024-11-24T08:57:58.387+0000] {processor.py:186} INFO - Started process (PID=2378) to work on /home/airflow/.local/lib/python3.12/site-packages/airflow/example_dags/example_task_group.py
[2024-11-24T08:57:58.388+0000] {processor.py:914} INFO - Processing file /home/airflow/.local/lib/python3.12/site-packages/airflow/example_dags/example_task_group.py for tasks to queue
[2024-11-24T08:57:58.392+0000] {logging_mixin.py:190} INFO - [2024-11-24T08:57:58.391+0000] {dagbag.py:588} INFO - Filling up the DagBag from /home/airflow/.local/lib/python3.12/site-packages/airflow/example_dags/example_task_group.py
[2024-11-24T08:57:58.402+0000] {processor.py:925} INFO - DAG(s) 'example_task_group' retrieved from /home/airflow/.local/lib/python3.12/site-packages/airflow/example_dags/example_task_group.py
[2024-11-24T08:57:58.425+0000] {logging_mixin.py:190} INFO - [2024-11-24T08:57:58.425+0000] {dag.py:3239} INFO - Sync 1 DAGs
[2024-11-24T08:57:58.443+0000] {logging_mixin.py:190} INFO - [2024-11-24T08:57:58.443+0000] {dag.py:4180} INFO - Setting next_dagrun for example_task_group to None, run_after=None
[2024-11-24T08:57:58.463+0000] {processor.py:208} INFO - Processing /home/airflow/.local/lib/python3.12/site-packages/airflow/example_dags/example_task_group.py took 0.082 seconds
[2024-11-24T08:58:29.786+0000] {processor.py:186} INFO - Started process (PID=2669) to work on /home/airflow/.local/lib/python3.12/site-packages/airflow/example_dags/example_task_group.py
[2024-11-24T08:58:29.788+0000] {processor.py:914} INFO - Processing file /home/airflow/.local/lib/python3.12/site-packages/airflow/example_dags/example_task_group.py for tasks to queue
[2024-11-24T08:58:29.792+0000] {logging_mixin.py:190} INFO - [2024-11-24T08:58:29.792+0000] {dagbag.py:588} INFO - Filling up the DagBag from /home/airflow/.local/lib/python3.12/site-packages/airflow/example_dags/example_task_group.py
[2024-11-24T08:58:29.808+0000] {processor.py:925} INFO - DAG(s) 'example_task_group' retrieved from /home/airflow/.local/lib/python3.12/site-packages/airflow/example_dags/example_task_group.py
[2024-11-24T08:58:29.847+0000] {logging_mixin.py:190} INFO - [2024-11-24T08:58:29.846+0000] {dag.py:3239} INFO - Sync 1 DAGs
[2024-11-24T08:58:29.874+0000] {logging_mixin.py:190} INFO - [2024-11-24T08:58:29.874+0000] {dag.py:4180} INFO - Setting next_dagrun for example_task_group to None, run_after=None
[2024-11-24T08:58:29.907+0000] {processor.py:208} INFO - Processing /home/airflow/.local/lib/python3.12/site-packages/airflow/example_dags/example_task_group.py took 0.131 seconds
[2024-11-24T08:59:00.877+0000] {processor.py:186} INFO - Started process (PID=2960) to work on /home/airflow/.local/lib/python3.12/site-packages/airflow/example_dags/example_task_group.py
[2024-11-24T08:59:00.879+0000] {processor.py:914} INFO - Processing file /home/airflow/.local/lib/python3.12/site-packages/airflow/example_dags/example_task_group.py for tasks to queue
[2024-11-24T08:59:00.883+0000] {logging_mixin.py:190} INFO - [2024-11-24T08:59:00.883+0000] {dagbag.py:588} INFO - Filling up the DagBag from /home/airflow/.local/lib/python3.12/site-packages/airflow/example_dags/example_task_group.py
[2024-11-24T08:59:00.900+0000] {processor.py:925} INFO - DAG(s) 'example_task_group' retrieved from /home/airflow/.local/lib/python3.12/site-packages/airflow/example_dags/example_task_group.py
[2024-11-24T08:59:00.938+0000] {logging_mixin.py:190} INFO - [2024-11-24T08:59:00.938+0000] {dag.py:3239} INFO - Sync 1 DAGs
[2024-11-24T08:59:00.964+0000] {logging_mixin.py:190} INFO - [2024-11-24T08:59:00.963+0000] {dag.py:4180} INFO - Setting next_dagrun for example_task_group to None, run_after=None
[2024-11-24T08:59:00.997+0000] {processor.py:208} INFO - Processing /home/airflow/.local/lib/python3.12/site-packages/airflow/example_dags/example_task_group.py took 0.129 seconds
[2024-11-24T08:59:32.011+0000] {processor.py:186} INFO - Started process (PID=3251) to work on /home/airflow/.local/lib/python3.12/site-packages/airflow/example_dags/example_task_group.py
[2024-11-24T08:59:32.013+0000] {processor.py:914} INFO - Processing file /home/airflow/.local/lib/python3.12/site-packages/airflow/example_dags/example_task_group.py for tasks to queue
[2024-11-24T08:59:32.017+0000] {logging_mixin.py:190} INFO - [2024-11-24T08:59:32.016+0000] {dagbag.py:588} INFO - Filling up the DagBag from /home/airflow/.local/lib/python3.12/site-packages/airflow/example_dags/example_task_group.py
[2024-11-24T08:59:32.031+0000] {processor.py:925} INFO - DAG(s) 'example_task_group' retrieved from /home/airflow/.local/lib/python3.12/site-packages/airflow/example_dags/example_task_group.py
[2024-11-24T08:59:32.063+0000] {logging_mixin.py:190} INFO - [2024-11-24T08:59:32.062+0000] {dag.py:3239} INFO - Sync 1 DAGs
[2024-11-24T08:59:32.082+0000] {logging_mixin.py:190} INFO - [2024-11-24T08:59:32.082+0000] {dag.py:4180} INFO - Setting next_dagrun for example_task_group to None, run_after=None
[2024-11-24T08:59:32.108+0000] {processor.py:208} INFO - Processing /home/airflow/.local/lib/python3.12/site-packages/airflow/example_dags/example_task_group.py took 0.107 seconds
[2024-11-24T09:00:03.888+0000] {processor.py:186} INFO - Started process (PID=3542) to work on /home/airflow/.local/lib/python3.12/site-packages/airflow/example_dags/example_task_group.py
[2024-11-24T09:00:03.894+0000] {processor.py:914} INFO - Processing file /home/airflow/.local/lib/python3.12/site-packages/airflow/example_dags/example_task_group.py for tasks to queue
[2024-11-24T09:00:03.900+0000] {logging_mixin.py:190} INFO - [2024-11-24T09:00:03.899+0000] {dagbag.py:588} INFO - Filling up the DagBag from /home/airflow/.local/lib/python3.12/site-packages/airflow/example_dags/example_task_group.py
[2024-11-24T09:00:03.918+0000] {processor.py:925} INFO - DAG(s) 'example_task_group' retrieved from /home/airflow/.local/lib/python3.12/site-packages/airflow/example_dags/example_task_group.py
[2024-11-24T09:00:03.967+0000] {logging_mixin.py:190} INFO - [2024-11-24T09:00:03.966+0000] {dag.py:3239} INFO - Sync 1 DAGs
[2024-11-24T09:00:04.017+0000] {logging_mixin.py:190} INFO - [2024-11-24T09:00:04.017+0000] {dag.py:4180} INFO - Setting next_dagrun for example_task_group to None, run_after=None
[2024-11-24T09:00:04.063+0000] {processor.py:208} INFO - Processing /home/airflow/.local/lib/python3.12/site-packages/airflow/example_dags/example_task_group.py took 0.187 seconds
[2024-11-24T09:00:34.373+0000] {processor.py:186} INFO - Started process (PID=3833) to work on /home/airflow/.local/lib/python3.12/site-packages/airflow/example_dags/example_task_group.py
[2024-11-24T09:00:34.376+0000] {processor.py:914} INFO - Processing file /home/airflow/.local/lib/python3.12/site-packages/airflow/example_dags/example_task_group.py for tasks to queue
[2024-11-24T09:00:34.380+0000] {logging_mixin.py:190} INFO - [2024-11-24T09:00:34.379+0000] {dagbag.py:588} INFO - Filling up the DagBag from /home/airflow/.local/lib/python3.12/site-packages/airflow/example_dags/example_task_group.py
[2024-11-24T09:00:34.395+0000] {processor.py:925} INFO - DAG(s) 'example_task_group' retrieved from /home/airflow/.local/lib/python3.12/site-packages/airflow/example_dags/example_task_group.py
[2024-11-24T09:00:34.433+0000] {logging_mixin.py:190} INFO - [2024-11-24T09:00:34.432+0000] {dag.py:3239} INFO - Sync 1 DAGs
[2024-11-24T09:00:34.464+0000] {logging_mixin.py:190} INFO - [2024-11-24T09:00:34.464+0000] {dag.py:4180} INFO - Setting next_dagrun for example_task_group to None, run_after=None
[2024-11-24T09:00:34.509+0000] {processor.py:208} INFO - Processing /home/airflow/.local/lib/python3.12/site-packages/airflow/example_dags/example_task_group.py took 0.145 seconds
[2024-11-24T09:01:06.671+0000] {processor.py:186} INFO - Started process (PID=4124) to work on /home/airflow/.local/lib/python3.12/site-packages/airflow/example_dags/example_task_group.py
[2024-11-24T09:01:06.675+0000] {processor.py:914} INFO - Processing file /home/airflow/.local/lib/python3.12/site-packages/airflow/example_dags/example_task_group.py for tasks to queue
[2024-11-24T09:01:06.682+0000] {logging_mixin.py:190} INFO - [2024-11-24T09:01:06.681+0000] {dagbag.py:588} INFO - Filling up the DagBag from /home/airflow/.local/lib/python3.12/site-packages/airflow/example_dags/example_task_group.py
[2024-11-24T09:01:06.713+0000] {processor.py:925} INFO - DAG(s) 'example_task_group' retrieved from /home/airflow/.local/lib/python3.12/site-packages/airflow/example_dags/example_task_group.py
[2024-11-24T09:01:06.771+0000] {logging_mixin.py:190} INFO - [2024-11-24T09:01:06.771+0000] {dag.py:3239} INFO - Sync 1 DAGs
[2024-11-24T09:01:06.807+0000] {logging_mixin.py:190} INFO - [2024-11-24T09:01:06.807+0000] {dag.py:4180} INFO - Setting next_dagrun for example_task_group to None, run_after=None
[2024-11-24T09:01:06.855+0000] {processor.py:208} INFO - Processing /home/airflow/.local/lib/python3.12/site-packages/airflow/example_dags/example_task_group.py took 0.202 seconds
[2024-11-24T09:01:37.787+0000] {processor.py:186} INFO - Started process (PID=4415) to work on /home/airflow/.local/lib/python3.12/site-packages/airflow/example_dags/example_task_group.py
[2024-11-24T09:01:37.788+0000] {processor.py:914} INFO - Processing file /home/airflow/.local/lib/python3.12/site-packages/airflow/example_dags/example_task_group.py for tasks to queue
[2024-11-24T09:01:37.792+0000] {logging_mixin.py:190} INFO - [2024-11-24T09:01:37.792+0000] {dagbag.py:588} INFO - Filling up the DagBag from /home/airflow/.local/lib/python3.12/site-packages/airflow/example_dags/example_task_group.py
[2024-11-24T09:01:37.807+0000] {processor.py:925} INFO - DAG(s) 'example_task_group' retrieved from /home/airflow/.local/lib/python3.12/site-packages/airflow/example_dags/example_task_group.py
[2024-11-24T09:01:37.842+0000] {logging_mixin.py:190} INFO - [2024-11-24T09:01:37.842+0000] {dag.py:3239} INFO - Sync 1 DAGs
[2024-11-24T09:01:37.859+0000] {logging_mixin.py:190} INFO - [2024-11-24T09:01:37.859+0000] {dag.py:4180} INFO - Setting next_dagrun for example_task_group to None, run_after=None
[2024-11-24T09:01:37.890+0000] {processor.py:208} INFO - Processing /home/airflow/.local/lib/python3.12/site-packages/airflow/example_dags/example_task_group.py took 0.107 seconds
[2024-11-24T09:02:08.729+0000] {processor.py:186} INFO - Started process (PID=4706) to work on /home/airflow/.local/lib/python3.12/site-packages/airflow/example_dags/example_task_group.py
[2024-11-24T09:02:08.730+0000] {processor.py:914} INFO - Processing file /home/airflow/.local/lib/python3.12/site-packages/airflow/example_dags/example_task_group.py for tasks to queue
[2024-11-24T09:02:08.734+0000] {logging_mixin.py:190} INFO - [2024-11-24T09:02:08.733+0000] {dagbag.py:588} INFO - Filling up the DagBag from /home/airflow/.local/lib/python3.12/site-packages/airflow/example_dags/example_task_group.py
[2024-11-24T09:02:08.748+0000] {processor.py:925} INFO - DAG(s) 'example_task_group' retrieved from /home/airflow/.local/lib/python3.12/site-packages/airflow/example_dags/example_task_group.py
[2024-11-24T09:02:08.780+0000] {logging_mixin.py:190} INFO - [2024-11-24T09:02:08.780+0000] {dag.py:3239} INFO - Sync 1 DAGs
[2024-11-24T09:02:08.797+0000] {logging_mixin.py:190} INFO - [2024-11-24T09:02:08.797+0000] {dag.py:4180} INFO - Setting next_dagrun for example_task_group to None, run_after=None
[2024-11-24T09:02:08.826+0000] {processor.py:208} INFO - Processing /home/airflow/.local/lib/python3.12/site-packages/airflow/example_dags/example_task_group.py took 0.106 seconds
[2024-11-24T09:02:38.936+0000] {processor.py:186} INFO - Started process (PID=4994) to work on /home/airflow/.local/lib/python3.12/site-packages/airflow/example_dags/example_task_group.py
[2024-11-24T09:02:38.937+0000] {processor.py:914} INFO - Processing file /home/airflow/.local/lib/python3.12/site-packages/airflow/example_dags/example_task_group.py for tasks to queue
[2024-11-24T09:02:38.939+0000] {logging_mixin.py:190} INFO - [2024-11-24T09:02:38.938+0000] {dagbag.py:588} INFO - Filling up the DagBag from /home/airflow/.local/lib/python3.12/site-packages/airflow/example_dags/example_task_group.py
[2024-11-24T09:02:38.947+0000] {processor.py:925} INFO - DAG(s) 'example_task_group' retrieved from /home/airflow/.local/lib/python3.12/site-packages/airflow/example_dags/example_task_group.py
[2024-11-24T09:02:38.978+0000] {logging_mixin.py:190} INFO - [2024-11-24T09:02:38.977+0000] {dag.py:3239} INFO - Sync 1 DAGs
[2024-11-24T09:02:39.000+0000] {logging_mixin.py:190} INFO - [2024-11-24T09:02:39.000+0000] {dag.py:4180} INFO - Setting next_dagrun for example_task_group to None, run_after=None
[2024-11-24T09:02:39.042+0000] {processor.py:208} INFO - Processing /home/airflow/.local/lib/python3.12/site-packages/airflow/example_dags/example_task_group.py took 0.112 seconds
[2024-11-24T09:03:16.823+0000] {processor.py:186} INFO - Started process (PID=5317) to work on /home/airflow/.local/lib/python3.12/site-packages/airflow/example_dags/example_task_group.py
[2024-11-24T09:03:16.826+0000] {processor.py:914} INFO - Processing file /home/airflow/.local/lib/python3.12/site-packages/airflow/example_dags/example_task_group.py for tasks to queue
[2024-11-24T09:03:16.834+0000] {logging_mixin.py:190} INFO - [2024-11-24T09:03:16.833+0000] {dagbag.py:588} INFO - Filling up the DagBag from /home/airflow/.local/lib/python3.12/site-packages/airflow/example_dags/example_task_group.py
[2024-11-24T09:03:16.866+0000] {processor.py:925} INFO - DAG(s) 'example_task_group' retrieved from /home/airflow/.local/lib/python3.12/site-packages/airflow/example_dags/example_task_group.py
[2024-11-24T09:03:16.928+0000] {logging_mixin.py:190} INFO - [2024-11-24T09:03:16.927+0000] {dag.py:3239} INFO - Sync 1 DAGs
[2024-11-24T09:03:16.971+0000] {logging_mixin.py:190} INFO - [2024-11-24T09:03:16.970+0000] {dag.py:4180} INFO - Setting next_dagrun for example_task_group to None, run_after=None
[2024-11-24T09:03:17.026+0000] {processor.py:208} INFO - Processing /home/airflow/.local/lib/python3.12/site-packages/airflow/example_dags/example_task_group.py took 0.221 seconds
[2024-11-24T09:03:53.407+0000] {processor.py:186} INFO - Started process (PID=5624) to work on /home/airflow/.local/lib/python3.12/site-packages/airflow/example_dags/example_task_group.py
[2024-11-24T09:03:53.410+0000] {processor.py:914} INFO - Processing file /home/airflow/.local/lib/python3.12/site-packages/airflow/example_dags/example_task_group.py for tasks to queue
[2024-11-24T09:03:53.414+0000] {logging_mixin.py:190} INFO - [2024-11-24T09:03:53.414+0000] {dagbag.py:588} INFO - Filling up the DagBag from /home/airflow/.local/lib/python3.12/site-packages/airflow/example_dags/example_task_group.py
[2024-11-24T09:03:53.432+0000] {processor.py:925} INFO - DAG(s) 'example_task_group' retrieved from /home/airflow/.local/lib/python3.12/site-packages/airflow/example_dags/example_task_group.py
[2024-11-24T09:03:53.473+0000] {logging_mixin.py:190} INFO - [2024-11-24T09:03:53.473+0000] {dag.py:3239} INFO - Sync 1 DAGs
[2024-11-24T09:03:53.509+0000] {logging_mixin.py:190} INFO - [2024-11-24T09:03:53.508+0000] {dag.py:4180} INFO - Setting next_dagrun for example_task_group to None, run_after=None
[2024-11-24T09:03:53.546+0000] {processor.py:208} INFO - Processing /home/airflow/.local/lib/python3.12/site-packages/airflow/example_dags/example_task_group.py took 0.156 seconds
[2024-11-24T09:04:23.870+0000] {processor.py:186} INFO - Started process (PID=5915) to work on /home/airflow/.local/lib/python3.12/site-packages/airflow/example_dags/example_task_group.py
[2024-11-24T09:04:23.872+0000] {processor.py:914} INFO - Processing file /home/airflow/.local/lib/python3.12/site-packages/airflow/example_dags/example_task_group.py for tasks to queue
[2024-11-24T09:04:23.876+0000] {logging_mixin.py:190} INFO - [2024-11-24T09:04:23.875+0000] {dagbag.py:588} INFO - Filling up the DagBag from /home/airflow/.local/lib/python3.12/site-packages/airflow/example_dags/example_task_group.py
[2024-11-24T09:04:23.892+0000] {processor.py:925} INFO - DAG(s) 'example_task_group' retrieved from /home/airflow/.local/lib/python3.12/site-packages/airflow/example_dags/example_task_group.py
[2024-11-24T09:04:23.935+0000] {logging_mixin.py:190} INFO - [2024-11-24T09:04:23.934+0000] {dag.py:3239} INFO - Sync 1 DAGs
[2024-11-24T09:04:23.964+0000] {logging_mixin.py:190} INFO - [2024-11-24T09:04:23.964+0000] {dag.py:4180} INFO - Setting next_dagrun for example_task_group to None, run_after=None
[2024-11-24T09:04:24.000+0000] {processor.py:208} INFO - Processing /home/airflow/.local/lib/python3.12/site-packages/airflow/example_dags/example_task_group.py took 0.143 seconds
[2024-11-24T09:04:56.390+0000] {processor.py:186} INFO - Started process (PID=6208) to work on /home/airflow/.local/lib/python3.12/site-packages/airflow/example_dags/example_task_group.py
[2024-11-24T09:04:56.392+0000] {processor.py:914} INFO - Processing file /home/airflow/.local/lib/python3.12/site-packages/airflow/example_dags/example_task_group.py for tasks to queue
[2024-11-24T09:04:56.400+0000] {logging_mixin.py:190} INFO - [2024-11-24T09:04:56.399+0000] {dagbag.py:588} INFO - Filling up the DagBag from /home/airflow/.local/lib/python3.12/site-packages/airflow/example_dags/example_task_group.py
[2024-11-24T09:04:56.422+0000] {processor.py:925} INFO - DAG(s) 'example_task_group' retrieved from /home/airflow/.local/lib/python3.12/site-packages/airflow/example_dags/example_task_group.py
[2024-11-24T09:04:56.472+0000] {logging_mixin.py:190} INFO - [2024-11-24T09:04:56.472+0000] {dag.py:3239} INFO - Sync 1 DAGs
[2024-11-24T09:04:56.519+0000] {logging_mixin.py:190} INFO - [2024-11-24T09:04:56.518+0000] {dag.py:4180} INFO - Setting next_dagrun for example_task_group to None, run_after=None
[2024-11-24T09:04:56.588+0000] {processor.py:208} INFO - Processing /home/airflow/.local/lib/python3.12/site-packages/airflow/example_dags/example_task_group.py took 0.215 seconds
[2024-11-24T09:05:31.838+0000] {processor.py:186} INFO - Started process (PID=6514) to work on /home/airflow/.local/lib/python3.12/site-packages/airflow/example_dags/example_task_group.py
[2024-11-24T09:05:31.850+0000] {processor.py:914} INFO - Processing file /home/airflow/.local/lib/python3.12/site-packages/airflow/example_dags/example_task_group.py for tasks to queue
[2024-11-24T09:05:31.869+0000] {logging_mixin.py:190} INFO - [2024-11-24T09:05:31.868+0000] {dagbag.py:588} INFO - Filling up the DagBag from /home/airflow/.local/lib/python3.12/site-packages/airflow/example_dags/example_task_group.py
[2024-11-24T09:05:31.931+0000] {processor.py:925} INFO - DAG(s) 'example_task_group' retrieved from /home/airflow/.local/lib/python3.12/site-packages/airflow/example_dags/example_task_group.py
[2024-11-24T09:05:32.054+0000] {logging_mixin.py:190} INFO - [2024-11-24T09:05:32.052+0000] {dag.py:3239} INFO - Sync 1 DAGs
[2024-11-24T09:05:32.191+0000] {logging_mixin.py:190} INFO - [2024-11-24T09:05:32.189+0000] {dag.py:4180} INFO - Setting next_dagrun for example_task_group to None, run_after=None
[2024-11-24T09:05:32.329+0000] {processor.py:208} INFO - Processing /home/airflow/.local/lib/python3.12/site-packages/airflow/example_dags/example_task_group.py took 0.518 seconds
[2024-11-24T09:06:05.038+0000] {processor.py:186} INFO - Started process (PID=6818) to work on /home/airflow/.local/lib/python3.12/site-packages/airflow/example_dags/example_task_group.py
[2024-11-24T09:06:05.043+0000] {processor.py:914} INFO - Processing file /home/airflow/.local/lib/python3.12/site-packages/airflow/example_dags/example_task_group.py for tasks to queue
[2024-11-24T09:06:05.053+0000] {logging_mixin.py:190} INFO - [2024-11-24T09:06:05.052+0000] {dagbag.py:588} INFO - Filling up the DagBag from /home/airflow/.local/lib/python3.12/site-packages/airflow/example_dags/example_task_group.py
[2024-11-24T09:06:05.114+0000] {processor.py:925} INFO - DAG(s) 'example_task_group' retrieved from /home/airflow/.local/lib/python3.12/site-packages/airflow/example_dags/example_task_group.py
[2024-11-24T09:06:05.200+0000] {logging_mixin.py:190} INFO - [2024-11-24T09:06:05.200+0000] {dag.py:3239} INFO - Sync 1 DAGs
[2024-11-24T09:06:05.256+0000] {logging_mixin.py:190} INFO - [2024-11-24T09:06:05.256+0000] {dag.py:4180} INFO - Setting next_dagrun for example_task_group to None, run_after=None
[2024-11-24T09:06:05.310+0000] {processor.py:208} INFO - Processing /home/airflow/.local/lib/python3.12/site-packages/airflow/example_dags/example_task_group.py took 0.292 seconds
