[2024-11-24T08:43:03.230+0000] {processor.py:186} INFO - Started process (PID=388) to work on /home/airflow/.local/lib/python3.12/site-packages/airflow/example_dags/example_skip_dag.py
[2024-11-24T08:43:03.232+0000] {processor.py:914} INFO - Processing file /home/airflow/.local/lib/python3.12/site-packages/airflow/example_dags/example_skip_dag.py for tasks to queue
[2024-11-24T08:43:03.236+0000] {logging_mixin.py:190} INFO - [2024-11-24T08:43:03.236+0000] {dagbag.py:588} INFO - Filling up the DagBag from /home/airflow/.local/lib/python3.12/site-packages/airflow/example_dags/example_skip_dag.py
[2024-11-24T08:43:03.251+0000] {processor.py:925} INFO - DAG(s) 'example_skip_dag' retrieved from /home/airflow/.local/lib/python3.12/site-packages/airflow/example_dags/example_skip_dag.py
[2024-11-24T08:43:03.452+0000] {logging_mixin.py:190} INFO - [2024-11-24T08:43:03.451+0000] {override.py:1911} INFO - Created Permission View: can read on DAG:example_skip_dag
[2024-11-24T08:43:03.467+0000] {logging_mixin.py:190} INFO - [2024-11-24T08:43:03.466+0000] {override.py:1911} INFO - Created Permission View: can edit on DAG:example_skip_dag
[2024-11-24T08:43:03.476+0000] {logging_mixin.py:190} INFO - [2024-11-24T08:43:03.476+0000] {override.py:1911} INFO - Created Permission View: can delete on DAG:example_skip_dag
[2024-11-24T08:43:03.489+0000] {logging_mixin.py:190} INFO - [2024-11-24T08:43:03.488+0000] {override.py:1911} INFO - Created Permission View: can read on DAG Run:example_skip_dag
[2024-11-24T08:43:03.499+0000] {logging_mixin.py:190} INFO - [2024-11-24T08:43:03.498+0000] {override.py:1911} INFO - Created Permission View: can delete on DAG Run:example_skip_dag
[2024-11-24T08:43:03.508+0000] {logging_mixin.py:190} INFO - [2024-11-24T08:43:03.507+0000] {override.py:1911} INFO - Created Permission View: can create on DAG Run:example_skip_dag
[2024-11-24T08:43:03.518+0000] {logging_mixin.py:190} INFO - [2024-11-24T08:43:03.518+0000] {override.py:1911} INFO - Created Permission View: menu access on DAG Run:example_skip_dag
[2024-11-24T08:43:03.519+0000] {logging_mixin.py:190} INFO - [2024-11-24T08:43:03.519+0000] {dag.py:3239} INFO - Sync 1 DAGs
[2024-11-24T08:43:03.539+0000] {logging_mixin.py:190} INFO - [2024-11-24T08:43:03.539+0000] {dag.py:3262} INFO - Creating ORM DAG for example_skip_dag
[2024-11-24T08:43:03.554+0000] {logging_mixin.py:190} INFO - [2024-11-24T08:43:03.554+0000] {dag.py:4180} INFO - Setting next_dagrun for example_skip_dag to 2024-11-23 00:00:00+00:00, run_after=2024-11-24 00:00:00+00:00
[2024-11-24T08:43:03.583+0000] {processor.py:208} INFO - Processing /home/airflow/.local/lib/python3.12/site-packages/airflow/example_dags/example_skip_dag.py took 0.363 seconds
[2024-11-24T08:43:34.320+0000] {processor.py:186} INFO - Started process (PID=679) to work on /home/airflow/.local/lib/python3.12/site-packages/airflow/example_dags/example_skip_dag.py
[2024-11-24T08:43:34.322+0000] {processor.py:914} INFO - Processing file /home/airflow/.local/lib/python3.12/site-packages/airflow/example_dags/example_skip_dag.py for tasks to queue
[2024-11-24T08:43:34.325+0000] {logging_mixin.py:190} INFO - [2024-11-24T08:43:34.325+0000] {dagbag.py:588} INFO - Filling up the DagBag from /home/airflow/.local/lib/python3.12/site-packages/airflow/example_dags/example_skip_dag.py
[2024-11-24T08:43:34.334+0000] {processor.py:925} INFO - DAG(s) 'example_skip_dag' retrieved from /home/airflow/.local/lib/python3.12/site-packages/airflow/example_dags/example_skip_dag.py
[2024-11-24T08:43:34.360+0000] {logging_mixin.py:190} INFO - [2024-11-24T08:43:34.360+0000] {dag.py:3239} INFO - Sync 1 DAGs
[2024-11-24T08:43:34.389+0000] {logging_mixin.py:190} INFO - [2024-11-24T08:43:34.389+0000] {dag.py:4180} INFO - Setting next_dagrun for example_skip_dag to 2024-11-23 00:00:00+00:00, run_after=2024-11-24 00:00:00+00:00
[2024-11-24T08:43:34.420+0000] {processor.py:208} INFO - Processing /home/airflow/.local/lib/python3.12/site-packages/airflow/example_dags/example_skip_dag.py took 0.106 seconds
[2024-11-24T08:44:05.293+0000] {processor.py:186} INFO - Started process (PID=970) to work on /home/airflow/.local/lib/python3.12/site-packages/airflow/example_dags/example_skip_dag.py
[2024-11-24T08:44:05.294+0000] {processor.py:914} INFO - Processing file /home/airflow/.local/lib/python3.12/site-packages/airflow/example_dags/example_skip_dag.py for tasks to queue
[2024-11-24T08:44:05.299+0000] {logging_mixin.py:190} INFO - [2024-11-24T08:44:05.298+0000] {dagbag.py:588} INFO - Filling up the DagBag from /home/airflow/.local/lib/python3.12/site-packages/airflow/example_dags/example_skip_dag.py
[2024-11-24T08:44:05.310+0000] {processor.py:925} INFO - DAG(s) 'example_skip_dag' retrieved from /home/airflow/.local/lib/python3.12/site-packages/airflow/example_dags/example_skip_dag.py
[2024-11-24T08:44:05.340+0000] {logging_mixin.py:190} INFO - [2024-11-24T08:44:05.340+0000] {dag.py:3239} INFO - Sync 1 DAGs
[2024-11-24T08:44:05.365+0000] {logging_mixin.py:190} INFO - [2024-11-24T08:44:05.365+0000] {dag.py:4180} INFO - Setting next_dagrun for example_skip_dag to 2024-11-23 00:00:00+00:00, run_after=2024-11-24 00:00:00+00:00
[2024-11-24T08:44:05.390+0000] {processor.py:208} INFO - Processing /home/airflow/.local/lib/python3.12/site-packages/airflow/example_dags/example_skip_dag.py took 0.104 seconds
[2024-11-24T08:44:35.833+0000] {processor.py:186} INFO - Started process (PID=1258) to work on /home/airflow/.local/lib/python3.12/site-packages/airflow/example_dags/example_skip_dag.py
[2024-11-24T08:44:35.837+0000] {processor.py:914} INFO - Processing file /home/airflow/.local/lib/python3.12/site-packages/airflow/example_dags/example_skip_dag.py for tasks to queue
[2024-11-24T08:44:35.841+0000] {logging_mixin.py:190} INFO - [2024-11-24T08:44:35.841+0000] {dagbag.py:588} INFO - Filling up the DagBag from /home/airflow/.local/lib/python3.12/site-packages/airflow/example_dags/example_skip_dag.py
[2024-11-24T08:44:35.852+0000] {processor.py:925} INFO - DAG(s) 'example_skip_dag' retrieved from /home/airflow/.local/lib/python3.12/site-packages/airflow/example_dags/example_skip_dag.py
[2024-11-24T08:44:35.880+0000] {logging_mixin.py:190} INFO - [2024-11-24T08:44:35.879+0000] {dag.py:3239} INFO - Sync 1 DAGs
[2024-11-24T08:44:35.920+0000] {logging_mixin.py:190} INFO - [2024-11-24T08:44:35.920+0000] {dag.py:4180} INFO - Setting next_dagrun for example_skip_dag to 2024-11-23 00:00:00+00:00, run_after=2024-11-24 00:00:00+00:00
[2024-11-24T08:44:35.946+0000] {processor.py:208} INFO - Processing /home/airflow/.local/lib/python3.12/site-packages/airflow/example_dags/example_skip_dag.py took 0.122 seconds
[2024-11-24T08:45:06.541+0000] {processor.py:186} INFO - Started process (PID=1549) to work on /home/airflow/.local/lib/python3.12/site-packages/airflow/example_dags/example_skip_dag.py
[2024-11-24T08:45:06.542+0000] {processor.py:914} INFO - Processing file /home/airflow/.local/lib/python3.12/site-packages/airflow/example_dags/example_skip_dag.py for tasks to queue
[2024-11-24T08:45:06.545+0000] {logging_mixin.py:190} INFO - [2024-11-24T08:45:06.545+0000] {dagbag.py:588} INFO - Filling up the DagBag from /home/airflow/.local/lib/python3.12/site-packages/airflow/example_dags/example_skip_dag.py
[2024-11-24T08:45:06.556+0000] {processor.py:925} INFO - DAG(s) 'example_skip_dag' retrieved from /home/airflow/.local/lib/python3.12/site-packages/airflow/example_dags/example_skip_dag.py
[2024-11-24T08:45:06.583+0000] {logging_mixin.py:190} INFO - [2024-11-24T08:45:06.583+0000] {dag.py:3239} INFO - Sync 1 DAGs
[2024-11-24T08:45:06.609+0000] {logging_mixin.py:190} INFO - [2024-11-24T08:45:06.609+0000] {dag.py:4180} INFO - Setting next_dagrun for example_skip_dag to 2024-11-23 00:00:00+00:00, run_after=2024-11-24 00:00:00+00:00
[2024-11-24T08:45:06.629+0000] {processor.py:208} INFO - Processing /home/airflow/.local/lib/python3.12/site-packages/airflow/example_dags/example_skip_dag.py took 0.095 seconds
[2024-11-24T08:45:36.825+0000] {processor.py:186} INFO - Started process (PID=1838) to work on /home/airflow/.local/lib/python3.12/site-packages/airflow/example_dags/example_skip_dag.py
[2024-11-24T08:45:36.826+0000] {processor.py:914} INFO - Processing file /home/airflow/.local/lib/python3.12/site-packages/airflow/example_dags/example_skip_dag.py for tasks to queue
[2024-11-24T08:45:36.830+0000] {logging_mixin.py:190} INFO - [2024-11-24T08:45:36.829+0000] {dagbag.py:588} INFO - Filling up the DagBag from /home/airflow/.local/lib/python3.12/site-packages/airflow/example_dags/example_skip_dag.py
[2024-11-24T08:45:36.838+0000] {processor.py:925} INFO - DAG(s) 'example_skip_dag' retrieved from /home/airflow/.local/lib/python3.12/site-packages/airflow/example_dags/example_skip_dag.py
[2024-11-24T08:45:36.866+0000] {logging_mixin.py:190} INFO - [2024-11-24T08:45:36.865+0000] {dag.py:3239} INFO - Sync 1 DAGs
[2024-11-24T08:45:36.910+0000] {logging_mixin.py:190} INFO - [2024-11-24T08:45:36.910+0000] {dag.py:4180} INFO - Setting next_dagrun for example_skip_dag to 2024-11-23 00:00:00+00:00, run_after=2024-11-24 00:00:00+00:00
[2024-11-24T08:45:36.941+0000] {processor.py:208} INFO - Processing /home/airflow/.local/lib/python3.12/site-packages/airflow/example_dags/example_skip_dag.py took 0.123 seconds
[2024-11-24T08:46:07.446+0000] {processor.py:186} INFO - Started process (PID=2126) to work on /home/airflow/.local/lib/python3.12/site-packages/airflow/example_dags/example_skip_dag.py
[2024-11-24T08:46:07.447+0000] {processor.py:914} INFO - Processing file /home/airflow/.local/lib/python3.12/site-packages/airflow/example_dags/example_skip_dag.py for tasks to queue
[2024-11-24T08:46:07.450+0000] {logging_mixin.py:190} INFO - [2024-11-24T08:46:07.450+0000] {dagbag.py:588} INFO - Filling up the DagBag from /home/airflow/.local/lib/python3.12/site-packages/airflow/example_dags/example_skip_dag.py
[2024-11-24T08:46:07.458+0000] {processor.py:925} INFO - DAG(s) 'example_skip_dag' retrieved from /home/airflow/.local/lib/python3.12/site-packages/airflow/example_dags/example_skip_dag.py
[2024-11-24T08:46:07.491+0000] {logging_mixin.py:190} INFO - [2024-11-24T08:46:07.491+0000] {dag.py:3239} INFO - Sync 1 DAGs
[2024-11-24T08:46:07.524+0000] {logging_mixin.py:190} INFO - [2024-11-24T08:46:07.523+0000] {dag.py:4180} INFO - Setting next_dagrun for example_skip_dag to 2024-11-23 00:00:00+00:00, run_after=2024-11-24 00:00:00+00:00
[2024-11-24T08:46:07.550+0000] {processor.py:208} INFO - Processing /home/airflow/.local/lib/python3.12/site-packages/airflow/example_dags/example_skip_dag.py took 0.110 seconds
[2024-11-24T08:46:39.737+0000] {processor.py:186} INFO - Started process (PID=2420) to work on /home/airflow/.local/lib/python3.12/site-packages/airflow/example_dags/example_skip_dag.py
[2024-11-24T08:46:39.738+0000] {processor.py:914} INFO - Processing file /home/airflow/.local/lib/python3.12/site-packages/airflow/example_dags/example_skip_dag.py for tasks to queue
[2024-11-24T08:46:39.742+0000] {logging_mixin.py:190} INFO - [2024-11-24T08:46:39.742+0000] {dagbag.py:588} INFO - Filling up the DagBag from /home/airflow/.local/lib/python3.12/site-packages/airflow/example_dags/example_skip_dag.py
[2024-11-24T08:46:39.754+0000] {processor.py:925} INFO - DAG(s) 'example_skip_dag' retrieved from /home/airflow/.local/lib/python3.12/site-packages/airflow/example_dags/example_skip_dag.py
[2024-11-24T08:46:39.787+0000] {logging_mixin.py:190} INFO - [2024-11-24T08:46:39.787+0000] {dag.py:3239} INFO - Sync 1 DAGs
[2024-11-24T08:46:39.820+0000] {logging_mixin.py:190} INFO - [2024-11-24T08:46:39.820+0000] {dag.py:4180} INFO - Setting next_dagrun for example_skip_dag to 2024-11-23 00:00:00+00:00, run_after=2024-11-24 00:00:00+00:00
[2024-11-24T08:46:39.849+0000] {processor.py:208} INFO - Processing /home/airflow/.local/lib/python3.12/site-packages/airflow/example_dags/example_skip_dag.py took 0.124 seconds
[2024-11-24T08:47:11.352+0000] {processor.py:186} INFO - Started process (PID=2711) to work on /home/airflow/.local/lib/python3.12/site-packages/airflow/example_dags/example_skip_dag.py
[2024-11-24T08:47:11.354+0000] {processor.py:914} INFO - Processing file /home/airflow/.local/lib/python3.12/site-packages/airflow/example_dags/example_skip_dag.py for tasks to queue
[2024-11-24T08:47:11.357+0000] {logging_mixin.py:190} INFO - [2024-11-24T08:47:11.357+0000] {dagbag.py:588} INFO - Filling up the DagBag from /home/airflow/.local/lib/python3.12/site-packages/airflow/example_dags/example_skip_dag.py
[2024-11-24T08:47:11.368+0000] {processor.py:925} INFO - DAG(s) 'example_skip_dag' retrieved from /home/airflow/.local/lib/python3.12/site-packages/airflow/example_dags/example_skip_dag.py
[2024-11-24T08:47:11.401+0000] {logging_mixin.py:190} INFO - [2024-11-24T08:47:11.400+0000] {dag.py:3239} INFO - Sync 1 DAGs
[2024-11-24T08:47:11.433+0000] {logging_mixin.py:190} INFO - [2024-11-24T08:47:11.433+0000] {dag.py:4180} INFO - Setting next_dagrun for example_skip_dag to 2024-11-23 00:00:00+00:00, run_after=2024-11-24 00:00:00+00:00
[2024-11-24T08:47:11.461+0000] {processor.py:208} INFO - Processing /home/airflow/.local/lib/python3.12/site-packages/airflow/example_dags/example_skip_dag.py took 0.118 seconds
[2024-11-24T08:47:43.370+0000] {processor.py:186} INFO - Started process (PID=3002) to work on /home/airflow/.local/lib/python3.12/site-packages/airflow/example_dags/example_skip_dag.py
[2024-11-24T08:47:43.371+0000] {processor.py:914} INFO - Processing file /home/airflow/.local/lib/python3.12/site-packages/airflow/example_dags/example_skip_dag.py for tasks to queue
[2024-11-24T08:47:43.375+0000] {logging_mixin.py:190} INFO - [2024-11-24T08:47:43.375+0000] {dagbag.py:588} INFO - Filling up the DagBag from /home/airflow/.local/lib/python3.12/site-packages/airflow/example_dags/example_skip_dag.py
[2024-11-24T08:47:43.390+0000] {processor.py:925} INFO - DAG(s) 'example_skip_dag' retrieved from /home/airflow/.local/lib/python3.12/site-packages/airflow/example_dags/example_skip_dag.py
[2024-11-24T08:47:43.427+0000] {logging_mixin.py:190} INFO - [2024-11-24T08:47:43.427+0000] {dag.py:3239} INFO - Sync 1 DAGs
[2024-11-24T08:47:43.469+0000] {logging_mixin.py:190} INFO - [2024-11-24T08:47:43.469+0000] {dag.py:4180} INFO - Setting next_dagrun for example_skip_dag to 2024-11-23 00:00:00+00:00, run_after=2024-11-24 00:00:00+00:00
[2024-11-24T08:47:43.496+0000] {processor.py:208} INFO - Processing /home/airflow/.local/lib/python3.12/site-packages/airflow/example_dags/example_skip_dag.py took 0.138 seconds
[2024-11-24T08:48:14.580+0000] {processor.py:186} INFO - Started process (PID=3293) to work on /home/airflow/.local/lib/python3.12/site-packages/airflow/example_dags/example_skip_dag.py
[2024-11-24T08:48:14.582+0000] {processor.py:914} INFO - Processing file /home/airflow/.local/lib/python3.12/site-packages/airflow/example_dags/example_skip_dag.py for tasks to queue
[2024-11-24T08:48:14.585+0000] {logging_mixin.py:190} INFO - [2024-11-24T08:48:14.585+0000] {dagbag.py:588} INFO - Filling up the DagBag from /home/airflow/.local/lib/python3.12/site-packages/airflow/example_dags/example_skip_dag.py
[2024-11-24T08:48:14.599+0000] {processor.py:925} INFO - DAG(s) 'example_skip_dag' retrieved from /home/airflow/.local/lib/python3.12/site-packages/airflow/example_dags/example_skip_dag.py
[2024-11-24T08:48:14.637+0000] {logging_mixin.py:190} INFO - [2024-11-24T08:48:14.636+0000] {dag.py:3239} INFO - Sync 1 DAGs
[2024-11-24T08:48:14.685+0000] {logging_mixin.py:190} INFO - [2024-11-24T08:48:14.685+0000] {dag.py:4180} INFO - Setting next_dagrun for example_skip_dag to 2024-11-23 00:00:00+00:00, run_after=2024-11-24 00:00:00+00:00
[2024-11-24T08:48:14.714+0000] {processor.py:208} INFO - Processing /home/airflow/.local/lib/python3.12/site-packages/airflow/example_dags/example_skip_dag.py took 0.144 seconds
[2024-11-24T08:48:46.324+0000] {processor.py:186} INFO - Started process (PID=3584) to work on /home/airflow/.local/lib/python3.12/site-packages/airflow/example_dags/example_skip_dag.py
[2024-11-24T08:48:46.326+0000] {processor.py:914} INFO - Processing file /home/airflow/.local/lib/python3.12/site-packages/airflow/example_dags/example_skip_dag.py for tasks to queue
[2024-11-24T08:48:46.331+0000] {logging_mixin.py:190} INFO - [2024-11-24T08:48:46.330+0000] {dagbag.py:588} INFO - Filling up the DagBag from /home/airflow/.local/lib/python3.12/site-packages/airflow/example_dags/example_skip_dag.py
[2024-11-24T08:48:46.344+0000] {processor.py:925} INFO - DAG(s) 'example_skip_dag' retrieved from /home/airflow/.local/lib/python3.12/site-packages/airflow/example_dags/example_skip_dag.py
[2024-11-24T08:48:46.380+0000] {logging_mixin.py:190} INFO - [2024-11-24T08:48:46.380+0000] {dag.py:3239} INFO - Sync 1 DAGs
[2024-11-24T08:48:46.421+0000] {logging_mixin.py:190} INFO - [2024-11-24T08:48:46.421+0000] {dag.py:4180} INFO - Setting next_dagrun for example_skip_dag to 2024-11-23 00:00:00+00:00, run_after=2024-11-24 00:00:00+00:00
[2024-11-24T08:48:46.458+0000] {processor.py:208} INFO - Processing /home/airflow/.local/lib/python3.12/site-packages/airflow/example_dags/example_skip_dag.py took 0.144 seconds
[2024-11-24T08:49:17.761+0000] {processor.py:186} INFO - Started process (PID=3875) to work on /home/airflow/.local/lib/python3.12/site-packages/airflow/example_dags/example_skip_dag.py
[2024-11-24T08:49:17.763+0000] {processor.py:914} INFO - Processing file /home/airflow/.local/lib/python3.12/site-packages/airflow/example_dags/example_skip_dag.py for tasks to queue
[2024-11-24T08:49:17.770+0000] {logging_mixin.py:190} INFO - [2024-11-24T08:49:17.769+0000] {dagbag.py:588} INFO - Filling up the DagBag from /home/airflow/.local/lib/python3.12/site-packages/airflow/example_dags/example_skip_dag.py
[2024-11-24T08:49:17.785+0000] {processor.py:925} INFO - DAG(s) 'example_skip_dag' retrieved from /home/airflow/.local/lib/python3.12/site-packages/airflow/example_dags/example_skip_dag.py
[2024-11-24T08:49:17.825+0000] {logging_mixin.py:190} INFO - [2024-11-24T08:49:17.825+0000] {dag.py:3239} INFO - Sync 1 DAGs
[2024-11-24T08:49:17.873+0000] {logging_mixin.py:190} INFO - [2024-11-24T08:49:17.873+0000] {dag.py:4180} INFO - Setting next_dagrun for example_skip_dag to 2024-11-23 00:00:00+00:00, run_after=2024-11-24 00:00:00+00:00
[2024-11-24T08:49:17.905+0000] {processor.py:208} INFO - Processing /home/airflow/.local/lib/python3.12/site-packages/airflow/example_dags/example_skip_dag.py took 0.156 seconds
[2024-11-24T08:49:49.706+0000] {processor.py:186} INFO - Started process (PID=4168) to work on /home/airflow/.local/lib/python3.12/site-packages/airflow/example_dags/example_skip_dag.py
[2024-11-24T08:49:49.708+0000] {processor.py:914} INFO - Processing file /home/airflow/.local/lib/python3.12/site-packages/airflow/example_dags/example_skip_dag.py for tasks to queue
[2024-11-24T08:49:49.712+0000] {logging_mixin.py:190} INFO - [2024-11-24T08:49:49.712+0000] {dagbag.py:588} INFO - Filling up the DagBag from /home/airflow/.local/lib/python3.12/site-packages/airflow/example_dags/example_skip_dag.py
[2024-11-24T08:49:49.727+0000] {processor.py:925} INFO - DAG(s) 'example_skip_dag' retrieved from /home/airflow/.local/lib/python3.12/site-packages/airflow/example_dags/example_skip_dag.py
[2024-11-24T08:49:49.759+0000] {logging_mixin.py:190} INFO - [2024-11-24T08:49:49.759+0000] {dag.py:3239} INFO - Sync 1 DAGs
[2024-11-24T08:49:49.802+0000] {logging_mixin.py:190} INFO - [2024-11-24T08:49:49.801+0000] {dag.py:4180} INFO - Setting next_dagrun for example_skip_dag to 2024-11-23 00:00:00+00:00, run_after=2024-11-24 00:00:00+00:00
[2024-11-24T08:49:49.840+0000] {processor.py:208} INFO - Processing /home/airflow/.local/lib/python3.12/site-packages/airflow/example_dags/example_skip_dag.py took 0.145 seconds
[2024-11-24T08:50:24.774+0000] {processor.py:186} INFO - Started process (PID=4468) to work on /home/airflow/.local/lib/python3.12/site-packages/airflow/example_dags/example_skip_dag.py
[2024-11-24T08:50:24.776+0000] {processor.py:914} INFO - Processing file /home/airflow/.local/lib/python3.12/site-packages/airflow/example_dags/example_skip_dag.py for tasks to queue
[2024-11-24T08:50:24.781+0000] {logging_mixin.py:190} INFO - [2024-11-24T08:50:24.780+0000] {dagbag.py:588} INFO - Filling up the DagBag from /home/airflow/.local/lib/python3.12/site-packages/airflow/example_dags/example_skip_dag.py
[2024-11-24T08:50:24.801+0000] {processor.py:925} INFO - DAG(s) 'example_skip_dag' retrieved from /home/airflow/.local/lib/python3.12/site-packages/airflow/example_dags/example_skip_dag.py
[2024-11-24T08:50:24.851+0000] {logging_mixin.py:190} INFO - [2024-11-24T08:50:24.850+0000] {dag.py:3239} INFO - Sync 1 DAGs
[2024-11-24T08:50:24.914+0000] {logging_mixin.py:190} INFO - [2024-11-24T08:50:24.913+0000] {dag.py:4180} INFO - Setting next_dagrun for example_skip_dag to 2024-11-23 00:00:00+00:00, run_after=2024-11-24 00:00:00+00:00
[2024-11-24T08:50:24.951+0000] {processor.py:208} INFO - Processing /home/airflow/.local/lib/python3.12/site-packages/airflow/example_dags/example_skip_dag.py took 0.190 seconds
[2024-11-24T08:51:01.266+0000] {processor.py:186} INFO - Started process (PID=4759) to work on /home/airflow/.local/lib/python3.12/site-packages/airflow/example_dags/example_skip_dag.py
[2024-11-24T08:51:01.270+0000] {processor.py:914} INFO - Processing file /home/airflow/.local/lib/python3.12/site-packages/airflow/example_dags/example_skip_dag.py for tasks to queue
[2024-11-24T08:51:01.297+0000] {logging_mixin.py:190} INFO - [2024-11-24T08:51:01.296+0000] {dagbag.py:588} INFO - Filling up the DagBag from /home/airflow/.local/lib/python3.12/site-packages/airflow/example_dags/example_skip_dag.py
[2024-11-24T08:51:01.338+0000] {processor.py:925} INFO - DAG(s) 'example_skip_dag' retrieved from /home/airflow/.local/lib/python3.12/site-packages/airflow/example_dags/example_skip_dag.py
[2024-11-24T08:51:01.483+0000] {logging_mixin.py:190} INFO - [2024-11-24T08:51:01.483+0000] {dag.py:3239} INFO - Sync 1 DAGs
[2024-11-24T08:51:01.562+0000] {logging_mixin.py:190} INFO - [2024-11-24T08:51:01.561+0000] {dag.py:4180} INFO - Setting next_dagrun for example_skip_dag to 2024-11-23 00:00:00+00:00, run_after=2024-11-24 00:00:00+00:00
[2024-11-24T08:51:01.617+0000] {processor.py:208} INFO - Processing /home/airflow/.local/lib/python3.12/site-packages/airflow/example_dags/example_skip_dag.py took 0.375 seconds
[2024-11-24T08:51:32.274+0000] {processor.py:186} INFO - Started process (PID=5049) to work on /home/airflow/.local/lib/python3.12/site-packages/airflow/example_dags/example_skip_dag.py
[2024-11-24T08:51:32.276+0000] {processor.py:914} INFO - Processing file /home/airflow/.local/lib/python3.12/site-packages/airflow/example_dags/example_skip_dag.py for tasks to queue
[2024-11-24T08:51:32.279+0000] {logging_mixin.py:190} INFO - [2024-11-24T08:51:32.278+0000] {dagbag.py:588} INFO - Filling up the DagBag from /home/airflow/.local/lib/python3.12/site-packages/airflow/example_dags/example_skip_dag.py
[2024-11-24T08:51:32.289+0000] {processor.py:925} INFO - DAG(s) 'example_skip_dag' retrieved from /home/airflow/.local/lib/python3.12/site-packages/airflow/example_dags/example_skip_dag.py
[2024-11-24T08:51:32.319+0000] {logging_mixin.py:190} INFO - [2024-11-24T08:51:32.319+0000] {dag.py:3239} INFO - Sync 1 DAGs
[2024-11-24T08:51:32.350+0000] {logging_mixin.py:190} INFO - [2024-11-24T08:51:32.350+0000] {dag.py:4180} INFO - Setting next_dagrun for example_skip_dag to 2024-11-23 00:00:00+00:00, run_after=2024-11-24 00:00:00+00:00
[2024-11-24T08:51:32.379+0000] {processor.py:208} INFO - Processing /home/airflow/.local/lib/python3.12/site-packages/airflow/example_dags/example_skip_dag.py took 0.115 seconds
[2024-11-24T08:52:02.533+0000] {processor.py:186} INFO - Started process (PID=5337) to work on /home/airflow/.local/lib/python3.12/site-packages/airflow/example_dags/example_skip_dag.py
[2024-11-24T08:52:02.534+0000] {processor.py:914} INFO - Processing file /home/airflow/.local/lib/python3.12/site-packages/airflow/example_dags/example_skip_dag.py for tasks to queue
[2024-11-24T08:52:02.537+0000] {logging_mixin.py:190} INFO - [2024-11-24T08:52:02.537+0000] {dagbag.py:588} INFO - Filling up the DagBag from /home/airflow/.local/lib/python3.12/site-packages/airflow/example_dags/example_skip_dag.py
[2024-11-24T08:52:02.547+0000] {processor.py:925} INFO - DAG(s) 'example_skip_dag' retrieved from /home/airflow/.local/lib/python3.12/site-packages/airflow/example_dags/example_skip_dag.py
[2024-11-24T08:52:02.576+0000] {logging_mixin.py:190} INFO - [2024-11-24T08:52:02.575+0000] {dag.py:3239} INFO - Sync 1 DAGs
[2024-11-24T08:52:02.598+0000] {logging_mixin.py:190} INFO - [2024-11-24T08:52:02.598+0000] {dag.py:4180} INFO - Setting next_dagrun for example_skip_dag to 2024-11-23 00:00:00+00:00, run_after=2024-11-24 00:00:00+00:00
[2024-11-24T08:52:02.616+0000] {processor.py:208} INFO - Processing /home/airflow/.local/lib/python3.12/site-packages/airflow/example_dags/example_skip_dag.py took 0.090 seconds
