[2024-11-24T08:42:50.886+0000] {processor.py:186} INFO - Started process (PID=212) to work on /home/airflow/.local/lib/python3.12/site-packages/airflow/example_dags/example_trigger_target_dag.py
[2024-11-24T08:42:50.888+0000] {processor.py:914} INFO - Processing file /home/airflow/.local/lib/python3.12/site-packages/airflow/example_dags/example_trigger_target_dag.py for tasks to queue
[2024-11-24T08:42:50.891+0000] {logging_mixin.py:190} INFO - [2024-11-24T08:42:50.890+0000] {dagbag.py:588} INFO - Filling up the DagBag from /home/airflow/.local/lib/python3.12/site-packages/airflow/example_dags/example_trigger_target_dag.py
[2024-11-24T08:42:50.901+0000] {processor.py:925} INFO - DAG(s) 'example_trigger_target_dag' retrieved from /home/airflow/.local/lib/python3.12/site-packages/airflow/example_dags/example_trigger_target_dag.py
[2024-11-24T08:42:51.065+0000] {logging_mixin.py:190} INFO - [2024-11-24T08:42:51.064+0000] {override.py:1911} INFO - Created Permission View: can read on DAG:example_trigger_target_dag
[2024-11-24T08:42:51.084+0000] {logging_mixin.py:190} INFO - [2024-11-24T08:42:51.083+0000] {override.py:1911} INFO - Created Permission View: can edit on DAG:example_trigger_target_dag
[2024-11-24T08:42:51.093+0000] {logging_mixin.py:190} INFO - [2024-11-24T08:42:51.092+0000] {override.py:1911} INFO - Created Permission View: can delete on DAG:example_trigger_target_dag
[2024-11-24T08:42:51.102+0000] {logging_mixin.py:190} INFO - [2024-11-24T08:42:51.102+0000] {override.py:1911} INFO - Created Permission View: can read on DAG Run:example_trigger_target_dag
[2024-11-24T08:42:51.110+0000] {logging_mixin.py:190} INFO - [2024-11-24T08:42:51.109+0000] {override.py:1911} INFO - Created Permission View: can delete on DAG Run:example_trigger_target_dag
[2024-11-24T08:42:51.117+0000] {logging_mixin.py:190} INFO - [2024-11-24T08:42:51.117+0000] {override.py:1911} INFO - Created Permission View: can create on DAG Run:example_trigger_target_dag
[2024-11-24T08:42:51.124+0000] {logging_mixin.py:190} INFO - [2024-11-24T08:42:51.124+0000] {override.py:1911} INFO - Created Permission View: menu access on DAG Run:example_trigger_target_dag
[2024-11-24T08:42:51.125+0000] {logging_mixin.py:190} INFO - [2024-11-24T08:42:51.125+0000] {dag.py:3239} INFO - Sync 1 DAGs
[2024-11-24T08:42:51.138+0000] {logging_mixin.py:190} INFO - [2024-11-24T08:42:51.138+0000] {dag.py:3262} INFO - Creating ORM DAG for example_trigger_target_dag
[2024-11-24T08:42:51.139+0000] {logging_mixin.py:190} INFO - [2024-11-24T08:42:51.139+0000] {dag.py:4180} INFO - Setting next_dagrun for example_trigger_target_dag to None, run_after=None
[2024-11-24T08:42:51.156+0000] {processor.py:208} INFO - Processing /home/airflow/.local/lib/python3.12/site-packages/airflow/example_dags/example_trigger_target_dag.py took 0.279 seconds
[2024-11-24T08:43:22.067+0000] {processor.py:186} INFO - Started process (PID=509) to work on /home/airflow/.local/lib/python3.12/site-packages/airflow/example_dags/example_trigger_target_dag.py
[2024-11-24T08:43:22.069+0000] {processor.py:914} INFO - Processing file /home/airflow/.local/lib/python3.12/site-packages/airflow/example_dags/example_trigger_target_dag.py for tasks to queue
[2024-11-24T08:43:22.076+0000] {logging_mixin.py:190} INFO - [2024-11-24T08:43:22.074+0000] {dagbag.py:588} INFO - Filling up the DagBag from /home/airflow/.local/lib/python3.12/site-packages/airflow/example_dags/example_trigger_target_dag.py
[2024-11-24T08:43:22.107+0000] {processor.py:925} INFO - DAG(s) 'example_trigger_target_dag' retrieved from /home/airflow/.local/lib/python3.12/site-packages/airflow/example_dags/example_trigger_target_dag.py
[2024-11-24T08:43:22.154+0000] {logging_mixin.py:190} INFO - [2024-11-24T08:43:22.153+0000] {dag.py:3239} INFO - Sync 1 DAGs
[2024-11-24T08:43:22.210+0000] {logging_mixin.py:190} INFO - [2024-11-24T08:43:22.209+0000] {dag.py:4180} INFO - Setting next_dagrun for example_trigger_target_dag to None, run_after=None
[2024-11-24T08:43:22.269+0000] {processor.py:208} INFO - Processing /home/airflow/.local/lib/python3.12/site-packages/airflow/example_dags/example_trigger_target_dag.py took 0.223 seconds
[2024-11-24T08:43:52.552+0000] {processor.py:186} INFO - Started process (PID=800) to work on /home/airflow/.local/lib/python3.12/site-packages/airflow/example_dags/example_trigger_target_dag.py
[2024-11-24T08:43:52.554+0000] {processor.py:914} INFO - Processing file /home/airflow/.local/lib/python3.12/site-packages/airflow/example_dags/example_trigger_target_dag.py for tasks to queue
[2024-11-24T08:43:52.556+0000] {logging_mixin.py:190} INFO - [2024-11-24T08:43:52.556+0000] {dagbag.py:588} INFO - Filling up the DagBag from /home/airflow/.local/lib/python3.12/site-packages/airflow/example_dags/example_trigger_target_dag.py
[2024-11-24T08:43:52.565+0000] {processor.py:925} INFO - DAG(s) 'example_trigger_target_dag' retrieved from /home/airflow/.local/lib/python3.12/site-packages/airflow/example_dags/example_trigger_target_dag.py
[2024-11-24T08:43:52.582+0000] {logging_mixin.py:190} INFO - [2024-11-24T08:43:52.582+0000] {dag.py:3239} INFO - Sync 1 DAGs
[2024-11-24T08:43:52.597+0000] {logging_mixin.py:190} INFO - [2024-11-24T08:43:52.597+0000] {dag.py:4180} INFO - Setting next_dagrun for example_trigger_target_dag to None, run_after=None
[2024-11-24T08:43:52.614+0000] {processor.py:208} INFO - Processing /home/airflow/.local/lib/python3.12/site-packages/airflow/example_dags/example_trigger_target_dag.py took 0.068 seconds
[2024-11-24T08:44:23.209+0000] {processor.py:186} INFO - Started process (PID=1091) to work on /home/airflow/.local/lib/python3.12/site-packages/airflow/example_dags/example_trigger_target_dag.py
[2024-11-24T08:44:23.210+0000] {processor.py:914} INFO - Processing file /home/airflow/.local/lib/python3.12/site-packages/airflow/example_dags/example_trigger_target_dag.py for tasks to queue
[2024-11-24T08:44:23.212+0000] {logging_mixin.py:190} INFO - [2024-11-24T08:44:23.212+0000] {dagbag.py:588} INFO - Filling up the DagBag from /home/airflow/.local/lib/python3.12/site-packages/airflow/example_dags/example_trigger_target_dag.py
[2024-11-24T08:44:23.222+0000] {processor.py:925} INFO - DAG(s) 'example_trigger_target_dag' retrieved from /home/airflow/.local/lib/python3.12/site-packages/airflow/example_dags/example_trigger_target_dag.py
[2024-11-24T08:44:23.249+0000] {logging_mixin.py:190} INFO - [2024-11-24T08:44:23.248+0000] {dag.py:3239} INFO - Sync 1 DAGs
[2024-11-24T08:44:23.262+0000] {logging_mixin.py:190} INFO - [2024-11-24T08:44:23.261+0000] {dag.py:4180} INFO - Setting next_dagrun for example_trigger_target_dag to None, run_after=None
[2024-11-24T08:44:23.281+0000] {processor.py:208} INFO - Processing /home/airflow/.local/lib/python3.12/site-packages/airflow/example_dags/example_trigger_target_dag.py took 0.078 seconds
[2024-11-24T08:44:53.952+0000] {processor.py:186} INFO - Started process (PID=1382) to work on /home/airflow/.local/lib/python3.12/site-packages/airflow/example_dags/example_trigger_target_dag.py
[2024-11-24T08:44:53.953+0000] {processor.py:914} INFO - Processing file /home/airflow/.local/lib/python3.12/site-packages/airflow/example_dags/example_trigger_target_dag.py for tasks to queue
[2024-11-24T08:44:53.956+0000] {logging_mixin.py:190} INFO - [2024-11-24T08:44:53.955+0000] {dagbag.py:588} INFO - Filling up the DagBag from /home/airflow/.local/lib/python3.12/site-packages/airflow/example_dags/example_trigger_target_dag.py
[2024-11-24T08:44:53.963+0000] {processor.py:925} INFO - DAG(s) 'example_trigger_target_dag' retrieved from /home/airflow/.local/lib/python3.12/site-packages/airflow/example_dags/example_trigger_target_dag.py
[2024-11-24T08:44:53.983+0000] {logging_mixin.py:190} INFO - [2024-11-24T08:44:53.982+0000] {dag.py:3239} INFO - Sync 1 DAGs
[2024-11-24T08:44:54.000+0000] {logging_mixin.py:190} INFO - [2024-11-24T08:44:54.000+0000] {dag.py:4180} INFO - Setting next_dagrun for example_trigger_target_dag to None, run_after=None
[2024-11-24T08:44:54.019+0000] {processor.py:208} INFO - Processing /home/airflow/.local/lib/python3.12/site-packages/airflow/example_dags/example_trigger_target_dag.py took 0.073 seconds
[2024-11-24T08:45:24.214+0000] {processor.py:186} INFO - Started process (PID=1673) to work on /home/airflow/.local/lib/python3.12/site-packages/airflow/example_dags/example_trigger_target_dag.py
[2024-11-24T08:45:24.216+0000] {processor.py:914} INFO - Processing file /home/airflow/.local/lib/python3.12/site-packages/airflow/example_dags/example_trigger_target_dag.py for tasks to queue
[2024-11-24T08:45:24.219+0000] {logging_mixin.py:190} INFO - [2024-11-24T08:45:24.218+0000] {dagbag.py:588} INFO - Filling up the DagBag from /home/airflow/.local/lib/python3.12/site-packages/airflow/example_dags/example_trigger_target_dag.py
[2024-11-24T08:45:24.227+0000] {processor.py:925} INFO - DAG(s) 'example_trigger_target_dag' retrieved from /home/airflow/.local/lib/python3.12/site-packages/airflow/example_dags/example_trigger_target_dag.py
[2024-11-24T08:45:24.249+0000] {logging_mixin.py:190} INFO - [2024-11-24T08:45:24.248+0000] {dag.py:3239} INFO - Sync 1 DAGs
[2024-11-24T08:45:24.266+0000] {logging_mixin.py:190} INFO - [2024-11-24T08:45:24.265+0000] {dag.py:4180} INFO - Setting next_dagrun for example_trigger_target_dag to None, run_after=None
[2024-11-24T08:45:24.292+0000] {processor.py:208} INFO - Processing /home/airflow/.local/lib/python3.12/site-packages/airflow/example_dags/example_trigger_target_dag.py took 0.084 seconds
[2024-11-24T08:45:54.593+0000] {processor.py:186} INFO - Started process (PID=1964) to work on /home/airflow/.local/lib/python3.12/site-packages/airflow/example_dags/example_trigger_target_dag.py
[2024-11-24T08:45:54.595+0000] {processor.py:914} INFO - Processing file /home/airflow/.local/lib/python3.12/site-packages/airflow/example_dags/example_trigger_target_dag.py for tasks to queue
[2024-11-24T08:45:54.598+0000] {logging_mixin.py:190} INFO - [2024-11-24T08:45:54.598+0000] {dagbag.py:588} INFO - Filling up the DagBag from /home/airflow/.local/lib/python3.12/site-packages/airflow/example_dags/example_trigger_target_dag.py
[2024-11-24T08:45:54.607+0000] {processor.py:925} INFO - DAG(s) 'example_trigger_target_dag' retrieved from /home/airflow/.local/lib/python3.12/site-packages/airflow/example_dags/example_trigger_target_dag.py
[2024-11-24T08:45:54.628+0000] {logging_mixin.py:190} INFO - [2024-11-24T08:45:54.627+0000] {dag.py:3239} INFO - Sync 1 DAGs
[2024-11-24T08:45:54.645+0000] {logging_mixin.py:190} INFO - [2024-11-24T08:45:54.645+0000] {dag.py:4180} INFO - Setting next_dagrun for example_trigger_target_dag to None, run_after=None
[2024-11-24T08:45:54.671+0000] {processor.py:208} INFO - Processing /home/airflow/.local/lib/python3.12/site-packages/airflow/example_dags/example_trigger_target_dag.py took 0.084 seconds
[2024-11-24T08:46:24.753+0000] {processor.py:186} INFO - Started process (PID=2255) to work on /home/airflow/.local/lib/python3.12/site-packages/airflow/example_dags/example_trigger_target_dag.py
[2024-11-24T08:46:24.755+0000] {processor.py:914} INFO - Processing file /home/airflow/.local/lib/python3.12/site-packages/airflow/example_dags/example_trigger_target_dag.py for tasks to queue
[2024-11-24T08:46:24.757+0000] {logging_mixin.py:190} INFO - [2024-11-24T08:46:24.757+0000] {dagbag.py:588} INFO - Filling up the DagBag from /home/airflow/.local/lib/python3.12/site-packages/airflow/example_dags/example_trigger_target_dag.py
[2024-11-24T08:46:24.770+0000] {processor.py:925} INFO - DAG(s) 'example_trigger_target_dag' retrieved from /home/airflow/.local/lib/python3.12/site-packages/airflow/example_dags/example_trigger_target_dag.py
[2024-11-24T08:46:24.787+0000] {logging_mixin.py:190} INFO - [2024-11-24T08:46:24.787+0000] {dag.py:3239} INFO - Sync 1 DAGs
[2024-11-24T08:46:24.800+0000] {logging_mixin.py:190} INFO - [2024-11-24T08:46:24.800+0000] {dag.py:4180} INFO - Setting next_dagrun for example_trigger_target_dag to None, run_after=None
[2024-11-24T08:46:24.818+0000] {processor.py:208} INFO - Processing /home/airflow/.local/lib/python3.12/site-packages/airflow/example_dags/example_trigger_target_dag.py took 0.071 seconds
[2024-11-24T08:46:55.763+0000] {processor.py:186} INFO - Started process (PID=2546) to work on /home/airflow/.local/lib/python3.12/site-packages/airflow/example_dags/example_trigger_target_dag.py
[2024-11-24T08:46:55.764+0000] {processor.py:914} INFO - Processing file /home/airflow/.local/lib/python3.12/site-packages/airflow/example_dags/example_trigger_target_dag.py for tasks to queue
[2024-11-24T08:46:55.769+0000] {logging_mixin.py:190} INFO - [2024-11-24T08:46:55.768+0000] {dagbag.py:588} INFO - Filling up the DagBag from /home/airflow/.local/lib/python3.12/site-packages/airflow/example_dags/example_trigger_target_dag.py
[2024-11-24T08:46:55.778+0000] {processor.py:925} INFO - DAG(s) 'example_trigger_target_dag' retrieved from /home/airflow/.local/lib/python3.12/site-packages/airflow/example_dags/example_trigger_target_dag.py
[2024-11-24T08:46:55.808+0000] {logging_mixin.py:190} INFO - [2024-11-24T08:46:55.807+0000] {dag.py:3239} INFO - Sync 1 DAGs
[2024-11-24T08:46:55.830+0000] {logging_mixin.py:190} INFO - [2024-11-24T08:46:55.829+0000] {dag.py:4180} INFO - Setting next_dagrun for example_trigger_target_dag to None, run_after=None
[2024-11-24T08:46:55.863+0000] {processor.py:208} INFO - Processing /home/airflow/.local/lib/python3.12/site-packages/airflow/example_dags/example_trigger_target_dag.py took 0.107 seconds
[2024-11-24T08:47:26.000+0000] {processor.py:186} INFO - Started process (PID=2839) to work on /home/airflow/.local/lib/python3.12/site-packages/airflow/example_dags/example_trigger_target_dag.py
[2024-11-24T08:47:26.002+0000] {processor.py:914} INFO - Processing file /home/airflow/.local/lib/python3.12/site-packages/airflow/example_dags/example_trigger_target_dag.py for tasks to queue
[2024-11-24T08:47:26.004+0000] {logging_mixin.py:190} INFO - [2024-11-24T08:47:26.004+0000] {dagbag.py:588} INFO - Filling up the DagBag from /home/airflow/.local/lib/python3.12/site-packages/airflow/example_dags/example_trigger_target_dag.py
[2024-11-24T08:47:26.012+0000] {processor.py:925} INFO - DAG(s) 'example_trigger_target_dag' retrieved from /home/airflow/.local/lib/python3.12/site-packages/airflow/example_dags/example_trigger_target_dag.py
[2024-11-24T08:47:26.041+0000] {logging_mixin.py:190} INFO - [2024-11-24T08:47:26.040+0000] {dag.py:3239} INFO - Sync 1 DAGs
[2024-11-24T08:47:26.068+0000] {logging_mixin.py:190} INFO - [2024-11-24T08:47:26.068+0000] {dag.py:4180} INFO - Setting next_dagrun for example_trigger_target_dag to None, run_after=None
[2024-11-24T08:47:26.102+0000] {processor.py:208} INFO - Processing /home/airflow/.local/lib/python3.12/site-packages/airflow/example_dags/example_trigger_target_dag.py took 0.109 seconds
[2024-11-24T08:47:57.245+0000] {processor.py:186} INFO - Started process (PID=3128) to work on /home/airflow/.local/lib/python3.12/site-packages/airflow/example_dags/example_trigger_target_dag.py
[2024-11-24T08:47:57.248+0000] {processor.py:914} INFO - Processing file /home/airflow/.local/lib/python3.12/site-packages/airflow/example_dags/example_trigger_target_dag.py for tasks to queue
[2024-11-24T08:47:57.253+0000] {logging_mixin.py:190} INFO - [2024-11-24T08:47:57.252+0000] {dagbag.py:588} INFO - Filling up the DagBag from /home/airflow/.local/lib/python3.12/site-packages/airflow/example_dags/example_trigger_target_dag.py
[2024-11-24T08:47:57.269+0000] {processor.py:925} INFO - DAG(s) 'example_trigger_target_dag' retrieved from /home/airflow/.local/lib/python3.12/site-packages/airflow/example_dags/example_trigger_target_dag.py
[2024-11-24T08:47:57.306+0000] {logging_mixin.py:190} INFO - [2024-11-24T08:47:57.305+0000] {dag.py:3239} INFO - Sync 1 DAGs
[2024-11-24T08:47:57.335+0000] {logging_mixin.py:190} INFO - [2024-11-24T08:47:57.334+0000] {dag.py:4180} INFO - Setting next_dagrun for example_trigger_target_dag to None, run_after=None
[2024-11-24T08:47:57.371+0000] {processor.py:208} INFO - Processing /home/airflow/.local/lib/python3.12/site-packages/airflow/example_dags/example_trigger_target_dag.py took 0.138 seconds
[2024-11-24T08:48:27.426+0000] {processor.py:186} INFO - Started process (PID=3419) to work on /home/airflow/.local/lib/python3.12/site-packages/airflow/example_dags/example_trigger_target_dag.py
[2024-11-24T08:48:27.428+0000] {processor.py:914} INFO - Processing file /home/airflow/.local/lib/python3.12/site-packages/airflow/example_dags/example_trigger_target_dag.py for tasks to queue
[2024-11-24T08:48:27.432+0000] {logging_mixin.py:190} INFO - [2024-11-24T08:48:27.431+0000] {dagbag.py:588} INFO - Filling up the DagBag from /home/airflow/.local/lib/python3.12/site-packages/airflow/example_dags/example_trigger_target_dag.py
[2024-11-24T08:48:27.445+0000] {processor.py:925} INFO - DAG(s) 'example_trigger_target_dag' retrieved from /home/airflow/.local/lib/python3.12/site-packages/airflow/example_dags/example_trigger_target_dag.py
[2024-11-24T08:48:27.472+0000] {logging_mixin.py:190} INFO - [2024-11-24T08:48:27.471+0000] {dag.py:3239} INFO - Sync 1 DAGs
[2024-11-24T08:48:27.494+0000] {logging_mixin.py:190} INFO - [2024-11-24T08:48:27.494+0000] {dag.py:4180} INFO - Setting next_dagrun for example_trigger_target_dag to None, run_after=None
[2024-11-24T08:48:27.523+0000] {processor.py:208} INFO - Processing /home/airflow/.local/lib/python3.12/site-packages/airflow/example_dags/example_trigger_target_dag.py took 0.105 seconds
[2024-11-24T08:48:58.013+0000] {processor.py:186} INFO - Started process (PID=3710) to work on /home/airflow/.local/lib/python3.12/site-packages/airflow/example_dags/example_trigger_target_dag.py
[2024-11-24T08:48:58.015+0000] {processor.py:914} INFO - Processing file /home/airflow/.local/lib/python3.12/site-packages/airflow/example_dags/example_trigger_target_dag.py for tasks to queue
[2024-11-24T08:48:58.019+0000] {logging_mixin.py:190} INFO - [2024-11-24T08:48:58.019+0000] {dagbag.py:588} INFO - Filling up the DagBag from /home/airflow/.local/lib/python3.12/site-packages/airflow/example_dags/example_trigger_target_dag.py
[2024-11-24T08:48:58.032+0000] {processor.py:925} INFO - DAG(s) 'example_trigger_target_dag' retrieved from /home/airflow/.local/lib/python3.12/site-packages/airflow/example_dags/example_trigger_target_dag.py
[2024-11-24T08:48:58.059+0000] {logging_mixin.py:190} INFO - [2024-11-24T08:48:58.059+0000] {dag.py:3239} INFO - Sync 1 DAGs
[2024-11-24T08:48:58.081+0000] {logging_mixin.py:190} INFO - [2024-11-24T08:48:58.081+0000] {dag.py:4180} INFO - Setting next_dagrun for example_trigger_target_dag to None, run_after=None
[2024-11-24T08:48:58.108+0000] {processor.py:208} INFO - Processing /home/airflow/.local/lib/python3.12/site-packages/airflow/example_dags/example_trigger_target_dag.py took 0.106 seconds
[2024-11-24T08:49:28.429+0000] {processor.py:186} INFO - Started process (PID=4001) to work on /home/airflow/.local/lib/python3.12/site-packages/airflow/example_dags/example_trigger_target_dag.py
[2024-11-24T08:49:28.430+0000] {processor.py:914} INFO - Processing file /home/airflow/.local/lib/python3.12/site-packages/airflow/example_dags/example_trigger_target_dag.py for tasks to queue
[2024-11-24T08:49:28.433+0000] {logging_mixin.py:190} INFO - [2024-11-24T08:49:28.432+0000] {dagbag.py:588} INFO - Filling up the DagBag from /home/airflow/.local/lib/python3.12/site-packages/airflow/example_dags/example_trigger_target_dag.py
[2024-11-24T08:49:28.445+0000] {processor.py:925} INFO - DAG(s) 'example_trigger_target_dag' retrieved from /home/airflow/.local/lib/python3.12/site-packages/airflow/example_dags/example_trigger_target_dag.py
[2024-11-24T08:49:28.473+0000] {logging_mixin.py:190} INFO - [2024-11-24T08:49:28.473+0000] {dag.py:3239} INFO - Sync 1 DAGs
[2024-11-24T08:49:28.493+0000] {logging_mixin.py:190} INFO - [2024-11-24T08:49:28.493+0000] {dag.py:4180} INFO - Setting next_dagrun for example_trigger_target_dag to None, run_after=None
[2024-11-24T08:49:28.520+0000] {processor.py:208} INFO - Processing /home/airflow/.local/lib/python3.12/site-packages/airflow/example_dags/example_trigger_target_dag.py took 0.100 seconds
[2024-11-24T08:49:58.620+0000] {processor.py:186} INFO - Started process (PID=4292) to work on /home/airflow/.local/lib/python3.12/site-packages/airflow/example_dags/example_trigger_target_dag.py
[2024-11-24T08:49:58.622+0000] {processor.py:914} INFO - Processing file /home/airflow/.local/lib/python3.12/site-packages/airflow/example_dags/example_trigger_target_dag.py for tasks to queue
[2024-11-24T08:49:58.627+0000] {logging_mixin.py:190} INFO - [2024-11-24T08:49:58.626+0000] {dagbag.py:588} INFO - Filling up the DagBag from /home/airflow/.local/lib/python3.12/site-packages/airflow/example_dags/example_trigger_target_dag.py
[2024-11-24T08:49:58.637+0000] {processor.py:925} INFO - DAG(s) 'example_trigger_target_dag' retrieved from /home/airflow/.local/lib/python3.12/site-packages/airflow/example_dags/example_trigger_target_dag.py
[2024-11-24T08:49:58.662+0000] {logging_mixin.py:190} INFO - [2024-11-24T08:49:58.662+0000] {dag.py:3239} INFO - Sync 1 DAGs
[2024-11-24T08:49:58.678+0000] {logging_mixin.py:190} INFO - [2024-11-24T08:49:58.678+0000] {dag.py:4180} INFO - Setting next_dagrun for example_trigger_target_dag to None, run_after=None
[2024-11-24T08:49:58.706+0000] {processor.py:208} INFO - Processing /home/airflow/.local/lib/python3.12/site-packages/airflow/example_dags/example_trigger_target_dag.py took 0.094 seconds
[2024-11-24T08:50:29.050+0000] {processor.py:186} INFO - Started process (PID=4583) to work on /home/airflow/.local/lib/python3.12/site-packages/airflow/example_dags/example_trigger_target_dag.py
[2024-11-24T08:50:29.053+0000] {processor.py:914} INFO - Processing file /home/airflow/.local/lib/python3.12/site-packages/airflow/example_dags/example_trigger_target_dag.py for tasks to queue
[2024-11-24T08:50:29.057+0000] {logging_mixin.py:190} INFO - [2024-11-24T08:50:29.057+0000] {dagbag.py:588} INFO - Filling up the DagBag from /home/airflow/.local/lib/python3.12/site-packages/airflow/example_dags/example_trigger_target_dag.py
[2024-11-24T08:50:29.069+0000] {processor.py:925} INFO - DAG(s) 'example_trigger_target_dag' retrieved from /home/airflow/.local/lib/python3.12/site-packages/airflow/example_dags/example_trigger_target_dag.py
[2024-11-24T08:50:29.099+0000] {logging_mixin.py:190} INFO - [2024-11-24T08:50:29.098+0000] {dag.py:3239} INFO - Sync 1 DAGs
[2024-11-24T08:50:29.123+0000] {logging_mixin.py:190} INFO - [2024-11-24T08:50:29.122+0000] {dag.py:4180} INFO - Setting next_dagrun for example_trigger_target_dag to None, run_after=None
[2024-11-24T08:50:29.158+0000] {processor.py:208} INFO - Processing /home/airflow/.local/lib/python3.12/site-packages/airflow/example_dags/example_trigger_target_dag.py took 0.123 seconds
[2024-11-24T08:51:03.246+0000] {processor.py:186} INFO - Started process (PID=4809) to work on /home/airflow/.local/lib/python3.12/site-packages/airflow/example_dags/example_trigger_target_dag.py
[2024-11-24T08:51:03.248+0000] {processor.py:914} INFO - Processing file /home/airflow/.local/lib/python3.12/site-packages/airflow/example_dags/example_trigger_target_dag.py for tasks to queue
[2024-11-24T08:51:03.261+0000] {logging_mixin.py:190} INFO - [2024-11-24T08:51:03.254+0000] {dagbag.py:588} INFO - Filling up the DagBag from /home/airflow/.local/lib/python3.12/site-packages/airflow/example_dags/example_trigger_target_dag.py
[2024-11-24T08:51:03.285+0000] {processor.py:925} INFO - DAG(s) 'example_trigger_target_dag' retrieved from /home/airflow/.local/lib/python3.12/site-packages/airflow/example_dags/example_trigger_target_dag.py
[2024-11-24T08:51:03.329+0000] {logging_mixin.py:190} INFO - [2024-11-24T08:51:03.328+0000] {dag.py:3239} INFO - Sync 1 DAGs
[2024-11-24T08:51:03.368+0000] {logging_mixin.py:190} INFO - [2024-11-24T08:51:03.367+0000] {dag.py:4180} INFO - Setting next_dagrun for example_trigger_target_dag to None, run_after=None
[2024-11-24T08:51:03.428+0000] {processor.py:208} INFO - Processing /home/airflow/.local/lib/python3.12/site-packages/airflow/example_dags/example_trigger_target_dag.py took 0.201 seconds
[2024-11-24T08:51:34.101+0000] {processor.py:186} INFO - Started process (PID=5099) to work on /home/airflow/.local/lib/python3.12/site-packages/airflow/example_dags/example_trigger_target_dag.py
[2024-11-24T08:51:34.107+0000] {processor.py:914} INFO - Processing file /home/airflow/.local/lib/python3.12/site-packages/airflow/example_dags/example_trigger_target_dag.py for tasks to queue
[2024-11-24T08:51:34.112+0000] {logging_mixin.py:190} INFO - [2024-11-24T08:51:34.111+0000] {dagbag.py:588} INFO - Filling up the DagBag from /home/airflow/.local/lib/python3.12/site-packages/airflow/example_dags/example_trigger_target_dag.py
[2024-11-24T08:51:34.127+0000] {processor.py:925} INFO - DAG(s) 'example_trigger_target_dag' retrieved from /home/airflow/.local/lib/python3.12/site-packages/airflow/example_dags/example_trigger_target_dag.py
[2024-11-24T08:51:34.161+0000] {logging_mixin.py:190} INFO - [2024-11-24T08:51:34.160+0000] {dag.py:3239} INFO - Sync 1 DAGs
[2024-11-24T08:51:34.189+0000] {logging_mixin.py:190} INFO - [2024-11-24T08:51:34.188+0000] {dag.py:4180} INFO - Setting next_dagrun for example_trigger_target_dag to None, run_after=None
[2024-11-24T08:51:34.221+0000] {processor.py:208} INFO - Processing /home/airflow/.local/lib/python3.12/site-packages/airflow/example_dags/example_trigger_target_dag.py took 0.131 seconds
[2024-11-24T08:52:04.641+0000] {processor.py:186} INFO - Started process (PID=5390) to work on /home/airflow/.local/lib/python3.12/site-packages/airflow/example_dags/example_trigger_target_dag.py
[2024-11-24T08:52:04.642+0000] {processor.py:914} INFO - Processing file /home/airflow/.local/lib/python3.12/site-packages/airflow/example_dags/example_trigger_target_dag.py for tasks to queue
[2024-11-24T08:52:04.644+0000] {logging_mixin.py:190} INFO - [2024-11-24T08:52:04.644+0000] {dagbag.py:588} INFO - Filling up the DagBag from /home/airflow/.local/lib/python3.12/site-packages/airflow/example_dags/example_trigger_target_dag.py
[2024-11-24T08:52:04.652+0000] {processor.py:925} INFO - DAG(s) 'example_trigger_target_dag' retrieved from /home/airflow/.local/lib/python3.12/site-packages/airflow/example_dags/example_trigger_target_dag.py
[2024-11-24T08:52:04.670+0000] {logging_mixin.py:190} INFO - [2024-11-24T08:52:04.670+0000] {dag.py:3239} INFO - Sync 1 DAGs
[2024-11-24T08:52:04.684+0000] {logging_mixin.py:190} INFO - [2024-11-24T08:52:04.683+0000] {dag.py:4180} INFO - Setting next_dagrun for example_trigger_target_dag to None, run_after=None
[2024-11-24T08:52:04.708+0000] {processor.py:208} INFO - Processing /home/airflow/.local/lib/python3.12/site-packages/airflow/example_dags/example_trigger_target_dag.py took 0.074 seconds
