[2024-11-24T08:42:57.348+0000] {processor.py:186} INFO - Started process (PID=288) to work on /home/airflow/.local/lib/python3.12/site-packages/airflow/example_dags/example_params_ui_tutorial.py
[2024-11-24T08:42:57.352+0000] {processor.py:914} INFO - Processing file /home/airflow/.local/lib/python3.12/site-packages/airflow/example_dags/example_params_ui_tutorial.py for tasks to queue
[2024-11-24T08:42:57.358+0000] {logging_mixin.py:190} INFO - [2024-11-24T08:42:57.357+0000] {dagbag.py:588} INFO - Filling up the DagBag from /home/airflow/.local/lib/python3.12/site-packages/airflow/example_dags/example_params_ui_tutorial.py
[2024-11-24T08:42:57.394+0000] {processor.py:925} INFO - DAG(s) 'example_params_ui_tutorial' retrieved from /home/airflow/.local/lib/python3.12/site-packages/airflow/example_dags/example_params_ui_tutorial.py
[2024-11-24T08:42:57.674+0000] {logging_mixin.py:190} INFO - [2024-11-24T08:42:57.673+0000] {override.py:1911} INFO - Created Permission View: can read on DAG:example_params_ui_tutorial
[2024-11-24T08:42:57.694+0000] {logging_mixin.py:190} INFO - [2024-11-24T08:42:57.694+0000] {override.py:1911} INFO - Created Permission View: can edit on DAG:example_params_ui_tutorial
[2024-11-24T08:42:57.710+0000] {logging_mixin.py:190} INFO - [2024-11-24T08:42:57.709+0000] {override.py:1911} INFO - Created Permission View: can delete on DAG:example_params_ui_tutorial
[2024-11-24T08:42:57.739+0000] {logging_mixin.py:190} INFO - [2024-11-24T08:42:57.739+0000] {override.py:1911} INFO - Created Permission View: can read on DAG Run:example_params_ui_tutorial
[2024-11-24T08:42:57.749+0000] {logging_mixin.py:190} INFO - [2024-11-24T08:42:57.749+0000] {override.py:1911} INFO - Created Permission View: can delete on DAG Run:example_params_ui_tutorial
[2024-11-24T08:42:57.763+0000] {logging_mixin.py:190} INFO - [2024-11-24T08:42:57.762+0000] {override.py:1911} INFO - Created Permission View: can create on DAG Run:example_params_ui_tutorial
[2024-11-24T08:42:57.789+0000] {logging_mixin.py:190} INFO - [2024-11-24T08:42:57.788+0000] {override.py:1911} INFO - Created Permission View: menu access on DAG Run:example_params_ui_tutorial
[2024-11-24T08:42:57.790+0000] {logging_mixin.py:190} INFO - [2024-11-24T08:42:57.789+0000] {dag.py:3239} INFO - Sync 1 DAGs
[2024-11-24T08:42:57.818+0000] {logging_mixin.py:190} INFO - [2024-11-24T08:42:57.817+0000] {dag.py:3262} INFO - Creating ORM DAG for example_params_ui_tutorial
[2024-11-24T08:42:57.819+0000] {logging_mixin.py:190} INFO - [2024-11-24T08:42:57.819+0000] {dag.py:4180} INFO - Setting next_dagrun for example_params_ui_tutorial to None, run_after=None
[2024-11-24T08:42:57.851+0000] {processor.py:208} INFO - Processing /home/airflow/.local/lib/python3.12/site-packages/airflow/example_dags/example_params_ui_tutorial.py took 0.525 seconds
[2024-11-24T08:43:28.042+0000] {processor.py:186} INFO - Started process (PID=574) to work on /home/airflow/.local/lib/python3.12/site-packages/airflow/example_dags/example_params_ui_tutorial.py
[2024-11-24T08:43:28.052+0000] {processor.py:914} INFO - Processing file /home/airflow/.local/lib/python3.12/site-packages/airflow/example_dags/example_params_ui_tutorial.py for tasks to queue
[2024-11-24T08:43:28.056+0000] {logging_mixin.py:190} INFO - [2024-11-24T08:43:28.056+0000] {dagbag.py:588} INFO - Filling up the DagBag from /home/airflow/.local/lib/python3.12/site-packages/airflow/example_dags/example_params_ui_tutorial.py
[2024-11-24T08:43:28.067+0000] {processor.py:925} INFO - DAG(s) 'example_params_ui_tutorial' retrieved from /home/airflow/.local/lib/python3.12/site-packages/airflow/example_dags/example_params_ui_tutorial.py
[2024-11-24T08:43:28.135+0000] {logging_mixin.py:190} INFO - [2024-11-24T08:43:28.134+0000] {dag.py:3239} INFO - Sync 1 DAGs
[2024-11-24T08:43:28.158+0000] {logging_mixin.py:190} INFO - [2024-11-24T08:43:28.158+0000] {dag.py:4180} INFO - Setting next_dagrun for example_params_ui_tutorial to None, run_after=None
[2024-11-24T08:43:28.184+0000] {processor.py:208} INFO - Processing /home/airflow/.local/lib/python3.12/site-packages/airflow/example_dags/example_params_ui_tutorial.py took 0.151 seconds
[2024-11-24T08:43:58.563+0000] {processor.py:186} INFO - Started process (PID=865) to work on /home/airflow/.local/lib/python3.12/site-packages/airflow/example_dags/example_params_ui_tutorial.py
[2024-11-24T08:43:58.565+0000] {processor.py:914} INFO - Processing file /home/airflow/.local/lib/python3.12/site-packages/airflow/example_dags/example_params_ui_tutorial.py for tasks to queue
[2024-11-24T08:43:58.568+0000] {logging_mixin.py:190} INFO - [2024-11-24T08:43:58.568+0000] {dagbag.py:588} INFO - Filling up the DagBag from /home/airflow/.local/lib/python3.12/site-packages/airflow/example_dags/example_params_ui_tutorial.py
[2024-11-24T08:43:58.576+0000] {processor.py:925} INFO - DAG(s) 'example_params_ui_tutorial' retrieved from /home/airflow/.local/lib/python3.12/site-packages/airflow/example_dags/example_params_ui_tutorial.py
[2024-11-24T08:43:58.624+0000] {logging_mixin.py:190} INFO - [2024-11-24T08:43:58.624+0000] {dag.py:3239} INFO - Sync 1 DAGs
[2024-11-24T08:43:58.642+0000] {logging_mixin.py:190} INFO - [2024-11-24T08:43:58.642+0000] {dag.py:4180} INFO - Setting next_dagrun for example_params_ui_tutorial to None, run_after=None
[2024-11-24T08:43:58.666+0000] {processor.py:208} INFO - Processing /home/airflow/.local/lib/python3.12/site-packages/airflow/example_dags/example_params_ui_tutorial.py took 0.108 seconds
[2024-11-24T08:44:28.846+0000] {processor.py:186} INFO - Started process (PID=1151) to work on /home/airflow/.local/lib/python3.12/site-packages/airflow/example_dags/example_params_ui_tutorial.py
[2024-11-24T08:44:28.849+0000] {processor.py:914} INFO - Processing file /home/airflow/.local/lib/python3.12/site-packages/airflow/example_dags/example_params_ui_tutorial.py for tasks to queue
[2024-11-24T08:44:28.851+0000] {logging_mixin.py:190} INFO - [2024-11-24T08:44:28.851+0000] {dagbag.py:588} INFO - Filling up the DagBag from /home/airflow/.local/lib/python3.12/site-packages/airflow/example_dags/example_params_ui_tutorial.py
[2024-11-24T08:44:28.861+0000] {processor.py:925} INFO - DAG(s) 'example_params_ui_tutorial' retrieved from /home/airflow/.local/lib/python3.12/site-packages/airflow/example_dags/example_params_ui_tutorial.py
[2024-11-24T08:44:28.917+0000] {logging_mixin.py:190} INFO - [2024-11-24T08:44:28.916+0000] {dag.py:3239} INFO - Sync 1 DAGs
[2024-11-24T08:44:28.936+0000] {logging_mixin.py:190} INFO - [2024-11-24T08:44:28.936+0000] {dag.py:4180} INFO - Setting next_dagrun for example_params_ui_tutorial to None, run_after=None
[2024-11-24T08:44:28.963+0000] {processor.py:208} INFO - Processing /home/airflow/.local/lib/python3.12/site-packages/airflow/example_dags/example_params_ui_tutorial.py took 0.123 seconds
[2024-11-24T08:44:59.670+0000] {processor.py:186} INFO - Started process (PID=1442) to work on /home/airflow/.local/lib/python3.12/site-packages/airflow/example_dags/example_params_ui_tutorial.py
[2024-11-24T08:44:59.672+0000] {processor.py:914} INFO - Processing file /home/airflow/.local/lib/python3.12/site-packages/airflow/example_dags/example_params_ui_tutorial.py for tasks to queue
[2024-11-24T08:44:59.675+0000] {logging_mixin.py:190} INFO - [2024-11-24T08:44:59.674+0000] {dagbag.py:588} INFO - Filling up the DagBag from /home/airflow/.local/lib/python3.12/site-packages/airflow/example_dags/example_params_ui_tutorial.py
[2024-11-24T08:44:59.684+0000] {processor.py:925} INFO - DAG(s) 'example_params_ui_tutorial' retrieved from /home/airflow/.local/lib/python3.12/site-packages/airflow/example_dags/example_params_ui_tutorial.py
[2024-11-24T08:44:59.736+0000] {logging_mixin.py:190} INFO - [2024-11-24T08:44:59.735+0000] {dag.py:3239} INFO - Sync 1 DAGs
[2024-11-24T08:44:59.750+0000] {logging_mixin.py:190} INFO - [2024-11-24T08:44:59.750+0000] {dag.py:4180} INFO - Setting next_dagrun for example_params_ui_tutorial to None, run_after=None
[2024-11-24T08:44:59.772+0000] {processor.py:208} INFO - Processing /home/airflow/.local/lib/python3.12/site-packages/airflow/example_dags/example_params_ui_tutorial.py took 0.108 seconds
[2024-11-24T08:45:30.108+0000] {processor.py:186} INFO - Started process (PID=1733) to work on /home/airflow/.local/lib/python3.12/site-packages/airflow/example_dags/example_params_ui_tutorial.py
[2024-11-24T08:45:30.110+0000] {processor.py:914} INFO - Processing file /home/airflow/.local/lib/python3.12/site-packages/airflow/example_dags/example_params_ui_tutorial.py for tasks to queue
[2024-11-24T08:45:30.113+0000] {logging_mixin.py:190} INFO - [2024-11-24T08:45:30.113+0000] {dagbag.py:588} INFO - Filling up the DagBag from /home/airflow/.local/lib/python3.12/site-packages/airflow/example_dags/example_params_ui_tutorial.py
[2024-11-24T08:45:30.128+0000] {processor.py:925} INFO - DAG(s) 'example_params_ui_tutorial' retrieved from /home/airflow/.local/lib/python3.12/site-packages/airflow/example_dags/example_params_ui_tutorial.py
[2024-11-24T08:45:30.167+0000] {logging_mixin.py:190} INFO - [2024-11-24T08:45:30.166+0000] {dag.py:3239} INFO - Sync 1 DAGs
[2024-11-24T08:45:30.180+0000] {logging_mixin.py:190} INFO - [2024-11-24T08:45:30.180+0000] {dag.py:4180} INFO - Setting next_dagrun for example_params_ui_tutorial to None, run_after=None
[2024-11-24T08:45:30.202+0000] {processor.py:208} INFO - Processing /home/airflow/.local/lib/python3.12/site-packages/airflow/example_dags/example_params_ui_tutorial.py took 0.102 seconds
[2024-11-24T08:46:00.330+0000] {processor.py:186} INFO - Started process (PID=2024) to work on /home/airflow/.local/lib/python3.12/site-packages/airflow/example_dags/example_params_ui_tutorial.py
[2024-11-24T08:46:00.332+0000] {processor.py:914} INFO - Processing file /home/airflow/.local/lib/python3.12/site-packages/airflow/example_dags/example_params_ui_tutorial.py for tasks to queue
[2024-11-24T08:46:00.335+0000] {logging_mixin.py:190} INFO - [2024-11-24T08:46:00.334+0000] {dagbag.py:588} INFO - Filling up the DagBag from /home/airflow/.local/lib/python3.12/site-packages/airflow/example_dags/example_params_ui_tutorial.py
[2024-11-24T08:46:00.344+0000] {processor.py:925} INFO - DAG(s) 'example_params_ui_tutorial' retrieved from /home/airflow/.local/lib/python3.12/site-packages/airflow/example_dags/example_params_ui_tutorial.py
[2024-11-24T08:46:00.391+0000] {logging_mixin.py:190} INFO - [2024-11-24T08:46:00.390+0000] {dag.py:3239} INFO - Sync 1 DAGs
[2024-11-24T08:46:00.404+0000] {logging_mixin.py:190} INFO - [2024-11-24T08:46:00.404+0000] {dag.py:4180} INFO - Setting next_dagrun for example_params_ui_tutorial to None, run_after=None
[2024-11-24T08:46:00.427+0000] {processor.py:208} INFO - Processing /home/airflow/.local/lib/python3.12/site-packages/airflow/example_dags/example_params_ui_tutorial.py took 0.103 seconds
[2024-11-24T08:46:30.621+0000] {processor.py:186} INFO - Started process (PID=2315) to work on /home/airflow/.local/lib/python3.12/site-packages/airflow/example_dags/example_params_ui_tutorial.py
[2024-11-24T08:46:30.622+0000] {processor.py:914} INFO - Processing file /home/airflow/.local/lib/python3.12/site-packages/airflow/example_dags/example_params_ui_tutorial.py for tasks to queue
[2024-11-24T08:46:30.625+0000] {logging_mixin.py:190} INFO - [2024-11-24T08:46:30.624+0000] {dagbag.py:588} INFO - Filling up the DagBag from /home/airflow/.local/lib/python3.12/site-packages/airflow/example_dags/example_params_ui_tutorial.py
[2024-11-24T08:46:30.635+0000] {processor.py:925} INFO - DAG(s) 'example_params_ui_tutorial' retrieved from /home/airflow/.local/lib/python3.12/site-packages/airflow/example_dags/example_params_ui_tutorial.py
[2024-11-24T08:46:30.685+0000] {logging_mixin.py:190} INFO - [2024-11-24T08:46:30.684+0000] {dag.py:3239} INFO - Sync 1 DAGs
[2024-11-24T08:46:30.706+0000] {logging_mixin.py:190} INFO - [2024-11-24T08:46:30.705+0000] {dag.py:4180} INFO - Setting next_dagrun for example_params_ui_tutorial to None, run_after=None
[2024-11-24T08:46:30.739+0000] {processor.py:208} INFO - Processing /home/airflow/.local/lib/python3.12/site-packages/airflow/example_dags/example_params_ui_tutorial.py took 0.124 seconds
[2024-11-24T08:47:01.438+0000] {processor.py:186} INFO - Started process (PID=2606) to work on /home/airflow/.local/lib/python3.12/site-packages/airflow/example_dags/example_params_ui_tutorial.py
[2024-11-24T08:47:01.439+0000] {processor.py:914} INFO - Processing file /home/airflow/.local/lib/python3.12/site-packages/airflow/example_dags/example_params_ui_tutorial.py for tasks to queue
[2024-11-24T08:47:01.443+0000] {logging_mixin.py:190} INFO - [2024-11-24T08:47:01.442+0000] {dagbag.py:588} INFO - Filling up the DagBag from /home/airflow/.local/lib/python3.12/site-packages/airflow/example_dags/example_params_ui_tutorial.py
[2024-11-24T08:47:01.458+0000] {processor.py:925} INFO - DAG(s) 'example_params_ui_tutorial' retrieved from /home/airflow/.local/lib/python3.12/site-packages/airflow/example_dags/example_params_ui_tutorial.py
[2024-11-24T08:47:01.518+0000] {logging_mixin.py:190} INFO - [2024-11-24T08:47:01.517+0000] {dag.py:3239} INFO - Sync 1 DAGs
[2024-11-24T08:47:01.536+0000] {logging_mixin.py:190} INFO - [2024-11-24T08:47:01.536+0000] {dag.py:4180} INFO - Setting next_dagrun for example_params_ui_tutorial to None, run_after=None
[2024-11-24T08:47:01.567+0000] {processor.py:208} INFO - Processing /home/airflow/.local/lib/python3.12/site-packages/airflow/example_dags/example_params_ui_tutorial.py took 0.139 seconds
[2024-11-24T08:47:31.873+0000] {processor.py:186} INFO - Started process (PID=2897) to work on /home/airflow/.local/lib/python3.12/site-packages/airflow/example_dags/example_params_ui_tutorial.py
[2024-11-24T08:47:31.875+0000] {processor.py:914} INFO - Processing file /home/airflow/.local/lib/python3.12/site-packages/airflow/example_dags/example_params_ui_tutorial.py for tasks to queue
[2024-11-24T08:47:31.878+0000] {logging_mixin.py:190} INFO - [2024-11-24T08:47:31.878+0000] {dagbag.py:588} INFO - Filling up the DagBag from /home/airflow/.local/lib/python3.12/site-packages/airflow/example_dags/example_params_ui_tutorial.py
[2024-11-24T08:47:31.887+0000] {processor.py:925} INFO - DAG(s) 'example_params_ui_tutorial' retrieved from /home/airflow/.local/lib/python3.12/site-packages/airflow/example_dags/example_params_ui_tutorial.py
[2024-11-24T08:47:31.940+0000] {logging_mixin.py:190} INFO - [2024-11-24T08:47:31.939+0000] {dag.py:3239} INFO - Sync 1 DAGs
[2024-11-24T08:47:31.956+0000] {logging_mixin.py:190} INFO - [2024-11-24T08:47:31.956+0000] {dag.py:4180} INFO - Setting next_dagrun for example_params_ui_tutorial to None, run_after=None
[2024-11-24T08:47:31.982+0000] {processor.py:208} INFO - Processing /home/airflow/.local/lib/python3.12/site-packages/airflow/example_dags/example_params_ui_tutorial.py took 0.114 seconds
[2024-11-24T08:48:02.197+0000] {processor.py:186} INFO - Started process (PID=3188) to work on /home/airflow/.local/lib/python3.12/site-packages/airflow/example_dags/example_params_ui_tutorial.py
[2024-11-24T08:48:02.198+0000] {processor.py:914} INFO - Processing file /home/airflow/.local/lib/python3.12/site-packages/airflow/example_dags/example_params_ui_tutorial.py for tasks to queue
[2024-11-24T08:48:02.201+0000] {logging_mixin.py:190} INFO - [2024-11-24T08:48:02.200+0000] {dagbag.py:588} INFO - Filling up the DagBag from /home/airflow/.local/lib/python3.12/site-packages/airflow/example_dags/example_params_ui_tutorial.py
[2024-11-24T08:48:02.210+0000] {processor.py:925} INFO - DAG(s) 'example_params_ui_tutorial' retrieved from /home/airflow/.local/lib/python3.12/site-packages/airflow/example_dags/example_params_ui_tutorial.py
[2024-11-24T08:48:02.258+0000] {logging_mixin.py:190} INFO - [2024-11-24T08:48:02.258+0000] {dag.py:3239} INFO - Sync 1 DAGs
[2024-11-24T08:48:02.271+0000] {logging_mixin.py:190} INFO - [2024-11-24T08:48:02.271+0000] {dag.py:4180} INFO - Setting next_dagrun for example_params_ui_tutorial to None, run_after=None
[2024-11-24T08:48:02.292+0000] {processor.py:208} INFO - Processing /home/airflow/.local/lib/python3.12/site-packages/airflow/example_dags/example_params_ui_tutorial.py took 0.103 seconds
[2024-11-24T08:48:32.608+0000] {processor.py:186} INFO - Started process (PID=3479) to work on /home/airflow/.local/lib/python3.12/site-packages/airflow/example_dags/example_params_ui_tutorial.py
[2024-11-24T08:48:32.610+0000] {processor.py:914} INFO - Processing file /home/airflow/.local/lib/python3.12/site-packages/airflow/example_dags/example_params_ui_tutorial.py for tasks to queue
[2024-11-24T08:48:32.615+0000] {logging_mixin.py:190} INFO - [2024-11-24T08:48:32.614+0000] {dagbag.py:588} INFO - Filling up the DagBag from /home/airflow/.local/lib/python3.12/site-packages/airflow/example_dags/example_params_ui_tutorial.py
[2024-11-24T08:48:32.639+0000] {processor.py:925} INFO - DAG(s) 'example_params_ui_tutorial' retrieved from /home/airflow/.local/lib/python3.12/site-packages/airflow/example_dags/example_params_ui_tutorial.py
[2024-11-24T08:48:32.720+0000] {logging_mixin.py:190} INFO - [2024-11-24T08:48:32.719+0000] {dag.py:3239} INFO - Sync 1 DAGs
[2024-11-24T08:48:32.744+0000] {logging_mixin.py:190} INFO - [2024-11-24T08:48:32.744+0000] {dag.py:4180} INFO - Setting next_dagrun for example_params_ui_tutorial to None, run_after=None
[2024-11-24T08:48:32.770+0000] {processor.py:208} INFO - Processing /home/airflow/.local/lib/python3.12/site-packages/airflow/example_dags/example_params_ui_tutorial.py took 0.173 seconds
[2024-11-24T08:49:02.868+0000] {processor.py:186} INFO - Started process (PID=3770) to work on /home/airflow/.local/lib/python3.12/site-packages/airflow/example_dags/example_params_ui_tutorial.py
[2024-11-24T08:49:02.870+0000] {processor.py:914} INFO - Processing file /home/airflow/.local/lib/python3.12/site-packages/airflow/example_dags/example_params_ui_tutorial.py for tasks to queue
[2024-11-24T08:49:02.875+0000] {logging_mixin.py:190} INFO - [2024-11-24T08:49:02.874+0000] {dagbag.py:588} INFO - Filling up the DagBag from /home/airflow/.local/lib/python3.12/site-packages/airflow/example_dags/example_params_ui_tutorial.py
[2024-11-24T08:49:02.895+0000] {processor.py:925} INFO - DAG(s) 'example_params_ui_tutorial' retrieved from /home/airflow/.local/lib/python3.12/site-packages/airflow/example_dags/example_params_ui_tutorial.py
[2024-11-24T08:49:02.981+0000] {logging_mixin.py:190} INFO - [2024-11-24T08:49:02.980+0000] {dag.py:3239} INFO - Sync 1 DAGs
[2024-11-24T08:49:03.007+0000] {logging_mixin.py:190} INFO - [2024-11-24T08:49:03.007+0000] {dag.py:4180} INFO - Setting next_dagrun for example_params_ui_tutorial to None, run_after=None
[2024-11-24T08:49:03.040+0000] {processor.py:208} INFO - Processing /home/airflow/.local/lib/python3.12/site-packages/airflow/example_dags/example_params_ui_tutorial.py took 0.182 seconds
[2024-11-24T08:49:33.334+0000] {processor.py:186} INFO - Started process (PID=4061) to work on /home/airflow/.local/lib/python3.12/site-packages/airflow/example_dags/example_params_ui_tutorial.py
[2024-11-24T08:49:33.336+0000] {processor.py:914} INFO - Processing file /home/airflow/.local/lib/python3.12/site-packages/airflow/example_dags/example_params_ui_tutorial.py for tasks to queue
[2024-11-24T08:49:33.339+0000] {logging_mixin.py:190} INFO - [2024-11-24T08:49:33.339+0000] {dagbag.py:588} INFO - Filling up the DagBag from /home/airflow/.local/lib/python3.12/site-packages/airflow/example_dags/example_params_ui_tutorial.py
[2024-11-24T08:49:33.353+0000] {processor.py:925} INFO - DAG(s) 'example_params_ui_tutorial' retrieved from /home/airflow/.local/lib/python3.12/site-packages/airflow/example_dags/example_params_ui_tutorial.py
[2024-11-24T08:49:33.410+0000] {logging_mixin.py:190} INFO - [2024-11-24T08:49:33.410+0000] {dag.py:3239} INFO - Sync 1 DAGs
[2024-11-24T08:49:33.429+0000] {logging_mixin.py:190} INFO - [2024-11-24T08:49:33.429+0000] {dag.py:4180} INFO - Setting next_dagrun for example_params_ui_tutorial to None, run_after=None
[2024-11-24T08:49:33.504+0000] {processor.py:208} INFO - Processing /home/airflow/.local/lib/python3.12/site-packages/airflow/example_dags/example_params_ui_tutorial.py took 0.179 seconds
[2024-11-24T08:50:04.554+0000] {processor.py:186} INFO - Started process (PID=4352) to work on /home/airflow/.local/lib/python3.12/site-packages/airflow/example_dags/example_params_ui_tutorial.py
[2024-11-24T08:50:04.556+0000] {processor.py:914} INFO - Processing file /home/airflow/.local/lib/python3.12/site-packages/airflow/example_dags/example_params_ui_tutorial.py for tasks to queue
[2024-11-24T08:50:04.559+0000] {logging_mixin.py:190} INFO - [2024-11-24T08:50:04.559+0000] {dagbag.py:588} INFO - Filling up the DagBag from /home/airflow/.local/lib/python3.12/site-packages/airflow/example_dags/example_params_ui_tutorial.py
[2024-11-24T08:50:04.573+0000] {processor.py:925} INFO - DAG(s) 'example_params_ui_tutorial' retrieved from /home/airflow/.local/lib/python3.12/site-packages/airflow/example_dags/example_params_ui_tutorial.py
[2024-11-24T08:50:04.637+0000] {logging_mixin.py:190} INFO - [2024-11-24T08:50:04.637+0000] {dag.py:3239} INFO - Sync 1 DAGs
[2024-11-24T08:50:04.657+0000] {logging_mixin.py:190} INFO - [2024-11-24T08:50:04.657+0000] {dag.py:4180} INFO - Setting next_dagrun for example_params_ui_tutorial to None, run_after=None
[2024-11-24T08:50:04.687+0000] {processor.py:208} INFO - Processing /home/airflow/.local/lib/python3.12/site-packages/airflow/example_dags/example_params_ui_tutorial.py took 0.140 seconds
[2024-11-24T08:50:35.060+0000] {processor.py:186} INFO - Started process (PID=4643) to work on /home/airflow/.local/lib/python3.12/site-packages/airflow/example_dags/example_params_ui_tutorial.py
[2024-11-24T08:50:35.061+0000] {processor.py:914} INFO - Processing file /home/airflow/.local/lib/python3.12/site-packages/airflow/example_dags/example_params_ui_tutorial.py for tasks to queue
[2024-11-24T08:50:35.065+0000] {logging_mixin.py:190} INFO - [2024-11-24T08:50:35.065+0000] {dagbag.py:588} INFO - Filling up the DagBag from /home/airflow/.local/lib/python3.12/site-packages/airflow/example_dags/example_params_ui_tutorial.py
[2024-11-24T08:50:35.080+0000] {processor.py:925} INFO - DAG(s) 'example_params_ui_tutorial' retrieved from /home/airflow/.local/lib/python3.12/site-packages/airflow/example_dags/example_params_ui_tutorial.py
[2024-11-24T08:50:35.147+0000] {logging_mixin.py:190} INFO - [2024-11-24T08:50:35.147+0000] {dag.py:3239} INFO - Sync 1 DAGs
[2024-11-24T08:50:35.168+0000] {logging_mixin.py:190} INFO - [2024-11-24T08:50:35.167+0000] {dag.py:4180} INFO - Setting next_dagrun for example_params_ui_tutorial to None, run_after=None
[2024-11-24T08:50:35.195+0000] {processor.py:208} INFO - Processing /home/airflow/.local/lib/python3.12/site-packages/airflow/example_dags/example_params_ui_tutorial.py took 0.143 seconds
[2024-11-24T08:51:06.320+0000] {processor.py:186} INFO - Started process (PID=4934) to work on /home/airflow/.local/lib/python3.12/site-packages/airflow/example_dags/example_params_ui_tutorial.py
[2024-11-24T08:51:06.322+0000] {processor.py:914} INFO - Processing file /home/airflow/.local/lib/python3.12/site-packages/airflow/example_dags/example_params_ui_tutorial.py for tasks to queue
[2024-11-24T08:51:06.327+0000] {logging_mixin.py:190} INFO - [2024-11-24T08:51:06.327+0000] {dagbag.py:588} INFO - Filling up the DagBag from /home/airflow/.local/lib/python3.12/site-packages/airflow/example_dags/example_params_ui_tutorial.py
[2024-11-24T08:51:06.344+0000] {processor.py:925} INFO - DAG(s) 'example_params_ui_tutorial' retrieved from /home/airflow/.local/lib/python3.12/site-packages/airflow/example_dags/example_params_ui_tutorial.py
[2024-11-24T08:51:06.439+0000] {logging_mixin.py:190} INFO - [2024-11-24T08:51:06.439+0000] {dag.py:3239} INFO - Sync 1 DAGs
[2024-11-24T08:51:06.471+0000] {logging_mixin.py:190} INFO - [2024-11-24T08:51:06.470+0000] {dag.py:4180} INFO - Setting next_dagrun for example_params_ui_tutorial to None, run_after=None
[2024-11-24T08:51:06.509+0000] {processor.py:208} INFO - Processing /home/airflow/.local/lib/python3.12/site-packages/airflow/example_dags/example_params_ui_tutorial.py took 0.202 seconds
[2024-11-24T08:51:36.876+0000] {processor.py:186} INFO - Started process (PID=5226) to work on /home/airflow/.local/lib/python3.12/site-packages/airflow/example_dags/example_params_ui_tutorial.py
[2024-11-24T08:51:36.880+0000] {processor.py:914} INFO - Processing file /home/airflow/.local/lib/python3.12/site-packages/airflow/example_dags/example_params_ui_tutorial.py for tasks to queue
[2024-11-24T08:51:36.887+0000] {logging_mixin.py:190} INFO - [2024-11-24T08:51:36.886+0000] {dagbag.py:588} INFO - Filling up the DagBag from /home/airflow/.local/lib/python3.12/site-packages/airflow/example_dags/example_params_ui_tutorial.py
[2024-11-24T08:51:36.908+0000] {processor.py:925} INFO - DAG(s) 'example_params_ui_tutorial' retrieved from /home/airflow/.local/lib/python3.12/site-packages/airflow/example_dags/example_params_ui_tutorial.py
[2024-11-24T08:51:36.999+0000] {logging_mixin.py:190} INFO - [2024-11-24T08:51:36.998+0000] {dag.py:3239} INFO - Sync 1 DAGs
[2024-11-24T08:51:37.024+0000] {logging_mixin.py:190} INFO - [2024-11-24T08:51:37.024+0000] {dag.py:4180} INFO - Setting next_dagrun for example_params_ui_tutorial to None, run_after=None
[2024-11-24T08:51:37.058+0000] {processor.py:208} INFO - Processing /home/airflow/.local/lib/python3.12/site-packages/airflow/example_dags/example_params_ui_tutorial.py took 0.197 seconds
[2024-11-24T08:52:07.861+0000] {processor.py:186} INFO - Started process (PID=5517) to work on /home/airflow/.local/lib/python3.12/site-packages/airflow/example_dags/example_params_ui_tutorial.py
[2024-11-24T08:52:07.862+0000] {processor.py:914} INFO - Processing file /home/airflow/.local/lib/python3.12/site-packages/airflow/example_dags/example_params_ui_tutorial.py for tasks to queue
[2024-11-24T08:52:07.865+0000] {logging_mixin.py:190} INFO - [2024-11-24T08:52:07.865+0000] {dagbag.py:588} INFO - Filling up the DagBag from /home/airflow/.local/lib/python3.12/site-packages/airflow/example_dags/example_params_ui_tutorial.py
[2024-11-24T08:52:07.877+0000] {processor.py:925} INFO - DAG(s) 'example_params_ui_tutorial' retrieved from /home/airflow/.local/lib/python3.12/site-packages/airflow/example_dags/example_params_ui_tutorial.py
[2024-11-24T08:52:07.947+0000] {logging_mixin.py:190} INFO - [2024-11-24T08:52:07.946+0000] {dag.py:3239} INFO - Sync 1 DAGs
[2024-11-24T08:52:07.966+0000] {logging_mixin.py:190} INFO - [2024-11-24T08:52:07.966+0000] {dag.py:4180} INFO - Setting next_dagrun for example_params_ui_tutorial to None, run_after=None
[2024-11-24T08:52:07.994+0000] {processor.py:208} INFO - Processing /home/airflow/.local/lib/python3.12/site-packages/airflow/example_dags/example_params_ui_tutorial.py took 0.140 seconds
[2024-11-24T08:53:39.133+0000] {processor.py:186} INFO - Started process (PID=293) to work on /home/airflow/.local/lib/python3.12/site-packages/airflow/example_dags/example_params_ui_tutorial.py
[2024-11-24T08:53:39.136+0000] {processor.py:914} INFO - Processing file /home/airflow/.local/lib/python3.12/site-packages/airflow/example_dags/example_params_ui_tutorial.py for tasks to queue
[2024-11-24T08:53:39.142+0000] {logging_mixin.py:190} INFO - [2024-11-24T08:53:39.141+0000] {dagbag.py:588} INFO - Filling up the DagBag from /home/airflow/.local/lib/python3.12/site-packages/airflow/example_dags/example_params_ui_tutorial.py
[2024-11-24T08:53:39.165+0000] {processor.py:925} INFO - DAG(s) 'example_params_ui_tutorial' retrieved from /home/airflow/.local/lib/python3.12/site-packages/airflow/example_dags/example_params_ui_tutorial.py
[2024-11-24T08:53:39.273+0000] {logging_mixin.py:190} INFO - [2024-11-24T08:53:39.272+0000] {dag.py:3239} INFO - Sync 1 DAGs
[2024-11-24T08:53:39.299+0000] {logging_mixin.py:190} INFO - [2024-11-24T08:53:39.299+0000] {dag.py:4180} INFO - Setting next_dagrun for example_params_ui_tutorial to None, run_after=None
[2024-11-24T08:53:39.333+0000] {processor.py:208} INFO - Processing /home/airflow/.local/lib/python3.12/site-packages/airflow/example_dags/example_params_ui_tutorial.py took 0.212 seconds
[2024-11-24T08:54:25.734+0000] {processor.py:186} INFO - Started process (PID=589) to work on /home/airflow/.local/lib/python3.12/site-packages/airflow/example_dags/example_params_ui_tutorial.py
[2024-11-24T08:54:25.737+0000] {processor.py:914} INFO - Processing file /home/airflow/.local/lib/python3.12/site-packages/airflow/example_dags/example_params_ui_tutorial.py for tasks to queue
[2024-11-24T08:54:25.742+0000] {logging_mixin.py:190} INFO - [2024-11-24T08:54:25.742+0000] {dagbag.py:588} INFO - Filling up the DagBag from /home/airflow/.local/lib/python3.12/site-packages/airflow/example_dags/example_params_ui_tutorial.py
[2024-11-24T08:54:25.761+0000] {processor.py:925} INFO - DAG(s) 'example_params_ui_tutorial' retrieved from /home/airflow/.local/lib/python3.12/site-packages/airflow/example_dags/example_params_ui_tutorial.py
[2024-11-24T08:54:25.866+0000] {logging_mixin.py:190} INFO - [2024-11-24T08:54:25.866+0000] {dag.py:3239} INFO - Sync 1 DAGs
[2024-11-24T08:54:25.901+0000] {logging_mixin.py:190} INFO - [2024-11-24T08:54:25.901+0000] {dag.py:4180} INFO - Setting next_dagrun for example_params_ui_tutorial to None, run_after=None
[2024-11-24T08:54:25.943+0000] {processor.py:208} INFO - Processing /home/airflow/.local/lib/python3.12/site-packages/airflow/example_dags/example_params_ui_tutorial.py took 0.222 seconds
[2024-11-24T08:55:00.048+0000] {processor.py:186} INFO - Started process (PID=880) to work on /home/airflow/.local/lib/python3.12/site-packages/airflow/example_dags/example_params_ui_tutorial.py
[2024-11-24T08:55:00.050+0000] {processor.py:914} INFO - Processing file /home/airflow/.local/lib/python3.12/site-packages/airflow/example_dags/example_params_ui_tutorial.py for tasks to queue
[2024-11-24T08:55:00.058+0000] {logging_mixin.py:190} INFO - [2024-11-24T08:55:00.057+0000] {dagbag.py:588} INFO - Filling up the DagBag from /home/airflow/.local/lib/python3.12/site-packages/airflow/example_dags/example_params_ui_tutorial.py
[2024-11-24T08:55:00.075+0000] {processor.py:925} INFO - DAG(s) 'example_params_ui_tutorial' retrieved from /home/airflow/.local/lib/python3.12/site-packages/airflow/example_dags/example_params_ui_tutorial.py
[2024-11-24T08:55:00.173+0000] {logging_mixin.py:190} INFO - [2024-11-24T08:55:00.173+0000] {dag.py:3239} INFO - Sync 1 DAGs
[2024-11-24T08:55:00.203+0000] {logging_mixin.py:190} INFO - [2024-11-24T08:55:00.203+0000] {dag.py:4180} INFO - Setting next_dagrun for example_params_ui_tutorial to None, run_after=None
[2024-11-24T08:55:00.237+0000] {processor.py:208} INFO - Processing /home/airflow/.local/lib/python3.12/site-packages/airflow/example_dags/example_params_ui_tutorial.py took 0.203 seconds
[2024-11-24T08:55:50.705+0000] {processor.py:186} INFO - Started process (PID=1178) to work on /home/airflow/.local/lib/python3.12/site-packages/airflow/example_dags/example_params_ui_tutorial.py
[2024-11-24T08:55:50.708+0000] {processor.py:914} INFO - Processing file /home/airflow/.local/lib/python3.12/site-packages/airflow/example_dags/example_params_ui_tutorial.py for tasks to queue
[2024-11-24T08:55:50.713+0000] {logging_mixin.py:190} INFO - [2024-11-24T08:55:50.712+0000] {dagbag.py:588} INFO - Filling up the DagBag from /home/airflow/.local/lib/python3.12/site-packages/airflow/example_dags/example_params_ui_tutorial.py
[2024-11-24T08:55:50.738+0000] {processor.py:925} INFO - DAG(s) 'example_params_ui_tutorial' retrieved from /home/airflow/.local/lib/python3.12/site-packages/airflow/example_dags/example_params_ui_tutorial.py
[2024-11-24T08:55:50.854+0000] {logging_mixin.py:190} INFO - [2024-11-24T08:55:50.854+0000] {dag.py:3239} INFO - Sync 1 DAGs
[2024-11-24T08:55:50.903+0000] {logging_mixin.py:190} INFO - [2024-11-24T08:55:50.902+0000] {dag.py:4180} INFO - Setting next_dagrun for example_params_ui_tutorial to None, run_after=None
[2024-11-24T08:55:50.957+0000] {processor.py:208} INFO - Processing /home/airflow/.local/lib/python3.12/site-packages/airflow/example_dags/example_params_ui_tutorial.py took 0.266 seconds
[2024-11-24T08:56:22.871+0000] {processor.py:186} INFO - Started process (PID=1470) to work on /home/airflow/.local/lib/python3.12/site-packages/airflow/example_dags/example_params_ui_tutorial.py
[2024-11-24T08:56:22.873+0000] {processor.py:914} INFO - Processing file /home/airflow/.local/lib/python3.12/site-packages/airflow/example_dags/example_params_ui_tutorial.py for tasks to queue
[2024-11-24T08:56:22.878+0000] {logging_mixin.py:190} INFO - [2024-11-24T08:56:22.877+0000] {dagbag.py:588} INFO - Filling up the DagBag from /home/airflow/.local/lib/python3.12/site-packages/airflow/example_dags/example_params_ui_tutorial.py
[2024-11-24T08:56:22.899+0000] {processor.py:925} INFO - DAG(s) 'example_params_ui_tutorial' retrieved from /home/airflow/.local/lib/python3.12/site-packages/airflow/example_dags/example_params_ui_tutorial.py
[2024-11-24T08:56:22.991+0000] {logging_mixin.py:190} INFO - [2024-11-24T08:56:22.990+0000] {dag.py:3239} INFO - Sync 1 DAGs
[2024-11-24T08:56:23.023+0000] {logging_mixin.py:190} INFO - [2024-11-24T08:56:23.022+0000] {dag.py:4180} INFO - Setting next_dagrun for example_params_ui_tutorial to None, run_after=None
[2024-11-24T08:56:23.061+0000] {processor.py:208} INFO - Processing /home/airflow/.local/lib/python3.12/site-packages/airflow/example_dags/example_params_ui_tutorial.py took 0.201 seconds
[2024-11-24T08:56:54.166+0000] {processor.py:186} INFO - Started process (PID=1761) to work on /home/airflow/.local/lib/python3.12/site-packages/airflow/example_dags/example_params_ui_tutorial.py
[2024-11-24T08:56:54.167+0000] {processor.py:914} INFO - Processing file /home/airflow/.local/lib/python3.12/site-packages/airflow/example_dags/example_params_ui_tutorial.py for tasks to queue
[2024-11-24T08:56:54.170+0000] {logging_mixin.py:190} INFO - [2024-11-24T08:56:54.170+0000] {dagbag.py:588} INFO - Filling up the DagBag from /home/airflow/.local/lib/python3.12/site-packages/airflow/example_dags/example_params_ui_tutorial.py
[2024-11-24T08:56:54.179+0000] {processor.py:925} INFO - DAG(s) 'example_params_ui_tutorial' retrieved from /home/airflow/.local/lib/python3.12/site-packages/airflow/example_dags/example_params_ui_tutorial.py
[2024-11-24T08:56:54.225+0000] {logging_mixin.py:190} INFO - [2024-11-24T08:56:54.225+0000] {dag.py:3239} INFO - Sync 1 DAGs
[2024-11-24T08:56:54.243+0000] {logging_mixin.py:190} INFO - [2024-11-24T08:56:54.243+0000] {dag.py:4180} INFO - Setting next_dagrun for example_params_ui_tutorial to None, run_after=None
[2024-11-24T08:56:54.280+0000] {processor.py:208} INFO - Processing /home/airflow/.local/lib/python3.12/site-packages/airflow/example_dags/example_params_ui_tutorial.py took 0.120 seconds
[2024-11-24T08:57:26.457+0000] {processor.py:186} INFO - Started process (PID=2052) to work on /home/airflow/.local/lib/python3.12/site-packages/airflow/example_dags/example_params_ui_tutorial.py
[2024-11-24T08:57:26.458+0000] {processor.py:914} INFO - Processing file /home/airflow/.local/lib/python3.12/site-packages/airflow/example_dags/example_params_ui_tutorial.py for tasks to queue
[2024-11-24T08:57:26.461+0000] {logging_mixin.py:190} INFO - [2024-11-24T08:57:26.461+0000] {dagbag.py:588} INFO - Filling up the DagBag from /home/airflow/.local/lib/python3.12/site-packages/airflow/example_dags/example_params_ui_tutorial.py
[2024-11-24T08:57:26.472+0000] {processor.py:925} INFO - DAG(s) 'example_params_ui_tutorial' retrieved from /home/airflow/.local/lib/python3.12/site-packages/airflow/example_dags/example_params_ui_tutorial.py
[2024-11-24T08:57:26.529+0000] {logging_mixin.py:190} INFO - [2024-11-24T08:57:26.529+0000] {dag.py:3239} INFO - Sync 1 DAGs
[2024-11-24T08:57:26.549+0000] {logging_mixin.py:190} INFO - [2024-11-24T08:57:26.549+0000] {dag.py:4180} INFO - Setting next_dagrun for example_params_ui_tutorial to None, run_after=None
[2024-11-24T08:57:26.583+0000] {processor.py:208} INFO - Processing /home/airflow/.local/lib/python3.12/site-packages/airflow/example_dags/example_params_ui_tutorial.py took 0.132 seconds
[2024-11-24T08:57:57.570+0000] {processor.py:186} INFO - Started process (PID=2343) to work on /home/airflow/.local/lib/python3.12/site-packages/airflow/example_dags/example_params_ui_tutorial.py
[2024-11-24T08:57:57.571+0000] {processor.py:914} INFO - Processing file /home/airflow/.local/lib/python3.12/site-packages/airflow/example_dags/example_params_ui_tutorial.py for tasks to queue
[2024-11-24T08:57:57.574+0000] {logging_mixin.py:190} INFO - [2024-11-24T08:57:57.574+0000] {dagbag.py:588} INFO - Filling up the DagBag from /home/airflow/.local/lib/python3.12/site-packages/airflow/example_dags/example_params_ui_tutorial.py
[2024-11-24T08:57:57.586+0000] {processor.py:925} INFO - DAG(s) 'example_params_ui_tutorial' retrieved from /home/airflow/.local/lib/python3.12/site-packages/airflow/example_dags/example_params_ui_tutorial.py
[2024-11-24T08:57:57.642+0000] {logging_mixin.py:190} INFO - [2024-11-24T08:57:57.641+0000] {dag.py:3239} INFO - Sync 1 DAGs
[2024-11-24T08:57:57.659+0000] {logging_mixin.py:190} INFO - [2024-11-24T08:57:57.659+0000] {dag.py:4180} INFO - Setting next_dagrun for example_params_ui_tutorial to None, run_after=None
[2024-11-24T08:57:57.678+0000] {processor.py:208} INFO - Processing /home/airflow/.local/lib/python3.12/site-packages/airflow/example_dags/example_params_ui_tutorial.py took 0.116 seconds
[2024-11-24T08:58:28.651+0000] {processor.py:186} INFO - Started process (PID=2634) to work on /home/airflow/.local/lib/python3.12/site-packages/airflow/example_dags/example_params_ui_tutorial.py
[2024-11-24T08:58:28.653+0000] {processor.py:914} INFO - Processing file /home/airflow/.local/lib/python3.12/site-packages/airflow/example_dags/example_params_ui_tutorial.py for tasks to queue
[2024-11-24T08:58:28.656+0000] {logging_mixin.py:190} INFO - [2024-11-24T08:58:28.656+0000] {dagbag.py:588} INFO - Filling up the DagBag from /home/airflow/.local/lib/python3.12/site-packages/airflow/example_dags/example_params_ui_tutorial.py
[2024-11-24T08:58:28.669+0000] {processor.py:925} INFO - DAG(s) 'example_params_ui_tutorial' retrieved from /home/airflow/.local/lib/python3.12/site-packages/airflow/example_dags/example_params_ui_tutorial.py
[2024-11-24T08:58:28.732+0000] {logging_mixin.py:190} INFO - [2024-11-24T08:58:28.731+0000] {dag.py:3239} INFO - Sync 1 DAGs
[2024-11-24T08:58:28.755+0000] {logging_mixin.py:190} INFO - [2024-11-24T08:58:28.754+0000] {dag.py:4180} INFO - Setting next_dagrun for example_params_ui_tutorial to None, run_after=None
[2024-11-24T08:58:28.780+0000] {processor.py:208} INFO - Processing /home/airflow/.local/lib/python3.12/site-packages/airflow/example_dags/example_params_ui_tutorial.py took 0.136 seconds
[2024-11-24T08:58:59.835+0000] {processor.py:186} INFO - Started process (PID=2925) to work on /home/airflow/.local/lib/python3.12/site-packages/airflow/example_dags/example_params_ui_tutorial.py
[2024-11-24T08:58:59.837+0000] {processor.py:914} INFO - Processing file /home/airflow/.local/lib/python3.12/site-packages/airflow/example_dags/example_params_ui_tutorial.py for tasks to queue
[2024-11-24T08:58:59.840+0000] {logging_mixin.py:190} INFO - [2024-11-24T08:58:59.840+0000] {dagbag.py:588} INFO - Filling up the DagBag from /home/airflow/.local/lib/python3.12/site-packages/airflow/example_dags/example_params_ui_tutorial.py
[2024-11-24T08:58:59.852+0000] {processor.py:925} INFO - DAG(s) 'example_params_ui_tutorial' retrieved from /home/airflow/.local/lib/python3.12/site-packages/airflow/example_dags/example_params_ui_tutorial.py
[2024-11-24T08:58:59.909+0000] {logging_mixin.py:190} INFO - [2024-11-24T08:58:59.909+0000] {dag.py:3239} INFO - Sync 1 DAGs
[2024-11-24T08:58:59.928+0000] {logging_mixin.py:190} INFO - [2024-11-24T08:58:59.928+0000] {dag.py:4180} INFO - Setting next_dagrun for example_params_ui_tutorial to None, run_after=None
[2024-11-24T08:58:59.956+0000] {processor.py:208} INFO - Processing /home/airflow/.local/lib/python3.12/site-packages/airflow/example_dags/example_params_ui_tutorial.py took 0.128 seconds
[2024-11-24T08:59:31.096+0000] {processor.py:186} INFO - Started process (PID=3216) to work on /home/airflow/.local/lib/python3.12/site-packages/airflow/example_dags/example_params_ui_tutorial.py
[2024-11-24T08:59:31.098+0000] {processor.py:914} INFO - Processing file /home/airflow/.local/lib/python3.12/site-packages/airflow/example_dags/example_params_ui_tutorial.py for tasks to queue
[2024-11-24T08:59:31.101+0000] {logging_mixin.py:190} INFO - [2024-11-24T08:59:31.100+0000] {dagbag.py:588} INFO - Filling up the DagBag from /home/airflow/.local/lib/python3.12/site-packages/airflow/example_dags/example_params_ui_tutorial.py
[2024-11-24T08:59:31.113+0000] {processor.py:925} INFO - DAG(s) 'example_params_ui_tutorial' retrieved from /home/airflow/.local/lib/python3.12/site-packages/airflow/example_dags/example_params_ui_tutorial.py
[2024-11-24T08:59:31.180+0000] {logging_mixin.py:190} INFO - [2024-11-24T08:59:31.179+0000] {dag.py:3239} INFO - Sync 1 DAGs
[2024-11-24T08:59:31.201+0000] {logging_mixin.py:190} INFO - [2024-11-24T08:59:31.200+0000] {dag.py:4180} INFO - Setting next_dagrun for example_params_ui_tutorial to None, run_after=None
[2024-11-24T08:59:31.221+0000] {processor.py:208} INFO - Processing /home/airflow/.local/lib/python3.12/site-packages/airflow/example_dags/example_params_ui_tutorial.py took 0.133 seconds
[2024-11-24T09:00:02.304+0000] {processor.py:186} INFO - Started process (PID=3507) to work on /home/airflow/.local/lib/python3.12/site-packages/airflow/example_dags/example_params_ui_tutorial.py
[2024-11-24T09:00:02.305+0000] {processor.py:914} INFO - Processing file /home/airflow/.local/lib/python3.12/site-packages/airflow/example_dags/example_params_ui_tutorial.py for tasks to queue
[2024-11-24T09:00:02.309+0000] {logging_mixin.py:190} INFO - [2024-11-24T09:00:02.308+0000] {dagbag.py:588} INFO - Filling up the DagBag from /home/airflow/.local/lib/python3.12/site-packages/airflow/example_dags/example_params_ui_tutorial.py
[2024-11-24T09:00:02.321+0000] {processor.py:925} INFO - DAG(s) 'example_params_ui_tutorial' retrieved from /home/airflow/.local/lib/python3.12/site-packages/airflow/example_dags/example_params_ui_tutorial.py
[2024-11-24T09:00:02.382+0000] {logging_mixin.py:190} INFO - [2024-11-24T09:00:02.382+0000] {dag.py:3239} INFO - Sync 1 DAGs
[2024-11-24T09:00:02.405+0000] {logging_mixin.py:190} INFO - [2024-11-24T09:00:02.404+0000] {dag.py:4180} INFO - Setting next_dagrun for example_params_ui_tutorial to None, run_after=None
[2024-11-24T09:00:02.434+0000] {processor.py:208} INFO - Processing /home/airflow/.local/lib/python3.12/site-packages/airflow/example_dags/example_params_ui_tutorial.py took 0.138 seconds
[2024-11-24T09:00:33.319+0000] {processor.py:186} INFO - Started process (PID=3798) to work on /home/airflow/.local/lib/python3.12/site-packages/airflow/example_dags/example_params_ui_tutorial.py
[2024-11-24T09:00:33.328+0000] {processor.py:914} INFO - Processing file /home/airflow/.local/lib/python3.12/site-packages/airflow/example_dags/example_params_ui_tutorial.py for tasks to queue
[2024-11-24T09:00:33.332+0000] {logging_mixin.py:190} INFO - [2024-11-24T09:00:33.331+0000] {dagbag.py:588} INFO - Filling up the DagBag from /home/airflow/.local/lib/python3.12/site-packages/airflow/example_dags/example_params_ui_tutorial.py
[2024-11-24T09:00:33.350+0000] {processor.py:925} INFO - DAG(s) 'example_params_ui_tutorial' retrieved from /home/airflow/.local/lib/python3.12/site-packages/airflow/example_dags/example_params_ui_tutorial.py
[2024-11-24T09:00:33.417+0000] {logging_mixin.py:190} INFO - [2024-11-24T09:00:33.417+0000] {dag.py:3239} INFO - Sync 1 DAGs
[2024-11-24T09:00:33.436+0000] {logging_mixin.py:190} INFO - [2024-11-24T09:00:33.436+0000] {dag.py:4180} INFO - Setting next_dagrun for example_params_ui_tutorial to None, run_after=None
[2024-11-24T09:00:33.461+0000] {processor.py:208} INFO - Processing /home/airflow/.local/lib/python3.12/site-packages/airflow/example_dags/example_params_ui_tutorial.py took 0.158 seconds
[2024-11-24T09:01:05.199+0000] {processor.py:186} INFO - Started process (PID=4089) to work on /home/airflow/.local/lib/python3.12/site-packages/airflow/example_dags/example_params_ui_tutorial.py
[2024-11-24T09:01:05.200+0000] {processor.py:914} INFO - Processing file /home/airflow/.local/lib/python3.12/site-packages/airflow/example_dags/example_params_ui_tutorial.py for tasks to queue
[2024-11-24T09:01:05.205+0000] {logging_mixin.py:190} INFO - [2024-11-24T09:01:05.204+0000] {dagbag.py:588} INFO - Filling up the DagBag from /home/airflow/.local/lib/python3.12/site-packages/airflow/example_dags/example_params_ui_tutorial.py
[2024-11-24T09:01:05.225+0000] {processor.py:925} INFO - DAG(s) 'example_params_ui_tutorial' retrieved from /home/airflow/.local/lib/python3.12/site-packages/airflow/example_dags/example_params_ui_tutorial.py
[2024-11-24T09:01:05.315+0000] {logging_mixin.py:190} INFO - [2024-11-24T09:01:05.314+0000] {dag.py:3239} INFO - Sync 1 DAGs
[2024-11-24T09:01:05.344+0000] {logging_mixin.py:190} INFO - [2024-11-24T09:01:05.344+0000] {dag.py:4180} INFO - Setting next_dagrun for example_params_ui_tutorial to None, run_after=None
[2024-11-24T09:01:05.381+0000] {processor.py:208} INFO - Processing /home/airflow/.local/lib/python3.12/site-packages/airflow/example_dags/example_params_ui_tutorial.py took 0.197 seconds
[2024-11-24T09:01:36.076+0000] {processor.py:186} INFO - Started process (PID=4380) to work on /home/airflow/.local/lib/python3.12/site-packages/airflow/example_dags/example_params_ui_tutorial.py
[2024-11-24T09:01:36.077+0000] {processor.py:914} INFO - Processing file /home/airflow/.local/lib/python3.12/site-packages/airflow/example_dags/example_params_ui_tutorial.py for tasks to queue
[2024-11-24T09:01:36.080+0000] {logging_mixin.py:190} INFO - [2024-11-24T09:01:36.079+0000] {dagbag.py:588} INFO - Filling up the DagBag from /home/airflow/.local/lib/python3.12/site-packages/airflow/example_dags/example_params_ui_tutorial.py
[2024-11-24T09:01:36.088+0000] {processor.py:925} INFO - DAG(s) 'example_params_ui_tutorial' retrieved from /home/airflow/.local/lib/python3.12/site-packages/airflow/example_dags/example_params_ui_tutorial.py
[2024-11-24T09:01:36.131+0000] {logging_mixin.py:190} INFO - [2024-11-24T09:01:36.131+0000] {dag.py:3239} INFO - Sync 1 DAGs
[2024-11-24T09:01:36.145+0000] {logging_mixin.py:190} INFO - [2024-11-24T09:01:36.144+0000] {dag.py:4180} INFO - Setting next_dagrun for example_params_ui_tutorial to None, run_after=None
[2024-11-24T09:01:36.165+0000] {processor.py:208} INFO - Processing /home/airflow/.local/lib/python3.12/site-packages/airflow/example_dags/example_params_ui_tutorial.py took 0.094 seconds
[2024-11-24T09:02:07.234+0000] {processor.py:186} INFO - Started process (PID=4671) to work on /home/airflow/.local/lib/python3.12/site-packages/airflow/example_dags/example_params_ui_tutorial.py
[2024-11-24T09:02:07.235+0000] {processor.py:914} INFO - Processing file /home/airflow/.local/lib/python3.12/site-packages/airflow/example_dags/example_params_ui_tutorial.py for tasks to queue
[2024-11-24T09:02:07.238+0000] {logging_mixin.py:190} INFO - [2024-11-24T09:02:07.238+0000] {dagbag.py:588} INFO - Filling up the DagBag from /home/airflow/.local/lib/python3.12/site-packages/airflow/example_dags/example_params_ui_tutorial.py
[2024-11-24T09:02:07.246+0000] {processor.py:925} INFO - DAG(s) 'example_params_ui_tutorial' retrieved from /home/airflow/.local/lib/python3.12/site-packages/airflow/example_dags/example_params_ui_tutorial.py
[2024-11-24T09:02:07.291+0000] {logging_mixin.py:190} INFO - [2024-11-24T09:02:07.290+0000] {dag.py:3239} INFO - Sync 1 DAGs
[2024-11-24T09:02:07.308+0000] {logging_mixin.py:190} INFO - [2024-11-24T09:02:07.308+0000] {dag.py:4180} INFO - Setting next_dagrun for example_params_ui_tutorial to None, run_after=None
[2024-11-24T09:02:07.331+0000] {processor.py:208} INFO - Processing /home/airflow/.local/lib/python3.12/site-packages/airflow/example_dags/example_params_ui_tutorial.py took 0.103 seconds
[2024-11-24T09:02:38.383+0000] {processor.py:186} INFO - Started process (PID=4962) to work on /home/airflow/.local/lib/python3.12/site-packages/airflow/example_dags/example_params_ui_tutorial.py
[2024-11-24T09:02:38.384+0000] {processor.py:914} INFO - Processing file /home/airflow/.local/lib/python3.12/site-packages/airflow/example_dags/example_params_ui_tutorial.py for tasks to queue
[2024-11-24T09:02:38.386+0000] {logging_mixin.py:190} INFO - [2024-11-24T09:02:38.386+0000] {dagbag.py:588} INFO - Filling up the DagBag from /home/airflow/.local/lib/python3.12/site-packages/airflow/example_dags/example_params_ui_tutorial.py
[2024-11-24T09:02:38.396+0000] {processor.py:925} INFO - DAG(s) 'example_params_ui_tutorial' retrieved from /home/airflow/.local/lib/python3.12/site-packages/airflow/example_dags/example_params_ui_tutorial.py
[2024-11-24T09:02:38.449+0000] {logging_mixin.py:190} INFO - [2024-11-24T09:02:38.449+0000] {dag.py:3239} INFO - Sync 1 DAGs
[2024-11-24T09:02:38.468+0000] {logging_mixin.py:190} INFO - [2024-11-24T09:02:38.468+0000] {dag.py:4180} INFO - Setting next_dagrun for example_params_ui_tutorial to None, run_after=None
[2024-11-24T09:02:38.491+0000] {processor.py:208} INFO - Processing /home/airflow/.local/lib/python3.12/site-packages/airflow/example_dags/example_params_ui_tutorial.py took 0.114 seconds
[2024-11-24T09:03:15.170+0000] {processor.py:186} INFO - Started process (PID=5287) to work on /home/airflow/.local/lib/python3.12/site-packages/airflow/example_dags/example_params_ui_tutorial.py
[2024-11-24T09:03:15.175+0000] {processor.py:914} INFO - Processing file /home/airflow/.local/lib/python3.12/site-packages/airflow/example_dags/example_params_ui_tutorial.py for tasks to queue
[2024-11-24T09:03:15.192+0000] {logging_mixin.py:190} INFO - [2024-11-24T09:03:15.191+0000] {dagbag.py:588} INFO - Filling up the DagBag from /home/airflow/.local/lib/python3.12/site-packages/airflow/example_dags/example_params_ui_tutorial.py
[2024-11-24T09:03:15.246+0000] {processor.py:925} INFO - DAG(s) 'example_params_ui_tutorial' retrieved from /home/airflow/.local/lib/python3.12/site-packages/airflow/example_dags/example_params_ui_tutorial.py
[2024-11-24T09:03:15.481+0000] {logging_mixin.py:190} INFO - [2024-11-24T09:03:15.481+0000] {dag.py:3239} INFO - Sync 1 DAGs
[2024-11-24T09:03:15.534+0000] {logging_mixin.py:190} INFO - [2024-11-24T09:03:15.534+0000] {dag.py:4180} INFO - Setting next_dagrun for example_params_ui_tutorial to None, run_after=None
[2024-11-24T09:03:15.587+0000] {processor.py:208} INFO - Processing /home/airflow/.local/lib/python3.12/site-packages/airflow/example_dags/example_params_ui_tutorial.py took 0.456 seconds
[2024-11-24T09:03:52.449+0000] {processor.py:186} INFO - Started process (PID=5594) to work on /home/airflow/.local/lib/python3.12/site-packages/airflow/example_dags/example_params_ui_tutorial.py
[2024-11-24T09:03:52.452+0000] {processor.py:914} INFO - Processing file /home/airflow/.local/lib/python3.12/site-packages/airflow/example_dags/example_params_ui_tutorial.py for tasks to queue
[2024-11-24T09:03:52.457+0000] {logging_mixin.py:190} INFO - [2024-11-24T09:03:52.457+0000] {dagbag.py:588} INFO - Filling up the DagBag from /home/airflow/.local/lib/python3.12/site-packages/airflow/example_dags/example_params_ui_tutorial.py
[2024-11-24T09:03:52.480+0000] {processor.py:925} INFO - DAG(s) 'example_params_ui_tutorial' retrieved from /home/airflow/.local/lib/python3.12/site-packages/airflow/example_dags/example_params_ui_tutorial.py
[2024-11-24T09:03:52.584+0000] {logging_mixin.py:190} INFO - [2024-11-24T09:03:52.583+0000] {dag.py:3239} INFO - Sync 1 DAGs
[2024-11-24T09:03:52.617+0000] {logging_mixin.py:190} INFO - [2024-11-24T09:03:52.617+0000] {dag.py:4180} INFO - Setting next_dagrun for example_params_ui_tutorial to None, run_after=None
[2024-11-24T09:03:52.650+0000] {processor.py:208} INFO - Processing /home/airflow/.local/lib/python3.12/site-packages/airflow/example_dags/example_params_ui_tutorial.py took 0.218 seconds
[2024-11-24T09:04:23.129+0000] {processor.py:186} INFO - Started process (PID=5885) to work on /home/airflow/.local/lib/python3.12/site-packages/airflow/example_dags/example_params_ui_tutorial.py
[2024-11-24T09:04:23.131+0000] {processor.py:914} INFO - Processing file /home/airflow/.local/lib/python3.12/site-packages/airflow/example_dags/example_params_ui_tutorial.py for tasks to queue
[2024-11-24T09:04:23.136+0000] {logging_mixin.py:190} INFO - [2024-11-24T09:04:23.135+0000] {dagbag.py:588} INFO - Filling up the DagBag from /home/airflow/.local/lib/python3.12/site-packages/airflow/example_dags/example_params_ui_tutorial.py
[2024-11-24T09:04:23.157+0000] {processor.py:925} INFO - DAG(s) 'example_params_ui_tutorial' retrieved from /home/airflow/.local/lib/python3.12/site-packages/airflow/example_dags/example_params_ui_tutorial.py
[2024-11-24T09:04:23.248+0000] {logging_mixin.py:190} INFO - [2024-11-24T09:04:23.247+0000] {dag.py:3239} INFO - Sync 1 DAGs
[2024-11-24T09:04:23.281+0000] {logging_mixin.py:190} INFO - [2024-11-24T09:04:23.281+0000] {dag.py:4180} INFO - Setting next_dagrun for example_params_ui_tutorial to None, run_after=None
[2024-11-24T09:04:23.317+0000] {processor.py:208} INFO - Processing /home/airflow/.local/lib/python3.12/site-packages/airflow/example_dags/example_params_ui_tutorial.py took 0.197 seconds
[2024-11-24T09:04:54.674+0000] {processor.py:186} INFO - Started process (PID=6176) to work on /home/airflow/.local/lib/python3.12/site-packages/airflow/example_dags/example_params_ui_tutorial.py
[2024-11-24T09:04:54.677+0000] {processor.py:914} INFO - Processing file /home/airflow/.local/lib/python3.12/site-packages/airflow/example_dags/example_params_ui_tutorial.py for tasks to queue
[2024-11-24T09:04:54.684+0000] {logging_mixin.py:190} INFO - [2024-11-24T09:04:54.684+0000] {dagbag.py:588} INFO - Filling up the DagBag from /home/airflow/.local/lib/python3.12/site-packages/airflow/example_dags/example_params_ui_tutorial.py
[2024-11-24T09:04:54.708+0000] {processor.py:925} INFO - DAG(s) 'example_params_ui_tutorial' retrieved from /home/airflow/.local/lib/python3.12/site-packages/airflow/example_dags/example_params_ui_tutorial.py
[2024-11-24T09:04:54.801+0000] {logging_mixin.py:190} INFO - [2024-11-24T09:04:54.801+0000] {dag.py:3239} INFO - Sync 1 DAGs
[2024-11-24T09:04:54.834+0000] {logging_mixin.py:190} INFO - [2024-11-24T09:04:54.834+0000] {dag.py:4180} INFO - Setting next_dagrun for example_params_ui_tutorial to None, run_after=None
[2024-11-24T09:04:54.879+0000] {processor.py:208} INFO - Processing /home/airflow/.local/lib/python3.12/site-packages/airflow/example_dags/example_params_ui_tutorial.py took 0.218 seconds
[2024-11-24T09:05:27.281+0000] {processor.py:186} INFO - Started process (PID=6464) to work on /home/airflow/.local/lib/python3.12/site-packages/airflow/example_dags/example_params_ui_tutorial.py
[2024-11-24T09:05:27.287+0000] {processor.py:914} INFO - Processing file /home/airflow/.local/lib/python3.12/site-packages/airflow/example_dags/example_params_ui_tutorial.py for tasks to queue
[2024-11-24T09:05:27.303+0000] {logging_mixin.py:190} INFO - [2024-11-24T09:05:27.302+0000] {dagbag.py:588} INFO - Filling up the DagBag from /home/airflow/.local/lib/python3.12/site-packages/airflow/example_dags/example_params_ui_tutorial.py
[2024-11-24T09:05:27.367+0000] {processor.py:925} INFO - DAG(s) 'example_params_ui_tutorial' retrieved from /home/airflow/.local/lib/python3.12/site-packages/airflow/example_dags/example_params_ui_tutorial.py
[2024-11-24T09:05:27.682+0000] {logging_mixin.py:190} INFO - [2024-11-24T09:05:27.681+0000] {dag.py:3239} INFO - Sync 1 DAGs
[2024-11-24T09:05:27.782+0000] {logging_mixin.py:190} INFO - [2024-11-24T09:05:27.781+0000] {dag.py:4180} INFO - Setting next_dagrun for example_params_ui_tutorial to None, run_after=None
[2024-11-24T09:05:27.889+0000] {processor.py:208} INFO - Processing /home/airflow/.local/lib/python3.12/site-packages/airflow/example_dags/example_params_ui_tutorial.py took 0.645 seconds
[2024-11-24T09:05:58.853+0000] {processor.py:186} INFO - Started process (PID=6753) to work on /home/airflow/.local/lib/python3.12/site-packages/airflow/example_dags/example_params_ui_tutorial.py
[2024-11-24T09:05:58.865+0000] {processor.py:914} INFO - Processing file /home/airflow/.local/lib/python3.12/site-packages/airflow/example_dags/example_params_ui_tutorial.py for tasks to queue
[2024-11-24T09:05:58.876+0000] {logging_mixin.py:190} INFO - [2024-11-24T09:05:58.875+0000] {dagbag.py:588} INFO - Filling up the DagBag from /home/airflow/.local/lib/python3.12/site-packages/airflow/example_dags/example_params_ui_tutorial.py
[2024-11-24T09:05:59.015+0000] {processor.py:925} INFO - DAG(s) 'example_params_ui_tutorial' retrieved from /home/airflow/.local/lib/python3.12/site-packages/airflow/example_dags/example_params_ui_tutorial.py
[2024-11-24T09:05:59.369+0000] {logging_mixin.py:190} INFO - [2024-11-24T09:05:59.369+0000] {dag.py:3239} INFO - Sync 1 DAGs
[2024-11-24T09:05:59.550+0000] {logging_mixin.py:190} INFO - [2024-11-24T09:05:59.548+0000] {dag.py:4180} INFO - Setting next_dagrun for example_params_ui_tutorial to None, run_after=None
[2024-11-24T09:05:59.719+0000] {processor.py:208} INFO - Processing /home/airflow/.local/lib/python3.12/site-packages/airflow/example_dags/example_params_ui_tutorial.py took 0.912 seconds
[2024-11-24T09:06:30.724+0000] {processor.py:186} INFO - Started process (PID=7041) to work on /home/airflow/.local/lib/python3.12/site-packages/airflow/example_dags/example_params_ui_tutorial.py
