[2024-11-24T08:42:56.418+0000] {processor.py:186} INFO - Started process (PID=278) to work on /home/airflow/.local/lib/python3.12/site-packages/airflow/example_dags/example_dataset_alias.py
[2024-11-24T08:42:56.420+0000] {processor.py:914} INFO - Processing file /home/airflow/.local/lib/python3.12/site-packages/airflow/example_dags/example_dataset_alias.py for tasks to queue
[2024-11-24T08:42:56.424+0000] {logging_mixin.py:190} INFO - [2024-11-24T08:42:56.423+0000] {dagbag.py:588} INFO - Filling up the DagBag from /home/airflow/.local/lib/python3.12/site-packages/airflow/example_dags/example_dataset_alias.py
[2024-11-24T08:42:57.560+0000] {processor.py:925} INFO - DAG(s) 'dataset_alias_example_alias_consumer', 'dataset_s3_bucket_consumer', 'dataset_alias_example_alias_producer', 'dataset_s3_bucket_producer' retrieved from /home/airflow/.local/lib/python3.12/site-packages/airflow/example_dags/example_dataset_alias.py
[2024-11-24T08:42:57.731+0000] {logging_mixin.py:190} INFO - [2024-11-24T08:42:57.729+0000] {override.py:1911} INFO - Created Permission View: can read on DAG:dataset_alias_example_alias_consumer
[2024-11-24T08:42:57.747+0000] {logging_mixin.py:190} INFO - [2024-11-24T08:42:57.746+0000] {override.py:1911} INFO - Created Permission View: can edit on DAG:dataset_alias_example_alias_consumer
[2024-11-24T08:42:57.759+0000] {logging_mixin.py:190} INFO - [2024-11-24T08:42:57.758+0000] {override.py:1911} INFO - Created Permission View: can delete on DAG:dataset_alias_example_alias_consumer
[2024-11-24T08:42:57.788+0000] {logging_mixin.py:190} INFO - [2024-11-24T08:42:57.787+0000] {override.py:1911} INFO - Created Permission View: can read on DAG Run:dataset_alias_example_alias_consumer
[2024-11-24T08:42:57.799+0000] {logging_mixin.py:190} INFO - [2024-11-24T08:42:57.799+0000] {override.py:1911} INFO - Created Permission View: can delete on DAG Run:dataset_alias_example_alias_consumer
[2024-11-24T08:42:57.816+0000] {logging_mixin.py:190} INFO - [2024-11-24T08:42:57.816+0000] {override.py:1911} INFO - Created Permission View: can create on DAG Run:dataset_alias_example_alias_consumer
[2024-11-24T08:42:57.829+0000] {logging_mixin.py:190} INFO - [2024-11-24T08:42:57.828+0000] {override.py:1911} INFO - Created Permission View: menu access on DAG Run:dataset_alias_example_alias_consumer
[2024-11-24T08:42:57.855+0000] {logging_mixin.py:190} INFO - [2024-11-24T08:42:57.854+0000] {override.py:1911} INFO - Created Permission View: can read on DAG:dataset_s3_bucket_consumer
[2024-11-24T08:42:57.871+0000] {logging_mixin.py:190} INFO - [2024-11-24T08:42:57.870+0000] {override.py:1911} INFO - Created Permission View: can edit on DAG:dataset_s3_bucket_consumer
[2024-11-24T08:42:57.883+0000] {logging_mixin.py:190} INFO - [2024-11-24T08:42:57.882+0000] {override.py:1911} INFO - Created Permission View: can delete on DAG:dataset_s3_bucket_consumer
[2024-11-24T08:42:57.898+0000] {logging_mixin.py:190} INFO - [2024-11-24T08:42:57.897+0000] {override.py:1911} INFO - Created Permission View: can read on DAG Run:dataset_s3_bucket_consumer
[2024-11-24T08:42:57.908+0000] {logging_mixin.py:190} INFO - [2024-11-24T08:42:57.907+0000] {override.py:1911} INFO - Created Permission View: can delete on DAG Run:dataset_s3_bucket_consumer
[2024-11-24T08:42:57.921+0000] {logging_mixin.py:190} INFO - [2024-11-24T08:42:57.921+0000] {override.py:1911} INFO - Created Permission View: can create on DAG Run:dataset_s3_bucket_consumer
[2024-11-24T08:42:57.938+0000] {logging_mixin.py:190} INFO - [2024-11-24T08:42:57.937+0000] {override.py:1911} INFO - Created Permission View: menu access on DAG Run:dataset_s3_bucket_consumer
[2024-11-24T08:42:57.963+0000] {logging_mixin.py:190} INFO - [2024-11-24T08:42:57.963+0000] {override.py:1911} INFO - Created Permission View: can read on DAG:dataset_alias_example_alias_producer
[2024-11-24T08:42:57.979+0000] {logging_mixin.py:190} INFO - [2024-11-24T08:42:57.979+0000] {override.py:1911} INFO - Created Permission View: can edit on DAG:dataset_alias_example_alias_producer
[2024-11-24T08:42:57.997+0000] {logging_mixin.py:190} INFO - [2024-11-24T08:42:57.996+0000] {override.py:1911} INFO - Created Permission View: can delete on DAG:dataset_alias_example_alias_producer
[2024-11-24T08:42:58.017+0000] {logging_mixin.py:190} INFO - [2024-11-24T08:42:58.016+0000] {override.py:1911} INFO - Created Permission View: can read on DAG Run:dataset_alias_example_alias_producer
[2024-11-24T08:42:58.031+0000] {logging_mixin.py:190} INFO - [2024-11-24T08:42:58.030+0000] {override.py:1911} INFO - Created Permission View: can delete on DAG Run:dataset_alias_example_alias_producer
[2024-11-24T08:42:58.044+0000] {logging_mixin.py:190} INFO - [2024-11-24T08:42:58.044+0000] {override.py:1911} INFO - Created Permission View: can create on DAG Run:dataset_alias_example_alias_producer
[2024-11-24T08:42:58.056+0000] {logging_mixin.py:190} INFO - [2024-11-24T08:42:58.056+0000] {override.py:1911} INFO - Created Permission View: menu access on DAG Run:dataset_alias_example_alias_producer
[2024-11-24T08:42:58.081+0000] {logging_mixin.py:190} INFO - [2024-11-24T08:42:58.080+0000] {override.py:1911} INFO - Created Permission View: can read on DAG:dataset_s3_bucket_producer
[2024-11-24T08:42:58.094+0000] {logging_mixin.py:190} INFO - [2024-11-24T08:42:58.093+0000] {override.py:1911} INFO - Created Permission View: can edit on DAG:dataset_s3_bucket_producer
[2024-11-24T08:42:58.107+0000] {logging_mixin.py:190} INFO - [2024-11-24T08:42:58.106+0000] {override.py:1911} INFO - Created Permission View: can delete on DAG:dataset_s3_bucket_producer
[2024-11-24T08:42:58.120+0000] {logging_mixin.py:190} INFO - [2024-11-24T08:42:58.120+0000] {override.py:1911} INFO - Created Permission View: can read on DAG Run:dataset_s3_bucket_producer
[2024-11-24T08:42:58.130+0000] {logging_mixin.py:190} INFO - [2024-11-24T08:42:58.130+0000] {override.py:1911} INFO - Created Permission View: can delete on DAG Run:dataset_s3_bucket_producer
[2024-11-24T08:42:58.142+0000] {logging_mixin.py:190} INFO - [2024-11-24T08:42:58.142+0000] {override.py:1911} INFO - Created Permission View: can create on DAG Run:dataset_s3_bucket_producer
[2024-11-24T08:42:58.155+0000] {logging_mixin.py:190} INFO - [2024-11-24T08:42:58.155+0000] {override.py:1911} INFO - Created Permission View: menu access on DAG Run:dataset_s3_bucket_producer
[2024-11-24T08:42:58.157+0000] {logging_mixin.py:190} INFO - [2024-11-24T08:42:58.156+0000] {dag.py:3239} INFO - Sync 4 DAGs
[2024-11-24T08:42:58.179+0000] {logging_mixin.py:190} INFO - [2024-11-24T08:42:58.178+0000] {dag.py:3262} INFO - Creating ORM DAG for dataset_s3_bucket_consumer
[2024-11-24T08:42:58.180+0000] {logging_mixin.py:190} INFO - [2024-11-24T08:42:58.180+0000] {dag.py:3262} INFO - Creating ORM DAG for dataset_alias_example_alias_consumer
[2024-11-24T08:42:58.181+0000] {logging_mixin.py:190} INFO - [2024-11-24T08:42:58.181+0000] {dag.py:3262} INFO - Creating ORM DAG for dataset_s3_bucket_producer
[2024-11-24T08:42:58.183+0000] {logging_mixin.py:190} INFO - [2024-11-24T08:42:58.182+0000] {dag.py:3262} INFO - Creating ORM DAG for dataset_alias_example_alias_producer
[2024-11-24T08:42:58.197+0000] {logging_mixin.py:190} INFO - [2024-11-24T08:42:58.197+0000] {dag.py:4180} INFO - Setting next_dagrun for dataset_alias_example_alias_consumer to None, run_after=None
[2024-11-24T08:42:58.199+0000] {logging_mixin.py:190} INFO - [2024-11-24T08:42:58.198+0000] {dag.py:4180} INFO - Setting next_dagrun for dataset_alias_example_alias_producer to None, run_after=None
[2024-11-24T08:42:58.200+0000] {logging_mixin.py:190} INFO - [2024-11-24T08:42:58.199+0000] {dag.py:4180} INFO - Setting next_dagrun for dataset_s3_bucket_consumer to None, run_after=None
[2024-11-24T08:42:58.201+0000] {logging_mixin.py:190} INFO - [2024-11-24T08:42:58.201+0000] {dag.py:4180} INFO - Setting next_dagrun for dataset_s3_bucket_producer to None, run_after=None
[2024-11-24T08:42:58.251+0000] {processor.py:208} INFO - Processing /home/airflow/.local/lib/python3.12/site-packages/airflow/example_dags/example_dataset_alias.py took 1.841 seconds
[2024-11-24T08:43:29.221+0000] {processor.py:186} INFO - Started process (PID=581) to work on /home/airflow/.local/lib/python3.12/site-packages/airflow/example_dags/example_dataset_alias.py
[2024-11-24T08:43:29.222+0000] {processor.py:914} INFO - Processing file /home/airflow/.local/lib/python3.12/site-packages/airflow/example_dags/example_dataset_alias.py for tasks to queue
[2024-11-24T08:43:29.225+0000] {logging_mixin.py:190} INFO - [2024-11-24T08:43:29.224+0000] {dagbag.py:588} INFO - Filling up the DagBag from /home/airflow/.local/lib/python3.12/site-packages/airflow/example_dags/example_dataset_alias.py
[2024-11-24T08:43:30.043+0000] {processor.py:925} INFO - DAG(s) 'dataset_s3_bucket_producer', 'dataset_alias_example_alias_producer', 'dataset_s3_bucket_consumer', 'dataset_alias_example_alias_consumer' retrieved from /home/airflow/.local/lib/python3.12/site-packages/airflow/example_dags/example_dataset_alias.py
[2024-11-24T08:43:30.068+0000] {logging_mixin.py:190} INFO - [2024-11-24T08:43:30.067+0000] {dag.py:3239} INFO - Sync 4 DAGs
[2024-11-24T08:43:30.099+0000] {logging_mixin.py:190} INFO - [2024-11-24T08:43:30.098+0000] {dag.py:4180} INFO - Setting next_dagrun for dataset_alias_example_alias_consumer to None, run_after=None
[2024-11-24T08:43:30.102+0000] {logging_mixin.py:190} INFO - [2024-11-24T08:43:30.102+0000] {dag.py:4180} INFO - Setting next_dagrun for dataset_alias_example_alias_producer to None, run_after=None
[2024-11-24T08:43:30.104+0000] {logging_mixin.py:190} INFO - [2024-11-24T08:43:30.104+0000] {dag.py:4180} INFO - Setting next_dagrun for dataset_s3_bucket_consumer to None, run_after=None
[2024-11-24T08:43:30.106+0000] {logging_mixin.py:190} INFO - [2024-11-24T08:43:30.106+0000] {dag.py:4180} INFO - Setting next_dagrun for dataset_s3_bucket_producer to None, run_after=None
[2024-11-24T08:43:30.134+0000] {processor.py:208} INFO - Processing /home/airflow/.local/lib/python3.12/site-packages/airflow/example_dags/example_dataset_alias.py took 0.920 seconds
[2024-11-24T08:44:00.764+0000] {processor.py:186} INFO - Started process (PID=882) to work on /home/airflow/.local/lib/python3.12/site-packages/airflow/example_dags/example_dataset_alias.py
[2024-11-24T08:44:00.771+0000] {processor.py:914} INFO - Processing file /home/airflow/.local/lib/python3.12/site-packages/airflow/example_dags/example_dataset_alias.py for tasks to queue
[2024-11-24T08:44:00.773+0000] {logging_mixin.py:190} INFO - [2024-11-24T08:44:00.773+0000] {dagbag.py:588} INFO - Filling up the DagBag from /home/airflow/.local/lib/python3.12/site-packages/airflow/example_dags/example_dataset_alias.py
[2024-11-24T08:44:01.403+0000] {processor.py:925} INFO - DAG(s) 'dataset_s3_bucket_consumer', 'dataset_s3_bucket_producer', 'dataset_alias_example_alias_consumer', 'dataset_alias_example_alias_producer' retrieved from /home/airflow/.local/lib/python3.12/site-packages/airflow/example_dags/example_dataset_alias.py
[2024-11-24T08:44:01.428+0000] {logging_mixin.py:190} INFO - [2024-11-24T08:44:01.427+0000] {dag.py:3239} INFO - Sync 4 DAGs
[2024-11-24T08:44:01.453+0000] {logging_mixin.py:190} INFO - [2024-11-24T08:44:01.453+0000] {dag.py:4180} INFO - Setting next_dagrun for dataset_alias_example_alias_consumer to None, run_after=None
[2024-11-24T08:44:01.456+0000] {logging_mixin.py:190} INFO - [2024-11-24T08:44:01.456+0000] {dag.py:4180} INFO - Setting next_dagrun for dataset_alias_example_alias_producer to None, run_after=None
[2024-11-24T08:44:01.458+0000] {logging_mixin.py:190} INFO - [2024-11-24T08:44:01.458+0000] {dag.py:4180} INFO - Setting next_dagrun for dataset_s3_bucket_consumer to None, run_after=None
[2024-11-24T08:44:01.460+0000] {logging_mixin.py:190} INFO - [2024-11-24T08:44:01.460+0000] {dag.py:4180} INFO - Setting next_dagrun for dataset_s3_bucket_producer to None, run_after=None
[2024-11-24T08:44:01.484+0000] {processor.py:208} INFO - Processing /home/airflow/.local/lib/python3.12/site-packages/airflow/example_dags/example_dataset_alias.py took 0.727 seconds
[2024-11-24T08:44:31.750+0000] {processor.py:186} INFO - Started process (PID=1173) to work on /home/airflow/.local/lib/python3.12/site-packages/airflow/example_dags/example_dataset_alias.py
[2024-11-24T08:44:31.754+0000] {processor.py:914} INFO - Processing file /home/airflow/.local/lib/python3.12/site-packages/airflow/example_dags/example_dataset_alias.py for tasks to queue
[2024-11-24T08:44:31.757+0000] {logging_mixin.py:190} INFO - [2024-11-24T08:44:31.757+0000] {dagbag.py:588} INFO - Filling up the DagBag from /home/airflow/.local/lib/python3.12/site-packages/airflow/example_dags/example_dataset_alias.py
[2024-11-24T08:44:32.351+0000] {processor.py:925} INFO - DAG(s) 'dataset_alias_example_alias_consumer', 'dataset_s3_bucket_consumer', 'dataset_s3_bucket_producer', 'dataset_alias_example_alias_producer' retrieved from /home/airflow/.local/lib/python3.12/site-packages/airflow/example_dags/example_dataset_alias.py
[2024-11-24T08:44:32.383+0000] {logging_mixin.py:190} INFO - [2024-11-24T08:44:32.382+0000] {dag.py:3239} INFO - Sync 4 DAGs
[2024-11-24T08:44:32.409+0000] {logging_mixin.py:190} INFO - [2024-11-24T08:44:32.408+0000] {dag.py:4180} INFO - Setting next_dagrun for dataset_alias_example_alias_consumer to None, run_after=None
[2024-11-24T08:44:32.412+0000] {logging_mixin.py:190} INFO - [2024-11-24T08:44:32.412+0000] {dag.py:4180} INFO - Setting next_dagrun for dataset_alias_example_alias_producer to None, run_after=None
[2024-11-24T08:44:32.414+0000] {logging_mixin.py:190} INFO - [2024-11-24T08:44:32.414+0000] {dag.py:4180} INFO - Setting next_dagrun for dataset_s3_bucket_consumer to None, run_after=None
[2024-11-24T08:44:32.416+0000] {logging_mixin.py:190} INFO - [2024-11-24T08:44:32.416+0000] {dag.py:4180} INFO - Setting next_dagrun for dataset_s3_bucket_producer to None, run_after=None
[2024-11-24T08:44:32.441+0000] {processor.py:208} INFO - Processing /home/airflow/.local/lib/python3.12/site-packages/airflow/example_dags/example_dataset_alias.py took 0.696 seconds
[2024-11-24T08:45:02.705+0000] {processor.py:186} INFO - Started process (PID=1464) to work on /home/airflow/.local/lib/python3.12/site-packages/airflow/example_dags/example_dataset_alias.py
[2024-11-24T08:45:02.707+0000] {processor.py:914} INFO - Processing file /home/airflow/.local/lib/python3.12/site-packages/airflow/example_dags/example_dataset_alias.py for tasks to queue
[2024-11-24T08:45:02.709+0000] {logging_mixin.py:190} INFO - [2024-11-24T08:45:02.709+0000] {dagbag.py:588} INFO - Filling up the DagBag from /home/airflow/.local/lib/python3.12/site-packages/airflow/example_dags/example_dataset_alias.py
[2024-11-24T08:45:03.315+0000] {processor.py:925} INFO - DAG(s) 'dataset_alias_example_alias_consumer', 'dataset_s3_bucket_consumer', 'dataset_s3_bucket_producer', 'dataset_alias_example_alias_producer' retrieved from /home/airflow/.local/lib/python3.12/site-packages/airflow/example_dags/example_dataset_alias.py
[2024-11-24T08:45:03.339+0000] {logging_mixin.py:190} INFO - [2024-11-24T08:45:03.338+0000] {dag.py:3239} INFO - Sync 4 DAGs
[2024-11-24T08:45:03.369+0000] {logging_mixin.py:190} INFO - [2024-11-24T08:45:03.368+0000] {dag.py:4180} INFO - Setting next_dagrun for dataset_alias_example_alias_consumer to None, run_after=None
[2024-11-24T08:45:03.372+0000] {logging_mixin.py:190} INFO - [2024-11-24T08:45:03.372+0000] {dag.py:4180} INFO - Setting next_dagrun for dataset_alias_example_alias_producer to None, run_after=None
[2024-11-24T08:45:03.373+0000] {logging_mixin.py:190} INFO - [2024-11-24T08:45:03.373+0000] {dag.py:4180} INFO - Setting next_dagrun for dataset_s3_bucket_consumer to None, run_after=None
[2024-11-24T08:45:03.375+0000] {logging_mixin.py:190} INFO - [2024-11-24T08:45:03.375+0000] {dag.py:4180} INFO - Setting next_dagrun for dataset_s3_bucket_producer to None, run_after=None
[2024-11-24T08:45:03.396+0000] {processor.py:208} INFO - Processing /home/airflow/.local/lib/python3.12/site-packages/airflow/example_dags/example_dataset_alias.py took 0.697 seconds
[2024-11-24T08:45:34.068+0000] {processor.py:186} INFO - Started process (PID=1755) to work on /home/airflow/.local/lib/python3.12/site-packages/airflow/example_dags/example_dataset_alias.py
[2024-11-24T08:45:34.070+0000] {processor.py:914} INFO - Processing file /home/airflow/.local/lib/python3.12/site-packages/airflow/example_dags/example_dataset_alias.py for tasks to queue
[2024-11-24T08:45:34.074+0000] {logging_mixin.py:190} INFO - [2024-11-24T08:45:34.074+0000] {dagbag.py:588} INFO - Filling up the DagBag from /home/airflow/.local/lib/python3.12/site-packages/airflow/example_dags/example_dataset_alias.py
[2024-11-24T08:45:35.050+0000] {processor.py:925} INFO - DAG(s) 'dataset_alias_example_alias_consumer', 'dataset_s3_bucket_consumer', 'dataset_s3_bucket_producer', 'dataset_alias_example_alias_producer' retrieved from /home/airflow/.local/lib/python3.12/site-packages/airflow/example_dags/example_dataset_alias.py
[2024-11-24T08:45:35.079+0000] {logging_mixin.py:190} INFO - [2024-11-24T08:45:35.078+0000] {dag.py:3239} INFO - Sync 4 DAGs
[2024-11-24T08:45:35.112+0000] {logging_mixin.py:190} INFO - [2024-11-24T08:45:35.111+0000] {dag.py:4180} INFO - Setting next_dagrun for dataset_alias_example_alias_consumer to None, run_after=None
[2024-11-24T08:45:35.116+0000] {logging_mixin.py:190} INFO - [2024-11-24T08:45:35.116+0000] {dag.py:4180} INFO - Setting next_dagrun for dataset_alias_example_alias_producer to None, run_after=None
[2024-11-24T08:45:35.118+0000] {logging_mixin.py:190} INFO - [2024-11-24T08:45:35.118+0000] {dag.py:4180} INFO - Setting next_dagrun for dataset_s3_bucket_consumer to None, run_after=None
[2024-11-24T08:45:35.120+0000] {logging_mixin.py:190} INFO - [2024-11-24T08:45:35.119+0000] {dag.py:4180} INFO - Setting next_dagrun for dataset_s3_bucket_producer to None, run_after=None
[2024-11-24T08:45:35.149+0000] {processor.py:208} INFO - Processing /home/airflow/.local/lib/python3.12/site-packages/airflow/example_dags/example_dataset_alias.py took 1.091 seconds
[2024-11-24T08:46:05.303+0000] {processor.py:186} INFO - Started process (PID=2046) to work on /home/airflow/.local/lib/python3.12/site-packages/airflow/example_dags/example_dataset_alias.py
[2024-11-24T08:46:05.304+0000] {processor.py:914} INFO - Processing file /home/airflow/.local/lib/python3.12/site-packages/airflow/example_dags/example_dataset_alias.py for tasks to queue
[2024-11-24T08:46:05.307+0000] {logging_mixin.py:190} INFO - [2024-11-24T08:46:05.307+0000] {dagbag.py:588} INFO - Filling up the DagBag from /home/airflow/.local/lib/python3.12/site-packages/airflow/example_dags/example_dataset_alias.py
[2024-11-24T08:46:05.934+0000] {processor.py:925} INFO - DAG(s) 'dataset_s3_bucket_producer', 'dataset_alias_example_alias_consumer', 'dataset_alias_example_alias_producer', 'dataset_s3_bucket_consumer' retrieved from /home/airflow/.local/lib/python3.12/site-packages/airflow/example_dags/example_dataset_alias.py
[2024-11-24T08:46:05.955+0000] {logging_mixin.py:190} INFO - [2024-11-24T08:46:05.955+0000] {dag.py:3239} INFO - Sync 4 DAGs
[2024-11-24T08:46:05.978+0000] {logging_mixin.py:190} INFO - [2024-11-24T08:46:05.977+0000] {dag.py:4180} INFO - Setting next_dagrun for dataset_alias_example_alias_consumer to None, run_after=None
[2024-11-24T08:46:05.981+0000] {logging_mixin.py:190} INFO - [2024-11-24T08:46:05.981+0000] {dag.py:4180} INFO - Setting next_dagrun for dataset_alias_example_alias_producer to None, run_after=None
[2024-11-24T08:46:05.983+0000] {logging_mixin.py:190} INFO - [2024-11-24T08:46:05.983+0000] {dag.py:4180} INFO - Setting next_dagrun for dataset_s3_bucket_consumer to None, run_after=None
[2024-11-24T08:46:05.985+0000] {logging_mixin.py:190} INFO - [2024-11-24T08:46:05.984+0000] {dag.py:4180} INFO - Setting next_dagrun for dataset_s3_bucket_producer to None, run_after=None
[2024-11-24T08:46:06.011+0000] {processor.py:208} INFO - Processing /home/airflow/.local/lib/python3.12/site-packages/airflow/example_dags/example_dataset_alias.py took 0.713 seconds
[2024-11-24T08:46:37.010+0000] {processor.py:186} INFO - Started process (PID=2337) to work on /home/airflow/.local/lib/python3.12/site-packages/airflow/example_dags/example_dataset_alias.py
[2024-11-24T08:46:37.014+0000] {processor.py:914} INFO - Processing file /home/airflow/.local/lib/python3.12/site-packages/airflow/example_dags/example_dataset_alias.py for tasks to queue
[2024-11-24T08:46:37.017+0000] {logging_mixin.py:190} INFO - [2024-11-24T08:46:37.017+0000] {dagbag.py:588} INFO - Filling up the DagBag from /home/airflow/.local/lib/python3.12/site-packages/airflow/example_dags/example_dataset_alias.py
[2024-11-24T08:46:37.803+0000] {processor.py:925} INFO - DAG(s) 'dataset_s3_bucket_consumer', 'dataset_alias_example_alias_producer', 'dataset_alias_example_alias_consumer', 'dataset_s3_bucket_producer' retrieved from /home/airflow/.local/lib/python3.12/site-packages/airflow/example_dags/example_dataset_alias.py
[2024-11-24T08:46:37.836+0000] {logging_mixin.py:190} INFO - [2024-11-24T08:46:37.836+0000] {dag.py:3239} INFO - Sync 4 DAGs
[2024-11-24T08:46:37.867+0000] {logging_mixin.py:190} INFO - [2024-11-24T08:46:37.867+0000] {dag.py:4180} INFO - Setting next_dagrun for dataset_alias_example_alias_consumer to None, run_after=None
[2024-11-24T08:46:37.871+0000] {logging_mixin.py:190} INFO - [2024-11-24T08:46:37.871+0000] {dag.py:4180} INFO - Setting next_dagrun for dataset_alias_example_alias_producer to None, run_after=None
[2024-11-24T08:46:37.874+0000] {logging_mixin.py:190} INFO - [2024-11-24T08:46:37.873+0000] {dag.py:4180} INFO - Setting next_dagrun for dataset_s3_bucket_consumer to None, run_after=None
[2024-11-24T08:46:37.876+0000] {logging_mixin.py:190} INFO - [2024-11-24T08:46:37.876+0000] {dag.py:4180} INFO - Setting next_dagrun for dataset_s3_bucket_producer to None, run_after=None
[2024-11-24T08:46:37.913+0000] {processor.py:208} INFO - Processing /home/airflow/.local/lib/python3.12/site-packages/airflow/example_dags/example_dataset_alias.py took 0.909 seconds
[2024-11-24T08:47:08.670+0000] {processor.py:186} INFO - Started process (PID=2628) to work on /home/airflow/.local/lib/python3.12/site-packages/airflow/example_dags/example_dataset_alias.py
[2024-11-24T08:47:08.671+0000] {processor.py:914} INFO - Processing file /home/airflow/.local/lib/python3.12/site-packages/airflow/example_dags/example_dataset_alias.py for tasks to queue
[2024-11-24T08:47:08.674+0000] {logging_mixin.py:190} INFO - [2024-11-24T08:47:08.674+0000] {dagbag.py:588} INFO - Filling up the DagBag from /home/airflow/.local/lib/python3.12/site-packages/airflow/example_dags/example_dataset_alias.py
[2024-11-24T08:47:09.306+0000] {processor.py:925} INFO - DAG(s) 'dataset_s3_bucket_consumer', 'dataset_s3_bucket_producer', 'dataset_alias_example_alias_producer', 'dataset_alias_example_alias_consumer' retrieved from /home/airflow/.local/lib/python3.12/site-packages/airflow/example_dags/example_dataset_alias.py
[2024-11-24T08:47:09.338+0000] {logging_mixin.py:190} INFO - [2024-11-24T08:47:09.337+0000] {dag.py:3239} INFO - Sync 4 DAGs
[2024-11-24T08:47:09.368+0000] {logging_mixin.py:190} INFO - [2024-11-24T08:47:09.367+0000] {dag.py:4180} INFO - Setting next_dagrun for dataset_alias_example_alias_consumer to None, run_after=None
[2024-11-24T08:47:09.371+0000] {logging_mixin.py:190} INFO - [2024-11-24T08:47:09.371+0000] {dag.py:4180} INFO - Setting next_dagrun for dataset_alias_example_alias_producer to None, run_after=None
[2024-11-24T08:47:09.434+0000] {logging_mixin.py:190} INFO - [2024-11-24T08:47:09.434+0000] {dag.py:4180} INFO - Setting next_dagrun for dataset_s3_bucket_consumer to None, run_after=None
[2024-11-24T08:47:09.457+0000] {logging_mixin.py:190} INFO - [2024-11-24T08:47:09.457+0000] {dag.py:4180} INFO - Setting next_dagrun for dataset_s3_bucket_producer to None, run_after=None
[2024-11-24T08:47:09.505+0000] {processor.py:208} INFO - Processing /home/airflow/.local/lib/python3.12/site-packages/airflow/example_dags/example_dataset_alias.py took 0.840 seconds
[2024-11-24T08:47:40.230+0000] {processor.py:186} INFO - Started process (PID=2919) to work on /home/airflow/.local/lib/python3.12/site-packages/airflow/example_dags/example_dataset_alias.py
[2024-11-24T08:47:40.232+0000] {processor.py:914} INFO - Processing file /home/airflow/.local/lib/python3.12/site-packages/airflow/example_dags/example_dataset_alias.py for tasks to queue
[2024-11-24T08:47:40.236+0000] {logging_mixin.py:190} INFO - [2024-11-24T08:47:40.235+0000] {dagbag.py:588} INFO - Filling up the DagBag from /home/airflow/.local/lib/python3.12/site-packages/airflow/example_dags/example_dataset_alias.py
[2024-11-24T08:47:41.039+0000] {processor.py:925} INFO - DAG(s) 'dataset_alias_example_alias_consumer', 'dataset_s3_bucket_consumer', 'dataset_alias_example_alias_producer', 'dataset_s3_bucket_producer' retrieved from /home/airflow/.local/lib/python3.12/site-packages/airflow/example_dags/example_dataset_alias.py
[2024-11-24T08:47:41.069+0000] {logging_mixin.py:190} INFO - [2024-11-24T08:47:41.068+0000] {dag.py:3239} INFO - Sync 4 DAGs
[2024-11-24T08:47:41.107+0000] {logging_mixin.py:190} INFO - [2024-11-24T08:47:41.107+0000] {dag.py:4180} INFO - Setting next_dagrun for dataset_alias_example_alias_consumer to None, run_after=None
[2024-11-24T08:47:41.111+0000] {logging_mixin.py:190} INFO - [2024-11-24T08:47:41.111+0000] {dag.py:4180} INFO - Setting next_dagrun for dataset_alias_example_alias_producer to None, run_after=None
[2024-11-24T08:47:41.117+0000] {logging_mixin.py:190} INFO - [2024-11-24T08:47:41.117+0000] {dag.py:4180} INFO - Setting next_dagrun for dataset_s3_bucket_consumer to None, run_after=None
[2024-11-24T08:47:41.120+0000] {logging_mixin.py:190} INFO - [2024-11-24T08:47:41.119+0000] {dag.py:4180} INFO - Setting next_dagrun for dataset_s3_bucket_producer to None, run_after=None
[2024-11-24T08:47:41.153+0000] {processor.py:208} INFO - Processing /home/airflow/.local/lib/python3.12/site-packages/airflow/example_dags/example_dataset_alias.py took 0.929 seconds
[2024-11-24T08:48:11.511+0000] {processor.py:186} INFO - Started process (PID=3210) to work on /home/airflow/.local/lib/python3.12/site-packages/airflow/example_dags/example_dataset_alias.py
[2024-11-24T08:48:11.512+0000] {processor.py:914} INFO - Processing file /home/airflow/.local/lib/python3.12/site-packages/airflow/example_dags/example_dataset_alias.py for tasks to queue
[2024-11-24T08:48:11.517+0000] {logging_mixin.py:190} INFO - [2024-11-24T08:48:11.517+0000] {dagbag.py:588} INFO - Filling up the DagBag from /home/airflow/.local/lib/python3.12/site-packages/airflow/example_dags/example_dataset_alias.py
[2024-11-24T08:48:12.419+0000] {processor.py:925} INFO - DAG(s) 'dataset_s3_bucket_producer', 'dataset_alias_example_alias_producer', 'dataset_alias_example_alias_consumer', 'dataset_s3_bucket_consumer' retrieved from /home/airflow/.local/lib/python3.12/site-packages/airflow/example_dags/example_dataset_alias.py
[2024-11-24T08:48:12.496+0000] {logging_mixin.py:190} INFO - [2024-11-24T08:48:12.494+0000] {dag.py:3239} INFO - Sync 4 DAGs
[2024-11-24T08:48:12.588+0000] {logging_mixin.py:190} INFO - [2024-11-24T08:48:12.588+0000] {dag.py:4180} INFO - Setting next_dagrun for dataset_alias_example_alias_consumer to None, run_after=None
[2024-11-24T08:48:12.594+0000] {logging_mixin.py:190} INFO - [2024-11-24T08:48:12.593+0000] {dag.py:4180} INFO - Setting next_dagrun for dataset_alias_example_alias_producer to None, run_after=None
[2024-11-24T08:48:12.597+0000] {logging_mixin.py:190} INFO - [2024-11-24T08:48:12.597+0000] {dag.py:4180} INFO - Setting next_dagrun for dataset_s3_bucket_consumer to None, run_after=None
[2024-11-24T08:48:12.600+0000] {logging_mixin.py:190} INFO - [2024-11-24T08:48:12.600+0000] {dag.py:4180} INFO - Setting next_dagrun for dataset_s3_bucket_producer to None, run_after=None
[2024-11-24T08:48:12.638+0000] {processor.py:208} INFO - Processing /home/airflow/.local/lib/python3.12/site-packages/airflow/example_dags/example_dataset_alias.py took 1.134 seconds
[2024-11-24T08:48:43.035+0000] {processor.py:186} INFO - Started process (PID=3501) to work on /home/airflow/.local/lib/python3.12/site-packages/airflow/example_dags/example_dataset_alias.py
[2024-11-24T08:48:43.037+0000] {processor.py:914} INFO - Processing file /home/airflow/.local/lib/python3.12/site-packages/airflow/example_dags/example_dataset_alias.py for tasks to queue
[2024-11-24T08:48:43.040+0000] {logging_mixin.py:190} INFO - [2024-11-24T08:48:43.040+0000] {dagbag.py:588} INFO - Filling up the DagBag from /home/airflow/.local/lib/python3.12/site-packages/airflow/example_dags/example_dataset_alias.py
[2024-11-24T08:48:44.139+0000] {processor.py:925} INFO - DAG(s) 'dataset_alias_example_alias_producer', 'dataset_s3_bucket_producer', 'dataset_s3_bucket_consumer', 'dataset_alias_example_alias_consumer' retrieved from /home/airflow/.local/lib/python3.12/site-packages/airflow/example_dags/example_dataset_alias.py
[2024-11-24T08:48:44.237+0000] {logging_mixin.py:190} INFO - [2024-11-24T08:48:44.236+0000] {dag.py:3239} INFO - Sync 4 DAGs
[2024-11-24T08:48:44.303+0000] {logging_mixin.py:190} INFO - [2024-11-24T08:48:44.302+0000] {dag.py:4180} INFO - Setting next_dagrun for dataset_alias_example_alias_consumer to None, run_after=None
[2024-11-24T08:48:44.308+0000] {logging_mixin.py:190} INFO - [2024-11-24T08:48:44.307+0000] {dag.py:4180} INFO - Setting next_dagrun for dataset_alias_example_alias_producer to None, run_after=None
[2024-11-24T08:48:44.311+0000] {logging_mixin.py:190} INFO - [2024-11-24T08:48:44.310+0000] {dag.py:4180} INFO - Setting next_dagrun for dataset_s3_bucket_consumer to None, run_after=None
[2024-11-24T08:48:44.313+0000] {logging_mixin.py:190} INFO - [2024-11-24T08:48:44.313+0000] {dag.py:4180} INFO - Setting next_dagrun for dataset_s3_bucket_producer to None, run_after=None
[2024-11-24T08:48:44.371+0000] {processor.py:208} INFO - Processing /home/airflow/.local/lib/python3.12/site-packages/airflow/example_dags/example_dataset_alias.py took 1.347 seconds
[2024-11-24T08:49:14.453+0000] {processor.py:186} INFO - Started process (PID=3792) to work on /home/airflow/.local/lib/python3.12/site-packages/airflow/example_dags/example_dataset_alias.py
[2024-11-24T08:49:14.454+0000] {processor.py:914} INFO - Processing file /home/airflow/.local/lib/python3.12/site-packages/airflow/example_dags/example_dataset_alias.py for tasks to queue
[2024-11-24T08:49:14.458+0000] {logging_mixin.py:190} INFO - [2024-11-24T08:49:14.457+0000] {dagbag.py:588} INFO - Filling up the DagBag from /home/airflow/.local/lib/python3.12/site-packages/airflow/example_dags/example_dataset_alias.py
[2024-11-24T08:49:15.481+0000] {processor.py:925} INFO - DAG(s) 'dataset_s3_bucket_producer', 'dataset_alias_example_alias_consumer', 'dataset_alias_example_alias_producer', 'dataset_s3_bucket_consumer' retrieved from /home/airflow/.local/lib/python3.12/site-packages/airflow/example_dags/example_dataset_alias.py
[2024-11-24T08:49:15.564+0000] {logging_mixin.py:190} INFO - [2024-11-24T08:49:15.562+0000] {dag.py:3239} INFO - Sync 4 DAGs
[2024-11-24T08:49:15.655+0000] {logging_mixin.py:190} INFO - [2024-11-24T08:49:15.654+0000] {dag.py:4180} INFO - Setting next_dagrun for dataset_alias_example_alias_consumer to None, run_after=None
[2024-11-24T08:49:15.660+0000] {logging_mixin.py:190} INFO - [2024-11-24T08:49:15.660+0000] {dag.py:4180} INFO - Setting next_dagrun for dataset_alias_example_alias_producer to None, run_after=None
[2024-11-24T08:49:15.663+0000] {logging_mixin.py:190} INFO - [2024-11-24T08:49:15.663+0000] {dag.py:4180} INFO - Setting next_dagrun for dataset_s3_bucket_consumer to None, run_after=None
[2024-11-24T08:49:15.666+0000] {logging_mixin.py:190} INFO - [2024-11-24T08:49:15.665+0000] {dag.py:4180} INFO - Setting next_dagrun for dataset_s3_bucket_producer to None, run_after=None
[2024-11-24T08:49:15.704+0000] {processor.py:208} INFO - Processing /home/airflow/.local/lib/python3.12/site-packages/airflow/example_dags/example_dataset_alias.py took 1.258 seconds
[2024-11-24T08:49:45.946+0000] {processor.py:186} INFO - Started process (PID=4083) to work on /home/airflow/.local/lib/python3.12/site-packages/airflow/example_dags/example_dataset_alias.py
[2024-11-24T08:49:45.948+0000] {processor.py:914} INFO - Processing file /home/airflow/.local/lib/python3.12/site-packages/airflow/example_dags/example_dataset_alias.py for tasks to queue
[2024-11-24T08:49:45.951+0000] {logging_mixin.py:190} INFO - [2024-11-24T08:49:45.951+0000] {dagbag.py:588} INFO - Filling up the DagBag from /home/airflow/.local/lib/python3.12/site-packages/airflow/example_dags/example_dataset_alias.py
[2024-11-24T08:49:47.071+0000] {processor.py:925} INFO - DAG(s) 'dataset_alias_example_alias_consumer', 'dataset_s3_bucket_producer', 'dataset_s3_bucket_consumer', 'dataset_alias_example_alias_producer' retrieved from /home/airflow/.local/lib/python3.12/site-packages/airflow/example_dags/example_dataset_alias.py
[2024-11-24T08:49:47.169+0000] {logging_mixin.py:190} INFO - [2024-11-24T08:49:47.167+0000] {dag.py:3239} INFO - Sync 4 DAGs
[2024-11-24T08:49:47.290+0000] {logging_mixin.py:190} INFO - [2024-11-24T08:49:47.290+0000] {dag.py:4180} INFO - Setting next_dagrun for dataset_alias_example_alias_consumer to None, run_after=None
[2024-11-24T08:49:47.297+0000] {logging_mixin.py:190} INFO - [2024-11-24T08:49:47.297+0000] {dag.py:4180} INFO - Setting next_dagrun for dataset_alias_example_alias_producer to None, run_after=None
[2024-11-24T08:49:47.301+0000] {logging_mixin.py:190} INFO - [2024-11-24T08:49:47.300+0000] {dag.py:4180} INFO - Setting next_dagrun for dataset_s3_bucket_consumer to None, run_after=None
[2024-11-24T08:49:47.303+0000] {logging_mixin.py:190} INFO - [2024-11-24T08:49:47.303+0000] {dag.py:4180} INFO - Setting next_dagrun for dataset_s3_bucket_producer to None, run_after=None
[2024-11-24T08:49:47.355+0000] {processor.py:208} INFO - Processing /home/airflow/.local/lib/python3.12/site-packages/airflow/example_dags/example_dataset_alias.py took 1.416 seconds
[2024-11-24T08:50:18.324+0000] {processor.py:186} INFO - Started process (PID=4372) to work on /home/airflow/.local/lib/python3.12/site-packages/airflow/example_dags/example_dataset_alias.py
[2024-11-24T08:50:18.339+0000] {processor.py:914} INFO - Processing file /home/airflow/.local/lib/python3.12/site-packages/airflow/example_dags/example_dataset_alias.py for tasks to queue
[2024-11-24T08:50:18.367+0000] {logging_mixin.py:190} INFO - [2024-11-24T08:50:18.366+0000] {dagbag.py:588} INFO - Filling up the DagBag from /home/airflow/.local/lib/python3.12/site-packages/airflow/example_dags/example_dataset_alias.py
[2024-11-24T08:50:21.369+0000] {processor.py:925} INFO - DAG(s) 'dataset_alias_example_alias_producer', 'dataset_s3_bucket_consumer', 'dataset_alias_example_alias_consumer', 'dataset_s3_bucket_producer' retrieved from /home/airflow/.local/lib/python3.12/site-packages/airflow/example_dags/example_dataset_alias.py
[2024-11-24T08:50:21.429+0000] {logging_mixin.py:190} INFO - [2024-11-24T08:50:21.429+0000] {dag.py:3239} INFO - Sync 4 DAGs
[2024-11-24T08:50:21.486+0000] {logging_mixin.py:190} INFO - [2024-11-24T08:50:21.485+0000] {dag.py:4180} INFO - Setting next_dagrun for dataset_alias_example_alias_consumer to None, run_after=None
[2024-11-24T08:50:21.492+0000] {logging_mixin.py:190} INFO - [2024-11-24T08:50:21.491+0000] {dag.py:4180} INFO - Setting next_dagrun for dataset_alias_example_alias_producer to None, run_after=None
[2024-11-24T08:50:21.495+0000] {logging_mixin.py:190} INFO - [2024-11-24T08:50:21.495+0000] {dag.py:4180} INFO - Setting next_dagrun for dataset_s3_bucket_consumer to None, run_after=None
[2024-11-24T08:50:21.498+0000] {logging_mixin.py:190} INFO - [2024-11-24T08:50:21.498+0000] {dag.py:4180} INFO - Setting next_dagrun for dataset_s3_bucket_producer to None, run_after=None
[2024-11-24T08:50:21.559+0000] {processor.py:208} INFO - Processing /home/airflow/.local/lib/python3.12/site-packages/airflow/example_dags/example_dataset_alias.py took 3.439 seconds
[2024-11-24T08:50:51.967+0000] {processor.py:186} INFO - Started process (PID=4665) to work on /home/airflow/.local/lib/python3.12/site-packages/airflow/example_dags/example_dataset_alias.py
[2024-11-24T08:50:51.970+0000] {processor.py:914} INFO - Processing file /home/airflow/.local/lib/python3.12/site-packages/airflow/example_dags/example_dataset_alias.py for tasks to queue
[2024-11-24T08:50:51.975+0000] {logging_mixin.py:190} INFO - [2024-11-24T08:50:51.974+0000] {dagbag.py:588} INFO - Filling up the DagBag from /home/airflow/.local/lib/python3.12/site-packages/airflow/example_dags/example_dataset_alias.py
[2024-11-24T08:50:55.275+0000] {processor.py:925} INFO - DAG(s) 'dataset_alias_example_alias_consumer', 'dataset_alias_example_alias_producer', 'dataset_s3_bucket_producer', 'dataset_s3_bucket_consumer' retrieved from /home/airflow/.local/lib/python3.12/site-packages/airflow/example_dags/example_dataset_alias.py
[2024-11-24T08:50:55.534+0000] {logging_mixin.py:190} INFO - [2024-11-24T08:50:55.524+0000] {dag.py:3239} INFO - Sync 4 DAGs
[2024-11-24T08:50:55.762+0000] {logging_mixin.py:190} INFO - [2024-11-24T08:50:55.761+0000] {dag.py:4180} INFO - Setting next_dagrun for dataset_alias_example_alias_consumer to None, run_after=None
[2024-11-24T08:50:55.778+0000] {logging_mixin.py:190} INFO - [2024-11-24T08:50:55.777+0000] {dag.py:4180} INFO - Setting next_dagrun for dataset_alias_example_alias_producer to None, run_after=None
[2024-11-24T08:50:55.786+0000] {logging_mixin.py:190} INFO - [2024-11-24T08:50:55.784+0000] {dag.py:4180} INFO - Setting next_dagrun for dataset_s3_bucket_consumer to None, run_after=None
[2024-11-24T08:50:55.794+0000] {logging_mixin.py:190} INFO - [2024-11-24T08:50:55.793+0000] {dag.py:4180} INFO - Setting next_dagrun for dataset_s3_bucket_producer to None, run_after=None
[2024-11-24T08:50:55.923+0000] {processor.py:208} INFO - Processing /home/airflow/.local/lib/python3.12/site-packages/airflow/example_dags/example_dataset_alias.py took 3.976 seconds
[2024-11-24T08:51:26.092+0000] {processor.py:186} INFO - Started process (PID=4961) to work on /home/airflow/.local/lib/python3.12/site-packages/airflow/example_dags/example_dataset_alias.py
[2024-11-24T08:51:26.094+0000] {processor.py:914} INFO - Processing file /home/airflow/.local/lib/python3.12/site-packages/airflow/example_dags/example_dataset_alias.py for tasks to queue
[2024-11-24T08:51:26.097+0000] {logging_mixin.py:190} INFO - [2024-11-24T08:51:26.096+0000] {dagbag.py:588} INFO - Filling up the DagBag from /home/airflow/.local/lib/python3.12/site-packages/airflow/example_dags/example_dataset_alias.py
[2024-11-24T08:51:27.007+0000] {processor.py:925} INFO - DAG(s) 'dataset_s3_bucket_producer', 'dataset_alias_example_alias_consumer', 'dataset_s3_bucket_consumer', 'dataset_alias_example_alias_producer' retrieved from /home/airflow/.local/lib/python3.12/site-packages/airflow/example_dags/example_dataset_alias.py
[2024-11-24T08:51:27.041+0000] {logging_mixin.py:190} INFO - [2024-11-24T08:51:27.040+0000] {dag.py:3239} INFO - Sync 4 DAGs
[2024-11-24T08:51:27.093+0000] {logging_mixin.py:190} INFO - [2024-11-24T08:51:27.093+0000] {dag.py:4180} INFO - Setting next_dagrun for dataset_alias_example_alias_consumer to None, run_after=None
[2024-11-24T08:51:27.099+0000] {logging_mixin.py:190} INFO - [2024-11-24T08:51:27.099+0000] {dag.py:4180} INFO - Setting next_dagrun for dataset_alias_example_alias_producer to None, run_after=None
[2024-11-24T08:51:27.103+0000] {logging_mixin.py:190} INFO - [2024-11-24T08:51:27.103+0000] {dag.py:4180} INFO - Setting next_dagrun for dataset_s3_bucket_consumer to None, run_after=None
[2024-11-24T08:51:27.106+0000] {logging_mixin.py:190} INFO - [2024-11-24T08:51:27.105+0000] {dag.py:4180} INFO - Setting next_dagrun for dataset_s3_bucket_producer to None, run_after=None
[2024-11-24T08:51:27.151+0000] {processor.py:208} INFO - Processing /home/airflow/.local/lib/python3.12/site-packages/airflow/example_dags/example_dataset_alias.py took 1.067 seconds
[2024-11-24T08:51:57.391+0000] {processor.py:186} INFO - Started process (PID=5252) to work on /home/airflow/.local/lib/python3.12/site-packages/airflow/example_dags/example_dataset_alias.py
[2024-11-24T08:51:57.392+0000] {processor.py:914} INFO - Processing file /home/airflow/.local/lib/python3.12/site-packages/airflow/example_dags/example_dataset_alias.py for tasks to queue
[2024-11-24T08:51:57.395+0000] {logging_mixin.py:190} INFO - [2024-11-24T08:51:57.394+0000] {dagbag.py:588} INFO - Filling up the DagBag from /home/airflow/.local/lib/python3.12/site-packages/airflow/example_dags/example_dataset_alias.py
[2024-11-24T08:51:57.945+0000] {processor.py:925} INFO - DAG(s) 'dataset_s3_bucket_consumer', 'dataset_s3_bucket_producer', 'dataset_alias_example_alias_consumer', 'dataset_alias_example_alias_producer' retrieved from /home/airflow/.local/lib/python3.12/site-packages/airflow/example_dags/example_dataset_alias.py
[2024-11-24T08:51:57.967+0000] {logging_mixin.py:190} INFO - [2024-11-24T08:51:57.966+0000] {dag.py:3239} INFO - Sync 4 DAGs
[2024-11-24T08:51:57.990+0000] {logging_mixin.py:190} INFO - [2024-11-24T08:51:57.990+0000] {dag.py:4180} INFO - Setting next_dagrun for dataset_alias_example_alias_consumer to None, run_after=None
[2024-11-24T08:51:57.993+0000] {logging_mixin.py:190} INFO - [2024-11-24T08:51:57.993+0000] {dag.py:4180} INFO - Setting next_dagrun for dataset_alias_example_alias_producer to None, run_after=None
[2024-11-24T08:51:57.995+0000] {logging_mixin.py:190} INFO - [2024-11-24T08:51:57.995+0000] {dag.py:4180} INFO - Setting next_dagrun for dataset_s3_bucket_consumer to None, run_after=None
[2024-11-24T08:51:57.997+0000] {logging_mixin.py:190} INFO - [2024-11-24T08:51:57.997+0000] {dag.py:4180} INFO - Setting next_dagrun for dataset_s3_bucket_producer to None, run_after=None
[2024-11-24T08:51:58.028+0000] {processor.py:208} INFO - Processing /home/airflow/.local/lib/python3.12/site-packages/airflow/example_dags/example_dataset_alias.py took 0.642 seconds
[2024-11-24T08:52:28.154+0000] {processor.py:186} INFO - Started process (PID=5543) to work on /home/airflow/.local/lib/python3.12/site-packages/airflow/example_dags/example_dataset_alias.py
[2024-11-24T08:52:28.155+0000] {processor.py:914} INFO - Processing file /home/airflow/.local/lib/python3.12/site-packages/airflow/example_dags/example_dataset_alias.py for tasks to queue
[2024-11-24T08:52:28.158+0000] {logging_mixin.py:190} INFO - [2024-11-24T08:52:28.157+0000] {dagbag.py:588} INFO - Filling up the DagBag from /home/airflow/.local/lib/python3.12/site-packages/airflow/example_dags/example_dataset_alias.py
[2024-11-24T08:52:29.543+0000] {processor.py:925} INFO - DAG(s) 'dataset_alias_example_alias_producer', 'dataset_s3_bucket_producer', 'dataset_alias_example_alias_consumer', 'dataset_s3_bucket_consumer' retrieved from /home/airflow/.local/lib/python3.12/site-packages/airflow/example_dags/example_dataset_alias.py
[2024-11-24T08:52:29.592+0000] {logging_mixin.py:190} INFO - [2024-11-24T08:52:29.591+0000] {dag.py:3239} INFO - Sync 4 DAGs
[2024-11-24T08:52:29.639+0000] {logging_mixin.py:190} INFO - [2024-11-24T08:52:29.639+0000] {dag.py:4180} INFO - Setting next_dagrun for dataset_alias_example_alias_consumer to None, run_after=None
[2024-11-24T08:52:29.644+0000] {logging_mixin.py:190} INFO - [2024-11-24T08:52:29.644+0000] {dag.py:4180} INFO - Setting next_dagrun for dataset_alias_example_alias_producer to None, run_after=None
[2024-11-24T08:52:29.647+0000] {logging_mixin.py:190} INFO - [2024-11-24T08:52:29.646+0000] {dag.py:4180} INFO - Setting next_dagrun for dataset_s3_bucket_consumer to None, run_after=None
[2024-11-24T08:52:29.648+0000] {logging_mixin.py:190} INFO - [2024-11-24T08:52:29.648+0000] {dag.py:4180} INFO - Setting next_dagrun for dataset_s3_bucket_producer to None, run_after=None
[2024-11-24T08:52:29.689+0000] {processor.py:208} INFO - Processing /home/airflow/.local/lib/python3.12/site-packages/airflow/example_dags/example_dataset_alias.py took 1.540 seconds
