[2024-11-24T08:42:49.758+0000] {processor.py:186} INFO - Started process (PID=194) to work on /home/airflow/.local/lib/python3.12/site-packages/airflow/example_dags/example_params_trigger_ui.py
[2024-11-24T08:42:49.759+0000] {processor.py:914} INFO - Processing file /home/airflow/.local/lib/python3.12/site-packages/airflow/example_dags/example_params_trigger_ui.py for tasks to queue
[2024-11-24T08:42:49.764+0000] {logging_mixin.py:190} INFO - [2024-11-24T08:42:49.764+0000] {dagbag.py:588} INFO - Filling up the DagBag from /home/airflow/.local/lib/python3.12/site-packages/airflow/example_dags/example_params_trigger_ui.py
[2024-11-24T08:42:49.792+0000] {processor.py:925} INFO - DAG(s) 'example_params_trigger_ui' retrieved from /home/airflow/.local/lib/python3.12/site-packages/airflow/example_dags/example_params_trigger_ui.py
[2024-11-24T08:42:50.266+0000] {logging_mixin.py:190} INFO - [2024-11-24T08:42:50.265+0000] {override.py:1911} INFO - Created Permission View: can read on DAG:example_params_trigger_ui
[2024-11-24T08:42:50.287+0000] {logging_mixin.py:190} INFO - [2024-11-24T08:42:50.286+0000] {override.py:1911} INFO - Created Permission View: can edit on DAG:example_params_trigger_ui
[2024-11-24T08:42:50.299+0000] {logging_mixin.py:190} INFO - [2024-11-24T08:42:50.299+0000] {override.py:1911} INFO - Created Permission View: can delete on DAG:example_params_trigger_ui
[2024-11-24T08:42:50.310+0000] {logging_mixin.py:190} INFO - [2024-11-24T08:42:50.310+0000] {override.py:1911} INFO - Created Permission View: can read on DAG Run:example_params_trigger_ui
[2024-11-24T08:42:50.320+0000] {logging_mixin.py:190} INFO - [2024-11-24T08:42:50.319+0000] {override.py:1911} INFO - Created Permission View: can delete on DAG Run:example_params_trigger_ui
[2024-11-24T08:42:50.332+0000] {logging_mixin.py:190} INFO - [2024-11-24T08:42:50.331+0000] {override.py:1911} INFO - Created Permission View: can create on DAG Run:example_params_trigger_ui
[2024-11-24T08:42:50.344+0000] {logging_mixin.py:190} INFO - [2024-11-24T08:42:50.343+0000] {override.py:1911} INFO - Created Permission View: menu access on DAG Run:example_params_trigger_ui
[2024-11-24T08:42:50.345+0000] {logging_mixin.py:190} INFO - [2024-11-24T08:42:50.344+0000] {dag.py:3239} INFO - Sync 1 DAGs
[2024-11-24T08:42:50.368+0000] {logging_mixin.py:190} INFO - [2024-11-24T08:42:50.368+0000] {dag.py:3262} INFO - Creating ORM DAG for example_params_trigger_ui
[2024-11-24T08:42:50.370+0000] {logging_mixin.py:190} INFO - [2024-11-24T08:42:50.370+0000] {dag.py:4180} INFO - Setting next_dagrun for example_params_trigger_ui to None, run_after=None
[2024-11-24T08:42:50.403+0000] {processor.py:208} INFO - Processing /home/airflow/.local/lib/python3.12/site-packages/airflow/example_dags/example_params_trigger_ui.py took 0.655 seconds
[2024-11-24T08:43:21.271+0000] {processor.py:186} INFO - Started process (PID=485) to work on /home/airflow/.local/lib/python3.12/site-packages/airflow/example_dags/example_params_trigger_ui.py
[2024-11-24T08:43:21.290+0000] {processor.py:914} INFO - Processing file /home/airflow/.local/lib/python3.12/site-packages/airflow/example_dags/example_params_trigger_ui.py for tasks to queue
[2024-11-24T08:43:21.305+0000] {logging_mixin.py:190} INFO - [2024-11-24T08:43:21.304+0000] {dagbag.py:588} INFO - Filling up the DagBag from /home/airflow/.local/lib/python3.12/site-packages/airflow/example_dags/example_params_trigger_ui.py
[2024-11-24T08:43:21.388+0000] {processor.py:925} INFO - DAG(s) 'example_params_trigger_ui' retrieved from /home/airflow/.local/lib/python3.12/site-packages/airflow/example_dags/example_params_trigger_ui.py
[2024-11-24T08:43:21.546+0000] {logging_mixin.py:190} INFO - [2024-11-24T08:43:21.545+0000] {dag.py:3239} INFO - Sync 1 DAGs
[2024-11-24T08:43:21.584+0000] {logging_mixin.py:190} INFO - [2024-11-24T08:43:21.583+0000] {dag.py:4180} INFO - Setting next_dagrun for example_params_trigger_ui to None, run_after=None
[2024-11-24T08:43:21.658+0000] {processor.py:208} INFO - Processing /home/airflow/.local/lib/python3.12/site-packages/airflow/example_dags/example_params_trigger_ui.py took 0.445 seconds
[2024-11-24T08:43:52.278+0000] {processor.py:186} INFO - Started process (PID=782) to work on /home/airflow/.local/lib/python3.12/site-packages/airflow/example_dags/example_params_trigger_ui.py
[2024-11-24T08:43:52.280+0000] {processor.py:914} INFO - Processing file /home/airflow/.local/lib/python3.12/site-packages/airflow/example_dags/example_params_trigger_ui.py for tasks to queue
[2024-11-24T08:43:52.284+0000] {logging_mixin.py:190} INFO - [2024-11-24T08:43:52.283+0000] {dagbag.py:588} INFO - Filling up the DagBag from /home/airflow/.local/lib/python3.12/site-packages/airflow/example_dags/example_params_trigger_ui.py
[2024-11-24T08:43:52.307+0000] {processor.py:925} INFO - DAG(s) 'example_params_trigger_ui' retrieved from /home/airflow/.local/lib/python3.12/site-packages/airflow/example_dags/example_params_trigger_ui.py
[2024-11-24T08:43:52.374+0000] {logging_mixin.py:190} INFO - [2024-11-24T08:43:52.374+0000] {dag.py:3239} INFO - Sync 1 DAGs
[2024-11-24T08:43:52.392+0000] {logging_mixin.py:190} INFO - [2024-11-24T08:43:52.391+0000] {dag.py:4180} INFO - Setting next_dagrun for example_params_trigger_ui to None, run_after=None
[2024-11-24T08:43:52.419+0000] {processor.py:208} INFO - Processing /home/airflow/.local/lib/python3.12/site-packages/airflow/example_dags/example_params_trigger_ui.py took 0.149 seconds
[2024-11-24T08:44:22.950+0000] {processor.py:186} INFO - Started process (PID=1073) to work on /home/airflow/.local/lib/python3.12/site-packages/airflow/example_dags/example_params_trigger_ui.py
[2024-11-24T08:44:22.951+0000] {processor.py:914} INFO - Processing file /home/airflow/.local/lib/python3.12/site-packages/airflow/example_dags/example_params_trigger_ui.py for tasks to queue
[2024-11-24T08:44:22.954+0000] {logging_mixin.py:190} INFO - [2024-11-24T08:44:22.954+0000] {dagbag.py:588} INFO - Filling up the DagBag from /home/airflow/.local/lib/python3.12/site-packages/airflow/example_dags/example_params_trigger_ui.py
[2024-11-24T08:44:22.965+0000] {processor.py:925} INFO - DAG(s) 'example_params_trigger_ui' retrieved from /home/airflow/.local/lib/python3.12/site-packages/airflow/example_dags/example_params_trigger_ui.py
[2024-11-24T08:44:23.017+0000] {logging_mixin.py:190} INFO - [2024-11-24T08:44:23.016+0000] {dag.py:3239} INFO - Sync 1 DAGs
[2024-11-24T08:44:23.049+0000] {logging_mixin.py:190} INFO - [2024-11-24T08:44:23.049+0000] {dag.py:4180} INFO - Setting next_dagrun for example_params_trigger_ui to None, run_after=None
[2024-11-24T08:44:23.075+0000] {processor.py:208} INFO - Processing /home/airflow/.local/lib/python3.12/site-packages/airflow/example_dags/example_params_trigger_ui.py took 0.131 seconds
[2024-11-24T08:44:53.677+0000] {processor.py:186} INFO - Started process (PID=1364) to work on /home/airflow/.local/lib/python3.12/site-packages/airflow/example_dags/example_params_trigger_ui.py
[2024-11-24T08:44:53.678+0000] {processor.py:914} INFO - Processing file /home/airflow/.local/lib/python3.12/site-packages/airflow/example_dags/example_params_trigger_ui.py for tasks to queue
[2024-11-24T08:44:53.681+0000] {logging_mixin.py:190} INFO - [2024-11-24T08:44:53.680+0000] {dagbag.py:588} INFO - Filling up the DagBag from /home/airflow/.local/lib/python3.12/site-packages/airflow/example_dags/example_params_trigger_ui.py
[2024-11-24T08:44:53.699+0000] {processor.py:925} INFO - DAG(s) 'example_params_trigger_ui' retrieved from /home/airflow/.local/lib/python3.12/site-packages/airflow/example_dags/example_params_trigger_ui.py
[2024-11-24T08:44:53.772+0000] {logging_mixin.py:190} INFO - [2024-11-24T08:44:53.772+0000] {dag.py:3239} INFO - Sync 1 DAGs
[2024-11-24T08:44:53.793+0000] {logging_mixin.py:190} INFO - [2024-11-24T08:44:53.793+0000] {dag.py:4180} INFO - Setting next_dagrun for example_params_trigger_ui to None, run_after=None
[2024-11-24T08:44:53.823+0000] {processor.py:208} INFO - Processing /home/airflow/.local/lib/python3.12/site-packages/airflow/example_dags/example_params_trigger_ui.py took 0.152 seconds
[2024-11-24T08:45:23.985+0000] {processor.py:186} INFO - Started process (PID=1655) to work on /home/airflow/.local/lib/python3.12/site-packages/airflow/example_dags/example_params_trigger_ui.py
[2024-11-24T08:45:23.991+0000] {processor.py:914} INFO - Processing file /home/airflow/.local/lib/python3.12/site-packages/airflow/example_dags/example_params_trigger_ui.py for tasks to queue
[2024-11-24T08:45:23.995+0000] {logging_mixin.py:190} INFO - [2024-11-24T08:45:23.994+0000] {dagbag.py:588} INFO - Filling up the DagBag from /home/airflow/.local/lib/python3.12/site-packages/airflow/example_dags/example_params_trigger_ui.py
[2024-11-24T08:45:24.012+0000] {processor.py:925} INFO - DAG(s) 'example_params_trigger_ui' retrieved from /home/airflow/.local/lib/python3.12/site-packages/airflow/example_dags/example_params_trigger_ui.py
[2024-11-24T08:45:24.054+0000] {logging_mixin.py:190} INFO - [2024-11-24T08:45:24.054+0000] {dag.py:3239} INFO - Sync 1 DAGs
[2024-11-24T08:45:24.068+0000] {logging_mixin.py:190} INFO - [2024-11-24T08:45:24.068+0000] {dag.py:4180} INFO - Setting next_dagrun for example_params_trigger_ui to None, run_after=None
[2024-11-24T08:45:24.091+0000] {processor.py:208} INFO - Processing /home/airflow/.local/lib/python3.12/site-packages/airflow/example_dags/example_params_trigger_ui.py took 0.115 seconds
[2024-11-24T08:45:54.277+0000] {processor.py:186} INFO - Started process (PID=1946) to work on /home/airflow/.local/lib/python3.12/site-packages/airflow/example_dags/example_params_trigger_ui.py
[2024-11-24T08:45:54.280+0000] {processor.py:914} INFO - Processing file /home/airflow/.local/lib/python3.12/site-packages/airflow/example_dags/example_params_trigger_ui.py for tasks to queue
[2024-11-24T08:45:54.283+0000] {logging_mixin.py:190} INFO - [2024-11-24T08:45:54.283+0000] {dagbag.py:588} INFO - Filling up the DagBag from /home/airflow/.local/lib/python3.12/site-packages/airflow/example_dags/example_params_trigger_ui.py
[2024-11-24T08:45:54.296+0000] {processor.py:925} INFO - DAG(s) 'example_params_trigger_ui' retrieved from /home/airflow/.local/lib/python3.12/site-packages/airflow/example_dags/example_params_trigger_ui.py
[2024-11-24T08:45:54.359+0000] {logging_mixin.py:190} INFO - [2024-11-24T08:45:54.359+0000] {dag.py:3239} INFO - Sync 1 DAGs
[2024-11-24T08:45:54.380+0000] {logging_mixin.py:190} INFO - [2024-11-24T08:45:54.380+0000] {dag.py:4180} INFO - Setting next_dagrun for example_params_trigger_ui to None, run_after=None
[2024-11-24T08:45:54.409+0000] {processor.py:208} INFO - Processing /home/airflow/.local/lib/python3.12/site-packages/airflow/example_dags/example_params_trigger_ui.py took 0.138 seconds
[2024-11-24T08:46:24.473+0000] {processor.py:186} INFO - Started process (PID=2240) to work on /home/airflow/.local/lib/python3.12/site-packages/airflow/example_dags/example_params_trigger_ui.py
[2024-11-24T08:46:24.475+0000] {processor.py:914} INFO - Processing file /home/airflow/.local/lib/python3.12/site-packages/airflow/example_dags/example_params_trigger_ui.py for tasks to queue
[2024-11-24T08:46:24.478+0000] {logging_mixin.py:190} INFO - [2024-11-24T08:46:24.478+0000] {dagbag.py:588} INFO - Filling up the DagBag from /home/airflow/.local/lib/python3.12/site-packages/airflow/example_dags/example_params_trigger_ui.py
[2024-11-24T08:46:24.492+0000] {processor.py:925} INFO - DAG(s) 'example_params_trigger_ui' retrieved from /home/airflow/.local/lib/python3.12/site-packages/airflow/example_dags/example_params_trigger_ui.py
[2024-11-24T08:46:24.540+0000] {logging_mixin.py:190} INFO - [2024-11-24T08:46:24.540+0000] {dag.py:3239} INFO - Sync 1 DAGs
[2024-11-24T08:46:24.557+0000] {logging_mixin.py:190} INFO - [2024-11-24T08:46:24.557+0000] {dag.py:4180} INFO - Setting next_dagrun for example_params_trigger_ui to None, run_after=None
[2024-11-24T08:46:24.584+0000] {processor.py:208} INFO - Processing /home/airflow/.local/lib/python3.12/site-packages/airflow/example_dags/example_params_trigger_ui.py took 0.117 seconds
[2024-11-24T08:46:55.500+0000] {processor.py:186} INFO - Started process (PID=2528) to work on /home/airflow/.local/lib/python3.12/site-packages/airflow/example_dags/example_params_trigger_ui.py
[2024-11-24T08:46:55.501+0000] {processor.py:914} INFO - Processing file /home/airflow/.local/lib/python3.12/site-packages/airflow/example_dags/example_params_trigger_ui.py for tasks to queue
[2024-11-24T08:46:55.504+0000] {logging_mixin.py:190} INFO - [2024-11-24T08:46:55.504+0000] {dagbag.py:588} INFO - Filling up the DagBag from /home/airflow/.local/lib/python3.12/site-packages/airflow/example_dags/example_params_trigger_ui.py
[2024-11-24T08:46:55.515+0000] {processor.py:925} INFO - DAG(s) 'example_params_trigger_ui' retrieved from /home/airflow/.local/lib/python3.12/site-packages/airflow/example_dags/example_params_trigger_ui.py
[2024-11-24T08:46:55.564+0000] {logging_mixin.py:190} INFO - [2024-11-24T08:46:55.564+0000] {dag.py:3239} INFO - Sync 1 DAGs
[2024-11-24T08:46:55.579+0000] {logging_mixin.py:190} INFO - [2024-11-24T08:46:55.578+0000] {dag.py:4180} INFO - Setting next_dagrun for example_params_trigger_ui to None, run_after=None
[2024-11-24T08:46:55.601+0000] {processor.py:208} INFO - Processing /home/airflow/.local/lib/python3.12/site-packages/airflow/example_dags/example_params_trigger_ui.py took 0.107 seconds
[2024-11-24T08:47:25.679+0000] {processor.py:186} INFO - Started process (PID=2819) to work on /home/airflow/.local/lib/python3.12/site-packages/airflow/example_dags/example_params_trigger_ui.py
[2024-11-24T08:47:25.681+0000] {processor.py:914} INFO - Processing file /home/airflow/.local/lib/python3.12/site-packages/airflow/example_dags/example_params_trigger_ui.py for tasks to queue
[2024-11-24T08:47:25.684+0000] {logging_mixin.py:190} INFO - [2024-11-24T08:47:25.684+0000] {dagbag.py:588} INFO - Filling up the DagBag from /home/airflow/.local/lib/python3.12/site-packages/airflow/example_dags/example_params_trigger_ui.py
[2024-11-24T08:47:25.696+0000] {processor.py:925} INFO - DAG(s) 'example_params_trigger_ui' retrieved from /home/airflow/.local/lib/python3.12/site-packages/airflow/example_dags/example_params_trigger_ui.py
[2024-11-24T08:47:25.743+0000] {logging_mixin.py:190} INFO - [2024-11-24T08:47:25.742+0000] {dag.py:3239} INFO - Sync 1 DAGs
[2024-11-24T08:47:25.758+0000] {logging_mixin.py:190} INFO - [2024-11-24T08:47:25.758+0000] {dag.py:4180} INFO - Setting next_dagrun for example_params_trigger_ui to None, run_after=None
[2024-11-24T08:47:25.785+0000] {processor.py:208} INFO - Processing /home/airflow/.local/lib/python3.12/site-packages/airflow/example_dags/example_params_trigger_ui.py took 0.113 seconds
[2024-11-24T08:47:56.767+0000] {processor.py:186} INFO - Started process (PID=3110) to work on /home/airflow/.local/lib/python3.12/site-packages/airflow/example_dags/example_params_trigger_ui.py
[2024-11-24T08:47:56.770+0000] {processor.py:914} INFO - Processing file /home/airflow/.local/lib/python3.12/site-packages/airflow/example_dags/example_params_trigger_ui.py for tasks to queue
[2024-11-24T08:47:56.773+0000] {logging_mixin.py:190} INFO - [2024-11-24T08:47:56.773+0000] {dagbag.py:588} INFO - Filling up the DagBag from /home/airflow/.local/lib/python3.12/site-packages/airflow/example_dags/example_params_trigger_ui.py
[2024-11-24T08:47:56.799+0000] {processor.py:925} INFO - DAG(s) 'example_params_trigger_ui' retrieved from /home/airflow/.local/lib/python3.12/site-packages/airflow/example_dags/example_params_trigger_ui.py
[2024-11-24T08:47:56.905+0000] {logging_mixin.py:190} INFO - [2024-11-24T08:47:56.904+0000] {dag.py:3239} INFO - Sync 1 DAGs
[2024-11-24T08:47:56.943+0000] {logging_mixin.py:190} INFO - [2024-11-24T08:47:56.942+0000] {dag.py:4180} INFO - Setting next_dagrun for example_params_trigger_ui to None, run_after=None
[2024-11-24T08:47:56.995+0000] {processor.py:208} INFO - Processing /home/airflow/.local/lib/python3.12/site-packages/airflow/example_dags/example_params_trigger_ui.py took 0.243 seconds
[2024-11-24T08:48:27.090+0000] {processor.py:186} INFO - Started process (PID=3401) to work on /home/airflow/.local/lib/python3.12/site-packages/airflow/example_dags/example_params_trigger_ui.py
[2024-11-24T08:48:27.093+0000] {processor.py:914} INFO - Processing file /home/airflow/.local/lib/python3.12/site-packages/airflow/example_dags/example_params_trigger_ui.py for tasks to queue
[2024-11-24T08:48:27.096+0000] {logging_mixin.py:190} INFO - [2024-11-24T08:48:27.096+0000] {dagbag.py:588} INFO - Filling up the DagBag from /home/airflow/.local/lib/python3.12/site-packages/airflow/example_dags/example_params_trigger_ui.py
[2024-11-24T08:48:27.115+0000] {processor.py:925} INFO - DAG(s) 'example_params_trigger_ui' retrieved from /home/airflow/.local/lib/python3.12/site-packages/airflow/example_dags/example_params_trigger_ui.py
[2024-11-24T08:48:27.198+0000] {logging_mixin.py:190} INFO - [2024-11-24T08:48:27.198+0000] {dag.py:3239} INFO - Sync 1 DAGs
[2024-11-24T08:48:27.220+0000] {logging_mixin.py:190} INFO - [2024-11-24T08:48:27.219+0000] {dag.py:4180} INFO - Setting next_dagrun for example_params_trigger_ui to None, run_after=None
[2024-11-24T08:48:27.257+0000] {processor.py:208} INFO - Processing /home/airflow/.local/lib/python3.12/site-packages/airflow/example_dags/example_params_trigger_ui.py took 0.176 seconds
[2024-11-24T08:48:57.722+0000] {processor.py:186} INFO - Started process (PID=3692) to work on /home/airflow/.local/lib/python3.12/site-packages/airflow/example_dags/example_params_trigger_ui.py
[2024-11-24T08:48:57.724+0000] {processor.py:914} INFO - Processing file /home/airflow/.local/lib/python3.12/site-packages/airflow/example_dags/example_params_trigger_ui.py for tasks to queue
[2024-11-24T08:48:57.727+0000] {logging_mixin.py:190} INFO - [2024-11-24T08:48:57.726+0000] {dagbag.py:588} INFO - Filling up the DagBag from /home/airflow/.local/lib/python3.12/site-packages/airflow/example_dags/example_params_trigger_ui.py
[2024-11-24T08:48:57.743+0000] {processor.py:925} INFO - DAG(s) 'example_params_trigger_ui' retrieved from /home/airflow/.local/lib/python3.12/site-packages/airflow/example_dags/example_params_trigger_ui.py
[2024-11-24T08:48:57.793+0000] {logging_mixin.py:190} INFO - [2024-11-24T08:48:57.792+0000] {dag.py:3239} INFO - Sync 1 DAGs
[2024-11-24T08:48:57.812+0000] {logging_mixin.py:190} INFO - [2024-11-24T08:48:57.811+0000] {dag.py:4180} INFO - Setting next_dagrun for example_params_trigger_ui to None, run_after=None
[2024-11-24T08:48:57.841+0000] {processor.py:208} INFO - Processing /home/airflow/.local/lib/python3.12/site-packages/airflow/example_dags/example_params_trigger_ui.py took 0.126 seconds
[2024-11-24T08:49:28.131+0000] {processor.py:186} INFO - Started process (PID=3983) to work on /home/airflow/.local/lib/python3.12/site-packages/airflow/example_dags/example_params_trigger_ui.py
[2024-11-24T08:49:28.133+0000] {processor.py:914} INFO - Processing file /home/airflow/.local/lib/python3.12/site-packages/airflow/example_dags/example_params_trigger_ui.py for tasks to queue
[2024-11-24T08:49:28.136+0000] {logging_mixin.py:190} INFO - [2024-11-24T08:49:28.136+0000] {dagbag.py:588} INFO - Filling up the DagBag from /home/airflow/.local/lib/python3.12/site-packages/airflow/example_dags/example_params_trigger_ui.py
[2024-11-24T08:49:28.153+0000] {processor.py:925} INFO - DAG(s) 'example_params_trigger_ui' retrieved from /home/airflow/.local/lib/python3.12/site-packages/airflow/example_dags/example_params_trigger_ui.py
[2024-11-24T08:49:28.209+0000] {logging_mixin.py:190} INFO - [2024-11-24T08:49:28.208+0000] {dag.py:3239} INFO - Sync 1 DAGs
[2024-11-24T08:49:28.226+0000] {logging_mixin.py:190} INFO - [2024-11-24T08:49:28.226+0000] {dag.py:4180} INFO - Setting next_dagrun for example_params_trigger_ui to None, run_after=None
[2024-11-24T08:49:28.254+0000] {processor.py:208} INFO - Processing /home/airflow/.local/lib/python3.12/site-packages/airflow/example_dags/example_params_trigger_ui.py took 0.130 seconds
[2024-11-24T08:49:58.315+0000] {processor.py:186} INFO - Started process (PID=4274) to work on /home/airflow/.local/lib/python3.12/site-packages/airflow/example_dags/example_params_trigger_ui.py
[2024-11-24T08:49:58.317+0000] {processor.py:914} INFO - Processing file /home/airflow/.local/lib/python3.12/site-packages/airflow/example_dags/example_params_trigger_ui.py for tasks to queue
[2024-11-24T08:49:58.320+0000] {logging_mixin.py:190} INFO - [2024-11-24T08:49:58.319+0000] {dagbag.py:588} INFO - Filling up the DagBag from /home/airflow/.local/lib/python3.12/site-packages/airflow/example_dags/example_params_trigger_ui.py
[2024-11-24T08:49:58.332+0000] {processor.py:925} INFO - DAG(s) 'example_params_trigger_ui' retrieved from /home/airflow/.local/lib/python3.12/site-packages/airflow/example_dags/example_params_trigger_ui.py
[2024-11-24T08:49:58.396+0000] {logging_mixin.py:190} INFO - [2024-11-24T08:49:58.396+0000] {dag.py:3239} INFO - Sync 1 DAGs
[2024-11-24T08:49:58.412+0000] {logging_mixin.py:190} INFO - [2024-11-24T08:49:58.412+0000] {dag.py:4180} INFO - Setting next_dagrun for example_params_trigger_ui to None, run_after=None
[2024-11-24T08:49:58.437+0000] {processor.py:208} INFO - Processing /home/airflow/.local/lib/python3.12/site-packages/airflow/example_dags/example_params_trigger_ui.py took 0.128 seconds
[2024-11-24T08:50:28.675+0000] {processor.py:186} INFO - Started process (PID=4565) to work on /home/airflow/.local/lib/python3.12/site-packages/airflow/example_dags/example_params_trigger_ui.py
[2024-11-24T08:50:28.677+0000] {processor.py:914} INFO - Processing file /home/airflow/.local/lib/python3.12/site-packages/airflow/example_dags/example_params_trigger_ui.py for tasks to queue
[2024-11-24T08:50:28.680+0000] {logging_mixin.py:190} INFO - [2024-11-24T08:50:28.680+0000] {dagbag.py:588} INFO - Filling up the DagBag from /home/airflow/.local/lib/python3.12/site-packages/airflow/example_dags/example_params_trigger_ui.py
[2024-11-24T08:50:28.700+0000] {processor.py:925} INFO - DAG(s) 'example_params_trigger_ui' retrieved from /home/airflow/.local/lib/python3.12/site-packages/airflow/example_dags/example_params_trigger_ui.py
[2024-11-24T08:50:28.776+0000] {logging_mixin.py:190} INFO - [2024-11-24T08:50:28.776+0000] {dag.py:3239} INFO - Sync 1 DAGs
[2024-11-24T08:50:28.804+0000] {logging_mixin.py:190} INFO - [2024-11-24T08:50:28.803+0000] {dag.py:4180} INFO - Setting next_dagrun for example_params_trigger_ui to None, run_after=None
[2024-11-24T08:50:28.837+0000] {processor.py:208} INFO - Processing /home/airflow/.local/lib/python3.12/site-packages/airflow/example_dags/example_params_trigger_ui.py took 0.171 seconds
[2024-11-24T08:51:02.606+0000] {processor.py:186} INFO - Started process (PID=4789) to work on /home/airflow/.local/lib/python3.12/site-packages/airflow/example_dags/example_params_trigger_ui.py
[2024-11-24T08:51:02.609+0000] {processor.py:914} INFO - Processing file /home/airflow/.local/lib/python3.12/site-packages/airflow/example_dags/example_params_trigger_ui.py for tasks to queue
[2024-11-24T08:51:02.616+0000] {logging_mixin.py:190} INFO - [2024-11-24T08:51:02.615+0000] {dagbag.py:588} INFO - Filling up the DagBag from /home/airflow/.local/lib/python3.12/site-packages/airflow/example_dags/example_params_trigger_ui.py
[2024-11-24T08:51:02.651+0000] {processor.py:925} INFO - DAG(s) 'example_params_trigger_ui' retrieved from /home/airflow/.local/lib/python3.12/site-packages/airflow/example_dags/example_params_trigger_ui.py
[2024-11-24T08:51:02.828+0000] {logging_mixin.py:190} INFO - [2024-11-24T08:51:02.828+0000] {dag.py:3239} INFO - Sync 1 DAGs
[2024-11-24T08:51:02.874+0000] {logging_mixin.py:190} INFO - [2024-11-24T08:51:02.874+0000] {dag.py:4180} INFO - Setting next_dagrun for example_params_trigger_ui to None, run_after=None
[2024-11-24T08:51:02.927+0000] {processor.py:208} INFO - Processing /home/airflow/.local/lib/python3.12/site-packages/airflow/example_dags/example_params_trigger_ui.py took 0.338 seconds
[2024-11-24T08:51:33.606+0000] {processor.py:186} INFO - Started process (PID=5079) to work on /home/airflow/.local/lib/python3.12/site-packages/airflow/example_dags/example_params_trigger_ui.py
[2024-11-24T08:51:33.609+0000] {processor.py:914} INFO - Processing file /home/airflow/.local/lib/python3.12/site-packages/airflow/example_dags/example_params_trigger_ui.py for tasks to queue
[2024-11-24T08:51:33.615+0000] {logging_mixin.py:190} INFO - [2024-11-24T08:51:33.614+0000] {dagbag.py:588} INFO - Filling up the DagBag from /home/airflow/.local/lib/python3.12/site-packages/airflow/example_dags/example_params_trigger_ui.py
[2024-11-24T08:51:33.639+0000] {processor.py:925} INFO - DAG(s) 'example_params_trigger_ui' retrieved from /home/airflow/.local/lib/python3.12/site-packages/airflow/example_dags/example_params_trigger_ui.py
[2024-11-24T08:51:33.729+0000] {logging_mixin.py:190} INFO - [2024-11-24T08:51:33.728+0000] {dag.py:3239} INFO - Sync 1 DAGs
[2024-11-24T08:51:33.765+0000] {logging_mixin.py:190} INFO - [2024-11-24T08:51:33.764+0000] {dag.py:4180} INFO - Setting next_dagrun for example_params_trigger_ui to None, run_after=None
[2024-11-24T08:51:33.813+0000] {processor.py:208} INFO - Processing /home/airflow/.local/lib/python3.12/site-packages/airflow/example_dags/example_params_trigger_ui.py took 0.218 seconds
[2024-11-24T08:52:04.229+0000] {processor.py:186} INFO - Started process (PID=5370) to work on /home/airflow/.local/lib/python3.12/site-packages/airflow/example_dags/example_params_trigger_ui.py
[2024-11-24T08:52:04.231+0000] {processor.py:914} INFO - Processing file /home/airflow/.local/lib/python3.12/site-packages/airflow/example_dags/example_params_trigger_ui.py for tasks to queue
[2024-11-24T08:52:04.234+0000] {logging_mixin.py:190} INFO - [2024-11-24T08:52:04.234+0000] {dagbag.py:588} INFO - Filling up the DagBag from /home/airflow/.local/lib/python3.12/site-packages/airflow/example_dags/example_params_trigger_ui.py
[2024-11-24T08:52:04.244+0000] {processor.py:925} INFO - DAG(s) 'example_params_trigger_ui' retrieved from /home/airflow/.local/lib/python3.12/site-packages/airflow/example_dags/example_params_trigger_ui.py
[2024-11-24T08:52:04.288+0000] {logging_mixin.py:190} INFO - [2024-11-24T08:52:04.288+0000] {dag.py:3239} INFO - Sync 1 DAGs
[2024-11-24T08:52:04.303+0000] {logging_mixin.py:190} INFO - [2024-11-24T08:52:04.302+0000] {dag.py:4180} INFO - Setting next_dagrun for example_params_trigger_ui to None, run_after=None
[2024-11-24T08:52:04.323+0000] {processor.py:208} INFO - Processing /home/airflow/.local/lib/python3.12/site-packages/airflow/example_dags/example_params_trigger_ui.py took 0.100 seconds
