[2024-11-24T08:42:58.834+0000] {processor.py:186} INFO - Started process (PID=303) to work on /home/airflow/.local/lib/python3.12/site-packages/airflow/example_dags/example_latest_only_with_trigger.py
[2024-11-24T08:42:58.837+0000] {processor.py:914} INFO - Processing file /home/airflow/.local/lib/python3.12/site-packages/airflow/example_dags/example_latest_only_with_trigger.py for tasks to queue
[2024-11-24T08:42:58.846+0000] {logging_mixin.py:190} INFO - [2024-11-24T08:42:58.845+0000] {dagbag.py:588} INFO - Filling up the DagBag from /home/airflow/.local/lib/python3.12/site-packages/airflow/example_dags/example_latest_only_with_trigger.py
[2024-11-24T08:42:58.865+0000] {processor.py:925} INFO - DAG(s) 'latest_only_with_trigger' retrieved from /home/airflow/.local/lib/python3.12/site-packages/airflow/example_dags/example_latest_only_with_trigger.py
[2024-11-24T08:42:59.042+0000] {logging_mixin.py:190} INFO - [2024-11-24T08:42:59.041+0000] {override.py:1911} INFO - Created Permission View: can read on DAG:latest_only_with_trigger
[2024-11-24T08:42:59.059+0000] {logging_mixin.py:190} INFO - [2024-11-24T08:42:59.058+0000] {override.py:1911} INFO - Created Permission View: can edit on DAG:latest_only_with_trigger
[2024-11-24T08:42:59.071+0000] {logging_mixin.py:190} INFO - [2024-11-24T08:42:59.070+0000] {override.py:1911} INFO - Created Permission View: can delete on DAG:latest_only_with_trigger
[2024-11-24T08:42:59.084+0000] {logging_mixin.py:190} INFO - [2024-11-24T08:42:59.083+0000] {override.py:1911} INFO - Created Permission View: can read on DAG Run:latest_only_with_trigger
[2024-11-24T08:42:59.092+0000] {logging_mixin.py:190} INFO - [2024-11-24T08:42:59.092+0000] {override.py:1911} INFO - Created Permission View: can delete on DAG Run:latest_only_with_trigger
[2024-11-24T08:42:59.101+0000] {logging_mixin.py:190} INFO - [2024-11-24T08:42:59.101+0000] {override.py:1911} INFO - Created Permission View: can create on DAG Run:latest_only_with_trigger
[2024-11-24T08:42:59.110+0000] {logging_mixin.py:190} INFO - [2024-11-24T08:42:59.110+0000] {override.py:1911} INFO - Created Permission View: menu access on DAG Run:latest_only_with_trigger
[2024-11-24T08:42:59.111+0000] {logging_mixin.py:190} INFO - [2024-11-24T08:42:59.111+0000] {dag.py:3239} INFO - Sync 1 DAGs
[2024-11-24T08:42:59.130+0000] {logging_mixin.py:190} INFO - [2024-11-24T08:42:59.129+0000] {dag.py:3262} INFO - Creating ORM DAG for latest_only_with_trigger
[2024-11-24T08:42:59.145+0000] {logging_mixin.py:190} INFO - [2024-11-24T08:42:59.145+0000] {dag.py:4180} INFO - Setting next_dagrun for latest_only_with_trigger to 2024-11-24 04:00:00+00:00, run_after=2024-11-24 08:00:00+00:00
[2024-11-24T08:42:59.167+0000] {processor.py:208} INFO - Processing /home/airflow/.local/lib/python3.12/site-packages/airflow/example_dags/example_latest_only_with_trigger.py took 0.344 seconds
[2024-11-24T08:43:29.476+0000] {processor.py:186} INFO - Started process (PID=589) to work on /home/airflow/.local/lib/python3.12/site-packages/airflow/example_dags/example_latest_only_with_trigger.py
[2024-11-24T08:43:29.479+0000] {processor.py:914} INFO - Processing file /home/airflow/.local/lib/python3.12/site-packages/airflow/example_dags/example_latest_only_with_trigger.py for tasks to queue
[2024-11-24T08:43:29.483+0000] {logging_mixin.py:190} INFO - [2024-11-24T08:43:29.483+0000] {dagbag.py:588} INFO - Filling up the DagBag from /home/airflow/.local/lib/python3.12/site-packages/airflow/example_dags/example_latest_only_with_trigger.py
[2024-11-24T08:43:29.493+0000] {processor.py:925} INFO - DAG(s) 'latest_only_with_trigger' retrieved from /home/airflow/.local/lib/python3.12/site-packages/airflow/example_dags/example_latest_only_with_trigger.py
[2024-11-24T08:43:29.521+0000] {logging_mixin.py:190} INFO - [2024-11-24T08:43:29.521+0000] {dag.py:3239} INFO - Sync 1 DAGs
[2024-11-24T08:43:29.558+0000] {logging_mixin.py:190} INFO - [2024-11-24T08:43:29.558+0000] {dag.py:4180} INFO - Setting next_dagrun for latest_only_with_trigger to 2024-11-24 04:00:00+00:00, run_after=2024-11-24 08:00:00+00:00
[2024-11-24T08:43:29.590+0000] {processor.py:208} INFO - Processing /home/airflow/.local/lib/python3.12/site-packages/airflow/example_dags/example_latest_only_with_trigger.py took 0.122 seconds
[2024-11-24T08:43:59.750+0000] {processor.py:186} INFO - Started process (PID=875) to work on /home/airflow/.local/lib/python3.12/site-packages/airflow/example_dags/example_latest_only_with_trigger.py
[2024-11-24T08:43:59.754+0000] {processor.py:914} INFO - Processing file /home/airflow/.local/lib/python3.12/site-packages/airflow/example_dags/example_latest_only_with_trigger.py for tasks to queue
[2024-11-24T08:43:59.756+0000] {logging_mixin.py:190} INFO - [2024-11-24T08:43:59.756+0000] {dagbag.py:588} INFO - Filling up the DagBag from /home/airflow/.local/lib/python3.12/site-packages/airflow/example_dags/example_latest_only_with_trigger.py
[2024-11-24T08:43:59.764+0000] {processor.py:925} INFO - DAG(s) 'latest_only_with_trigger' retrieved from /home/airflow/.local/lib/python3.12/site-packages/airflow/example_dags/example_latest_only_with_trigger.py
[2024-11-24T08:43:59.789+0000] {logging_mixin.py:190} INFO - [2024-11-24T08:43:59.789+0000] {dag.py:3239} INFO - Sync 1 DAGs
[2024-11-24T08:43:59.816+0000] {logging_mixin.py:190} INFO - [2024-11-24T08:43:59.816+0000] {dag.py:4180} INFO - Setting next_dagrun for latest_only_with_trigger to 2024-11-24 04:00:00+00:00, run_after=2024-11-24 08:00:00+00:00
[2024-11-24T08:43:59.841+0000] {processor.py:208} INFO - Processing /home/airflow/.local/lib/python3.12/site-packages/airflow/example_dags/example_latest_only_with_trigger.py took 0.096 seconds
[2024-11-24T08:44:30.130+0000] {processor.py:186} INFO - Started process (PID=1166) to work on /home/airflow/.local/lib/python3.12/site-packages/airflow/example_dags/example_latest_only_with_trigger.py
[2024-11-24T08:44:30.133+0000] {processor.py:914} INFO - Processing file /home/airflow/.local/lib/python3.12/site-packages/airflow/example_dags/example_latest_only_with_trigger.py for tasks to queue
[2024-11-24T08:44:30.135+0000] {logging_mixin.py:190} INFO - [2024-11-24T08:44:30.135+0000] {dagbag.py:588} INFO - Filling up the DagBag from /home/airflow/.local/lib/python3.12/site-packages/airflow/example_dags/example_latest_only_with_trigger.py
[2024-11-24T08:44:30.142+0000] {processor.py:925} INFO - DAG(s) 'latest_only_with_trigger' retrieved from /home/airflow/.local/lib/python3.12/site-packages/airflow/example_dags/example_latest_only_with_trigger.py
[2024-11-24T08:44:30.163+0000] {logging_mixin.py:190} INFO - [2024-11-24T08:44:30.163+0000] {dag.py:3239} INFO - Sync 1 DAGs
[2024-11-24T08:44:30.185+0000] {logging_mixin.py:190} INFO - [2024-11-24T08:44:30.185+0000] {dag.py:4180} INFO - Setting next_dagrun for latest_only_with_trigger to 2024-11-24 04:00:00+00:00, run_after=2024-11-24 08:00:00+00:00
[2024-11-24T08:44:30.209+0000] {processor.py:208} INFO - Processing /home/airflow/.local/lib/python3.12/site-packages/airflow/example_dags/example_latest_only_with_trigger.py took 0.085 seconds
[2024-11-24T08:45:00.945+0000] {processor.py:186} INFO - Started process (PID=1457) to work on /home/airflow/.local/lib/python3.12/site-packages/airflow/example_dags/example_latest_only_with_trigger.py
[2024-11-24T08:45:00.946+0000] {processor.py:914} INFO - Processing file /home/airflow/.local/lib/python3.12/site-packages/airflow/example_dags/example_latest_only_with_trigger.py for tasks to queue
[2024-11-24T08:45:00.950+0000] {logging_mixin.py:190} INFO - [2024-11-24T08:45:00.950+0000] {dagbag.py:588} INFO - Filling up the DagBag from /home/airflow/.local/lib/python3.12/site-packages/airflow/example_dags/example_latest_only_with_trigger.py
[2024-11-24T08:45:00.960+0000] {processor.py:925} INFO - DAG(s) 'latest_only_with_trigger' retrieved from /home/airflow/.local/lib/python3.12/site-packages/airflow/example_dags/example_latest_only_with_trigger.py
[2024-11-24T08:45:00.990+0000] {logging_mixin.py:190} INFO - [2024-11-24T08:45:00.990+0000] {dag.py:3239} INFO - Sync 1 DAGs
[2024-11-24T08:45:01.030+0000] {logging_mixin.py:190} INFO - [2024-11-24T08:45:01.030+0000] {dag.py:4180} INFO - Setting next_dagrun for latest_only_with_trigger to 2024-11-24 04:00:00+00:00, run_after=2024-11-24 08:00:00+00:00
[2024-11-24T08:45:01.055+0000] {processor.py:208} INFO - Processing /home/airflow/.local/lib/python3.12/site-packages/airflow/example_dags/example_latest_only_with_trigger.py took 0.117 seconds
[2024-11-24T08:45:31.260+0000] {processor.py:186} INFO - Started process (PID=1743) to work on /home/airflow/.local/lib/python3.12/site-packages/airflow/example_dags/example_latest_only_with_trigger.py
[2024-11-24T08:45:31.261+0000] {processor.py:914} INFO - Processing file /home/airflow/.local/lib/python3.12/site-packages/airflow/example_dags/example_latest_only_with_trigger.py for tasks to queue
[2024-11-24T08:45:31.266+0000] {logging_mixin.py:190} INFO - [2024-11-24T08:45:31.265+0000] {dagbag.py:588} INFO - Filling up the DagBag from /home/airflow/.local/lib/python3.12/site-packages/airflow/example_dags/example_latest_only_with_trigger.py
[2024-11-24T08:45:31.275+0000] {processor.py:925} INFO - DAG(s) 'latest_only_with_trigger' retrieved from /home/airflow/.local/lib/python3.12/site-packages/airflow/example_dags/example_latest_only_with_trigger.py
[2024-11-24T08:45:31.304+0000] {logging_mixin.py:190} INFO - [2024-11-24T08:45:31.304+0000] {dag.py:3239} INFO - Sync 1 DAGs
[2024-11-24T08:45:31.337+0000] {logging_mixin.py:190} INFO - [2024-11-24T08:45:31.337+0000] {dag.py:4180} INFO - Setting next_dagrun for latest_only_with_trigger to 2024-11-24 04:00:00+00:00, run_after=2024-11-24 08:00:00+00:00
[2024-11-24T08:45:31.358+0000] {processor.py:208} INFO - Processing /home/airflow/.local/lib/python3.12/site-packages/airflow/example_dags/example_latest_only_with_trigger.py took 0.106 seconds
[2024-11-24T08:46:01.491+0000] {processor.py:186} INFO - Started process (PID=2034) to work on /home/airflow/.local/lib/python3.12/site-packages/airflow/example_dags/example_latest_only_with_trigger.py
[2024-11-24T08:46:01.494+0000] {processor.py:914} INFO - Processing file /home/airflow/.local/lib/python3.12/site-packages/airflow/example_dags/example_latest_only_with_trigger.py for tasks to queue
[2024-11-24T08:46:01.498+0000] {logging_mixin.py:190} INFO - [2024-11-24T08:46:01.497+0000] {dagbag.py:588} INFO - Filling up the DagBag from /home/airflow/.local/lib/python3.12/site-packages/airflow/example_dags/example_latest_only_with_trigger.py
[2024-11-24T08:46:01.504+0000] {processor.py:925} INFO - DAG(s) 'latest_only_with_trigger' retrieved from /home/airflow/.local/lib/python3.12/site-packages/airflow/example_dags/example_latest_only_with_trigger.py
[2024-11-24T08:46:01.536+0000] {logging_mixin.py:190} INFO - [2024-11-24T08:46:01.535+0000] {dag.py:3239} INFO - Sync 1 DAGs
[2024-11-24T08:46:01.567+0000] {logging_mixin.py:190} INFO - [2024-11-24T08:46:01.567+0000] {dag.py:4180} INFO - Setting next_dagrun for latest_only_with_trigger to 2024-11-24 04:00:00+00:00, run_after=2024-11-24 08:00:00+00:00
[2024-11-24T08:46:01.591+0000] {processor.py:208} INFO - Processing /home/airflow/.local/lib/python3.12/site-packages/airflow/example_dags/example_latest_only_with_trigger.py took 0.108 seconds
[2024-11-24T08:46:31.788+0000] {processor.py:186} INFO - Started process (PID=2325) to work on /home/airflow/.local/lib/python3.12/site-packages/airflow/example_dags/example_latest_only_with_trigger.py
[2024-11-24T08:46:31.790+0000] {processor.py:914} INFO - Processing file /home/airflow/.local/lib/python3.12/site-packages/airflow/example_dags/example_latest_only_with_trigger.py for tasks to queue
[2024-11-24T08:46:31.794+0000] {logging_mixin.py:190} INFO - [2024-11-24T08:46:31.794+0000] {dagbag.py:588} INFO - Filling up the DagBag from /home/airflow/.local/lib/python3.12/site-packages/airflow/example_dags/example_latest_only_with_trigger.py
[2024-11-24T08:46:31.806+0000] {processor.py:925} INFO - DAG(s) 'latest_only_with_trigger' retrieved from /home/airflow/.local/lib/python3.12/site-packages/airflow/example_dags/example_latest_only_with_trigger.py
[2024-11-24T08:46:31.846+0000] {logging_mixin.py:190} INFO - [2024-11-24T08:46:31.846+0000] {dag.py:3239} INFO - Sync 1 DAGs
[2024-11-24T08:46:31.886+0000] {logging_mixin.py:190} INFO - [2024-11-24T08:46:31.886+0000] {dag.py:4180} INFO - Setting next_dagrun for latest_only_with_trigger to 2024-11-24 04:00:00+00:00, run_after=2024-11-24 08:00:00+00:00
[2024-11-24T08:46:31.916+0000] {processor.py:208} INFO - Processing /home/airflow/.local/lib/python3.12/site-packages/airflow/example_dags/example_latest_only_with_trigger.py took 0.138 seconds
[2024-11-24T08:47:02.641+0000] {processor.py:186} INFO - Started process (PID=2616) to work on /home/airflow/.local/lib/python3.12/site-packages/airflow/example_dags/example_latest_only_with_trigger.py
[2024-11-24T08:47:02.643+0000] {processor.py:914} INFO - Processing file /home/airflow/.local/lib/python3.12/site-packages/airflow/example_dags/example_latest_only_with_trigger.py for tasks to queue
[2024-11-24T08:47:02.646+0000] {logging_mixin.py:190} INFO - [2024-11-24T08:47:02.646+0000] {dagbag.py:588} INFO - Filling up the DagBag from /home/airflow/.local/lib/python3.12/site-packages/airflow/example_dags/example_latest_only_with_trigger.py
[2024-11-24T08:47:02.654+0000] {processor.py:925} INFO - DAG(s) 'latest_only_with_trigger' retrieved from /home/airflow/.local/lib/python3.12/site-packages/airflow/example_dags/example_latest_only_with_trigger.py
[2024-11-24T08:47:02.679+0000] {logging_mixin.py:190} INFO - [2024-11-24T08:47:02.679+0000] {dag.py:3239} INFO - Sync 1 DAGs
[2024-11-24T08:47:02.702+0000] {logging_mixin.py:190} INFO - [2024-11-24T08:47:02.702+0000] {dag.py:4180} INFO - Setting next_dagrun for latest_only_with_trigger to 2024-11-24 04:00:00+00:00, run_after=2024-11-24 08:00:00+00:00
[2024-11-24T08:47:02.724+0000] {processor.py:208} INFO - Processing /home/airflow/.local/lib/python3.12/site-packages/airflow/example_dags/example_latest_only_with_trigger.py took 0.092 seconds
[2024-11-24T08:47:33.035+0000] {processor.py:186} INFO - Started process (PID=2907) to work on /home/airflow/.local/lib/python3.12/site-packages/airflow/example_dags/example_latest_only_with_trigger.py
[2024-11-24T08:47:33.037+0000] {processor.py:914} INFO - Processing file /home/airflow/.local/lib/python3.12/site-packages/airflow/example_dags/example_latest_only_with_trigger.py for tasks to queue
[2024-11-24T08:47:33.040+0000] {logging_mixin.py:190} INFO - [2024-11-24T08:47:33.040+0000] {dagbag.py:588} INFO - Filling up the DagBag from /home/airflow/.local/lib/python3.12/site-packages/airflow/example_dags/example_latest_only_with_trigger.py
[2024-11-24T08:47:33.050+0000] {processor.py:925} INFO - DAG(s) 'latest_only_with_trigger' retrieved from /home/airflow/.local/lib/python3.12/site-packages/airflow/example_dags/example_latest_only_with_trigger.py
[2024-11-24T08:47:33.080+0000] {logging_mixin.py:190} INFO - [2024-11-24T08:47:33.079+0000] {dag.py:3239} INFO - Sync 1 DAGs
[2024-11-24T08:47:33.107+0000] {logging_mixin.py:190} INFO - [2024-11-24T08:47:33.107+0000] {dag.py:4180} INFO - Setting next_dagrun for latest_only_with_trigger to 2024-11-24 04:00:00+00:00, run_after=2024-11-24 08:00:00+00:00
[2024-11-24T08:47:33.135+0000] {processor.py:208} INFO - Processing /home/airflow/.local/lib/python3.12/site-packages/airflow/example_dags/example_latest_only_with_trigger.py took 0.108 seconds
[2024-11-24T08:48:03.345+0000] {processor.py:186} INFO - Started process (PID=3198) to work on /home/airflow/.local/lib/python3.12/site-packages/airflow/example_dags/example_latest_only_with_trigger.py
[2024-11-24T08:48:03.347+0000] {processor.py:914} INFO - Processing file /home/airflow/.local/lib/python3.12/site-packages/airflow/example_dags/example_latest_only_with_trigger.py for tasks to queue
[2024-11-24T08:48:03.350+0000] {logging_mixin.py:190} INFO - [2024-11-24T08:48:03.350+0000] {dagbag.py:588} INFO - Filling up the DagBag from /home/airflow/.local/lib/python3.12/site-packages/airflow/example_dags/example_latest_only_with_trigger.py
[2024-11-24T08:48:03.359+0000] {processor.py:925} INFO - DAG(s) 'latest_only_with_trigger' retrieved from /home/airflow/.local/lib/python3.12/site-packages/airflow/example_dags/example_latest_only_with_trigger.py
[2024-11-24T08:48:03.387+0000] {logging_mixin.py:190} INFO - [2024-11-24T08:48:03.386+0000] {dag.py:3239} INFO - Sync 1 DAGs
[2024-11-24T08:48:03.420+0000] {logging_mixin.py:190} INFO - [2024-11-24T08:48:03.420+0000] {dag.py:4180} INFO - Setting next_dagrun for latest_only_with_trigger to 2024-11-24 04:00:00+00:00, run_after=2024-11-24 08:00:00+00:00
[2024-11-24T08:48:03.449+0000] {processor.py:208} INFO - Processing /home/airflow/.local/lib/python3.12/site-packages/airflow/example_dags/example_latest_only_with_trigger.py took 0.110 seconds
[2024-11-24T08:48:33.826+0000] {processor.py:186} INFO - Started process (PID=3489) to work on /home/airflow/.local/lib/python3.12/site-packages/airflow/example_dags/example_latest_only_with_trigger.py
[2024-11-24T08:48:33.828+0000] {processor.py:914} INFO - Processing file /home/airflow/.local/lib/python3.12/site-packages/airflow/example_dags/example_latest_only_with_trigger.py for tasks to queue
[2024-11-24T08:48:33.831+0000] {logging_mixin.py:190} INFO - [2024-11-24T08:48:33.831+0000] {dagbag.py:588} INFO - Filling up the DagBag from /home/airflow/.local/lib/python3.12/site-packages/airflow/example_dags/example_latest_only_with_trigger.py
[2024-11-24T08:48:33.842+0000] {processor.py:925} INFO - DAG(s) 'latest_only_with_trigger' retrieved from /home/airflow/.local/lib/python3.12/site-packages/airflow/example_dags/example_latest_only_with_trigger.py
[2024-11-24T08:48:33.876+0000] {logging_mixin.py:190} INFO - [2024-11-24T08:48:33.875+0000] {dag.py:3239} INFO - Sync 1 DAGs
[2024-11-24T08:48:33.905+0000] {logging_mixin.py:190} INFO - [2024-11-24T08:48:33.905+0000] {dag.py:4180} INFO - Setting next_dagrun for latest_only_with_trigger to 2024-11-24 04:00:00+00:00, run_after=2024-11-24 08:00:00+00:00
[2024-11-24T08:48:33.930+0000] {processor.py:208} INFO - Processing /home/airflow/.local/lib/python3.12/site-packages/airflow/example_dags/example_latest_only_with_trigger.py took 0.110 seconds
[2024-11-24T08:49:04.104+0000] {processor.py:186} INFO - Started process (PID=3777) to work on /home/airflow/.local/lib/python3.12/site-packages/airflow/example_dags/example_latest_only_with_trigger.py
[2024-11-24T08:49:04.106+0000] {processor.py:914} INFO - Processing file /home/airflow/.local/lib/python3.12/site-packages/airflow/example_dags/example_latest_only_with_trigger.py for tasks to queue
[2024-11-24T08:49:04.110+0000] {logging_mixin.py:190} INFO - [2024-11-24T08:49:04.109+0000] {dagbag.py:588} INFO - Filling up the DagBag from /home/airflow/.local/lib/python3.12/site-packages/airflow/example_dags/example_latest_only_with_trigger.py
[2024-11-24T08:49:04.121+0000] {processor.py:925} INFO - DAG(s) 'latest_only_with_trigger' retrieved from /home/airflow/.local/lib/python3.12/site-packages/airflow/example_dags/example_latest_only_with_trigger.py
[2024-11-24T08:49:04.157+0000] {logging_mixin.py:190} INFO - [2024-11-24T08:49:04.157+0000] {dag.py:3239} INFO - Sync 1 DAGs
[2024-11-24T08:49:04.204+0000] {logging_mixin.py:190} INFO - [2024-11-24T08:49:04.204+0000] {dag.py:4180} INFO - Setting next_dagrun for latest_only_with_trigger to 2024-11-24 04:00:00+00:00, run_after=2024-11-24 08:00:00+00:00
[2024-11-24T08:49:04.233+0000] {processor.py:208} INFO - Processing /home/airflow/.local/lib/python3.12/site-packages/airflow/example_dags/example_latest_only_with_trigger.py took 0.138 seconds
[2024-11-24T08:49:34.555+0000] {processor.py:186} INFO - Started process (PID=4071) to work on /home/airflow/.local/lib/python3.12/site-packages/airflow/example_dags/example_latest_only_with_trigger.py
[2024-11-24T08:49:34.556+0000] {processor.py:914} INFO - Processing file /home/airflow/.local/lib/python3.12/site-packages/airflow/example_dags/example_latest_only_with_trigger.py for tasks to queue
[2024-11-24T08:49:34.559+0000] {logging_mixin.py:190} INFO - [2024-11-24T08:49:34.558+0000] {dagbag.py:588} INFO - Filling up the DagBag from /home/airflow/.local/lib/python3.12/site-packages/airflow/example_dags/example_latest_only_with_trigger.py
[2024-11-24T08:49:34.569+0000] {processor.py:925} INFO - DAG(s) 'latest_only_with_trigger' retrieved from /home/airflow/.local/lib/python3.12/site-packages/airflow/example_dags/example_latest_only_with_trigger.py
[2024-11-24T08:49:34.594+0000] {logging_mixin.py:190} INFO - [2024-11-24T08:49:34.594+0000] {dag.py:3239} INFO - Sync 1 DAGs
[2024-11-24T08:49:34.624+0000] {logging_mixin.py:190} INFO - [2024-11-24T08:49:34.624+0000] {dag.py:4180} INFO - Setting next_dagrun for latest_only_with_trigger to 2024-11-24 04:00:00+00:00, run_after=2024-11-24 08:00:00+00:00
[2024-11-24T08:49:34.652+0000] {processor.py:208} INFO - Processing /home/airflow/.local/lib/python3.12/site-packages/airflow/example_dags/example_latest_only_with_trigger.py took 0.104 seconds
[2024-11-24T08:50:04.727+0000] {processor.py:186} INFO - Started process (PID=4359) to work on /home/airflow/.local/lib/python3.12/site-packages/airflow/example_dags/example_latest_only_with_trigger.py
[2024-11-24T08:50:04.729+0000] {processor.py:914} INFO - Processing file /home/airflow/.local/lib/python3.12/site-packages/airflow/example_dags/example_latest_only_with_trigger.py for tasks to queue
[2024-11-24T08:50:04.733+0000] {logging_mixin.py:190} INFO - [2024-11-24T08:50:04.732+0000] {dagbag.py:588} INFO - Filling up the DagBag from /home/airflow/.local/lib/python3.12/site-packages/airflow/example_dags/example_latest_only_with_trigger.py
[2024-11-24T08:50:04.744+0000] {processor.py:925} INFO - DAG(s) 'latest_only_with_trigger' retrieved from /home/airflow/.local/lib/python3.12/site-packages/airflow/example_dags/example_latest_only_with_trigger.py
[2024-11-24T08:50:04.778+0000] {logging_mixin.py:190} INFO - [2024-11-24T08:50:04.777+0000] {dag.py:3239} INFO - Sync 1 DAGs
[2024-11-24T08:50:04.813+0000] {logging_mixin.py:190} INFO - [2024-11-24T08:50:04.812+0000] {dag.py:4180} INFO - Setting next_dagrun for latest_only_with_trigger to 2024-11-24 04:00:00+00:00, run_after=2024-11-24 08:00:00+00:00
[2024-11-24T08:50:04.842+0000] {processor.py:208} INFO - Processing /home/airflow/.local/lib/python3.12/site-packages/airflow/example_dags/example_latest_only_with_trigger.py took 0.122 seconds
[2024-11-24T08:50:35.264+0000] {processor.py:186} INFO - Started process (PID=4650) to work on /home/airflow/.local/lib/python3.12/site-packages/airflow/example_dags/example_latest_only_with_trigger.py
[2024-11-24T08:50:35.266+0000] {processor.py:914} INFO - Processing file /home/airflow/.local/lib/python3.12/site-packages/airflow/example_dags/example_latest_only_with_trigger.py for tasks to queue
[2024-11-24T08:50:35.270+0000] {logging_mixin.py:190} INFO - [2024-11-24T08:50:35.269+0000] {dagbag.py:588} INFO - Filling up the DagBag from /home/airflow/.local/lib/python3.12/site-packages/airflow/example_dags/example_latest_only_with_trigger.py
[2024-11-24T08:50:35.282+0000] {processor.py:925} INFO - DAG(s) 'latest_only_with_trigger' retrieved from /home/airflow/.local/lib/python3.12/site-packages/airflow/example_dags/example_latest_only_with_trigger.py
[2024-11-24T08:50:35.315+0000] {logging_mixin.py:190} INFO - [2024-11-24T08:50:35.314+0000] {dag.py:3239} INFO - Sync 1 DAGs
[2024-11-24T08:50:35.355+0000] {logging_mixin.py:190} INFO - [2024-11-24T08:50:35.355+0000] {dag.py:4180} INFO - Setting next_dagrun for latest_only_with_trigger to 2024-11-24 04:00:00+00:00, run_after=2024-11-24 08:00:00+00:00
[2024-11-24T08:50:35.387+0000] {processor.py:208} INFO - Processing /home/airflow/.local/lib/python3.12/site-packages/airflow/example_dags/example_latest_only_with_trigger.py took 0.134 seconds
[2024-11-24T08:51:06.593+0000] {processor.py:186} INFO - Started process (PID=4944) to work on /home/airflow/.local/lib/python3.12/site-packages/airflow/example_dags/example_latest_only_with_trigger.py
[2024-11-24T08:51:06.596+0000] {processor.py:914} INFO - Processing file /home/airflow/.local/lib/python3.12/site-packages/airflow/example_dags/example_latest_only_with_trigger.py for tasks to queue
[2024-11-24T08:51:06.601+0000] {logging_mixin.py:190} INFO - [2024-11-24T08:51:06.600+0000] {dagbag.py:588} INFO - Filling up the DagBag from /home/airflow/.local/lib/python3.12/site-packages/airflow/example_dags/example_latest_only_with_trigger.py
[2024-11-24T08:51:06.616+0000] {processor.py:925} INFO - DAG(s) 'latest_only_with_trigger' retrieved from /home/airflow/.local/lib/python3.12/site-packages/airflow/example_dags/example_latest_only_with_trigger.py
[2024-11-24T08:51:06.654+0000] {logging_mixin.py:190} INFO - [2024-11-24T08:51:06.654+0000] {dag.py:3239} INFO - Sync 1 DAGs
[2024-11-24T08:51:06.700+0000] {logging_mixin.py:190} INFO - [2024-11-24T08:51:06.699+0000] {dag.py:4180} INFO - Setting next_dagrun for latest_only_with_trigger to 2024-11-24 04:00:00+00:00, run_after=2024-11-24 08:00:00+00:00
[2024-11-24T08:51:06.734+0000] {processor.py:208} INFO - Processing /home/airflow/.local/lib/python3.12/site-packages/airflow/example_dags/example_latest_only_with_trigger.py took 0.162 seconds
[2024-11-24T08:51:37.146+0000] {processor.py:186} INFO - Started process (PID=5234) to work on /home/airflow/.local/lib/python3.12/site-packages/airflow/example_dags/example_latest_only_with_trigger.py
[2024-11-24T08:51:37.150+0000] {processor.py:914} INFO - Processing file /home/airflow/.local/lib/python3.12/site-packages/airflow/example_dags/example_latest_only_with_trigger.py for tasks to queue
[2024-11-24T08:51:37.154+0000] {logging_mixin.py:190} INFO - [2024-11-24T08:51:37.153+0000] {dagbag.py:588} INFO - Filling up the DagBag from /home/airflow/.local/lib/python3.12/site-packages/airflow/example_dags/example_latest_only_with_trigger.py
[2024-11-24T08:51:37.166+0000] {processor.py:925} INFO - DAG(s) 'latest_only_with_trigger' retrieved from /home/airflow/.local/lib/python3.12/site-packages/airflow/example_dags/example_latest_only_with_trigger.py
[2024-11-24T08:51:37.202+0000] {logging_mixin.py:190} INFO - [2024-11-24T08:51:37.202+0000] {dag.py:3239} INFO - Sync 1 DAGs
[2024-11-24T08:51:37.248+0000] {logging_mixin.py:190} INFO - [2024-11-24T08:51:37.248+0000] {dag.py:4180} INFO - Setting next_dagrun for latest_only_with_trigger to 2024-11-24 04:00:00+00:00, run_after=2024-11-24 08:00:00+00:00
[2024-11-24T08:51:37.285+0000] {processor.py:208} INFO - Processing /home/airflow/.local/lib/python3.12/site-packages/airflow/example_dags/example_latest_only_with_trigger.py took 0.148 seconds
[2024-11-24T08:52:08.052+0000] {processor.py:186} INFO - Started process (PID=5525) to work on /home/airflow/.local/lib/python3.12/site-packages/airflow/example_dags/example_latest_only_with_trigger.py
[2024-11-24T08:52:08.055+0000] {processor.py:914} INFO - Processing file /home/airflow/.local/lib/python3.12/site-packages/airflow/example_dags/example_latest_only_with_trigger.py for tasks to queue
[2024-11-24T08:52:08.060+0000] {logging_mixin.py:190} INFO - [2024-11-24T08:52:08.059+0000] {dagbag.py:588} INFO - Filling up the DagBag from /home/airflow/.local/lib/python3.12/site-packages/airflow/example_dags/example_latest_only_with_trigger.py
[2024-11-24T08:52:08.074+0000] {processor.py:925} INFO - DAG(s) 'latest_only_with_trigger' retrieved from /home/airflow/.local/lib/python3.12/site-packages/airflow/example_dags/example_latest_only_with_trigger.py
[2024-11-24T08:52:08.107+0000] {logging_mixin.py:190} INFO - [2024-11-24T08:52:08.106+0000] {dag.py:3239} INFO - Sync 1 DAGs
[2024-11-24T08:52:08.151+0000] {logging_mixin.py:190} INFO - [2024-11-24T08:52:08.150+0000] {dag.py:4180} INFO - Setting next_dagrun for latest_only_with_trigger to 2024-11-24 04:00:00+00:00, run_after=2024-11-24 08:00:00+00:00
[2024-11-24T08:52:08.183+0000] {processor.py:208} INFO - Processing /home/airflow/.local/lib/python3.12/site-packages/airflow/example_dags/example_latest_only_with_trigger.py took 0.143 seconds
