[2024-11-24T08:43:04.199+0000] {processor.py:186} INFO - Started process (PID=408) to work on /home/airflow/.local/lib/python3.12/site-packages/airflow/example_dags/example_nested_branch_dag.py
[2024-11-24T08:43:04.203+0000] {processor.py:914} INFO - Processing file /home/airflow/.local/lib/python3.12/site-packages/airflow/example_dags/example_nested_branch_dag.py for tasks to queue
[2024-11-24T08:43:04.208+0000] {logging_mixin.py:190} INFO - [2024-11-24T08:43:04.207+0000] {dagbag.py:588} INFO - Filling up the DagBag from /home/airflow/.local/lib/python3.12/site-packages/airflow/example_dags/example_nested_branch_dag.py
[2024-11-24T08:43:04.242+0000] {processor.py:925} INFO - DAG(s) 'example_nested_branch_dag' retrieved from /home/airflow/.local/lib/python3.12/site-packages/airflow/example_dags/example_nested_branch_dag.py
[2024-11-24T08:43:04.433+0000] {logging_mixin.py:190} INFO - [2024-11-24T08:43:04.432+0000] {override.py:1911} INFO - Created Permission View: can read on DAG:example_nested_branch_dag
[2024-11-24T08:43:04.448+0000] {logging_mixin.py:190} INFO - [2024-11-24T08:43:04.447+0000] {override.py:1911} INFO - Created Permission View: can edit on DAG:example_nested_branch_dag
[2024-11-24T08:43:04.457+0000] {logging_mixin.py:190} INFO - [2024-11-24T08:43:04.457+0000] {override.py:1911} INFO - Created Permission View: can delete on DAG:example_nested_branch_dag
[2024-11-24T08:43:04.468+0000] {logging_mixin.py:190} INFO - [2024-11-24T08:43:04.468+0000] {override.py:1911} INFO - Created Permission View: can read on DAG Run:example_nested_branch_dag
[2024-11-24T08:43:04.477+0000] {logging_mixin.py:190} INFO - [2024-11-24T08:43:04.477+0000] {override.py:1911} INFO - Created Permission View: can delete on DAG Run:example_nested_branch_dag
[2024-11-24T08:43:04.488+0000] {logging_mixin.py:190} INFO - [2024-11-24T08:43:04.487+0000] {override.py:1911} INFO - Created Permission View: can create on DAG Run:example_nested_branch_dag
[2024-11-24T08:43:04.498+0000] {logging_mixin.py:190} INFO - [2024-11-24T08:43:04.498+0000] {override.py:1911} INFO - Created Permission View: menu access on DAG Run:example_nested_branch_dag
[2024-11-24T08:43:04.500+0000] {logging_mixin.py:190} INFO - [2024-11-24T08:43:04.499+0000] {dag.py:3239} INFO - Sync 1 DAGs
[2024-11-24T08:43:04.517+0000] {logging_mixin.py:190} INFO - [2024-11-24T08:43:04.517+0000] {dag.py:3262} INFO - Creating ORM DAG for example_nested_branch_dag
[2024-11-24T08:43:04.535+0000] {logging_mixin.py:190} INFO - [2024-11-24T08:43:04.535+0000] {dag.py:4180} INFO - Setting next_dagrun for example_nested_branch_dag to 2024-11-23 00:00:00+00:00, run_after=2024-11-24 00:00:00+00:00
[2024-11-24T08:43:04.555+0000] {processor.py:208} INFO - Processing /home/airflow/.local/lib/python3.12/site-packages/airflow/example_dags/example_nested_branch_dag.py took 0.372 seconds
[2024-11-24T08:43:35.007+0000] {processor.py:186} INFO - Started process (PID=699) to work on /home/airflow/.local/lib/python3.12/site-packages/airflow/example_dags/example_nested_branch_dag.py
[2024-11-24T08:43:35.009+0000] {processor.py:914} INFO - Processing file /home/airflow/.local/lib/python3.12/site-packages/airflow/example_dags/example_nested_branch_dag.py for tasks to queue
[2024-11-24T08:43:35.013+0000] {logging_mixin.py:190} INFO - [2024-11-24T08:43:35.012+0000] {dagbag.py:588} INFO - Filling up the DagBag from /home/airflow/.local/lib/python3.12/site-packages/airflow/example_dags/example_nested_branch_dag.py
[2024-11-24T08:43:35.030+0000] {processor.py:925} INFO - DAG(s) 'example_nested_branch_dag' retrieved from /home/airflow/.local/lib/python3.12/site-packages/airflow/example_dags/example_nested_branch_dag.py
[2024-11-24T08:43:35.064+0000] {logging_mixin.py:190} INFO - [2024-11-24T08:43:35.064+0000] {dag.py:3239} INFO - Sync 1 DAGs
[2024-11-24T08:43:35.107+0000] {logging_mixin.py:190} INFO - [2024-11-24T08:43:35.107+0000] {dag.py:4180} INFO - Setting next_dagrun for example_nested_branch_dag to 2024-11-23 00:00:00+00:00, run_after=2024-11-24 00:00:00+00:00
[2024-11-24T08:43:35.133+0000] {processor.py:208} INFO - Processing /home/airflow/.local/lib/python3.12/site-packages/airflow/example_dags/example_nested_branch_dag.py took 0.135 seconds
[2024-11-24T08:44:05.820+0000] {processor.py:186} INFO - Started process (PID=990) to work on /home/airflow/.local/lib/python3.12/site-packages/airflow/example_dags/example_nested_branch_dag.py
[2024-11-24T08:44:05.822+0000] {processor.py:914} INFO - Processing file /home/airflow/.local/lib/python3.12/site-packages/airflow/example_dags/example_nested_branch_dag.py for tasks to queue
[2024-11-24T08:44:05.825+0000] {logging_mixin.py:190} INFO - [2024-11-24T08:44:05.824+0000] {dagbag.py:588} INFO - Filling up the DagBag from /home/airflow/.local/lib/python3.12/site-packages/airflow/example_dags/example_nested_branch_dag.py
[2024-11-24T08:44:05.837+0000] {processor.py:925} INFO - DAG(s) 'example_nested_branch_dag' retrieved from /home/airflow/.local/lib/python3.12/site-packages/airflow/example_dags/example_nested_branch_dag.py
[2024-11-24T08:44:05.861+0000] {logging_mixin.py:190} INFO - [2024-11-24T08:44:05.861+0000] {dag.py:3239} INFO - Sync 1 DAGs
[2024-11-24T08:44:05.884+0000] {logging_mixin.py:190} INFO - [2024-11-24T08:44:05.884+0000] {dag.py:4180} INFO - Setting next_dagrun for example_nested_branch_dag to 2024-11-23 00:00:00+00:00, run_after=2024-11-24 00:00:00+00:00
[2024-11-24T08:44:05.910+0000] {processor.py:208} INFO - Processing /home/airflow/.local/lib/python3.12/site-packages/airflow/example_dags/example_nested_branch_dag.py took 0.098 seconds
[2024-11-24T08:44:36.281+0000] {processor.py:186} INFO - Started process (PID=1281) to work on /home/airflow/.local/lib/python3.12/site-packages/airflow/example_dags/example_nested_branch_dag.py
[2024-11-24T08:44:36.282+0000] {processor.py:914} INFO - Processing file /home/airflow/.local/lib/python3.12/site-packages/airflow/example_dags/example_nested_branch_dag.py for tasks to queue
[2024-11-24T08:44:36.285+0000] {logging_mixin.py:190} INFO - [2024-11-24T08:44:36.284+0000] {dagbag.py:588} INFO - Filling up the DagBag from /home/airflow/.local/lib/python3.12/site-packages/airflow/example_dags/example_nested_branch_dag.py
[2024-11-24T08:44:36.295+0000] {processor.py:925} INFO - DAG(s) 'example_nested_branch_dag' retrieved from /home/airflow/.local/lib/python3.12/site-packages/airflow/example_dags/example_nested_branch_dag.py
[2024-11-24T08:44:36.328+0000] {logging_mixin.py:190} INFO - [2024-11-24T08:44:36.328+0000] {dag.py:3239} INFO - Sync 1 DAGs
[2024-11-24T08:44:36.358+0000] {logging_mixin.py:190} INFO - [2024-11-24T08:44:36.357+0000] {dag.py:4180} INFO - Setting next_dagrun for example_nested_branch_dag to 2024-11-23 00:00:00+00:00, run_after=2024-11-24 00:00:00+00:00
[2024-11-24T08:44:36.386+0000] {processor.py:208} INFO - Processing /home/airflow/.local/lib/python3.12/site-packages/airflow/example_dags/example_nested_branch_dag.py took 0.111 seconds
[2024-11-24T08:45:06.779+0000] {processor.py:186} INFO - Started process (PID=1567) to work on /home/airflow/.local/lib/python3.12/site-packages/airflow/example_dags/example_nested_branch_dag.py
[2024-11-24T08:45:06.780+0000] {processor.py:914} INFO - Processing file /home/airflow/.local/lib/python3.12/site-packages/airflow/example_dags/example_nested_branch_dag.py for tasks to queue
[2024-11-24T08:45:06.782+0000] {logging_mixin.py:190} INFO - [2024-11-24T08:45:06.782+0000] {dagbag.py:588} INFO - Filling up the DagBag from /home/airflow/.local/lib/python3.12/site-packages/airflow/example_dags/example_nested_branch_dag.py
[2024-11-24T08:45:06.796+0000] {processor.py:925} INFO - DAG(s) 'example_nested_branch_dag' retrieved from /home/airflow/.local/lib/python3.12/site-packages/airflow/example_dags/example_nested_branch_dag.py
[2024-11-24T08:45:06.823+0000] {logging_mixin.py:190} INFO - [2024-11-24T08:45:06.823+0000] {dag.py:3239} INFO - Sync 1 DAGs
[2024-11-24T08:45:06.856+0000] {logging_mixin.py:190} INFO - [2024-11-24T08:45:06.856+0000] {dag.py:4180} INFO - Setting next_dagrun for example_nested_branch_dag to 2024-11-23 00:00:00+00:00, run_after=2024-11-24 00:00:00+00:00
[2024-11-24T08:45:06.879+0000] {processor.py:208} INFO - Processing /home/airflow/.local/lib/python3.12/site-packages/airflow/example_dags/example_nested_branch_dag.py took 0.107 seconds
[2024-11-24T08:45:37.456+0000] {processor.py:186} INFO - Started process (PID=1858) to work on /home/airflow/.local/lib/python3.12/site-packages/airflow/example_dags/example_nested_branch_dag.py
[2024-11-24T08:45:37.458+0000] {processor.py:914} INFO - Processing file /home/airflow/.local/lib/python3.12/site-packages/airflow/example_dags/example_nested_branch_dag.py for tasks to queue
[2024-11-24T08:45:37.462+0000] {logging_mixin.py:190} INFO - [2024-11-24T08:45:37.462+0000] {dagbag.py:588} INFO - Filling up the DagBag from /home/airflow/.local/lib/python3.12/site-packages/airflow/example_dags/example_nested_branch_dag.py
[2024-11-24T08:45:37.483+0000] {processor.py:925} INFO - DAG(s) 'example_nested_branch_dag' retrieved from /home/airflow/.local/lib/python3.12/site-packages/airflow/example_dags/example_nested_branch_dag.py
[2024-11-24T08:45:37.521+0000] {logging_mixin.py:190} INFO - [2024-11-24T08:45:37.521+0000] {dag.py:3239} INFO - Sync 1 DAGs
[2024-11-24T08:45:37.553+0000] {logging_mixin.py:190} INFO - [2024-11-24T08:45:37.553+0000] {dag.py:4180} INFO - Setting next_dagrun for example_nested_branch_dag to 2024-11-23 00:00:00+00:00, run_after=2024-11-24 00:00:00+00:00
[2024-11-24T08:45:37.592+0000] {processor.py:208} INFO - Processing /home/airflow/.local/lib/python3.12/site-packages/airflow/example_dags/example_nested_branch_dag.py took 0.148 seconds
[2024-11-24T08:46:07.924+0000] {processor.py:186} INFO - Started process (PID=2149) to work on /home/airflow/.local/lib/python3.12/site-packages/airflow/example_dags/example_nested_branch_dag.py
[2024-11-24T08:46:07.926+0000] {processor.py:914} INFO - Processing file /home/airflow/.local/lib/python3.12/site-packages/airflow/example_dags/example_nested_branch_dag.py for tasks to queue
[2024-11-24T08:46:07.929+0000] {logging_mixin.py:190} INFO - [2024-11-24T08:46:07.928+0000] {dagbag.py:588} INFO - Filling up the DagBag from /home/airflow/.local/lib/python3.12/site-packages/airflow/example_dags/example_nested_branch_dag.py
[2024-11-24T08:46:07.947+0000] {processor.py:925} INFO - DAG(s) 'example_nested_branch_dag' retrieved from /home/airflow/.local/lib/python3.12/site-packages/airflow/example_dags/example_nested_branch_dag.py
[2024-11-24T08:46:07.982+0000] {logging_mixin.py:190} INFO - [2024-11-24T08:46:07.981+0000] {dag.py:3239} INFO - Sync 1 DAGs
[2024-11-24T08:46:08.025+0000] {logging_mixin.py:190} INFO - [2024-11-24T08:46:08.025+0000] {dag.py:4180} INFO - Setting next_dagrun for example_nested_branch_dag to 2024-11-23 00:00:00+00:00, run_after=2024-11-24 00:00:00+00:00
[2024-11-24T08:46:08.058+0000] {processor.py:208} INFO - Processing /home/airflow/.local/lib/python3.12/site-packages/airflow/example_dags/example_nested_branch_dag.py took 0.141 seconds
[2024-11-24T08:46:40.279+0000] {processor.py:186} INFO - Started process (PID=2442) to work on /home/airflow/.local/lib/python3.12/site-packages/airflow/example_dags/example_nested_branch_dag.py
[2024-11-24T08:46:40.281+0000] {processor.py:914} INFO - Processing file /home/airflow/.local/lib/python3.12/site-packages/airflow/example_dags/example_nested_branch_dag.py for tasks to queue
[2024-11-24T08:46:40.285+0000] {logging_mixin.py:190} INFO - [2024-11-24T08:46:40.284+0000] {dagbag.py:588} INFO - Filling up the DagBag from /home/airflow/.local/lib/python3.12/site-packages/airflow/example_dags/example_nested_branch_dag.py
[2024-11-24T08:46:40.304+0000] {processor.py:925} INFO - DAG(s) 'example_nested_branch_dag' retrieved from /home/airflow/.local/lib/python3.12/site-packages/airflow/example_dags/example_nested_branch_dag.py
[2024-11-24T08:46:40.339+0000] {logging_mixin.py:190} INFO - [2024-11-24T08:46:40.338+0000] {dag.py:3239} INFO - Sync 1 DAGs
[2024-11-24T08:46:40.382+0000] {logging_mixin.py:190} INFO - [2024-11-24T08:46:40.381+0000] {dag.py:4180} INFO - Setting next_dagrun for example_nested_branch_dag to 2024-11-23 00:00:00+00:00, run_after=2024-11-24 00:00:00+00:00
[2024-11-24T08:46:40.418+0000] {processor.py:208} INFO - Processing /home/airflow/.local/lib/python3.12/site-packages/airflow/example_dags/example_nested_branch_dag.py took 0.149 seconds
[2024-11-24T08:47:11.817+0000] {processor.py:186} INFO - Started process (PID=2731) to work on /home/airflow/.local/lib/python3.12/site-packages/airflow/example_dags/example_nested_branch_dag.py
[2024-11-24T08:47:11.819+0000] {processor.py:914} INFO - Processing file /home/airflow/.local/lib/python3.12/site-packages/airflow/example_dags/example_nested_branch_dag.py for tasks to queue
[2024-11-24T08:47:11.822+0000] {logging_mixin.py:190} INFO - [2024-11-24T08:47:11.822+0000] {dagbag.py:588} INFO - Filling up the DagBag from /home/airflow/.local/lib/python3.12/site-packages/airflow/example_dags/example_nested_branch_dag.py
[2024-11-24T08:47:11.840+0000] {processor.py:925} INFO - DAG(s) 'example_nested_branch_dag' retrieved from /home/airflow/.local/lib/python3.12/site-packages/airflow/example_dags/example_nested_branch_dag.py
[2024-11-24T08:47:11.873+0000] {logging_mixin.py:190} INFO - [2024-11-24T08:47:11.873+0000] {dag.py:3239} INFO - Sync 1 DAGs
[2024-11-24T08:47:11.911+0000] {logging_mixin.py:190} INFO - [2024-11-24T08:47:11.910+0000] {dag.py:4180} INFO - Setting next_dagrun for example_nested_branch_dag to 2024-11-23 00:00:00+00:00, run_after=2024-11-24 00:00:00+00:00
[2024-11-24T08:47:11.940+0000] {processor.py:208} INFO - Processing /home/airflow/.local/lib/python3.12/site-packages/airflow/example_dags/example_nested_branch_dag.py took 0.133 seconds
[2024-11-24T08:47:43.790+0000] {processor.py:186} INFO - Started process (PID=3024) to work on /home/airflow/.local/lib/python3.12/site-packages/airflow/example_dags/example_nested_branch_dag.py
[2024-11-24T08:47:43.792+0000] {processor.py:914} INFO - Processing file /home/airflow/.local/lib/python3.12/site-packages/airflow/example_dags/example_nested_branch_dag.py for tasks to queue
[2024-11-24T08:47:43.795+0000] {logging_mixin.py:190} INFO - [2024-11-24T08:47:43.795+0000] {dagbag.py:588} INFO - Filling up the DagBag from /home/airflow/.local/lib/python3.12/site-packages/airflow/example_dags/example_nested_branch_dag.py
[2024-11-24T08:47:43.814+0000] {processor.py:925} INFO - DAG(s) 'example_nested_branch_dag' retrieved from /home/airflow/.local/lib/python3.12/site-packages/airflow/example_dags/example_nested_branch_dag.py
[2024-11-24T08:47:43.850+0000] {logging_mixin.py:190} INFO - [2024-11-24T08:47:43.850+0000] {dag.py:3239} INFO - Sync 1 DAGs
[2024-11-24T08:47:43.888+0000] {logging_mixin.py:190} INFO - [2024-11-24T08:47:43.888+0000] {dag.py:4180} INFO - Setting next_dagrun for example_nested_branch_dag to 2024-11-23 00:00:00+00:00, run_after=2024-11-24 00:00:00+00:00
[2024-11-24T08:47:43.918+0000] {processor.py:208} INFO - Processing /home/airflow/.local/lib/python3.12/site-packages/airflow/example_dags/example_nested_branch_dag.py took 0.138 seconds
[2024-11-24T08:48:15.706+0000] {processor.py:186} INFO - Started process (PID=3315) to work on /home/airflow/.local/lib/python3.12/site-packages/airflow/example_dags/example_nested_branch_dag.py
[2024-11-24T08:48:15.707+0000] {processor.py:914} INFO - Processing file /home/airflow/.local/lib/python3.12/site-packages/airflow/example_dags/example_nested_branch_dag.py for tasks to queue
[2024-11-24T08:48:15.712+0000] {logging_mixin.py:190} INFO - [2024-11-24T08:48:15.711+0000] {dagbag.py:588} INFO - Filling up the DagBag from /home/airflow/.local/lib/python3.12/site-packages/airflow/example_dags/example_nested_branch_dag.py
[2024-11-24T08:48:15.731+0000] {processor.py:925} INFO - DAG(s) 'example_nested_branch_dag' retrieved from /home/airflow/.local/lib/python3.12/site-packages/airflow/example_dags/example_nested_branch_dag.py
[2024-11-24T08:48:15.762+0000] {logging_mixin.py:190} INFO - [2024-11-24T08:48:15.762+0000] {dag.py:3239} INFO - Sync 1 DAGs
[2024-11-24T08:48:15.808+0000] {logging_mixin.py:190} INFO - [2024-11-24T08:48:15.808+0000] {dag.py:4180} INFO - Setting next_dagrun for example_nested_branch_dag to 2024-11-23 00:00:00+00:00, run_after=2024-11-24 00:00:00+00:00
[2024-11-24T08:48:15.844+0000] {processor.py:208} INFO - Processing /home/airflow/.local/lib/python3.12/site-packages/airflow/example_dags/example_nested_branch_dag.py took 0.148 seconds
[2024-11-24T08:48:46.768+0000] {processor.py:186} INFO - Started process (PID=3606) to work on /home/airflow/.local/lib/python3.12/site-packages/airflow/example_dags/example_nested_branch_dag.py
[2024-11-24T08:48:46.770+0000] {processor.py:914} INFO - Processing file /home/airflow/.local/lib/python3.12/site-packages/airflow/example_dags/example_nested_branch_dag.py for tasks to queue
[2024-11-24T08:48:46.774+0000] {logging_mixin.py:190} INFO - [2024-11-24T08:48:46.774+0000] {dagbag.py:588} INFO - Filling up the DagBag from /home/airflow/.local/lib/python3.12/site-packages/airflow/example_dags/example_nested_branch_dag.py
[2024-11-24T08:48:46.799+0000] {processor.py:925} INFO - DAG(s) 'example_nested_branch_dag' retrieved from /home/airflow/.local/lib/python3.12/site-packages/airflow/example_dags/example_nested_branch_dag.py
[2024-11-24T08:48:46.837+0000] {logging_mixin.py:190} INFO - [2024-11-24T08:48:46.837+0000] {dag.py:3239} INFO - Sync 1 DAGs
[2024-11-24T08:48:46.873+0000] {logging_mixin.py:190} INFO - [2024-11-24T08:48:46.873+0000] {dag.py:4180} INFO - Setting next_dagrun for example_nested_branch_dag to 2024-11-23 00:00:00+00:00, run_after=2024-11-24 00:00:00+00:00
[2024-11-24T08:48:46.903+0000] {processor.py:208} INFO - Processing /home/airflow/.local/lib/python3.12/site-packages/airflow/example_dags/example_nested_branch_dag.py took 0.145 seconds
[2024-11-24T08:49:18.193+0000] {processor.py:186} INFO - Started process (PID=3895) to work on /home/airflow/.local/lib/python3.12/site-packages/airflow/example_dags/example_nested_branch_dag.py
[2024-11-24T08:49:18.195+0000] {processor.py:914} INFO - Processing file /home/airflow/.local/lib/python3.12/site-packages/airflow/example_dags/example_nested_branch_dag.py for tasks to queue
[2024-11-24T08:49:18.200+0000] {logging_mixin.py:190} INFO - [2024-11-24T08:49:18.200+0000] {dagbag.py:588} INFO - Filling up the DagBag from /home/airflow/.local/lib/python3.12/site-packages/airflow/example_dags/example_nested_branch_dag.py
[2024-11-24T08:49:18.224+0000] {processor.py:925} INFO - DAG(s) 'example_nested_branch_dag' retrieved from /home/airflow/.local/lib/python3.12/site-packages/airflow/example_dags/example_nested_branch_dag.py
[2024-11-24T08:49:18.260+0000] {logging_mixin.py:190} INFO - [2024-11-24T08:49:18.259+0000] {dag.py:3239} INFO - Sync 1 DAGs
[2024-11-24T08:49:18.309+0000] {logging_mixin.py:190} INFO - [2024-11-24T08:49:18.308+0000] {dag.py:4180} INFO - Setting next_dagrun for example_nested_branch_dag to 2024-11-23 00:00:00+00:00, run_after=2024-11-24 00:00:00+00:00
[2024-11-24T08:49:18.341+0000] {processor.py:208} INFO - Processing /home/airflow/.local/lib/python3.12/site-packages/airflow/example_dags/example_nested_branch_dag.py took 0.162 seconds
[2024-11-24T08:49:50.179+0000] {processor.py:186} INFO - Started process (PID=4191) to work on /home/airflow/.local/lib/python3.12/site-packages/airflow/example_dags/example_nested_branch_dag.py
[2024-11-24T08:49:50.180+0000] {processor.py:914} INFO - Processing file /home/airflow/.local/lib/python3.12/site-packages/airflow/example_dags/example_nested_branch_dag.py for tasks to queue
[2024-11-24T08:49:50.184+0000] {logging_mixin.py:190} INFO - [2024-11-24T08:49:50.183+0000] {dagbag.py:588} INFO - Filling up the DagBag from /home/airflow/.local/lib/python3.12/site-packages/airflow/example_dags/example_nested_branch_dag.py
[2024-11-24T08:49:50.203+0000] {processor.py:925} INFO - DAG(s) 'example_nested_branch_dag' retrieved from /home/airflow/.local/lib/python3.12/site-packages/airflow/example_dags/example_nested_branch_dag.py
[2024-11-24T08:49:50.243+0000] {logging_mixin.py:190} INFO - [2024-11-24T08:49:50.242+0000] {dag.py:3239} INFO - Sync 1 DAGs
[2024-11-24T08:49:50.293+0000] {logging_mixin.py:190} INFO - [2024-11-24T08:49:50.293+0000] {dag.py:4180} INFO - Setting next_dagrun for example_nested_branch_dag to 2024-11-23 00:00:00+00:00, run_after=2024-11-24 00:00:00+00:00
[2024-11-24T08:49:50.324+0000] {processor.py:208} INFO - Processing /home/airflow/.local/lib/python3.12/site-packages/airflow/example_dags/example_nested_branch_dag.py took 0.156 seconds
[2024-11-24T08:50:25.829+0000] {processor.py:186} INFO - Started process (PID=4490) to work on /home/airflow/.local/lib/python3.12/site-packages/airflow/example_dags/example_nested_branch_dag.py
[2024-11-24T08:50:25.832+0000] {processor.py:914} INFO - Processing file /home/airflow/.local/lib/python3.12/site-packages/airflow/example_dags/example_nested_branch_dag.py for tasks to queue
[2024-11-24T08:50:25.837+0000] {logging_mixin.py:190} INFO - [2024-11-24T08:50:25.836+0000] {dagbag.py:588} INFO - Filling up the DagBag from /home/airflow/.local/lib/python3.12/site-packages/airflow/example_dags/example_nested_branch_dag.py
[2024-11-24T08:50:25.861+0000] {processor.py:925} INFO - DAG(s) 'example_nested_branch_dag' retrieved from /home/airflow/.local/lib/python3.12/site-packages/airflow/example_dags/example_nested_branch_dag.py
[2024-11-24T08:50:25.914+0000] {logging_mixin.py:190} INFO - [2024-11-24T08:50:25.914+0000] {dag.py:3239} INFO - Sync 1 DAGs
[2024-11-24T08:50:25.958+0000] {logging_mixin.py:190} INFO - [2024-11-24T08:50:25.958+0000] {dag.py:4180} INFO - Setting next_dagrun for example_nested_branch_dag to 2024-11-23 00:00:00+00:00, run_after=2024-11-24 00:00:00+00:00
[2024-11-24T08:50:25.991+0000] {processor.py:208} INFO - Processing /home/airflow/.local/lib/python3.12/site-packages/airflow/example_dags/example_nested_branch_dag.py took 0.177 seconds
[2024-11-24T08:51:02.264+0000] {processor.py:186} INFO - Started process (PID=4779) to work on /home/airflow/.local/lib/python3.12/site-packages/airflow/example_dags/example_nested_branch_dag.py
[2024-11-24T08:51:02.267+0000] {processor.py:914} INFO - Processing file /home/airflow/.local/lib/python3.12/site-packages/airflow/example_dags/example_nested_branch_dag.py for tasks to queue
[2024-11-24T08:51:02.271+0000] {logging_mixin.py:190} INFO - [2024-11-24T08:51:02.271+0000] {dagbag.py:588} INFO - Filling up the DagBag from /home/airflow/.local/lib/python3.12/site-packages/airflow/example_dags/example_nested_branch_dag.py
[2024-11-24T08:51:02.306+0000] {processor.py:925} INFO - DAG(s) 'example_nested_branch_dag' retrieved from /home/airflow/.local/lib/python3.12/site-packages/airflow/example_dags/example_nested_branch_dag.py
[2024-11-24T08:51:02.379+0000] {logging_mixin.py:190} INFO - [2024-11-24T08:51:02.377+0000] {dag.py:3239} INFO - Sync 1 DAGs
[2024-11-24T08:51:02.455+0000] {logging_mixin.py:190} INFO - [2024-11-24T08:51:02.454+0000] {dag.py:4180} INFO - Setting next_dagrun for example_nested_branch_dag to 2024-11-23 00:00:00+00:00, run_after=2024-11-24 00:00:00+00:00
[2024-11-24T08:51:02.510+0000] {processor.py:208} INFO - Processing /home/airflow/.local/lib/python3.12/site-packages/airflow/example_dags/example_nested_branch_dag.py took 0.261 seconds
[2024-11-24T08:51:33.178+0000] {processor.py:186} INFO - Started process (PID=5069) to work on /home/airflow/.local/lib/python3.12/site-packages/airflow/example_dags/example_nested_branch_dag.py
[2024-11-24T08:51:33.180+0000] {processor.py:914} INFO - Processing file /home/airflow/.local/lib/python3.12/site-packages/airflow/example_dags/example_nested_branch_dag.py for tasks to queue
[2024-11-24T08:51:33.184+0000] {logging_mixin.py:190} INFO - [2024-11-24T08:51:33.183+0000] {dagbag.py:588} INFO - Filling up the DagBag from /home/airflow/.local/lib/python3.12/site-packages/airflow/example_dags/example_nested_branch_dag.py
[2024-11-24T08:51:33.205+0000] {processor.py:925} INFO - DAG(s) 'example_nested_branch_dag' retrieved from /home/airflow/.local/lib/python3.12/site-packages/airflow/example_dags/example_nested_branch_dag.py
[2024-11-24T08:51:33.243+0000] {logging_mixin.py:190} INFO - [2024-11-24T08:51:33.243+0000] {dag.py:3239} INFO - Sync 1 DAGs
[2024-11-24T08:51:33.302+0000] {logging_mixin.py:190} INFO - [2024-11-24T08:51:33.301+0000] {dag.py:4180} INFO - Setting next_dagrun for example_nested_branch_dag to 2024-11-23 00:00:00+00:00, run_after=2024-11-24 00:00:00+00:00
[2024-11-24T08:51:33.371+0000] {processor.py:208} INFO - Processing /home/airflow/.local/lib/python3.12/site-packages/airflow/example_dags/example_nested_branch_dag.py took 0.204 seconds
[2024-11-24T08:52:03.958+0000] {processor.py:186} INFO - Started process (PID=5360) to work on /home/airflow/.local/lib/python3.12/site-packages/airflow/example_dags/example_nested_branch_dag.py
[2024-11-24T08:52:03.959+0000] {processor.py:914} INFO - Processing file /home/airflow/.local/lib/python3.12/site-packages/airflow/example_dags/example_nested_branch_dag.py for tasks to queue
[2024-11-24T08:52:03.962+0000] {logging_mixin.py:190} INFO - [2024-11-24T08:52:03.961+0000] {dagbag.py:588} INFO - Filling up the DagBag from /home/airflow/.local/lib/python3.12/site-packages/airflow/example_dags/example_nested_branch_dag.py
[2024-11-24T08:52:03.975+0000] {processor.py:925} INFO - DAG(s) 'example_nested_branch_dag' retrieved from /home/airflow/.local/lib/python3.12/site-packages/airflow/example_dags/example_nested_branch_dag.py
[2024-11-24T08:52:04.000+0000] {logging_mixin.py:190} INFO - [2024-11-24T08:52:04.000+0000] {dag.py:3239} INFO - Sync 1 DAGs
[2024-11-24T08:52:04.026+0000] {logging_mixin.py:190} INFO - [2024-11-24T08:52:04.026+0000] {dag.py:4180} INFO - Setting next_dagrun for example_nested_branch_dag to 2024-11-23 00:00:00+00:00, run_after=2024-11-24 00:00:00+00:00
[2024-11-24T08:52:04.046+0000] {processor.py:208} INFO - Processing /home/airflow/.local/lib/python3.12/site-packages/airflow/example_dags/example_nested_branch_dag.py took 0.094 seconds
