[2024-11-24T08:43:04.436+0000] {processor.py:186} INFO - Started process (PID=413) to work on /home/airflow/.local/lib/python3.12/site-packages/airflow/example_dags/example_sla_dag.py
[2024-11-24T08:43:04.438+0000] {processor.py:914} INFO - Processing file /home/airflow/.local/lib/python3.12/site-packages/airflow/example_dags/example_sla_dag.py for tasks to queue
[2024-11-24T08:43:04.440+0000] {logging_mixin.py:190} INFO - [2024-11-24T08:43:04.440+0000] {dagbag.py:588} INFO - Filling up the DagBag from /home/airflow/.local/lib/python3.12/site-packages/airflow/example_dags/example_sla_dag.py
[2024-11-24T08:43:04.456+0000] {processor.py:925} INFO - DAG(s) 'example_sla_dag' retrieved from /home/airflow/.local/lib/python3.12/site-packages/airflow/example_dags/example_sla_dag.py
[2024-11-24T08:43:04.607+0000] {logging_mixin.py:190} INFO - [2024-11-24T08:43:04.606+0000] {override.py:1911} INFO - Created Permission View: can read on DAG:example_sla_dag
[2024-11-24T08:43:04.621+0000] {logging_mixin.py:190} INFO - [2024-11-24T08:43:04.621+0000] {override.py:1911} INFO - Created Permission View: can edit on DAG:example_sla_dag
[2024-11-24T08:43:04.631+0000] {logging_mixin.py:190} INFO - [2024-11-24T08:43:04.630+0000] {override.py:1911} INFO - Created Permission View: can delete on DAG:example_sla_dag
[2024-11-24T08:43:04.642+0000] {logging_mixin.py:190} INFO - [2024-11-24T08:43:04.641+0000] {override.py:1911} INFO - Created Permission View: can read on DAG Run:example_sla_dag
[2024-11-24T08:43:04.651+0000] {logging_mixin.py:190} INFO - [2024-11-24T08:43:04.650+0000] {override.py:1911} INFO - Created Permission View: can delete on DAG Run:example_sla_dag
[2024-11-24T08:43:04.659+0000] {logging_mixin.py:190} INFO - [2024-11-24T08:43:04.659+0000] {override.py:1911} INFO - Created Permission View: can create on DAG Run:example_sla_dag
[2024-11-24T08:43:04.669+0000] {logging_mixin.py:190} INFO - [2024-11-24T08:43:04.668+0000] {override.py:1911} INFO - Created Permission View: menu access on DAG Run:example_sla_dag
[2024-11-24T08:43:04.670+0000] {logging_mixin.py:190} INFO - [2024-11-24T08:43:04.669+0000] {dag.py:3239} INFO - Sync 1 DAGs
[2024-11-24T08:43:04.687+0000] {logging_mixin.py:190} INFO - [2024-11-24T08:43:04.687+0000] {dag.py:3262} INFO - Creating ORM DAG for example_sla_dag
[2024-11-24T08:43:04.705+0000] {logging_mixin.py:190} INFO - [2024-11-24T08:43:04.705+0000] {dag.py:4180} INFO - Setting next_dagrun for example_sla_dag to 2024-11-24 08:40:00+00:00, run_after=2024-11-24 08:42:00+00:00
[2024-11-24T08:43:04.725+0000] {processor.py:208} INFO - Processing /home/airflow/.local/lib/python3.12/site-packages/airflow/example_dags/example_sla_dag.py took 0.300 seconds
[2024-11-24T08:43:35.186+0000] {processor.py:186} INFO - Started process (PID=704) to work on /home/airflow/.local/lib/python3.12/site-packages/airflow/example_dags/example_sla_dag.py
[2024-11-24T08:43:35.188+0000] {processor.py:914} INFO - Processing file /home/airflow/.local/lib/python3.12/site-packages/airflow/example_dags/example_sla_dag.py for tasks to queue
[2024-11-24T08:43:35.190+0000] {logging_mixin.py:190} INFO - [2024-11-24T08:43:35.190+0000] {dagbag.py:588} INFO - Filling up the DagBag from /home/airflow/.local/lib/python3.12/site-packages/airflow/example_dags/example_sla_dag.py
[2024-11-24T08:43:35.207+0000] {processor.py:925} INFO - DAG(s) 'example_sla_dag' retrieved from /home/airflow/.local/lib/python3.12/site-packages/airflow/example_dags/example_sla_dag.py
[2024-11-24T08:43:35.232+0000] {logging_mixin.py:190} INFO - [2024-11-24T08:43:35.231+0000] {dag.py:3239} INFO - Sync 1 DAGs
[2024-11-24T08:43:35.265+0000] {logging_mixin.py:190} INFO - [2024-11-24T08:43:35.265+0000] {dag.py:4180} INFO - Setting next_dagrun for example_sla_dag to 2024-11-24 08:40:00+00:00, run_after=2024-11-24 08:42:00+00:00
[2024-11-24T08:43:35.290+0000] {processor.py:208} INFO - Processing /home/airflow/.local/lib/python3.12/site-packages/airflow/example_dags/example_sla_dag.py took 0.114 seconds
[2024-11-24T08:44:05.955+0000] {processor.py:186} INFO - Started process (PID=995) to work on /home/airflow/.local/lib/python3.12/site-packages/airflow/example_dags/example_sla_dag.py
[2024-11-24T08:44:05.956+0000] {processor.py:914} INFO - Processing file /home/airflow/.local/lib/python3.12/site-packages/airflow/example_dags/example_sla_dag.py for tasks to queue
[2024-11-24T08:44:05.959+0000] {logging_mixin.py:190} INFO - [2024-11-24T08:44:05.958+0000] {dagbag.py:588} INFO - Filling up the DagBag from /home/airflow/.local/lib/python3.12/site-packages/airflow/example_dags/example_sla_dag.py
[2024-11-24T08:44:05.969+0000] {processor.py:925} INFO - DAG(s) 'example_sla_dag' retrieved from /home/airflow/.local/lib/python3.12/site-packages/airflow/example_dags/example_sla_dag.py
[2024-11-24T08:44:05.997+0000] {logging_mixin.py:190} INFO - [2024-11-24T08:44:05.997+0000] {dag.py:3239} INFO - Sync 1 DAGs
[2024-11-24T08:44:06.034+0000] {logging_mixin.py:190} INFO - [2024-11-24T08:44:06.034+0000] {dag.py:4180} INFO - Setting next_dagrun for example_sla_dag to 2024-11-24 08:42:00+00:00, run_after=2024-11-24 08:44:00+00:00
[2024-11-24T08:44:06.054+0000] {processor.py:208} INFO - Processing /home/airflow/.local/lib/python3.12/site-packages/airflow/example_dags/example_sla_dag.py took 0.106 seconds
[2024-11-24T08:44:36.439+0000] {processor.py:186} INFO - Started process (PID=1286) to work on /home/airflow/.local/lib/python3.12/site-packages/airflow/example_dags/example_sla_dag.py
[2024-11-24T08:44:36.441+0000] {processor.py:914} INFO - Processing file /home/airflow/.local/lib/python3.12/site-packages/airflow/example_dags/example_sla_dag.py for tasks to queue
[2024-11-24T08:44:36.444+0000] {logging_mixin.py:190} INFO - [2024-11-24T08:44:36.443+0000] {dagbag.py:588} INFO - Filling up the DagBag from /home/airflow/.local/lib/python3.12/site-packages/airflow/example_dags/example_sla_dag.py
[2024-11-24T08:44:36.458+0000] {processor.py:925} INFO - DAG(s) 'example_sla_dag' retrieved from /home/airflow/.local/lib/python3.12/site-packages/airflow/example_dags/example_sla_dag.py
[2024-11-24T08:44:36.481+0000] {logging_mixin.py:190} INFO - [2024-11-24T08:44:36.481+0000] {dag.py:3239} INFO - Sync 1 DAGs
[2024-11-24T08:44:36.514+0000] {logging_mixin.py:190} INFO - [2024-11-24T08:44:36.514+0000] {dag.py:4180} INFO - Setting next_dagrun for example_sla_dag to 2024-11-24 08:42:00+00:00, run_after=2024-11-24 08:44:00+00:00
[2024-11-24T08:44:36.537+0000] {processor.py:208} INFO - Processing /home/airflow/.local/lib/python3.12/site-packages/airflow/example_dags/example_sla_dag.py took 0.108 seconds
[2024-11-24T08:45:06.808+0000] {processor.py:186} INFO - Started process (PID=1572) to work on /home/airflow/.local/lib/python3.12/site-packages/airflow/example_dags/example_sla_dag.py
[2024-11-24T08:45:06.810+0000] {processor.py:914} INFO - Processing file /home/airflow/.local/lib/python3.12/site-packages/airflow/example_dags/example_sla_dag.py for tasks to queue
[2024-11-24T08:45:06.813+0000] {logging_mixin.py:190} INFO - [2024-11-24T08:45:06.813+0000] {dagbag.py:588} INFO - Filling up the DagBag from /home/airflow/.local/lib/python3.12/site-packages/airflow/example_dags/example_sla_dag.py
[2024-11-24T08:45:06.823+0000] {processor.py:925} INFO - DAG(s) 'example_sla_dag' retrieved from /home/airflow/.local/lib/python3.12/site-packages/airflow/example_dags/example_sla_dag.py
[2024-11-24T08:45:06.850+0000] {logging_mixin.py:190} INFO - [2024-11-24T08:45:06.850+0000] {dag.py:3239} INFO - Sync 1 DAGs
[2024-11-24T08:45:06.882+0000] {logging_mixin.py:190} INFO - [2024-11-24T08:45:06.881+0000] {dag.py:4180} INFO - Setting next_dagrun for example_sla_dag to 2024-11-24 08:42:00+00:00, run_after=2024-11-24 08:44:00+00:00
[2024-11-24T08:45:06.904+0000] {processor.py:208} INFO - Processing /home/airflow/.local/lib/python3.12/site-packages/airflow/example_dags/example_sla_dag.py took 0.105 seconds
[2024-11-24T08:45:37.630+0000] {processor.py:186} INFO - Started process (PID=1863) to work on /home/airflow/.local/lib/python3.12/site-packages/airflow/example_dags/example_sla_dag.py
[2024-11-24T08:45:37.633+0000] {processor.py:914} INFO - Processing file /home/airflow/.local/lib/python3.12/site-packages/airflow/example_dags/example_sla_dag.py for tasks to queue
[2024-11-24T08:45:37.640+0000] {logging_mixin.py:190} INFO - [2024-11-24T08:45:37.639+0000] {dagbag.py:588} INFO - Filling up the DagBag from /home/airflow/.local/lib/python3.12/site-packages/airflow/example_dags/example_sla_dag.py
[2024-11-24T08:45:37.651+0000] {processor.py:925} INFO - DAG(s) 'example_sla_dag' retrieved from /home/airflow/.local/lib/python3.12/site-packages/airflow/example_dags/example_sla_dag.py
[2024-11-24T08:45:37.674+0000] {logging_mixin.py:190} INFO - [2024-11-24T08:45:37.674+0000] {dag.py:3239} INFO - Sync 1 DAGs
[2024-11-24T08:45:37.707+0000] {logging_mixin.py:190} INFO - [2024-11-24T08:45:37.707+0000] {dag.py:4180} INFO - Setting next_dagrun for example_sla_dag to 2024-11-24 08:42:00+00:00, run_after=2024-11-24 08:44:00+00:00
[2024-11-24T08:45:37.727+0000] {processor.py:208} INFO - Processing /home/airflow/.local/lib/python3.12/site-packages/airflow/example_dags/example_sla_dag.py took 0.103 seconds
[2024-11-24T08:46:08.102+0000] {processor.py:186} INFO - Started process (PID=2154) to work on /home/airflow/.local/lib/python3.12/site-packages/airflow/example_dags/example_sla_dag.py
[2024-11-24T08:46:08.103+0000] {processor.py:914} INFO - Processing file /home/airflow/.local/lib/python3.12/site-packages/airflow/example_dags/example_sla_dag.py for tasks to queue
[2024-11-24T08:46:08.106+0000] {logging_mixin.py:190} INFO - [2024-11-24T08:46:08.105+0000] {dagbag.py:588} INFO - Filling up the DagBag from /home/airflow/.local/lib/python3.12/site-packages/airflow/example_dags/example_sla_dag.py
[2024-11-24T08:46:08.117+0000] {processor.py:925} INFO - DAG(s) 'example_sla_dag' retrieved from /home/airflow/.local/lib/python3.12/site-packages/airflow/example_dags/example_sla_dag.py
[2024-11-24T08:46:08.141+0000] {logging_mixin.py:190} INFO - [2024-11-24T08:46:08.140+0000] {dag.py:3239} INFO - Sync 1 DAGs
[2024-11-24T08:46:08.174+0000] {logging_mixin.py:190} INFO - [2024-11-24T08:46:08.174+0000] {dag.py:4180} INFO - Setting next_dagrun for example_sla_dag to 2024-11-24 08:44:00+00:00, run_after=2024-11-24 08:46:00+00:00
[2024-11-24T08:46:08.196+0000] {processor.py:208} INFO - Processing /home/airflow/.local/lib/python3.12/site-packages/airflow/example_dags/example_sla_dag.py took 0.101 seconds
[2024-11-24T08:46:40.497+0000] {processor.py:186} INFO - Started process (PID=2447) to work on /home/airflow/.local/lib/python3.12/site-packages/airflow/example_dags/example_sla_dag.py
[2024-11-24T08:46:40.499+0000] {processor.py:914} INFO - Processing file /home/airflow/.local/lib/python3.12/site-packages/airflow/example_dags/example_sla_dag.py for tasks to queue
[2024-11-24T08:46:40.504+0000] {logging_mixin.py:190} INFO - [2024-11-24T08:46:40.503+0000] {dagbag.py:588} INFO - Filling up the DagBag from /home/airflow/.local/lib/python3.12/site-packages/airflow/example_dags/example_sla_dag.py
[2024-11-24T08:46:40.520+0000] {processor.py:925} INFO - DAG(s) 'example_sla_dag' retrieved from /home/airflow/.local/lib/python3.12/site-packages/airflow/example_dags/example_sla_dag.py
[2024-11-24T08:46:40.558+0000] {logging_mixin.py:190} INFO - [2024-11-24T08:46:40.557+0000] {dag.py:3239} INFO - Sync 1 DAGs
[2024-11-24T08:46:40.619+0000] {logging_mixin.py:190} INFO - [2024-11-24T08:46:40.619+0000] {dag.py:4180} INFO - Setting next_dagrun for example_sla_dag to 2024-11-24 08:44:00+00:00, run_after=2024-11-24 08:46:00+00:00
[2024-11-24T08:46:40.654+0000] {processor.py:208} INFO - Processing /home/airflow/.local/lib/python3.12/site-packages/airflow/example_dags/example_sla_dag.py took 0.170 seconds
[2024-11-24T08:47:11.864+0000] {processor.py:186} INFO - Started process (PID=2736) to work on /home/airflow/.local/lib/python3.12/site-packages/airflow/example_dags/example_sla_dag.py
[2024-11-24T08:47:11.865+0000] {processor.py:914} INFO - Processing file /home/airflow/.local/lib/python3.12/site-packages/airflow/example_dags/example_sla_dag.py for tasks to queue
[2024-11-24T08:47:11.869+0000] {logging_mixin.py:190} INFO - [2024-11-24T08:47:11.868+0000] {dagbag.py:588} INFO - Filling up the DagBag from /home/airflow/.local/lib/python3.12/site-packages/airflow/example_dags/example_sla_dag.py
[2024-11-24T08:47:11.885+0000] {processor.py:925} INFO - DAG(s) 'example_sla_dag' retrieved from /home/airflow/.local/lib/python3.12/site-packages/airflow/example_dags/example_sla_dag.py
[2024-11-24T08:47:11.914+0000] {logging_mixin.py:190} INFO - [2024-11-24T08:47:11.914+0000] {dag.py:3239} INFO - Sync 1 DAGs
[2024-11-24T08:47:11.957+0000] {logging_mixin.py:190} INFO - [2024-11-24T08:47:11.956+0000] {dag.py:4180} INFO - Setting next_dagrun for example_sla_dag to 2024-11-24 08:44:00+00:00, run_after=2024-11-24 08:46:00+00:00
[2024-11-24T08:47:11.986+0000] {processor.py:208} INFO - Processing /home/airflow/.local/lib/python3.12/site-packages/airflow/example_dags/example_sla_dag.py took 0.133 seconds
[2024-11-24T08:47:43.979+0000] {processor.py:186} INFO - Started process (PID=3032) to work on /home/airflow/.local/lib/python3.12/site-packages/airflow/example_dags/example_sla_dag.py
[2024-11-24T08:47:43.981+0000] {processor.py:914} INFO - Processing file /home/airflow/.local/lib/python3.12/site-packages/airflow/example_dags/example_sla_dag.py for tasks to queue
[2024-11-24T08:47:43.985+0000] {logging_mixin.py:190} INFO - [2024-11-24T08:47:43.985+0000] {dagbag.py:588} INFO - Filling up the DagBag from /home/airflow/.local/lib/python3.12/site-packages/airflow/example_dags/example_sla_dag.py
[2024-11-24T08:47:44.004+0000] {processor.py:925} INFO - DAG(s) 'example_sla_dag' retrieved from /home/airflow/.local/lib/python3.12/site-packages/airflow/example_dags/example_sla_dag.py
[2024-11-24T08:47:44.034+0000] {logging_mixin.py:190} INFO - [2024-11-24T08:47:44.033+0000] {dag.py:3239} INFO - Sync 1 DAGs
[2024-11-24T08:47:44.075+0000] {logging_mixin.py:190} INFO - [2024-11-24T08:47:44.074+0000] {dag.py:4180} INFO - Setting next_dagrun for example_sla_dag to 2024-11-24 08:44:00+00:00, run_after=2024-11-24 08:46:00+00:00
[2024-11-24T08:47:44.107+0000] {processor.py:208} INFO - Processing /home/airflow/.local/lib/python3.12/site-packages/airflow/example_dags/example_sla_dag.py took 0.138 seconds
[2024-11-24T08:48:15.922+0000] {processor.py:186} INFO - Started process (PID=3320) to work on /home/airflow/.local/lib/python3.12/site-packages/airflow/example_dags/example_sla_dag.py
[2024-11-24T08:48:15.924+0000] {processor.py:914} INFO - Processing file /home/airflow/.local/lib/python3.12/site-packages/airflow/example_dags/example_sla_dag.py for tasks to queue
[2024-11-24T08:48:15.929+0000] {logging_mixin.py:190} INFO - [2024-11-24T08:48:15.928+0000] {dagbag.py:588} INFO - Filling up the DagBag from /home/airflow/.local/lib/python3.12/site-packages/airflow/example_dags/example_sla_dag.py
[2024-11-24T08:48:15.946+0000] {processor.py:925} INFO - DAG(s) 'example_sla_dag' retrieved from /home/airflow/.local/lib/python3.12/site-packages/airflow/example_dags/example_sla_dag.py
[2024-11-24T08:48:15.977+0000] {logging_mixin.py:190} INFO - [2024-11-24T08:48:15.976+0000] {dag.py:3239} INFO - Sync 1 DAGs
[2024-11-24T08:48:16.020+0000] {logging_mixin.py:190} INFO - [2024-11-24T08:48:16.019+0000] {dag.py:4180} INFO - Setting next_dagrun for example_sla_dag to 2024-11-24 08:46:00+00:00, run_after=2024-11-24 08:48:00+00:00
[2024-11-24T08:48:16.051+0000] {processor.py:208} INFO - Processing /home/airflow/.local/lib/python3.12/site-packages/airflow/example_dags/example_sla_dag.py took 0.140 seconds
[2024-11-24T08:48:46.770+0000] {processor.py:186} INFO - Started process (PID=3609) to work on /home/airflow/.local/lib/python3.12/site-packages/airflow/example_dags/example_sla_dag.py
[2024-11-24T08:48:46.772+0000] {processor.py:914} INFO - Processing file /home/airflow/.local/lib/python3.12/site-packages/airflow/example_dags/example_sla_dag.py for tasks to queue
[2024-11-24T08:48:46.775+0000] {logging_mixin.py:190} INFO - [2024-11-24T08:48:46.775+0000] {dagbag.py:588} INFO - Filling up the DagBag from /home/airflow/.local/lib/python3.12/site-packages/airflow/example_dags/example_sla_dag.py
[2024-11-24T08:48:46.797+0000] {processor.py:925} INFO - DAG(s) 'example_sla_dag' retrieved from /home/airflow/.local/lib/python3.12/site-packages/airflow/example_dags/example_sla_dag.py
[2024-11-24T08:48:46.836+0000] {logging_mixin.py:190} INFO - [2024-11-24T08:48:46.835+0000] {dag.py:3239} INFO - Sync 1 DAGs
[2024-11-24T08:48:46.877+0000] {logging_mixin.py:190} INFO - [2024-11-24T08:48:46.876+0000] {dag.py:4180} INFO - Setting next_dagrun for example_sla_dag to 2024-11-24 08:46:00+00:00, run_after=2024-11-24 08:48:00+00:00
[2024-11-24T08:48:46.906+0000] {processor.py:208} INFO - Processing /home/airflow/.local/lib/python3.12/site-packages/airflow/example_dags/example_sla_dag.py took 0.148 seconds
[2024-11-24T08:49:18.242+0000] {processor.py:186} INFO - Started process (PID=3900) to work on /home/airflow/.local/lib/python3.12/site-packages/airflow/example_dags/example_sla_dag.py
[2024-11-24T08:49:18.244+0000] {processor.py:914} INFO - Processing file /home/airflow/.local/lib/python3.12/site-packages/airflow/example_dags/example_sla_dag.py for tasks to queue
[2024-11-24T08:49:18.248+0000] {logging_mixin.py:190} INFO - [2024-11-24T08:49:18.248+0000] {dagbag.py:588} INFO - Filling up the DagBag from /home/airflow/.local/lib/python3.12/site-packages/airflow/example_dags/example_sla_dag.py
[2024-11-24T08:49:18.268+0000] {processor.py:925} INFO - DAG(s) 'example_sla_dag' retrieved from /home/airflow/.local/lib/python3.12/site-packages/airflow/example_dags/example_sla_dag.py
[2024-11-24T08:49:18.303+0000] {logging_mixin.py:190} INFO - [2024-11-24T08:49:18.303+0000] {dag.py:3239} INFO - Sync 1 DAGs
[2024-11-24T08:49:18.350+0000] {logging_mixin.py:190} INFO - [2024-11-24T08:49:18.349+0000] {dag.py:4180} INFO - Setting next_dagrun for example_sla_dag to 2024-11-24 08:46:00+00:00, run_after=2024-11-24 08:48:00+00:00
[2024-11-24T08:49:18.383+0000] {processor.py:208} INFO - Processing /home/airflow/.local/lib/python3.12/site-packages/airflow/example_dags/example_sla_dag.py took 0.151 seconds
[2024-11-24T08:49:50.386+0000] {processor.py:186} INFO - Started process (PID=4196) to work on /home/airflow/.local/lib/python3.12/site-packages/airflow/example_dags/example_sla_dag.py
[2024-11-24T08:49:50.389+0000] {processor.py:914} INFO - Processing file /home/airflow/.local/lib/python3.12/site-packages/airflow/example_dags/example_sla_dag.py for tasks to queue
[2024-11-24T08:49:50.394+0000] {logging_mixin.py:190} INFO - [2024-11-24T08:49:50.393+0000] {dagbag.py:588} INFO - Filling up the DagBag from /home/airflow/.local/lib/python3.12/site-packages/airflow/example_dags/example_sla_dag.py
[2024-11-24T08:49:50.417+0000] {processor.py:925} INFO - DAG(s) 'example_sla_dag' retrieved from /home/airflow/.local/lib/python3.12/site-packages/airflow/example_dags/example_sla_dag.py
[2024-11-24T08:49:50.460+0000] {logging_mixin.py:190} INFO - [2024-11-24T08:49:50.460+0000] {dag.py:3239} INFO - Sync 1 DAGs
[2024-11-24T08:49:50.515+0000] {logging_mixin.py:190} INFO - [2024-11-24T08:49:50.515+0000] {dag.py:4180} INFO - Setting next_dagrun for example_sla_dag to 2024-11-24 08:46:00+00:00, run_after=2024-11-24 08:48:00+00:00
[2024-11-24T08:49:50.556+0000] {processor.py:208} INFO - Processing /home/airflow/.local/lib/python3.12/site-packages/airflow/example_dags/example_sla_dag.py took 0.184 seconds
[2024-11-24T08:50:25.832+0000] {processor.py:186} INFO - Started process (PID=4493) to work on /home/airflow/.local/lib/python3.12/site-packages/airflow/example_dags/example_sla_dag.py
[2024-11-24T08:50:25.834+0000] {processor.py:914} INFO - Processing file /home/airflow/.local/lib/python3.12/site-packages/airflow/example_dags/example_sla_dag.py for tasks to queue
[2024-11-24T08:50:25.839+0000] {logging_mixin.py:190} INFO - [2024-11-24T08:50:25.838+0000] {dagbag.py:588} INFO - Filling up the DagBag from /home/airflow/.local/lib/python3.12/site-packages/airflow/example_dags/example_sla_dag.py
[2024-11-24T08:50:25.864+0000] {processor.py:925} INFO - DAG(s) 'example_sla_dag' retrieved from /home/airflow/.local/lib/python3.12/site-packages/airflow/example_dags/example_sla_dag.py
[2024-11-24T08:50:25.913+0000] {logging_mixin.py:190} INFO - [2024-11-24T08:50:25.913+0000] {dag.py:3239} INFO - Sync 1 DAGs
[2024-11-24T08:50:25.959+0000] {logging_mixin.py:190} INFO - [2024-11-24T08:50:25.959+0000] {dag.py:4180} INFO - Setting next_dagrun for example_sla_dag to 2024-11-24 08:48:00+00:00, run_after=2024-11-24 08:50:00+00:00
[2024-11-24T08:50:25.997+0000] {processor.py:208} INFO - Processing /home/airflow/.local/lib/python3.12/site-packages/airflow/example_dags/example_sla_dag.py took 0.180 seconds
[2024-11-24T08:51:02.408+0000] {processor.py:186} INFO - Started process (PID=4784) to work on /home/airflow/.local/lib/python3.12/site-packages/airflow/example_dags/example_sla_dag.py
[2024-11-24T08:51:02.411+0000] {processor.py:914} INFO - Processing file /home/airflow/.local/lib/python3.12/site-packages/airflow/example_dags/example_sla_dag.py for tasks to queue
[2024-11-24T08:51:02.417+0000] {logging_mixin.py:190} INFO - [2024-11-24T08:51:02.416+0000] {dagbag.py:588} INFO - Filling up the DagBag from /home/airflow/.local/lib/python3.12/site-packages/airflow/example_dags/example_sla_dag.py
[2024-11-24T08:51:02.447+0000] {processor.py:925} INFO - DAG(s) 'example_sla_dag' retrieved from /home/airflow/.local/lib/python3.12/site-packages/airflow/example_dags/example_sla_dag.py
[2024-11-24T08:51:02.501+0000] {logging_mixin.py:190} INFO - [2024-11-24T08:51:02.500+0000] {dag.py:3239} INFO - Sync 1 DAGs
[2024-11-24T08:51:02.579+0000] {logging_mixin.py:190} INFO - [2024-11-24T08:51:02.579+0000] {dag.py:4180} INFO - Setting next_dagrun for example_sla_dag to 2024-11-24 08:48:00+00:00, run_after=2024-11-24 08:50:00+00:00
[2024-11-24T08:51:02.637+0000] {processor.py:208} INFO - Processing /home/airflow/.local/lib/python3.12/site-packages/airflow/example_dags/example_sla_dag.py took 0.246 seconds
[2024-11-24T08:51:33.455+0000] {processor.py:186} INFO - Started process (PID=5074) to work on /home/airflow/.local/lib/python3.12/site-packages/airflow/example_dags/example_sla_dag.py
[2024-11-24T08:51:33.458+0000] {processor.py:914} INFO - Processing file /home/airflow/.local/lib/python3.12/site-packages/airflow/example_dags/example_sla_dag.py for tasks to queue
[2024-11-24T08:51:33.464+0000] {logging_mixin.py:190} INFO - [2024-11-24T08:51:33.463+0000] {dagbag.py:588} INFO - Filling up the DagBag from /home/airflow/.local/lib/python3.12/site-packages/airflow/example_dags/example_sla_dag.py
[2024-11-24T08:51:33.496+0000] {processor.py:925} INFO - DAG(s) 'example_sla_dag' retrieved from /home/airflow/.local/lib/python3.12/site-packages/airflow/example_dags/example_sla_dag.py
[2024-11-24T08:51:33.543+0000] {logging_mixin.py:190} INFO - [2024-11-24T08:51:33.543+0000] {dag.py:3239} INFO - Sync 1 DAGs
[2024-11-24T08:51:33.597+0000] {logging_mixin.py:190} INFO - [2024-11-24T08:51:33.596+0000] {dag.py:4180} INFO - Setting next_dagrun for example_sla_dag to 2024-11-24 08:48:00+00:00, run_after=2024-11-24 08:50:00+00:00
[2024-11-24T08:51:33.632+0000] {processor.py:208} INFO - Processing /home/airflow/.local/lib/python3.12/site-packages/airflow/example_dags/example_sla_dag.py took 0.191 seconds
[2024-11-24T08:52:04.094+0000] {processor.py:186} INFO - Started process (PID=5365) to work on /home/airflow/.local/lib/python3.12/site-packages/airflow/example_dags/example_sla_dag.py
[2024-11-24T08:52:04.096+0000] {processor.py:914} INFO - Processing file /home/airflow/.local/lib/python3.12/site-packages/airflow/example_dags/example_sla_dag.py for tasks to queue
[2024-11-24T08:52:04.098+0000] {logging_mixin.py:190} INFO - [2024-11-24T08:52:04.098+0000] {dagbag.py:588} INFO - Filling up the DagBag from /home/airflow/.local/lib/python3.12/site-packages/airflow/example_dags/example_sla_dag.py
[2024-11-24T08:52:04.107+0000] {processor.py:925} INFO - DAG(s) 'example_sla_dag' retrieved from /home/airflow/.local/lib/python3.12/site-packages/airflow/example_dags/example_sla_dag.py
[2024-11-24T08:52:04.133+0000] {logging_mixin.py:190} INFO - [2024-11-24T08:52:04.132+0000] {dag.py:3239} INFO - Sync 1 DAGs
[2024-11-24T08:52:04.162+0000] {logging_mixin.py:190} INFO - [2024-11-24T08:52:04.162+0000] {dag.py:4180} INFO - Setting next_dagrun for example_sla_dag to 2024-11-24 08:50:00+00:00, run_after=2024-11-24 08:52:00+00:00
[2024-11-24T08:52:04.181+0000] {processor.py:208} INFO - Processing /home/airflow/.local/lib/python3.12/site-packages/airflow/example_dags/example_sla_dag.py took 0.092 seconds
[2024-11-24T08:53:46.440+0000] {processor.py:186} INFO - Started process (PID=423) to work on /home/airflow/.local/lib/python3.12/site-packages/airflow/example_dags/example_sla_dag.py
[2024-11-24T08:53:46.443+0000] {processor.py:914} INFO - Processing file /home/airflow/.local/lib/python3.12/site-packages/airflow/example_dags/example_sla_dag.py for tasks to queue
[2024-11-24T08:53:46.449+0000] {logging_mixin.py:190} INFO - [2024-11-24T08:53:46.448+0000] {dagbag.py:588} INFO - Filling up the DagBag from /home/airflow/.local/lib/python3.12/site-packages/airflow/example_dags/example_sla_dag.py
[2024-11-24T08:53:46.479+0000] {processor.py:925} INFO - DAG(s) 'example_sla_dag' retrieved from /home/airflow/.local/lib/python3.12/site-packages/airflow/example_dags/example_sla_dag.py
[2024-11-24T08:53:46.533+0000] {logging_mixin.py:190} INFO - [2024-11-24T08:53:46.532+0000] {dag.py:3239} INFO - Sync 1 DAGs
[2024-11-24T08:53:46.611+0000] {logging_mixin.py:190} INFO - [2024-11-24T08:53:46.611+0000] {dag.py:4180} INFO - Setting next_dagrun for example_sla_dag to 2024-11-24 08:50:00+00:00, run_after=2024-11-24 08:52:00+00:00
[2024-11-24T08:53:46.647+0000] {processor.py:208} INFO - Processing /home/airflow/.local/lib/python3.12/site-packages/airflow/example_dags/example_sla_dag.py took 0.222 seconds
[2024-11-24T08:54:31.717+0000] {processor.py:186} INFO - Started process (PID=716) to work on /home/airflow/.local/lib/python3.12/site-packages/airflow/example_dags/example_sla_dag.py
[2024-11-24T08:54:31.719+0000] {processor.py:914} INFO - Processing file /home/airflow/.local/lib/python3.12/site-packages/airflow/example_dags/example_sla_dag.py for tasks to queue
[2024-11-24T08:54:31.724+0000] {logging_mixin.py:190} INFO - [2024-11-24T08:54:31.723+0000] {dagbag.py:588} INFO - Filling up the DagBag from /home/airflow/.local/lib/python3.12/site-packages/airflow/example_dags/example_sla_dag.py
[2024-11-24T08:54:31.744+0000] {processor.py:925} INFO - DAG(s) 'example_sla_dag' retrieved from /home/airflow/.local/lib/python3.12/site-packages/airflow/example_dags/example_sla_dag.py
[2024-11-24T08:54:31.785+0000] {logging_mixin.py:190} INFO - [2024-11-24T08:54:31.784+0000] {dag.py:3239} INFO - Sync 1 DAGs
[2024-11-24T08:54:31.938+0000] {logging_mixin.py:190} INFO - [2024-11-24T08:54:31.937+0000] {dag.py:4180} INFO - Setting next_dagrun for example_sla_dag to 2024-11-24 08:52:00+00:00, run_after=2024-11-24 08:54:00+00:00
[2024-11-24T08:54:31.993+0000] {processor.py:208} INFO - Processing /home/airflow/.local/lib/python3.12/site-packages/airflow/example_dags/example_sla_dag.py took 0.285 seconds
[2024-11-24T08:55:04.911+0000] {processor.py:186} INFO - Started process (PID=1005) to work on /home/airflow/.local/lib/python3.12/site-packages/airflow/example_dags/example_sla_dag.py
[2024-11-24T08:55:04.916+0000] {processor.py:914} INFO - Processing file /home/airflow/.local/lib/python3.12/site-packages/airflow/example_dags/example_sla_dag.py for tasks to queue
[2024-11-24T08:55:04.920+0000] {logging_mixin.py:190} INFO - [2024-11-24T08:55:04.920+0000] {dagbag.py:588} INFO - Filling up the DagBag from /home/airflow/.local/lib/python3.12/site-packages/airflow/example_dags/example_sla_dag.py
[2024-11-24T08:55:04.942+0000] {processor.py:925} INFO - DAG(s) 'example_sla_dag' retrieved from /home/airflow/.local/lib/python3.12/site-packages/airflow/example_dags/example_sla_dag.py
[2024-11-24T08:55:04.986+0000] {logging_mixin.py:190} INFO - [2024-11-24T08:55:04.985+0000] {dag.py:3239} INFO - Sync 1 DAGs
[2024-11-24T08:55:05.048+0000] {logging_mixin.py:190} INFO - [2024-11-24T08:55:05.048+0000] {dag.py:4180} INFO - Setting next_dagrun for example_sla_dag to 2024-11-24 08:52:00+00:00, run_after=2024-11-24 08:54:00+00:00
[2024-11-24T08:55:05.096+0000] {processor.py:208} INFO - Processing /home/airflow/.local/lib/python3.12/site-packages/airflow/example_dags/example_sla_dag.py took 0.200 seconds
[2024-11-24T08:55:57.720+0000] {processor.py:186} INFO - Started process (PID=1378) to work on /home/airflow/.local/lib/python3.12/site-packages/airflow/example_dags/example_sla_dag.py
[2024-11-24T08:55:57.750+0000] {processor.py:914} INFO - Processing file /home/airflow/.local/lib/python3.12/site-packages/airflow/example_dags/example_sla_dag.py for tasks to queue
[2024-11-24T08:55:57.755+0000] {logging_mixin.py:190} INFO - [2024-11-24T08:55:57.755+0000] {dagbag.py:588} INFO - Filling up the DagBag from /home/airflow/.local/lib/python3.12/site-packages/airflow/example_dags/example_sla_dag.py
[2024-11-24T08:55:57.781+0000] {processor.py:925} INFO - DAG(s) 'example_sla_dag' retrieved from /home/airflow/.local/lib/python3.12/site-packages/airflow/example_dags/example_sla_dag.py
[2024-11-24T08:55:57.818+0000] {logging_mixin.py:190} INFO - [2024-11-24T08:55:57.817+0000] {dag.py:3239} INFO - Sync 1 DAGs
[2024-11-24T08:55:57.872+0000] {logging_mixin.py:190} INFO - [2024-11-24T08:55:57.872+0000] {dag.py:4180} INFO - Setting next_dagrun for example_sla_dag to 2024-11-24 08:52:00+00:00, run_after=2024-11-24 08:54:00+00:00
[2024-11-24T08:55:58.945+0000] {processor.py:208} INFO - Processing /home/airflow/.local/lib/python3.12/site-packages/airflow/example_dags/example_sla_dag.py took 1.235 seconds
[2024-11-24T08:56:30.211+0000] {processor.py:186} INFO - Started process (PID=1670) to work on /home/airflow/.local/lib/python3.12/site-packages/airflow/example_dags/example_sla_dag.py
[2024-11-24T08:56:30.214+0000] {processor.py:914} INFO - Processing file /home/airflow/.local/lib/python3.12/site-packages/airflow/example_dags/example_sla_dag.py for tasks to queue
[2024-11-24T08:56:30.219+0000] {logging_mixin.py:190} INFO - [2024-11-24T08:56:30.218+0000] {dagbag.py:588} INFO - Filling up the DagBag from /home/airflow/.local/lib/python3.12/site-packages/airflow/example_dags/example_sla_dag.py
[2024-11-24T08:56:30.239+0000] {processor.py:925} INFO - DAG(s) 'example_sla_dag' retrieved from /home/airflow/.local/lib/python3.12/site-packages/airflow/example_dags/example_sla_dag.py
[2024-11-24T08:56:30.276+0000] {logging_mixin.py:190} INFO - [2024-11-24T08:56:30.276+0000] {dag.py:3239} INFO - Sync 1 DAGs
[2024-11-24T08:56:30.332+0000] {logging_mixin.py:190} INFO - [2024-11-24T08:56:30.331+0000] {dag.py:4180} INFO - Setting next_dagrun for example_sla_dag to 2024-11-24 08:54:00+00:00, run_after=2024-11-24 08:56:00+00:00
[2024-11-24T08:56:30.371+0000] {processor.py:208} INFO - Processing /home/airflow/.local/lib/python3.12/site-packages/airflow/example_dags/example_sla_dag.py took 0.172 seconds
[2024-11-24T08:57:00.589+0000] {processor.py:186} INFO - Started process (PID=1958) to work on /home/airflow/.local/lib/python3.12/site-packages/airflow/example_dags/example_sla_dag.py
[2024-11-24T08:57:00.592+0000] {processor.py:914} INFO - Processing file /home/airflow/.local/lib/python3.12/site-packages/airflow/example_dags/example_sla_dag.py for tasks to queue
[2024-11-24T08:57:00.598+0000] {logging_mixin.py:190} INFO - [2024-11-24T08:57:00.597+0000] {dagbag.py:588} INFO - Filling up the DagBag from /home/airflow/.local/lib/python3.12/site-packages/airflow/example_dags/example_sla_dag.py
[2024-11-24T08:57:00.625+0000] {processor.py:925} INFO - DAG(s) 'example_sla_dag' retrieved from /home/airflow/.local/lib/python3.12/site-packages/airflow/example_dags/example_sla_dag.py
[2024-11-24T08:57:00.669+0000] {logging_mixin.py:190} INFO - [2024-11-24T08:57:00.669+0000] {dag.py:3239} INFO - Sync 1 DAGs
[2024-11-24T08:57:00.735+0000] {logging_mixin.py:190} INFO - [2024-11-24T08:57:00.735+0000] {dag.py:4180} INFO - Setting next_dagrun for example_sla_dag to 2024-11-24 08:54:00+00:00, run_after=2024-11-24 08:56:00+00:00
[2024-11-24T08:57:00.782+0000] {processor.py:208} INFO - Processing /home/airflow/.local/lib/python3.12/site-packages/airflow/example_dags/example_sla_dag.py took 0.207 seconds
[2024-11-24T08:57:36.135+0000] {processor.py:186} INFO - Started process (PID=2249) to work on /home/airflow/.local/lib/python3.12/site-packages/airflow/example_dags/example_sla_dag.py
[2024-11-24T08:57:36.138+0000] {processor.py:914} INFO - Processing file /home/airflow/.local/lib/python3.12/site-packages/airflow/example_dags/example_sla_dag.py for tasks to queue
[2024-11-24T08:57:36.145+0000] {logging_mixin.py:190} INFO - [2024-11-24T08:57:36.144+0000] {dagbag.py:588} INFO - Filling up the DagBag from /home/airflow/.local/lib/python3.12/site-packages/airflow/example_dags/example_sla_dag.py
[2024-11-24T08:57:36.171+0000] {processor.py:925} INFO - DAG(s) 'example_sla_dag' retrieved from /home/airflow/.local/lib/python3.12/site-packages/airflow/example_dags/example_sla_dag.py
[2024-11-24T08:57:36.233+0000] {logging_mixin.py:190} INFO - [2024-11-24T08:57:36.232+0000] {dag.py:3239} INFO - Sync 1 DAGs
[2024-11-24T08:57:36.311+0000] {logging_mixin.py:190} INFO - [2024-11-24T08:57:36.310+0000] {dag.py:4180} INFO - Setting next_dagrun for example_sla_dag to 2024-11-24 08:54:00+00:00, run_after=2024-11-24 08:56:00+00:00
[2024-11-24T08:57:36.352+0000] {processor.py:208} INFO - Processing /home/airflow/.local/lib/python3.12/site-packages/airflow/example_dags/example_sla_dag.py took 0.234 seconds
[2024-11-24T08:58:06.683+0000] {processor.py:186} INFO - Started process (PID=2538) to work on /home/airflow/.local/lib/python3.12/site-packages/airflow/example_dags/example_sla_dag.py
[2024-11-24T08:58:06.684+0000] {processor.py:914} INFO - Processing file /home/airflow/.local/lib/python3.12/site-packages/airflow/example_dags/example_sla_dag.py for tasks to queue
[2024-11-24T08:58:06.687+0000] {logging_mixin.py:190} INFO - [2024-11-24T08:58:06.687+0000] {dagbag.py:588} INFO - Filling up the DagBag from /home/airflow/.local/lib/python3.12/site-packages/airflow/example_dags/example_sla_dag.py
[2024-11-24T08:58:06.700+0000] {processor.py:925} INFO - DAG(s) 'example_sla_dag' retrieved from /home/airflow/.local/lib/python3.12/site-packages/airflow/example_dags/example_sla_dag.py
[2024-11-24T08:58:06.725+0000] {logging_mixin.py:190} INFO - [2024-11-24T08:58:06.724+0000] {dag.py:3239} INFO - Sync 1 DAGs
[2024-11-24T08:58:06.759+0000] {logging_mixin.py:190} INFO - [2024-11-24T08:58:06.758+0000] {dag.py:4180} INFO - Setting next_dagrun for example_sla_dag to 2024-11-24 08:56:00+00:00, run_after=2024-11-24 08:58:00+00:00
[2024-11-24T08:58:06.785+0000] {processor.py:208} INFO - Processing /home/airflow/.local/lib/python3.12/site-packages/airflow/example_dags/example_sla_dag.py took 0.109 seconds
[2024-11-24T08:58:37.597+0000] {processor.py:186} INFO - Started process (PID=2829) to work on /home/airflow/.local/lib/python3.12/site-packages/airflow/example_dags/example_sla_dag.py
[2024-11-24T08:58:37.598+0000] {processor.py:914} INFO - Processing file /home/airflow/.local/lib/python3.12/site-packages/airflow/example_dags/example_sla_dag.py for tasks to queue
[2024-11-24T08:58:37.602+0000] {logging_mixin.py:190} INFO - [2024-11-24T08:58:37.602+0000] {dagbag.py:588} INFO - Filling up the DagBag from /home/airflow/.local/lib/python3.12/site-packages/airflow/example_dags/example_sla_dag.py
[2024-11-24T08:58:37.620+0000] {processor.py:925} INFO - DAG(s) 'example_sla_dag' retrieved from /home/airflow/.local/lib/python3.12/site-packages/airflow/example_dags/example_sla_dag.py
[2024-11-24T08:58:37.641+0000] {logging_mixin.py:190} INFO - [2024-11-24T08:58:37.641+0000] {dag.py:3239} INFO - Sync 1 DAGs
[2024-11-24T08:58:37.670+0000] {logging_mixin.py:190} INFO - [2024-11-24T08:58:37.669+0000] {dag.py:4180} INFO - Setting next_dagrun for example_sla_dag to 2024-11-24 08:56:00+00:00, run_after=2024-11-24 08:58:00+00:00
[2024-11-24T08:58:37.692+0000] {processor.py:208} INFO - Processing /home/airflow/.local/lib/python3.12/site-packages/airflow/example_dags/example_sla_dag.py took 0.103 seconds
[2024-11-24T08:59:08.238+0000] {processor.py:186} INFO - Started process (PID=3120) to work on /home/airflow/.local/lib/python3.12/site-packages/airflow/example_dags/example_sla_dag.py
[2024-11-24T08:59:08.239+0000] {processor.py:914} INFO - Processing file /home/airflow/.local/lib/python3.12/site-packages/airflow/example_dags/example_sla_dag.py for tasks to queue
[2024-11-24T08:59:08.242+0000] {logging_mixin.py:190} INFO - [2024-11-24T08:59:08.242+0000] {dagbag.py:588} INFO - Filling up the DagBag from /home/airflow/.local/lib/python3.12/site-packages/airflow/example_dags/example_sla_dag.py
[2024-11-24T08:59:08.256+0000] {processor.py:925} INFO - DAG(s) 'example_sla_dag' retrieved from /home/airflow/.local/lib/python3.12/site-packages/airflow/example_dags/example_sla_dag.py
[2024-11-24T08:59:08.280+0000] {logging_mixin.py:190} INFO - [2024-11-24T08:59:08.279+0000] {dag.py:3239} INFO - Sync 1 DAGs
[2024-11-24T08:59:08.311+0000] {logging_mixin.py:190} INFO - [2024-11-24T08:59:08.311+0000] {dag.py:4180} INFO - Setting next_dagrun for example_sla_dag to 2024-11-24 08:56:00+00:00, run_after=2024-11-24 08:58:00+00:00
[2024-11-24T08:59:08.342+0000] {processor.py:208} INFO - Processing /home/airflow/.local/lib/python3.12/site-packages/airflow/example_dags/example_sla_dag.py took 0.112 seconds
[2024-11-24T08:59:40.692+0000] {processor.py:186} INFO - Started process (PID=3413) to work on /home/airflow/.local/lib/python3.12/site-packages/airflow/example_dags/example_sla_dag.py
[2024-11-24T08:59:40.697+0000] {processor.py:914} INFO - Processing file /home/airflow/.local/lib/python3.12/site-packages/airflow/example_dags/example_sla_dag.py for tasks to queue
[2024-11-24T08:59:40.703+0000] {logging_mixin.py:190} INFO - [2024-11-24T08:59:40.702+0000] {dagbag.py:588} INFO - Filling up the DagBag from /home/airflow/.local/lib/python3.12/site-packages/airflow/example_dags/example_sla_dag.py
[2024-11-24T08:59:40.739+0000] {processor.py:925} INFO - DAG(s) 'example_sla_dag' retrieved from /home/airflow/.local/lib/python3.12/site-packages/airflow/example_dags/example_sla_dag.py
[2024-11-24T08:59:40.799+0000] {logging_mixin.py:190} INFO - [2024-11-24T08:59:40.799+0000] {dag.py:3239} INFO - Sync 1 DAGs
[2024-11-24T08:59:40.892+0000] {logging_mixin.py:190} INFO - [2024-11-24T08:59:40.891+0000] {dag.py:4180} INFO - Setting next_dagrun for example_sla_dag to 2024-11-24 08:56:00+00:00, run_after=2024-11-24 08:58:00+00:00
[2024-11-24T08:59:40.958+0000] {processor.py:208} INFO - Processing /home/airflow/.local/lib/python3.12/site-packages/airflow/example_dags/example_sla_dag.py took 0.290 seconds
[2024-11-24T09:00:11.694+0000] {processor.py:186} INFO - Started process (PID=3704) to work on /home/airflow/.local/lib/python3.12/site-packages/airflow/example_dags/example_sla_dag.py
[2024-11-24T09:00:11.696+0000] {processor.py:914} INFO - Processing file /home/airflow/.local/lib/python3.12/site-packages/airflow/example_dags/example_sla_dag.py for tasks to queue
[2024-11-24T09:00:11.700+0000] {logging_mixin.py:190} INFO - [2024-11-24T09:00:11.699+0000] {dagbag.py:588} INFO - Filling up the DagBag from /home/airflow/.local/lib/python3.12/site-packages/airflow/example_dags/example_sla_dag.py
[2024-11-24T09:00:11.715+0000] {processor.py:925} INFO - DAG(s) 'example_sla_dag' retrieved from /home/airflow/.local/lib/python3.12/site-packages/airflow/example_dags/example_sla_dag.py
[2024-11-24T09:00:11.742+0000] {logging_mixin.py:190} INFO - [2024-11-24T09:00:11.742+0000] {dag.py:3239} INFO - Sync 1 DAGs
[2024-11-24T09:00:11.781+0000] {logging_mixin.py:190} INFO - [2024-11-24T09:00:11.781+0000] {dag.py:4180} INFO - Setting next_dagrun for example_sla_dag to 2024-11-24 08:58:00+00:00, run_after=2024-11-24 09:00:00+00:00
[2024-11-24T09:00:11.815+0000] {processor.py:208} INFO - Processing /home/airflow/.local/lib/python3.12/site-packages/airflow/example_dags/example_sla_dag.py took 0.130 seconds
[2024-11-24T09:00:42.715+0000] {processor.py:186} INFO - Started process (PID=3995) to work on /home/airflow/.local/lib/python3.12/site-packages/airflow/example_dags/example_sla_dag.py
[2024-11-24T09:00:42.717+0000] {processor.py:914} INFO - Processing file /home/airflow/.local/lib/python3.12/site-packages/airflow/example_dags/example_sla_dag.py for tasks to queue
[2024-11-24T09:00:42.721+0000] {logging_mixin.py:190} INFO - [2024-11-24T09:00:42.721+0000] {dagbag.py:588} INFO - Filling up the DagBag from /home/airflow/.local/lib/python3.12/site-packages/airflow/example_dags/example_sla_dag.py
[2024-11-24T09:00:42.737+0000] {processor.py:925} INFO - DAG(s) 'example_sla_dag' retrieved from /home/airflow/.local/lib/python3.12/site-packages/airflow/example_dags/example_sla_dag.py
[2024-11-24T09:00:42.762+0000] {logging_mixin.py:190} INFO - [2024-11-24T09:00:42.762+0000] {dag.py:3239} INFO - Sync 1 DAGs
[2024-11-24T09:00:42.791+0000] {logging_mixin.py:190} INFO - [2024-11-24T09:00:42.790+0000] {dag.py:4180} INFO - Setting next_dagrun for example_sla_dag to 2024-11-24 08:58:00+00:00, run_after=2024-11-24 09:00:00+00:00
[2024-11-24T09:00:42.814+0000] {processor.py:208} INFO - Processing /home/airflow/.local/lib/python3.12/site-packages/airflow/example_dags/example_sla_dag.py took 0.106 seconds
[2024-11-24T09:01:13.806+0000] {processor.py:186} INFO - Started process (PID=4286) to work on /home/airflow/.local/lib/python3.12/site-packages/airflow/example_dags/example_sla_dag.py
[2024-11-24T09:01:13.808+0000] {processor.py:914} INFO - Processing file /home/airflow/.local/lib/python3.12/site-packages/airflow/example_dags/example_sla_dag.py for tasks to queue
[2024-11-24T09:01:13.811+0000] {logging_mixin.py:190} INFO - [2024-11-24T09:01:13.811+0000] {dagbag.py:588} INFO - Filling up the DagBag from /home/airflow/.local/lib/python3.12/site-packages/airflow/example_dags/example_sla_dag.py
[2024-11-24T09:01:13.823+0000] {processor.py:925} INFO - DAG(s) 'example_sla_dag' retrieved from /home/airflow/.local/lib/python3.12/site-packages/airflow/example_dags/example_sla_dag.py
[2024-11-24T09:01:13.851+0000] {logging_mixin.py:190} INFO - [2024-11-24T09:01:13.851+0000] {dag.py:3239} INFO - Sync 1 DAGs
[2024-11-24T09:01:13.882+0000] {logging_mixin.py:190} INFO - [2024-11-24T09:01:13.882+0000] {dag.py:4180} INFO - Setting next_dagrun for example_sla_dag to 2024-11-24 08:58:00+00:00, run_after=2024-11-24 09:00:00+00:00
[2024-11-24T09:01:13.906+0000] {processor.py:208} INFO - Processing /home/airflow/.local/lib/python3.12/site-packages/airflow/example_dags/example_sla_dag.py took 0.106 seconds
[2024-11-24T09:01:44.548+0000] {processor.py:186} INFO - Started process (PID=4577) to work on /home/airflow/.local/lib/python3.12/site-packages/airflow/example_dags/example_sla_dag.py
[2024-11-24T09:01:44.550+0000] {processor.py:914} INFO - Processing file /home/airflow/.local/lib/python3.12/site-packages/airflow/example_dags/example_sla_dag.py for tasks to queue
[2024-11-24T09:01:44.552+0000] {logging_mixin.py:190} INFO - [2024-11-24T09:01:44.552+0000] {dagbag.py:588} INFO - Filling up the DagBag from /home/airflow/.local/lib/python3.12/site-packages/airflow/example_dags/example_sla_dag.py
[2024-11-24T09:01:44.563+0000] {processor.py:925} INFO - DAG(s) 'example_sla_dag' retrieved from /home/airflow/.local/lib/python3.12/site-packages/airflow/example_dags/example_sla_dag.py
[2024-11-24T09:01:44.586+0000] {logging_mixin.py:190} INFO - [2024-11-24T09:01:44.586+0000] {dag.py:3239} INFO - Sync 1 DAGs
[2024-11-24T09:01:44.614+0000] {logging_mixin.py:190} INFO - [2024-11-24T09:01:44.614+0000] {dag.py:4180} INFO - Setting next_dagrun for example_sla_dag to 2024-11-24 08:58:00+00:00, run_after=2024-11-24 09:00:00+00:00
[2024-11-24T09:01:44.639+0000] {processor.py:208} INFO - Processing /home/airflow/.local/lib/python3.12/site-packages/airflow/example_dags/example_sla_dag.py took 0.096 seconds
[2024-11-24T09:02:14.759+0000] {processor.py:186} INFO - Started process (PID=4868) to work on /home/airflow/.local/lib/python3.12/site-packages/airflow/example_dags/example_sla_dag.py
[2024-11-24T09:02:14.761+0000] {processor.py:914} INFO - Processing file /home/airflow/.local/lib/python3.12/site-packages/airflow/example_dags/example_sla_dag.py for tasks to queue
[2024-11-24T09:02:14.766+0000] {logging_mixin.py:190} INFO - [2024-11-24T09:02:14.765+0000] {dagbag.py:588} INFO - Filling up the DagBag from /home/airflow/.local/lib/python3.12/site-packages/airflow/example_dags/example_sla_dag.py
[2024-11-24T09:02:14.783+0000] {processor.py:925} INFO - DAG(s) 'example_sla_dag' retrieved from /home/airflow/.local/lib/python3.12/site-packages/airflow/example_dags/example_sla_dag.py
[2024-11-24T09:02:14.818+0000] {logging_mixin.py:190} INFO - [2024-11-24T09:02:14.818+0000] {dag.py:3239} INFO - Sync 1 DAGs
[2024-11-24T09:02:14.862+0000] {logging_mixin.py:190} INFO - [2024-11-24T09:02:14.861+0000] {dag.py:4180} INFO - Setting next_dagrun for example_sla_dag to 2024-11-24 09:00:00+00:00, run_after=2024-11-24 09:02:00+00:00
[2024-11-24T09:02:14.897+0000] {processor.py:208} INFO - Processing /home/airflow/.local/lib/python3.12/site-packages/airflow/example_dags/example_sla_dag.py took 0.147 seconds
[2024-11-24T09:02:53.620+0000] {processor.py:186} INFO - Started process (PID=5162) to work on /home/airflow/.local/lib/python3.12/site-packages/airflow/example_dags/example_sla_dag.py
[2024-11-24T09:02:53.644+0000] {processor.py:914} INFO - Processing file /home/airflow/.local/lib/python3.12/site-packages/airflow/example_dags/example_sla_dag.py for tasks to queue
[2024-11-24T09:02:53.712+0000] {logging_mixin.py:190} INFO - [2024-11-24T09:02:53.711+0000] {dagbag.py:588} INFO - Filling up the DagBag from /home/airflow/.local/lib/python3.12/site-packages/airflow/example_dags/example_sla_dag.py
[2024-11-24T09:02:53.902+0000] {processor.py:925} INFO - DAG(s) 'example_sla_dag' retrieved from /home/airflow/.local/lib/python3.12/site-packages/airflow/example_dags/example_sla_dag.py
[2024-11-24T09:02:54.032+0000] {logging_mixin.py:190} INFO - [2024-11-24T09:02:54.031+0000] {dag.py:3239} INFO - Sync 1 DAGs
[2024-11-24T09:02:54.234+0000] {logging_mixin.py:190} INFO - [2024-11-24T09:02:54.234+0000] {dag.py:4180} INFO - Setting next_dagrun for example_sla_dag to 2024-11-24 09:00:00+00:00, run_after=2024-11-24 09:02:00+00:00
[2024-11-24T09:02:54.360+0000] {processor.py:208} INFO - Processing /home/airflow/.local/lib/python3.12/site-packages/airflow/example_dags/example_sla_dag.py took 0.859 seconds
[2024-11-24T09:03:35.535+0000] {processor.py:186} INFO - Started process (PID=5453) to work on /home/airflow/.local/lib/python3.12/site-packages/airflow/example_dags/example_sla_dag.py
[2024-11-24T09:03:35.539+0000] {processor.py:914} INFO - Processing file /home/airflow/.local/lib/python3.12/site-packages/airflow/example_dags/example_sla_dag.py for tasks to queue
[2024-11-24T09:03:35.558+0000] {logging_mixin.py:190} INFO - [2024-11-24T09:03:35.557+0000] {dagbag.py:588} INFO - Filling up the DagBag from /home/airflow/.local/lib/python3.12/site-packages/airflow/example_dags/example_sla_dag.py
[2024-11-24T09:03:35.621+0000] {processor.py:925} INFO - DAG(s) 'example_sla_dag' retrieved from /home/airflow/.local/lib/python3.12/site-packages/airflow/example_dags/example_sla_dag.py
[2024-11-24T09:03:35.704+0000] {logging_mixin.py:190} INFO - [2024-11-24T09:03:35.703+0000] {dag.py:3239} INFO - Sync 1 DAGs
[2024-11-24T09:03:35.958+0000] {logging_mixin.py:190} INFO - [2024-11-24T09:03:35.957+0000] {dag.py:4180} INFO - Setting next_dagrun for example_sla_dag to 2024-11-24 09:00:00+00:00, run_after=2024-11-24 09:02:00+00:00
[2024-11-24T09:03:36.013+0000] {processor.py:208} INFO - Processing /home/airflow/.local/lib/python3.12/site-packages/airflow/example_dags/example_sla_dag.py took 0.511 seconds
[2024-11-24T09:04:06.704+0000] {processor.py:186} INFO - Started process (PID=5744) to work on /home/airflow/.local/lib/python3.12/site-packages/airflow/example_dags/example_sla_dag.py
[2024-11-24T09:04:06.707+0000] {processor.py:914} INFO - Processing file /home/airflow/.local/lib/python3.12/site-packages/airflow/example_dags/example_sla_dag.py for tasks to queue
[2024-11-24T09:04:06.711+0000] {logging_mixin.py:190} INFO - [2024-11-24T09:04:06.710+0000] {dagbag.py:588} INFO - Filling up the DagBag from /home/airflow/.local/lib/python3.12/site-packages/airflow/example_dags/example_sla_dag.py
[2024-11-24T09:04:06.729+0000] {processor.py:925} INFO - DAG(s) 'example_sla_dag' retrieved from /home/airflow/.local/lib/python3.12/site-packages/airflow/example_dags/example_sla_dag.py
[2024-11-24T09:04:06.765+0000] {logging_mixin.py:190} INFO - [2024-11-24T09:04:06.764+0000] {dag.py:3239} INFO - Sync 1 DAGs
[2024-11-24T09:04:06.808+0000] {logging_mixin.py:190} INFO - [2024-11-24T09:04:06.807+0000] {dag.py:4180} INFO - Setting next_dagrun for example_sla_dag to 2024-11-24 09:02:00+00:00, run_after=2024-11-24 09:04:00+00:00
[2024-11-24T09:04:06.844+0000] {processor.py:208} INFO - Processing /home/airflow/.local/lib/python3.12/site-packages/airflow/example_dags/example_sla_dag.py took 0.151 seconds
[2024-11-24T09:04:37.729+0000] {processor.py:186} INFO - Started process (PID=6035) to work on /home/airflow/.local/lib/python3.12/site-packages/airflow/example_dags/example_sla_dag.py
[2024-11-24T09:04:37.731+0000] {processor.py:914} INFO - Processing file /home/airflow/.local/lib/python3.12/site-packages/airflow/example_dags/example_sla_dag.py for tasks to queue
[2024-11-24T09:04:37.735+0000] {logging_mixin.py:190} INFO - [2024-11-24T09:04:37.734+0000] {dagbag.py:588} INFO - Filling up the DagBag from /home/airflow/.local/lib/python3.12/site-packages/airflow/example_dags/example_sla_dag.py
[2024-11-24T09:04:37.752+0000] {processor.py:925} INFO - DAG(s) 'example_sla_dag' retrieved from /home/airflow/.local/lib/python3.12/site-packages/airflow/example_dags/example_sla_dag.py
[2024-11-24T09:04:37.782+0000] {logging_mixin.py:190} INFO - [2024-11-24T09:04:37.781+0000] {dag.py:3239} INFO - Sync 1 DAGs
[2024-11-24T09:04:37.824+0000] {logging_mixin.py:190} INFO - [2024-11-24T09:04:37.823+0000] {dag.py:4180} INFO - Setting next_dagrun for example_sla_dag to 2024-11-24 09:02:00+00:00, run_after=2024-11-24 09:04:00+00:00
[2024-11-24T09:04:37.853+0000] {processor.py:208} INFO - Processing /home/airflow/.local/lib/python3.12/site-packages/airflow/example_dags/example_sla_dag.py took 0.132 seconds
[2024-11-24T09:05:08.512+0000] {processor.py:186} INFO - Started process (PID=6321) to work on /home/airflow/.local/lib/python3.12/site-packages/airflow/example_dags/example_sla_dag.py
[2024-11-24T09:05:08.516+0000] {processor.py:914} INFO - Processing file /home/airflow/.local/lib/python3.12/site-packages/airflow/example_dags/example_sla_dag.py for tasks to queue
[2024-11-24T09:05:08.523+0000] {logging_mixin.py:190} INFO - [2024-11-24T09:05:08.522+0000] {dagbag.py:588} INFO - Filling up the DagBag from /home/airflow/.local/lib/python3.12/site-packages/airflow/example_dags/example_sla_dag.py
[2024-11-24T09:05:08.554+0000] {processor.py:925} INFO - DAG(s) 'example_sla_dag' retrieved from /home/airflow/.local/lib/python3.12/site-packages/airflow/example_dags/example_sla_dag.py
[2024-11-24T09:05:08.607+0000] {logging_mixin.py:190} INFO - [2024-11-24T09:05:08.606+0000] {dag.py:3239} INFO - Sync 1 DAGs
[2024-11-24T09:05:08.688+0000] {logging_mixin.py:190} INFO - [2024-11-24T09:05:08.688+0000] {dag.py:4180} INFO - Setting next_dagrun for example_sla_dag to 2024-11-24 09:02:00+00:00, run_after=2024-11-24 09:04:00+00:00
[2024-11-24T09:05:08.746+0000] {processor.py:208} INFO - Processing /home/airflow/.local/lib/python3.12/site-packages/airflow/example_dags/example_sla_dag.py took 0.252 seconds
[2024-11-24T09:05:41.473+0000] {processor.py:186} INFO - Started process (PID=6617) to work on /home/airflow/.local/lib/python3.12/site-packages/airflow/example_dags/example_sla_dag.py
[2024-11-24T09:05:41.476+0000] {processor.py:914} INFO - Processing file /home/airflow/.local/lib/python3.12/site-packages/airflow/example_dags/example_sla_dag.py for tasks to queue
[2024-11-24T09:05:41.482+0000] {logging_mixin.py:190} INFO - [2024-11-24T09:05:41.481+0000] {dagbag.py:588} INFO - Filling up the DagBag from /home/airflow/.local/lib/python3.12/site-packages/airflow/example_dags/example_sla_dag.py
[2024-11-24T09:05:41.526+0000] {processor.py:925} INFO - DAG(s) 'example_sla_dag' retrieved from /home/airflow/.local/lib/python3.12/site-packages/airflow/example_dags/example_sla_dag.py
[2024-11-24T09:05:41.609+0000] {logging_mixin.py:190} INFO - [2024-11-24T09:05:41.609+0000] {dag.py:3239} INFO - Sync 1 DAGs
[2024-11-24T09:05:41.796+0000] {logging_mixin.py:190} INFO - [2024-11-24T09:05:41.794+0000] {dag.py:4180} INFO - Setting next_dagrun for example_sla_dag to 2024-11-24 09:02:00+00:00, run_after=2024-11-24 09:04:00+00:00
[2024-11-24T09:05:41.918+0000] {processor.py:208} INFO - Processing /home/airflow/.local/lib/python3.12/site-packages/airflow/example_dags/example_sla_dag.py took 0.459 seconds
[2024-11-24T09:06:12.099+0000] {processor.py:186} INFO - Started process (PID=6903) to work on /home/airflow/.local/lib/python3.12/site-packages/airflow/example_dags/example_sla_dag.py
[2024-11-24T09:06:12.101+0000] {processor.py:914} INFO - Processing file /home/airflow/.local/lib/python3.12/site-packages/airflow/example_dags/example_sla_dag.py for tasks to queue
[2024-11-24T09:06:12.106+0000] {logging_mixin.py:190} INFO - [2024-11-24T09:06:12.105+0000] {dagbag.py:588} INFO - Filling up the DagBag from /home/airflow/.local/lib/python3.12/site-packages/airflow/example_dags/example_sla_dag.py
[2024-11-24T09:06:12.123+0000] {processor.py:925} INFO - DAG(s) 'example_sla_dag' retrieved from /home/airflow/.local/lib/python3.12/site-packages/airflow/example_dags/example_sla_dag.py
[2024-11-24T09:06:12.153+0000] {logging_mixin.py:190} INFO - [2024-11-24T09:06:12.153+0000] {dag.py:3239} INFO - Sync 1 DAGs
[2024-11-24T09:06:12.188+0000] {logging_mixin.py:190} INFO - [2024-11-24T09:06:12.188+0000] {dag.py:4180} INFO - Setting next_dagrun for example_sla_dag to 2024-11-24 09:04:00+00:00, run_after=2024-11-24 09:06:00+00:00
[2024-11-24T09:06:12.219+0000] {processor.py:208} INFO - Processing /home/airflow/.local/lib/python3.12/site-packages/airflow/example_dags/example_sla_dag.py took 0.129 seconds
