[2024-11-24T08:42:54.284+0000] {processor.py:186} INFO - Started process (PID=258) to work on /home/airflow/.local/lib/python3.12/site-packages/airflow/example_dags/example_xcom.py
[2024-11-24T08:42:54.285+0000] {processor.py:914} INFO - Processing file /home/airflow/.local/lib/python3.12/site-packages/airflow/example_dags/example_xcom.py for tasks to queue
[2024-11-24T08:42:54.288+0000] {logging_mixin.py:190} INFO - [2024-11-24T08:42:54.287+0000] {dagbag.py:588} INFO - Filling up the DagBag from /home/airflow/.local/lib/python3.12/site-packages/airflow/example_dags/example_xcom.py
[2024-11-24T08:42:54.298+0000] {processor.py:925} INFO - DAG(s) 'example_xcom' retrieved from /home/airflow/.local/lib/python3.12/site-packages/airflow/example_dags/example_xcom.py
[2024-11-24T08:42:54.470+0000] {logging_mixin.py:190} INFO - [2024-11-24T08:42:54.469+0000] {override.py:1911} INFO - Created Permission View: can read on DAG:example_xcom
[2024-11-24T08:42:54.491+0000] {logging_mixin.py:190} INFO - [2024-11-24T08:42:54.490+0000] {override.py:1911} INFO - Created Permission View: can edit on DAG:example_xcom
[2024-11-24T08:42:54.503+0000] {logging_mixin.py:190} INFO - [2024-11-24T08:42:54.502+0000] {override.py:1911} INFO - Created Permission View: can delete on DAG:example_xcom
[2024-11-24T08:42:54.524+0000] {logging_mixin.py:190} INFO - [2024-11-24T08:42:54.523+0000] {override.py:1911} INFO - Created Permission View: can read on DAG Run:example_xcom
[2024-11-24T08:42:54.578+0000] {logging_mixin.py:190} INFO - [2024-11-24T08:42:54.577+0000] {override.py:1911} INFO - Created Permission View: can delete on DAG Run:example_xcom
[2024-11-24T08:42:54.629+0000] {logging_mixin.py:190} INFO - [2024-11-24T08:42:54.628+0000] {override.py:1911} INFO - Created Permission View: can create on DAG Run:example_xcom
[2024-11-24T08:42:54.651+0000] {logging_mixin.py:190} INFO - [2024-11-24T08:42:54.650+0000] {override.py:1911} INFO - Created Permission View: menu access on DAG Run:example_xcom
[2024-11-24T08:42:54.652+0000] {logging_mixin.py:190} INFO - [2024-11-24T08:42:54.651+0000] {dag.py:3239} INFO - Sync 1 DAGs
[2024-11-24T08:42:54.729+0000] {logging_mixin.py:190} INFO - [2024-11-24T08:42:54.728+0000] {dag.py:3262} INFO - Creating ORM DAG for example_xcom
[2024-11-24T08:42:54.794+0000] {logging_mixin.py:190} INFO - [2024-11-24T08:42:54.794+0000] {dag.py:4180} INFO - Setting next_dagrun for example_xcom to 2021-01-01 00:00:00+00:00, run_after=2021-01-01 00:00:00+00:00
[2024-11-24T08:42:54.838+0000] {processor.py:208} INFO - Processing /home/airflow/.local/lib/python3.12/site-packages/airflow/example_dags/example_xcom.py took 0.559 seconds
[2024-11-24T08:43:25.829+0000] {processor.py:186} INFO - Started process (PID=546) to work on /home/airflow/.local/lib/python3.12/site-packages/airflow/example_dags/example_xcom.py
[2024-11-24T08:43:25.831+0000] {processor.py:914} INFO - Processing file /home/airflow/.local/lib/python3.12/site-packages/airflow/example_dags/example_xcom.py for tasks to queue
[2024-11-24T08:43:25.835+0000] {logging_mixin.py:190} INFO - [2024-11-24T08:43:25.835+0000] {dagbag.py:588} INFO - Filling up the DagBag from /home/airflow/.local/lib/python3.12/site-packages/airflow/example_dags/example_xcom.py
[2024-11-24T08:43:25.850+0000] {processor.py:925} INFO - DAG(s) 'example_xcom' retrieved from /home/airflow/.local/lib/python3.12/site-packages/airflow/example_dags/example_xcom.py
[2024-11-24T08:43:25.880+0000] {logging_mixin.py:190} INFO - [2024-11-24T08:43:25.880+0000] {dag.py:3239} INFO - Sync 1 DAGs
[2024-11-24T08:43:25.911+0000] {logging_mixin.py:190} INFO - [2024-11-24T08:43:25.910+0000] {dag.py:4180} INFO - Setting next_dagrun for example_xcom to 2021-01-01 00:00:00+00:00, run_after=2021-01-01 00:00:00+00:00
[2024-11-24T08:43:25.933+0000] {processor.py:208} INFO - Processing /home/airflow/.local/lib/python3.12/site-packages/airflow/example_dags/example_xcom.py took 0.111 seconds
[2024-11-24T08:43:56.162+0000] {processor.py:186} INFO - Started process (PID=837) to work on /home/airflow/.local/lib/python3.12/site-packages/airflow/example_dags/example_xcom.py
[2024-11-24T08:43:56.165+0000] {processor.py:914} INFO - Processing file /home/airflow/.local/lib/python3.12/site-packages/airflow/example_dags/example_xcom.py for tasks to queue
[2024-11-24T08:43:56.169+0000] {logging_mixin.py:190} INFO - [2024-11-24T08:43:56.169+0000] {dagbag.py:588} INFO - Filling up the DagBag from /home/airflow/.local/lib/python3.12/site-packages/airflow/example_dags/example_xcom.py
[2024-11-24T08:43:56.180+0000] {processor.py:925} INFO - DAG(s) 'example_xcom' retrieved from /home/airflow/.local/lib/python3.12/site-packages/airflow/example_dags/example_xcom.py
[2024-11-24T08:43:56.209+0000] {logging_mixin.py:190} INFO - [2024-11-24T08:43:56.208+0000] {dag.py:3239} INFO - Sync 1 DAGs
[2024-11-24T08:43:56.238+0000] {logging_mixin.py:190} INFO - [2024-11-24T08:43:56.237+0000] {dag.py:4180} INFO - Setting next_dagrun for example_xcom to 2021-01-01 00:00:00+00:00, run_after=2021-01-01 00:00:00+00:00
[2024-11-24T08:43:56.260+0000] {processor.py:208} INFO - Processing /home/airflow/.local/lib/python3.12/site-packages/airflow/example_dags/example_xcom.py took 0.105 seconds
[2024-11-24T08:44:26.604+0000] {processor.py:186} INFO - Started process (PID=1128) to work on /home/airflow/.local/lib/python3.12/site-packages/airflow/example_dags/example_xcom.py
[2024-11-24T08:44:26.605+0000] {processor.py:914} INFO - Processing file /home/airflow/.local/lib/python3.12/site-packages/airflow/example_dags/example_xcom.py for tasks to queue
[2024-11-24T08:44:26.608+0000] {logging_mixin.py:190} INFO - [2024-11-24T08:44:26.608+0000] {dagbag.py:588} INFO - Filling up the DagBag from /home/airflow/.local/lib/python3.12/site-packages/airflow/example_dags/example_xcom.py
[2024-11-24T08:44:26.623+0000] {processor.py:925} INFO - DAG(s) 'example_xcom' retrieved from /home/airflow/.local/lib/python3.12/site-packages/airflow/example_dags/example_xcom.py
[2024-11-24T08:44:26.648+0000] {logging_mixin.py:190} INFO - [2024-11-24T08:44:26.648+0000] {dag.py:3239} INFO - Sync 1 DAGs
[2024-11-24T08:44:26.677+0000] {logging_mixin.py:190} INFO - [2024-11-24T08:44:26.676+0000] {dag.py:4180} INFO - Setting next_dagrun for example_xcom to 2021-01-01 00:00:00+00:00, run_after=2021-01-01 00:00:00+00:00
[2024-11-24T08:44:26.701+0000] {processor.py:208} INFO - Processing /home/airflow/.local/lib/python3.12/site-packages/airflow/example_dags/example_xcom.py took 0.104 seconds
[2024-11-24T08:44:57.359+0000] {processor.py:186} INFO - Started process (PID=1419) to work on /home/airflow/.local/lib/python3.12/site-packages/airflow/example_dags/example_xcom.py
[2024-11-24T08:44:57.361+0000] {processor.py:914} INFO - Processing file /home/airflow/.local/lib/python3.12/site-packages/airflow/example_dags/example_xcom.py for tasks to queue
[2024-11-24T08:44:57.366+0000] {logging_mixin.py:190} INFO - [2024-11-24T08:44:57.365+0000] {dagbag.py:588} INFO - Filling up the DagBag from /home/airflow/.local/lib/python3.12/site-packages/airflow/example_dags/example_xcom.py
[2024-11-24T08:44:57.377+0000] {processor.py:925} INFO - DAG(s) 'example_xcom' retrieved from /home/airflow/.local/lib/python3.12/site-packages/airflow/example_dags/example_xcom.py
[2024-11-24T08:44:57.401+0000] {logging_mixin.py:190} INFO - [2024-11-24T08:44:57.401+0000] {dag.py:3239} INFO - Sync 1 DAGs
[2024-11-24T08:44:57.425+0000] {logging_mixin.py:190} INFO - [2024-11-24T08:44:57.425+0000] {dag.py:4180} INFO - Setting next_dagrun for example_xcom to 2021-01-01 00:00:00+00:00, run_after=2021-01-01 00:00:00+00:00
[2024-11-24T08:44:57.451+0000] {processor.py:208} INFO - Processing /home/airflow/.local/lib/python3.12/site-packages/airflow/example_dags/example_xcom.py took 0.102 seconds
[2024-11-24T08:45:27.772+0000] {processor.py:186} INFO - Started process (PID=1710) to work on /home/airflow/.local/lib/python3.12/site-packages/airflow/example_dags/example_xcom.py
[2024-11-24T08:45:27.774+0000] {processor.py:914} INFO - Processing file /home/airflow/.local/lib/python3.12/site-packages/airflow/example_dags/example_xcom.py for tasks to queue
[2024-11-24T08:45:27.778+0000] {logging_mixin.py:190} INFO - [2024-11-24T08:45:27.778+0000] {dagbag.py:588} INFO - Filling up the DagBag from /home/airflow/.local/lib/python3.12/site-packages/airflow/example_dags/example_xcom.py
[2024-11-24T08:45:27.792+0000] {processor.py:925} INFO - DAG(s) 'example_xcom' retrieved from /home/airflow/.local/lib/python3.12/site-packages/airflow/example_dags/example_xcom.py
[2024-11-24T08:45:27.821+0000] {logging_mixin.py:190} INFO - [2024-11-24T08:45:27.821+0000] {dag.py:3239} INFO - Sync 1 DAGs
[2024-11-24T08:45:27.855+0000] {logging_mixin.py:190} INFO - [2024-11-24T08:45:27.855+0000] {dag.py:4180} INFO - Setting next_dagrun for example_xcom to 2021-01-01 00:00:00+00:00, run_after=2021-01-01 00:00:00+00:00
[2024-11-24T08:45:27.881+0000] {processor.py:208} INFO - Processing /home/airflow/.local/lib/python3.12/site-packages/airflow/example_dags/example_xcom.py took 0.117 seconds
[2024-11-24T08:45:58.019+0000] {processor.py:186} INFO - Started process (PID=2001) to work on /home/airflow/.local/lib/python3.12/site-packages/airflow/example_dags/example_xcom.py
[2024-11-24T08:45:58.026+0000] {processor.py:914} INFO - Processing file /home/airflow/.local/lib/python3.12/site-packages/airflow/example_dags/example_xcom.py for tasks to queue
[2024-11-24T08:45:58.029+0000] {logging_mixin.py:190} INFO - [2024-11-24T08:45:58.029+0000] {dagbag.py:588} INFO - Filling up the DagBag from /home/airflow/.local/lib/python3.12/site-packages/airflow/example_dags/example_xcom.py
[2024-11-24T08:45:58.044+0000] {processor.py:925} INFO - DAG(s) 'example_xcom' retrieved from /home/airflow/.local/lib/python3.12/site-packages/airflow/example_dags/example_xcom.py
[2024-11-24T08:45:58.066+0000] {logging_mixin.py:190} INFO - [2024-11-24T08:45:58.066+0000] {dag.py:3239} INFO - Sync 1 DAGs
[2024-11-24T08:45:58.089+0000] {logging_mixin.py:190} INFO - [2024-11-24T08:45:58.089+0000] {dag.py:4180} INFO - Setting next_dagrun for example_xcom to 2021-01-01 00:00:00+00:00, run_after=2021-01-01 00:00:00+00:00
[2024-11-24T08:45:58.108+0000] {processor.py:208} INFO - Processing /home/airflow/.local/lib/python3.12/site-packages/airflow/example_dags/example_xcom.py took 0.097 seconds
[2024-11-24T08:46:28.249+0000] {processor.py:186} INFO - Started process (PID=2292) to work on /home/airflow/.local/lib/python3.12/site-packages/airflow/example_dags/example_xcom.py
[2024-11-24T08:46:28.251+0000] {processor.py:914} INFO - Processing file /home/airflow/.local/lib/python3.12/site-packages/airflow/example_dags/example_xcom.py for tasks to queue
[2024-11-24T08:46:28.257+0000] {logging_mixin.py:190} INFO - [2024-11-24T08:46:28.256+0000] {dagbag.py:588} INFO - Filling up the DagBag from /home/airflow/.local/lib/python3.12/site-packages/airflow/example_dags/example_xcom.py
[2024-11-24T08:46:28.276+0000] {processor.py:925} INFO - DAG(s) 'example_xcom' retrieved from /home/airflow/.local/lib/python3.12/site-packages/airflow/example_dags/example_xcom.py
[2024-11-24T08:46:28.315+0000] {logging_mixin.py:190} INFO - [2024-11-24T08:46:28.315+0000] {dag.py:3239} INFO - Sync 1 DAGs
[2024-11-24T08:46:28.347+0000] {logging_mixin.py:190} INFO - [2024-11-24T08:46:28.347+0000] {dag.py:4180} INFO - Setting next_dagrun for example_xcom to 2021-01-01 00:00:00+00:00, run_after=2021-01-01 00:00:00+00:00
[2024-11-24T08:46:28.373+0000] {processor.py:208} INFO - Processing /home/airflow/.local/lib/python3.12/site-packages/airflow/example_dags/example_xcom.py took 0.134 seconds
[2024-11-24T08:46:59.175+0000] {processor.py:186} INFO - Started process (PID=2583) to work on /home/airflow/.local/lib/python3.12/site-packages/airflow/example_dags/example_xcom.py
[2024-11-24T08:46:59.177+0000] {processor.py:914} INFO - Processing file /home/airflow/.local/lib/python3.12/site-packages/airflow/example_dags/example_xcom.py for tasks to queue
[2024-11-24T08:46:59.179+0000] {logging_mixin.py:190} INFO - [2024-11-24T08:46:59.179+0000] {dagbag.py:588} INFO - Filling up the DagBag from /home/airflow/.local/lib/python3.12/site-packages/airflow/example_dags/example_xcom.py
[2024-11-24T08:46:59.188+0000] {processor.py:925} INFO - DAG(s) 'example_xcom' retrieved from /home/airflow/.local/lib/python3.12/site-packages/airflow/example_dags/example_xcom.py
[2024-11-24T08:46:59.216+0000] {logging_mixin.py:190} INFO - [2024-11-24T08:46:59.215+0000] {dag.py:3239} INFO - Sync 1 DAGs
[2024-11-24T08:46:59.242+0000] {logging_mixin.py:190} INFO - [2024-11-24T08:46:59.242+0000] {dag.py:4180} INFO - Setting next_dagrun for example_xcom to 2021-01-01 00:00:00+00:00, run_after=2021-01-01 00:00:00+00:00
[2024-11-24T08:46:59.264+0000] {processor.py:208} INFO - Processing /home/airflow/.local/lib/python3.12/site-packages/airflow/example_dags/example_xcom.py took 0.095 seconds
[2024-11-24T08:47:29.547+0000] {processor.py:186} INFO - Started process (PID=2874) to work on /home/airflow/.local/lib/python3.12/site-packages/airflow/example_dags/example_xcom.py
[2024-11-24T08:47:29.549+0000] {processor.py:914} INFO - Processing file /home/airflow/.local/lib/python3.12/site-packages/airflow/example_dags/example_xcom.py for tasks to queue
[2024-11-24T08:47:29.552+0000] {logging_mixin.py:190} INFO - [2024-11-24T08:47:29.552+0000] {dagbag.py:588} INFO - Filling up the DagBag from /home/airflow/.local/lib/python3.12/site-packages/airflow/example_dags/example_xcom.py
[2024-11-24T08:47:29.565+0000] {processor.py:925} INFO - DAG(s) 'example_xcom' retrieved from /home/airflow/.local/lib/python3.12/site-packages/airflow/example_dags/example_xcom.py
[2024-11-24T08:47:29.595+0000] {logging_mixin.py:190} INFO - [2024-11-24T08:47:29.594+0000] {dag.py:3239} INFO - Sync 1 DAGs
[2024-11-24T08:47:29.624+0000] {logging_mixin.py:190} INFO - [2024-11-24T08:47:29.623+0000] {dag.py:4180} INFO - Setting next_dagrun for example_xcom to 2021-01-01 00:00:00+00:00, run_after=2021-01-01 00:00:00+00:00
[2024-11-24T08:47:29.650+0000] {processor.py:208} INFO - Processing /home/airflow/.local/lib/python3.12/site-packages/airflow/example_dags/example_xcom.py took 0.111 seconds
[2024-11-24T08:47:59.851+0000] {processor.py:186} INFO - Started process (PID=3165) to work on /home/airflow/.local/lib/python3.12/site-packages/airflow/example_dags/example_xcom.py
[2024-11-24T08:47:59.853+0000] {processor.py:914} INFO - Processing file /home/airflow/.local/lib/python3.12/site-packages/airflow/example_dags/example_xcom.py for tasks to queue
[2024-11-24T08:47:59.856+0000] {logging_mixin.py:190} INFO - [2024-11-24T08:47:59.856+0000] {dagbag.py:588} INFO - Filling up the DagBag from /home/airflow/.local/lib/python3.12/site-packages/airflow/example_dags/example_xcom.py
[2024-11-24T08:47:59.868+0000] {processor.py:925} INFO - DAG(s) 'example_xcom' retrieved from /home/airflow/.local/lib/python3.12/site-packages/airflow/example_dags/example_xcom.py
[2024-11-24T08:47:59.898+0000] {logging_mixin.py:190} INFO - [2024-11-24T08:47:59.897+0000] {dag.py:3239} INFO - Sync 1 DAGs
[2024-11-24T08:47:59.928+0000] {logging_mixin.py:190} INFO - [2024-11-24T08:47:59.928+0000] {dag.py:4180} INFO - Setting next_dagrun for example_xcom to 2021-01-01 00:00:00+00:00, run_after=2021-01-01 00:00:00+00:00
[2024-11-24T08:47:59.955+0000] {processor.py:208} INFO - Processing /home/airflow/.local/lib/python3.12/site-packages/airflow/example_dags/example_xcom.py took 0.111 seconds
[2024-11-24T08:48:30.191+0000] {processor.py:186} INFO - Started process (PID=3456) to work on /home/airflow/.local/lib/python3.12/site-packages/airflow/example_dags/example_xcom.py
[2024-11-24T08:48:30.193+0000] {processor.py:914} INFO - Processing file /home/airflow/.local/lib/python3.12/site-packages/airflow/example_dags/example_xcom.py for tasks to queue
[2024-11-24T08:48:30.199+0000] {logging_mixin.py:190} INFO - [2024-11-24T08:48:30.198+0000] {dagbag.py:588} INFO - Filling up the DagBag from /home/airflow/.local/lib/python3.12/site-packages/airflow/example_dags/example_xcom.py
[2024-11-24T08:48:30.213+0000] {processor.py:925} INFO - DAG(s) 'example_xcom' retrieved from /home/airflow/.local/lib/python3.12/site-packages/airflow/example_dags/example_xcom.py
[2024-11-24T08:48:30.257+0000] {logging_mixin.py:190} INFO - [2024-11-24T08:48:30.257+0000] {dag.py:3239} INFO - Sync 1 DAGs
[2024-11-24T08:48:30.310+0000] {logging_mixin.py:190} INFO - [2024-11-24T08:48:30.309+0000] {dag.py:4180} INFO - Setting next_dagrun for example_xcom to 2021-01-01 00:00:00+00:00, run_after=2021-01-01 00:00:00+00:00
[2024-11-24T08:48:30.348+0000] {processor.py:208} INFO - Processing /home/airflow/.local/lib/python3.12/site-packages/airflow/example_dags/example_xcom.py took 0.168 seconds
[2024-11-24T08:49:00.527+0000] {processor.py:186} INFO - Started process (PID=3747) to work on /home/airflow/.local/lib/python3.12/site-packages/airflow/example_dags/example_xcom.py
[2024-11-24T08:49:00.528+0000] {processor.py:914} INFO - Processing file /home/airflow/.local/lib/python3.12/site-packages/airflow/example_dags/example_xcom.py for tasks to queue
[2024-11-24T08:49:00.533+0000] {logging_mixin.py:190} INFO - [2024-11-24T08:49:00.532+0000] {dagbag.py:588} INFO - Filling up the DagBag from /home/airflow/.local/lib/python3.12/site-packages/airflow/example_dags/example_xcom.py
[2024-11-24T08:49:00.546+0000] {processor.py:925} INFO - DAG(s) 'example_xcom' retrieved from /home/airflow/.local/lib/python3.12/site-packages/airflow/example_dags/example_xcom.py
[2024-11-24T08:49:00.580+0000] {logging_mixin.py:190} INFO - [2024-11-24T08:49:00.579+0000] {dag.py:3239} INFO - Sync 1 DAGs
[2024-11-24T08:49:00.610+0000] {logging_mixin.py:190} INFO - [2024-11-24T08:49:00.610+0000] {dag.py:4180} INFO - Setting next_dagrun for example_xcom to 2021-01-01 00:00:00+00:00, run_after=2021-01-01 00:00:00+00:00
[2024-11-24T08:49:00.633+0000] {processor.py:208} INFO - Processing /home/airflow/.local/lib/python3.12/site-packages/airflow/example_dags/example_xcom.py took 0.115 seconds
[2024-11-24T08:49:30.981+0000] {processor.py:186} INFO - Started process (PID=4038) to work on /home/airflow/.local/lib/python3.12/site-packages/airflow/example_dags/example_xcom.py
[2024-11-24T08:49:30.982+0000] {processor.py:914} INFO - Processing file /home/airflow/.local/lib/python3.12/site-packages/airflow/example_dags/example_xcom.py for tasks to queue
[2024-11-24T08:49:30.986+0000] {logging_mixin.py:190} INFO - [2024-11-24T08:49:30.986+0000] {dagbag.py:588} INFO - Filling up the DagBag from /home/airflow/.local/lib/python3.12/site-packages/airflow/example_dags/example_xcom.py
[2024-11-24T08:49:30.998+0000] {processor.py:925} INFO - DAG(s) 'example_xcom' retrieved from /home/airflow/.local/lib/python3.12/site-packages/airflow/example_dags/example_xcom.py
[2024-11-24T08:49:31.029+0000] {logging_mixin.py:190} INFO - [2024-11-24T08:49:31.028+0000] {dag.py:3239} INFO - Sync 1 DAGs
[2024-11-24T08:49:31.060+0000] {logging_mixin.py:190} INFO - [2024-11-24T08:49:31.060+0000] {dag.py:4180} INFO - Setting next_dagrun for example_xcom to 2021-01-01 00:00:00+00:00, run_after=2021-01-01 00:00:00+00:00
[2024-11-24T08:49:31.086+0000] {processor.py:208} INFO - Processing /home/airflow/.local/lib/python3.12/site-packages/airflow/example_dags/example_xcom.py took 0.114 seconds
[2024-11-24T08:50:01.224+0000] {processor.py:186} INFO - Started process (PID=4329) to work on /home/airflow/.local/lib/python3.12/site-packages/airflow/example_dags/example_xcom.py
[2024-11-24T08:50:01.225+0000] {processor.py:914} INFO - Processing file /home/airflow/.local/lib/python3.12/site-packages/airflow/example_dags/example_xcom.py for tasks to queue
[2024-11-24T08:50:01.230+0000] {logging_mixin.py:190} INFO - [2024-11-24T08:50:01.229+0000] {dagbag.py:588} INFO - Filling up the DagBag from /home/airflow/.local/lib/python3.12/site-packages/airflow/example_dags/example_xcom.py
[2024-11-24T08:50:01.242+0000] {processor.py:925} INFO - DAG(s) 'example_xcom' retrieved from /home/airflow/.local/lib/python3.12/site-packages/airflow/example_dags/example_xcom.py
[2024-11-24T08:50:01.269+0000] {logging_mixin.py:190} INFO - [2024-11-24T08:50:01.269+0000] {dag.py:3239} INFO - Sync 1 DAGs
[2024-11-24T08:50:01.299+0000] {logging_mixin.py:190} INFO - [2024-11-24T08:50:01.298+0000] {dag.py:4180} INFO - Setting next_dagrun for example_xcom to 2021-01-01 00:00:00+00:00, run_after=2021-01-01 00:00:00+00:00
[2024-11-24T08:50:01.322+0000] {processor.py:208} INFO - Processing /home/airflow/.local/lib/python3.12/site-packages/airflow/example_dags/example_xcom.py took 0.107 seconds
[2024-11-24T08:50:31.695+0000] {processor.py:186} INFO - Started process (PID=4620) to work on /home/airflow/.local/lib/python3.12/site-packages/airflow/example_dags/example_xcom.py
[2024-11-24T08:50:31.697+0000] {processor.py:914} INFO - Processing file /home/airflow/.local/lib/python3.12/site-packages/airflow/example_dags/example_xcom.py for tasks to queue
[2024-11-24T08:50:31.702+0000] {logging_mixin.py:190} INFO - [2024-11-24T08:50:31.701+0000] {dagbag.py:588} INFO - Filling up the DagBag from /home/airflow/.local/lib/python3.12/site-packages/airflow/example_dags/example_xcom.py
[2024-11-24T08:50:31.719+0000] {processor.py:925} INFO - DAG(s) 'example_xcom' retrieved from /home/airflow/.local/lib/python3.12/site-packages/airflow/example_dags/example_xcom.py
[2024-11-24T08:50:31.754+0000] {logging_mixin.py:190} INFO - [2024-11-24T08:50:31.754+0000] {dag.py:3239} INFO - Sync 1 DAGs
[2024-11-24T08:50:31.788+0000] {logging_mixin.py:190} INFO - [2024-11-24T08:50:31.788+0000] {dag.py:4180} INFO - Setting next_dagrun for example_xcom to 2021-01-01 00:00:00+00:00, run_after=2021-01-01 00:00:00+00:00
[2024-11-24T08:50:31.817+0000] {processor.py:208} INFO - Processing /home/airflow/.local/lib/python3.12/site-packages/airflow/example_dags/example_xcom.py took 0.130 seconds
[2024-11-24T08:51:04.100+0000] {processor.py:186} INFO - Started process (PID=4844) to work on /home/airflow/.local/lib/python3.12/site-packages/airflow/example_dags/example_xcom.py
[2024-11-24T08:51:04.102+0000] {processor.py:914} INFO - Processing file /home/airflow/.local/lib/python3.12/site-packages/airflow/example_dags/example_xcom.py for tasks to queue
[2024-11-24T08:51:04.109+0000] {logging_mixin.py:190} INFO - [2024-11-24T08:51:04.108+0000] {dagbag.py:588} INFO - Filling up the DagBag from /home/airflow/.local/lib/python3.12/site-packages/airflow/example_dags/example_xcom.py
[2024-11-24T08:51:04.146+0000] {processor.py:925} INFO - DAG(s) 'example_xcom' retrieved from /home/airflow/.local/lib/python3.12/site-packages/airflow/example_dags/example_xcom.py
[2024-11-24T08:51:04.203+0000] {logging_mixin.py:190} INFO - [2024-11-24T08:51:04.203+0000] {dag.py:3239} INFO - Sync 1 DAGs
[2024-11-24T08:51:04.262+0000] {logging_mixin.py:190} INFO - [2024-11-24T08:51:04.261+0000] {dag.py:4180} INFO - Setting next_dagrun for example_xcom to 2021-01-01 00:00:00+00:00, run_after=2021-01-01 00:00:00+00:00
[2024-11-24T08:51:04.309+0000] {processor.py:208} INFO - Processing /home/airflow/.local/lib/python3.12/site-packages/airflow/example_dags/example_xcom.py took 0.225 seconds
[2024-11-24T08:51:34.842+0000] {processor.py:186} INFO - Started process (PID=5134) to work on /home/airflow/.local/lib/python3.12/site-packages/airflow/example_dags/example_xcom.py
[2024-11-24T08:51:34.845+0000] {processor.py:914} INFO - Processing file /home/airflow/.local/lib/python3.12/site-packages/airflow/example_dags/example_xcom.py for tasks to queue
[2024-11-24T08:51:34.852+0000] {logging_mixin.py:190} INFO - [2024-11-24T08:51:34.851+0000] {dagbag.py:588} INFO - Filling up the DagBag from /home/airflow/.local/lib/python3.12/site-packages/airflow/example_dags/example_xcom.py
[2024-11-24T08:51:34.881+0000] {processor.py:925} INFO - DAG(s) 'example_xcom' retrieved from /home/airflow/.local/lib/python3.12/site-packages/airflow/example_dags/example_xcom.py
[2024-11-24T08:51:34.933+0000] {logging_mixin.py:190} INFO - [2024-11-24T08:51:34.932+0000] {dag.py:3239} INFO - Sync 1 DAGs
[2024-11-24T08:51:34.989+0000] {logging_mixin.py:190} INFO - [2024-11-24T08:51:34.989+0000] {dag.py:4180} INFO - Setting next_dagrun for example_xcom to 2021-01-01 00:00:00+00:00, run_after=2021-01-01 00:00:00+00:00
[2024-11-24T08:51:35.036+0000] {processor.py:208} INFO - Processing /home/airflow/.local/lib/python3.12/site-packages/airflow/example_dags/example_xcom.py took 0.206 seconds
[2024-11-24T08:52:05.145+0000] {processor.py:186} INFO - Started process (PID=5425) to work on /home/airflow/.local/lib/python3.12/site-packages/airflow/example_dags/example_xcom.py
[2024-11-24T08:52:05.147+0000] {processor.py:914} INFO - Processing file /home/airflow/.local/lib/python3.12/site-packages/airflow/example_dags/example_xcom.py for tasks to queue
[2024-11-24T08:52:05.151+0000] {logging_mixin.py:190} INFO - [2024-11-24T08:52:05.150+0000] {dagbag.py:588} INFO - Filling up the DagBag from /home/airflow/.local/lib/python3.12/site-packages/airflow/example_dags/example_xcom.py
[2024-11-24T08:52:05.163+0000] {processor.py:925} INFO - DAG(s) 'example_xcom' retrieved from /home/airflow/.local/lib/python3.12/site-packages/airflow/example_dags/example_xcom.py
[2024-11-24T08:52:05.192+0000] {logging_mixin.py:190} INFO - [2024-11-24T08:52:05.192+0000] {dag.py:3239} INFO - Sync 1 DAGs
[2024-11-24T08:52:05.224+0000] {logging_mixin.py:190} INFO - [2024-11-24T08:52:05.224+0000] {dag.py:4180} INFO - Setting next_dagrun for example_xcom to 2021-01-01 00:00:00+00:00, run_after=2021-01-01 00:00:00+00:00
[2024-11-24T08:52:05.255+0000] {processor.py:208} INFO - Processing /home/airflow/.local/lib/python3.12/site-packages/airflow/example_dags/example_xcom.py took 0.117 seconds
[2024-11-24T08:53:35.249+0000] {processor.py:186} INFO - Started process (PID=263) to work on /home/airflow/.local/lib/python3.12/site-packages/airflow/example_dags/example_xcom.py
[2024-11-24T08:53:35.251+0000] {processor.py:914} INFO - Processing file /home/airflow/.local/lib/python3.12/site-packages/airflow/example_dags/example_xcom.py for tasks to queue
[2024-11-24T08:53:35.256+0000] {logging_mixin.py:190} INFO - [2024-11-24T08:53:35.255+0000] {dagbag.py:588} INFO - Filling up the DagBag from /home/airflow/.local/lib/python3.12/site-packages/airflow/example_dags/example_xcom.py
[2024-11-24T08:53:35.276+0000] {processor.py:925} INFO - DAG(s) 'example_xcom' retrieved from /home/airflow/.local/lib/python3.12/site-packages/airflow/example_dags/example_xcom.py
[2024-11-24T08:53:35.328+0000] {logging_mixin.py:190} INFO - [2024-11-24T08:53:35.328+0000] {dag.py:3239} INFO - Sync 1 DAGs
[2024-11-24T08:53:35.381+0000] {logging_mixin.py:190} INFO - [2024-11-24T08:53:35.380+0000] {dag.py:4180} INFO - Setting next_dagrun for example_xcom to 2021-01-01 00:00:00+00:00, run_after=2021-01-01 00:00:00+00:00
[2024-11-24T08:53:35.430+0000] {processor.py:208} INFO - Processing /home/airflow/.local/lib/python3.12/site-packages/airflow/example_dags/example_xcom.py took 0.193 seconds
[2024-11-24T08:54:11.917+0000] {processor.py:186} INFO - Started process (PID=548) to work on /home/airflow/.local/lib/python3.12/site-packages/airflow/example_dags/example_xcom.py
[2024-11-24T08:54:11.921+0000] {processor.py:914} INFO - Processing file /home/airflow/.local/lib/python3.12/site-packages/airflow/example_dags/example_xcom.py for tasks to queue
[2024-11-24T08:54:11.927+0000] {logging_mixin.py:190} INFO - [2024-11-24T08:54:11.926+0000] {dagbag.py:588} INFO - Filling up the DagBag from /home/airflow/.local/lib/python3.12/site-packages/airflow/example_dags/example_xcom.py
[2024-11-24T08:54:11.949+0000] {processor.py:925} INFO - DAG(s) 'example_xcom' retrieved from /home/airflow/.local/lib/python3.12/site-packages/airflow/example_dags/example_xcom.py
[2024-11-24T08:54:12.146+0000] {logging_mixin.py:190} INFO - [2024-11-24T08:54:12.146+0000] {dag.py:3239} INFO - Sync 1 DAGs
[2024-11-24T08:54:12.428+0000] {logging_mixin.py:190} INFO - [2024-11-24T08:54:12.424+0000] {dag.py:4180} INFO - Setting next_dagrun for example_xcom to 2021-01-01 00:00:00+00:00, run_after=2021-01-01 00:00:00+00:00
[2024-11-24T08:54:12.535+0000] {processor.py:208} INFO - Processing /home/airflow/.local/lib/python3.12/site-packages/airflow/example_dags/example_xcom.py took 0.672 seconds
[2024-11-24T08:54:42.834+0000] {processor.py:186} INFO - Started process (PID=839) to work on /home/airflow/.local/lib/python3.12/site-packages/airflow/example_dags/example_xcom.py
[2024-11-24T08:54:42.847+0000] {processor.py:914} INFO - Processing file /home/airflow/.local/lib/python3.12/site-packages/airflow/example_dags/example_xcom.py for tasks to queue
[2024-11-24T08:54:42.852+0000] {logging_mixin.py:190} INFO - [2024-11-24T08:54:42.851+0000] {dagbag.py:588} INFO - Filling up the DagBag from /home/airflow/.local/lib/python3.12/site-packages/airflow/example_dags/example_xcom.py
[2024-11-24T08:54:42.874+0000] {processor.py:925} INFO - DAG(s) 'example_xcom' retrieved from /home/airflow/.local/lib/python3.12/site-packages/airflow/example_dags/example_xcom.py
[2024-11-24T08:54:42.916+0000] {logging_mixin.py:190} INFO - [2024-11-24T08:54:42.916+0000] {dag.py:3239} INFO - Sync 1 DAGs
[2024-11-24T08:54:42.956+0000] {logging_mixin.py:190} INFO - [2024-11-24T08:54:42.956+0000] {dag.py:4180} INFO - Setting next_dagrun for example_xcom to 2021-01-01 00:00:00+00:00, run_after=2021-01-01 00:00:00+00:00
[2024-11-24T08:54:42.983+0000] {processor.py:208} INFO - Processing /home/airflow/.local/lib/python3.12/site-packages/airflow/example_dags/example_xcom.py took 0.161 seconds
[2024-11-24T08:55:13.572+0000] {processor.py:186} INFO - Started process (PID=1132) to work on /home/airflow/.local/lib/python3.12/site-packages/airflow/example_dags/example_xcom.py
[2024-11-24T08:55:13.574+0000] {processor.py:914} INFO - Processing file /home/airflow/.local/lib/python3.12/site-packages/airflow/example_dags/example_xcom.py for tasks to queue
[2024-11-24T08:55:13.577+0000] {logging_mixin.py:190} INFO - [2024-11-24T08:55:13.576+0000] {dagbag.py:588} INFO - Filling up the DagBag from /home/airflow/.local/lib/python3.12/site-packages/airflow/example_dags/example_xcom.py
[2024-11-24T08:55:13.590+0000] {processor.py:925} INFO - DAG(s) 'example_xcom' retrieved from /home/airflow/.local/lib/python3.12/site-packages/airflow/example_dags/example_xcom.py
[2024-11-24T08:55:13.616+0000] {logging_mixin.py:190} INFO - [2024-11-24T08:55:13.616+0000] {dag.py:3239} INFO - Sync 1 DAGs
[2024-11-24T08:55:13.640+0000] {logging_mixin.py:190} INFO - [2024-11-24T08:55:13.640+0000] {dag.py:4180} INFO - Setting next_dagrun for example_xcom to 2021-01-01 00:00:00+00:00, run_after=2021-01-01 00:00:00+00:00
[2024-11-24T08:55:13.658+0000] {processor.py:208} INFO - Processing /home/airflow/.local/lib/python3.12/site-packages/airflow/example_dags/example_xcom.py took 0.092 seconds
[2024-11-24T08:55:56.201+0000] {processor.py:186} INFO - Started process (PID=1338) to work on /home/airflow/.local/lib/python3.12/site-packages/airflow/example_dags/example_xcom.py
[2024-11-24T08:55:56.203+0000] {processor.py:914} INFO - Processing file /home/airflow/.local/lib/python3.12/site-packages/airflow/example_dags/example_xcom.py for tasks to queue
[2024-11-24T08:55:56.209+0000] {logging_mixin.py:190} INFO - [2024-11-24T08:55:56.208+0000] {dagbag.py:588} INFO - Filling up the DagBag from /home/airflow/.local/lib/python3.12/site-packages/airflow/example_dags/example_xcom.py
[2024-11-24T08:55:56.229+0000] {processor.py:925} INFO - DAG(s) 'example_xcom' retrieved from /home/airflow/.local/lib/python3.12/site-packages/airflow/example_dags/example_xcom.py
[2024-11-24T08:55:56.277+0000] {logging_mixin.py:190} INFO - [2024-11-24T08:55:56.276+0000] {dag.py:3239} INFO - Sync 1 DAGs
[2024-11-24T08:55:56.325+0000] {logging_mixin.py:190} INFO - [2024-11-24T08:55:56.324+0000] {dag.py:4180} INFO - Setting next_dagrun for example_xcom to 2021-01-01 00:00:00+00:00, run_after=2021-01-01 00:00:00+00:00
[2024-11-24T08:55:56.364+0000] {processor.py:208} INFO - Processing /home/airflow/.local/lib/python3.12/site-packages/airflow/example_dags/example_xcom.py took 0.175 seconds
[2024-11-24T08:56:28.519+0000] {processor.py:186} INFO - Started process (PID=1620) to work on /home/airflow/.local/lib/python3.12/site-packages/airflow/example_dags/example_xcom.py
[2024-11-24T08:56:28.521+0000] {processor.py:914} INFO - Processing file /home/airflow/.local/lib/python3.12/site-packages/airflow/example_dags/example_xcom.py for tasks to queue
[2024-11-24T08:56:28.526+0000] {logging_mixin.py:190} INFO - [2024-11-24T08:56:28.526+0000] {dagbag.py:588} INFO - Filling up the DagBag from /home/airflow/.local/lib/python3.12/site-packages/airflow/example_dags/example_xcom.py
[2024-11-24T08:56:28.546+0000] {processor.py:925} INFO - DAG(s) 'example_xcom' retrieved from /home/airflow/.local/lib/python3.12/site-packages/airflow/example_dags/example_xcom.py
[2024-11-24T08:56:28.583+0000] {logging_mixin.py:190} INFO - [2024-11-24T08:56:28.583+0000] {dag.py:3239} INFO - Sync 1 DAGs
[2024-11-24T08:56:28.629+0000] {logging_mixin.py:190} INFO - [2024-11-24T08:56:28.629+0000] {dag.py:4180} INFO - Setting next_dagrun for example_xcom to 2021-01-01 00:00:00+00:00, run_after=2021-01-01 00:00:00+00:00
[2024-11-24T08:56:28.665+0000] {processor.py:208} INFO - Processing /home/airflow/.local/lib/python3.12/site-packages/airflow/example_dags/example_xcom.py took 0.157 seconds
[2024-11-24T08:56:59.149+0000] {processor.py:186} INFO - Started process (PID=1911) to work on /home/airflow/.local/lib/python3.12/site-packages/airflow/example_dags/example_xcom.py
[2024-11-24T08:56:59.152+0000] {processor.py:914} INFO - Processing file /home/airflow/.local/lib/python3.12/site-packages/airflow/example_dags/example_xcom.py for tasks to queue
[2024-11-24T08:56:59.160+0000] {logging_mixin.py:190} INFO - [2024-11-24T08:56:59.160+0000] {dagbag.py:588} INFO - Filling up the DagBag from /home/airflow/.local/lib/python3.12/site-packages/airflow/example_dags/example_xcom.py
[2024-11-24T08:56:59.186+0000] {processor.py:925} INFO - DAG(s) 'example_xcom' retrieved from /home/airflow/.local/lib/python3.12/site-packages/airflow/example_dags/example_xcom.py
[2024-11-24T08:56:59.229+0000] {logging_mixin.py:190} INFO - [2024-11-24T08:56:59.229+0000] {dag.py:3239} INFO - Sync 1 DAGs
[2024-11-24T08:56:59.274+0000] {logging_mixin.py:190} INFO - [2024-11-24T08:56:59.274+0000] {dag.py:4180} INFO - Setting next_dagrun for example_xcom to 2021-01-01 00:00:00+00:00, run_after=2021-01-01 00:00:00+00:00
[2024-11-24T08:56:59.318+0000] {processor.py:208} INFO - Processing /home/airflow/.local/lib/python3.12/site-packages/airflow/example_dags/example_xcom.py took 0.184 seconds
[2024-11-24T08:57:34.117+0000] {processor.py:186} INFO - Started process (PID=2202) to work on /home/airflow/.local/lib/python3.12/site-packages/airflow/example_dags/example_xcom.py
[2024-11-24T08:57:34.121+0000] {processor.py:914} INFO - Processing file /home/airflow/.local/lib/python3.12/site-packages/airflow/example_dags/example_xcom.py for tasks to queue
[2024-11-24T08:57:34.131+0000] {logging_mixin.py:190} INFO - [2024-11-24T08:57:34.130+0000] {dagbag.py:588} INFO - Filling up the DagBag from /home/airflow/.local/lib/python3.12/site-packages/airflow/example_dags/example_xcom.py
[2024-11-24T08:57:34.167+0000] {processor.py:925} INFO - DAG(s) 'example_xcom' retrieved from /home/airflow/.local/lib/python3.12/site-packages/airflow/example_dags/example_xcom.py
[2024-11-24T08:57:34.253+0000] {logging_mixin.py:190} INFO - [2024-11-24T08:57:34.252+0000] {dag.py:3239} INFO - Sync 1 DAGs
[2024-11-24T08:57:34.355+0000] {logging_mixin.py:190} INFO - [2024-11-24T08:57:34.354+0000] {dag.py:4180} INFO - Setting next_dagrun for example_xcom to 2021-01-01 00:00:00+00:00, run_after=2021-01-01 00:00:00+00:00
[2024-11-24T08:57:34.413+0000] {processor.py:208} INFO - Processing /home/airflow/.local/lib/python3.12/site-packages/airflow/example_dags/example_xcom.py took 0.317 seconds
[2024-11-24T08:58:04.889+0000] {processor.py:186} INFO - Started process (PID=2493) to work on /home/airflow/.local/lib/python3.12/site-packages/airflow/example_dags/example_xcom.py
[2024-11-24T08:58:04.890+0000] {processor.py:914} INFO - Processing file /home/airflow/.local/lib/python3.12/site-packages/airflow/example_dags/example_xcom.py for tasks to queue
[2024-11-24T08:58:04.892+0000] {logging_mixin.py:190} INFO - [2024-11-24T08:58:04.892+0000] {dagbag.py:588} INFO - Filling up the DagBag from /home/airflow/.local/lib/python3.12/site-packages/airflow/example_dags/example_xcom.py
[2024-11-24T08:58:04.903+0000] {processor.py:925} INFO - DAG(s) 'example_xcom' retrieved from /home/airflow/.local/lib/python3.12/site-packages/airflow/example_dags/example_xcom.py
[2024-11-24T08:58:04.924+0000] {logging_mixin.py:190} INFO - [2024-11-24T08:58:04.924+0000] {dag.py:3239} INFO - Sync 1 DAGs
[2024-11-24T08:58:04.948+0000] {logging_mixin.py:190} INFO - [2024-11-24T08:58:04.948+0000] {dag.py:4180} INFO - Setting next_dagrun for example_xcom to 2021-01-01 00:00:00+00:00, run_after=2021-01-01 00:00:00+00:00
[2024-11-24T08:58:04.968+0000] {processor.py:208} INFO - Processing /home/airflow/.local/lib/python3.12/site-packages/airflow/example_dags/example_xcom.py took 0.087 seconds
[2024-11-24T08:58:35.817+0000] {processor.py:186} INFO - Started process (PID=2784) to work on /home/airflow/.local/lib/python3.12/site-packages/airflow/example_dags/example_xcom.py
[2024-11-24T08:58:35.819+0000] {processor.py:914} INFO - Processing file /home/airflow/.local/lib/python3.12/site-packages/airflow/example_dags/example_xcom.py for tasks to queue
[2024-11-24T08:58:35.822+0000] {logging_mixin.py:190} INFO - [2024-11-24T08:58:35.821+0000] {dagbag.py:588} INFO - Filling up the DagBag from /home/airflow/.local/lib/python3.12/site-packages/airflow/example_dags/example_xcom.py
[2024-11-24T08:58:35.832+0000] {processor.py:925} INFO - DAG(s) 'example_xcom' retrieved from /home/airflow/.local/lib/python3.12/site-packages/airflow/example_dags/example_xcom.py
[2024-11-24T08:58:35.860+0000] {logging_mixin.py:190} INFO - [2024-11-24T08:58:35.859+0000] {dag.py:3239} INFO - Sync 1 DAGs
[2024-11-24T08:58:35.885+0000] {logging_mixin.py:190} INFO - [2024-11-24T08:58:35.884+0000] {dag.py:4180} INFO - Setting next_dagrun for example_xcom to 2021-01-01 00:00:00+00:00, run_after=2021-01-01 00:00:00+00:00
[2024-11-24T08:58:35.908+0000] {processor.py:208} INFO - Processing /home/airflow/.local/lib/python3.12/site-packages/airflow/example_dags/example_xcom.py took 0.097 seconds
[2024-11-24T08:59:06.523+0000] {processor.py:186} INFO - Started process (PID=3075) to work on /home/airflow/.local/lib/python3.12/site-packages/airflow/example_dags/example_xcom.py
[2024-11-24T08:59:06.525+0000] {processor.py:914} INFO - Processing file /home/airflow/.local/lib/python3.12/site-packages/airflow/example_dags/example_xcom.py for tasks to queue
[2024-11-24T08:59:06.528+0000] {logging_mixin.py:190} INFO - [2024-11-24T08:59:06.527+0000] {dagbag.py:588} INFO - Filling up the DagBag from /home/airflow/.local/lib/python3.12/site-packages/airflow/example_dags/example_xcom.py
[2024-11-24T08:59:06.541+0000] {processor.py:925} INFO - DAG(s) 'example_xcom' retrieved from /home/airflow/.local/lib/python3.12/site-packages/airflow/example_dags/example_xcom.py
[2024-11-24T08:59:06.571+0000] {logging_mixin.py:190} INFO - [2024-11-24T08:59:06.571+0000] {dag.py:3239} INFO - Sync 1 DAGs
[2024-11-24T08:59:06.600+0000] {logging_mixin.py:190} INFO - [2024-11-24T08:59:06.599+0000] {dag.py:4180} INFO - Setting next_dagrun for example_xcom to 2021-01-01 00:00:00+00:00, run_after=2021-01-01 00:00:00+00:00
[2024-11-24T08:59:06.626+0000] {processor.py:208} INFO - Processing /home/airflow/.local/lib/python3.12/site-packages/airflow/example_dags/example_xcom.py took 0.111 seconds
[2024-11-24T08:59:38.567+0000] {processor.py:186} INFO - Started process (PID=3366) to work on /home/airflow/.local/lib/python3.12/site-packages/airflow/example_dags/example_xcom.py
[2024-11-24T08:59:38.570+0000] {processor.py:914} INFO - Processing file /home/airflow/.local/lib/python3.12/site-packages/airflow/example_dags/example_xcom.py for tasks to queue
[2024-11-24T08:59:38.585+0000] {logging_mixin.py:190} INFO - [2024-11-24T08:59:38.584+0000] {dagbag.py:588} INFO - Filling up the DagBag from /home/airflow/.local/lib/python3.12/site-packages/airflow/example_dags/example_xcom.py
[2024-11-24T08:59:38.616+0000] {processor.py:925} INFO - DAG(s) 'example_xcom' retrieved from /home/airflow/.local/lib/python3.12/site-packages/airflow/example_dags/example_xcom.py
[2024-11-24T08:59:38.694+0000] {logging_mixin.py:190} INFO - [2024-11-24T08:59:38.693+0000] {dag.py:3239} INFO - Sync 1 DAGs
[2024-11-24T08:59:38.780+0000] {logging_mixin.py:190} INFO - [2024-11-24T08:59:38.779+0000] {dag.py:4180} INFO - Setting next_dagrun for example_xcom to 2021-01-01 00:00:00+00:00, run_after=2021-01-01 00:00:00+00:00
[2024-11-24T08:59:38.856+0000] {processor.py:208} INFO - Processing /home/airflow/.local/lib/python3.12/site-packages/airflow/example_dags/example_xcom.py took 0.322 seconds
[2024-11-24T09:00:09.572+0000] {processor.py:186} INFO - Started process (PID=3659) to work on /home/airflow/.local/lib/python3.12/site-packages/airflow/example_dags/example_xcom.py
[2024-11-24T09:00:09.575+0000] {processor.py:914} INFO - Processing file /home/airflow/.local/lib/python3.12/site-packages/airflow/example_dags/example_xcom.py for tasks to queue
[2024-11-24T09:00:09.579+0000] {logging_mixin.py:190} INFO - [2024-11-24T09:00:09.578+0000] {dagbag.py:588} INFO - Filling up the DagBag from /home/airflow/.local/lib/python3.12/site-packages/airflow/example_dags/example_xcom.py
[2024-11-24T09:00:09.595+0000] {processor.py:925} INFO - DAG(s) 'example_xcom' retrieved from /home/airflow/.local/lib/python3.12/site-packages/airflow/example_dags/example_xcom.py
[2024-11-24T09:00:09.631+0000] {logging_mixin.py:190} INFO - [2024-11-24T09:00:09.631+0000] {dag.py:3239} INFO - Sync 1 DAGs
[2024-11-24T09:00:09.672+0000] {logging_mixin.py:190} INFO - [2024-11-24T09:00:09.672+0000] {dag.py:4180} INFO - Setting next_dagrun for example_xcom to 2021-01-01 00:00:00+00:00, run_after=2021-01-01 00:00:00+00:00
[2024-11-24T09:00:09.705+0000] {processor.py:208} INFO - Processing /home/airflow/.local/lib/python3.12/site-packages/airflow/example_dags/example_xcom.py took 0.142 seconds
[2024-11-24T09:00:40.051+0000] {processor.py:186} INFO - Started process (PID=3945) to work on /home/airflow/.local/lib/python3.12/site-packages/airflow/example_dags/example_xcom.py
[2024-11-24T09:00:40.054+0000] {processor.py:914} INFO - Processing file /home/airflow/.local/lib/python3.12/site-packages/airflow/example_dags/example_xcom.py for tasks to queue
[2024-11-24T09:00:40.057+0000] {logging_mixin.py:190} INFO - [2024-11-24T09:00:40.057+0000] {dagbag.py:588} INFO - Filling up the DagBag from /home/airflow/.local/lib/python3.12/site-packages/airflow/example_dags/example_xcom.py
[2024-11-24T09:00:40.070+0000] {processor.py:925} INFO - DAG(s) 'example_xcom' retrieved from /home/airflow/.local/lib/python3.12/site-packages/airflow/example_dags/example_xcom.py
[2024-11-24T09:00:40.100+0000] {logging_mixin.py:190} INFO - [2024-11-24T09:00:40.100+0000] {dag.py:3239} INFO - Sync 1 DAGs
[2024-11-24T09:00:40.128+0000] {logging_mixin.py:190} INFO - [2024-11-24T09:00:40.128+0000] {dag.py:4180} INFO - Setting next_dagrun for example_xcom to 2021-01-01 00:00:00+00:00, run_after=2021-01-01 00:00:00+00:00
[2024-11-24T09:00:40.156+0000] {processor.py:208} INFO - Processing /home/airflow/.local/lib/python3.12/site-packages/airflow/example_dags/example_xcom.py took 0.112 seconds
[2024-11-24T09:01:10.351+0000] {processor.py:186} INFO - Started process (PID=4234) to work on /home/airflow/.local/lib/python3.12/site-packages/airflow/example_dags/example_xcom.py
[2024-11-24T09:01:10.354+0000] {processor.py:914} INFO - Processing file /home/airflow/.local/lib/python3.12/site-packages/airflow/example_dags/example_xcom.py for tasks to queue
[2024-11-24T09:01:10.359+0000] {logging_mixin.py:190} INFO - [2024-11-24T09:01:10.358+0000] {dagbag.py:588} INFO - Filling up the DagBag from /home/airflow/.local/lib/python3.12/site-packages/airflow/example_dags/example_xcom.py
[2024-11-24T09:01:10.379+0000] {processor.py:925} INFO - DAG(s) 'example_xcom' retrieved from /home/airflow/.local/lib/python3.12/site-packages/airflow/example_dags/example_xcom.py
[2024-11-24T09:01:10.421+0000] {logging_mixin.py:190} INFO - [2024-11-24T09:01:10.421+0000] {dag.py:3239} INFO - Sync 1 DAGs
[2024-11-24T09:01:10.469+0000] {logging_mixin.py:190} INFO - [2024-11-24T09:01:10.468+0000] {dag.py:4180} INFO - Setting next_dagrun for example_xcom to 2021-01-01 00:00:00+00:00, run_after=2021-01-01 00:00:00+00:00
[2024-11-24T09:01:10.506+0000] {processor.py:208} INFO - Processing /home/airflow/.local/lib/python3.12/site-packages/airflow/example_dags/example_xcom.py took 0.166 seconds
[2024-11-24T09:01:40.843+0000] {processor.py:186} INFO - Started process (PID=4527) to work on /home/airflow/.local/lib/python3.12/site-packages/airflow/example_dags/example_xcom.py
[2024-11-24T09:01:40.844+0000] {processor.py:914} INFO - Processing file /home/airflow/.local/lib/python3.12/site-packages/airflow/example_dags/example_xcom.py for tasks to queue
[2024-11-24T09:01:40.847+0000] {logging_mixin.py:190} INFO - [2024-11-24T09:01:40.847+0000] {dagbag.py:588} INFO - Filling up the DagBag from /home/airflow/.local/lib/python3.12/site-packages/airflow/example_dags/example_xcom.py
[2024-11-24T09:01:40.858+0000] {processor.py:925} INFO - DAG(s) 'example_xcom' retrieved from /home/airflow/.local/lib/python3.12/site-packages/airflow/example_dags/example_xcom.py
[2024-11-24T09:01:40.886+0000] {logging_mixin.py:190} INFO - [2024-11-24T09:01:40.886+0000] {dag.py:3239} INFO - Sync 1 DAGs
[2024-11-24T09:01:40.912+0000] {logging_mixin.py:190} INFO - [2024-11-24T09:01:40.912+0000] {dag.py:4180} INFO - Setting next_dagrun for example_xcom to 2021-01-01 00:00:00+00:00, run_after=2021-01-01 00:00:00+00:00
[2024-11-24T09:01:40.935+0000] {processor.py:208} INFO - Processing /home/airflow/.local/lib/python3.12/site-packages/airflow/example_dags/example_xcom.py took 0.098 seconds
[2024-11-24T09:02:11.920+0000] {processor.py:186} INFO - Started process (PID=4818) to work on /home/airflow/.local/lib/python3.12/site-packages/airflow/example_dags/example_xcom.py
[2024-11-24T09:02:11.922+0000] {processor.py:914} INFO - Processing file /home/airflow/.local/lib/python3.12/site-packages/airflow/example_dags/example_xcom.py for tasks to queue
[2024-11-24T09:02:11.925+0000] {logging_mixin.py:190} INFO - [2024-11-24T09:02:11.924+0000] {dagbag.py:588} INFO - Filling up the DagBag from /home/airflow/.local/lib/python3.12/site-packages/airflow/example_dags/example_xcom.py
[2024-11-24T09:02:11.935+0000] {processor.py:925} INFO - DAG(s) 'example_xcom' retrieved from /home/airflow/.local/lib/python3.12/site-packages/airflow/example_dags/example_xcom.py
[2024-11-24T09:02:11.959+0000] {logging_mixin.py:190} INFO - [2024-11-24T09:02:11.959+0000] {dag.py:3239} INFO - Sync 1 DAGs
[2024-11-24T09:02:11.985+0000] {logging_mixin.py:190} INFO - [2024-11-24T09:02:11.985+0000] {dag.py:4180} INFO - Setting next_dagrun for example_xcom to 2021-01-01 00:00:00+00:00, run_after=2021-01-01 00:00:00+00:00
[2024-11-24T09:02:12.007+0000] {processor.py:208} INFO - Processing /home/airflow/.local/lib/python3.12/site-packages/airflow/example_dags/example_xcom.py took 0.095 seconds
[2024-11-24T09:02:44.198+0000] {processor.py:186} INFO - Started process (PID=5092) to work on /home/airflow/.local/lib/python3.12/site-packages/airflow/example_dags/example_xcom.py
[2024-11-24T09:02:44.204+0000] {processor.py:914} INFO - Processing file /home/airflow/.local/lib/python3.12/site-packages/airflow/example_dags/example_xcom.py for tasks to queue
[2024-11-24T09:02:44.221+0000] {logging_mixin.py:190} INFO - [2024-11-24T09:02:44.219+0000] {dagbag.py:588} INFO - Filling up the DagBag from /home/airflow/.local/lib/python3.12/site-packages/airflow/example_dags/example_xcom.py
[2024-11-24T09:02:44.279+0000] {processor.py:925} INFO - DAG(s) 'example_xcom' retrieved from /home/airflow/.local/lib/python3.12/site-packages/airflow/example_dags/example_xcom.py
[2024-11-24T09:02:44.379+0000] {logging_mixin.py:190} INFO - [2024-11-24T09:02:44.378+0000] {dag.py:3239} INFO - Sync 1 DAGs
[2024-11-24T09:02:44.519+0000] {logging_mixin.py:190} INFO - [2024-11-24T09:02:44.518+0000] {dag.py:4180} INFO - Setting next_dagrun for example_xcom to 2021-01-01 00:00:00+00:00, run_after=2021-01-01 00:00:00+00:00
[2024-11-24T09:02:44.618+0000] {processor.py:208} INFO - Processing /home/airflow/.local/lib/python3.12/site-packages/airflow/example_dags/example_xcom.py took 0.458 seconds
[2024-11-24T09:03:21.918+0000] {processor.py:186} INFO - Started process (PID=5378) to work on /home/airflow/.local/lib/python3.12/site-packages/airflow/example_dags/example_xcom.py
[2024-11-24T09:03:21.954+0000] {processor.py:914} INFO - Processing file /home/airflow/.local/lib/python3.12/site-packages/airflow/example_dags/example_xcom.py for tasks to queue
[2024-11-24T09:03:21.984+0000] {logging_mixin.py:190} INFO - [2024-11-24T09:03:21.982+0000] {dagbag.py:588} INFO - Filling up the DagBag from /home/airflow/.local/lib/python3.12/site-packages/airflow/example_dags/example_xcom.py
[2024-11-24T09:03:22.309+0000] {processor.py:925} INFO - DAG(s) 'example_xcom' retrieved from /home/airflow/.local/lib/python3.12/site-packages/airflow/example_dags/example_xcom.py
[2024-11-24T09:03:22.427+0000] {logging_mixin.py:190} INFO - [2024-11-24T09:03:22.426+0000] {dag.py:3239} INFO - Sync 1 DAGs
[2024-11-24T09:03:22.866+0000] {logging_mixin.py:190} INFO - [2024-11-24T09:03:22.865+0000] {dag.py:4180} INFO - Setting next_dagrun for example_xcom to 2021-01-01 00:00:00+00:00, run_after=2021-01-01 00:00:00+00:00
[2024-11-24T09:03:23.322+0000] {processor.py:208} INFO - Processing /home/airflow/.local/lib/python3.12/site-packages/airflow/example_dags/example_xcom.py took 1.465 seconds
[2024-11-24T09:03:54.517+0000] {processor.py:186} INFO - Started process (PID=5669) to work on /home/airflow/.local/lib/python3.12/site-packages/airflow/example_dags/example_xcom.py
[2024-11-24T09:03:54.521+0000] {processor.py:914} INFO - Processing file /home/airflow/.local/lib/python3.12/site-packages/airflow/example_dags/example_xcom.py for tasks to queue
[2024-11-24T09:03:54.525+0000] {logging_mixin.py:190} INFO - [2024-11-24T09:03:54.524+0000] {dagbag.py:588} INFO - Filling up the DagBag from /home/airflow/.local/lib/python3.12/site-packages/airflow/example_dags/example_xcom.py
[2024-11-24T09:03:54.540+0000] {processor.py:925} INFO - DAG(s) 'example_xcom' retrieved from /home/airflow/.local/lib/python3.12/site-packages/airflow/example_dags/example_xcom.py
[2024-11-24T09:03:54.580+0000] {logging_mixin.py:190} INFO - [2024-11-24T09:03:54.579+0000] {dag.py:3239} INFO - Sync 1 DAGs
[2024-11-24T09:03:54.619+0000] {logging_mixin.py:190} INFO - [2024-11-24T09:03:54.619+0000] {dag.py:4180} INFO - Setting next_dagrun for example_xcom to 2021-01-01 00:00:00+00:00, run_after=2021-01-01 00:00:00+00:00
[2024-11-24T09:03:54.655+0000] {processor.py:208} INFO - Processing /home/airflow/.local/lib/python3.12/site-packages/airflow/example_dags/example_xcom.py took 0.147 seconds
[2024-11-24T09:04:24.874+0000] {processor.py:186} INFO - Started process (PID=5960) to work on /home/airflow/.local/lib/python3.12/site-packages/airflow/example_dags/example_xcom.py
[2024-11-24T09:04:24.876+0000] {processor.py:914} INFO - Processing file /home/airflow/.local/lib/python3.12/site-packages/airflow/example_dags/example_xcom.py for tasks to queue
[2024-11-24T09:04:24.881+0000] {logging_mixin.py:190} INFO - [2024-11-24T09:04:24.881+0000] {dagbag.py:588} INFO - Filling up the DagBag from /home/airflow/.local/lib/python3.12/site-packages/airflow/example_dags/example_xcom.py
[2024-11-24T09:04:24.901+0000] {processor.py:925} INFO - DAG(s) 'example_xcom' retrieved from /home/airflow/.local/lib/python3.12/site-packages/airflow/example_dags/example_xcom.py
[2024-11-24T09:04:24.949+0000] {logging_mixin.py:190} INFO - [2024-11-24T09:04:24.948+0000] {dag.py:3239} INFO - Sync 1 DAGs
[2024-11-24T09:04:25.000+0000] {logging_mixin.py:190} INFO - [2024-11-24T09:04:25.000+0000] {dag.py:4180} INFO - Setting next_dagrun for example_xcom to 2021-01-01 00:00:00+00:00, run_after=2021-01-01 00:00:00+00:00
[2024-11-24T09:04:25.042+0000] {processor.py:208} INFO - Processing /home/airflow/.local/lib/python3.12/site-packages/airflow/example_dags/example_xcom.py took 0.180 seconds
[2024-11-24T09:04:56.805+0000] {processor.py:186} INFO - Started process (PID=6221) to work on /home/airflow/.local/lib/python3.12/site-packages/airflow/example_dags/example_xcom.py
[2024-11-24T09:04:56.807+0000] {processor.py:914} INFO - Processing file /home/airflow/.local/lib/python3.12/site-packages/airflow/example_dags/example_xcom.py for tasks to queue
[2024-11-24T09:04:56.824+0000] {logging_mixin.py:190} INFO - [2024-11-24T09:04:56.822+0000] {dagbag.py:588} INFO - Filling up the DagBag from /home/airflow/.local/lib/python3.12/site-packages/airflow/example_dags/example_xcom.py
[2024-11-24T09:04:56.868+0000] {processor.py:925} INFO - DAG(s) 'example_xcom' retrieved from /home/airflow/.local/lib/python3.12/site-packages/airflow/example_dags/example_xcom.py
[2024-11-24T09:04:56.947+0000] {logging_mixin.py:190} INFO - [2024-11-24T09:04:56.947+0000] {dag.py:3239} INFO - Sync 1 DAGs
[2024-11-24T09:04:57.011+0000] {logging_mixin.py:190} INFO - [2024-11-24T09:04:57.010+0000] {dag.py:4180} INFO - Setting next_dagrun for example_xcom to 2021-01-01 00:00:00+00:00, run_after=2021-01-01 00:00:00+00:00
[2024-11-24T09:04:57.071+0000] {processor.py:208} INFO - Processing /home/airflow/.local/lib/python3.12/site-packages/airflow/example_dags/example_xcom.py took 0.289 seconds
[2024-11-24T09:05:29.020+0000] {processor.py:186} INFO - Started process (PID=6482) to work on /home/airflow/.local/lib/python3.12/site-packages/airflow/example_dags/example_xcom.py
[2024-11-24T09:05:29.023+0000] {processor.py:914} INFO - Processing file /home/airflow/.local/lib/python3.12/site-packages/airflow/example_dags/example_xcom.py for tasks to queue
[2024-11-24T09:05:29.035+0000] {logging_mixin.py:190} INFO - [2024-11-24T09:05:29.034+0000] {dagbag.py:588} INFO - Filling up the DagBag from /home/airflow/.local/lib/python3.12/site-packages/airflow/example_dags/example_xcom.py
[2024-11-24T09:05:29.069+0000] {processor.py:925} INFO - DAG(s) 'example_xcom' retrieved from /home/airflow/.local/lib/python3.12/site-packages/airflow/example_dags/example_xcom.py
[2024-11-24T09:05:29.147+0000] {logging_mixin.py:190} INFO - [2024-11-24T09:05:29.146+0000] {dag.py:3239} INFO - Sync 1 DAGs
[2024-11-24T09:05:29.247+0000] {logging_mixin.py:190} INFO - [2024-11-24T09:05:29.246+0000] {dag.py:4180} INFO - Setting next_dagrun for example_xcom to 2021-01-01 00:00:00+00:00, run_after=2021-01-01 00:00:00+00:00
[2024-11-24T09:05:29.392+0000] {processor.py:208} INFO - Processing /home/airflow/.local/lib/python3.12/site-packages/airflow/example_dags/example_xcom.py took 0.393 seconds
[2024-11-24T09:06:02.477+0000] {processor.py:186} INFO - Started process (PID=6773) to work on /home/airflow/.local/lib/python3.12/site-packages/airflow/example_dags/example_xcom.py
[2024-11-24T09:06:02.480+0000] {processor.py:914} INFO - Processing file /home/airflow/.local/lib/python3.12/site-packages/airflow/example_dags/example_xcom.py for tasks to queue
[2024-11-24T09:06:02.488+0000] {logging_mixin.py:190} INFO - [2024-11-24T09:06:02.487+0000] {dagbag.py:588} INFO - Filling up the DagBag from /home/airflow/.local/lib/python3.12/site-packages/airflow/example_dags/example_xcom.py
[2024-11-24T09:06:02.518+0000] {processor.py:925} INFO - DAG(s) 'example_xcom' retrieved from /home/airflow/.local/lib/python3.12/site-packages/airflow/example_dags/example_xcom.py
[2024-11-24T09:06:02.567+0000] {logging_mixin.py:190} INFO - [2024-11-24T09:06:02.567+0000] {dag.py:3239} INFO - Sync 1 DAGs
[2024-11-24T09:06:02.643+0000] {logging_mixin.py:190} INFO - [2024-11-24T09:06:02.642+0000] {dag.py:4180} INFO - Setting next_dagrun for example_xcom to 2021-01-01 00:00:00+00:00, run_after=2021-01-01 00:00:00+00:00
[2024-11-24T09:06:02.707+0000] {processor.py:208} INFO - Processing /home/airflow/.local/lib/python3.12/site-packages/airflow/example_dags/example_xcom.py took 0.247 seconds
