[2024-11-24T08:43:00.037+0000] {processor.py:186} INFO - Started process (PID=328) to work on /home/airflow/.local/lib/python3.12/site-packages/airflow/example_dags/example_dataset_alias_with_no_taskflow.py
[2024-11-24T08:43:00.045+0000] {processor.py:914} INFO - Processing file /home/airflow/.local/lib/python3.12/site-packages/airflow/example_dags/example_dataset_alias_with_no_taskflow.py for tasks to queue
[2024-11-24T08:43:00.050+0000] {logging_mixin.py:190} INFO - [2024-11-24T08:43:00.050+0000] {dagbag.py:588} INFO - Filling up the DagBag from /home/airflow/.local/lib/python3.12/site-packages/airflow/example_dags/example_dataset_alias_with_no_taskflow.py
[2024-11-24T08:43:00.906+0000] {processor.py:925} INFO - DAG(s) 'dataset_alias_example_alias_producer_with_no_taskflow', 'dataset_s3_bucket_producer_with_no_taskflow', 'dataset_s3_bucket_consumer_with_no_taskflow', 'dataset_alias_example_alias_consumer_with_no_taskflow' retrieved from /home/airflow/.local/lib/python3.12/site-packages/airflow/example_dags/example_dataset_alias_with_no_taskflow.py
[2024-11-24T08:43:01.052+0000] {logging_mixin.py:190} INFO - [2024-11-24T08:43:01.051+0000] {override.py:1911} INFO - Created Permission View: can read on DAG:dataset_alias_example_alias_producer_with_no_taskflow
[2024-11-24T08:43:01.072+0000] {logging_mixin.py:190} INFO - [2024-11-24T08:43:01.071+0000] {override.py:1911} INFO - Created Permission View: can edit on DAG:dataset_alias_example_alias_producer_with_no_taskflow
[2024-11-24T08:43:01.084+0000] {logging_mixin.py:190} INFO - [2024-11-24T08:43:01.084+0000] {override.py:1911} INFO - Created Permission View: can delete on DAG:dataset_alias_example_alias_producer_with_no_taskflow
[2024-11-24T08:43:01.100+0000] {logging_mixin.py:190} INFO - [2024-11-24T08:43:01.099+0000] {override.py:1911} INFO - Created Permission View: can read on DAG Run:dataset_alias_example_alias_producer_with_no_taskflow
[2024-11-24T08:43:01.113+0000] {logging_mixin.py:190} INFO - [2024-11-24T08:43:01.113+0000] {override.py:1911} INFO - Created Permission View: can delete on DAG Run:dataset_alias_example_alias_producer_with_no_taskflow
[2024-11-24T08:43:01.126+0000] {logging_mixin.py:190} INFO - [2024-11-24T08:43:01.126+0000] {override.py:1911} INFO - Created Permission View: can create on DAG Run:dataset_alias_example_alias_producer_with_no_taskflow
[2024-11-24T08:43:01.137+0000] {logging_mixin.py:190} INFO - [2024-11-24T08:43:01.136+0000] {override.py:1911} INFO - Created Permission View: menu access on DAG Run:dataset_alias_example_alias_producer_with_no_taskflow
[2024-11-24T08:43:01.160+0000] {logging_mixin.py:190} INFO - [2024-11-24T08:43:01.159+0000] {override.py:1911} INFO - Created Permission View: can read on DAG:dataset_s3_bucket_producer_with_no_taskflow
[2024-11-24T08:43:01.169+0000] {logging_mixin.py:190} INFO - [2024-11-24T08:43:01.169+0000] {override.py:1911} INFO - Created Permission View: can edit on DAG:dataset_s3_bucket_producer_with_no_taskflow
[2024-11-24T08:43:01.180+0000] {logging_mixin.py:190} INFO - [2024-11-24T08:43:01.179+0000] {override.py:1911} INFO - Created Permission View: can delete on DAG:dataset_s3_bucket_producer_with_no_taskflow
[2024-11-24T08:43:01.191+0000] {logging_mixin.py:190} INFO - [2024-11-24T08:43:01.190+0000] {override.py:1911} INFO - Created Permission View: can read on DAG Run:dataset_s3_bucket_producer_with_no_taskflow
[2024-11-24T08:43:01.199+0000] {logging_mixin.py:190} INFO - [2024-11-24T08:43:01.199+0000] {override.py:1911} INFO - Created Permission View: can delete on DAG Run:dataset_s3_bucket_producer_with_no_taskflow
[2024-11-24T08:43:01.208+0000] {logging_mixin.py:190} INFO - [2024-11-24T08:43:01.207+0000] {override.py:1911} INFO - Created Permission View: can create on DAG Run:dataset_s3_bucket_producer_with_no_taskflow
[2024-11-24T08:43:01.218+0000] {logging_mixin.py:190} INFO - [2024-11-24T08:43:01.217+0000] {override.py:1911} INFO - Created Permission View: menu access on DAG Run:dataset_s3_bucket_producer_with_no_taskflow
[2024-11-24T08:43:01.234+0000] {logging_mixin.py:190} INFO - [2024-11-24T08:43:01.234+0000] {override.py:1911} INFO - Created Permission View: can read on DAG:dataset_s3_bucket_consumer_with_no_taskflow
[2024-11-24T08:43:01.243+0000] {logging_mixin.py:190} INFO - [2024-11-24T08:43:01.243+0000] {override.py:1911} INFO - Created Permission View: can edit on DAG:dataset_s3_bucket_consumer_with_no_taskflow
[2024-11-24T08:43:01.255+0000] {logging_mixin.py:190} INFO - [2024-11-24T08:43:01.254+0000] {override.py:1911} INFO - Created Permission View: can delete on DAG:dataset_s3_bucket_consumer_with_no_taskflow
[2024-11-24T08:43:01.268+0000] {logging_mixin.py:190} INFO - [2024-11-24T08:43:01.267+0000] {override.py:1911} INFO - Created Permission View: can read on DAG Run:dataset_s3_bucket_consumer_with_no_taskflow
[2024-11-24T08:43:01.280+0000] {logging_mixin.py:190} INFO - [2024-11-24T08:43:01.279+0000] {override.py:1911} INFO - Created Permission View: can delete on DAG Run:dataset_s3_bucket_consumer_with_no_taskflow
[2024-11-24T08:43:01.289+0000] {logging_mixin.py:190} INFO - [2024-11-24T08:43:01.289+0000] {override.py:1911} INFO - Created Permission View: can create on DAG Run:dataset_s3_bucket_consumer_with_no_taskflow
[2024-11-24T08:43:01.301+0000] {logging_mixin.py:190} INFO - [2024-11-24T08:43:01.301+0000] {override.py:1911} INFO - Created Permission View: menu access on DAG Run:dataset_s3_bucket_consumer_with_no_taskflow
[2024-11-24T08:43:01.325+0000] {logging_mixin.py:190} INFO - [2024-11-24T08:43:01.325+0000] {override.py:1911} INFO - Created Permission View: can read on DAG:dataset_alias_example_alias_consumer_with_no_taskflow
[2024-11-24T08:43:01.337+0000] {logging_mixin.py:190} INFO - [2024-11-24T08:43:01.336+0000] {override.py:1911} INFO - Created Permission View: can edit on DAG:dataset_alias_example_alias_consumer_with_no_taskflow
[2024-11-24T08:43:01.349+0000] {logging_mixin.py:190} INFO - [2024-11-24T08:43:01.349+0000] {override.py:1911} INFO - Created Permission View: can delete on DAG:dataset_alias_example_alias_consumer_with_no_taskflow
[2024-11-24T08:43:01.363+0000] {logging_mixin.py:190} INFO - [2024-11-24T08:43:01.362+0000] {override.py:1911} INFO - Created Permission View: can read on DAG Run:dataset_alias_example_alias_consumer_with_no_taskflow
[2024-11-24T08:43:01.376+0000] {logging_mixin.py:190} INFO - [2024-11-24T08:43:01.376+0000] {override.py:1911} INFO - Created Permission View: can delete on DAG Run:dataset_alias_example_alias_consumer_with_no_taskflow
[2024-11-24T08:43:01.389+0000] {logging_mixin.py:190} INFO - [2024-11-24T08:43:01.388+0000] {override.py:1911} INFO - Created Permission View: can create on DAG Run:dataset_alias_example_alias_consumer_with_no_taskflow
[2024-11-24T08:43:01.400+0000] {logging_mixin.py:190} INFO - [2024-11-24T08:43:01.399+0000] {override.py:1911} INFO - Created Permission View: menu access on DAG Run:dataset_alias_example_alias_consumer_with_no_taskflow
[2024-11-24T08:43:01.401+0000] {logging_mixin.py:190} INFO - [2024-11-24T08:43:01.401+0000] {dag.py:3239} INFO - Sync 4 DAGs
[2024-11-24T08:43:01.422+0000] {logging_mixin.py:190} INFO - [2024-11-24T08:43:01.422+0000] {dag.py:3262} INFO - Creating ORM DAG for dataset_alias_example_alias_consumer_with_no_taskflow
[2024-11-24T08:43:01.424+0000] {logging_mixin.py:190} INFO - [2024-11-24T08:43:01.424+0000] {dag.py:3262} INFO - Creating ORM DAG for dataset_s3_bucket_producer_with_no_taskflow
[2024-11-24T08:43:01.425+0000] {logging_mixin.py:190} INFO - [2024-11-24T08:43:01.425+0000] {dag.py:3262} INFO - Creating ORM DAG for dataset_s3_bucket_consumer_with_no_taskflow
[2024-11-24T08:43:01.426+0000] {logging_mixin.py:190} INFO - [2024-11-24T08:43:01.426+0000] {dag.py:3262} INFO - Creating ORM DAG for dataset_alias_example_alias_producer_with_no_taskflow
[2024-11-24T08:43:01.439+0000] {logging_mixin.py:190} INFO - [2024-11-24T08:43:01.438+0000] {dag.py:4180} INFO - Setting next_dagrun for dataset_alias_example_alias_consumer_with_no_taskflow to None, run_after=None
[2024-11-24T08:43:01.440+0000] {logging_mixin.py:190} INFO - [2024-11-24T08:43:01.440+0000] {dag.py:4180} INFO - Setting next_dagrun for dataset_alias_example_alias_producer_with_no_taskflow to None, run_after=None
[2024-11-24T08:43:01.441+0000] {logging_mixin.py:190} INFO - [2024-11-24T08:43:01.441+0000] {dag.py:4180} INFO - Setting next_dagrun for dataset_s3_bucket_consumer_with_no_taskflow to None, run_after=None
[2024-11-24T08:43:01.443+0000] {logging_mixin.py:190} INFO - [2024-11-24T08:43:01.442+0000] {dag.py:4180} INFO - Setting next_dagrun for dataset_s3_bucket_producer_with_no_taskflow to None, run_after=None
[2024-11-24T08:43:01.488+0000] {processor.py:208} INFO - Processing /home/airflow/.local/lib/python3.12/site-packages/airflow/example_dags/example_dataset_alias_with_no_taskflow.py took 1.478 seconds
[2024-11-24T08:43:31.917+0000] {processor.py:186} INFO - Started process (PID=626) to work on /home/airflow/.local/lib/python3.12/site-packages/airflow/example_dags/example_dataset_alias_with_no_taskflow.py
[2024-11-24T08:43:31.919+0000] {processor.py:914} INFO - Processing file /home/airflow/.local/lib/python3.12/site-packages/airflow/example_dags/example_dataset_alias_with_no_taskflow.py for tasks to queue
[2024-11-24T08:43:31.923+0000] {logging_mixin.py:190} INFO - [2024-11-24T08:43:31.922+0000] {dagbag.py:588} INFO - Filling up the DagBag from /home/airflow/.local/lib/python3.12/site-packages/airflow/example_dags/example_dataset_alias_with_no_taskflow.py
[2024-11-24T08:43:32.867+0000] {processor.py:925} INFO - DAG(s) 'dataset_alias_example_alias_producer_with_no_taskflow', 'dataset_alias_example_alias_consumer_with_no_taskflow', 'dataset_s3_bucket_producer_with_no_taskflow', 'dataset_s3_bucket_consumer_with_no_taskflow' retrieved from /home/airflow/.local/lib/python3.12/site-packages/airflow/example_dags/example_dataset_alias_with_no_taskflow.py
[2024-11-24T08:43:32.910+0000] {logging_mixin.py:190} INFO - [2024-11-24T08:43:32.909+0000] {dag.py:3239} INFO - Sync 4 DAGs
[2024-11-24T08:43:32.960+0000] {logging_mixin.py:190} INFO - [2024-11-24T08:43:32.959+0000] {dag.py:4180} INFO - Setting next_dagrun for dataset_alias_example_alias_consumer_with_no_taskflow to None, run_after=None
[2024-11-24T08:43:32.964+0000] {logging_mixin.py:190} INFO - [2024-11-24T08:43:32.964+0000] {dag.py:4180} INFO - Setting next_dagrun for dataset_alias_example_alias_producer_with_no_taskflow to None, run_after=None
[2024-11-24T08:43:32.967+0000] {logging_mixin.py:190} INFO - [2024-11-24T08:43:32.967+0000] {dag.py:4180} INFO - Setting next_dagrun for dataset_s3_bucket_consumer_with_no_taskflow to None, run_after=None
[2024-11-24T08:43:32.970+0000] {logging_mixin.py:190} INFO - [2024-11-24T08:43:32.970+0000] {dag.py:4180} INFO - Setting next_dagrun for dataset_s3_bucket_producer_with_no_taskflow to None, run_after=None
[2024-11-24T08:43:33.003+0000] {processor.py:208} INFO - Processing /home/airflow/.local/lib/python3.12/site-packages/airflow/example_dags/example_dataset_alias_with_no_taskflow.py took 1.093 seconds
[2024-11-24T08:44:03.463+0000] {processor.py:186} INFO - Started process (PID=927) to work on /home/airflow/.local/lib/python3.12/site-packages/airflow/example_dags/example_dataset_alias_with_no_taskflow.py
[2024-11-24T08:44:03.466+0000] {processor.py:914} INFO - Processing file /home/airflow/.local/lib/python3.12/site-packages/airflow/example_dags/example_dataset_alias_with_no_taskflow.py for tasks to queue
[2024-11-24T08:44:03.469+0000] {logging_mixin.py:190} INFO - [2024-11-24T08:44:03.469+0000] {dagbag.py:588} INFO - Filling up the DagBag from /home/airflow/.local/lib/python3.12/site-packages/airflow/example_dags/example_dataset_alias_with_no_taskflow.py
[2024-11-24T08:44:04.077+0000] {processor.py:925} INFO - DAG(s) 'dataset_s3_bucket_consumer_with_no_taskflow', 'dataset_s3_bucket_producer_with_no_taskflow', 'dataset_alias_example_alias_producer_with_no_taskflow', 'dataset_alias_example_alias_consumer_with_no_taskflow' retrieved from /home/airflow/.local/lib/python3.12/site-packages/airflow/example_dags/example_dataset_alias_with_no_taskflow.py
[2024-11-24T08:44:04.099+0000] {logging_mixin.py:190} INFO - [2024-11-24T08:44:04.098+0000] {dag.py:3239} INFO - Sync 4 DAGs
[2024-11-24T08:44:04.124+0000] {logging_mixin.py:190} INFO - [2024-11-24T08:44:04.124+0000] {dag.py:4180} INFO - Setting next_dagrun for dataset_alias_example_alias_consumer_with_no_taskflow to None, run_after=None
[2024-11-24T08:44:04.127+0000] {logging_mixin.py:190} INFO - [2024-11-24T08:44:04.127+0000] {dag.py:4180} INFO - Setting next_dagrun for dataset_alias_example_alias_producer_with_no_taskflow to None, run_after=None
[2024-11-24T08:44:04.130+0000] {logging_mixin.py:190} INFO - [2024-11-24T08:44:04.130+0000] {dag.py:4180} INFO - Setting next_dagrun for dataset_s3_bucket_consumer_with_no_taskflow to None, run_after=None
[2024-11-24T08:44:04.132+0000] {logging_mixin.py:190} INFO - [2024-11-24T08:44:04.132+0000] {dag.py:4180} INFO - Setting next_dagrun for dataset_s3_bucket_producer_with_no_taskflow to None, run_after=None
[2024-11-24T08:44:04.162+0000] {processor.py:208} INFO - Processing /home/airflow/.local/lib/python3.12/site-packages/airflow/example_dags/example_dataset_alias_with_no_taskflow.py took 0.708 seconds
[2024-11-24T08:44:34.234+0000] {processor.py:186} INFO - Started process (PID=1233) to work on /home/airflow/.local/lib/python3.12/site-packages/airflow/example_dags/example_dataset_alias_with_no_taskflow.py
[2024-11-24T08:44:34.239+0000] {processor.py:914} INFO - Processing file /home/airflow/.local/lib/python3.12/site-packages/airflow/example_dags/example_dataset_alias_with_no_taskflow.py for tasks to queue
[2024-11-24T08:44:34.243+0000] {logging_mixin.py:190} INFO - [2024-11-24T08:44:34.242+0000] {dagbag.py:588} INFO - Filling up the DagBag from /home/airflow/.local/lib/python3.12/site-packages/airflow/example_dags/example_dataset_alias_with_no_taskflow.py
[2024-11-24T08:44:34.858+0000] {processor.py:925} INFO - DAG(s) 'dataset_alias_example_alias_producer_with_no_taskflow', 'dataset_s3_bucket_consumer_with_no_taskflow', 'dataset_s3_bucket_producer_with_no_taskflow', 'dataset_alias_example_alias_consumer_with_no_taskflow' retrieved from /home/airflow/.local/lib/python3.12/site-packages/airflow/example_dags/example_dataset_alias_with_no_taskflow.py
[2024-11-24T08:44:34.876+0000] {logging_mixin.py:190} INFO - [2024-11-24T08:44:34.876+0000] {dag.py:3239} INFO - Sync 4 DAGs
[2024-11-24T08:44:34.896+0000] {logging_mixin.py:190} INFO - [2024-11-24T08:44:34.895+0000] {dag.py:4180} INFO - Setting next_dagrun for dataset_alias_example_alias_consumer_with_no_taskflow to None, run_after=None
[2024-11-24T08:44:34.898+0000] {logging_mixin.py:190} INFO - [2024-11-24T08:44:34.898+0000] {dag.py:4180} INFO - Setting next_dagrun for dataset_alias_example_alias_producer_with_no_taskflow to None, run_after=None
[2024-11-24T08:44:34.900+0000] {logging_mixin.py:190} INFO - [2024-11-24T08:44:34.900+0000] {dag.py:4180} INFO - Setting next_dagrun for dataset_s3_bucket_consumer_with_no_taskflow to None, run_after=None
[2024-11-24T08:44:34.901+0000] {logging_mixin.py:190} INFO - [2024-11-24T08:44:34.901+0000] {dag.py:4180} INFO - Setting next_dagrun for dataset_s3_bucket_producer_with_no_taskflow to None, run_after=None
[2024-11-24T08:44:34.920+0000] {processor.py:208} INFO - Processing /home/airflow/.local/lib/python3.12/site-packages/airflow/example_dags/example_dataset_alias_with_no_taskflow.py took 0.692 seconds
[2024-11-24T08:45:05.842+0000] {processor.py:186} INFO - Started process (PID=1544) to work on /home/airflow/.local/lib/python3.12/site-packages/airflow/example_dags/example_dataset_alias_with_no_taskflow.py
[2024-11-24T08:45:05.843+0000] {processor.py:914} INFO - Processing file /home/airflow/.local/lib/python3.12/site-packages/airflow/example_dags/example_dataset_alias_with_no_taskflow.py for tasks to queue
[2024-11-24T08:45:05.846+0000] {logging_mixin.py:190} INFO - [2024-11-24T08:45:05.846+0000] {dagbag.py:588} INFO - Filling up the DagBag from /home/airflow/.local/lib/python3.12/site-packages/airflow/example_dags/example_dataset_alias_with_no_taskflow.py
[2024-11-24T08:45:06.395+0000] {processor.py:925} INFO - DAG(s) 'dataset_alias_example_alias_producer_with_no_taskflow', 'dataset_s3_bucket_consumer_with_no_taskflow', 'dataset_alias_example_alias_consumer_with_no_taskflow', 'dataset_s3_bucket_producer_with_no_taskflow' retrieved from /home/airflow/.local/lib/python3.12/site-packages/airflow/example_dags/example_dataset_alias_with_no_taskflow.py
[2024-11-24T08:45:06.420+0000] {logging_mixin.py:190} INFO - [2024-11-24T08:45:06.419+0000] {dag.py:3239} INFO - Sync 4 DAGs
[2024-11-24T08:45:06.443+0000] {logging_mixin.py:190} INFO - [2024-11-24T08:45:06.443+0000] {dag.py:4180} INFO - Setting next_dagrun for dataset_alias_example_alias_consumer_with_no_taskflow to None, run_after=None
[2024-11-24T08:45:06.448+0000] {logging_mixin.py:190} INFO - [2024-11-24T08:45:06.448+0000] {dag.py:4180} INFO - Setting next_dagrun for dataset_alias_example_alias_producer_with_no_taskflow to None, run_after=None
[2024-11-24T08:45:06.450+0000] {logging_mixin.py:190} INFO - [2024-11-24T08:45:06.450+0000] {dag.py:4180} INFO - Setting next_dagrun for dataset_s3_bucket_consumer_with_no_taskflow to None, run_after=None
[2024-11-24T08:45:06.453+0000] {logging_mixin.py:190} INFO - [2024-11-24T08:45:06.452+0000] {dag.py:4180} INFO - Setting next_dagrun for dataset_s3_bucket_producer_with_no_taskflow to None, run_after=None
[2024-11-24T08:45:06.485+0000] {processor.py:208} INFO - Processing /home/airflow/.local/lib/python3.12/site-packages/airflow/example_dags/example_dataset_alias_with_no_taskflow.py took 0.648 seconds
[2024-11-24T08:45:36.760+0000] {processor.py:186} INFO - Started process (PID=1833) to work on /home/airflow/.local/lib/python3.12/site-packages/airflow/example_dags/example_dataset_alias_with_no_taskflow.py
[2024-11-24T08:45:36.762+0000] {processor.py:914} INFO - Processing file /home/airflow/.local/lib/python3.12/site-packages/airflow/example_dags/example_dataset_alias_with_no_taskflow.py for tasks to queue
[2024-11-24T08:45:36.765+0000] {logging_mixin.py:190} INFO - [2024-11-24T08:45:36.764+0000] {dagbag.py:588} INFO - Filling up the DagBag from /home/airflow/.local/lib/python3.12/site-packages/airflow/example_dags/example_dataset_alias_with_no_taskflow.py
[2024-11-24T08:45:37.572+0000] {processor.py:925} INFO - DAG(s) 'dataset_alias_example_alias_consumer_with_no_taskflow', 'dataset_alias_example_alias_producer_with_no_taskflow', 'dataset_s3_bucket_consumer_with_no_taskflow', 'dataset_s3_bucket_producer_with_no_taskflow' retrieved from /home/airflow/.local/lib/python3.12/site-packages/airflow/example_dags/example_dataset_alias_with_no_taskflow.py
[2024-11-24T08:45:37.604+0000] {logging_mixin.py:190} INFO - [2024-11-24T08:45:37.603+0000] {dag.py:3239} INFO - Sync 4 DAGs
[2024-11-24T08:45:37.629+0000] {logging_mixin.py:190} INFO - [2024-11-24T08:45:37.628+0000] {dag.py:4180} INFO - Setting next_dagrun for dataset_alias_example_alias_consumer_with_no_taskflow to None, run_after=None
[2024-11-24T08:45:37.632+0000] {logging_mixin.py:190} INFO - [2024-11-24T08:45:37.631+0000] {dag.py:4180} INFO - Setting next_dagrun for dataset_alias_example_alias_producer_with_no_taskflow to None, run_after=None
[2024-11-24T08:45:37.634+0000] {logging_mixin.py:190} INFO - [2024-11-24T08:45:37.633+0000] {dag.py:4180} INFO - Setting next_dagrun for dataset_s3_bucket_consumer_with_no_taskflow to None, run_after=None
[2024-11-24T08:45:37.636+0000] {logging_mixin.py:190} INFO - [2024-11-24T08:45:37.636+0000] {dag.py:4180} INFO - Setting next_dagrun for dataset_s3_bucket_producer_with_no_taskflow to None, run_after=None
[2024-11-24T08:45:37.665+0000] {processor.py:208} INFO - Processing /home/airflow/.local/lib/python3.12/site-packages/airflow/example_dags/example_dataset_alias_with_no_taskflow.py took 0.916 seconds
[2024-11-24T08:46:07.785+0000] {processor.py:186} INFO - Started process (PID=2141) to work on /home/airflow/.local/lib/python3.12/site-packages/airflow/example_dags/example_dataset_alias_with_no_taskflow.py
[2024-11-24T08:46:07.786+0000] {processor.py:914} INFO - Processing file /home/airflow/.local/lib/python3.12/site-packages/airflow/example_dags/example_dataset_alias_with_no_taskflow.py for tasks to queue
[2024-11-24T08:46:07.789+0000] {logging_mixin.py:190} INFO - [2024-11-24T08:46:07.788+0000] {dagbag.py:588} INFO - Filling up the DagBag from /home/airflow/.local/lib/python3.12/site-packages/airflow/example_dags/example_dataset_alias_with_no_taskflow.py
[2024-11-24T08:46:08.492+0000] {processor.py:925} INFO - DAG(s) 'dataset_s3_bucket_consumer_with_no_taskflow', 'dataset_alias_example_alias_producer_with_no_taskflow', 'dataset_s3_bucket_producer_with_no_taskflow', 'dataset_alias_example_alias_consumer_with_no_taskflow' retrieved from /home/airflow/.local/lib/python3.12/site-packages/airflow/example_dags/example_dataset_alias_with_no_taskflow.py
[2024-11-24T08:46:08.526+0000] {logging_mixin.py:190} INFO - [2024-11-24T08:46:08.525+0000] {dag.py:3239} INFO - Sync 4 DAGs
[2024-11-24T08:46:08.554+0000] {logging_mixin.py:190} INFO - [2024-11-24T08:46:08.553+0000] {dag.py:4180} INFO - Setting next_dagrun for dataset_alias_example_alias_consumer_with_no_taskflow to None, run_after=None
[2024-11-24T08:46:08.557+0000] {logging_mixin.py:190} INFO - [2024-11-24T08:46:08.557+0000] {dag.py:4180} INFO - Setting next_dagrun for dataset_alias_example_alias_producer_with_no_taskflow to None, run_after=None
[2024-11-24T08:46:08.559+0000] {logging_mixin.py:190} INFO - [2024-11-24T08:46:08.559+0000] {dag.py:4180} INFO - Setting next_dagrun for dataset_s3_bucket_consumer_with_no_taskflow to None, run_after=None
[2024-11-24T08:46:08.561+0000] {logging_mixin.py:190} INFO - [2024-11-24T08:46:08.561+0000] {dag.py:4180} INFO - Setting next_dagrun for dataset_s3_bucket_producer_with_no_taskflow to None, run_after=None
[2024-11-24T08:46:08.590+0000] {processor.py:208} INFO - Processing /home/airflow/.local/lib/python3.12/site-packages/airflow/example_dags/example_dataset_alias_with_no_taskflow.py took 0.810 seconds
[2024-11-24T08:46:38.932+0000] {processor.py:186} INFO - Started process (PID=2395) to work on /home/airflow/.local/lib/python3.12/site-packages/airflow/example_dags/example_dataset_alias_with_no_taskflow.py
[2024-11-24T08:46:38.934+0000] {processor.py:914} INFO - Processing file /home/airflow/.local/lib/python3.12/site-packages/airflow/example_dags/example_dataset_alias_with_no_taskflow.py for tasks to queue
[2024-11-24T08:46:38.937+0000] {logging_mixin.py:190} INFO - [2024-11-24T08:46:38.937+0000] {dagbag.py:588} INFO - Filling up the DagBag from /home/airflow/.local/lib/python3.12/site-packages/airflow/example_dags/example_dataset_alias_with_no_taskflow.py
[2024-11-24T08:46:39.817+0000] {processor.py:925} INFO - DAG(s) 'dataset_s3_bucket_producer_with_no_taskflow', 'dataset_alias_example_alias_consumer_with_no_taskflow', 'dataset_alias_example_alias_producer_with_no_taskflow', 'dataset_s3_bucket_consumer_with_no_taskflow' retrieved from /home/airflow/.local/lib/python3.12/site-packages/airflow/example_dags/example_dataset_alias_with_no_taskflow.py
[2024-11-24T08:46:39.856+0000] {logging_mixin.py:190} INFO - [2024-11-24T08:46:39.849+0000] {dag.py:3239} INFO - Sync 4 DAGs
[2024-11-24T08:46:39.905+0000] {logging_mixin.py:190} INFO - [2024-11-24T08:46:39.905+0000] {dag.py:4180} INFO - Setting next_dagrun for dataset_alias_example_alias_consumer_with_no_taskflow to None, run_after=None
[2024-11-24T08:46:39.911+0000] {logging_mixin.py:190} INFO - [2024-11-24T08:46:39.910+0000] {dag.py:4180} INFO - Setting next_dagrun for dataset_alias_example_alias_producer_with_no_taskflow to None, run_after=None
[2024-11-24T08:46:39.916+0000] {logging_mixin.py:190} INFO - [2024-11-24T08:46:39.916+0000] {dag.py:4180} INFO - Setting next_dagrun for dataset_s3_bucket_consumer_with_no_taskflow to None, run_after=None
[2024-11-24T08:46:39.919+0000] {logging_mixin.py:190} INFO - [2024-11-24T08:46:39.918+0000] {dag.py:4180} INFO - Setting next_dagrun for dataset_s3_bucket_producer_with_no_taskflow to None, run_after=None
[2024-11-24T08:46:39.960+0000] {processor.py:208} INFO - Processing /home/airflow/.local/lib/python3.12/site-packages/airflow/example_dags/example_dataset_alias_with_no_taskflow.py took 1.038 seconds
[2024-11-24T08:47:10.110+0000] {processor.py:186} INFO - Started process (PID=2663) to work on /home/airflow/.local/lib/python3.12/site-packages/airflow/example_dags/example_dataset_alias_with_no_taskflow.py
[2024-11-24T08:47:10.112+0000] {processor.py:914} INFO - Processing file /home/airflow/.local/lib/python3.12/site-packages/airflow/example_dags/example_dataset_alias_with_no_taskflow.py for tasks to queue
[2024-11-24T08:47:10.117+0000] {logging_mixin.py:190} INFO - [2024-11-24T08:47:10.116+0000] {dagbag.py:588} INFO - Filling up the DagBag from /home/airflow/.local/lib/python3.12/site-packages/airflow/example_dags/example_dataset_alias_with_no_taskflow.py
[2024-11-24T08:47:10.925+0000] {processor.py:925} INFO - DAG(s) 'dataset_alias_example_alias_producer_with_no_taskflow', 'dataset_s3_bucket_producer_with_no_taskflow', 'dataset_s3_bucket_consumer_with_no_taskflow', 'dataset_alias_example_alias_consumer_with_no_taskflow' retrieved from /home/airflow/.local/lib/python3.12/site-packages/airflow/example_dags/example_dataset_alias_with_no_taskflow.py
[2024-11-24T08:47:10.961+0000] {logging_mixin.py:190} INFO - [2024-11-24T08:47:10.960+0000] {dag.py:3239} INFO - Sync 4 DAGs
[2024-11-24T08:47:10.996+0000] {logging_mixin.py:190} INFO - [2024-11-24T08:47:10.996+0000] {dag.py:4180} INFO - Setting next_dagrun for dataset_alias_example_alias_consumer_with_no_taskflow to None, run_after=None
[2024-11-24T08:47:11.000+0000] {logging_mixin.py:190} INFO - [2024-11-24T08:47:11.000+0000] {dag.py:4180} INFO - Setting next_dagrun for dataset_alias_example_alias_producer_with_no_taskflow to None, run_after=None
[2024-11-24T08:47:11.003+0000] {logging_mixin.py:190} INFO - [2024-11-24T08:47:11.003+0000] {dag.py:4180} INFO - Setting next_dagrun for dataset_s3_bucket_consumer_with_no_taskflow to None, run_after=None
[2024-11-24T08:47:11.007+0000] {logging_mixin.py:190} INFO - [2024-11-24T08:47:11.007+0000] {dag.py:4180} INFO - Setting next_dagrun for dataset_s3_bucket_producer_with_no_taskflow to None, run_after=None
[2024-11-24T08:47:11.042+0000] {processor.py:208} INFO - Processing /home/airflow/.local/lib/python3.12/site-packages/airflow/example_dags/example_dataset_alias_with_no_taskflow.py took 0.941 seconds
[2024-11-24T08:47:42.017+0000] {processor.py:186} INFO - Started process (PID=2954) to work on /home/airflow/.local/lib/python3.12/site-packages/airflow/example_dags/example_dataset_alias_with_no_taskflow.py
[2024-11-24T08:47:42.019+0000] {processor.py:914} INFO - Processing file /home/airflow/.local/lib/python3.12/site-packages/airflow/example_dags/example_dataset_alias_with_no_taskflow.py for tasks to queue
[2024-11-24T08:47:42.022+0000] {logging_mixin.py:190} INFO - [2024-11-24T08:47:42.022+0000] {dagbag.py:588} INFO - Filling up the DagBag from /home/airflow/.local/lib/python3.12/site-packages/airflow/example_dags/example_dataset_alias_with_no_taskflow.py
[2024-11-24T08:47:42.946+0000] {processor.py:925} INFO - DAG(s) 'dataset_alias_example_alias_consumer_with_no_taskflow', 'dataset_alias_example_alias_producer_with_no_taskflow', 'dataset_s3_bucket_producer_with_no_taskflow', 'dataset_s3_bucket_consumer_with_no_taskflow' retrieved from /home/airflow/.local/lib/python3.12/site-packages/airflow/example_dags/example_dataset_alias_with_no_taskflow.py
[2024-11-24T08:47:42.995+0000] {logging_mixin.py:190} INFO - [2024-11-24T08:47:42.994+0000] {dag.py:3239} INFO - Sync 4 DAGs
[2024-11-24T08:47:43.035+0000] {logging_mixin.py:190} INFO - [2024-11-24T08:47:43.034+0000] {dag.py:4180} INFO - Setting next_dagrun for dataset_alias_example_alias_consumer_with_no_taskflow to None, run_after=None
[2024-11-24T08:47:43.039+0000] {logging_mixin.py:190} INFO - [2024-11-24T08:47:43.039+0000] {dag.py:4180} INFO - Setting next_dagrun for dataset_alias_example_alias_producer_with_no_taskflow to None, run_after=None
[2024-11-24T08:47:43.042+0000] {logging_mixin.py:190} INFO - [2024-11-24T08:47:43.042+0000] {dag.py:4180} INFO - Setting next_dagrun for dataset_s3_bucket_consumer_with_no_taskflow to None, run_after=None
[2024-11-24T08:47:43.045+0000] {logging_mixin.py:190} INFO - [2024-11-24T08:47:43.044+0000] {dag.py:4180} INFO - Setting next_dagrun for dataset_s3_bucket_producer_with_no_taskflow to None, run_after=None
[2024-11-24T08:47:43.075+0000] {processor.py:208} INFO - Processing /home/airflow/.local/lib/python3.12/site-packages/airflow/example_dags/example_dataset_alias_with_no_taskflow.py took 1.068 seconds
[2024-11-24T08:48:13.418+0000] {processor.py:186} INFO - Started process (PID=3258) to work on /home/airflow/.local/lib/python3.12/site-packages/airflow/example_dags/example_dataset_alias_with_no_taskflow.py
[2024-11-24T08:48:13.419+0000] {processor.py:914} INFO - Processing file /home/airflow/.local/lib/python3.12/site-packages/airflow/example_dags/example_dataset_alias_with_no_taskflow.py for tasks to queue
[2024-11-24T08:48:13.423+0000] {logging_mixin.py:190} INFO - [2024-11-24T08:48:13.422+0000] {dagbag.py:588} INFO - Filling up the DagBag from /home/airflow/.local/lib/python3.12/site-packages/airflow/example_dags/example_dataset_alias_with_no_taskflow.py
[2024-11-24T08:48:14.388+0000] {processor.py:925} INFO - DAG(s) 'dataset_s3_bucket_consumer_with_no_taskflow', 'dataset_alias_example_alias_producer_with_no_taskflow', 'dataset_s3_bucket_producer_with_no_taskflow', 'dataset_alias_example_alias_consumer_with_no_taskflow' retrieved from /home/airflow/.local/lib/python3.12/site-packages/airflow/example_dags/example_dataset_alias_with_no_taskflow.py
[2024-11-24T08:48:14.425+0000] {logging_mixin.py:190} INFO - [2024-11-24T08:48:14.424+0000] {dag.py:3239} INFO - Sync 4 DAGs
[2024-11-24T08:48:14.461+0000] {logging_mixin.py:190} INFO - [2024-11-24T08:48:14.461+0000] {dag.py:4180} INFO - Setting next_dagrun for dataset_alias_example_alias_consumer_with_no_taskflow to None, run_after=None
[2024-11-24T08:48:14.466+0000] {logging_mixin.py:190} INFO - [2024-11-24T08:48:14.465+0000] {dag.py:4180} INFO - Setting next_dagrun for dataset_alias_example_alias_producer_with_no_taskflow to None, run_after=None
[2024-11-24T08:48:14.471+0000] {logging_mixin.py:190} INFO - [2024-11-24T08:48:14.471+0000] {dag.py:4180} INFO - Setting next_dagrun for dataset_s3_bucket_consumer_with_no_taskflow to None, run_after=None
[2024-11-24T08:48:14.474+0000] {logging_mixin.py:190} INFO - [2024-11-24T08:48:14.473+0000] {dag.py:4180} INFO - Setting next_dagrun for dataset_s3_bucket_producer_with_no_taskflow to None, run_after=None
[2024-11-24T08:48:14.510+0000] {processor.py:208} INFO - Processing /home/airflow/.local/lib/python3.12/site-packages/airflow/example_dags/example_dataset_alias_with_no_taskflow.py took 1.108 seconds
[2024-11-24T08:48:44.785+0000] {processor.py:186} INFO - Started process (PID=3529) to work on /home/airflow/.local/lib/python3.12/site-packages/airflow/example_dags/example_dataset_alias_with_no_taskflow.py
[2024-11-24T08:48:44.787+0000] {processor.py:914} INFO - Processing file /home/airflow/.local/lib/python3.12/site-packages/airflow/example_dags/example_dataset_alias_with_no_taskflow.py for tasks to queue
[2024-11-24T08:48:44.791+0000] {logging_mixin.py:190} INFO - [2024-11-24T08:48:44.790+0000] {dagbag.py:588} INFO - Filling up the DagBag from /home/airflow/.local/lib/python3.12/site-packages/airflow/example_dags/example_dataset_alias_with_no_taskflow.py
[2024-11-24T08:48:45.725+0000] {processor.py:925} INFO - DAG(s) 'dataset_alias_example_alias_consumer_with_no_taskflow', 'dataset_s3_bucket_consumer_with_no_taskflow', 'dataset_s3_bucket_producer_with_no_taskflow', 'dataset_alias_example_alias_producer_with_no_taskflow' retrieved from /home/airflow/.local/lib/python3.12/site-packages/airflow/example_dags/example_dataset_alias_with_no_taskflow.py
[2024-11-24T08:48:45.765+0000] {logging_mixin.py:190} INFO - [2024-11-24T08:48:45.765+0000] {dag.py:3239} INFO - Sync 4 DAGs
[2024-11-24T08:48:45.799+0000] {logging_mixin.py:190} INFO - [2024-11-24T08:48:45.799+0000] {dag.py:4180} INFO - Setting next_dagrun for dataset_alias_example_alias_consumer_with_no_taskflow to None, run_after=None
[2024-11-24T08:48:45.804+0000] {logging_mixin.py:190} INFO - [2024-11-24T08:48:45.803+0000] {dag.py:4180} INFO - Setting next_dagrun for dataset_alias_example_alias_producer_with_no_taskflow to None, run_after=None
[2024-11-24T08:48:45.806+0000] {logging_mixin.py:190} INFO - [2024-11-24T08:48:45.806+0000] {dag.py:4180} INFO - Setting next_dagrun for dataset_s3_bucket_consumer_with_no_taskflow to None, run_after=None
[2024-11-24T08:48:45.809+0000] {logging_mixin.py:190} INFO - [2024-11-24T08:48:45.808+0000] {dag.py:4180} INFO - Setting next_dagrun for dataset_s3_bucket_producer_with_no_taskflow to None, run_after=None
[2024-11-24T08:48:45.841+0000] {processor.py:208} INFO - Processing /home/airflow/.local/lib/python3.12/site-packages/airflow/example_dags/example_dataset_alias_with_no_taskflow.py took 1.066 seconds
[2024-11-24T08:49:16.353+0000] {processor.py:186} INFO - Started process (PID=3830) to work on /home/airflow/.local/lib/python3.12/site-packages/airflow/example_dags/example_dataset_alias_with_no_taskflow.py
[2024-11-24T08:49:16.355+0000] {processor.py:914} INFO - Processing file /home/airflow/.local/lib/python3.12/site-packages/airflow/example_dags/example_dataset_alias_with_no_taskflow.py for tasks to queue
[2024-11-24T08:49:16.360+0000] {logging_mixin.py:190} INFO - [2024-11-24T08:49:16.359+0000] {dagbag.py:588} INFO - Filling up the DagBag from /home/airflow/.local/lib/python3.12/site-packages/airflow/example_dags/example_dataset_alias_with_no_taskflow.py
[2024-11-24T08:49:17.335+0000] {processor.py:925} INFO - DAG(s) 'dataset_s3_bucket_producer_with_no_taskflow', 'dataset_alias_example_alias_producer_with_no_taskflow', 'dataset_alias_example_alias_consumer_with_no_taskflow', 'dataset_s3_bucket_consumer_with_no_taskflow' retrieved from /home/airflow/.local/lib/python3.12/site-packages/airflow/example_dags/example_dataset_alias_with_no_taskflow.py
[2024-11-24T08:49:17.370+0000] {logging_mixin.py:190} INFO - [2024-11-24T08:49:17.370+0000] {dag.py:3239} INFO - Sync 4 DAGs
[2024-11-24T08:49:17.413+0000] {logging_mixin.py:190} INFO - [2024-11-24T08:49:17.412+0000] {dag.py:4180} INFO - Setting next_dagrun for dataset_alias_example_alias_consumer_with_no_taskflow to None, run_after=None
[2024-11-24T08:49:17.418+0000] {logging_mixin.py:190} INFO - [2024-11-24T08:49:17.418+0000] {dag.py:4180} INFO - Setting next_dagrun for dataset_alias_example_alias_producer_with_no_taskflow to None, run_after=None
[2024-11-24T08:49:17.421+0000] {logging_mixin.py:190} INFO - [2024-11-24T08:49:17.420+0000] {dag.py:4180} INFO - Setting next_dagrun for dataset_s3_bucket_consumer_with_no_taskflow to None, run_after=None
[2024-11-24T08:49:17.423+0000] {logging_mixin.py:190} INFO - [2024-11-24T08:49:17.423+0000] {dag.py:4180} INFO - Setting next_dagrun for dataset_s3_bucket_producer_with_no_taskflow to None, run_after=None
[2024-11-24T08:49:17.461+0000] {processor.py:208} INFO - Processing /home/airflow/.local/lib/python3.12/site-packages/airflow/example_dags/example_dataset_alias_with_no_taskflow.py took 1.120 seconds
[2024-11-24T08:49:48.290+0000] {processor.py:186} INFO - Started process (PID=4128) to work on /home/airflow/.local/lib/python3.12/site-packages/airflow/example_dags/example_dataset_alias_with_no_taskflow.py
[2024-11-24T08:49:48.292+0000] {processor.py:914} INFO - Processing file /home/airflow/.local/lib/python3.12/site-packages/airflow/example_dags/example_dataset_alias_with_no_taskflow.py for tasks to queue
[2024-11-24T08:49:48.298+0000] {logging_mixin.py:190} INFO - [2024-11-24T08:49:48.297+0000] {dagbag.py:588} INFO - Filling up the DagBag from /home/airflow/.local/lib/python3.12/site-packages/airflow/example_dags/example_dataset_alias_with_no_taskflow.py
[2024-11-24T08:49:49.295+0000] {processor.py:925} INFO - DAG(s) 'dataset_s3_bucket_consumer_with_no_taskflow', 'dataset_alias_example_alias_producer_with_no_taskflow', 'dataset_alias_example_alias_consumer_with_no_taskflow', 'dataset_s3_bucket_producer_with_no_taskflow' retrieved from /home/airflow/.local/lib/python3.12/site-packages/airflow/example_dags/example_dataset_alias_with_no_taskflow.py
[2024-11-24T08:49:49.341+0000] {logging_mixin.py:190} INFO - [2024-11-24T08:49:49.340+0000] {dag.py:3239} INFO - Sync 4 DAGs
[2024-11-24T08:49:49.383+0000] {logging_mixin.py:190} INFO - [2024-11-24T08:49:49.383+0000] {dag.py:4180} INFO - Setting next_dagrun for dataset_alias_example_alias_consumer_with_no_taskflow to None, run_after=None
[2024-11-24T08:49:49.389+0000] {logging_mixin.py:190} INFO - [2024-11-24T08:49:49.388+0000] {dag.py:4180} INFO - Setting next_dagrun for dataset_alias_example_alias_producer_with_no_taskflow to None, run_after=None
[2024-11-24T08:49:49.392+0000] {logging_mixin.py:190} INFO - [2024-11-24T08:49:49.391+0000] {dag.py:4180} INFO - Setting next_dagrun for dataset_s3_bucket_consumer_with_no_taskflow to None, run_after=None
[2024-11-24T08:49:49.395+0000] {logging_mixin.py:190} INFO - [2024-11-24T08:49:49.395+0000] {dag.py:4180} INFO - Setting next_dagrun for dataset_s3_bucket_producer_with_no_taskflow to None, run_after=None
[2024-11-24T08:49:49.432+0000] {processor.py:208} INFO - Processing /home/airflow/.local/lib/python3.12/site-packages/airflow/example_dags/example_dataset_alias_with_no_taskflow.py took 1.153 seconds
[2024-11-24T08:50:22.370+0000] {processor.py:186} INFO - Started process (PID=4410) to work on /home/airflow/.local/lib/python3.12/site-packages/airflow/example_dags/example_dataset_alias_with_no_taskflow.py
[2024-11-24T08:50:22.371+0000] {processor.py:914} INFO - Processing file /home/airflow/.local/lib/python3.12/site-packages/airflow/example_dags/example_dataset_alias_with_no_taskflow.py for tasks to queue
[2024-11-24T08:50:22.375+0000] {logging_mixin.py:190} INFO - [2024-11-24T08:50:22.375+0000] {dagbag.py:588} INFO - Filling up the DagBag from /home/airflow/.local/lib/python3.12/site-packages/airflow/example_dags/example_dataset_alias_with_no_taskflow.py
[2024-11-24T08:50:23.580+0000] {processor.py:925} INFO - DAG(s) 'dataset_s3_bucket_producer_with_no_taskflow', 'dataset_alias_example_alias_producer_with_no_taskflow', 'dataset_alias_example_alias_consumer_with_no_taskflow', 'dataset_s3_bucket_consumer_with_no_taskflow' retrieved from /home/airflow/.local/lib/python3.12/site-packages/airflow/example_dags/example_dataset_alias_with_no_taskflow.py
[2024-11-24T08:50:23.627+0000] {logging_mixin.py:190} INFO - [2024-11-24T08:50:23.625+0000] {dag.py:3239} INFO - Sync 4 DAGs
[2024-11-24T08:50:23.676+0000] {logging_mixin.py:190} INFO - [2024-11-24T08:50:23.676+0000] {dag.py:4180} INFO - Setting next_dagrun for dataset_alias_example_alias_consumer_with_no_taskflow to None, run_after=None
[2024-11-24T08:50:23.682+0000] {logging_mixin.py:190} INFO - [2024-11-24T08:50:23.681+0000] {dag.py:4180} INFO - Setting next_dagrun for dataset_alias_example_alias_producer_with_no_taskflow to None, run_after=None
[2024-11-24T08:50:23.685+0000] {logging_mixin.py:190} INFO - [2024-11-24T08:50:23.685+0000] {dag.py:4180} INFO - Setting next_dagrun for dataset_s3_bucket_consumer_with_no_taskflow to None, run_after=None
[2024-11-24T08:50:23.688+0000] {logging_mixin.py:190} INFO - [2024-11-24T08:50:23.688+0000] {dag.py:4180} INFO - Setting next_dagrun for dataset_s3_bucket_producer_with_no_taskflow to None, run_after=None
[2024-11-24T08:50:23.729+0000] {processor.py:208} INFO - Processing /home/airflow/.local/lib/python3.12/site-packages/airflow/example_dags/example_dataset_alias_with_no_taskflow.py took 1.370 seconds
[2024-11-24T08:50:56.713+0000] {processor.py:186} INFO - Started process (PID=4699) to work on /home/airflow/.local/lib/python3.12/site-packages/airflow/example_dags/example_dataset_alias_with_no_taskflow.py
[2024-11-24T08:50:56.715+0000] {processor.py:914} INFO - Processing file /home/airflow/.local/lib/python3.12/site-packages/airflow/example_dags/example_dataset_alias_with_no_taskflow.py for tasks to queue
[2024-11-24T08:50:56.721+0000] {logging_mixin.py:190} INFO - [2024-11-24T08:50:56.720+0000] {dagbag.py:588} INFO - Filling up the DagBag from /home/airflow/.local/lib/python3.12/site-packages/airflow/example_dags/example_dataset_alias_with_no_taskflow.py
[2024-11-24T08:50:58.657+0000] {processor.py:925} INFO - DAG(s) 'dataset_alias_example_alias_consumer_with_no_taskflow', 'dataset_s3_bucket_consumer_with_no_taskflow', 'dataset_s3_bucket_producer_with_no_taskflow', 'dataset_alias_example_alias_producer_with_no_taskflow' retrieved from /home/airflow/.local/lib/python3.12/site-packages/airflow/example_dags/example_dataset_alias_with_no_taskflow.py
[2024-11-24T08:50:58.717+0000] {logging_mixin.py:190} INFO - [2024-11-24T08:50:58.715+0000] {dag.py:3239} INFO - Sync 4 DAGs
[2024-11-24T08:50:58.784+0000] {logging_mixin.py:190} INFO - [2024-11-24T08:50:58.783+0000] {dag.py:4180} INFO - Setting next_dagrun for dataset_alias_example_alias_consumer_with_no_taskflow to None, run_after=None
[2024-11-24T08:50:58.790+0000] {logging_mixin.py:190} INFO - [2024-11-24T08:50:58.789+0000] {dag.py:4180} INFO - Setting next_dagrun for dataset_alias_example_alias_producer_with_no_taskflow to None, run_after=None
[2024-11-24T08:50:58.793+0000] {logging_mixin.py:190} INFO - [2024-11-24T08:50:58.793+0000] {dag.py:4180} INFO - Setting next_dagrun for dataset_s3_bucket_consumer_with_no_taskflow to None, run_after=None
[2024-11-24T08:50:58.796+0000] {logging_mixin.py:190} INFO - [2024-11-24T08:50:58.796+0000] {dag.py:4180} INFO - Setting next_dagrun for dataset_s3_bucket_producer_with_no_taskflow to None, run_after=None
[2024-11-24T08:50:58.846+0000] {processor.py:208} INFO - Processing /home/airflow/.local/lib/python3.12/site-packages/airflow/example_dags/example_dataset_alias_with_no_taskflow.py took 2.151 seconds
[2024-11-24T08:51:29.312+0000] {processor.py:186} INFO - Started process (PID=5006) to work on /home/airflow/.local/lib/python3.12/site-packages/airflow/example_dags/example_dataset_alias_with_no_taskflow.py
[2024-11-24T08:51:29.316+0000] {processor.py:914} INFO - Processing file /home/airflow/.local/lib/python3.12/site-packages/airflow/example_dags/example_dataset_alias_with_no_taskflow.py for tasks to queue
[2024-11-24T08:51:29.321+0000] {logging_mixin.py:190} INFO - [2024-11-24T08:51:29.320+0000] {dagbag.py:588} INFO - Filling up the DagBag from /home/airflow/.local/lib/python3.12/site-packages/airflow/example_dags/example_dataset_alias_with_no_taskflow.py
[2024-11-24T08:51:30.071+0000] {processor.py:925} INFO - DAG(s) 'dataset_s3_bucket_consumer_with_no_taskflow', 'dataset_s3_bucket_producer_with_no_taskflow', 'dataset_alias_example_alias_producer_with_no_taskflow', 'dataset_alias_example_alias_consumer_with_no_taskflow' retrieved from /home/airflow/.local/lib/python3.12/site-packages/airflow/example_dags/example_dataset_alias_with_no_taskflow.py
[2024-11-24T08:51:30.100+0000] {logging_mixin.py:190} INFO - [2024-11-24T08:51:30.099+0000] {dag.py:3239} INFO - Sync 4 DAGs
[2024-11-24T08:51:30.134+0000] {logging_mixin.py:190} INFO - [2024-11-24T08:51:30.134+0000] {dag.py:4180} INFO - Setting next_dagrun for dataset_alias_example_alias_consumer_with_no_taskflow to None, run_after=None
[2024-11-24T08:51:30.138+0000] {logging_mixin.py:190} INFO - [2024-11-24T08:51:30.138+0000] {dag.py:4180} INFO - Setting next_dagrun for dataset_alias_example_alias_producer_with_no_taskflow to None, run_after=None
[2024-11-24T08:51:30.141+0000] {logging_mixin.py:190} INFO - [2024-11-24T08:51:30.141+0000] {dag.py:4180} INFO - Setting next_dagrun for dataset_s3_bucket_consumer_with_no_taskflow to None, run_after=None
[2024-11-24T08:51:30.144+0000] {logging_mixin.py:190} INFO - [2024-11-24T08:51:30.144+0000] {dag.py:4180} INFO - Setting next_dagrun for dataset_s3_bucket_producer_with_no_taskflow to None, run_after=None
[2024-11-24T08:51:30.174+0000] {processor.py:208} INFO - Processing /home/airflow/.local/lib/python3.12/site-packages/airflow/example_dags/example_dataset_alias_with_no_taskflow.py took 0.871 seconds
[2024-11-24T08:52:00.371+0000] {processor.py:186} INFO - Started process (PID=5322) to work on /home/airflow/.local/lib/python3.12/site-packages/airflow/example_dags/example_dataset_alias_with_no_taskflow.py
[2024-11-24T08:52:00.373+0000] {processor.py:914} INFO - Processing file /home/airflow/.local/lib/python3.12/site-packages/airflow/example_dags/example_dataset_alias_with_no_taskflow.py for tasks to queue
[2024-11-24T08:52:00.376+0000] {logging_mixin.py:190} INFO - [2024-11-24T08:52:00.375+0000] {dagbag.py:588} INFO - Filling up the DagBag from /home/airflow/.local/lib/python3.12/site-packages/airflow/example_dags/example_dataset_alias_with_no_taskflow.py
[2024-11-24T08:52:00.901+0000] {processor.py:925} INFO - DAG(s) 'dataset_alias_example_alias_consumer_with_no_taskflow', 'dataset_s3_bucket_consumer_with_no_taskflow', 'dataset_alias_example_alias_producer_with_no_taskflow', 'dataset_s3_bucket_producer_with_no_taskflow' retrieved from /home/airflow/.local/lib/python3.12/site-packages/airflow/example_dags/example_dataset_alias_with_no_taskflow.py
[2024-11-24T08:52:00.920+0000] {logging_mixin.py:190} INFO - [2024-11-24T08:52:00.920+0000] {dag.py:3239} INFO - Sync 4 DAGs
[2024-11-24T08:52:00.944+0000] {logging_mixin.py:190} INFO - [2024-11-24T08:52:00.943+0000] {dag.py:4180} INFO - Setting next_dagrun for dataset_alias_example_alias_consumer_with_no_taskflow to None, run_after=None
[2024-11-24T08:52:00.947+0000] {logging_mixin.py:190} INFO - [2024-11-24T08:52:00.947+0000] {dag.py:4180} INFO - Setting next_dagrun for dataset_alias_example_alias_producer_with_no_taskflow to None, run_after=None
[2024-11-24T08:52:00.950+0000] {logging_mixin.py:190} INFO - [2024-11-24T08:52:00.949+0000] {dag.py:4180} INFO - Setting next_dagrun for dataset_s3_bucket_consumer_with_no_taskflow to None, run_after=None
[2024-11-24T08:52:00.952+0000] {logging_mixin.py:190} INFO - [2024-11-24T08:52:00.951+0000] {dag.py:4180} INFO - Setting next_dagrun for dataset_s3_bucket_producer_with_no_taskflow to None, run_after=None
[2024-11-24T08:52:00.987+0000] {processor.py:208} INFO - Processing /home/airflow/.local/lib/python3.12/site-packages/airflow/example_dags/example_dataset_alias_with_no_taskflow.py took 0.622 seconds
[2024-11-24T08:53:40.835+0000] {processor.py:186} INFO - Started process (PID=333) to work on /home/airflow/.local/lib/python3.12/site-packages/airflow/example_dags/example_dataset_alias_with_no_taskflow.py
[2024-11-24T08:53:40.838+0000] {processor.py:914} INFO - Processing file /home/airflow/.local/lib/python3.12/site-packages/airflow/example_dags/example_dataset_alias_with_no_taskflow.py for tasks to queue
[2024-11-24T08:53:40.843+0000] {logging_mixin.py:190} INFO - [2024-11-24T08:53:40.842+0000] {dagbag.py:588} INFO - Filling up the DagBag from /home/airflow/.local/lib/python3.12/site-packages/airflow/example_dags/example_dataset_alias_with_no_taskflow.py
[2024-11-24T08:53:42.577+0000] {processor.py:925} INFO - DAG(s) 'dataset_alias_example_alias_producer_with_no_taskflow', 'dataset_s3_bucket_consumer_with_no_taskflow', 'dataset_alias_example_alias_consumer_with_no_taskflow', 'dataset_s3_bucket_producer_with_no_taskflow' retrieved from /home/airflow/.local/lib/python3.12/site-packages/airflow/example_dags/example_dataset_alias_with_no_taskflow.py
[2024-11-24T08:53:42.650+0000] {logging_mixin.py:190} INFO - [2024-11-24T08:53:42.648+0000] {dag.py:3239} INFO - Sync 4 DAGs
[2024-11-24T08:53:42.750+0000] {logging_mixin.py:190} INFO - [2024-11-24T08:53:42.749+0000] {dag.py:4180} INFO - Setting next_dagrun for dataset_alias_example_alias_consumer_with_no_taskflow to None, run_after=None
[2024-11-24T08:53:42.767+0000] {logging_mixin.py:190} INFO - [2024-11-24T08:53:42.766+0000] {dag.py:4180} INFO - Setting next_dagrun for dataset_alias_example_alias_producer_with_no_taskflow to None, run_after=None
[2024-11-24T08:53:42.772+0000] {logging_mixin.py:190} INFO - [2024-11-24T08:53:42.771+0000] {dag.py:4180} INFO - Setting next_dagrun for dataset_s3_bucket_consumer_with_no_taskflow to None, run_after=None
[2024-11-24T08:53:42.778+0000] {logging_mixin.py:190} INFO - [2024-11-24T08:53:42.777+0000] {dag.py:4180} INFO - Setting next_dagrun for dataset_s3_bucket_producer_with_no_taskflow to None, run_after=None
[2024-11-24T08:53:42.871+0000] {processor.py:208} INFO - Processing /home/airflow/.local/lib/python3.12/site-packages/airflow/example_dags/example_dataset_alias_with_no_taskflow.py took 2.051 seconds
[2024-11-24T08:54:27.326+0000] {processor.py:186} INFO - Started process (PID=629) to work on /home/airflow/.local/lib/python3.12/site-packages/airflow/example_dags/example_dataset_alias_with_no_taskflow.py
[2024-11-24T08:54:27.328+0000] {processor.py:914} INFO - Processing file /home/airflow/.local/lib/python3.12/site-packages/airflow/example_dags/example_dataset_alias_with_no_taskflow.py for tasks to queue
[2024-11-24T08:54:27.332+0000] {logging_mixin.py:190} INFO - [2024-11-24T08:54:27.332+0000] {dagbag.py:588} INFO - Filling up the DagBag from /home/airflow/.local/lib/python3.12/site-packages/airflow/example_dags/example_dataset_alias_with_no_taskflow.py
[2024-11-24T08:54:28.472+0000] {processor.py:925} INFO - DAG(s) 'dataset_s3_bucket_consumer_with_no_taskflow', 'dataset_alias_example_alias_consumer_with_no_taskflow', 'dataset_alias_example_alias_producer_with_no_taskflow', 'dataset_s3_bucket_producer_with_no_taskflow' retrieved from /home/airflow/.local/lib/python3.12/site-packages/airflow/example_dags/example_dataset_alias_with_no_taskflow.py
[2024-11-24T08:54:28.525+0000] {logging_mixin.py:190} INFO - [2024-11-24T08:54:28.524+0000] {dag.py:3239} INFO - Sync 4 DAGs
[2024-11-24T08:54:28.582+0000] {logging_mixin.py:190} INFO - [2024-11-24T08:54:28.581+0000] {dag.py:4180} INFO - Setting next_dagrun for dataset_alias_example_alias_consumer_with_no_taskflow to None, run_after=None
[2024-11-24T08:54:28.590+0000] {logging_mixin.py:190} INFO - [2024-11-24T08:54:28.590+0000] {dag.py:4180} INFO - Setting next_dagrun for dataset_alias_example_alias_producer_with_no_taskflow to None, run_after=None
[2024-11-24T08:54:28.594+0000] {logging_mixin.py:190} INFO - [2024-11-24T08:54:28.594+0000] {dag.py:4180} INFO - Setting next_dagrun for dataset_s3_bucket_consumer_with_no_taskflow to None, run_after=None
[2024-11-24T08:54:28.599+0000] {logging_mixin.py:190} INFO - [2024-11-24T08:54:28.599+0000] {dag.py:4180} INFO - Setting next_dagrun for dataset_s3_bucket_producer_with_no_taskflow to None, run_after=None
[2024-11-24T08:54:28.685+0000] {processor.py:208} INFO - Processing /home/airflow/.local/lib/python3.12/site-packages/airflow/example_dags/example_dataset_alias_with_no_taskflow.py took 1.369 seconds
[2024-11-24T08:55:01.943+0000] {processor.py:186} INFO - Started process (PID=920) to work on /home/airflow/.local/lib/python3.12/site-packages/airflow/example_dags/example_dataset_alias_with_no_taskflow.py
[2024-11-24T08:55:01.946+0000] {processor.py:914} INFO - Processing file /home/airflow/.local/lib/python3.12/site-packages/airflow/example_dags/example_dataset_alias_with_no_taskflow.py for tasks to queue
[2024-11-24T08:55:01.951+0000] {logging_mixin.py:190} INFO - [2024-11-24T08:55:01.950+0000] {dagbag.py:588} INFO - Filling up the DagBag from /home/airflow/.local/lib/python3.12/site-packages/airflow/example_dags/example_dataset_alias_with_no_taskflow.py
[2024-11-24T08:55:03.019+0000] {processor.py:925} INFO - DAG(s) 'dataset_s3_bucket_consumer_with_no_taskflow', 'dataset_alias_example_alias_producer_with_no_taskflow', 'dataset_s3_bucket_producer_with_no_taskflow', 'dataset_alias_example_alias_consumer_with_no_taskflow' retrieved from /home/airflow/.local/lib/python3.12/site-packages/airflow/example_dags/example_dataset_alias_with_no_taskflow.py
[2024-11-24T08:55:03.057+0000] {logging_mixin.py:190} INFO - [2024-11-24T08:55:03.056+0000] {dag.py:3239} INFO - Sync 4 DAGs
[2024-11-24T08:55:03.099+0000] {logging_mixin.py:190} INFO - [2024-11-24T08:55:03.098+0000] {dag.py:4180} INFO - Setting next_dagrun for dataset_alias_example_alias_consumer_with_no_taskflow to None, run_after=None
[2024-11-24T08:55:03.105+0000] {logging_mixin.py:190} INFO - [2024-11-24T08:55:03.104+0000] {dag.py:4180} INFO - Setting next_dagrun for dataset_alias_example_alias_producer_with_no_taskflow to None, run_after=None
[2024-11-24T08:55:03.108+0000] {logging_mixin.py:190} INFO - [2024-11-24T08:55:03.107+0000] {dag.py:4180} INFO - Setting next_dagrun for dataset_s3_bucket_consumer_with_no_taskflow to None, run_after=None
[2024-11-24T08:55:03.110+0000] {logging_mixin.py:190} INFO - [2024-11-24T08:55:03.110+0000] {dag.py:4180} INFO - Setting next_dagrun for dataset_s3_bucket_producer_with_no_taskflow to None, run_after=None
[2024-11-24T08:55:03.149+0000] {processor.py:208} INFO - Processing /home/airflow/.local/lib/python3.12/site-packages/airflow/example_dags/example_dataset_alias_with_no_taskflow.py took 1.217 seconds
[2024-11-24T08:55:52.680+0000] {processor.py:186} INFO - Started process (PID=1218) to work on /home/airflow/.local/lib/python3.12/site-packages/airflow/example_dags/example_dataset_alias_with_no_taskflow.py
[2024-11-24T08:55:52.683+0000] {processor.py:914} INFO - Processing file /home/airflow/.local/lib/python3.12/site-packages/airflow/example_dags/example_dataset_alias_with_no_taskflow.py for tasks to queue
[2024-11-24T08:55:52.687+0000] {logging_mixin.py:190} INFO - [2024-11-24T08:55:52.687+0000] {dagbag.py:588} INFO - Filling up the DagBag from /home/airflow/.local/lib/python3.12/site-packages/airflow/example_dags/example_dataset_alias_with_no_taskflow.py
[2024-11-24T08:55:53.771+0000] {processor.py:925} INFO - DAG(s) 'dataset_s3_bucket_producer_with_no_taskflow', 'dataset_s3_bucket_consumer_with_no_taskflow', 'dataset_alias_example_alias_producer_with_no_taskflow', 'dataset_alias_example_alias_consumer_with_no_taskflow' retrieved from /home/airflow/.local/lib/python3.12/site-packages/airflow/example_dags/example_dataset_alias_with_no_taskflow.py
[2024-11-24T08:55:53.822+0000] {logging_mixin.py:190} INFO - [2024-11-24T08:55:53.821+0000] {dag.py:3239} INFO - Sync 4 DAGs
[2024-11-24T08:55:53.875+0000] {logging_mixin.py:190} INFO - [2024-11-24T08:55:53.874+0000] {dag.py:4180} INFO - Setting next_dagrun for dataset_alias_example_alias_consumer_with_no_taskflow to None, run_after=None
[2024-11-24T08:55:53.883+0000] {logging_mixin.py:190} INFO - [2024-11-24T08:55:53.883+0000] {dag.py:4180} INFO - Setting next_dagrun for dataset_alias_example_alias_producer_with_no_taskflow to None, run_after=None
[2024-11-24T08:55:53.890+0000] {logging_mixin.py:190} INFO - [2024-11-24T08:55:53.889+0000] {dag.py:4180} INFO - Setting next_dagrun for dataset_s3_bucket_consumer_with_no_taskflow to None, run_after=None
[2024-11-24T08:55:53.893+0000] {logging_mixin.py:190} INFO - [2024-11-24T08:55:53.893+0000] {dag.py:4180} INFO - Setting next_dagrun for dataset_s3_bucket_producer_with_no_taskflow to None, run_after=None
[2024-11-24T08:55:53.947+0000] {processor.py:208} INFO - Processing /home/airflow/.local/lib/python3.12/site-packages/airflow/example_dags/example_dataset_alias_with_no_taskflow.py took 1.277 seconds
[2024-11-24T08:56:24.877+0000] {processor.py:186} INFO - Started process (PID=1510) to work on /home/airflow/.local/lib/python3.12/site-packages/airflow/example_dags/example_dataset_alias_with_no_taskflow.py
[2024-11-24T08:56:24.879+0000] {processor.py:914} INFO - Processing file /home/airflow/.local/lib/python3.12/site-packages/airflow/example_dags/example_dataset_alias_with_no_taskflow.py for tasks to queue
[2024-11-24T08:56:24.884+0000] {logging_mixin.py:190} INFO - [2024-11-24T08:56:24.883+0000] {dagbag.py:588} INFO - Filling up the DagBag from /home/airflow/.local/lib/python3.12/site-packages/airflow/example_dags/example_dataset_alias_with_no_taskflow.py
[2024-11-24T08:56:26.122+0000] {processor.py:925} INFO - DAG(s) 'dataset_s3_bucket_producer_with_no_taskflow', 'dataset_s3_bucket_consumer_with_no_taskflow', 'dataset_alias_example_alias_consumer_with_no_taskflow', 'dataset_alias_example_alias_producer_with_no_taskflow' retrieved from /home/airflow/.local/lib/python3.12/site-packages/airflow/example_dags/example_dataset_alias_with_no_taskflow.py
[2024-11-24T08:56:26.168+0000] {logging_mixin.py:190} INFO - [2024-11-24T08:56:26.167+0000] {dag.py:3239} INFO - Sync 4 DAGs
[2024-11-24T08:56:26.217+0000] {logging_mixin.py:190} INFO - [2024-11-24T08:56:26.217+0000] {dag.py:4180} INFO - Setting next_dagrun for dataset_alias_example_alias_consumer_with_no_taskflow to None, run_after=None
[2024-11-24T08:56:26.223+0000] {logging_mixin.py:190} INFO - [2024-11-24T08:56:26.223+0000] {dag.py:4180} INFO - Setting next_dagrun for dataset_alias_example_alias_producer_with_no_taskflow to None, run_after=None
[2024-11-24T08:56:26.226+0000] {logging_mixin.py:190} INFO - [2024-11-24T08:56:26.226+0000] {dag.py:4180} INFO - Setting next_dagrun for dataset_s3_bucket_consumer_with_no_taskflow to None, run_after=None
[2024-11-24T08:56:26.230+0000] {logging_mixin.py:190} INFO - [2024-11-24T08:56:26.229+0000] {dag.py:4180} INFO - Setting next_dagrun for dataset_s3_bucket_producer_with_no_taskflow to None, run_after=None
[2024-11-24T08:56:26.276+0000] {processor.py:208} INFO - Processing /home/airflow/.local/lib/python3.12/site-packages/airflow/example_dags/example_dataset_alias_with_no_taskflow.py took 1.414 seconds
[2024-11-24T08:56:57.079+0000] {processor.py:186} INFO - Started process (PID=1823) to work on /home/airflow/.local/lib/python3.12/site-packages/airflow/example_dags/example_dataset_alias_with_no_taskflow.py
[2024-11-24T08:56:57.080+0000] {processor.py:914} INFO - Processing file /home/airflow/.local/lib/python3.12/site-packages/airflow/example_dags/example_dataset_alias_with_no_taskflow.py for tasks to queue
[2024-11-24T08:56:57.084+0000] {logging_mixin.py:190} INFO - [2024-11-24T08:56:57.083+0000] {dagbag.py:588} INFO - Filling up the DagBag from /home/airflow/.local/lib/python3.12/site-packages/airflow/example_dags/example_dataset_alias_with_no_taskflow.py
[2024-11-24T08:56:57.770+0000] {processor.py:925} INFO - DAG(s) 'dataset_alias_example_alias_consumer_with_no_taskflow', 'dataset_s3_bucket_producer_with_no_taskflow', 'dataset_alias_example_alias_producer_with_no_taskflow', 'dataset_s3_bucket_consumer_with_no_taskflow' retrieved from /home/airflow/.local/lib/python3.12/site-packages/airflow/example_dags/example_dataset_alias_with_no_taskflow.py
[2024-11-24T08:56:57.799+0000] {logging_mixin.py:190} INFO - [2024-11-24T08:56:57.799+0000] {dag.py:3239} INFO - Sync 4 DAGs
[2024-11-24T08:56:57.826+0000] {logging_mixin.py:190} INFO - [2024-11-24T08:56:57.826+0000] {dag.py:4180} INFO - Setting next_dagrun for dataset_alias_example_alias_consumer_with_no_taskflow to None, run_after=None
[2024-11-24T08:56:57.830+0000] {logging_mixin.py:190} INFO - [2024-11-24T08:56:57.829+0000] {dag.py:4180} INFO - Setting next_dagrun for dataset_alias_example_alias_producer_with_no_taskflow to None, run_after=None
[2024-11-24T08:56:57.832+0000] {logging_mixin.py:190} INFO - [2024-11-24T08:56:57.832+0000] {dag.py:4180} INFO - Setting next_dagrun for dataset_s3_bucket_consumer_with_no_taskflow to None, run_after=None
[2024-11-24T08:56:57.834+0000] {logging_mixin.py:190} INFO - [2024-11-24T08:56:57.834+0000] {dag.py:4180} INFO - Setting next_dagrun for dataset_s3_bucket_producer_with_no_taskflow to None, run_after=None
[2024-11-24T08:56:57.862+0000] {processor.py:208} INFO - Processing /home/airflow/.local/lib/python3.12/site-packages/airflow/example_dags/example_dataset_alias_with_no_taskflow.py took 0.790 seconds
[2024-11-24T08:57:28.127+0000] {processor.py:186} INFO - Started process (PID=2112) to work on /home/airflow/.local/lib/python3.12/site-packages/airflow/example_dags/example_dataset_alias_with_no_taskflow.py
[2024-11-24T08:57:28.129+0000] {processor.py:914} INFO - Processing file /home/airflow/.local/lib/python3.12/site-packages/airflow/example_dags/example_dataset_alias_with_no_taskflow.py for tasks to queue
[2024-11-24T08:57:28.134+0000] {logging_mixin.py:190} INFO - [2024-11-24T08:57:28.134+0000] {dagbag.py:588} INFO - Filling up the DagBag from /home/airflow/.local/lib/python3.12/site-packages/airflow/example_dags/example_dataset_alias_with_no_taskflow.py
[2024-11-24T08:57:30.456+0000] {processor.py:925} INFO - DAG(s) 'dataset_alias_example_alias_consumer_with_no_taskflow', 'dataset_s3_bucket_consumer_with_no_taskflow', 'dataset_alias_example_alias_producer_with_no_taskflow', 'dataset_s3_bucket_producer_with_no_taskflow' retrieved from /home/airflow/.local/lib/python3.12/site-packages/airflow/example_dags/example_dataset_alias_with_no_taskflow.py
[2024-11-24T08:57:30.579+0000] {logging_mixin.py:190} INFO - [2024-11-24T08:57:30.576+0000] {dag.py:3239} INFO - Sync 4 DAGs
[2024-11-24T08:57:30.753+0000] {logging_mixin.py:190} INFO - [2024-11-24T08:57:30.752+0000] {dag.py:4180} INFO - Setting next_dagrun for dataset_alias_example_alias_consumer_with_no_taskflow to None, run_after=None
[2024-11-24T08:57:30.772+0000] {logging_mixin.py:190} INFO - [2024-11-24T08:57:30.771+0000] {dag.py:4180} INFO - Setting next_dagrun for dataset_alias_example_alias_producer_with_no_taskflow to None, run_after=None
[2024-11-24T08:57:30.783+0000] {logging_mixin.py:190} INFO - [2024-11-24T08:57:30.782+0000] {dag.py:4180} INFO - Setting next_dagrun for dataset_s3_bucket_consumer_with_no_taskflow to None, run_after=None
[2024-11-24T08:57:30.795+0000] {logging_mixin.py:190} INFO - [2024-11-24T08:57:30.793+0000] {dag.py:4180} INFO - Setting next_dagrun for dataset_s3_bucket_producer_with_no_taskflow to None, run_after=None
[2024-11-24T08:57:30.908+0000] {processor.py:208} INFO - Processing /home/airflow/.local/lib/python3.12/site-packages/airflow/example_dags/example_dataset_alias_with_no_taskflow.py took 2.795 seconds
[2024-11-24T08:58:01.159+0000] {processor.py:186} INFO - Started process (PID=2430) to work on /home/airflow/.local/lib/python3.12/site-packages/airflow/example_dags/example_dataset_alias_with_no_taskflow.py
[2024-11-24T08:58:01.160+0000] {processor.py:914} INFO - Processing file /home/airflow/.local/lib/python3.12/site-packages/airflow/example_dags/example_dataset_alias_with_no_taskflow.py for tasks to queue
[2024-11-24T08:58:01.162+0000] {logging_mixin.py:190} INFO - [2024-11-24T08:58:01.162+0000] {dagbag.py:588} INFO - Filling up the DagBag from /home/airflow/.local/lib/python3.12/site-packages/airflow/example_dags/example_dataset_alias_with_no_taskflow.py
[2024-11-24T08:58:01.718+0000] {processor.py:925} INFO - DAG(s) 'dataset_alias_example_alias_consumer_with_no_taskflow', 'dataset_s3_bucket_producer_with_no_taskflow', 'dataset_alias_example_alias_producer_with_no_taskflow', 'dataset_s3_bucket_consumer_with_no_taskflow' retrieved from /home/airflow/.local/lib/python3.12/site-packages/airflow/example_dags/example_dataset_alias_with_no_taskflow.py
[2024-11-24T08:58:01.739+0000] {logging_mixin.py:190} INFO - [2024-11-24T08:58:01.738+0000] {dag.py:3239} INFO - Sync 4 DAGs
[2024-11-24T08:58:01.760+0000] {logging_mixin.py:190} INFO - [2024-11-24T08:58:01.760+0000] {dag.py:4180} INFO - Setting next_dagrun for dataset_alias_example_alias_consumer_with_no_taskflow to None, run_after=None
[2024-11-24T08:58:01.764+0000] {logging_mixin.py:190} INFO - [2024-11-24T08:58:01.764+0000] {dag.py:4180} INFO - Setting next_dagrun for dataset_alias_example_alias_producer_with_no_taskflow to None, run_after=None
[2024-11-24T08:58:01.766+0000] {logging_mixin.py:190} INFO - [2024-11-24T08:58:01.766+0000] {dag.py:4180} INFO - Setting next_dagrun for dataset_s3_bucket_consumer_with_no_taskflow to None, run_after=None
[2024-11-24T08:58:01.768+0000] {logging_mixin.py:190} INFO - [2024-11-24T08:58:01.767+0000] {dag.py:4180} INFO - Setting next_dagrun for dataset_s3_bucket_producer_with_no_taskflow to None, run_after=None
[2024-11-24T08:58:01.792+0000] {processor.py:208} INFO - Processing /home/airflow/.local/lib/python3.12/site-packages/airflow/example_dags/example_dataset_alias_with_no_taskflow.py took 0.638 seconds
[2024-11-24T08:58:32.017+0000] {processor.py:186} INFO - Started process (PID=2721) to work on /home/airflow/.local/lib/python3.12/site-packages/airflow/example_dags/example_dataset_alias_with_no_taskflow.py
[2024-11-24T08:58:32.019+0000] {processor.py:914} INFO - Processing file /home/airflow/.local/lib/python3.12/site-packages/airflow/example_dags/example_dataset_alias_with_no_taskflow.py for tasks to queue
[2024-11-24T08:58:32.022+0000] {logging_mixin.py:190} INFO - [2024-11-24T08:58:32.022+0000] {dagbag.py:588} INFO - Filling up the DagBag from /home/airflow/.local/lib/python3.12/site-packages/airflow/example_dags/example_dataset_alias_with_no_taskflow.py
[2024-11-24T08:58:32.721+0000] {processor.py:925} INFO - DAG(s) 'dataset_alias_example_alias_consumer_with_no_taskflow', 'dataset_s3_bucket_producer_with_no_taskflow', 'dataset_alias_example_alias_producer_with_no_taskflow', 'dataset_s3_bucket_consumer_with_no_taskflow' retrieved from /home/airflow/.local/lib/python3.12/site-packages/airflow/example_dags/example_dataset_alias_with_no_taskflow.py
[2024-11-24T08:58:32.753+0000] {logging_mixin.py:190} INFO - [2024-11-24T08:58:32.752+0000] {dag.py:3239} INFO - Sync 4 DAGs
[2024-11-24T08:58:32.782+0000] {logging_mixin.py:190} INFO - [2024-11-24T08:58:32.781+0000] {dag.py:4180} INFO - Setting next_dagrun for dataset_alias_example_alias_consumer_with_no_taskflow to None, run_after=None
[2024-11-24T08:58:32.786+0000] {logging_mixin.py:190} INFO - [2024-11-24T08:58:32.785+0000] {dag.py:4180} INFO - Setting next_dagrun for dataset_alias_example_alias_producer_with_no_taskflow to None, run_after=None
[2024-11-24T08:58:32.788+0000] {logging_mixin.py:190} INFO - [2024-11-24T08:58:32.788+0000] {dag.py:4180} INFO - Setting next_dagrun for dataset_s3_bucket_consumer_with_no_taskflow to None, run_after=None
[2024-11-24T08:58:32.790+0000] {logging_mixin.py:190} INFO - [2024-11-24T08:58:32.790+0000] {dag.py:4180} INFO - Setting next_dagrun for dataset_s3_bucket_producer_with_no_taskflow to None, run_after=None
[2024-11-24T08:58:32.822+0000] {processor.py:208} INFO - Processing /home/airflow/.local/lib/python3.12/site-packages/airflow/example_dags/example_dataset_alias_with_no_taskflow.py took 0.815 seconds
[2024-11-24T08:59:04.156+0000] {processor.py:186} INFO - Started process (PID=3035) to work on /home/airflow/.local/lib/python3.12/site-packages/airflow/example_dags/example_dataset_alias_with_no_taskflow.py
[2024-11-24T08:59:04.157+0000] {processor.py:914} INFO - Processing file /home/airflow/.local/lib/python3.12/site-packages/airflow/example_dags/example_dataset_alias_with_no_taskflow.py for tasks to queue
[2024-11-24T08:59:04.160+0000] {logging_mixin.py:190} INFO - [2024-11-24T08:59:04.160+0000] {dagbag.py:588} INFO - Filling up the DagBag from /home/airflow/.local/lib/python3.12/site-packages/airflow/example_dags/example_dataset_alias_with_no_taskflow.py
[2024-11-24T08:59:04.865+0000] {processor.py:925} INFO - DAG(s) 'dataset_s3_bucket_consumer_with_no_taskflow', 'dataset_alias_example_alias_producer_with_no_taskflow', 'dataset_s3_bucket_producer_with_no_taskflow', 'dataset_alias_example_alias_consumer_with_no_taskflow' retrieved from /home/airflow/.local/lib/python3.12/site-packages/airflow/example_dags/example_dataset_alias_with_no_taskflow.py
[2024-11-24T08:59:04.894+0000] {logging_mixin.py:190} INFO - [2024-11-24T08:59:04.894+0000] {dag.py:3239} INFO - Sync 4 DAGs
[2024-11-24T08:59:04.924+0000] {logging_mixin.py:190} INFO - [2024-11-24T08:59:04.923+0000] {dag.py:4180} INFO - Setting next_dagrun for dataset_alias_example_alias_consumer_with_no_taskflow to None, run_after=None
[2024-11-24T08:59:04.929+0000] {logging_mixin.py:190} INFO - [2024-11-24T08:59:04.928+0000] {dag.py:4180} INFO - Setting next_dagrun for dataset_alias_example_alias_producer_with_no_taskflow to None, run_after=None
[2024-11-24T08:59:04.931+0000] {logging_mixin.py:190} INFO - [2024-11-24T08:59:04.931+0000] {dag.py:4180} INFO - Setting next_dagrun for dataset_s3_bucket_consumer_with_no_taskflow to None, run_after=None
[2024-11-24T08:59:04.933+0000] {logging_mixin.py:190} INFO - [2024-11-24T08:59:04.933+0000] {dag.py:4180} INFO - Setting next_dagrun for dataset_s3_bucket_producer_with_no_taskflow to None, run_after=None
[2024-11-24T08:59:04.967+0000] {processor.py:208} INFO - Processing /home/airflow/.local/lib/python3.12/site-packages/airflow/example_dags/example_dataset_alias_with_no_taskflow.py took 0.821 seconds
[2024-11-24T08:59:35.128+0000] {processor.py:186} INFO - Started process (PID=3326) to work on /home/airflow/.local/lib/python3.12/site-packages/airflow/example_dags/example_dataset_alias_with_no_taskflow.py
[2024-11-24T08:59:35.131+0000] {processor.py:914} INFO - Processing file /home/airflow/.local/lib/python3.12/site-packages/airflow/example_dags/example_dataset_alias_with_no_taskflow.py for tasks to queue
[2024-11-24T08:59:35.139+0000] {logging_mixin.py:190} INFO - [2024-11-24T08:59:35.138+0000] {dagbag.py:588} INFO - Filling up the DagBag from /home/airflow/.local/lib/python3.12/site-packages/airflow/example_dags/example_dataset_alias_with_no_taskflow.py
[2024-11-24T08:59:37.599+0000] {processor.py:925} INFO - DAG(s) 'dataset_alias_example_alias_consumer_with_no_taskflow', 'dataset_s3_bucket_consumer_with_no_taskflow', 'dataset_s3_bucket_producer_with_no_taskflow', 'dataset_alias_example_alias_producer_with_no_taskflow' retrieved from /home/airflow/.local/lib/python3.12/site-packages/airflow/example_dags/example_dataset_alias_with_no_taskflow.py
[2024-11-24T08:59:37.698+0000] {logging_mixin.py:190} INFO - [2024-11-24T08:59:37.695+0000] {dag.py:3239} INFO - Sync 4 DAGs
[2024-11-24T08:59:37.800+0000] {logging_mixin.py:190} INFO - [2024-11-24T08:59:37.799+0000] {dag.py:4180} INFO - Setting next_dagrun for dataset_alias_example_alias_consumer_with_no_taskflow to None, run_after=None
[2024-11-24T08:59:37.812+0000] {logging_mixin.py:190} INFO - [2024-11-24T08:59:37.811+0000] {dag.py:4180} INFO - Setting next_dagrun for dataset_alias_example_alias_producer_with_no_taskflow to None, run_after=None
[2024-11-24T08:59:37.818+0000] {logging_mixin.py:190} INFO - [2024-11-24T08:59:37.818+0000] {dag.py:4180} INFO - Setting next_dagrun for dataset_s3_bucket_consumer_with_no_taskflow to None, run_after=None
[2024-11-24T08:59:37.823+0000] {logging_mixin.py:190} INFO - [2024-11-24T08:59:37.822+0000] {dag.py:4180} INFO - Setting next_dagrun for dataset_s3_bucket_producer_with_no_taskflow to None, run_after=None
[2024-11-24T08:59:37.903+0000] {processor.py:208} INFO - Processing /home/airflow/.local/lib/python3.12/site-packages/airflow/example_dags/example_dataset_alias_with_no_taskflow.py took 2.795 seconds
[2024-11-24T09:00:08.361+0000] {processor.py:186} INFO - Started process (PID=3642) to work on /home/airflow/.local/lib/python3.12/site-packages/airflow/example_dags/example_dataset_alias_with_no_taskflow.py
[2024-11-24T09:00:08.363+0000] {processor.py:914} INFO - Processing file /home/airflow/.local/lib/python3.12/site-packages/airflow/example_dags/example_dataset_alias_with_no_taskflow.py for tasks to queue
[2024-11-24T09:00:08.368+0000] {logging_mixin.py:190} INFO - [2024-11-24T09:00:08.368+0000] {dagbag.py:588} INFO - Filling up the DagBag from /home/airflow/.local/lib/python3.12/site-packages/airflow/example_dags/example_dataset_alias_with_no_taskflow.py
[2024-11-24T09:00:09.362+0000] {processor.py:925} INFO - DAG(s) 'dataset_s3_bucket_consumer_with_no_taskflow', 'dataset_alias_example_alias_consumer_with_no_taskflow', 'dataset_alias_example_alias_producer_with_no_taskflow', 'dataset_s3_bucket_producer_with_no_taskflow' retrieved from /home/airflow/.local/lib/python3.12/site-packages/airflow/example_dags/example_dataset_alias_with_no_taskflow.py
[2024-11-24T09:00:09.397+0000] {logging_mixin.py:190} INFO - [2024-11-24T09:00:09.396+0000] {dag.py:3239} INFO - Sync 4 DAGs
[2024-11-24T09:00:09.441+0000] {logging_mixin.py:190} INFO - [2024-11-24T09:00:09.441+0000] {dag.py:4180} INFO - Setting next_dagrun for dataset_alias_example_alias_consumer_with_no_taskflow to None, run_after=None
[2024-11-24T09:00:09.447+0000] {logging_mixin.py:190} INFO - [2024-11-24T09:00:09.447+0000] {dag.py:4180} INFO - Setting next_dagrun for dataset_alias_example_alias_producer_with_no_taskflow to None, run_after=None
[2024-11-24T09:00:09.450+0000] {logging_mixin.py:190} INFO - [2024-11-24T09:00:09.450+0000] {dag.py:4180} INFO - Setting next_dagrun for dataset_s3_bucket_consumer_with_no_taskflow to None, run_after=None
[2024-11-24T09:00:09.453+0000] {logging_mixin.py:190} INFO - [2024-11-24T09:00:09.453+0000] {dag.py:4180} INFO - Setting next_dagrun for dataset_s3_bucket_producer_with_no_taskflow to None, run_after=None
[2024-11-24T09:00:09.491+0000] {processor.py:208} INFO - Processing /home/airflow/.local/lib/python3.12/site-packages/airflow/example_dags/example_dataset_alias_with_no_taskflow.py took 1.140 seconds
[2024-11-24T09:00:40.436+0000] {processor.py:186} INFO - Started process (PID=3960) to work on /home/airflow/.local/lib/python3.12/site-packages/airflow/example_dags/example_dataset_alias_with_no_taskflow.py
[2024-11-24T09:00:40.438+0000] {processor.py:914} INFO - Processing file /home/airflow/.local/lib/python3.12/site-packages/airflow/example_dags/example_dataset_alias_with_no_taskflow.py for tasks to queue
[2024-11-24T09:00:40.442+0000] {logging_mixin.py:190} INFO - [2024-11-24T09:00:40.441+0000] {dagbag.py:588} INFO - Filling up the DagBag from /home/airflow/.local/lib/python3.12/site-packages/airflow/example_dags/example_dataset_alias_with_no_taskflow.py
[2024-11-24T09:00:41.102+0000] {processor.py:925} INFO - DAG(s) 'dataset_s3_bucket_producer_with_no_taskflow', 'dataset_s3_bucket_consumer_with_no_taskflow', 'dataset_alias_example_alias_producer_with_no_taskflow', 'dataset_alias_example_alias_consumer_with_no_taskflow' retrieved from /home/airflow/.local/lib/python3.12/site-packages/airflow/example_dags/example_dataset_alias_with_no_taskflow.py
[2024-11-24T09:00:41.140+0000] {logging_mixin.py:190} INFO - [2024-11-24T09:00:41.139+0000] {dag.py:3239} INFO - Sync 4 DAGs
[2024-11-24T09:00:41.172+0000] {logging_mixin.py:190} INFO - [2024-11-24T09:00:41.172+0000] {dag.py:4180} INFO - Setting next_dagrun for dataset_alias_example_alias_consumer_with_no_taskflow to None, run_after=None
[2024-11-24T09:00:41.177+0000] {logging_mixin.py:190} INFO - [2024-11-24T09:00:41.176+0000] {dag.py:4180} INFO - Setting next_dagrun for dataset_alias_example_alias_producer_with_no_taskflow to None, run_after=None
[2024-11-24T09:00:41.179+0000] {logging_mixin.py:190} INFO - [2024-11-24T09:00:41.179+0000] {dag.py:4180} INFO - Setting next_dagrun for dataset_s3_bucket_consumer_with_no_taskflow to None, run_after=None
[2024-11-24T09:00:41.183+0000] {logging_mixin.py:190} INFO - [2024-11-24T09:00:41.182+0000] {dag.py:4180} INFO - Setting next_dagrun for dataset_s3_bucket_producer_with_no_taskflow to None, run_after=None
[2024-11-24T09:00:41.217+0000] {processor.py:208} INFO - Processing /home/airflow/.local/lib/python3.12/site-packages/airflow/example_dags/example_dataset_alias_with_no_taskflow.py took 0.789 seconds
[2024-11-24T09:01:11.692+0000] {processor.py:186} INFO - Started process (PID=4254) to work on /home/airflow/.local/lib/python3.12/site-packages/airflow/example_dags/example_dataset_alias_with_no_taskflow.py
[2024-11-24T09:01:11.694+0000] {processor.py:914} INFO - Processing file /home/airflow/.local/lib/python3.12/site-packages/airflow/example_dags/example_dataset_alias_with_no_taskflow.py for tasks to queue
[2024-11-24T09:01:11.698+0000] {logging_mixin.py:190} INFO - [2024-11-24T09:01:11.697+0000] {dagbag.py:588} INFO - Filling up the DagBag from /home/airflow/.local/lib/python3.12/site-packages/airflow/example_dags/example_dataset_alias_with_no_taskflow.py
[2024-11-24T09:01:12.575+0000] {processor.py:925} INFO - DAG(s) 'dataset_alias_example_alias_producer_with_no_taskflow', 'dataset_s3_bucket_consumer_with_no_taskflow', 'dataset_alias_example_alias_consumer_with_no_taskflow', 'dataset_s3_bucket_producer_with_no_taskflow' retrieved from /home/airflow/.local/lib/python3.12/site-packages/airflow/example_dags/example_dataset_alias_with_no_taskflow.py
[2024-11-24T09:01:12.614+0000] {logging_mixin.py:190} INFO - [2024-11-24T09:01:12.613+0000] {dag.py:3239} INFO - Sync 4 DAGs
[2024-11-24T09:01:12.652+0000] {logging_mixin.py:190} INFO - [2024-11-24T09:01:12.652+0000] {dag.py:4180} INFO - Setting next_dagrun for dataset_alias_example_alias_consumer_with_no_taskflow to None, run_after=None
[2024-11-24T09:01:12.657+0000] {logging_mixin.py:190} INFO - [2024-11-24T09:01:12.657+0000] {dag.py:4180} INFO - Setting next_dagrun for dataset_alias_example_alias_producer_with_no_taskflow to None, run_after=None
[2024-11-24T09:01:12.660+0000] {logging_mixin.py:190} INFO - [2024-11-24T09:01:12.660+0000] {dag.py:4180} INFO - Setting next_dagrun for dataset_s3_bucket_consumer_with_no_taskflow to None, run_after=None
[2024-11-24T09:01:12.663+0000] {logging_mixin.py:190} INFO - [2024-11-24T09:01:12.663+0000] {dag.py:4180} INFO - Setting next_dagrun for dataset_s3_bucket_producer_with_no_taskflow to None, run_after=None
[2024-11-24T09:01:12.700+0000] {processor.py:208} INFO - Processing /home/airflow/.local/lib/python3.12/site-packages/airflow/example_dags/example_dataset_alias_with_no_taskflow.py took 1.014 seconds
[2024-11-24T09:01:42.823+0000] {processor.py:186} INFO - Started process (PID=4567) to work on /home/airflow/.local/lib/python3.12/site-packages/airflow/example_dags/example_dataset_alias_with_no_taskflow.py
[2024-11-24T09:01:42.825+0000] {processor.py:914} INFO - Processing file /home/airflow/.local/lib/python3.12/site-packages/airflow/example_dags/example_dataset_alias_with_no_taskflow.py for tasks to queue
[2024-11-24T09:01:42.827+0000] {logging_mixin.py:190} INFO - [2024-11-24T09:01:42.827+0000] {dagbag.py:588} INFO - Filling up the DagBag from /home/airflow/.local/lib/python3.12/site-packages/airflow/example_dags/example_dataset_alias_with_no_taskflow.py
[2024-11-24T09:01:43.376+0000] {processor.py:925} INFO - DAG(s) 'dataset_s3_bucket_consumer_with_no_taskflow', 'dataset_alias_example_alias_producer_with_no_taskflow', 'dataset_alias_example_alias_consumer_with_no_taskflow', 'dataset_s3_bucket_producer_with_no_taskflow' retrieved from /home/airflow/.local/lib/python3.12/site-packages/airflow/example_dags/example_dataset_alias_with_no_taskflow.py
[2024-11-24T09:01:43.402+0000] {logging_mixin.py:190} INFO - [2024-11-24T09:01:43.402+0000] {dag.py:3239} INFO - Sync 4 DAGs
[2024-11-24T09:01:43.424+0000] {logging_mixin.py:190} INFO - [2024-11-24T09:01:43.423+0000] {dag.py:4180} INFO - Setting next_dagrun for dataset_alias_example_alias_consumer_with_no_taskflow to None, run_after=None
[2024-11-24T09:01:43.427+0000] {logging_mixin.py:190} INFO - [2024-11-24T09:01:43.427+0000] {dag.py:4180} INFO - Setting next_dagrun for dataset_alias_example_alias_producer_with_no_taskflow to None, run_after=None
[2024-11-24T09:01:43.431+0000] {logging_mixin.py:190} INFO - [2024-11-24T09:01:43.431+0000] {dag.py:4180} INFO - Setting next_dagrun for dataset_s3_bucket_consumer_with_no_taskflow to None, run_after=None
[2024-11-24T09:01:43.433+0000] {logging_mixin.py:190} INFO - [2024-11-24T09:01:43.433+0000] {dag.py:4180} INFO - Setting next_dagrun for dataset_s3_bucket_producer_with_no_taskflow to None, run_after=None
[2024-11-24T09:01:43.457+0000] {processor.py:208} INFO - Processing /home/airflow/.local/lib/python3.12/site-packages/airflow/example_dags/example_dataset_alias_with_no_taskflow.py took 0.639 seconds
[2024-11-24T09:02:13.538+0000] {processor.py:186} INFO - Started process (PID=4858) to work on /home/airflow/.local/lib/python3.12/site-packages/airflow/example_dags/example_dataset_alias_with_no_taskflow.py
[2024-11-24T09:02:13.540+0000] {processor.py:914} INFO - Processing file /home/airflow/.local/lib/python3.12/site-packages/airflow/example_dags/example_dataset_alias_with_no_taskflow.py for tasks to queue
[2024-11-24T09:02:13.543+0000] {logging_mixin.py:190} INFO - [2024-11-24T09:02:13.542+0000] {dagbag.py:588} INFO - Filling up the DagBag from /home/airflow/.local/lib/python3.12/site-packages/airflow/example_dags/example_dataset_alias_with_no_taskflow.py
[2024-11-24T09:02:14.315+0000] {processor.py:925} INFO - DAG(s) 'dataset_alias_example_alias_producer_with_no_taskflow', 'dataset_s3_bucket_producer_with_no_taskflow', 'dataset_alias_example_alias_consumer_with_no_taskflow', 'dataset_s3_bucket_consumer_with_no_taskflow' retrieved from /home/airflow/.local/lib/python3.12/site-packages/airflow/example_dags/example_dataset_alias_with_no_taskflow.py
[2024-11-24T09:02:14.353+0000] {logging_mixin.py:190} INFO - [2024-11-24T09:02:14.352+0000] {dag.py:3239} INFO - Sync 4 DAGs
[2024-11-24T09:02:14.398+0000] {logging_mixin.py:190} INFO - [2024-11-24T09:02:14.398+0000] {dag.py:4180} INFO - Setting next_dagrun for dataset_alias_example_alias_consumer_with_no_taskflow to None, run_after=None
[2024-11-24T09:02:14.403+0000] {logging_mixin.py:190} INFO - [2024-11-24T09:02:14.402+0000] {dag.py:4180} INFO - Setting next_dagrun for dataset_alias_example_alias_producer_with_no_taskflow to None, run_after=None
[2024-11-24T09:02:14.406+0000] {logging_mixin.py:190} INFO - [2024-11-24T09:02:14.406+0000] {dag.py:4180} INFO - Setting next_dagrun for dataset_s3_bucket_consumer_with_no_taskflow to None, run_after=None
[2024-11-24T09:02:14.409+0000] {logging_mixin.py:190} INFO - [2024-11-24T09:02:14.409+0000] {dag.py:4180} INFO - Setting next_dagrun for dataset_s3_bucket_producer_with_no_taskflow to None, run_after=None
[2024-11-24T09:02:14.450+0000] {processor.py:208} INFO - Processing /home/airflow/.local/lib/python3.12/site-packages/airflow/example_dags/example_dataset_alias_with_no_taskflow.py took 0.921 seconds
[2024-11-24T09:02:46.790+0000] {processor.py:186} INFO - Started process (PID=5127) to work on /home/airflow/.local/lib/python3.12/site-packages/airflow/example_dags/example_dataset_alias_with_no_taskflow.py
[2024-11-24T09:02:46.794+0000] {processor.py:914} INFO - Processing file /home/airflow/.local/lib/python3.12/site-packages/airflow/example_dags/example_dataset_alias_with_no_taskflow.py for tasks to queue
[2024-11-24T09:02:46.808+0000] {logging_mixin.py:190} INFO - [2024-11-24T09:02:46.807+0000] {dagbag.py:588} INFO - Filling up the DagBag from /home/airflow/.local/lib/python3.12/site-packages/airflow/example_dags/example_dataset_alias_with_no_taskflow.py
[2024-11-24T09:02:52.915+0000] {processor.py:925} INFO - DAG(s) 'dataset_alias_example_alias_producer_with_no_taskflow', 'dataset_alias_example_alias_consumer_with_no_taskflow', 'dataset_s3_bucket_producer_with_no_taskflow', 'dataset_s3_bucket_consumer_with_no_taskflow' retrieved from /home/airflow/.local/lib/python3.12/site-packages/airflow/example_dags/example_dataset_alias_with_no_taskflow.py
[2024-11-24T09:02:53.076+0000] {logging_mixin.py:190} INFO - [2024-11-24T09:02:53.070+0000] {dag.py:3239} INFO - Sync 4 DAGs
[2024-11-24T09:02:53.352+0000] {logging_mixin.py:190} INFO - [2024-11-24T09:02:53.351+0000] {dag.py:4180} INFO - Setting next_dagrun for dataset_alias_example_alias_consumer_with_no_taskflow to None, run_after=None
[2024-11-24T09:02:53.361+0000] {logging_mixin.py:190} INFO - [2024-11-24T09:02:53.361+0000] {dag.py:4180} INFO - Setting next_dagrun for dataset_alias_example_alias_producer_with_no_taskflow to None, run_after=None
[2024-11-24T09:02:53.394+0000] {logging_mixin.py:190} INFO - [2024-11-24T09:02:53.393+0000] {dag.py:4180} INFO - Setting next_dagrun for dataset_s3_bucket_consumer_with_no_taskflow to None, run_after=None
[2024-11-24T09:02:53.407+0000] {logging_mixin.py:190} INFO - [2024-11-24T09:02:53.406+0000] {dag.py:4180} INFO - Setting next_dagrun for dataset_s3_bucket_producer_with_no_taskflow to None, run_after=None
[2024-11-24T09:02:53.617+0000] {processor.py:208} INFO - Processing /home/airflow/.local/lib/python3.12/site-packages/airflow/example_dags/example_dataset_alias_with_no_taskflow.py took 6.864 seconds
[2024-11-24T09:03:31.835+0000] {processor.py:186} INFO - Started process (PID=5428) to work on /home/airflow/.local/lib/python3.12/site-packages/airflow/example_dags/example_dataset_alias_with_no_taskflow.py
[2024-11-24T09:03:31.838+0000] {processor.py:914} INFO - Processing file /home/airflow/.local/lib/python3.12/site-packages/airflow/example_dags/example_dataset_alias_with_no_taskflow.py for tasks to queue
[2024-11-24T09:03:31.844+0000] {logging_mixin.py:190} INFO - [2024-11-24T09:03:31.844+0000] {dagbag.py:588} INFO - Filling up the DagBag from /home/airflow/.local/lib/python3.12/site-packages/airflow/example_dags/example_dataset_alias_with_no_taskflow.py
[2024-11-24T09:03:34.784+0000] {processor.py:925} INFO - DAG(s) 'dataset_s3_bucket_producer_with_no_taskflow', 'dataset_alias_example_alias_producer_with_no_taskflow', 'dataset_alias_example_alias_consumer_with_no_taskflow', 'dataset_s3_bucket_consumer_with_no_taskflow' retrieved from /home/airflow/.local/lib/python3.12/site-packages/airflow/example_dags/example_dataset_alias_with_no_taskflow.py
[2024-11-24T09:03:34.908+0000] {logging_mixin.py:190} INFO - [2024-11-24T09:03:34.905+0000] {dag.py:3239} INFO - Sync 4 DAGs
[2024-11-24T09:03:35.178+0000] {logging_mixin.py:190} INFO - [2024-11-24T09:03:35.177+0000] {dag.py:4180} INFO - Setting next_dagrun for dataset_alias_example_alias_consumer_with_no_taskflow to None, run_after=None
[2024-11-24T09:03:35.192+0000] {logging_mixin.py:190} INFO - [2024-11-24T09:03:35.190+0000] {dag.py:4180} INFO - Setting next_dagrun for dataset_alias_example_alias_producer_with_no_taskflow to None, run_after=None
[2024-11-24T09:03:35.199+0000] {logging_mixin.py:190} INFO - [2024-11-24T09:03:35.198+0000] {dag.py:4180} INFO - Setting next_dagrun for dataset_s3_bucket_consumer_with_no_taskflow to None, run_after=None
[2024-11-24T09:03:35.204+0000] {logging_mixin.py:190} INFO - [2024-11-24T09:03:35.203+0000] {dag.py:4180} INFO - Setting next_dagrun for dataset_s3_bucket_producer_with_no_taskflow to None, run_after=None
[2024-11-24T09:03:35.345+0000] {processor.py:208} INFO - Processing /home/airflow/.local/lib/python3.12/site-packages/airflow/example_dags/example_dataset_alias_with_no_taskflow.py took 3.552 seconds
[2024-11-24T09:04:05.617+0000] {processor.py:186} INFO - Started process (PID=5731) to work on /home/airflow/.local/lib/python3.12/site-packages/airflow/example_dags/example_dataset_alias_with_no_taskflow.py
[2024-11-24T09:04:05.620+0000] {processor.py:914} INFO - Processing file /home/airflow/.local/lib/python3.12/site-packages/airflow/example_dags/example_dataset_alias_with_no_taskflow.py for tasks to queue
[2024-11-24T09:04:05.625+0000] {logging_mixin.py:190} INFO - [2024-11-24T09:04:05.624+0000] {dagbag.py:588} INFO - Filling up the DagBag from /home/airflow/.local/lib/python3.12/site-packages/airflow/example_dags/example_dataset_alias_with_no_taskflow.py
[2024-11-24T09:04:06.486+0000] {processor.py:925} INFO - DAG(s) 'dataset_alias_example_alias_consumer_with_no_taskflow', 'dataset_s3_bucket_producer_with_no_taskflow', 'dataset_s3_bucket_consumer_with_no_taskflow', 'dataset_alias_example_alias_producer_with_no_taskflow' retrieved from /home/airflow/.local/lib/python3.12/site-packages/airflow/example_dags/example_dataset_alias_with_no_taskflow.py
[2024-11-24T09:04:06.523+0000] {logging_mixin.py:190} INFO - [2024-11-24T09:04:06.522+0000] {dag.py:3239} INFO - Sync 4 DAGs
[2024-11-24T09:04:06.577+0000] {logging_mixin.py:190} INFO - [2024-11-24T09:04:06.576+0000] {dag.py:4180} INFO - Setting next_dagrun for dataset_alias_example_alias_consumer_with_no_taskflow to None, run_after=None
[2024-11-24T09:04:06.582+0000] {logging_mixin.py:190} INFO - [2024-11-24T09:04:06.581+0000] {dag.py:4180} INFO - Setting next_dagrun for dataset_alias_example_alias_producer_with_no_taskflow to None, run_after=None
[2024-11-24T09:04:06.585+0000] {logging_mixin.py:190} INFO - [2024-11-24T09:04:06.584+0000] {dag.py:4180} INFO - Setting next_dagrun for dataset_s3_bucket_consumer_with_no_taskflow to None, run_after=None
[2024-11-24T09:04:06.588+0000] {logging_mixin.py:190} INFO - [2024-11-24T09:04:06.587+0000] {dag.py:4180} INFO - Setting next_dagrun for dataset_s3_bucket_producer_with_no_taskflow to None, run_after=None
[2024-11-24T09:04:06.626+0000] {processor.py:208} INFO - Processing /home/airflow/.local/lib/python3.12/site-packages/airflow/example_dags/example_dataset_alias_with_no_taskflow.py took 1.019 seconds
[2024-11-24T09:04:37.546+0000] {processor.py:186} INFO - Started process (PID=6027) to work on /home/airflow/.local/lib/python3.12/site-packages/airflow/example_dags/example_dataset_alias_with_no_taskflow.py
[2024-11-24T09:04:37.549+0000] {processor.py:914} INFO - Processing file /home/airflow/.local/lib/python3.12/site-packages/airflow/example_dags/example_dataset_alias_with_no_taskflow.py for tasks to queue
[2024-11-24T09:04:37.552+0000] {logging_mixin.py:190} INFO - [2024-11-24T09:04:37.552+0000] {dagbag.py:588} INFO - Filling up the DagBag from /home/airflow/.local/lib/python3.12/site-packages/airflow/example_dags/example_dataset_alias_with_no_taskflow.py
[2024-11-24T09:04:38.498+0000] {processor.py:925} INFO - DAG(s) 'dataset_alias_example_alias_producer_with_no_taskflow', 'dataset_s3_bucket_producer_with_no_taskflow', 'dataset_s3_bucket_consumer_with_no_taskflow', 'dataset_alias_example_alias_consumer_with_no_taskflow' retrieved from /home/airflow/.local/lib/python3.12/site-packages/airflow/example_dags/example_dataset_alias_with_no_taskflow.py
[2024-11-24T09:04:38.543+0000] {logging_mixin.py:190} INFO - [2024-11-24T09:04:38.542+0000] {dag.py:3239} INFO - Sync 4 DAGs
[2024-11-24T09:04:38.590+0000] {logging_mixin.py:190} INFO - [2024-11-24T09:04:38.589+0000] {dag.py:4180} INFO - Setting next_dagrun for dataset_alias_example_alias_consumer_with_no_taskflow to None, run_after=None
[2024-11-24T09:04:38.595+0000] {logging_mixin.py:190} INFO - [2024-11-24T09:04:38.595+0000] {dag.py:4180} INFO - Setting next_dagrun for dataset_alias_example_alias_producer_with_no_taskflow to None, run_after=None
[2024-11-24T09:04:38.598+0000] {logging_mixin.py:190} INFO - [2024-11-24T09:04:38.598+0000] {dag.py:4180} INFO - Setting next_dagrun for dataset_s3_bucket_consumer_with_no_taskflow to None, run_after=None
[2024-11-24T09:04:38.603+0000] {logging_mixin.py:190} INFO - [2024-11-24T09:04:38.602+0000] {dag.py:4180} INFO - Setting next_dagrun for dataset_s3_bucket_producer_with_no_taskflow to None, run_after=None
[2024-11-24T09:04:38.640+0000] {processor.py:208} INFO - Processing /home/airflow/.local/lib/python3.12/site-packages/airflow/example_dags/example_dataset_alias_with_no_taskflow.py took 1.103 seconds
[2024-11-24T09:05:09.210+0000] {processor.py:186} INFO - Started process (PID=6333) to work on /home/airflow/.local/lib/python3.12/site-packages/airflow/example_dags/example_dataset_alias_with_no_taskflow.py
[2024-11-24T09:05:09.213+0000] {processor.py:914} INFO - Processing file /home/airflow/.local/lib/python3.12/site-packages/airflow/example_dags/example_dataset_alias_with_no_taskflow.py for tasks to queue
[2024-11-24T09:05:09.219+0000] {logging_mixin.py:190} INFO - [2024-11-24T09:05:09.218+0000] {dagbag.py:588} INFO - Filling up the DagBag from /home/airflow/.local/lib/python3.12/site-packages/airflow/example_dags/example_dataset_alias_with_no_taskflow.py
[2024-11-24T09:05:10.623+0000] {processor.py:925} INFO - DAG(s) 'dataset_alias_example_alias_consumer_with_no_taskflow', 'dataset_s3_bucket_producer_with_no_taskflow', 'dataset_s3_bucket_consumer_with_no_taskflow', 'dataset_alias_example_alias_producer_with_no_taskflow' retrieved from /home/airflow/.local/lib/python3.12/site-packages/airflow/example_dags/example_dataset_alias_with_no_taskflow.py
[2024-11-24T09:05:10.666+0000] {logging_mixin.py:190} INFO - [2024-11-24T09:05:10.665+0000] {dag.py:3239} INFO - Sync 4 DAGs
[2024-11-24T09:05:10.712+0000] {logging_mixin.py:190} INFO - [2024-11-24T09:05:10.712+0000] {dag.py:4180} INFO - Setting next_dagrun for dataset_alias_example_alias_consumer_with_no_taskflow to None, run_after=None
[2024-11-24T09:05:10.717+0000] {logging_mixin.py:190} INFO - [2024-11-24T09:05:10.717+0000] {dag.py:4180} INFO - Setting next_dagrun for dataset_alias_example_alias_producer_with_no_taskflow to None, run_after=None
[2024-11-24T09:05:10.721+0000] {logging_mixin.py:190} INFO - [2024-11-24T09:05:10.720+0000] {dag.py:4180} INFO - Setting next_dagrun for dataset_s3_bucket_consumer_with_no_taskflow to None, run_after=None
[2024-11-24T09:05:10.724+0000] {logging_mixin.py:190} INFO - [2024-11-24T09:05:10.723+0000] {dag.py:4180} INFO - Setting next_dagrun for dataset_s3_bucket_producer_with_no_taskflow to None, run_after=None
[2024-11-24T09:05:10.767+0000] {processor.py:208} INFO - Processing /home/airflow/.local/lib/python3.12/site-packages/airflow/example_dags/example_dataset_alias_with_no_taskflow.py took 1.572 seconds
[2024-11-24T09:05:40.889+0000] {processor.py:186} INFO - Started process (PID=6607) to work on /home/airflow/.local/lib/python3.12/site-packages/airflow/example_dags/example_dataset_alias_with_no_taskflow.py
[2024-11-24T09:05:40.894+0000] {processor.py:914} INFO - Processing file /home/airflow/.local/lib/python3.12/site-packages/airflow/example_dags/example_dataset_alias_with_no_taskflow.py for tasks to queue
[2024-11-24T09:05:40.901+0000] {logging_mixin.py:190} INFO - [2024-11-24T09:05:40.900+0000] {dagbag.py:588} INFO - Filling up the DagBag from /home/airflow/.local/lib/python3.12/site-packages/airflow/example_dags/example_dataset_alias_with_no_taskflow.py
[2024-11-24T09:05:42.921+0000] {processor.py:925} INFO - DAG(s) 'dataset_s3_bucket_consumer_with_no_taskflow', 'dataset_s3_bucket_producer_with_no_taskflow', 'dataset_alias_example_alias_producer_with_no_taskflow', 'dataset_alias_example_alias_consumer_with_no_taskflow' retrieved from /home/airflow/.local/lib/python3.12/site-packages/airflow/example_dags/example_dataset_alias_with_no_taskflow.py
[2024-11-24T09:05:42.973+0000] {logging_mixin.py:190} INFO - [2024-11-24T09:05:42.972+0000] {dag.py:3239} INFO - Sync 4 DAGs
[2024-11-24T09:05:43.026+0000] {logging_mixin.py:190} INFO - [2024-11-24T09:05:43.025+0000] {dag.py:4180} INFO - Setting next_dagrun for dataset_alias_example_alias_consumer_with_no_taskflow to None, run_after=None
[2024-11-24T09:05:43.032+0000] {logging_mixin.py:190} INFO - [2024-11-24T09:05:43.031+0000] {dag.py:4180} INFO - Setting next_dagrun for dataset_alias_example_alias_producer_with_no_taskflow to None, run_after=None
[2024-11-24T09:05:43.036+0000] {logging_mixin.py:190} INFO - [2024-11-24T09:05:43.035+0000] {dag.py:4180} INFO - Setting next_dagrun for dataset_s3_bucket_consumer_with_no_taskflow to None, run_after=None
[2024-11-24T09:05:43.039+0000] {logging_mixin.py:190} INFO - [2024-11-24T09:05:43.039+0000] {dag.py:4180} INFO - Setting next_dagrun for dataset_s3_bucket_producer_with_no_taskflow to None, run_after=None
[2024-11-24T09:05:43.090+0000] {processor.py:208} INFO - Processing /home/airflow/.local/lib/python3.12/site-packages/airflow/example_dags/example_dataset_alias_with_no_taskflow.py took 2.218 seconds
[2024-11-24T09:06:13.231+0000] {processor.py:186} INFO - Started process (PID=6910) to work on /home/airflow/.local/lib/python3.12/site-packages/airflow/example_dags/example_dataset_alias_with_no_taskflow.py
[2024-11-24T09:06:13.237+0000] {processor.py:914} INFO - Processing file /home/airflow/.local/lib/python3.12/site-packages/airflow/example_dags/example_dataset_alias_with_no_taskflow.py for tasks to queue
[2024-11-24T09:06:13.242+0000] {logging_mixin.py:190} INFO - [2024-11-24T09:06:13.241+0000] {dagbag.py:588} INFO - Filling up the DagBag from /home/airflow/.local/lib/python3.12/site-packages/airflow/example_dags/example_dataset_alias_with_no_taskflow.py
[2024-11-24T09:06:14.036+0000] {processor.py:925} INFO - DAG(s) 'dataset_alias_example_alias_producer_with_no_taskflow', 'dataset_alias_example_alias_consumer_with_no_taskflow', 'dataset_s3_bucket_consumer_with_no_taskflow', 'dataset_s3_bucket_producer_with_no_taskflow' retrieved from /home/airflow/.local/lib/python3.12/site-packages/airflow/example_dags/example_dataset_alias_with_no_taskflow.py
[2024-11-24T09:06:14.071+0000] {logging_mixin.py:190} INFO - [2024-11-24T09:06:14.070+0000] {dag.py:3239} INFO - Sync 4 DAGs
[2024-11-24T09:06:14.137+0000] {logging_mixin.py:190} INFO - [2024-11-24T09:06:14.137+0000] {dag.py:4180} INFO - Setting next_dagrun for dataset_alias_example_alias_consumer_with_no_taskflow to None, run_after=None
[2024-11-24T09:06:14.141+0000] {logging_mixin.py:190} INFO - [2024-11-24T09:06:14.141+0000] {dag.py:4180} INFO - Setting next_dagrun for dataset_alias_example_alias_producer_with_no_taskflow to None, run_after=None
[2024-11-24T09:06:14.145+0000] {logging_mixin.py:190} INFO - [2024-11-24T09:06:14.145+0000] {dag.py:4180} INFO - Setting next_dagrun for dataset_s3_bucket_consumer_with_no_taskflow to None, run_after=None
[2024-11-24T09:06:14.148+0000] {logging_mixin.py:190} INFO - [2024-11-24T09:06:14.148+0000] {dag.py:4180} INFO - Setting next_dagrun for dataset_s3_bucket_producer_with_no_taskflow to None, run_after=None
[2024-11-24T09:06:14.180+0000] {processor.py:208} INFO - Processing /home/airflow/.local/lib/python3.12/site-packages/airflow/example_dags/example_dataset_alias_with_no_taskflow.py took 0.957 seconds
