[2024-11-24T08:43:02.893+0000] {processor.py:186} INFO - Started process (PID=383) to work on /home/airflow/.local/lib/python3.12/site-packages/airflow/example_dags/example_latest_only.py
[2024-11-24T08:43:02.894+0000] {processor.py:914} INFO - Processing file /home/airflow/.local/lib/python3.12/site-packages/airflow/example_dags/example_latest_only.py for tasks to queue
[2024-11-24T08:43:02.898+0000] {logging_mixin.py:190} INFO - [2024-11-24T08:43:02.897+0000] {dagbag.py:588} INFO - Filling up the DagBag from /home/airflow/.local/lib/python3.12/site-packages/airflow/example_dags/example_latest_only.py
[2024-11-24T08:43:02.907+0000] {processor.py:925} INFO - DAG(s) 'latest_only' retrieved from /home/airflow/.local/lib/python3.12/site-packages/airflow/example_dags/example_latest_only.py
[2024-11-24T08:43:03.053+0000] {logging_mixin.py:190} INFO - [2024-11-24T08:43:03.052+0000] {override.py:1911} INFO - Created Permission View: can read on DAG:latest_only
[2024-11-24T08:43:03.065+0000] {logging_mixin.py:190} INFO - [2024-11-24T08:43:03.065+0000] {override.py:1911} INFO - Created Permission View: can edit on DAG:latest_only
[2024-11-24T08:43:03.077+0000] {logging_mixin.py:190} INFO - [2024-11-24T08:43:03.076+0000] {override.py:1911} INFO - Created Permission View: can delete on DAG:latest_only
[2024-11-24T08:43:03.090+0000] {logging_mixin.py:190} INFO - [2024-11-24T08:43:03.089+0000] {override.py:1911} INFO - Created Permission View: can read on DAG Run:latest_only
[2024-11-24T08:43:03.100+0000] {logging_mixin.py:190} INFO - [2024-11-24T08:43:03.100+0000] {override.py:1911} INFO - Created Permission View: can delete on DAG Run:latest_only
[2024-11-24T08:43:03.110+0000] {logging_mixin.py:190} INFO - [2024-11-24T08:43:03.109+0000] {override.py:1911} INFO - Created Permission View: can create on DAG Run:latest_only
[2024-11-24T08:43:03.119+0000] {logging_mixin.py:190} INFO - [2024-11-24T08:43:03.119+0000] {override.py:1911} INFO - Created Permission View: menu access on DAG Run:latest_only
[2024-11-24T08:43:03.121+0000] {logging_mixin.py:190} INFO - [2024-11-24T08:43:03.120+0000] {dag.py:3239} INFO - Sync 1 DAGs
[2024-11-24T08:43:03.139+0000] {logging_mixin.py:190} INFO - [2024-11-24T08:43:03.139+0000] {dag.py:3262} INFO - Creating ORM DAG for latest_only
[2024-11-24T08:43:03.154+0000] {logging_mixin.py:190} INFO - [2024-11-24T08:43:03.153+0000] {dag.py:4180} INFO - Setting next_dagrun for latest_only to 2024-11-24 04:00:00+00:00, run_after=2024-11-24 08:00:00+00:00
[2024-11-24T08:43:03.182+0000] {processor.py:208} INFO - Processing /home/airflow/.local/lib/python3.12/site-packages/airflow/example_dags/example_latest_only.py took 0.299 seconds
[2024-11-24T08:43:33.225+0000] {processor.py:186} INFO - Started process (PID=669) to work on /home/airflow/.local/lib/python3.12/site-packages/airflow/example_dags/example_latest_only.py
[2024-11-24T08:43:33.228+0000] {processor.py:914} INFO - Processing file /home/airflow/.local/lib/python3.12/site-packages/airflow/example_dags/example_latest_only.py for tasks to queue
[2024-11-24T08:43:33.231+0000] {logging_mixin.py:190} INFO - [2024-11-24T08:43:33.230+0000] {dagbag.py:588} INFO - Filling up the DagBag from /home/airflow/.local/lib/python3.12/site-packages/airflow/example_dags/example_latest_only.py
[2024-11-24T08:43:33.241+0000] {processor.py:925} INFO - DAG(s) 'latest_only' retrieved from /home/airflow/.local/lib/python3.12/site-packages/airflow/example_dags/example_latest_only.py
[2024-11-24T08:43:33.268+0000] {logging_mixin.py:190} INFO - [2024-11-24T08:43:33.268+0000] {dag.py:3239} INFO - Sync 1 DAGs
[2024-11-24T08:43:33.305+0000] {logging_mixin.py:190} INFO - [2024-11-24T08:43:33.305+0000] {dag.py:4180} INFO - Setting next_dagrun for latest_only to 2024-11-24 04:00:00+00:00, run_after=2024-11-24 08:00:00+00:00
[2024-11-24T08:43:33.335+0000] {processor.py:208} INFO - Processing /home/airflow/.local/lib/python3.12/site-packages/airflow/example_dags/example_latest_only.py took 0.118 seconds
[2024-11-24T08:44:04.211+0000] {processor.py:186} INFO - Started process (PID=960) to work on /home/airflow/.local/lib/python3.12/site-packages/airflow/example_dags/example_latest_only.py
[2024-11-24T08:44:04.213+0000] {processor.py:914} INFO - Processing file /home/airflow/.local/lib/python3.12/site-packages/airflow/example_dags/example_latest_only.py for tasks to queue
[2024-11-24T08:44:04.216+0000] {logging_mixin.py:190} INFO - [2024-11-24T08:44:04.216+0000] {dagbag.py:588} INFO - Filling up the DagBag from /home/airflow/.local/lib/python3.12/site-packages/airflow/example_dags/example_latest_only.py
[2024-11-24T08:44:04.225+0000] {processor.py:925} INFO - DAG(s) 'latest_only' retrieved from /home/airflow/.local/lib/python3.12/site-packages/airflow/example_dags/example_latest_only.py
[2024-11-24T08:44:04.251+0000] {logging_mixin.py:190} INFO - [2024-11-24T08:44:04.251+0000] {dag.py:3239} INFO - Sync 1 DAGs
[2024-11-24T08:44:04.283+0000] {logging_mixin.py:190} INFO - [2024-11-24T08:44:04.283+0000] {dag.py:4180} INFO - Setting next_dagrun for latest_only to 2024-11-24 04:00:00+00:00, run_after=2024-11-24 08:00:00+00:00
[2024-11-24T08:44:04.300+0000] {processor.py:208} INFO - Processing /home/airflow/.local/lib/python3.12/site-packages/airflow/example_dags/example_latest_only.py took 0.097 seconds
[2024-11-24T08:44:34.616+0000] {processor.py:186} INFO - Started process (PID=1251) to work on /home/airflow/.local/lib/python3.12/site-packages/airflow/example_dags/example_latest_only.py
[2024-11-24T08:44:34.621+0000] {processor.py:914} INFO - Processing file /home/airflow/.local/lib/python3.12/site-packages/airflow/example_dags/example_latest_only.py for tasks to queue
[2024-11-24T08:44:34.625+0000] {logging_mixin.py:190} INFO - [2024-11-24T08:44:34.625+0000] {dagbag.py:588} INFO - Filling up the DagBag from /home/airflow/.local/lib/python3.12/site-packages/airflow/example_dags/example_latest_only.py
[2024-11-24T08:44:34.635+0000] {processor.py:925} INFO - DAG(s) 'latest_only' retrieved from /home/airflow/.local/lib/python3.12/site-packages/airflow/example_dags/example_latest_only.py
[2024-11-24T08:44:34.662+0000] {logging_mixin.py:190} INFO - [2024-11-24T08:44:34.662+0000] {dag.py:3239} INFO - Sync 1 DAGs
[2024-11-24T08:44:34.697+0000] {logging_mixin.py:190} INFO - [2024-11-24T08:44:34.697+0000] {dag.py:4180} INFO - Setting next_dagrun for latest_only to 2024-11-24 04:00:00+00:00, run_after=2024-11-24 08:00:00+00:00
[2024-11-24T08:44:34.739+0000] {processor.py:208} INFO - Processing /home/airflow/.local/lib/python3.12/site-packages/airflow/example_dags/example_latest_only.py took 0.133 seconds
[2024-11-24T08:45:04.820+0000] {processor.py:186} INFO - Started process (PID=1539) to work on /home/airflow/.local/lib/python3.12/site-packages/airflow/example_dags/example_latest_only.py
[2024-11-24T08:45:04.822+0000] {processor.py:914} INFO - Processing file /home/airflow/.local/lib/python3.12/site-packages/airflow/example_dags/example_latest_only.py for tasks to queue
[2024-11-24T08:45:04.825+0000] {logging_mixin.py:190} INFO - [2024-11-24T08:45:04.824+0000] {dagbag.py:588} INFO - Filling up the DagBag from /home/airflow/.local/lib/python3.12/site-packages/airflow/example_dags/example_latest_only.py
[2024-11-24T08:45:04.832+0000] {processor.py:925} INFO - DAG(s) 'latest_only' retrieved from /home/airflow/.local/lib/python3.12/site-packages/airflow/example_dags/example_latest_only.py
[2024-11-24T08:45:04.853+0000] {logging_mixin.py:190} INFO - [2024-11-24T08:45:04.852+0000] {dag.py:3239} INFO - Sync 1 DAGs
[2024-11-24T08:45:04.876+0000] {logging_mixin.py:190} INFO - [2024-11-24T08:45:04.876+0000] {dag.py:4180} INFO - Setting next_dagrun for latest_only to 2024-11-24 04:00:00+00:00, run_after=2024-11-24 08:00:00+00:00
[2024-11-24T08:45:04.899+0000] {processor.py:208} INFO - Processing /home/airflow/.local/lib/python3.12/site-packages/airflow/example_dags/example_latest_only.py took 0.085 seconds
[2024-11-24T08:45:36.671+0000] {processor.py:186} INFO - Started process (PID=1828) to work on /home/airflow/.local/lib/python3.12/site-packages/airflow/example_dags/example_latest_only.py
[2024-11-24T08:45:36.674+0000] {processor.py:914} INFO - Processing file /home/airflow/.local/lib/python3.12/site-packages/airflow/example_dags/example_latest_only.py for tasks to queue
[2024-11-24T08:45:36.678+0000] {logging_mixin.py:190} INFO - [2024-11-24T08:45:36.677+0000] {dagbag.py:588} INFO - Filling up the DagBag from /home/airflow/.local/lib/python3.12/site-packages/airflow/example_dags/example_latest_only.py
[2024-11-24T08:45:36.694+0000] {processor.py:925} INFO - DAG(s) 'latest_only' retrieved from /home/airflow/.local/lib/python3.12/site-packages/airflow/example_dags/example_latest_only.py
[2024-11-24T08:45:36.721+0000] {logging_mixin.py:190} INFO - [2024-11-24T08:45:36.721+0000] {dag.py:3239} INFO - Sync 1 DAGs
[2024-11-24T08:45:36.754+0000] {logging_mixin.py:190} INFO - [2024-11-24T08:45:36.754+0000] {dag.py:4180} INFO - Setting next_dagrun for latest_only to 2024-11-24 04:00:00+00:00, run_after=2024-11-24 08:00:00+00:00
[2024-11-24T08:45:36.782+0000] {processor.py:208} INFO - Processing /home/airflow/.local/lib/python3.12/site-packages/airflow/example_dags/example_latest_only.py took 0.130 seconds
[2024-11-24T08:46:07.298+0000] {processor.py:186} INFO - Started process (PID=2121) to work on /home/airflow/.local/lib/python3.12/site-packages/airflow/example_dags/example_latest_only.py
[2024-11-24T08:46:07.300+0000] {processor.py:914} INFO - Processing file /home/airflow/.local/lib/python3.12/site-packages/airflow/example_dags/example_latest_only.py for tasks to queue
[2024-11-24T08:46:07.303+0000] {logging_mixin.py:190} INFO - [2024-11-24T08:46:07.303+0000] {dagbag.py:588} INFO - Filling up the DagBag from /home/airflow/.local/lib/python3.12/site-packages/airflow/example_dags/example_latest_only.py
[2024-11-24T08:46:07.310+0000] {processor.py:925} INFO - DAG(s) 'latest_only' retrieved from /home/airflow/.local/lib/python3.12/site-packages/airflow/example_dags/example_latest_only.py
[2024-11-24T08:46:07.337+0000] {logging_mixin.py:190} INFO - [2024-11-24T08:46:07.337+0000] {dag.py:3239} INFO - Sync 1 DAGs
[2024-11-24T08:46:07.360+0000] {logging_mixin.py:190} INFO - [2024-11-24T08:46:07.360+0000] {dag.py:4180} INFO - Setting next_dagrun for latest_only to 2024-11-24 04:00:00+00:00, run_after=2024-11-24 08:00:00+00:00
[2024-11-24T08:46:07.386+0000] {processor.py:208} INFO - Processing /home/airflow/.local/lib/python3.12/site-packages/airflow/example_dags/example_latest_only.py took 0.094 seconds
[2024-11-24T08:46:39.569+0000] {processor.py:186} INFO - Started process (PID=2415) to work on /home/airflow/.local/lib/python3.12/site-packages/airflow/example_dags/example_latest_only.py
[2024-11-24T08:46:39.571+0000] {processor.py:914} INFO - Processing file /home/airflow/.local/lib/python3.12/site-packages/airflow/example_dags/example_latest_only.py for tasks to queue
[2024-11-24T08:46:39.577+0000] {logging_mixin.py:190} INFO - [2024-11-24T08:46:39.577+0000] {dagbag.py:588} INFO - Filling up the DagBag from /home/airflow/.local/lib/python3.12/site-packages/airflow/example_dags/example_latest_only.py
[2024-11-24T08:46:39.589+0000] {processor.py:925} INFO - DAG(s) 'latest_only' retrieved from /home/airflow/.local/lib/python3.12/site-packages/airflow/example_dags/example_latest_only.py
[2024-11-24T08:46:39.622+0000] {logging_mixin.py:190} INFO - [2024-11-24T08:46:39.622+0000] {dag.py:3239} INFO - Sync 1 DAGs
[2024-11-24T08:46:39.656+0000] {logging_mixin.py:190} INFO - [2024-11-24T08:46:39.656+0000] {dag.py:4180} INFO - Setting next_dagrun for latest_only to 2024-11-24 04:00:00+00:00, run_after=2024-11-24 08:00:00+00:00
[2024-11-24T08:46:39.686+0000] {processor.py:208} INFO - Processing /home/airflow/.local/lib/python3.12/site-packages/airflow/example_dags/example_latest_only.py took 0.126 seconds
[2024-11-24T08:47:11.292+0000] {processor.py:186} INFO - Started process (PID=2706) to work on /home/airflow/.local/lib/python3.12/site-packages/airflow/example_dags/example_latest_only.py
[2024-11-24T08:47:11.294+0000] {processor.py:914} INFO - Processing file /home/airflow/.local/lib/python3.12/site-packages/airflow/example_dags/example_latest_only.py for tasks to queue
[2024-11-24T08:47:11.297+0000] {logging_mixin.py:190} INFO - [2024-11-24T08:47:11.297+0000] {dagbag.py:588} INFO - Filling up the DagBag from /home/airflow/.local/lib/python3.12/site-packages/airflow/example_dags/example_latest_only.py
[2024-11-24T08:47:11.308+0000] {processor.py:925} INFO - DAG(s) 'latest_only' retrieved from /home/airflow/.local/lib/python3.12/site-packages/airflow/example_dags/example_latest_only.py
[2024-11-24T08:47:11.337+0000] {logging_mixin.py:190} INFO - [2024-11-24T08:47:11.337+0000] {dag.py:3239} INFO - Sync 1 DAGs
[2024-11-24T08:47:11.371+0000] {logging_mixin.py:190} INFO - [2024-11-24T08:47:11.371+0000] {dag.py:4180} INFO - Setting next_dagrun for latest_only to 2024-11-24 04:00:00+00:00, run_after=2024-11-24 08:00:00+00:00
[2024-11-24T08:47:11.413+0000] {processor.py:208} INFO - Processing /home/airflow/.local/lib/python3.12/site-packages/airflow/example_dags/example_latest_only.py took 0.130 seconds
[2024-11-24T08:47:43.293+0000] {processor.py:186} INFO - Started process (PID=2997) to work on /home/airflow/.local/lib/python3.12/site-packages/airflow/example_dags/example_latest_only.py
[2024-11-24T08:47:43.295+0000] {processor.py:914} INFO - Processing file /home/airflow/.local/lib/python3.12/site-packages/airflow/example_dags/example_latest_only.py for tasks to queue
[2024-11-24T08:47:43.299+0000] {logging_mixin.py:190} INFO - [2024-11-24T08:47:43.299+0000] {dagbag.py:588} INFO - Filling up the DagBag from /home/airflow/.local/lib/python3.12/site-packages/airflow/example_dags/example_latest_only.py
[2024-11-24T08:47:43.316+0000] {processor.py:925} INFO - DAG(s) 'latest_only' retrieved from /home/airflow/.local/lib/python3.12/site-packages/airflow/example_dags/example_latest_only.py
[2024-11-24T08:47:43.352+0000] {logging_mixin.py:190} INFO - [2024-11-24T08:47:43.351+0000] {dag.py:3239} INFO - Sync 1 DAGs
[2024-11-24T08:47:43.396+0000] {logging_mixin.py:190} INFO - [2024-11-24T08:47:43.395+0000] {dag.py:4180} INFO - Setting next_dagrun for latest_only to 2024-11-24 04:00:00+00:00, run_after=2024-11-24 08:00:00+00:00
[2024-11-24T08:47:43.425+0000] {processor.py:208} INFO - Processing /home/airflow/.local/lib/python3.12/site-packages/airflow/example_dags/example_latest_only.py took 0.141 seconds
[2024-11-24T08:48:14.473+0000] {processor.py:186} INFO - Started process (PID=3288) to work on /home/airflow/.local/lib/python3.12/site-packages/airflow/example_dags/example_latest_only.py
[2024-11-24T08:48:14.475+0000] {processor.py:914} INFO - Processing file /home/airflow/.local/lib/python3.12/site-packages/airflow/example_dags/example_latest_only.py for tasks to queue
[2024-11-24T08:48:14.478+0000] {logging_mixin.py:190} INFO - [2024-11-24T08:48:14.478+0000] {dagbag.py:588} INFO - Filling up the DagBag from /home/airflow/.local/lib/python3.12/site-packages/airflow/example_dags/example_latest_only.py
[2024-11-24T08:48:14.490+0000] {processor.py:925} INFO - DAG(s) 'latest_only' retrieved from /home/airflow/.local/lib/python3.12/site-packages/airflow/example_dags/example_latest_only.py
[2024-11-24T08:48:14.523+0000] {logging_mixin.py:190} INFO - [2024-11-24T08:48:14.523+0000] {dag.py:3239} INFO - Sync 1 DAGs
[2024-11-24T08:48:14.561+0000] {logging_mixin.py:190} INFO - [2024-11-24T08:48:14.561+0000] {dag.py:4180} INFO - Setting next_dagrun for latest_only to 2024-11-24 04:00:00+00:00, run_after=2024-11-24 08:00:00+00:00
[2024-11-24T08:48:14.592+0000] {processor.py:208} INFO - Processing /home/airflow/.local/lib/python3.12/site-packages/airflow/example_dags/example_latest_only.py took 0.129 seconds
[2024-11-24T08:48:46.227+0000] {processor.py:186} INFO - Started process (PID=3579) to work on /home/airflow/.local/lib/python3.12/site-packages/airflow/example_dags/example_latest_only.py
[2024-11-24T08:48:46.229+0000] {processor.py:914} INFO - Processing file /home/airflow/.local/lib/python3.12/site-packages/airflow/example_dags/example_latest_only.py for tasks to queue
[2024-11-24T08:48:46.233+0000] {logging_mixin.py:190} INFO - [2024-11-24T08:48:46.232+0000] {dagbag.py:588} INFO - Filling up the DagBag from /home/airflow/.local/lib/python3.12/site-packages/airflow/example_dags/example_latest_only.py
[2024-11-24T08:48:46.246+0000] {processor.py:925} INFO - DAG(s) 'latest_only' retrieved from /home/airflow/.local/lib/python3.12/site-packages/airflow/example_dags/example_latest_only.py
[2024-11-24T08:48:46.281+0000] {logging_mixin.py:190} INFO - [2024-11-24T08:48:46.280+0000] {dag.py:3239} INFO - Sync 1 DAGs
[2024-11-24T08:48:46.326+0000] {logging_mixin.py:190} INFO - [2024-11-24T08:48:46.325+0000] {dag.py:4180} INFO - Setting next_dagrun for latest_only to 2024-11-24 04:00:00+00:00, run_after=2024-11-24 08:00:00+00:00
[2024-11-24T08:48:46.356+0000] {processor.py:208} INFO - Processing /home/airflow/.local/lib/python3.12/site-packages/airflow/example_dags/example_latest_only.py took 0.140 seconds
[2024-11-24T08:49:17.599+0000] {processor.py:186} INFO - Started process (PID=3870) to work on /home/airflow/.local/lib/python3.12/site-packages/airflow/example_dags/example_latest_only.py
[2024-11-24T08:49:17.601+0000] {processor.py:914} INFO - Processing file /home/airflow/.local/lib/python3.12/site-packages/airflow/example_dags/example_latest_only.py for tasks to queue
[2024-11-24T08:49:17.605+0000] {logging_mixin.py:190} INFO - [2024-11-24T08:49:17.605+0000] {dagbag.py:588} INFO - Filling up the DagBag from /home/airflow/.local/lib/python3.12/site-packages/airflow/example_dags/example_latest_only.py
[2024-11-24T08:49:17.617+0000] {processor.py:925} INFO - DAG(s) 'latest_only' retrieved from /home/airflow/.local/lib/python3.12/site-packages/airflow/example_dags/example_latest_only.py
[2024-11-24T08:49:17.657+0000] {logging_mixin.py:190} INFO - [2024-11-24T08:49:17.656+0000] {dag.py:3239} INFO - Sync 1 DAGs
[2024-11-24T08:49:17.711+0000] {logging_mixin.py:190} INFO - [2024-11-24T08:49:17.711+0000] {dag.py:4180} INFO - Setting next_dagrun for latest_only to 2024-11-24 04:00:00+00:00, run_after=2024-11-24 08:00:00+00:00
[2024-11-24T08:49:17.754+0000] {processor.py:208} INFO - Processing /home/airflow/.local/lib/python3.12/site-packages/airflow/example_dags/example_latest_only.py took 0.167 seconds
[2024-11-24T08:49:49.504+0000] {processor.py:186} INFO - Started process (PID=4163) to work on /home/airflow/.local/lib/python3.12/site-packages/airflow/example_dags/example_latest_only.py
[2024-11-24T08:49:49.506+0000] {processor.py:914} INFO - Processing file /home/airflow/.local/lib/python3.12/site-packages/airflow/example_dags/example_latest_only.py for tasks to queue
[2024-11-24T08:49:49.511+0000] {logging_mixin.py:190} INFO - [2024-11-24T08:49:49.510+0000] {dagbag.py:588} INFO - Filling up the DagBag from /home/airflow/.local/lib/python3.12/site-packages/airflow/example_dags/example_latest_only.py
[2024-11-24T08:49:49.525+0000] {processor.py:925} INFO - DAG(s) 'latest_only' retrieved from /home/airflow/.local/lib/python3.12/site-packages/airflow/example_dags/example_latest_only.py
[2024-11-24T08:49:49.564+0000] {logging_mixin.py:190} INFO - [2024-11-24T08:49:49.563+0000] {dag.py:3239} INFO - Sync 1 DAGs
[2024-11-24T08:49:49.604+0000] {logging_mixin.py:190} INFO - [2024-11-24T08:49:49.604+0000] {dag.py:4180} INFO - Setting next_dagrun for latest_only to 2024-11-24 04:00:00+00:00, run_after=2024-11-24 08:00:00+00:00
[2024-11-24T08:49:49.637+0000] {processor.py:208} INFO - Processing /home/airflow/.local/lib/python3.12/site-packages/airflow/example_dags/example_latest_only.py took 0.144 seconds
[2024-11-24T08:50:24.540+0000] {processor.py:186} INFO - Started process (PID=4463) to work on /home/airflow/.local/lib/python3.12/site-packages/airflow/example_dags/example_latest_only.py
[2024-11-24T08:50:24.542+0000] {processor.py:914} INFO - Processing file /home/airflow/.local/lib/python3.12/site-packages/airflow/example_dags/example_latest_only.py for tasks to queue
[2024-11-24T08:50:24.547+0000] {logging_mixin.py:190} INFO - [2024-11-24T08:50:24.547+0000] {dagbag.py:588} INFO - Filling up the DagBag from /home/airflow/.local/lib/python3.12/site-packages/airflow/example_dags/example_latest_only.py
[2024-11-24T08:50:24.563+0000] {processor.py:925} INFO - DAG(s) 'latest_only' retrieved from /home/airflow/.local/lib/python3.12/site-packages/airflow/example_dags/example_latest_only.py
[2024-11-24T08:50:24.604+0000] {logging_mixin.py:190} INFO - [2024-11-24T08:50:24.604+0000] {dag.py:3239} INFO - Sync 1 DAGs
[2024-11-24T08:50:24.664+0000] {logging_mixin.py:190} INFO - [2024-11-24T08:50:24.664+0000] {dag.py:4180} INFO - Setting next_dagrun for latest_only to 2024-11-24 04:00:00+00:00, run_after=2024-11-24 08:00:00+00:00
[2024-11-24T08:50:24.707+0000] {processor.py:208} INFO - Processing /home/airflow/.local/lib/python3.12/site-packages/airflow/example_dags/example_latest_only.py took 0.183 seconds
[2024-11-24T08:51:00.394+0000] {processor.py:186} INFO - Started process (PID=4754) to work on /home/airflow/.local/lib/python3.12/site-packages/airflow/example_dags/example_latest_only.py
[2024-11-24T08:51:00.397+0000] {processor.py:914} INFO - Processing file /home/airflow/.local/lib/python3.12/site-packages/airflow/example_dags/example_latest_only.py for tasks to queue
[2024-11-24T08:51:00.403+0000] {logging_mixin.py:190} INFO - [2024-11-24T08:51:00.402+0000] {dagbag.py:588} INFO - Filling up the DagBag from /home/airflow/.local/lib/python3.12/site-packages/airflow/example_dags/example_latest_only.py
[2024-11-24T08:51:00.438+0000] {processor.py:925} INFO - DAG(s) 'latest_only' retrieved from /home/airflow/.local/lib/python3.12/site-packages/airflow/example_dags/example_latest_only.py
[2024-11-24T08:51:00.549+0000] {logging_mixin.py:190} INFO - [2024-11-24T08:51:00.547+0000] {dag.py:3239} INFO - Sync 1 DAGs
[2024-11-24T08:51:00.721+0000] {logging_mixin.py:190} INFO - [2024-11-24T08:51:00.720+0000] {dag.py:4180} INFO - Setting next_dagrun for latest_only to 2024-11-24 04:00:00+00:00, run_after=2024-11-24 08:00:00+00:00
[2024-11-24T08:51:00.850+0000] {processor.py:208} INFO - Processing /home/airflow/.local/lib/python3.12/site-packages/airflow/example_dags/example_latest_only.py took 0.478 seconds
[2024-11-24T08:51:31.140+0000] {processor.py:186} INFO - Started process (PID=5039) to work on /home/airflow/.local/lib/python3.12/site-packages/airflow/example_dags/example_latest_only.py
[2024-11-24T08:51:31.142+0000] {processor.py:914} INFO - Processing file /home/airflow/.local/lib/python3.12/site-packages/airflow/example_dags/example_latest_only.py for tasks to queue
[2024-11-24T08:51:31.145+0000] {logging_mixin.py:190} INFO - [2024-11-24T08:51:31.145+0000] {dagbag.py:588} INFO - Filling up the DagBag from /home/airflow/.local/lib/python3.12/site-packages/airflow/example_dags/example_latest_only.py
[2024-11-24T08:51:31.156+0000] {processor.py:925} INFO - DAG(s) 'latest_only' retrieved from /home/airflow/.local/lib/python3.12/site-packages/airflow/example_dags/example_latest_only.py
[2024-11-24T08:51:31.180+0000] {logging_mixin.py:190} INFO - [2024-11-24T08:51:31.179+0000] {dag.py:3239} INFO - Sync 1 DAGs
[2024-11-24T08:51:31.208+0000] {logging_mixin.py:190} INFO - [2024-11-24T08:51:31.208+0000] {dag.py:4180} INFO - Setting next_dagrun for latest_only to 2024-11-24 04:00:00+00:00, run_after=2024-11-24 08:00:00+00:00
[2024-11-24T08:51:31.235+0000] {processor.py:208} INFO - Processing /home/airflow/.local/lib/python3.12/site-packages/airflow/example_dags/example_latest_only.py took 0.104 seconds
[2024-11-24T08:52:01.370+0000] {processor.py:186} INFO - Started process (PID=5330) to work on /home/airflow/.local/lib/python3.12/site-packages/airflow/example_dags/example_latest_only.py
[2024-11-24T08:52:01.372+0000] {processor.py:914} INFO - Processing file /home/airflow/.local/lib/python3.12/site-packages/airflow/example_dags/example_latest_only.py for tasks to queue
[2024-11-24T08:52:01.374+0000] {logging_mixin.py:190} INFO - [2024-11-24T08:52:01.374+0000] {dagbag.py:588} INFO - Filling up the DagBag from /home/airflow/.local/lib/python3.12/site-packages/airflow/example_dags/example_latest_only.py
[2024-11-24T08:52:01.383+0000] {processor.py:925} INFO - DAG(s) 'latest_only' retrieved from /home/airflow/.local/lib/python3.12/site-packages/airflow/example_dags/example_latest_only.py
[2024-11-24T08:52:01.408+0000] {logging_mixin.py:190} INFO - [2024-11-24T08:52:01.408+0000] {dag.py:3239} INFO - Sync 1 DAGs
[2024-11-24T08:52:01.442+0000] {logging_mixin.py:190} INFO - [2024-11-24T08:52:01.441+0000] {dag.py:4180} INFO - Setting next_dagrun for latest_only to 2024-11-24 04:00:00+00:00, run_after=2024-11-24 08:00:00+00:00
[2024-11-24T08:52:01.468+0000] {processor.py:208} INFO - Processing /home/airflow/.local/lib/python3.12/site-packages/airflow/example_dags/example_latest_only.py took 0.104 seconds
[2024-11-24T08:53:44.931+0000] {processor.py:186} INFO - Started process (PID=388) to work on /home/airflow/.local/lib/python3.12/site-packages/airflow/example_dags/example_latest_only.py
[2024-11-24T08:53:44.935+0000] {processor.py:914} INFO - Processing file /home/airflow/.local/lib/python3.12/site-packages/airflow/example_dags/example_latest_only.py for tasks to queue
[2024-11-24T08:53:44.940+0000] {logging_mixin.py:190} INFO - [2024-11-24T08:53:44.940+0000] {dagbag.py:588} INFO - Filling up the DagBag from /home/airflow/.local/lib/python3.12/site-packages/airflow/example_dags/example_latest_only.py
[2024-11-24T08:53:44.961+0000] {processor.py:925} INFO - DAG(s) 'latest_only' retrieved from /home/airflow/.local/lib/python3.12/site-packages/airflow/example_dags/example_latest_only.py
[2024-11-24T08:53:45.013+0000] {logging_mixin.py:190} INFO - [2024-11-24T08:53:45.013+0000] {dag.py:3239} INFO - Sync 1 DAGs
[2024-11-24T08:53:45.089+0000] {logging_mixin.py:190} INFO - [2024-11-24T08:53:45.088+0000] {dag.py:4180} INFO - Setting next_dagrun for latest_only to 2024-11-24 04:00:00+00:00, run_after=2024-11-24 08:00:00+00:00
[2024-11-24T08:53:45.139+0000] {processor.py:208} INFO - Processing /home/airflow/.local/lib/python3.12/site-packages/airflow/example_dags/example_latest_only.py took 0.223 seconds
[2024-11-24T08:54:29.908+0000] {processor.py:186} INFO - Started process (PID=684) to work on /home/airflow/.local/lib/python3.12/site-packages/airflow/example_dags/example_latest_only.py
[2024-11-24T08:54:29.910+0000] {processor.py:914} INFO - Processing file /home/airflow/.local/lib/python3.12/site-packages/airflow/example_dags/example_latest_only.py for tasks to queue
[2024-11-24T08:54:29.915+0000] {logging_mixin.py:190} INFO - [2024-11-24T08:54:29.915+0000] {dagbag.py:588} INFO - Filling up the DagBag from /home/airflow/.local/lib/python3.12/site-packages/airflow/example_dags/example_latest_only.py
[2024-11-24T08:54:29.930+0000] {processor.py:925} INFO - DAG(s) 'latest_only' retrieved from /home/airflow/.local/lib/python3.12/site-packages/airflow/example_dags/example_latest_only.py
[2024-11-24T08:54:29.971+0000] {logging_mixin.py:190} INFO - [2024-11-24T08:54:29.971+0000] {dag.py:3239} INFO - Sync 1 DAGs
[2024-11-24T08:54:30.023+0000] {logging_mixin.py:190} INFO - [2024-11-24T08:54:30.023+0000] {dag.py:4180} INFO - Setting next_dagrun for latest_only to 2024-11-24 04:00:00+00:00, run_after=2024-11-24 08:00:00+00:00
[2024-11-24T08:54:30.059+0000] {processor.py:208} INFO - Processing /home/airflow/.local/lib/python3.12/site-packages/airflow/example_dags/example_latest_only.py took 0.163 seconds
[2024-11-24T08:55:03.536+0000] {processor.py:186} INFO - Started process (PID=970) to work on /home/airflow/.local/lib/python3.12/site-packages/airflow/example_dags/example_latest_only.py
[2024-11-24T08:55:03.539+0000] {processor.py:914} INFO - Processing file /home/airflow/.local/lib/python3.12/site-packages/airflow/example_dags/example_latest_only.py for tasks to queue
[2024-11-24T08:55:03.543+0000] {logging_mixin.py:190} INFO - [2024-11-24T08:55:03.543+0000] {dagbag.py:588} INFO - Filling up the DagBag from /home/airflow/.local/lib/python3.12/site-packages/airflow/example_dags/example_latest_only.py
[2024-11-24T08:55:03.557+0000] {processor.py:925} INFO - DAG(s) 'latest_only' retrieved from /home/airflow/.local/lib/python3.12/site-packages/airflow/example_dags/example_latest_only.py
[2024-11-24T08:55:03.595+0000] {logging_mixin.py:190} INFO - [2024-11-24T08:55:03.595+0000] {dag.py:3239} INFO - Sync 1 DAGs
[2024-11-24T08:55:03.652+0000] {logging_mixin.py:190} INFO - [2024-11-24T08:55:03.651+0000] {dag.py:4180} INFO - Setting next_dagrun for latest_only to 2024-11-24 04:00:00+00:00, run_after=2024-11-24 08:00:00+00:00
[2024-11-24T08:55:03.694+0000] {processor.py:208} INFO - Processing /home/airflow/.local/lib/python3.12/site-packages/airflow/example_dags/example_latest_only.py took 0.169 seconds
[2024-11-24T08:55:54.549+0000] {processor.py:186} INFO - Started process (PID=1268) to work on /home/airflow/.local/lib/python3.12/site-packages/airflow/example_dags/example_latest_only.py
[2024-11-24T08:55:54.551+0000] {processor.py:914} INFO - Processing file /home/airflow/.local/lib/python3.12/site-packages/airflow/example_dags/example_latest_only.py for tasks to queue
[2024-11-24T08:55:54.556+0000] {logging_mixin.py:190} INFO - [2024-11-24T08:55:54.555+0000] {dagbag.py:588} INFO - Filling up the DagBag from /home/airflow/.local/lib/python3.12/site-packages/airflow/example_dags/example_latest_only.py
[2024-11-24T08:55:54.569+0000] {processor.py:925} INFO - DAG(s) 'latest_only' retrieved from /home/airflow/.local/lib/python3.12/site-packages/airflow/example_dags/example_latest_only.py
[2024-11-24T08:55:54.607+0000] {logging_mixin.py:190} INFO - [2024-11-24T08:55:54.606+0000] {dag.py:3239} INFO - Sync 1 DAGs
[2024-11-24T08:55:54.659+0000] {logging_mixin.py:190} INFO - [2024-11-24T08:55:54.659+0000] {dag.py:4180} INFO - Setting next_dagrun for latest_only to 2024-11-24 04:00:00+00:00, run_after=2024-11-24 08:00:00+00:00
[2024-11-24T08:55:54.699+0000] {processor.py:208} INFO - Processing /home/airflow/.local/lib/python3.12/site-packages/airflow/example_dags/example_latest_only.py took 0.162 seconds
[2024-11-24T08:56:26.726+0000] {processor.py:186} INFO - Started process (PID=1560) to work on /home/airflow/.local/lib/python3.12/site-packages/airflow/example_dags/example_latest_only.py
[2024-11-24T08:56:26.730+0000] {processor.py:914} INFO - Processing file /home/airflow/.local/lib/python3.12/site-packages/airflow/example_dags/example_latest_only.py for tasks to queue
[2024-11-24T08:56:26.737+0000] {logging_mixin.py:190} INFO - [2024-11-24T08:56:26.736+0000] {dagbag.py:588} INFO - Filling up the DagBag from /home/airflow/.local/lib/python3.12/site-packages/airflow/example_dags/example_latest_only.py
[2024-11-24T08:56:26.760+0000] {processor.py:925} INFO - DAG(s) 'latest_only' retrieved from /home/airflow/.local/lib/python3.12/site-packages/airflow/example_dags/example_latest_only.py
[2024-11-24T08:56:26.812+0000] {logging_mixin.py:190} INFO - [2024-11-24T08:56:26.811+0000] {dag.py:3239} INFO - Sync 1 DAGs
[2024-11-24T08:56:26.880+0000] {logging_mixin.py:190} INFO - [2024-11-24T08:56:26.880+0000] {dag.py:4180} INFO - Setting next_dagrun for latest_only to 2024-11-24 04:00:00+00:00, run_after=2024-11-24 08:00:00+00:00
[2024-11-24T08:56:26.929+0000] {processor.py:208} INFO - Processing /home/airflow/.local/lib/python3.12/site-packages/airflow/example_dags/example_latest_only.py took 0.219 seconds
[2024-11-24T08:56:57.824+0000] {processor.py:186} INFO - Started process (PID=1851) to work on /home/airflow/.local/lib/python3.12/site-packages/airflow/example_dags/example_latest_only.py
[2024-11-24T08:56:57.826+0000] {processor.py:914} INFO - Processing file /home/airflow/.local/lib/python3.12/site-packages/airflow/example_dags/example_latest_only.py for tasks to queue
[2024-11-24T08:56:57.829+0000] {logging_mixin.py:190} INFO - [2024-11-24T08:56:57.828+0000] {dagbag.py:588} INFO - Filling up the DagBag from /home/airflow/.local/lib/python3.12/site-packages/airflow/example_dags/example_latest_only.py
[2024-11-24T08:56:57.838+0000] {processor.py:925} INFO - DAG(s) 'latest_only' retrieved from /home/airflow/.local/lib/python3.12/site-packages/airflow/example_dags/example_latest_only.py
[2024-11-24T08:56:57.866+0000] {logging_mixin.py:190} INFO - [2024-11-24T08:56:57.865+0000] {dag.py:3239} INFO - Sync 1 DAGs
[2024-11-24T08:56:57.899+0000] {logging_mixin.py:190} INFO - [2024-11-24T08:56:57.899+0000] {dag.py:4180} INFO - Setting next_dagrun for latest_only to 2024-11-24 04:00:00+00:00, run_after=2024-11-24 08:00:00+00:00
[2024-11-24T08:56:57.928+0000] {processor.py:208} INFO - Processing /home/airflow/.local/lib/python3.12/site-packages/airflow/example_dags/example_latest_only.py took 0.111 seconds
[2024-11-24T08:57:30.871+0000] {processor.py:186} INFO - Started process (PID=2142) to work on /home/airflow/.local/lib/python3.12/site-packages/airflow/example_dags/example_latest_only.py
[2024-11-24T08:57:30.876+0000] {processor.py:914} INFO - Processing file /home/airflow/.local/lib/python3.12/site-packages/airflow/example_dags/example_latest_only.py for tasks to queue
[2024-11-24T08:57:30.887+0000] {logging_mixin.py:190} INFO - [2024-11-24T08:57:30.885+0000] {dagbag.py:588} INFO - Filling up the DagBag from /home/airflow/.local/lib/python3.12/site-packages/airflow/example_dags/example_latest_only.py
[2024-11-24T08:57:30.926+0000] {processor.py:925} INFO - DAG(s) 'latest_only' retrieved from /home/airflow/.local/lib/python3.12/site-packages/airflow/example_dags/example_latest_only.py
[2024-11-24T08:57:31.055+0000] {logging_mixin.py:190} INFO - [2024-11-24T08:57:31.053+0000] {dag.py:3239} INFO - Sync 1 DAGs
[2024-11-24T08:57:31.169+0000] {logging_mixin.py:190} INFO - [2024-11-24T08:57:31.167+0000] {dag.py:4180} INFO - Setting next_dagrun for latest_only to 2024-11-24 04:00:00+00:00, run_after=2024-11-24 08:00:00+00:00
[2024-11-24T08:57:31.249+0000] {processor.py:208} INFO - Processing /home/airflow/.local/lib/python3.12/site-packages/airflow/example_dags/example_latest_only.py took 0.410 seconds
[2024-11-24T08:58:02.033+0000] {processor.py:186} INFO - Started process (PID=2445) to work on /home/airflow/.local/lib/python3.12/site-packages/airflow/example_dags/example_latest_only.py
[2024-11-24T08:58:02.036+0000] {processor.py:914} INFO - Processing file /home/airflow/.local/lib/python3.12/site-packages/airflow/example_dags/example_latest_only.py for tasks to queue
[2024-11-24T08:58:02.041+0000] {logging_mixin.py:190} INFO - [2024-11-24T08:58:02.040+0000] {dagbag.py:588} INFO - Filling up the DagBag from /home/airflow/.local/lib/python3.12/site-packages/airflow/example_dags/example_latest_only.py
[2024-11-24T08:58:02.050+0000] {processor.py:925} INFO - DAG(s) 'latest_only' retrieved from /home/airflow/.local/lib/python3.12/site-packages/airflow/example_dags/example_latest_only.py
[2024-11-24T08:58:02.084+0000] {logging_mixin.py:190} INFO - [2024-11-24T08:58:02.084+0000] {dag.py:3239} INFO - Sync 1 DAGs
[2024-11-24T08:58:02.124+0000] {logging_mixin.py:190} INFO - [2024-11-24T08:58:02.124+0000] {dag.py:4180} INFO - Setting next_dagrun for latest_only to 2024-11-24 04:00:00+00:00, run_after=2024-11-24 08:00:00+00:00
[2024-11-24T08:58:02.148+0000] {processor.py:208} INFO - Processing /home/airflow/.local/lib/python3.12/site-packages/airflow/example_dags/example_latest_only.py took 0.121 seconds
[2024-11-24T08:58:33.343+0000] {processor.py:186} INFO - Started process (PID=2749) to work on /home/airflow/.local/lib/python3.12/site-packages/airflow/example_dags/example_latest_only.py
[2024-11-24T08:58:33.345+0000] {processor.py:914} INFO - Processing file /home/airflow/.local/lib/python3.12/site-packages/airflow/example_dags/example_latest_only.py for tasks to queue
[2024-11-24T08:58:33.349+0000] {logging_mixin.py:190} INFO - [2024-11-24T08:58:33.349+0000] {dagbag.py:588} INFO - Filling up the DagBag from /home/airflow/.local/lib/python3.12/site-packages/airflow/example_dags/example_latest_only.py
[2024-11-24T08:58:33.362+0000] {processor.py:925} INFO - DAG(s) 'latest_only' retrieved from /home/airflow/.local/lib/python3.12/site-packages/airflow/example_dags/example_latest_only.py
[2024-11-24T08:58:33.394+0000] {logging_mixin.py:190} INFO - [2024-11-24T08:58:33.394+0000] {dag.py:3239} INFO - Sync 1 DAGs
[2024-11-24T08:58:33.430+0000] {logging_mixin.py:190} INFO - [2024-11-24T08:58:33.430+0000] {dag.py:4180} INFO - Setting next_dagrun for latest_only to 2024-11-24 04:00:00+00:00, run_after=2024-11-24 08:00:00+00:00
[2024-11-24T08:58:33.461+0000] {processor.py:208} INFO - Processing /home/airflow/.local/lib/python3.12/site-packages/airflow/example_dags/example_latest_only.py took 0.126 seconds
[2024-11-24T08:59:04.254+0000] {processor.py:186} INFO - Started process (PID=3040) to work on /home/airflow/.local/lib/python3.12/site-packages/airflow/example_dags/example_latest_only.py
[2024-11-24T08:59:04.256+0000] {processor.py:914} INFO - Processing file /home/airflow/.local/lib/python3.12/site-packages/airflow/example_dags/example_latest_only.py for tasks to queue
[2024-11-24T08:59:04.259+0000] {logging_mixin.py:190} INFO - [2024-11-24T08:59:04.258+0000] {dagbag.py:588} INFO - Filling up the DagBag from /home/airflow/.local/lib/python3.12/site-packages/airflow/example_dags/example_latest_only.py
[2024-11-24T08:59:04.268+0000] {processor.py:925} INFO - DAG(s) 'latest_only' retrieved from /home/airflow/.local/lib/python3.12/site-packages/airflow/example_dags/example_latest_only.py
[2024-11-24T08:59:04.293+0000] {logging_mixin.py:190} INFO - [2024-11-24T08:59:04.293+0000] {dag.py:3239} INFO - Sync 1 DAGs
[2024-11-24T08:59:04.322+0000] {logging_mixin.py:190} INFO - [2024-11-24T08:59:04.322+0000] {dag.py:4180} INFO - Setting next_dagrun for latest_only to 2024-11-24 04:00:00+00:00, run_after=2024-11-24 08:00:00+00:00
[2024-11-24T08:59:04.345+0000] {processor.py:208} INFO - Processing /home/airflow/.local/lib/python3.12/site-packages/airflow/example_dags/example_latest_only.py took 0.098 seconds
[2024-11-24T08:59:35.327+0000] {processor.py:186} INFO - Started process (PID=3331) to work on /home/airflow/.local/lib/python3.12/site-packages/airflow/example_dags/example_latest_only.py
[2024-11-24T08:59:35.329+0000] {processor.py:914} INFO - Processing file /home/airflow/.local/lib/python3.12/site-packages/airflow/example_dags/example_latest_only.py for tasks to queue
[2024-11-24T08:59:35.336+0000] {logging_mixin.py:190} INFO - [2024-11-24T08:59:35.335+0000] {dagbag.py:588} INFO - Filling up the DagBag from /home/airflow/.local/lib/python3.12/site-packages/airflow/example_dags/example_latest_only.py
[2024-11-24T08:59:35.359+0000] {processor.py:925} INFO - DAG(s) 'latest_only' retrieved from /home/airflow/.local/lib/python3.12/site-packages/airflow/example_dags/example_latest_only.py
[2024-11-24T08:59:35.426+0000] {logging_mixin.py:190} INFO - [2024-11-24T08:59:35.425+0000] {dag.py:3239} INFO - Sync 1 DAGs
[2024-11-24T08:59:35.545+0000] {logging_mixin.py:190} INFO - [2024-11-24T08:59:35.544+0000] {dag.py:4180} INFO - Setting next_dagrun for latest_only to 2024-11-24 04:00:00+00:00, run_after=2024-11-24 08:00:00+00:00
[2024-11-24T08:59:35.645+0000] {processor.py:208} INFO - Processing /home/airflow/.local/lib/python3.12/site-packages/airflow/example_dags/example_latest_only.py took 0.335 seconds
[2024-11-24T09:00:06.642+0000] {processor.py:186} INFO - Started process (PID=3622) to work on /home/airflow/.local/lib/python3.12/site-packages/airflow/example_dags/example_latest_only.py
[2024-11-24T09:00:06.645+0000] {processor.py:914} INFO - Processing file /home/airflow/.local/lib/python3.12/site-packages/airflow/example_dags/example_latest_only.py for tasks to queue
[2024-11-24T09:00:06.654+0000] {logging_mixin.py:190} INFO - [2024-11-24T09:00:06.653+0000] {dagbag.py:588} INFO - Filling up the DagBag from /home/airflow/.local/lib/python3.12/site-packages/airflow/example_dags/example_latest_only.py
[2024-11-24T09:00:06.683+0000] {processor.py:925} INFO - DAG(s) 'latest_only' retrieved from /home/airflow/.local/lib/python3.12/site-packages/airflow/example_dags/example_latest_only.py
[2024-11-24T09:00:06.751+0000] {logging_mixin.py:190} INFO - [2024-11-24T09:00:06.751+0000] {dag.py:3239} INFO - Sync 1 DAGs
[2024-11-24T09:00:06.822+0000] {logging_mixin.py:190} INFO - [2024-11-24T09:00:06.821+0000] {dag.py:4180} INFO - Setting next_dagrun for latest_only to 2024-11-24 04:00:00+00:00, run_after=2024-11-24 08:00:00+00:00
[2024-11-24T09:00:06.865+0000] {processor.py:208} INFO - Processing /home/airflow/.local/lib/python3.12/site-packages/airflow/example_dags/example_latest_only.py took 0.245 seconds
[2024-11-24T09:00:36.952+0000] {processor.py:186} INFO - Started process (PID=3913) to work on /home/airflow/.local/lib/python3.12/site-packages/airflow/example_dags/example_latest_only.py
[2024-11-24T09:00:36.956+0000] {processor.py:914} INFO - Processing file /home/airflow/.local/lib/python3.12/site-packages/airflow/example_dags/example_latest_only.py for tasks to queue
[2024-11-24T09:00:36.960+0000] {logging_mixin.py:190} INFO - [2024-11-24T09:00:36.959+0000] {dagbag.py:588} INFO - Filling up the DagBag from /home/airflow/.local/lib/python3.12/site-packages/airflow/example_dags/example_latest_only.py
[2024-11-24T09:00:36.972+0000] {processor.py:925} INFO - DAG(s) 'latest_only' retrieved from /home/airflow/.local/lib/python3.12/site-packages/airflow/example_dags/example_latest_only.py
[2024-11-24T09:00:37.004+0000] {logging_mixin.py:190} INFO - [2024-11-24T09:00:37.004+0000] {dag.py:3239} INFO - Sync 1 DAGs
[2024-11-24T09:00:37.050+0000] {logging_mixin.py:190} INFO - [2024-11-24T09:00:37.049+0000] {dag.py:4180} INFO - Setting next_dagrun for latest_only to 2024-11-24 04:00:00+00:00, run_after=2024-11-24 08:00:00+00:00
[2024-11-24T09:00:37.083+0000] {processor.py:208} INFO - Processing /home/airflow/.local/lib/python3.12/site-packages/airflow/example_dags/example_latest_only.py took 0.141 seconds
[2024-11-24T09:01:09.763+0000] {processor.py:186} INFO - Started process (PID=4209) to work on /home/airflow/.local/lib/python3.12/site-packages/airflow/example_dags/example_latest_only.py
[2024-11-24T09:01:09.765+0000] {processor.py:914} INFO - Processing file /home/airflow/.local/lib/python3.12/site-packages/airflow/example_dags/example_latest_only.py for tasks to queue
[2024-11-24T09:01:09.770+0000] {logging_mixin.py:190} INFO - [2024-11-24T09:01:09.769+0000] {dagbag.py:588} INFO - Filling up the DagBag from /home/airflow/.local/lib/python3.12/site-packages/airflow/example_dags/example_latest_only.py
[2024-11-24T09:01:09.787+0000] {processor.py:925} INFO - DAG(s) 'latest_only' retrieved from /home/airflow/.local/lib/python3.12/site-packages/airflow/example_dags/example_latest_only.py
[2024-11-24T09:01:09.829+0000] {logging_mixin.py:190} INFO - [2024-11-24T09:01:09.829+0000] {dag.py:3239} INFO - Sync 1 DAGs
[2024-11-24T09:01:09.877+0000] {logging_mixin.py:190} INFO - [2024-11-24T09:01:09.877+0000] {dag.py:4180} INFO - Setting next_dagrun for latest_only to 2024-11-24 04:00:00+00:00, run_after=2024-11-24 08:00:00+00:00
[2024-11-24T09:01:09.914+0000] {processor.py:208} INFO - Processing /home/airflow/.local/lib/python3.12/site-packages/airflow/example_dags/example_latest_only.py took 0.164 seconds
[2024-11-24T09:01:40.449+0000] {processor.py:186} INFO - Started process (PID=4507) to work on /home/airflow/.local/lib/python3.12/site-packages/airflow/example_dags/example_latest_only.py
[2024-11-24T09:01:40.451+0000] {processor.py:914} INFO - Processing file /home/airflow/.local/lib/python3.12/site-packages/airflow/example_dags/example_latest_only.py for tasks to queue
[2024-11-24T09:01:40.453+0000] {logging_mixin.py:190} INFO - [2024-11-24T09:01:40.453+0000] {dagbag.py:588} INFO - Filling up the DagBag from /home/airflow/.local/lib/python3.12/site-packages/airflow/example_dags/example_latest_only.py
[2024-11-24T09:01:40.462+0000] {processor.py:925} INFO - DAG(s) 'latest_only' retrieved from /home/airflow/.local/lib/python3.12/site-packages/airflow/example_dags/example_latest_only.py
[2024-11-24T09:01:40.488+0000] {logging_mixin.py:190} INFO - [2024-11-24T09:01:40.488+0000] {dag.py:3239} INFO - Sync 1 DAGs
[2024-11-24T09:01:40.512+0000] {logging_mixin.py:190} INFO - [2024-11-24T09:01:40.512+0000] {dag.py:4180} INFO - Setting next_dagrun for latest_only to 2024-11-24 04:00:00+00:00, run_after=2024-11-24 08:00:00+00:00
[2024-11-24T09:01:40.533+0000] {processor.py:208} INFO - Processing /home/airflow/.local/lib/python3.12/site-packages/airflow/example_dags/example_latest_only.py took 0.089 seconds
[2024-11-24T09:02:10.645+0000] {processor.py:186} INFO - Started process (PID=4796) to work on /home/airflow/.local/lib/python3.12/site-packages/airflow/example_dags/example_latest_only.py
[2024-11-24T09:02:10.647+0000] {processor.py:914} INFO - Processing file /home/airflow/.local/lib/python3.12/site-packages/airflow/example_dags/example_latest_only.py for tasks to queue
[2024-11-24T09:02:10.650+0000] {logging_mixin.py:190} INFO - [2024-11-24T09:02:10.650+0000] {dagbag.py:588} INFO - Filling up the DagBag from /home/airflow/.local/lib/python3.12/site-packages/airflow/example_dags/example_latest_only.py
[2024-11-24T09:02:10.662+0000] {processor.py:925} INFO - DAG(s) 'latest_only' retrieved from /home/airflow/.local/lib/python3.12/site-packages/airflow/example_dags/example_latest_only.py
[2024-11-24T09:02:10.685+0000] {logging_mixin.py:190} INFO - [2024-11-24T09:02:10.685+0000] {dag.py:3239} INFO - Sync 1 DAGs
[2024-11-24T09:02:10.711+0000] {logging_mixin.py:190} INFO - [2024-11-24T09:02:10.711+0000] {dag.py:4180} INFO - Setting next_dagrun for latest_only to 2024-11-24 04:00:00+00:00, run_after=2024-11-24 08:00:00+00:00
[2024-11-24T09:02:10.745+0000] {processor.py:208} INFO - Processing /home/airflow/.local/lib/python3.12/site-packages/airflow/example_dags/example_latest_only.py took 0.106 seconds
[2024-11-24T09:02:46.060+0000] {processor.py:186} INFO - Started process (PID=5117) to work on /home/airflow/.local/lib/python3.12/site-packages/airflow/example_dags/example_latest_only.py
[2024-11-24T09:02:46.066+0000] {processor.py:914} INFO - Processing file /home/airflow/.local/lib/python3.12/site-packages/airflow/example_dags/example_latest_only.py for tasks to queue
[2024-11-24T09:02:46.096+0000] {logging_mixin.py:190} INFO - [2024-11-24T09:02:46.090+0000] {dagbag.py:588} INFO - Filling up the DagBag from /home/airflow/.local/lib/python3.12/site-packages/airflow/example_dags/example_latest_only.py
[2024-11-24T09:02:46.181+0000] {processor.py:925} INFO - DAG(s) 'latest_only' retrieved from /home/airflow/.local/lib/python3.12/site-packages/airflow/example_dags/example_latest_only.py
[2024-11-24T09:02:46.350+0000] {logging_mixin.py:190} INFO - [2024-11-24T09:02:46.349+0000] {dag.py:3239} INFO - Sync 1 DAGs
[2024-11-24T09:02:46.516+0000] {logging_mixin.py:190} INFO - [2024-11-24T09:02:46.515+0000] {dag.py:4180} INFO - Setting next_dagrun for latest_only to 2024-11-24 04:00:00+00:00, run_after=2024-11-24 08:00:00+00:00
[2024-11-24T09:02:46.618+0000] {processor.py:208} INFO - Processing /home/airflow/.local/lib/python3.12/site-packages/airflow/example_dags/example_latest_only.py took 0.644 seconds
[2024-11-24T09:03:28.852+0000] {processor.py:186} INFO - Started process (PID=5418) to work on /home/airflow/.local/lib/python3.12/site-packages/airflow/example_dags/example_latest_only.py
[2024-11-24T09:03:28.855+0000] {processor.py:914} INFO - Processing file /home/airflow/.local/lib/python3.12/site-packages/airflow/example_dags/example_latest_only.py for tasks to queue
[2024-11-24T09:03:28.863+0000] {logging_mixin.py:190} INFO - [2024-11-24T09:03:28.861+0000] {dagbag.py:588} INFO - Filling up the DagBag from /home/airflow/.local/lib/python3.12/site-packages/airflow/example_dags/example_latest_only.py
[2024-11-24T09:03:29.201+0000] {processor.py:925} INFO - DAG(s) 'latest_only' retrieved from /home/airflow/.local/lib/python3.12/site-packages/airflow/example_dags/example_latest_only.py
[2024-11-24T09:03:29.918+0000] {logging_mixin.py:190} INFO - [2024-11-24T09:03:29.917+0000] {dag.py:3239} INFO - Sync 1 DAGs
[2024-11-24T09:03:30.410+0000] {logging_mixin.py:190} INFO - [2024-11-24T09:03:30.408+0000] {dag.py:4180} INFO - Setting next_dagrun for latest_only to 2024-11-24 04:00:00+00:00, run_after=2024-11-24 08:00:00+00:00
[2024-11-24T09:03:30.646+0000] {processor.py:208} INFO - Processing /home/airflow/.local/lib/python3.12/site-packages/airflow/example_dags/example_latest_only.py took 1.834 seconds
[2024-11-24T09:04:01.587+0000] {processor.py:186} INFO - Started process (PID=5706) to work on /home/airflow/.local/lib/python3.12/site-packages/airflow/example_dags/example_latest_only.py
[2024-11-24T09:04:01.656+0000] {processor.py:914} INFO - Processing file /home/airflow/.local/lib/python3.12/site-packages/airflow/example_dags/example_latest_only.py for tasks to queue
[2024-11-24T09:04:01.660+0000] {logging_mixin.py:190} INFO - [2024-11-24T09:04:01.659+0000] {dagbag.py:588} INFO - Filling up the DagBag from /home/airflow/.local/lib/python3.12/site-packages/airflow/example_dags/example_latest_only.py
[2024-11-24T09:04:01.668+0000] {processor.py:925} INFO - DAG(s) 'latest_only' retrieved from /home/airflow/.local/lib/python3.12/site-packages/airflow/example_dags/example_latest_only.py
[2024-11-24T09:04:01.697+0000] {logging_mixin.py:190} INFO - [2024-11-24T09:04:01.697+0000] {dag.py:3239} INFO - Sync 1 DAGs
[2024-11-24T09:04:01.727+0000] {logging_mixin.py:190} INFO - [2024-11-24T09:04:01.726+0000] {dag.py:4180} INFO - Setting next_dagrun for latest_only to 2024-11-24 04:00:00+00:00, run_after=2024-11-24 08:00:00+00:00
[2024-11-24T09:04:02.340+0000] {processor.py:208} INFO - Processing /home/airflow/.local/lib/python3.12/site-packages/airflow/example_dags/example_latest_only.py took 0.759 seconds
[2024-11-24T09:04:33.023+0000] {processor.py:186} INFO - Started process (PID=5997) to work on /home/airflow/.local/lib/python3.12/site-packages/airflow/example_dags/example_latest_only.py
[2024-11-24T09:04:33.026+0000] {processor.py:914} INFO - Processing file /home/airflow/.local/lib/python3.12/site-packages/airflow/example_dags/example_latest_only.py for tasks to queue
[2024-11-24T09:04:33.030+0000] {logging_mixin.py:190} INFO - [2024-11-24T09:04:33.030+0000] {dagbag.py:588} INFO - Filling up the DagBag from /home/airflow/.local/lib/python3.12/site-packages/airflow/example_dags/example_latest_only.py
[2024-11-24T09:04:33.042+0000] {processor.py:925} INFO - DAG(s) 'latest_only' retrieved from /home/airflow/.local/lib/python3.12/site-packages/airflow/example_dags/example_latest_only.py
[2024-11-24T09:04:33.071+0000] {logging_mixin.py:190} INFO - [2024-11-24T09:04:33.071+0000] {dag.py:3239} INFO - Sync 1 DAGs
[2024-11-24T09:04:33.099+0000] {logging_mixin.py:190} INFO - [2024-11-24T09:04:33.099+0000] {dag.py:4180} INFO - Setting next_dagrun for latest_only to 2024-11-24 04:00:00+00:00, run_after=2024-11-24 08:00:00+00:00
[2024-11-24T09:04:33.126+0000] {processor.py:208} INFO - Processing /home/airflow/.local/lib/python3.12/site-packages/airflow/example_dags/example_latest_only.py took 0.111 seconds
[2024-11-24T09:05:03.663+0000] {processor.py:186} INFO - Started process (PID=6288) to work on /home/airflow/.local/lib/python3.12/site-packages/airflow/example_dags/example_latest_only.py
[2024-11-24T09:05:03.694+0000] {processor.py:914} INFO - Processing file /home/airflow/.local/lib/python3.12/site-packages/airflow/example_dags/example_latest_only.py for tasks to queue
[2024-11-24T09:05:03.704+0000] {logging_mixin.py:190} INFO - [2024-11-24T09:05:03.703+0000] {dagbag.py:588} INFO - Filling up the DagBag from /home/airflow/.local/lib/python3.12/site-packages/airflow/example_dags/example_latest_only.py
[2024-11-24T09:05:03.731+0000] {processor.py:925} INFO - DAG(s) 'latest_only' retrieved from /home/airflow/.local/lib/python3.12/site-packages/airflow/example_dags/example_latest_only.py
[2024-11-24T09:05:03.829+0000] {logging_mixin.py:190} INFO - [2024-11-24T09:05:03.825+0000] {dag.py:3239} INFO - Sync 1 DAGs
[2024-11-24T09:05:03.961+0000] {logging_mixin.py:190} INFO - [2024-11-24T09:05:03.960+0000] {dag.py:4180} INFO - Setting next_dagrun for latest_only to 2024-11-24 04:00:00+00:00, run_after=2024-11-24 08:00:00+00:00
[2024-11-24T09:05:04.066+0000] {processor.py:208} INFO - Processing /home/airflow/.local/lib/python3.12/site-packages/airflow/example_dags/example_latest_only.py took 0.444 seconds
[2024-11-24T09:05:38.207+0000] {processor.py:186} INFO - Started process (PID=6582) to work on /home/airflow/.local/lib/python3.12/site-packages/airflow/example_dags/example_latest_only.py
[2024-11-24T09:05:38.212+0000] {processor.py:914} INFO - Processing file /home/airflow/.local/lib/python3.12/site-packages/airflow/example_dags/example_latest_only.py for tasks to queue
[2024-11-24T09:05:38.222+0000] {logging_mixin.py:190} INFO - [2024-11-24T09:05:38.221+0000] {dagbag.py:588} INFO - Filling up the DagBag from /home/airflow/.local/lib/python3.12/site-packages/airflow/example_dags/example_latest_only.py
[2024-11-24T09:05:38.259+0000] {processor.py:925} INFO - DAG(s) 'latest_only' retrieved from /home/airflow/.local/lib/python3.12/site-packages/airflow/example_dags/example_latest_only.py
[2024-11-24T09:05:38.351+0000] {logging_mixin.py:190} INFO - [2024-11-24T09:05:38.345+0000] {dag.py:3239} INFO - Sync 1 DAGs
[2024-11-24T09:05:38.507+0000] {logging_mixin.py:190} INFO - [2024-11-24T09:05:38.506+0000] {dag.py:4180} INFO - Setting next_dagrun for latest_only to 2024-11-24 04:00:00+00:00, run_after=2024-11-24 08:00:00+00:00
[2024-11-24T09:05:38.594+0000] {processor.py:208} INFO - Processing /home/airflow/.local/lib/python3.12/site-packages/airflow/example_dags/example_latest_only.py took 0.413 seconds
[2024-11-24T09:06:08.766+0000] {processor.py:186} INFO - Started process (PID=6868) to work on /home/airflow/.local/lib/python3.12/site-packages/airflow/example_dags/example_latest_only.py
[2024-11-24T09:06:08.768+0000] {processor.py:914} INFO - Processing file /home/airflow/.local/lib/python3.12/site-packages/airflow/example_dags/example_latest_only.py for tasks to queue
[2024-11-24T09:06:08.772+0000] {logging_mixin.py:190} INFO - [2024-11-24T09:06:08.771+0000] {dagbag.py:588} INFO - Filling up the DagBag from /home/airflow/.local/lib/python3.12/site-packages/airflow/example_dags/example_latest_only.py
[2024-11-24T09:06:08.787+0000] {processor.py:925} INFO - DAG(s) 'latest_only' retrieved from /home/airflow/.local/lib/python3.12/site-packages/airflow/example_dags/example_latest_only.py
[2024-11-24T09:06:08.829+0000] {logging_mixin.py:190} INFO - [2024-11-24T09:06:08.829+0000] {dag.py:3239} INFO - Sync 1 DAGs
[2024-11-24T09:06:08.874+0000] {logging_mixin.py:190} INFO - [2024-11-24T09:06:08.873+0000] {dag.py:4180} INFO - Setting next_dagrun for latest_only to 2024-11-24 04:00:00+00:00, run_after=2024-11-24 08:00:00+00:00
[2024-11-24T09:06:08.917+0000] {processor.py:208} INFO - Processing /home/airflow/.local/lib/python3.12/site-packages/airflow/example_dags/example_latest_only.py took 0.161 seconds
