[2024-11-24T08:43:05.285+0000] {processor.py:186} INFO - Started process (PID=433) to work on /home/airflow/.local/lib/python3.12/site-packages/airflow/example_dags/example_subdag_operator.py
[2024-11-24T08:43:05.287+0000] {processor.py:914} INFO - Processing file /home/airflow/.local/lib/python3.12/site-packages/airflow/example_dags/example_subdag_operator.py for tasks to queue
[2024-11-24T08:43:05.291+0000] {logging_mixin.py:190} INFO - [2024-11-24T08:43:05.290+0000] {dagbag.py:588} INFO - Filling up the DagBag from /home/airflow/.local/lib/python3.12/site-packages/airflow/example_dags/example_subdag_operator.py
[2024-11-24T08:43:05.337+0000] {processor.py:925} INFO - DAG(s) 'example_subdag_operator.section-1', 'example_subdag_operator.section-2', 'example_subdag_operator' retrieved from /home/airflow/.local/lib/python3.12/site-packages/airflow/example_dags/example_subdag_operator.py
[2024-11-24T08:43:05.535+0000] {logging_mixin.py:190} INFO - [2024-11-24T08:43:05.533+0000] {override.py:1911} INFO - Created Permission View: can read on DAG:example_subdag_operator
[2024-11-24T08:43:05.558+0000] {logging_mixin.py:190} INFO - [2024-11-24T08:43:05.557+0000] {override.py:1911} INFO - Created Permission View: can edit on DAG:example_subdag_operator
[2024-11-24T08:43:05.573+0000] {logging_mixin.py:190} INFO - [2024-11-24T08:43:05.572+0000] {override.py:1911} INFO - Created Permission View: can delete on DAG:example_subdag_operator
[2024-11-24T08:43:05.590+0000] {logging_mixin.py:190} INFO - [2024-11-24T08:43:05.589+0000] {override.py:1911} INFO - Created Permission View: can read on DAG Run:example_subdag_operator
[2024-11-24T08:43:05.602+0000] {logging_mixin.py:190} INFO - [2024-11-24T08:43:05.601+0000] {override.py:1911} INFO - Created Permission View: can delete on DAG Run:example_subdag_operator
[2024-11-24T08:43:05.616+0000] {logging_mixin.py:190} INFO - [2024-11-24T08:43:05.615+0000] {override.py:1911} INFO - Created Permission View: can create on DAG Run:example_subdag_operator
[2024-11-24T08:43:05.628+0000] {logging_mixin.py:190} INFO - [2024-11-24T08:43:05.628+0000] {override.py:1911} INFO - Created Permission View: menu access on DAG Run:example_subdag_operator
[2024-11-24T08:43:05.629+0000] {logging_mixin.py:190} INFO - [2024-11-24T08:43:05.629+0000] {dag.py:3239} INFO - Sync 3 DAGs
[2024-11-24T08:43:05.658+0000] {logging_mixin.py:190} INFO - [2024-11-24T08:43:05.658+0000] {dag.py:3262} INFO - Creating ORM DAG for example_subdag_operator.section-2
[2024-11-24T08:43:05.659+0000] {logging_mixin.py:190} INFO - [2024-11-24T08:43:05.659+0000] {dag.py:3262} INFO - Creating ORM DAG for example_subdag_operator
[2024-11-24T08:43:05.661+0000] {logging_mixin.py:190} INFO - [2024-11-24T08:43:05.660+0000] {dag.py:3262} INFO - Creating ORM DAG for example_subdag_operator.section-1
[2024-11-24T08:43:05.676+0000] {logging_mixin.py:190} INFO - [2024-11-24T08:43:05.675+0000] {dag.py:4180} INFO - Setting next_dagrun for example_subdag_operator to 2022-01-01 00:00:00+00:00, run_after=2022-01-01 00:00:00+00:00
[2024-11-24T08:43:05.677+0000] {logging_mixin.py:190} INFO - [2024-11-24T08:43:05.677+0000] {dag.py:4180} INFO - Setting next_dagrun for example_subdag_operator.section-1 to None, run_after=None
[2024-11-24T08:43:05.678+0000] {logging_mixin.py:190} INFO - [2024-11-24T08:43:05.678+0000] {dag.py:4180} INFO - Setting next_dagrun for example_subdag_operator.section-2 to None, run_after=None
[2024-11-24T08:43:05.695+0000] {logging_mixin.py:190} INFO - [2024-11-24T08:43:05.695+0000] {dag.py:3239} INFO - Sync 2 DAGs
[2024-11-24T08:43:05.706+0000] {logging_mixin.py:190} INFO - [2024-11-24T08:43:05.706+0000] {dag.py:4180} INFO - Setting next_dagrun for example_subdag_operator.section-1 to None, run_after=None
[2024-11-24T08:43:05.711+0000] {logging_mixin.py:190} INFO - [2024-11-24T08:43:05.710+0000] {dag.py:4180} INFO - Setting next_dagrun for example_subdag_operator.section-2 to None, run_after=None
[2024-11-24T08:43:05.733+0000] {processor.py:208} INFO - Processing /home/airflow/.local/lib/python3.12/site-packages/airflow/example_dags/example_subdag_operator.py took 0.457 seconds
[2024-11-24T08:43:36.452+0000] {processor.py:186} INFO - Started process (PID=724) to work on /home/airflow/.local/lib/python3.12/site-packages/airflow/example_dags/example_subdag_operator.py
[2024-11-24T08:43:36.454+0000] {processor.py:914} INFO - Processing file /home/airflow/.local/lib/python3.12/site-packages/airflow/example_dags/example_subdag_operator.py for tasks to queue
[2024-11-24T08:43:36.458+0000] {logging_mixin.py:190} INFO - [2024-11-24T08:43:36.458+0000] {dagbag.py:588} INFO - Filling up the DagBag from /home/airflow/.local/lib/python3.12/site-packages/airflow/example_dags/example_subdag_operator.py
[2024-11-24T08:43:36.488+0000] {processor.py:925} INFO - DAG(s) 'example_subdag_operator.section-1', 'example_subdag_operator.section-2', 'example_subdag_operator' retrieved from /home/airflow/.local/lib/python3.12/site-packages/airflow/example_dags/example_subdag_operator.py
[2024-11-24T08:43:36.503+0000] {logging_mixin.py:190} INFO - [2024-11-24T08:43:36.503+0000] {dag.py:3239} INFO - Sync 3 DAGs
[2024-11-24T08:43:36.527+0000] {logging_mixin.py:190} INFO - [2024-11-24T08:43:36.527+0000] {dag.py:4180} INFO - Setting next_dagrun for example_subdag_operator to 2022-01-01 00:00:00+00:00, run_after=2022-01-01 00:00:00+00:00
[2024-11-24T08:43:36.531+0000] {logging_mixin.py:190} INFO - [2024-11-24T08:43:36.531+0000] {dag.py:4180} INFO - Setting next_dagrun for example_subdag_operator.section-1 to None, run_after=None
[2024-11-24T08:43:36.533+0000] {logging_mixin.py:190} INFO - [2024-11-24T08:43:36.533+0000] {dag.py:4180} INFO - Setting next_dagrun for example_subdag_operator.section-2 to None, run_after=None
[2024-11-24T08:43:36.543+0000] {logging_mixin.py:190} INFO - [2024-11-24T08:43:36.543+0000] {dag.py:3239} INFO - Sync 2 DAGs
[2024-11-24T08:43:36.549+0000] {logging_mixin.py:190} INFO - [2024-11-24T08:43:36.549+0000] {dag.py:4180} INFO - Setting next_dagrun for example_subdag_operator.section-1 to None, run_after=None
[2024-11-24T08:43:36.550+0000] {logging_mixin.py:190} INFO - [2024-11-24T08:43:36.550+0000] {dag.py:4180} INFO - Setting next_dagrun for example_subdag_operator.section-2 to None, run_after=None
[2024-11-24T08:43:36.565+0000] {processor.py:208} INFO - Processing /home/airflow/.local/lib/python3.12/site-packages/airflow/example_dags/example_subdag_operator.py took 0.120 seconds
[2024-11-24T08:44:07.180+0000] {processor.py:186} INFO - Started process (PID=1015) to work on /home/airflow/.local/lib/python3.12/site-packages/airflow/example_dags/example_subdag_operator.py
[2024-11-24T08:44:07.182+0000] {processor.py:914} INFO - Processing file /home/airflow/.local/lib/python3.12/site-packages/airflow/example_dags/example_subdag_operator.py for tasks to queue
[2024-11-24T08:44:07.185+0000] {logging_mixin.py:190} INFO - [2024-11-24T08:44:07.185+0000] {dagbag.py:588} INFO - Filling up the DagBag from /home/airflow/.local/lib/python3.12/site-packages/airflow/example_dags/example_subdag_operator.py
[2024-11-24T08:44:07.221+0000] {processor.py:925} INFO - DAG(s) 'example_subdag_operator.section-1', 'example_subdag_operator.section-2', 'example_subdag_operator' retrieved from /home/airflow/.local/lib/python3.12/site-packages/airflow/example_dags/example_subdag_operator.py
[2024-11-24T08:44:07.241+0000] {logging_mixin.py:190} INFO - [2024-11-24T08:44:07.241+0000] {dag.py:3239} INFO - Sync 3 DAGs
[2024-11-24T08:44:07.264+0000] {logging_mixin.py:190} INFO - [2024-11-24T08:44:07.264+0000] {dag.py:4180} INFO - Setting next_dagrun for example_subdag_operator to 2022-01-01 00:00:00+00:00, run_after=2022-01-01 00:00:00+00:00
[2024-11-24T08:44:07.269+0000] {logging_mixin.py:190} INFO - [2024-11-24T08:44:07.269+0000] {dag.py:4180} INFO - Setting next_dagrun for example_subdag_operator.section-1 to None, run_after=None
[2024-11-24T08:44:07.271+0000] {logging_mixin.py:190} INFO - [2024-11-24T08:44:07.271+0000] {dag.py:4180} INFO - Setting next_dagrun for example_subdag_operator.section-2 to None, run_after=None
[2024-11-24T08:44:07.278+0000] {logging_mixin.py:190} INFO - [2024-11-24T08:44:07.278+0000] {dag.py:3239} INFO - Sync 2 DAGs
[2024-11-24T08:44:07.286+0000] {logging_mixin.py:190} INFO - [2024-11-24T08:44:07.286+0000] {dag.py:4180} INFO - Setting next_dagrun for example_subdag_operator.section-1 to None, run_after=None
[2024-11-24T08:44:07.288+0000] {logging_mixin.py:190} INFO - [2024-11-24T08:44:07.287+0000] {dag.py:4180} INFO - Setting next_dagrun for example_subdag_operator.section-2 to None, run_after=None
[2024-11-24T08:44:07.304+0000] {processor.py:208} INFO - Processing /home/airflow/.local/lib/python3.12/site-packages/airflow/example_dags/example_subdag_operator.py took 0.134 seconds
[2024-11-24T08:44:37.896+0000] {processor.py:186} INFO - Started process (PID=1306) to work on /home/airflow/.local/lib/python3.12/site-packages/airflow/example_dags/example_subdag_operator.py
[2024-11-24T08:44:37.899+0000] {processor.py:914} INFO - Processing file /home/airflow/.local/lib/python3.12/site-packages/airflow/example_dags/example_subdag_operator.py for tasks to queue
[2024-11-24T08:44:37.902+0000] {logging_mixin.py:190} INFO - [2024-11-24T08:44:37.902+0000] {dagbag.py:588} INFO - Filling up the DagBag from /home/airflow/.local/lib/python3.12/site-packages/airflow/example_dags/example_subdag_operator.py
[2024-11-24T08:44:37.937+0000] {processor.py:925} INFO - DAG(s) 'example_subdag_operator.section-1', 'example_subdag_operator.section-2', 'example_subdag_operator' retrieved from /home/airflow/.local/lib/python3.12/site-packages/airflow/example_dags/example_subdag_operator.py
[2024-11-24T08:44:37.962+0000] {logging_mixin.py:190} INFO - [2024-11-24T08:44:37.962+0000] {dag.py:3239} INFO - Sync 3 DAGs
[2024-11-24T08:44:38.000+0000] {logging_mixin.py:190} INFO - [2024-11-24T08:44:37.999+0000] {dag.py:4180} INFO - Setting next_dagrun for example_subdag_operator to 2022-01-01 00:00:00+00:00, run_after=2022-01-01 00:00:00+00:00
[2024-11-24T08:44:38.006+0000] {logging_mixin.py:190} INFO - [2024-11-24T08:44:38.005+0000] {dag.py:4180} INFO - Setting next_dagrun for example_subdag_operator.section-1 to None, run_after=None
[2024-11-24T08:44:38.011+0000] {logging_mixin.py:190} INFO - [2024-11-24T08:44:38.010+0000] {dag.py:4180} INFO - Setting next_dagrun for example_subdag_operator.section-2 to None, run_after=None
[2024-11-24T08:44:38.022+0000] {logging_mixin.py:190} INFO - [2024-11-24T08:44:38.022+0000] {dag.py:3239} INFO - Sync 2 DAGs
[2024-11-24T08:44:38.029+0000] {logging_mixin.py:190} INFO - [2024-11-24T08:44:38.029+0000] {dag.py:4180} INFO - Setting next_dagrun for example_subdag_operator.section-1 to None, run_after=None
[2024-11-24T08:44:38.030+0000] {logging_mixin.py:190} INFO - [2024-11-24T08:44:38.030+0000] {dag.py:4180} INFO - Setting next_dagrun for example_subdag_operator.section-2 to None, run_after=None
[2024-11-24T08:44:38.046+0000] {processor.py:208} INFO - Processing /home/airflow/.local/lib/python3.12/site-packages/airflow/example_dags/example_subdag_operator.py took 0.157 seconds
[2024-11-24T08:45:08.208+0000] {processor.py:186} INFO - Started process (PID=1597) to work on /home/airflow/.local/lib/python3.12/site-packages/airflow/example_dags/example_subdag_operator.py
[2024-11-24T08:45:08.209+0000] {processor.py:914} INFO - Processing file /home/airflow/.local/lib/python3.12/site-packages/airflow/example_dags/example_subdag_operator.py for tasks to queue
[2024-11-24T08:45:08.212+0000] {logging_mixin.py:190} INFO - [2024-11-24T08:45:08.211+0000] {dagbag.py:588} INFO - Filling up the DagBag from /home/airflow/.local/lib/python3.12/site-packages/airflow/example_dags/example_subdag_operator.py
[2024-11-24T08:45:08.242+0000] {processor.py:925} INFO - DAG(s) 'example_subdag_operator.section-1', 'example_subdag_operator.section-2', 'example_subdag_operator' retrieved from /home/airflow/.local/lib/python3.12/site-packages/airflow/example_dags/example_subdag_operator.py
[2024-11-24T08:45:08.257+0000] {logging_mixin.py:190} INFO - [2024-11-24T08:45:08.256+0000] {dag.py:3239} INFO - Sync 3 DAGs
[2024-11-24T08:45:08.281+0000] {logging_mixin.py:190} INFO - [2024-11-24T08:45:08.281+0000] {dag.py:4180} INFO - Setting next_dagrun for example_subdag_operator to 2022-01-01 00:00:00+00:00, run_after=2022-01-01 00:00:00+00:00
[2024-11-24T08:45:08.286+0000] {logging_mixin.py:190} INFO - [2024-11-24T08:45:08.285+0000] {dag.py:4180} INFO - Setting next_dagrun for example_subdag_operator.section-1 to None, run_after=None
[2024-11-24T08:45:08.289+0000] {logging_mixin.py:190} INFO - [2024-11-24T08:45:08.289+0000] {dag.py:4180} INFO - Setting next_dagrun for example_subdag_operator.section-2 to None, run_after=None
[2024-11-24T08:45:08.299+0000] {logging_mixin.py:190} INFO - [2024-11-24T08:45:08.298+0000] {dag.py:3239} INFO - Sync 2 DAGs
[2024-11-24T08:45:08.306+0000] {logging_mixin.py:190} INFO - [2024-11-24T08:45:08.305+0000] {dag.py:4180} INFO - Setting next_dagrun for example_subdag_operator.section-1 to None, run_after=None
[2024-11-24T08:45:08.307+0000] {logging_mixin.py:190} INFO - [2024-11-24T08:45:08.306+0000] {dag.py:4180} INFO - Setting next_dagrun for example_subdag_operator.section-2 to None, run_after=None
[2024-11-24T08:45:08.325+0000] {processor.py:208} INFO - Processing /home/airflow/.local/lib/python3.12/site-packages/airflow/example_dags/example_subdag_operator.py took 0.123 seconds
[2024-11-24T08:45:38.526+0000] {processor.py:186} INFO - Started process (PID=1888) to work on /home/airflow/.local/lib/python3.12/site-packages/airflow/example_dags/example_subdag_operator.py
[2024-11-24T08:45:38.528+0000] {processor.py:914} INFO - Processing file /home/airflow/.local/lib/python3.12/site-packages/airflow/example_dags/example_subdag_operator.py for tasks to queue
[2024-11-24T08:45:38.532+0000] {logging_mixin.py:190} INFO - [2024-11-24T08:45:38.531+0000] {dagbag.py:588} INFO - Filling up the DagBag from /home/airflow/.local/lib/python3.12/site-packages/airflow/example_dags/example_subdag_operator.py
[2024-11-24T08:45:38.570+0000] {processor.py:925} INFO - DAG(s) 'example_subdag_operator.section-1', 'example_subdag_operator.section-2', 'example_subdag_operator' retrieved from /home/airflow/.local/lib/python3.12/site-packages/airflow/example_dags/example_subdag_operator.py
[2024-11-24T08:45:38.589+0000] {logging_mixin.py:190} INFO - [2024-11-24T08:45:38.589+0000] {dag.py:3239} INFO - Sync 3 DAGs
[2024-11-24T08:45:38.625+0000] {logging_mixin.py:190} INFO - [2024-11-24T08:45:38.624+0000] {dag.py:4180} INFO - Setting next_dagrun for example_subdag_operator to 2022-01-01 00:00:00+00:00, run_after=2022-01-01 00:00:00+00:00
[2024-11-24T08:45:38.631+0000] {logging_mixin.py:190} INFO - [2024-11-24T08:45:38.631+0000] {dag.py:4180} INFO - Setting next_dagrun for example_subdag_operator.section-1 to None, run_after=None
[2024-11-24T08:45:38.635+0000] {logging_mixin.py:190} INFO - [2024-11-24T08:45:38.634+0000] {dag.py:4180} INFO - Setting next_dagrun for example_subdag_operator.section-2 to None, run_after=None
[2024-11-24T08:45:38.644+0000] {logging_mixin.py:190} INFO - [2024-11-24T08:45:38.644+0000] {dag.py:3239} INFO - Sync 2 DAGs
[2024-11-24T08:45:38.652+0000] {logging_mixin.py:190} INFO - [2024-11-24T08:45:38.652+0000] {dag.py:4180} INFO - Setting next_dagrun for example_subdag_operator.section-1 to None, run_after=None
[2024-11-24T08:45:38.653+0000] {logging_mixin.py:190} INFO - [2024-11-24T08:45:38.653+0000] {dag.py:4180} INFO - Setting next_dagrun for example_subdag_operator.section-2 to None, run_after=None
[2024-11-24T08:45:38.668+0000] {processor.py:208} INFO - Processing /home/airflow/.local/lib/python3.12/site-packages/airflow/example_dags/example_subdag_operator.py took 0.149 seconds
[2024-11-24T08:46:09.491+0000] {processor.py:186} INFO - Started process (PID=2179) to work on /home/airflow/.local/lib/python3.12/site-packages/airflow/example_dags/example_subdag_operator.py
[2024-11-24T08:46:09.493+0000] {processor.py:914} INFO - Processing file /home/airflow/.local/lib/python3.12/site-packages/airflow/example_dags/example_subdag_operator.py for tasks to queue
[2024-11-24T08:46:09.497+0000] {logging_mixin.py:190} INFO - [2024-11-24T08:46:09.496+0000] {dagbag.py:588} INFO - Filling up the DagBag from /home/airflow/.local/lib/python3.12/site-packages/airflow/example_dags/example_subdag_operator.py
[2024-11-24T08:46:09.538+0000] {processor.py:925} INFO - DAG(s) 'example_subdag_operator.section-1', 'example_subdag_operator.section-2', 'example_subdag_operator' retrieved from /home/airflow/.local/lib/python3.12/site-packages/airflow/example_dags/example_subdag_operator.py
[2024-11-24T08:46:09.560+0000] {logging_mixin.py:190} INFO - [2024-11-24T08:46:09.560+0000] {dag.py:3239} INFO - Sync 3 DAGs
[2024-11-24T08:46:09.603+0000] {logging_mixin.py:190} INFO - [2024-11-24T08:46:09.603+0000] {dag.py:4180} INFO - Setting next_dagrun for example_subdag_operator to 2022-01-01 00:00:00+00:00, run_after=2022-01-01 00:00:00+00:00
[2024-11-24T08:46:09.609+0000] {logging_mixin.py:190} INFO - [2024-11-24T08:46:09.609+0000] {dag.py:4180} INFO - Setting next_dagrun for example_subdag_operator.section-1 to None, run_after=None
[2024-11-24T08:46:09.614+0000] {logging_mixin.py:190} INFO - [2024-11-24T08:46:09.614+0000] {dag.py:4180} INFO - Setting next_dagrun for example_subdag_operator.section-2 to None, run_after=None
[2024-11-24T08:46:09.626+0000] {logging_mixin.py:190} INFO - [2024-11-24T08:46:09.626+0000] {dag.py:3239} INFO - Sync 2 DAGs
[2024-11-24T08:46:09.637+0000] {logging_mixin.py:190} INFO - [2024-11-24T08:46:09.636+0000] {dag.py:4180} INFO - Setting next_dagrun for example_subdag_operator.section-1 to None, run_after=None
[2024-11-24T08:46:09.638+0000] {logging_mixin.py:190} INFO - [2024-11-24T08:46:09.638+0000] {dag.py:4180} INFO - Setting next_dagrun for example_subdag_operator.section-2 to None, run_after=None
[2024-11-24T08:46:09.660+0000] {processor.py:208} INFO - Processing /home/airflow/.local/lib/python3.12/site-packages/airflow/example_dags/example_subdag_operator.py took 0.179 seconds
[2024-11-24T08:46:41.108+0000] {processor.py:186} INFO - Started process (PID=2470) to work on /home/airflow/.local/lib/python3.12/site-packages/airflow/example_dags/example_subdag_operator.py
[2024-11-24T08:46:41.110+0000] {processor.py:914} INFO - Processing file /home/airflow/.local/lib/python3.12/site-packages/airflow/example_dags/example_subdag_operator.py for tasks to queue
[2024-11-24T08:46:41.114+0000] {logging_mixin.py:190} INFO - [2024-11-24T08:46:41.114+0000] {dagbag.py:588} INFO - Filling up the DagBag from /home/airflow/.local/lib/python3.12/site-packages/airflow/example_dags/example_subdag_operator.py
[2024-11-24T08:46:41.158+0000] {processor.py:925} INFO - DAG(s) 'example_subdag_operator.section-1', 'example_subdag_operator.section-2', 'example_subdag_operator' retrieved from /home/airflow/.local/lib/python3.12/site-packages/airflow/example_dags/example_subdag_operator.py
[2024-11-24T08:46:41.189+0000] {logging_mixin.py:190} INFO - [2024-11-24T08:46:41.188+0000] {dag.py:3239} INFO - Sync 3 DAGs
[2024-11-24T08:46:41.241+0000] {logging_mixin.py:190} INFO - [2024-11-24T08:46:41.241+0000] {dag.py:4180} INFO - Setting next_dagrun for example_subdag_operator to 2022-01-01 00:00:00+00:00, run_after=2022-01-01 00:00:00+00:00
[2024-11-24T08:46:41.248+0000] {logging_mixin.py:190} INFO - [2024-11-24T08:46:41.248+0000] {dag.py:4180} INFO - Setting next_dagrun for example_subdag_operator.section-1 to None, run_after=None
[2024-11-24T08:46:41.253+0000] {logging_mixin.py:190} INFO - [2024-11-24T08:46:41.252+0000] {dag.py:4180} INFO - Setting next_dagrun for example_subdag_operator.section-2 to None, run_after=None
[2024-11-24T08:46:41.267+0000] {logging_mixin.py:190} INFO - [2024-11-24T08:46:41.266+0000] {dag.py:3239} INFO - Sync 2 DAGs
[2024-11-24T08:46:41.279+0000] {logging_mixin.py:190} INFO - [2024-11-24T08:46:41.279+0000] {dag.py:4180} INFO - Setting next_dagrun for example_subdag_operator.section-1 to None, run_after=None
[2024-11-24T08:46:41.281+0000] {logging_mixin.py:190} INFO - [2024-11-24T08:46:41.281+0000] {dag.py:4180} INFO - Setting next_dagrun for example_subdag_operator.section-2 to None, run_after=None
[2024-11-24T08:46:41.308+0000] {processor.py:208} INFO - Processing /home/airflow/.local/lib/python3.12/site-packages/airflow/example_dags/example_subdag_operator.py took 0.209 seconds
[2024-11-24T08:47:12.239+0000] {processor.py:186} INFO - Started process (PID=2756) to work on /home/airflow/.local/lib/python3.12/site-packages/airflow/example_dags/example_subdag_operator.py
[2024-11-24T08:47:12.241+0000] {processor.py:914} INFO - Processing file /home/airflow/.local/lib/python3.12/site-packages/airflow/example_dags/example_subdag_operator.py for tasks to queue
[2024-11-24T08:47:12.245+0000] {logging_mixin.py:190} INFO - [2024-11-24T08:47:12.245+0000] {dagbag.py:588} INFO - Filling up the DagBag from /home/airflow/.local/lib/python3.12/site-packages/airflow/example_dags/example_subdag_operator.py
[2024-11-24T08:47:12.286+0000] {processor.py:925} INFO - DAG(s) 'example_subdag_operator.section-1', 'example_subdag_operator.section-2', 'example_subdag_operator' retrieved from /home/airflow/.local/lib/python3.12/site-packages/airflow/example_dags/example_subdag_operator.py
[2024-11-24T08:47:12.310+0000] {logging_mixin.py:190} INFO - [2024-11-24T08:47:12.309+0000] {dag.py:3239} INFO - Sync 3 DAGs
[2024-11-24T08:47:12.345+0000] {logging_mixin.py:190} INFO - [2024-11-24T08:47:12.344+0000] {dag.py:4180} INFO - Setting next_dagrun for example_subdag_operator to 2022-01-01 00:00:00+00:00, run_after=2022-01-01 00:00:00+00:00
[2024-11-24T08:47:12.351+0000] {logging_mixin.py:190} INFO - [2024-11-24T08:47:12.351+0000] {dag.py:4180} INFO - Setting next_dagrun for example_subdag_operator.section-1 to None, run_after=None
[2024-11-24T08:47:12.353+0000] {logging_mixin.py:190} INFO - [2024-11-24T08:47:12.353+0000] {dag.py:4180} INFO - Setting next_dagrun for example_subdag_operator.section-2 to None, run_after=None
[2024-11-24T08:47:12.364+0000] {logging_mixin.py:190} INFO - [2024-11-24T08:47:12.364+0000] {dag.py:3239} INFO - Sync 2 DAGs
[2024-11-24T08:47:12.374+0000] {logging_mixin.py:190} INFO - [2024-11-24T08:47:12.373+0000] {dag.py:4180} INFO - Setting next_dagrun for example_subdag_operator.section-1 to None, run_after=None
[2024-11-24T08:47:12.375+0000] {logging_mixin.py:190} INFO - [2024-11-24T08:47:12.374+0000] {dag.py:4180} INFO - Setting next_dagrun for example_subdag_operator.section-2 to None, run_after=None
[2024-11-24T08:47:12.392+0000] {processor.py:208} INFO - Processing /home/airflow/.local/lib/python3.12/site-packages/airflow/example_dags/example_subdag_operator.py took 0.163 seconds
[2024-11-24T08:47:44.762+0000] {processor.py:186} INFO - Started process (PID=3052) to work on /home/airflow/.local/lib/python3.12/site-packages/airflow/example_dags/example_subdag_operator.py
[2024-11-24T08:47:44.763+0000] {processor.py:914} INFO - Processing file /home/airflow/.local/lib/python3.12/site-packages/airflow/example_dags/example_subdag_operator.py for tasks to queue
[2024-11-24T08:47:44.767+0000] {logging_mixin.py:190} INFO - [2024-11-24T08:47:44.767+0000] {dagbag.py:588} INFO - Filling up the DagBag from /home/airflow/.local/lib/python3.12/site-packages/airflow/example_dags/example_subdag_operator.py
[2024-11-24T08:47:44.810+0000] {processor.py:925} INFO - DAG(s) 'example_subdag_operator.section-1', 'example_subdag_operator.section-2', 'example_subdag_operator' retrieved from /home/airflow/.local/lib/python3.12/site-packages/airflow/example_dags/example_subdag_operator.py
[2024-11-24T08:47:44.837+0000] {logging_mixin.py:190} INFO - [2024-11-24T08:47:44.836+0000] {dag.py:3239} INFO - Sync 3 DAGs
[2024-11-24T08:47:44.876+0000] {logging_mixin.py:190} INFO - [2024-11-24T08:47:44.875+0000] {dag.py:4180} INFO - Setting next_dagrun for example_subdag_operator to 2022-01-01 00:00:00+00:00, run_after=2022-01-01 00:00:00+00:00
[2024-11-24T08:47:44.882+0000] {logging_mixin.py:190} INFO - [2024-11-24T08:47:44.881+0000] {dag.py:4180} INFO - Setting next_dagrun for example_subdag_operator.section-1 to None, run_after=None
[2024-11-24T08:47:44.884+0000] {logging_mixin.py:190} INFO - [2024-11-24T08:47:44.884+0000] {dag.py:4180} INFO - Setting next_dagrun for example_subdag_operator.section-2 to None, run_after=None
[2024-11-24T08:47:44.895+0000] {logging_mixin.py:190} INFO - [2024-11-24T08:47:44.894+0000] {dag.py:3239} INFO - Sync 2 DAGs
[2024-11-24T08:47:44.903+0000] {logging_mixin.py:190} INFO - [2024-11-24T08:47:44.903+0000] {dag.py:4180} INFO - Setting next_dagrun for example_subdag_operator.section-1 to None, run_after=None
[2024-11-24T08:47:44.905+0000] {logging_mixin.py:190} INFO - [2024-11-24T08:47:44.904+0000] {dag.py:4180} INFO - Setting next_dagrun for example_subdag_operator.section-2 to None, run_after=None
[2024-11-24T08:47:44.925+0000] {processor.py:208} INFO - Processing /home/airflow/.local/lib/python3.12/site-packages/airflow/example_dags/example_subdag_operator.py took 0.176 seconds
[2024-11-24T08:48:17.319+0000] {processor.py:186} INFO - Started process (PID=3345) to work on /home/airflow/.local/lib/python3.12/site-packages/airflow/example_dags/example_subdag_operator.py
[2024-11-24T08:48:17.320+0000] {processor.py:914} INFO - Processing file /home/airflow/.local/lib/python3.12/site-packages/airflow/example_dags/example_subdag_operator.py for tasks to queue
[2024-11-24T08:48:17.324+0000] {logging_mixin.py:190} INFO - [2024-11-24T08:48:17.323+0000] {dagbag.py:588} INFO - Filling up the DagBag from /home/airflow/.local/lib/python3.12/site-packages/airflow/example_dags/example_subdag_operator.py
[2024-11-24T08:48:17.366+0000] {processor.py:925} INFO - DAG(s) 'example_subdag_operator.section-1', 'example_subdag_operator.section-2', 'example_subdag_operator' retrieved from /home/airflow/.local/lib/python3.12/site-packages/airflow/example_dags/example_subdag_operator.py
[2024-11-24T08:48:17.391+0000] {logging_mixin.py:190} INFO - [2024-11-24T08:48:17.390+0000] {dag.py:3239} INFO - Sync 3 DAGs
[2024-11-24T08:48:17.426+0000] {logging_mixin.py:190} INFO - [2024-11-24T08:48:17.425+0000] {dag.py:4180} INFO - Setting next_dagrun for example_subdag_operator to 2022-01-01 00:00:00+00:00, run_after=2022-01-01 00:00:00+00:00
[2024-11-24T08:48:17.432+0000] {logging_mixin.py:190} INFO - [2024-11-24T08:48:17.431+0000] {dag.py:4180} INFO - Setting next_dagrun for example_subdag_operator.section-1 to None, run_after=None
[2024-11-24T08:48:17.434+0000] {logging_mixin.py:190} INFO - [2024-11-24T08:48:17.434+0000] {dag.py:4180} INFO - Setting next_dagrun for example_subdag_operator.section-2 to None, run_after=None
[2024-11-24T08:48:17.444+0000] {logging_mixin.py:190} INFO - [2024-11-24T08:48:17.444+0000] {dag.py:3239} INFO - Sync 2 DAGs
[2024-11-24T08:48:17.453+0000] {logging_mixin.py:190} INFO - [2024-11-24T08:48:17.453+0000] {dag.py:4180} INFO - Setting next_dagrun for example_subdag_operator.section-1 to None, run_after=None
[2024-11-24T08:48:17.454+0000] {logging_mixin.py:190} INFO - [2024-11-24T08:48:17.454+0000] {dag.py:4180} INFO - Setting next_dagrun for example_subdag_operator.section-2 to None, run_after=None
[2024-11-24T08:48:17.473+0000] {processor.py:208} INFO - Processing /home/airflow/.local/lib/python3.12/site-packages/airflow/example_dags/example_subdag_operator.py took 0.164 seconds
[2024-11-24T08:48:47.570+0000] {processor.py:186} INFO - Started process (PID=3634) to work on /home/airflow/.local/lib/python3.12/site-packages/airflow/example_dags/example_subdag_operator.py
[2024-11-24T08:48:47.571+0000] {processor.py:914} INFO - Processing file /home/airflow/.local/lib/python3.12/site-packages/airflow/example_dags/example_subdag_operator.py for tasks to queue
[2024-11-24T08:48:47.575+0000] {logging_mixin.py:190} INFO - [2024-11-24T08:48:47.574+0000] {dagbag.py:588} INFO - Filling up the DagBag from /home/airflow/.local/lib/python3.12/site-packages/airflow/example_dags/example_subdag_operator.py
[2024-11-24T08:48:47.620+0000] {processor.py:925} INFO - DAG(s) 'example_subdag_operator.section-1', 'example_subdag_operator.section-2', 'example_subdag_operator' retrieved from /home/airflow/.local/lib/python3.12/site-packages/airflow/example_dags/example_subdag_operator.py
[2024-11-24T08:48:47.651+0000] {logging_mixin.py:190} INFO - [2024-11-24T08:48:47.651+0000] {dag.py:3239} INFO - Sync 3 DAGs
[2024-11-24T08:48:47.704+0000] {logging_mixin.py:190} INFO - [2024-11-24T08:48:47.703+0000] {dag.py:4180} INFO - Setting next_dagrun for example_subdag_operator to 2022-01-01 00:00:00+00:00, run_after=2022-01-01 00:00:00+00:00
[2024-11-24T08:48:47.711+0000] {logging_mixin.py:190} INFO - [2024-11-24T08:48:47.711+0000] {dag.py:4180} INFO - Setting next_dagrun for example_subdag_operator.section-1 to None, run_after=None
[2024-11-24T08:48:47.714+0000] {logging_mixin.py:190} INFO - [2024-11-24T08:48:47.714+0000] {dag.py:4180} INFO - Setting next_dagrun for example_subdag_operator.section-2 to None, run_after=None
[2024-11-24T08:48:47.725+0000] {logging_mixin.py:190} INFO - [2024-11-24T08:48:47.725+0000] {dag.py:3239} INFO - Sync 2 DAGs
[2024-11-24T08:48:47.736+0000] {logging_mixin.py:190} INFO - [2024-11-24T08:48:47.736+0000] {dag.py:4180} INFO - Setting next_dagrun for example_subdag_operator.section-1 to None, run_after=None
[2024-11-24T08:48:47.737+0000] {logging_mixin.py:190} INFO - [2024-11-24T08:48:47.737+0000] {dag.py:4180} INFO - Setting next_dagrun for example_subdag_operator.section-2 to None, run_after=None
[2024-11-24T08:48:47.756+0000] {processor.py:208} INFO - Processing /home/airflow/.local/lib/python3.12/site-packages/airflow/example_dags/example_subdag_operator.py took 0.198 seconds
[2024-11-24T08:49:18.782+0000] {processor.py:186} INFO - Started process (PID=3925) to work on /home/airflow/.local/lib/python3.12/site-packages/airflow/example_dags/example_subdag_operator.py
[2024-11-24T08:49:18.784+0000] {processor.py:914} INFO - Processing file /home/airflow/.local/lib/python3.12/site-packages/airflow/example_dags/example_subdag_operator.py for tasks to queue
[2024-11-24T08:49:18.789+0000] {logging_mixin.py:190} INFO - [2024-11-24T08:49:18.788+0000] {dagbag.py:588} INFO - Filling up the DagBag from /home/airflow/.local/lib/python3.12/site-packages/airflow/example_dags/example_subdag_operator.py
[2024-11-24T08:49:18.835+0000] {processor.py:925} INFO - DAG(s) 'example_subdag_operator.section-1', 'example_subdag_operator.section-2', 'example_subdag_operator' retrieved from /home/airflow/.local/lib/python3.12/site-packages/airflow/example_dags/example_subdag_operator.py
[2024-11-24T08:49:18.861+0000] {logging_mixin.py:190} INFO - [2024-11-24T08:49:18.860+0000] {dag.py:3239} INFO - Sync 3 DAGs
[2024-11-24T08:49:18.904+0000] {logging_mixin.py:190} INFO - [2024-11-24T08:49:18.903+0000] {dag.py:4180} INFO - Setting next_dagrun for example_subdag_operator to 2022-01-01 00:00:00+00:00, run_after=2022-01-01 00:00:00+00:00
[2024-11-24T08:49:18.911+0000] {logging_mixin.py:190} INFO - [2024-11-24T08:49:18.910+0000] {dag.py:4180} INFO - Setting next_dagrun for example_subdag_operator.section-1 to None, run_after=None
[2024-11-24T08:49:18.914+0000] {logging_mixin.py:190} INFO - [2024-11-24T08:49:18.914+0000] {dag.py:4180} INFO - Setting next_dagrun for example_subdag_operator.section-2 to None, run_after=None
[2024-11-24T08:49:18.926+0000] {logging_mixin.py:190} INFO - [2024-11-24T08:49:18.925+0000] {dag.py:3239} INFO - Sync 2 DAGs
[2024-11-24T08:49:18.936+0000] {logging_mixin.py:190} INFO - [2024-11-24T08:49:18.935+0000] {dag.py:4180} INFO - Setting next_dagrun for example_subdag_operator.section-1 to None, run_after=None
[2024-11-24T08:49:18.937+0000] {logging_mixin.py:190} INFO - [2024-11-24T08:49:18.937+0000] {dag.py:4180} INFO - Setting next_dagrun for example_subdag_operator.section-2 to None, run_after=None
[2024-11-24T08:49:18.954+0000] {processor.py:208} INFO - Processing /home/airflow/.local/lib/python3.12/site-packages/airflow/example_dags/example_subdag_operator.py took 0.184 seconds
[2024-11-24T08:49:51.326+0000] {processor.py:186} INFO - Started process (PID=4216) to work on /home/airflow/.local/lib/python3.12/site-packages/airflow/example_dags/example_subdag_operator.py
[2024-11-24T08:49:51.329+0000] {processor.py:914} INFO - Processing file /home/airflow/.local/lib/python3.12/site-packages/airflow/example_dags/example_subdag_operator.py for tasks to queue
[2024-11-24T08:49:51.334+0000] {logging_mixin.py:190} INFO - [2024-11-24T08:49:51.333+0000] {dagbag.py:588} INFO - Filling up the DagBag from /home/airflow/.local/lib/python3.12/site-packages/airflow/example_dags/example_subdag_operator.py
[2024-11-24T08:49:51.384+0000] {processor.py:925} INFO - DAG(s) 'example_subdag_operator.section-1', 'example_subdag_operator.section-2', 'example_subdag_operator' retrieved from /home/airflow/.local/lib/python3.12/site-packages/airflow/example_dags/example_subdag_operator.py
[2024-11-24T08:49:51.413+0000] {logging_mixin.py:190} INFO - [2024-11-24T08:49:51.413+0000] {dag.py:3239} INFO - Sync 3 DAGs
[2024-11-24T08:49:51.459+0000] {logging_mixin.py:190} INFO - [2024-11-24T08:49:51.458+0000] {dag.py:4180} INFO - Setting next_dagrun for example_subdag_operator to 2022-01-01 00:00:00+00:00, run_after=2022-01-01 00:00:00+00:00
[2024-11-24T08:49:51.468+0000] {logging_mixin.py:190} INFO - [2024-11-24T08:49:51.467+0000] {dag.py:4180} INFO - Setting next_dagrun for example_subdag_operator.section-1 to None, run_after=None
[2024-11-24T08:49:51.472+0000] {logging_mixin.py:190} INFO - [2024-11-24T08:49:51.471+0000] {dag.py:4180} INFO - Setting next_dagrun for example_subdag_operator.section-2 to None, run_after=None
[2024-11-24T08:49:51.486+0000] {logging_mixin.py:190} INFO - [2024-11-24T08:49:51.485+0000] {dag.py:3239} INFO - Sync 2 DAGs
[2024-11-24T08:49:51.496+0000] {logging_mixin.py:190} INFO - [2024-11-24T08:49:51.495+0000] {dag.py:4180} INFO - Setting next_dagrun for example_subdag_operator.section-1 to None, run_after=None
[2024-11-24T08:49:51.497+0000] {logging_mixin.py:190} INFO - [2024-11-24T08:49:51.497+0000] {dag.py:4180} INFO - Setting next_dagrun for example_subdag_operator.section-2 to None, run_after=None
[2024-11-24T08:49:51.522+0000] {processor.py:208} INFO - Processing /home/airflow/.local/lib/python3.12/site-packages/airflow/example_dags/example_subdag_operator.py took 0.206 seconds
[2024-11-24T08:50:26.555+0000] {processor.py:186} INFO - Started process (PID=4513) to work on /home/airflow/.local/lib/python3.12/site-packages/airflow/example_dags/example_subdag_operator.py
[2024-11-24T08:50:26.557+0000] {processor.py:914} INFO - Processing file /home/airflow/.local/lib/python3.12/site-packages/airflow/example_dags/example_subdag_operator.py for tasks to queue
[2024-11-24T08:50:26.563+0000] {logging_mixin.py:190} INFO - [2024-11-24T08:50:26.562+0000] {dagbag.py:588} INFO - Filling up the DagBag from /home/airflow/.local/lib/python3.12/site-packages/airflow/example_dags/example_subdag_operator.py
[2024-11-24T08:50:26.618+0000] {processor.py:925} INFO - DAG(s) 'example_subdag_operator.section-1', 'example_subdag_operator.section-2', 'example_subdag_operator' retrieved from /home/airflow/.local/lib/python3.12/site-packages/airflow/example_dags/example_subdag_operator.py
[2024-11-24T08:50:26.657+0000] {logging_mixin.py:190} INFO - [2024-11-24T08:50:26.656+0000] {dag.py:3239} INFO - Sync 3 DAGs
[2024-11-24T08:50:26.715+0000] {logging_mixin.py:190} INFO - [2024-11-24T08:50:26.714+0000] {dag.py:4180} INFO - Setting next_dagrun for example_subdag_operator to 2022-01-01 00:00:00+00:00, run_after=2022-01-01 00:00:00+00:00
[2024-11-24T08:50:26.724+0000] {logging_mixin.py:190} INFO - [2024-11-24T08:50:26.724+0000] {dag.py:4180} INFO - Setting next_dagrun for example_subdag_operator.section-1 to None, run_after=None
[2024-11-24T08:50:26.728+0000] {logging_mixin.py:190} INFO - [2024-11-24T08:50:26.727+0000] {dag.py:4180} INFO - Setting next_dagrun for example_subdag_operator.section-2 to None, run_after=None
[2024-11-24T08:50:26.743+0000] {logging_mixin.py:190} INFO - [2024-11-24T08:50:26.742+0000] {dag.py:3239} INFO - Sync 2 DAGs
[2024-11-24T08:50:26.758+0000] {logging_mixin.py:190} INFO - [2024-11-24T08:50:26.758+0000] {dag.py:4180} INFO - Setting next_dagrun for example_subdag_operator.section-1 to None, run_after=None
[2024-11-24T08:50:26.761+0000] {logging_mixin.py:190} INFO - [2024-11-24T08:50:26.760+0000] {dag.py:4180} INFO - Setting next_dagrun for example_subdag_operator.section-2 to None, run_after=None
[2024-11-24T08:50:26.798+0000] {processor.py:208} INFO - Processing /home/airflow/.local/lib/python3.12/site-packages/airflow/example_dags/example_subdag_operator.py took 0.256 seconds
[2024-11-24T08:51:04.821+0000] {processor.py:186} INFO - Started process (PID=4869) to work on /home/airflow/.local/lib/python3.12/site-packages/airflow/example_dags/example_subdag_operator.py
[2024-11-24T08:51:04.823+0000] {processor.py:914} INFO - Processing file /home/airflow/.local/lib/python3.12/site-packages/airflow/example_dags/example_subdag_operator.py for tasks to queue
[2024-11-24T08:51:04.829+0000] {logging_mixin.py:190} INFO - [2024-11-24T08:51:04.828+0000] {dagbag.py:588} INFO - Filling up the DagBag from /home/airflow/.local/lib/python3.12/site-packages/airflow/example_dags/example_subdag_operator.py
[2024-11-24T08:51:04.893+0000] {processor.py:925} INFO - DAG(s) 'example_subdag_operator.section-1', 'example_subdag_operator.section-2', 'example_subdag_operator' retrieved from /home/airflow/.local/lib/python3.12/site-packages/airflow/example_dags/example_subdag_operator.py
[2024-11-24T08:51:04.929+0000] {logging_mixin.py:190} INFO - [2024-11-24T08:51:04.928+0000] {dag.py:3239} INFO - Sync 3 DAGs
[2024-11-24T08:51:04.980+0000] {logging_mixin.py:190} INFO - [2024-11-24T08:51:04.980+0000] {dag.py:4180} INFO - Setting next_dagrun for example_subdag_operator to 2022-01-01 00:00:00+00:00, run_after=2022-01-01 00:00:00+00:00
[2024-11-24T08:51:04.990+0000] {logging_mixin.py:190} INFO - [2024-11-24T08:51:04.990+0000] {dag.py:4180} INFO - Setting next_dagrun for example_subdag_operator.section-1 to None, run_after=None
[2024-11-24T08:51:04.995+0000] {logging_mixin.py:190} INFO - [2024-11-24T08:51:04.994+0000] {dag.py:4180} INFO - Setting next_dagrun for example_subdag_operator.section-2 to None, run_after=None
[2024-11-24T08:51:05.010+0000] {logging_mixin.py:190} INFO - [2024-11-24T08:51:05.009+0000] {dag.py:3239} INFO - Sync 2 DAGs
[2024-11-24T08:51:05.022+0000] {logging_mixin.py:190} INFO - [2024-11-24T08:51:05.022+0000] {dag.py:4180} INFO - Setting next_dagrun for example_subdag_operator.section-1 to None, run_after=None
[2024-11-24T08:51:05.023+0000] {logging_mixin.py:190} INFO - [2024-11-24T08:51:05.023+0000] {dag.py:4180} INFO - Setting next_dagrun for example_subdag_operator.section-2 to None, run_after=None
[2024-11-24T08:51:05.046+0000] {processor.py:208} INFO - Processing /home/airflow/.local/lib/python3.12/site-packages/airflow/example_dags/example_subdag_operator.py took 0.242 seconds
[2024-11-24T08:51:35.462+0000] {processor.py:186} INFO - Started process (PID=5159) to work on /home/airflow/.local/lib/python3.12/site-packages/airflow/example_dags/example_subdag_operator.py
[2024-11-24T08:51:35.464+0000] {processor.py:914} INFO - Processing file /home/airflow/.local/lib/python3.12/site-packages/airflow/example_dags/example_subdag_operator.py for tasks to queue
[2024-11-24T08:51:35.469+0000] {logging_mixin.py:190} INFO - [2024-11-24T08:51:35.469+0000] {dagbag.py:588} INFO - Filling up the DagBag from /home/airflow/.local/lib/python3.12/site-packages/airflow/example_dags/example_subdag_operator.py
[2024-11-24T08:51:35.529+0000] {processor.py:925} INFO - DAG(s) 'example_subdag_operator.section-1', 'example_subdag_operator.section-2', 'example_subdag_operator' retrieved from /home/airflow/.local/lib/python3.12/site-packages/airflow/example_dags/example_subdag_operator.py
[2024-11-24T08:51:35.564+0000] {logging_mixin.py:190} INFO - [2024-11-24T08:51:35.563+0000] {dag.py:3239} INFO - Sync 3 DAGs
[2024-11-24T08:51:35.605+0000] {logging_mixin.py:190} INFO - [2024-11-24T08:51:35.605+0000] {dag.py:4180} INFO - Setting next_dagrun for example_subdag_operator to 2022-01-01 00:00:00+00:00, run_after=2022-01-01 00:00:00+00:00
[2024-11-24T08:51:35.612+0000] {logging_mixin.py:190} INFO - [2024-11-24T08:51:35.612+0000] {dag.py:4180} INFO - Setting next_dagrun for example_subdag_operator.section-1 to None, run_after=None
[2024-11-24T08:51:35.615+0000] {logging_mixin.py:190} INFO - [2024-11-24T08:51:35.615+0000] {dag.py:4180} INFO - Setting next_dagrun for example_subdag_operator.section-2 to None, run_after=None
[2024-11-24T08:51:35.627+0000] {logging_mixin.py:190} INFO - [2024-11-24T08:51:35.627+0000] {dag.py:3239} INFO - Sync 2 DAGs
[2024-11-24T08:51:35.639+0000] {logging_mixin.py:190} INFO - [2024-11-24T08:51:35.638+0000] {dag.py:4180} INFO - Setting next_dagrun for example_subdag_operator.section-1 to None, run_after=None
[2024-11-24T08:51:35.640+0000] {logging_mixin.py:190} INFO - [2024-11-24T08:51:35.639+0000] {dag.py:4180} INFO - Setting next_dagrun for example_subdag_operator.section-2 to None, run_after=None
[2024-11-24T08:51:35.658+0000] {processor.py:208} INFO - Processing /home/airflow/.local/lib/python3.12/site-packages/airflow/example_dags/example_subdag_operator.py took 0.213 seconds
[2024-11-24T08:52:05.833+0000] {processor.py:186} INFO - Started process (PID=5452) to work on /home/airflow/.local/lib/python3.12/site-packages/airflow/example_dags/example_subdag_operator.py
[2024-11-24T08:52:05.835+0000] {processor.py:914} INFO - Processing file /home/airflow/.local/lib/python3.12/site-packages/airflow/example_dags/example_subdag_operator.py for tasks to queue
[2024-11-24T08:52:05.839+0000] {logging_mixin.py:190} INFO - [2024-11-24T08:52:05.838+0000] {dagbag.py:588} INFO - Filling up the DagBag from /home/airflow/.local/lib/python3.12/site-packages/airflow/example_dags/example_subdag_operator.py
[2024-11-24T08:52:05.871+0000] {processor.py:925} INFO - DAG(s) 'example_subdag_operator.section-1', 'example_subdag_operator.section-2', 'example_subdag_operator' retrieved from /home/airflow/.local/lib/python3.12/site-packages/airflow/example_dags/example_subdag_operator.py
[2024-11-24T08:52:05.888+0000] {logging_mixin.py:190} INFO - [2024-11-24T08:52:05.887+0000] {dag.py:3239} INFO - Sync 3 DAGs
[2024-11-24T08:52:05.909+0000] {logging_mixin.py:190} INFO - [2024-11-24T08:52:05.909+0000] {dag.py:4180} INFO - Setting next_dagrun for example_subdag_operator to 2022-01-01 00:00:00+00:00, run_after=2022-01-01 00:00:00+00:00
[2024-11-24T08:52:05.913+0000] {logging_mixin.py:190} INFO - [2024-11-24T08:52:05.913+0000] {dag.py:4180} INFO - Setting next_dagrun for example_subdag_operator.section-1 to None, run_after=None
[2024-11-24T08:52:05.916+0000] {logging_mixin.py:190} INFO - [2024-11-24T08:52:05.916+0000] {dag.py:4180} INFO - Setting next_dagrun for example_subdag_operator.section-2 to None, run_after=None
[2024-11-24T08:52:05.923+0000] {logging_mixin.py:190} INFO - [2024-11-24T08:52:05.923+0000] {dag.py:3239} INFO - Sync 2 DAGs
[2024-11-24T08:52:05.930+0000] {logging_mixin.py:190} INFO - [2024-11-24T08:52:05.930+0000] {dag.py:4180} INFO - Setting next_dagrun for example_subdag_operator.section-1 to None, run_after=None
[2024-11-24T08:52:05.931+0000] {logging_mixin.py:190} INFO - [2024-11-24T08:52:05.931+0000] {dag.py:4180} INFO - Setting next_dagrun for example_subdag_operator.section-2 to None, run_after=None
[2024-11-24T08:52:05.945+0000] {processor.py:208} INFO - Processing /home/airflow/.local/lib/python3.12/site-packages/airflow/example_dags/example_subdag_operator.py took 0.121 seconds
[2024-11-24T08:53:47.002+0000] {processor.py:186} INFO - Started process (PID=443) to work on /home/airflow/.local/lib/python3.12/site-packages/airflow/example_dags/example_subdag_operator.py
[2024-11-24T08:53:47.005+0000] {processor.py:914} INFO - Processing file /home/airflow/.local/lib/python3.12/site-packages/airflow/example_dags/example_subdag_operator.py for tasks to queue
[2024-11-24T08:53:47.010+0000] {logging_mixin.py:190} INFO - [2024-11-24T08:53:47.010+0000] {dagbag.py:588} INFO - Filling up the DagBag from /home/airflow/.local/lib/python3.12/site-packages/airflow/example_dags/example_subdag_operator.py
[2024-11-24T08:53:47.063+0000] {processor.py:925} INFO - DAG(s) 'example_subdag_operator.section-1', 'example_subdag_operator.section-2', 'example_subdag_operator' retrieved from /home/airflow/.local/lib/python3.12/site-packages/airflow/example_dags/example_subdag_operator.py
[2024-11-24T08:53:47.097+0000] {logging_mixin.py:190} INFO - [2024-11-24T08:53:47.096+0000] {dag.py:3239} INFO - Sync 3 DAGs
[2024-11-24T08:53:47.166+0000] {logging_mixin.py:190} INFO - [2024-11-24T08:53:47.165+0000] {dag.py:4180} INFO - Setting next_dagrun for example_subdag_operator to 2022-01-01 00:00:00+00:00, run_after=2022-01-01 00:00:00+00:00
[2024-11-24T08:53:47.179+0000] {logging_mixin.py:190} INFO - [2024-11-24T08:53:47.177+0000] {dag.py:4180} INFO - Setting next_dagrun for example_subdag_operator.section-1 to None, run_after=None
[2024-11-24T08:53:47.188+0000] {logging_mixin.py:190} INFO - [2024-11-24T08:53:47.187+0000] {dag.py:4180} INFO - Setting next_dagrun for example_subdag_operator.section-2 to None, run_after=None
[2024-11-24T08:53:47.215+0000] {logging_mixin.py:190} INFO - [2024-11-24T08:53:47.214+0000] {dag.py:3239} INFO - Sync 2 DAGs
[2024-11-24T08:53:47.238+0000] {logging_mixin.py:190} INFO - [2024-11-24T08:53:47.237+0000] {dag.py:4180} INFO - Setting next_dagrun for example_subdag_operator.section-1 to None, run_after=None
[2024-11-24T08:53:47.240+0000] {logging_mixin.py:190} INFO - [2024-11-24T08:53:47.239+0000] {dag.py:4180} INFO - Setting next_dagrun for example_subdag_operator.section-2 to None, run_after=None
[2024-11-24T08:53:47.297+0000] {processor.py:208} INFO - Processing /home/airflow/.local/lib/python3.12/site-packages/airflow/example_dags/example_subdag_operator.py took 0.307 seconds
[2024-11-24T08:54:32.356+0000] {processor.py:186} INFO - Started process (PID=736) to work on /home/airflow/.local/lib/python3.12/site-packages/airflow/example_dags/example_subdag_operator.py
[2024-11-24T08:54:32.358+0000] {processor.py:914} INFO - Processing file /home/airflow/.local/lib/python3.12/site-packages/airflow/example_dags/example_subdag_operator.py for tasks to queue
[2024-11-24T08:54:32.363+0000] {logging_mixin.py:190} INFO - [2024-11-24T08:54:32.362+0000] {dagbag.py:588} INFO - Filling up the DagBag from /home/airflow/.local/lib/python3.12/site-packages/airflow/example_dags/example_subdag_operator.py
[2024-11-24T08:54:32.418+0000] {processor.py:925} INFO - DAG(s) 'example_subdag_operator.section-1', 'example_subdag_operator.section-2', 'example_subdag_operator' retrieved from /home/airflow/.local/lib/python3.12/site-packages/airflow/example_dags/example_subdag_operator.py
[2024-11-24T08:54:32.449+0000] {logging_mixin.py:190} INFO - [2024-11-24T08:54:32.448+0000] {dag.py:3239} INFO - Sync 3 DAGs
[2024-11-24T08:54:32.495+0000] {logging_mixin.py:190} INFO - [2024-11-24T08:54:32.494+0000] {dag.py:4180} INFO - Setting next_dagrun for example_subdag_operator to 2022-01-01 00:00:00+00:00, run_after=2022-01-01 00:00:00+00:00
[2024-11-24T08:54:32.503+0000] {logging_mixin.py:190} INFO - [2024-11-24T08:54:32.502+0000] {dag.py:4180} INFO - Setting next_dagrun for example_subdag_operator.section-1 to None, run_after=None
[2024-11-24T08:54:32.505+0000] {logging_mixin.py:190} INFO - [2024-11-24T08:54:32.505+0000] {dag.py:4180} INFO - Setting next_dagrun for example_subdag_operator.section-2 to None, run_after=None
[2024-11-24T08:54:32.520+0000] {logging_mixin.py:190} INFO - [2024-11-24T08:54:32.519+0000] {dag.py:3239} INFO - Sync 2 DAGs
[2024-11-24T08:54:32.530+0000] {logging_mixin.py:190} INFO - [2024-11-24T08:54:32.530+0000] {dag.py:4180} INFO - Setting next_dagrun for example_subdag_operator.section-1 to None, run_after=None
[2024-11-24T08:54:32.532+0000] {logging_mixin.py:190} INFO - [2024-11-24T08:54:32.531+0000] {dag.py:4180} INFO - Setting next_dagrun for example_subdag_operator.section-2 to None, run_after=None
[2024-11-24T08:54:32.556+0000] {processor.py:208} INFO - Processing /home/airflow/.local/lib/python3.12/site-packages/airflow/example_dags/example_subdag_operator.py took 0.211 seconds
[2024-11-24T08:55:05.427+0000] {processor.py:186} INFO - Started process (PID=1025) to work on /home/airflow/.local/lib/python3.12/site-packages/airflow/example_dags/example_subdag_operator.py
[2024-11-24T08:55:05.430+0000] {processor.py:914} INFO - Processing file /home/airflow/.local/lib/python3.12/site-packages/airflow/example_dags/example_subdag_operator.py for tasks to queue
[2024-11-24T08:55:05.435+0000] {logging_mixin.py:190} INFO - [2024-11-24T08:55:05.434+0000] {dagbag.py:588} INFO - Filling up the DagBag from /home/airflow/.local/lib/python3.12/site-packages/airflow/example_dags/example_subdag_operator.py
[2024-11-24T08:55:05.486+0000] {processor.py:925} INFO - DAG(s) 'example_subdag_operator.section-1', 'example_subdag_operator.section-2', 'example_subdag_operator' retrieved from /home/airflow/.local/lib/python3.12/site-packages/airflow/example_dags/example_subdag_operator.py
[2024-11-24T08:55:05.516+0000] {logging_mixin.py:190} INFO - [2024-11-24T08:55:05.516+0000] {dag.py:3239} INFO - Sync 3 DAGs
[2024-11-24T08:55:05.560+0000] {logging_mixin.py:190} INFO - [2024-11-24T08:55:05.559+0000] {dag.py:4180} INFO - Setting next_dagrun for example_subdag_operator to 2022-01-01 00:00:00+00:00, run_after=2022-01-01 00:00:00+00:00
[2024-11-24T08:55:05.567+0000] {logging_mixin.py:190} INFO - [2024-11-24T08:55:05.566+0000] {dag.py:4180} INFO - Setting next_dagrun for example_subdag_operator.section-1 to None, run_after=None
[2024-11-24T08:55:05.570+0000] {logging_mixin.py:190} INFO - [2024-11-24T08:55:05.570+0000] {dag.py:4180} INFO - Setting next_dagrun for example_subdag_operator.section-2 to None, run_after=None
[2024-11-24T08:55:05.584+0000] {logging_mixin.py:190} INFO - [2024-11-24T08:55:05.584+0000] {dag.py:3239} INFO - Sync 2 DAGs
[2024-11-24T08:55:05.595+0000] {logging_mixin.py:190} INFO - [2024-11-24T08:55:05.595+0000] {dag.py:4180} INFO - Setting next_dagrun for example_subdag_operator.section-1 to None, run_after=None
[2024-11-24T08:55:05.597+0000] {logging_mixin.py:190} INFO - [2024-11-24T08:55:05.597+0000] {dag.py:4180} INFO - Setting next_dagrun for example_subdag_operator.section-2 to None, run_after=None
[2024-11-24T08:55:05.620+0000] {processor.py:208} INFO - Processing /home/airflow/.local/lib/python3.12/site-packages/airflow/example_dags/example_subdag_operator.py took 0.204 seconds
[2024-11-24T08:55:59.263+0000] {processor.py:186} INFO - Started process (PID=1398) to work on /home/airflow/.local/lib/python3.12/site-packages/airflow/example_dags/example_subdag_operator.py
[2024-11-24T08:55:59.266+0000] {processor.py:914} INFO - Processing file /home/airflow/.local/lib/python3.12/site-packages/airflow/example_dags/example_subdag_operator.py for tasks to queue
[2024-11-24T08:55:59.270+0000] {logging_mixin.py:190} INFO - [2024-11-24T08:55:59.269+0000] {dagbag.py:588} INFO - Filling up the DagBag from /home/airflow/.local/lib/python3.12/site-packages/airflow/example_dags/example_subdag_operator.py
[2024-11-24T08:55:59.312+0000] {processor.py:925} INFO - DAG(s) 'example_subdag_operator.section-1', 'example_subdag_operator.section-2', 'example_subdag_operator' retrieved from /home/airflow/.local/lib/python3.12/site-packages/airflow/example_dags/example_subdag_operator.py
[2024-11-24T08:55:59.334+0000] {logging_mixin.py:190} INFO - [2024-11-24T08:55:59.333+0000] {dag.py:3239} INFO - Sync 3 DAGs
[2024-11-24T08:55:59.370+0000] {logging_mixin.py:190} INFO - [2024-11-24T08:55:59.370+0000] {dag.py:4180} INFO - Setting next_dagrun for example_subdag_operator to 2022-01-01 00:00:00+00:00, run_after=2022-01-01 00:00:00+00:00
[2024-11-24T08:55:59.377+0000] {logging_mixin.py:190} INFO - [2024-11-24T08:55:59.377+0000] {dag.py:4180} INFO - Setting next_dagrun for example_subdag_operator.section-1 to None, run_after=None
[2024-11-24T08:55:59.380+0000] {logging_mixin.py:190} INFO - [2024-11-24T08:55:59.380+0000] {dag.py:4180} INFO - Setting next_dagrun for example_subdag_operator.section-2 to None, run_after=None
[2024-11-24T08:55:59.391+0000] {logging_mixin.py:190} INFO - [2024-11-24T08:55:59.390+0000] {dag.py:3239} INFO - Sync 2 DAGs
[2024-11-24T08:55:59.400+0000] {logging_mixin.py:190} INFO - [2024-11-24T08:55:59.399+0000] {dag.py:4180} INFO - Setting next_dagrun for example_subdag_operator.section-1 to None, run_after=None
[2024-11-24T08:55:59.401+0000] {logging_mixin.py:190} INFO - [2024-11-24T08:55:59.401+0000] {dag.py:4180} INFO - Setting next_dagrun for example_subdag_operator.section-2 to None, run_after=None
[2024-11-24T08:55:59.418+0000] {processor.py:208} INFO - Processing /home/airflow/.local/lib/python3.12/site-packages/airflow/example_dags/example_subdag_operator.py took 0.164 seconds
[2024-11-24T08:56:30.906+0000] {processor.py:186} INFO - Started process (PID=1690) to work on /home/airflow/.local/lib/python3.12/site-packages/airflow/example_dags/example_subdag_operator.py
[2024-11-24T08:56:30.908+0000] {processor.py:914} INFO - Processing file /home/airflow/.local/lib/python3.12/site-packages/airflow/example_dags/example_subdag_operator.py for tasks to queue
[2024-11-24T08:56:30.913+0000] {logging_mixin.py:190} INFO - [2024-11-24T08:56:30.912+0000] {dagbag.py:588} INFO - Filling up the DagBag from /home/airflow/.local/lib/python3.12/site-packages/airflow/example_dags/example_subdag_operator.py
[2024-11-24T08:56:30.967+0000] {processor.py:925} INFO - DAG(s) 'example_subdag_operator.section-1', 'example_subdag_operator.section-2', 'example_subdag_operator' retrieved from /home/airflow/.local/lib/python3.12/site-packages/airflow/example_dags/example_subdag_operator.py
[2024-11-24T08:56:30.998+0000] {logging_mixin.py:190} INFO - [2024-11-24T08:56:30.998+0000] {dag.py:3239} INFO - Sync 3 DAGs
[2024-11-24T08:56:31.045+0000] {logging_mixin.py:190} INFO - [2024-11-24T08:56:31.044+0000] {dag.py:4180} INFO - Setting next_dagrun for example_subdag_operator to 2022-01-01 00:00:00+00:00, run_after=2022-01-01 00:00:00+00:00
[2024-11-24T08:56:31.052+0000] {logging_mixin.py:190} INFO - [2024-11-24T08:56:31.052+0000] {dag.py:4180} INFO - Setting next_dagrun for example_subdag_operator.section-1 to None, run_after=None
[2024-11-24T08:56:31.055+0000] {logging_mixin.py:190} INFO - [2024-11-24T08:56:31.055+0000] {dag.py:4180} INFO - Setting next_dagrun for example_subdag_operator.section-2 to None, run_after=None
[2024-11-24T08:56:31.068+0000] {logging_mixin.py:190} INFO - [2024-11-24T08:56:31.068+0000] {dag.py:3239} INFO - Sync 2 DAGs
[2024-11-24T08:56:31.082+0000] {logging_mixin.py:190} INFO - [2024-11-24T08:56:31.081+0000] {dag.py:4180} INFO - Setting next_dagrun for example_subdag_operator.section-1 to None, run_after=None
[2024-11-24T08:56:31.084+0000] {logging_mixin.py:190} INFO - [2024-11-24T08:56:31.083+0000] {dag.py:4180} INFO - Setting next_dagrun for example_subdag_operator.section-2 to None, run_after=None
[2024-11-24T08:56:31.105+0000] {processor.py:208} INFO - Processing /home/airflow/.local/lib/python3.12/site-packages/airflow/example_dags/example_subdag_operator.py took 0.210 seconds
[2024-11-24T08:57:01.757+0000] {processor.py:186} INFO - Started process (PID=1981) to work on /home/airflow/.local/lib/python3.12/site-packages/airflow/example_dags/example_subdag_operator.py
[2024-11-24T08:57:01.760+0000] {processor.py:914} INFO - Processing file /home/airflow/.local/lib/python3.12/site-packages/airflow/example_dags/example_subdag_operator.py for tasks to queue
[2024-11-24T08:57:01.766+0000] {logging_mixin.py:190} INFO - [2024-11-24T08:57:01.765+0000] {dagbag.py:588} INFO - Filling up the DagBag from /home/airflow/.local/lib/python3.12/site-packages/airflow/example_dags/example_subdag_operator.py
[2024-11-24T08:57:01.829+0000] {processor.py:925} INFO - DAG(s) 'example_subdag_operator.section-1', 'example_subdag_operator.section-2', 'example_subdag_operator' retrieved from /home/airflow/.local/lib/python3.12/site-packages/airflow/example_dags/example_subdag_operator.py
[2024-11-24T08:57:01.864+0000] {logging_mixin.py:190} INFO - [2024-11-24T08:57:01.864+0000] {dag.py:3239} INFO - Sync 3 DAGs
[2024-11-24T08:57:01.917+0000] {logging_mixin.py:190} INFO - [2024-11-24T08:57:01.917+0000] {dag.py:4180} INFO - Setting next_dagrun for example_subdag_operator to 2022-01-01 00:00:00+00:00, run_after=2022-01-01 00:00:00+00:00
[2024-11-24T08:57:01.926+0000] {logging_mixin.py:190} INFO - [2024-11-24T08:57:01.926+0000] {dag.py:4180} INFO - Setting next_dagrun for example_subdag_operator.section-1 to None, run_after=None
[2024-11-24T08:57:01.930+0000] {logging_mixin.py:190} INFO - [2024-11-24T08:57:01.930+0000] {dag.py:4180} INFO - Setting next_dagrun for example_subdag_operator.section-2 to None, run_after=None
[2024-11-24T08:57:01.947+0000] {logging_mixin.py:190} INFO - [2024-11-24T08:57:01.946+0000] {dag.py:3239} INFO - Sync 2 DAGs
[2024-11-24T08:57:01.960+0000] {logging_mixin.py:190} INFO - [2024-11-24T08:57:01.960+0000] {dag.py:4180} INFO - Setting next_dagrun for example_subdag_operator.section-1 to None, run_after=None
[2024-11-24T08:57:01.962+0000] {logging_mixin.py:190} INFO - [2024-11-24T08:57:01.962+0000] {dag.py:4180} INFO - Setting next_dagrun for example_subdag_operator.section-2 to None, run_after=None
[2024-11-24T08:57:01.991+0000] {processor.py:208} INFO - Processing /home/airflow/.local/lib/python3.12/site-packages/airflow/example_dags/example_subdag_operator.py took 0.247 seconds
[2024-11-24T08:57:37.226+0000] {processor.py:186} INFO - Started process (PID=2272) to work on /home/airflow/.local/lib/python3.12/site-packages/airflow/example_dags/example_subdag_operator.py
[2024-11-24T08:57:37.229+0000] {processor.py:914} INFO - Processing file /home/airflow/.local/lib/python3.12/site-packages/airflow/example_dags/example_subdag_operator.py for tasks to queue
[2024-11-24T08:57:37.234+0000] {logging_mixin.py:190} INFO - [2024-11-24T08:57:37.234+0000] {dagbag.py:588} INFO - Filling up the DagBag from /home/airflow/.local/lib/python3.12/site-packages/airflow/example_dags/example_subdag_operator.py
[2024-11-24T08:57:37.295+0000] {processor.py:925} INFO - DAG(s) 'example_subdag_operator.section-1', 'example_subdag_operator.section-2', 'example_subdag_operator' retrieved from /home/airflow/.local/lib/python3.12/site-packages/airflow/example_dags/example_subdag_operator.py
[2024-11-24T08:57:37.340+0000] {logging_mixin.py:190} INFO - [2024-11-24T08:57:37.339+0000] {dag.py:3239} INFO - Sync 3 DAGs
[2024-11-24T08:57:37.400+0000] {logging_mixin.py:190} INFO - [2024-11-24T08:57:37.400+0000] {dag.py:4180} INFO - Setting next_dagrun for example_subdag_operator to 2022-01-01 00:00:00+00:00, run_after=2022-01-01 00:00:00+00:00
[2024-11-24T08:57:37.409+0000] {logging_mixin.py:190} INFO - [2024-11-24T08:57:37.408+0000] {dag.py:4180} INFO - Setting next_dagrun for example_subdag_operator.section-1 to None, run_after=None
[2024-11-24T08:57:37.414+0000] {logging_mixin.py:190} INFO - [2024-11-24T08:57:37.413+0000] {dag.py:4180} INFO - Setting next_dagrun for example_subdag_operator.section-2 to None, run_after=None
[2024-11-24T08:57:37.430+0000] {logging_mixin.py:190} INFO - [2024-11-24T08:57:37.429+0000] {dag.py:3239} INFO - Sync 2 DAGs
[2024-11-24T08:57:37.441+0000] {logging_mixin.py:190} INFO - [2024-11-24T08:57:37.441+0000] {dag.py:4180} INFO - Setting next_dagrun for example_subdag_operator.section-1 to None, run_after=None
[2024-11-24T08:57:37.443+0000] {logging_mixin.py:190} INFO - [2024-11-24T08:57:37.443+0000] {dag.py:4180} INFO - Setting next_dagrun for example_subdag_operator.section-2 to None, run_after=None
[2024-11-24T08:57:37.466+0000] {processor.py:208} INFO - Processing /home/airflow/.local/lib/python3.12/site-packages/airflow/example_dags/example_subdag_operator.py took 0.253 seconds
[2024-11-24T08:58:08.007+0000] {processor.py:186} INFO - Started process (PID=2558) to work on /home/airflow/.local/lib/python3.12/site-packages/airflow/example_dags/example_subdag_operator.py
[2024-11-24T08:58:08.008+0000] {processor.py:914} INFO - Processing file /home/airflow/.local/lib/python3.12/site-packages/airflow/example_dags/example_subdag_operator.py for tasks to queue
[2024-11-24T08:58:08.011+0000] {logging_mixin.py:190} INFO - [2024-11-24T08:58:08.010+0000] {dagbag.py:588} INFO - Filling up the DagBag from /home/airflow/.local/lib/python3.12/site-packages/airflow/example_dags/example_subdag_operator.py
[2024-11-24T08:58:08.039+0000] {processor.py:925} INFO - DAG(s) 'example_subdag_operator.section-1', 'example_subdag_operator.section-2', 'example_subdag_operator' retrieved from /home/airflow/.local/lib/python3.12/site-packages/airflow/example_dags/example_subdag_operator.py
[2024-11-24T08:58:08.056+0000] {logging_mixin.py:190} INFO - [2024-11-24T08:58:08.056+0000] {dag.py:3239} INFO - Sync 3 DAGs
[2024-11-24T08:58:08.081+0000] {logging_mixin.py:190} INFO - [2024-11-24T08:58:08.081+0000] {dag.py:4180} INFO - Setting next_dagrun for example_subdag_operator to 2022-01-01 00:00:00+00:00, run_after=2022-01-01 00:00:00+00:00
[2024-11-24T08:58:08.086+0000] {logging_mixin.py:190} INFO - [2024-11-24T08:58:08.085+0000] {dag.py:4180} INFO - Setting next_dagrun for example_subdag_operator.section-1 to None, run_after=None
[2024-11-24T08:58:08.088+0000] {logging_mixin.py:190} INFO - [2024-11-24T08:58:08.087+0000] {dag.py:4180} INFO - Setting next_dagrun for example_subdag_operator.section-2 to None, run_after=None
[2024-11-24T08:58:08.095+0000] {logging_mixin.py:190} INFO - [2024-11-24T08:58:08.095+0000] {dag.py:3239} INFO - Sync 2 DAGs
[2024-11-24T08:58:08.103+0000] {logging_mixin.py:190} INFO - [2024-11-24T08:58:08.103+0000] {dag.py:4180} INFO - Setting next_dagrun for example_subdag_operator.section-1 to None, run_after=None
[2024-11-24T08:58:08.104+0000] {logging_mixin.py:190} INFO - [2024-11-24T08:58:08.104+0000] {dag.py:4180} INFO - Setting next_dagrun for example_subdag_operator.section-2 to None, run_after=None
[2024-11-24T08:58:08.118+0000] {processor.py:208} INFO - Processing /home/airflow/.local/lib/python3.12/site-packages/airflow/example_dags/example_subdag_operator.py took 0.117 seconds
[2024-11-24T08:58:38.891+0000] {processor.py:186} INFO - Started process (PID=2849) to work on /home/airflow/.local/lib/python3.12/site-packages/airflow/example_dags/example_subdag_operator.py
[2024-11-24T08:58:38.892+0000] {processor.py:914} INFO - Processing file /home/airflow/.local/lib/python3.12/site-packages/airflow/example_dags/example_subdag_operator.py for tasks to queue
[2024-11-24T08:58:38.895+0000] {logging_mixin.py:190} INFO - [2024-11-24T08:58:38.895+0000] {dagbag.py:588} INFO - Filling up the DagBag from /home/airflow/.local/lib/python3.12/site-packages/airflow/example_dags/example_subdag_operator.py
[2024-11-24T08:58:38.928+0000] {processor.py:925} INFO - DAG(s) 'example_subdag_operator.section-1', 'example_subdag_operator.section-2', 'example_subdag_operator' retrieved from /home/airflow/.local/lib/python3.12/site-packages/airflow/example_dags/example_subdag_operator.py
[2024-11-24T08:58:38.948+0000] {logging_mixin.py:190} INFO - [2024-11-24T08:58:38.948+0000] {dag.py:3239} INFO - Sync 3 DAGs
[2024-11-24T08:58:38.973+0000] {logging_mixin.py:190} INFO - [2024-11-24T08:58:38.973+0000] {dag.py:4180} INFO - Setting next_dagrun for example_subdag_operator to 2022-01-01 00:00:00+00:00, run_after=2022-01-01 00:00:00+00:00
[2024-11-24T08:58:38.978+0000] {logging_mixin.py:190} INFO - [2024-11-24T08:58:38.977+0000] {dag.py:4180} INFO - Setting next_dagrun for example_subdag_operator.section-1 to None, run_after=None
[2024-11-24T08:58:38.979+0000] {logging_mixin.py:190} INFO - [2024-11-24T08:58:38.979+0000] {dag.py:4180} INFO - Setting next_dagrun for example_subdag_operator.section-2 to None, run_after=None
[2024-11-24T08:58:38.987+0000] {logging_mixin.py:190} INFO - [2024-11-24T08:58:38.987+0000] {dag.py:3239} INFO - Sync 2 DAGs
[2024-11-24T08:58:38.995+0000] {logging_mixin.py:190} INFO - [2024-11-24T08:58:38.994+0000] {dag.py:4180} INFO - Setting next_dagrun for example_subdag_operator.section-1 to None, run_after=None
[2024-11-24T08:58:38.995+0000] {logging_mixin.py:190} INFO - [2024-11-24T08:58:38.995+0000] {dag.py:4180} INFO - Setting next_dagrun for example_subdag_operator.section-2 to None, run_after=None
[2024-11-24T08:58:39.010+0000] {processor.py:208} INFO - Processing /home/airflow/.local/lib/python3.12/site-packages/airflow/example_dags/example_subdag_operator.py took 0.126 seconds
[2024-11-24T08:59:09.550+0000] {processor.py:186} INFO - Started process (PID=3140) to work on /home/airflow/.local/lib/python3.12/site-packages/airflow/example_dags/example_subdag_operator.py
[2024-11-24T08:59:09.551+0000] {processor.py:914} INFO - Processing file /home/airflow/.local/lib/python3.12/site-packages/airflow/example_dags/example_subdag_operator.py for tasks to queue
[2024-11-24T08:59:09.554+0000] {logging_mixin.py:190} INFO - [2024-11-24T08:59:09.553+0000] {dagbag.py:588} INFO - Filling up the DagBag from /home/airflow/.local/lib/python3.12/site-packages/airflow/example_dags/example_subdag_operator.py
[2024-11-24T08:59:09.581+0000] {processor.py:925} INFO - DAG(s) 'example_subdag_operator.section-1', 'example_subdag_operator.section-2', 'example_subdag_operator' retrieved from /home/airflow/.local/lib/python3.12/site-packages/airflow/example_dags/example_subdag_operator.py
[2024-11-24T08:59:09.598+0000] {logging_mixin.py:190} INFO - [2024-11-24T08:59:09.598+0000] {dag.py:3239} INFO - Sync 3 DAGs
[2024-11-24T08:59:09.623+0000] {logging_mixin.py:190} INFO - [2024-11-24T08:59:09.623+0000] {dag.py:4180} INFO - Setting next_dagrun for example_subdag_operator to 2022-01-01 00:00:00+00:00, run_after=2022-01-01 00:00:00+00:00
[2024-11-24T08:59:09.628+0000] {logging_mixin.py:190} INFO - [2024-11-24T08:59:09.627+0000] {dag.py:4180} INFO - Setting next_dagrun for example_subdag_operator.section-1 to None, run_after=None
[2024-11-24T08:59:09.630+0000] {logging_mixin.py:190} INFO - [2024-11-24T08:59:09.630+0000] {dag.py:4180} INFO - Setting next_dagrun for example_subdag_operator.section-2 to None, run_after=None
[2024-11-24T08:59:09.638+0000] {logging_mixin.py:190} INFO - [2024-11-24T08:59:09.638+0000] {dag.py:3239} INFO - Sync 2 DAGs
[2024-11-24T08:59:09.646+0000] {logging_mixin.py:190} INFO - [2024-11-24T08:59:09.646+0000] {dag.py:4180} INFO - Setting next_dagrun for example_subdag_operator.section-1 to None, run_after=None
[2024-11-24T08:59:09.647+0000] {logging_mixin.py:190} INFO - [2024-11-24T08:59:09.647+0000] {dag.py:4180} INFO - Setting next_dagrun for example_subdag_operator.section-2 to None, run_after=None
[2024-11-24T08:59:09.664+0000] {processor.py:208} INFO - Processing /home/airflow/.local/lib/python3.12/site-packages/airflow/example_dags/example_subdag_operator.py took 0.121 seconds
[2024-11-24T08:59:41.384+0000] {processor.py:186} INFO - Started process (PID=3433) to work on /home/airflow/.local/lib/python3.12/site-packages/airflow/example_dags/example_subdag_operator.py
[2024-11-24T08:59:41.390+0000] {processor.py:914} INFO - Processing file /home/airflow/.local/lib/python3.12/site-packages/airflow/example_dags/example_subdag_operator.py for tasks to queue
[2024-11-24T08:59:41.397+0000] {logging_mixin.py:190} INFO - [2024-11-24T08:59:41.396+0000] {dagbag.py:588} INFO - Filling up the DagBag from /home/airflow/.local/lib/python3.12/site-packages/airflow/example_dags/example_subdag_operator.py
[2024-11-24T08:59:41.488+0000] {processor.py:925} INFO - DAG(s) 'example_subdag_operator.section-1', 'example_subdag_operator.section-2', 'example_subdag_operator' retrieved from /home/airflow/.local/lib/python3.12/site-packages/airflow/example_dags/example_subdag_operator.py
[2024-11-24T08:59:41.555+0000] {logging_mixin.py:190} INFO - [2024-11-24T08:59:41.554+0000] {dag.py:3239} INFO - Sync 3 DAGs
[2024-11-24T08:59:41.633+0000] {logging_mixin.py:190} INFO - [2024-11-24T08:59:41.632+0000] {dag.py:4180} INFO - Setting next_dagrun for example_subdag_operator to 2022-01-01 00:00:00+00:00, run_after=2022-01-01 00:00:00+00:00
[2024-11-24T08:59:41.643+0000] {logging_mixin.py:190} INFO - [2024-11-24T08:59:41.643+0000] {dag.py:4180} INFO - Setting next_dagrun for example_subdag_operator.section-1 to None, run_after=None
[2024-11-24T08:59:41.648+0000] {logging_mixin.py:190} INFO - [2024-11-24T08:59:41.648+0000] {dag.py:4180} INFO - Setting next_dagrun for example_subdag_operator.section-2 to None, run_after=None
[2024-11-24T08:59:41.669+0000] {logging_mixin.py:190} INFO - [2024-11-24T08:59:41.669+0000] {dag.py:3239} INFO - Sync 2 DAGs
[2024-11-24T08:59:41.685+0000] {logging_mixin.py:190} INFO - [2024-11-24T08:59:41.684+0000] {dag.py:4180} INFO - Setting next_dagrun for example_subdag_operator.section-1 to None, run_after=None
[2024-11-24T08:59:41.686+0000] {logging_mixin.py:190} INFO - [2024-11-24T08:59:41.686+0000] {dag.py:4180} INFO - Setting next_dagrun for example_subdag_operator.section-2 to None, run_after=None
[2024-11-24T08:59:41.713+0000] {processor.py:208} INFO - Processing /home/airflow/.local/lib/python3.12/site-packages/airflow/example_dags/example_subdag_operator.py took 0.351 seconds
[2024-11-24T09:00:12.319+0000] {processor.py:186} INFO - Started process (PID=3724) to work on /home/airflow/.local/lib/python3.12/site-packages/airflow/example_dags/example_subdag_operator.py
[2024-11-24T09:00:12.321+0000] {processor.py:914} INFO - Processing file /home/airflow/.local/lib/python3.12/site-packages/airflow/example_dags/example_subdag_operator.py for tasks to queue
[2024-11-24T09:00:12.327+0000] {logging_mixin.py:190} INFO - [2024-11-24T09:00:12.326+0000] {dagbag.py:588} INFO - Filling up the DagBag from /home/airflow/.local/lib/python3.12/site-packages/airflow/example_dags/example_subdag_operator.py
[2024-11-24T09:00:12.385+0000] {processor.py:925} INFO - DAG(s) 'example_subdag_operator.section-1', 'example_subdag_operator.section-2', 'example_subdag_operator' retrieved from /home/airflow/.local/lib/python3.12/site-packages/airflow/example_dags/example_subdag_operator.py
[2024-11-24T09:00:12.416+0000] {logging_mixin.py:190} INFO - [2024-11-24T09:00:12.416+0000] {dag.py:3239} INFO - Sync 3 DAGs
[2024-11-24T09:00:12.464+0000] {logging_mixin.py:190} INFO - [2024-11-24T09:00:12.463+0000] {dag.py:4180} INFO - Setting next_dagrun for example_subdag_operator to 2022-01-01 00:00:00+00:00, run_after=2022-01-01 00:00:00+00:00
[2024-11-24T09:00:12.472+0000] {logging_mixin.py:190} INFO - [2024-11-24T09:00:12.472+0000] {dag.py:4180} INFO - Setting next_dagrun for example_subdag_operator.section-1 to None, run_after=None
[2024-11-24T09:00:12.475+0000] {logging_mixin.py:190} INFO - [2024-11-24T09:00:12.475+0000] {dag.py:4180} INFO - Setting next_dagrun for example_subdag_operator.section-2 to None, run_after=None
[2024-11-24T09:00:12.490+0000] {logging_mixin.py:190} INFO - [2024-11-24T09:00:12.489+0000] {dag.py:3239} INFO - Sync 2 DAGs
[2024-11-24T09:00:12.503+0000] {logging_mixin.py:190} INFO - [2024-11-24T09:00:12.503+0000] {dag.py:4180} INFO - Setting next_dagrun for example_subdag_operator.section-1 to None, run_after=None
[2024-11-24T09:00:12.504+0000] {logging_mixin.py:190} INFO - [2024-11-24T09:00:12.504+0000] {dag.py:4180} INFO - Setting next_dagrun for example_subdag_operator.section-2 to None, run_after=None
[2024-11-24T09:00:12.525+0000] {processor.py:208} INFO - Processing /home/airflow/.local/lib/python3.12/site-packages/airflow/example_dags/example_subdag_operator.py took 0.218 seconds
[2024-11-24T09:00:43.058+0000] {processor.py:186} INFO - Started process (PID=4013) to work on /home/airflow/.local/lib/python3.12/site-packages/airflow/example_dags/example_subdag_operator.py
[2024-11-24T09:00:43.060+0000] {processor.py:914} INFO - Processing file /home/airflow/.local/lib/python3.12/site-packages/airflow/example_dags/example_subdag_operator.py for tasks to queue
[2024-11-24T09:00:43.064+0000] {logging_mixin.py:190} INFO - [2024-11-24T09:00:43.063+0000] {dagbag.py:588} INFO - Filling up the DagBag from /home/airflow/.local/lib/python3.12/site-packages/airflow/example_dags/example_subdag_operator.py
[2024-11-24T09:00:43.095+0000] {processor.py:925} INFO - DAG(s) 'example_subdag_operator.section-1', 'example_subdag_operator.section-2', 'example_subdag_operator' retrieved from /home/airflow/.local/lib/python3.12/site-packages/airflow/example_dags/example_subdag_operator.py
[2024-11-24T09:00:43.113+0000] {logging_mixin.py:190} INFO - [2024-11-24T09:00:43.113+0000] {dag.py:3239} INFO - Sync 3 DAGs
[2024-11-24T09:00:43.143+0000] {logging_mixin.py:190} INFO - [2024-11-24T09:00:43.143+0000] {dag.py:4180} INFO - Setting next_dagrun for example_subdag_operator to 2022-01-01 00:00:00+00:00, run_after=2022-01-01 00:00:00+00:00
[2024-11-24T09:00:43.150+0000] {logging_mixin.py:190} INFO - [2024-11-24T09:00:43.149+0000] {dag.py:4180} INFO - Setting next_dagrun for example_subdag_operator.section-1 to None, run_after=None
[2024-11-24T09:00:43.152+0000] {logging_mixin.py:190} INFO - [2024-11-24T09:00:43.152+0000] {dag.py:4180} INFO - Setting next_dagrun for example_subdag_operator.section-2 to None, run_after=None
[2024-11-24T09:00:43.164+0000] {logging_mixin.py:190} INFO - [2024-11-24T09:00:43.164+0000] {dag.py:3239} INFO - Sync 2 DAGs
[2024-11-24T09:00:43.172+0000] {logging_mixin.py:190} INFO - [2024-11-24T09:00:43.172+0000] {dag.py:4180} INFO - Setting next_dagrun for example_subdag_operator.section-1 to None, run_after=None
[2024-11-24T09:00:43.173+0000] {logging_mixin.py:190} INFO - [2024-11-24T09:00:43.173+0000] {dag.py:4180} INFO - Setting next_dagrun for example_subdag_operator.section-2 to None, run_after=None
[2024-11-24T09:00:43.192+0000] {processor.py:208} INFO - Processing /home/airflow/.local/lib/python3.12/site-packages/airflow/example_dags/example_subdag_operator.py took 0.141 seconds
[2024-11-24T09:01:14.145+0000] {processor.py:186} INFO - Started process (PID=4306) to work on /home/airflow/.local/lib/python3.12/site-packages/airflow/example_dags/example_subdag_operator.py
[2024-11-24T09:01:14.146+0000] {processor.py:914} INFO - Processing file /home/airflow/.local/lib/python3.12/site-packages/airflow/example_dags/example_subdag_operator.py for tasks to queue
[2024-11-24T09:01:14.150+0000] {logging_mixin.py:190} INFO - [2024-11-24T09:01:14.149+0000] {dagbag.py:588} INFO - Filling up the DagBag from /home/airflow/.local/lib/python3.12/site-packages/airflow/example_dags/example_subdag_operator.py
[2024-11-24T09:01:14.183+0000] {processor.py:925} INFO - DAG(s) 'example_subdag_operator.section-1', 'example_subdag_operator.section-2', 'example_subdag_operator' retrieved from /home/airflow/.local/lib/python3.12/site-packages/airflow/example_dags/example_subdag_operator.py
[2024-11-24T09:01:14.205+0000] {logging_mixin.py:190} INFO - [2024-11-24T09:01:14.204+0000] {dag.py:3239} INFO - Sync 3 DAGs
[2024-11-24T09:01:14.235+0000] {logging_mixin.py:190} INFO - [2024-11-24T09:01:14.234+0000] {dag.py:4180} INFO - Setting next_dagrun for example_subdag_operator to 2022-01-01 00:00:00+00:00, run_after=2022-01-01 00:00:00+00:00
[2024-11-24T09:01:14.240+0000] {logging_mixin.py:190} INFO - [2024-11-24T09:01:14.240+0000] {dag.py:4180} INFO - Setting next_dagrun for example_subdag_operator.section-1 to None, run_after=None
[2024-11-24T09:01:14.242+0000] {logging_mixin.py:190} INFO - [2024-11-24T09:01:14.242+0000] {dag.py:4180} INFO - Setting next_dagrun for example_subdag_operator.section-2 to None, run_after=None
[2024-11-24T09:01:14.251+0000] {logging_mixin.py:190} INFO - [2024-11-24T09:01:14.250+0000] {dag.py:3239} INFO - Sync 2 DAGs
[2024-11-24T09:01:14.257+0000] {logging_mixin.py:190} INFO - [2024-11-24T09:01:14.257+0000] {dag.py:4180} INFO - Setting next_dagrun for example_subdag_operator.section-1 to None, run_after=None
[2024-11-24T09:01:14.258+0000] {logging_mixin.py:190} INFO - [2024-11-24T09:01:14.258+0000] {dag.py:4180} INFO - Setting next_dagrun for example_subdag_operator.section-2 to None, run_after=None
[2024-11-24T09:01:14.272+0000] {processor.py:208} INFO - Processing /home/airflow/.local/lib/python3.12/site-packages/airflow/example_dags/example_subdag_operator.py took 0.136 seconds
[2024-11-24T09:01:45.708+0000] {processor.py:186} INFO - Started process (PID=4595) to work on /home/airflow/.local/lib/python3.12/site-packages/airflow/example_dags/example_subdag_operator.py
[2024-11-24T09:01:45.709+0000] {processor.py:914} INFO - Processing file /home/airflow/.local/lib/python3.12/site-packages/airflow/example_dags/example_subdag_operator.py for tasks to queue
[2024-11-24T09:01:45.713+0000] {logging_mixin.py:190} INFO - [2024-11-24T09:01:45.712+0000] {dagbag.py:588} INFO - Filling up the DagBag from /home/airflow/.local/lib/python3.12/site-packages/airflow/example_dags/example_subdag_operator.py
[2024-11-24T09:01:45.748+0000] {processor.py:925} INFO - DAG(s) 'example_subdag_operator.section-1', 'example_subdag_operator.section-2', 'example_subdag_operator' retrieved from /home/airflow/.local/lib/python3.12/site-packages/airflow/example_dags/example_subdag_operator.py
[2024-11-24T09:01:45.765+0000] {logging_mixin.py:190} INFO - [2024-11-24T09:01:45.765+0000] {dag.py:3239} INFO - Sync 3 DAGs
[2024-11-24T09:01:45.789+0000] {logging_mixin.py:190} INFO - [2024-11-24T09:01:45.789+0000] {dag.py:4180} INFO - Setting next_dagrun for example_subdag_operator to 2022-01-01 00:00:00+00:00, run_after=2022-01-01 00:00:00+00:00
[2024-11-24T09:01:45.794+0000] {logging_mixin.py:190} INFO - [2024-11-24T09:01:45.794+0000] {dag.py:4180} INFO - Setting next_dagrun for example_subdag_operator.section-1 to None, run_after=None
[2024-11-24T09:01:45.796+0000] {logging_mixin.py:190} INFO - [2024-11-24T09:01:45.796+0000] {dag.py:4180} INFO - Setting next_dagrun for example_subdag_operator.section-2 to None, run_after=None
[2024-11-24T09:01:45.805+0000] {logging_mixin.py:190} INFO - [2024-11-24T09:01:45.804+0000] {dag.py:3239} INFO - Sync 2 DAGs
[2024-11-24T09:01:45.813+0000] {logging_mixin.py:190} INFO - [2024-11-24T09:01:45.812+0000] {dag.py:4180} INFO - Setting next_dagrun for example_subdag_operator.section-1 to None, run_after=None
[2024-11-24T09:01:45.814+0000] {logging_mixin.py:190} INFO - [2024-11-24T09:01:45.814+0000] {dag.py:4180} INFO - Setting next_dagrun for example_subdag_operator.section-2 to None, run_after=None
[2024-11-24T09:01:45.832+0000] {processor.py:208} INFO - Processing /home/airflow/.local/lib/python3.12/site-packages/airflow/example_dags/example_subdag_operator.py took 0.131 seconds
[2024-11-24T09:02:15.973+0000] {processor.py:186} INFO - Started process (PID=4886) to work on /home/airflow/.local/lib/python3.12/site-packages/airflow/example_dags/example_subdag_operator.py
[2024-11-24T09:02:15.974+0000] {processor.py:914} INFO - Processing file /home/airflow/.local/lib/python3.12/site-packages/airflow/example_dags/example_subdag_operator.py for tasks to queue
[2024-11-24T09:02:15.978+0000] {logging_mixin.py:190} INFO - [2024-11-24T09:02:15.978+0000] {dagbag.py:588} INFO - Filling up the DagBag from /home/airflow/.local/lib/python3.12/site-packages/airflow/example_dags/example_subdag_operator.py
[2024-11-24T09:02:16.021+0000] {processor.py:925} INFO - DAG(s) 'example_subdag_operator.section-1', 'example_subdag_operator.section-2', 'example_subdag_operator' retrieved from /home/airflow/.local/lib/python3.12/site-packages/airflow/example_dags/example_subdag_operator.py
[2024-11-24T09:02:16.044+0000] {logging_mixin.py:190} INFO - [2024-11-24T09:02:16.043+0000] {dag.py:3239} INFO - Sync 3 DAGs
[2024-11-24T09:02:16.081+0000] {logging_mixin.py:190} INFO - [2024-11-24T09:02:16.081+0000] {dag.py:4180} INFO - Setting next_dagrun for example_subdag_operator to 2022-01-01 00:00:00+00:00, run_after=2022-01-01 00:00:00+00:00
[2024-11-24T09:02:16.088+0000] {logging_mixin.py:190} INFO - [2024-11-24T09:02:16.087+0000] {dag.py:4180} INFO - Setting next_dagrun for example_subdag_operator.section-1 to None, run_after=None
[2024-11-24T09:02:16.091+0000] {logging_mixin.py:190} INFO - [2024-11-24T09:02:16.091+0000] {dag.py:4180} INFO - Setting next_dagrun for example_subdag_operator.section-2 to None, run_after=None
[2024-11-24T09:02:16.103+0000] {logging_mixin.py:190} INFO - [2024-11-24T09:02:16.103+0000] {dag.py:3239} INFO - Sync 2 DAGs
[2024-11-24T09:02:16.112+0000] {logging_mixin.py:190} INFO - [2024-11-24T09:02:16.112+0000] {dag.py:4180} INFO - Setting next_dagrun for example_subdag_operator.section-1 to None, run_after=None
[2024-11-24T09:02:16.114+0000] {logging_mixin.py:190} INFO - [2024-11-24T09:02:16.114+0000] {dag.py:4180} INFO - Setting next_dagrun for example_subdag_operator.section-2 to None, run_after=None
[2024-11-24T09:02:16.135+0000] {processor.py:208} INFO - Processing /home/airflow/.local/lib/python3.12/site-packages/airflow/example_dags/example_subdag_operator.py took 0.172 seconds
[2024-11-24T09:02:55.943+0000] {processor.py:186} INFO - Started process (PID=5182) to work on /home/airflow/.local/lib/python3.12/site-packages/airflow/example_dags/example_subdag_operator.py
[2024-11-24T09:02:55.947+0000] {processor.py:914} INFO - Processing file /home/airflow/.local/lib/python3.12/site-packages/airflow/example_dags/example_subdag_operator.py for tasks to queue
[2024-11-24T09:02:55.977+0000] {logging_mixin.py:190} INFO - [2024-11-24T09:02:55.975+0000] {dagbag.py:588} INFO - Filling up the DagBag from /home/airflow/.local/lib/python3.12/site-packages/airflow/example_dags/example_subdag_operator.py
[2024-11-24T09:02:56.179+0000] {processor.py:925} INFO - DAG(s) 'example_subdag_operator.section-1', 'example_subdag_operator.section-2', 'example_subdag_operator' retrieved from /home/airflow/.local/lib/python3.12/site-packages/airflow/example_dags/example_subdag_operator.py
[2024-11-24T09:02:56.311+0000] {logging_mixin.py:190} INFO - [2024-11-24T09:02:56.310+0000] {dag.py:3239} INFO - Sync 3 DAGs
[2024-11-24T09:02:56.451+0000] {logging_mixin.py:190} INFO - [2024-11-24T09:02:56.450+0000] {dag.py:4180} INFO - Setting next_dagrun for example_subdag_operator to 2022-01-01 00:00:00+00:00, run_after=2022-01-01 00:00:00+00:00
[2024-11-24T09:02:56.467+0000] {logging_mixin.py:190} INFO - [2024-11-24T09:02:56.466+0000] {dag.py:4180} INFO - Setting next_dagrun for example_subdag_operator.section-1 to None, run_after=None
[2024-11-24T09:02:56.475+0000] {logging_mixin.py:190} INFO - [2024-11-24T09:02:56.474+0000] {dag.py:4180} INFO - Setting next_dagrun for example_subdag_operator.section-2 to None, run_after=None
[2024-11-24T09:02:56.515+0000] {logging_mixin.py:190} INFO - [2024-11-24T09:02:56.515+0000] {dag.py:3239} INFO - Sync 2 DAGs
[2024-11-24T09:02:56.537+0000] {logging_mixin.py:190} INFO - [2024-11-24T09:02:56.536+0000] {dag.py:4180} INFO - Setting next_dagrun for example_subdag_operator.section-1 to None, run_after=None
[2024-11-24T09:02:56.539+0000] {logging_mixin.py:190} INFO - [2024-11-24T09:02:56.538+0000] {dag.py:4180} INFO - Setting next_dagrun for example_subdag_operator.section-2 to None, run_after=None
[2024-11-24T09:02:56.586+0000] {processor.py:208} INFO - Processing /home/airflow/.local/lib/python3.12/site-packages/airflow/example_dags/example_subdag_operator.py took 0.689 seconds
[2024-11-24T09:03:37.287+0000] {processor.py:186} INFO - Started process (PID=5475) to work on /home/airflow/.local/lib/python3.12/site-packages/airflow/example_dags/example_subdag_operator.py
[2024-11-24T09:03:37.291+0000] {processor.py:914} INFO - Processing file /home/airflow/.local/lib/python3.12/site-packages/airflow/example_dags/example_subdag_operator.py for tasks to queue
[2024-11-24T09:03:37.300+0000] {logging_mixin.py:190} INFO - [2024-11-24T09:03:37.299+0000] {dagbag.py:588} INFO - Filling up the DagBag from /home/airflow/.local/lib/python3.12/site-packages/airflow/example_dags/example_subdag_operator.py
[2024-11-24T09:03:37.404+0000] {processor.py:925} INFO - DAG(s) 'example_subdag_operator.section-1', 'example_subdag_operator.section-2', 'example_subdag_operator' retrieved from /home/airflow/.local/lib/python3.12/site-packages/airflow/example_dags/example_subdag_operator.py
[2024-11-24T09:03:37.491+0000] {logging_mixin.py:190} INFO - [2024-11-24T09:03:37.490+0000] {dag.py:3239} INFO - Sync 3 DAGs
[2024-11-24T09:03:37.606+0000] {logging_mixin.py:190} INFO - [2024-11-24T09:03:37.605+0000] {dag.py:4180} INFO - Setting next_dagrun for example_subdag_operator to 2022-01-01 00:00:00+00:00, run_after=2022-01-01 00:00:00+00:00
[2024-11-24T09:03:37.618+0000] {logging_mixin.py:190} INFO - [2024-11-24T09:03:37.617+0000] {dag.py:4180} INFO - Setting next_dagrun for example_subdag_operator.section-1 to None, run_after=None
[2024-11-24T09:03:37.622+0000] {logging_mixin.py:190} INFO - [2024-11-24T09:03:37.621+0000] {dag.py:4180} INFO - Setting next_dagrun for example_subdag_operator.section-2 to None, run_after=None
[2024-11-24T09:03:37.650+0000] {logging_mixin.py:190} INFO - [2024-11-24T09:03:37.650+0000] {dag.py:3239} INFO - Sync 2 DAGs
[2024-11-24T09:03:37.667+0000] {logging_mixin.py:190} INFO - [2024-11-24T09:03:37.667+0000] {dag.py:4180} INFO - Setting next_dagrun for example_subdag_operator.section-1 to None, run_after=None
[2024-11-24T09:03:37.669+0000] {logging_mixin.py:190} INFO - [2024-11-24T09:03:37.669+0000] {dag.py:4180} INFO - Setting next_dagrun for example_subdag_operator.section-2 to None, run_after=None
[2024-11-24T09:03:37.703+0000] {processor.py:208} INFO - Processing /home/airflow/.local/lib/python3.12/site-packages/airflow/example_dags/example_subdag_operator.py took 0.441 seconds
[2024-11-24T09:04:08.118+0000] {processor.py:186} INFO - Started process (PID=5764) to work on /home/airflow/.local/lib/python3.12/site-packages/airflow/example_dags/example_subdag_operator.py
[2024-11-24T09:04:08.121+0000] {processor.py:914} INFO - Processing file /home/airflow/.local/lib/python3.12/site-packages/airflow/example_dags/example_subdag_operator.py for tasks to queue
[2024-11-24T09:04:08.125+0000] {logging_mixin.py:190} INFO - [2024-11-24T09:04:08.124+0000] {dagbag.py:588} INFO - Filling up the DagBag from /home/airflow/.local/lib/python3.12/site-packages/airflow/example_dags/example_subdag_operator.py
[2024-11-24T09:04:08.165+0000] {processor.py:925} INFO - DAG(s) 'example_subdag_operator.section-1', 'example_subdag_operator.section-2', 'example_subdag_operator' retrieved from /home/airflow/.local/lib/python3.12/site-packages/airflow/example_dags/example_subdag_operator.py
[2024-11-24T09:04:08.192+0000] {logging_mixin.py:190} INFO - [2024-11-24T09:04:08.192+0000] {dag.py:3239} INFO - Sync 3 DAGs
[2024-11-24T09:04:08.234+0000] {logging_mixin.py:190} INFO - [2024-11-24T09:04:08.234+0000] {dag.py:4180} INFO - Setting next_dagrun for example_subdag_operator to 2022-01-01 00:00:00+00:00, run_after=2022-01-01 00:00:00+00:00
[2024-11-24T09:04:08.241+0000] {logging_mixin.py:190} INFO - [2024-11-24T09:04:08.241+0000] {dag.py:4180} INFO - Setting next_dagrun for example_subdag_operator.section-1 to None, run_after=None
[2024-11-24T09:04:08.244+0000] {logging_mixin.py:190} INFO - [2024-11-24T09:04:08.244+0000] {dag.py:4180} INFO - Setting next_dagrun for example_subdag_operator.section-2 to None, run_after=None
[2024-11-24T09:04:08.256+0000] {logging_mixin.py:190} INFO - [2024-11-24T09:04:08.256+0000] {dag.py:3239} INFO - Sync 2 DAGs
[2024-11-24T09:04:08.268+0000] {logging_mixin.py:190} INFO - [2024-11-24T09:04:08.268+0000] {dag.py:4180} INFO - Setting next_dagrun for example_subdag_operator.section-1 to None, run_after=None
[2024-11-24T09:04:08.269+0000] {logging_mixin.py:190} INFO - [2024-11-24T09:04:08.269+0000] {dag.py:4180} INFO - Setting next_dagrun for example_subdag_operator.section-2 to None, run_after=None
[2024-11-24T09:04:08.290+0000] {processor.py:208} INFO - Processing /home/airflow/.local/lib/python3.12/site-packages/airflow/example_dags/example_subdag_operator.py took 0.182 seconds
[2024-11-24T09:04:38.940+0000] {processor.py:186} INFO - Started process (PID=6055) to work on /home/airflow/.local/lib/python3.12/site-packages/airflow/example_dags/example_subdag_operator.py
[2024-11-24T09:04:38.942+0000] {processor.py:914} INFO - Processing file /home/airflow/.local/lib/python3.12/site-packages/airflow/example_dags/example_subdag_operator.py for tasks to queue
[2024-11-24T09:04:38.947+0000] {logging_mixin.py:190} INFO - [2024-11-24T09:04:38.946+0000] {dagbag.py:588} INFO - Filling up the DagBag from /home/airflow/.local/lib/python3.12/site-packages/airflow/example_dags/example_subdag_operator.py
[2024-11-24T09:04:39.001+0000] {processor.py:925} INFO - DAG(s) 'example_subdag_operator.section-1', 'example_subdag_operator.section-2', 'example_subdag_operator' retrieved from /home/airflow/.local/lib/python3.12/site-packages/airflow/example_dags/example_subdag_operator.py
[2024-11-24T09:04:39.041+0000] {logging_mixin.py:190} INFO - [2024-11-24T09:04:39.040+0000] {dag.py:3239} INFO - Sync 3 DAGs
[2024-11-24T09:04:39.091+0000] {logging_mixin.py:190} INFO - [2024-11-24T09:04:39.091+0000] {dag.py:4180} INFO - Setting next_dagrun for example_subdag_operator to 2022-01-01 00:00:00+00:00, run_after=2022-01-01 00:00:00+00:00
[2024-11-24T09:04:39.099+0000] {logging_mixin.py:190} INFO - [2024-11-24T09:04:39.099+0000] {dag.py:4180} INFO - Setting next_dagrun for example_subdag_operator.section-1 to None, run_after=None
[2024-11-24T09:04:39.105+0000] {logging_mixin.py:190} INFO - [2024-11-24T09:04:39.104+0000] {dag.py:4180} INFO - Setting next_dagrun for example_subdag_operator.section-2 to None, run_after=None
[2024-11-24T09:04:39.120+0000] {logging_mixin.py:190} INFO - [2024-11-24T09:04:39.120+0000] {dag.py:3239} INFO - Sync 2 DAGs
[2024-11-24T09:04:39.133+0000] {logging_mixin.py:190} INFO - [2024-11-24T09:04:39.133+0000] {dag.py:4180} INFO - Setting next_dagrun for example_subdag_operator.section-1 to None, run_after=None
[2024-11-24T09:04:39.135+0000] {logging_mixin.py:190} INFO - [2024-11-24T09:04:39.135+0000] {dag.py:4180} INFO - Setting next_dagrun for example_subdag_operator.section-2 to None, run_after=None
[2024-11-24T09:04:39.163+0000] {processor.py:208} INFO - Processing /home/airflow/.local/lib/python3.12/site-packages/airflow/example_dags/example_subdag_operator.py took 0.238 seconds
[2024-11-24T09:05:09.771+0000] {processor.py:186} INFO - Started process (PID=6346) to work on /home/airflow/.local/lib/python3.12/site-packages/airflow/example_dags/example_subdag_operator.py
[2024-11-24T09:05:09.775+0000] {processor.py:914} INFO - Processing file /home/airflow/.local/lib/python3.12/site-packages/airflow/example_dags/example_subdag_operator.py for tasks to queue
[2024-11-24T09:05:09.781+0000] {logging_mixin.py:190} INFO - [2024-11-24T09:05:09.780+0000] {dagbag.py:588} INFO - Filling up the DagBag from /home/airflow/.local/lib/python3.12/site-packages/airflow/example_dags/example_subdag_operator.py
[2024-11-24T09:05:09.855+0000] {processor.py:925} INFO - DAG(s) 'example_subdag_operator.section-1', 'example_subdag_operator.section-2', 'example_subdag_operator' retrieved from /home/airflow/.local/lib/python3.12/site-packages/airflow/example_dags/example_subdag_operator.py
[2024-11-24T09:05:09.910+0000] {logging_mixin.py:190} INFO - [2024-11-24T09:05:09.909+0000] {dag.py:3239} INFO - Sync 3 DAGs
[2024-11-24T09:05:09.990+0000] {logging_mixin.py:190} INFO - [2024-11-24T09:05:09.989+0000] {dag.py:4180} INFO - Setting next_dagrun for example_subdag_operator to 2022-01-01 00:00:00+00:00, run_after=2022-01-01 00:00:00+00:00
[2024-11-24T09:05:10.004+0000] {logging_mixin.py:190} INFO - [2024-11-24T09:05:10.003+0000] {dag.py:4180} INFO - Setting next_dagrun for example_subdag_operator.section-1 to None, run_after=None
[2024-11-24T09:05:10.009+0000] {logging_mixin.py:190} INFO - [2024-11-24T09:05:10.008+0000] {dag.py:4180} INFO - Setting next_dagrun for example_subdag_operator.section-2 to None, run_after=None
[2024-11-24T09:05:10.034+0000] {logging_mixin.py:190} INFO - [2024-11-24T09:05:10.033+0000] {dag.py:3239} INFO - Sync 2 DAGs
[2024-11-24T09:05:10.054+0000] {logging_mixin.py:190} INFO - [2024-11-24T09:05:10.051+0000] {dag.py:4180} INFO - Setting next_dagrun for example_subdag_operator.section-1 to None, run_after=None
[2024-11-24T09:05:10.059+0000] {logging_mixin.py:190} INFO - [2024-11-24T09:05:10.057+0000] {dag.py:4180} INFO - Setting next_dagrun for example_subdag_operator.section-2 to None, run_after=None
[2024-11-24T09:05:10.091+0000] {processor.py:208} INFO - Processing /home/airflow/.local/lib/python3.12/site-packages/airflow/example_dags/example_subdag_operator.py took 0.336 seconds
[2024-11-24T09:05:43.108+0000] {processor.py:186} INFO - Started process (PID=6637) to work on /home/airflow/.local/lib/python3.12/site-packages/airflow/example_dags/example_subdag_operator.py
[2024-11-24T09:05:43.110+0000] {processor.py:914} INFO - Processing file /home/airflow/.local/lib/python3.12/site-packages/airflow/example_dags/example_subdag_operator.py for tasks to queue
[2024-11-24T09:05:43.118+0000] {logging_mixin.py:190} INFO - [2024-11-24T09:05:43.117+0000] {dagbag.py:588} INFO - Filling up the DagBag from /home/airflow/.local/lib/python3.12/site-packages/airflow/example_dags/example_subdag_operator.py
[2024-11-24T09:05:43.168+0000] {processor.py:925} INFO - DAG(s) 'example_subdag_operator.section-1', 'example_subdag_operator.section-2', 'example_subdag_operator' retrieved from /home/airflow/.local/lib/python3.12/site-packages/airflow/example_dags/example_subdag_operator.py
[2024-11-24T09:05:43.201+0000] {logging_mixin.py:190} INFO - [2024-11-24T09:05:43.201+0000] {dag.py:3239} INFO - Sync 3 DAGs
[2024-11-24T09:05:43.257+0000] {logging_mixin.py:190} INFO - [2024-11-24T09:05:43.257+0000] {dag.py:4180} INFO - Setting next_dagrun for example_subdag_operator to 2022-01-01 00:00:00+00:00, run_after=2022-01-01 00:00:00+00:00
[2024-11-24T09:05:43.267+0000] {logging_mixin.py:190} INFO - [2024-11-24T09:05:43.266+0000] {dag.py:4180} INFO - Setting next_dagrun for example_subdag_operator.section-1 to None, run_after=None
[2024-11-24T09:05:43.270+0000] {logging_mixin.py:190} INFO - [2024-11-24T09:05:43.269+0000] {dag.py:4180} INFO - Setting next_dagrun for example_subdag_operator.section-2 to None, run_after=None
[2024-11-24T09:05:43.287+0000] {logging_mixin.py:190} INFO - [2024-11-24T09:05:43.286+0000] {dag.py:3239} INFO - Sync 2 DAGs
[2024-11-24T09:05:43.298+0000] {logging_mixin.py:190} INFO - [2024-11-24T09:05:43.297+0000] {dag.py:4180} INFO - Setting next_dagrun for example_subdag_operator.section-1 to None, run_after=None
[2024-11-24T09:05:43.300+0000] {logging_mixin.py:190} INFO - [2024-11-24T09:05:43.299+0000] {dag.py:4180} INFO - Setting next_dagrun for example_subdag_operator.section-2 to None, run_after=None
[2024-11-24T09:05:43.323+0000] {processor.py:208} INFO - Processing /home/airflow/.local/lib/python3.12/site-packages/airflow/example_dags/example_subdag_operator.py took 0.228 seconds
[2024-11-24T09:06:13.770+0000] {processor.py:186} INFO - Started process (PID=6928) to work on /home/airflow/.local/lib/python3.12/site-packages/airflow/example_dags/example_subdag_operator.py
[2024-11-24T09:06:13.772+0000] {processor.py:914} INFO - Processing file /home/airflow/.local/lib/python3.12/site-packages/airflow/example_dags/example_subdag_operator.py for tasks to queue
[2024-11-24T09:06:13.775+0000] {logging_mixin.py:190} INFO - [2024-11-24T09:06:13.775+0000] {dagbag.py:588} INFO - Filling up the DagBag from /home/airflow/.local/lib/python3.12/site-packages/airflow/example_dags/example_subdag_operator.py
[2024-11-24T09:06:13.809+0000] {processor.py:925} INFO - DAG(s) 'example_subdag_operator.section-1', 'example_subdag_operator.section-2', 'example_subdag_operator' retrieved from /home/airflow/.local/lib/python3.12/site-packages/airflow/example_dags/example_subdag_operator.py
[2024-11-24T09:06:13.830+0000] {logging_mixin.py:190} INFO - [2024-11-24T09:06:13.829+0000] {dag.py:3239} INFO - Sync 3 DAGs
[2024-11-24T09:06:13.862+0000] {logging_mixin.py:190} INFO - [2024-11-24T09:06:13.861+0000] {dag.py:4180} INFO - Setting next_dagrun for example_subdag_operator to 2022-01-01 00:00:00+00:00, run_after=2022-01-01 00:00:00+00:00
[2024-11-24T09:06:13.870+0000] {logging_mixin.py:190} INFO - [2024-11-24T09:06:13.869+0000] {dag.py:4180} INFO - Setting next_dagrun for example_subdag_operator.section-1 to None, run_after=None
[2024-11-24T09:06:13.872+0000] {logging_mixin.py:190} INFO - [2024-11-24T09:06:13.872+0000] {dag.py:4180} INFO - Setting next_dagrun for example_subdag_operator.section-2 to None, run_after=None
[2024-11-24T09:06:13.884+0000] {logging_mixin.py:190} INFO - [2024-11-24T09:06:13.884+0000] {dag.py:3239} INFO - Sync 2 DAGs
[2024-11-24T09:06:13.893+0000] {logging_mixin.py:190} INFO - [2024-11-24T09:06:13.893+0000] {dag.py:4180} INFO - Setting next_dagrun for example_subdag_operator.section-1 to None, run_after=None
[2024-11-24T09:06:13.894+0000] {logging_mixin.py:190} INFO - [2024-11-24T09:06:13.894+0000] {dag.py:4180} INFO - Setting next_dagrun for example_subdag_operator.section-2 to None, run_after=None
[2024-11-24T09:06:13.912+0000] {processor.py:208} INFO - Processing /home/airflow/.local/lib/python3.12/site-packages/airflow/example_dags/example_subdag_operator.py took 0.152 seconds
