[2024-11-25T08:46:39.296+0000] {local_task_job_runner.py:123} INFO - ::group::Pre task execution logs
[2024-11-25T08:46:39.336+0000] {taskinstance.py:2613} INFO - Dependencies all met for dep_context=non-requeueable deps ti=<TaskInstance: etl_PipelineV30.fetchData scheduled__2024-11-25T07:00:00+00:00 [queued]>
[2024-11-25T08:46:39.354+0000] {taskinstance.py:2613} INFO - Dependencies all met for dep_context=requeueable deps ti=<TaskInstance: etl_PipelineV30.fetchData scheduled__2024-11-25T07:00:00+00:00 [queued]>
[2024-11-25T08:46:39.355+0000] {taskinstance.py:2866} INFO - Starting attempt 1 of 4
[2024-11-25T08:46:39.407+0000] {taskinstance.py:2889} INFO - Executing <Task(PythonOperator): fetchData> on 2024-11-25 07:00:00+00:00
[2024-11-25T08:46:39.453+0000] {logging_mixin.py:190} WARNING - /home/***/.local/lib/python3.12/site-packages/***/task/task_runner/standard_task_runner.py:70 DeprecationWarning: This process (pid=4156) is multi-threaded, use of fork() may lead to deadlocks in the child.
[2024-11-25T08:46:39.457+0000] {standard_task_runner.py:72} INFO - Started process 4176 to run task
[2024-11-25T08:46:39.453+0000] {standard_task_runner.py:104} INFO - Running: ['***', 'tasks', 'run', 'etl_PipelineV30', 'fetchData', 'scheduled__2024-11-25T07:00:00+00:00', '--job-id', '27', '--raw', '--subdir', 'DAGS_FOLDER/etlDag.py', '--cfg-path', '/tmp/tmp81lxj4rq']
[2024-11-25T08:46:39.462+0000] {standard_task_runner.py:105} INFO - Job 27: Subtask fetchData
[2024-11-25T08:46:39.605+0000] {task_command.py:467} INFO - Running <TaskInstance: etl_PipelineV30.fetchData scheduled__2024-11-25T07:00:00+00:00 [running]> on host 7939e06e2b4b
[2024-11-25T08:46:39.793+0000] {taskinstance.py:3132} INFO - Exporting env vars: AIRFLOW_CTX_DAG_OWNER='Oshith Roshantha' AIRFLOW_CTX_DAG_ID='etl_PipelineV30' AIRFLOW_CTX_TASK_ID='fetchData' AIRFLOW_CTX_EXECUTION_DATE='2024-11-25T07:00:00+00:00' AIRFLOW_CTX_TRY_NUMBER='1' AIRFLOW_CTX_DAG_RUN_ID='scheduled__2024-11-25T07:00:00+00:00'
[2024-11-25T08:46:39.796+0000] {taskinstance.py:731} INFO - ::endgroup::
[2024-11-25T08:46:40.862+0000] {_universal.py:506} INFO - Request URL: 'https://eqdatastorage.blob.core.windows.net/staging-data/temp-json'
Request method: 'PUT'
Request headers:
    'Content-Length': '1897'
    'x-ms-blob-type': 'REDACTED'
    'x-ms-version': 'REDACTED'
    'Content-Type': 'application/octet-stream'
    'Accept': 'application/xml'
    'User-Agent': 'azsdk-python-storage-blob/12.24.0 Python/3.12.7 (Linux-5.15.153.1-microsoft-standard-WSL2-x86_64-with-glibc2.36)'
    'x-ms-date': 'REDACTED'
    'x-ms-client-request-id': 'ca490c94-ab09-11ef-a886-0242ac120003'
    'Authorization': 'REDACTED'
A body is sent with the request
[2024-11-25T08:46:42.066+0000] {_universal.py:545} INFO - Response status: 201
Response headers:
    'Content-Length': '0'
    'Content-MD5': 'REDACTED'
    'Last-Modified': 'Mon, 25 Nov 2024 08:46:42 GMT'
    'ETag': '"0x8DD0D2DAFAF3F44"'
    'Server': 'Windows-Azure-Blob/1.0 Microsoft-HTTPAPI/2.0'
    'x-ms-request-id': '36db72e4-401e-0062-3016-3f154f000000'
    'x-ms-client-request-id': 'ca490c94-ab09-11ef-a886-0242ac120003'
    'x-ms-version': 'REDACTED'
    'x-ms-content-crc64': 'REDACTED'
    'x-ms-request-server-encrypted': 'REDACTED'
    'Date': 'Mon, 25 Nov 2024 08:46:42 GMT'
[2024-11-25T08:46:42.069+0000] {python.py:240} INFO - Done. Returned value was: {'type': 'FeatureCollection', 'metadata': {'generated': 1732524401000, 'url': 'https://earthquake.usgs.gov/fdsnws/event/1/query?format=geojson&starttime=2024-11-25T06%3A00%3A00&endtime=2024-11-25T07%3A00%3A00&minmagnitude=4', 'title': 'USGS Earthquakes', 'status': 200, 'api': '1.14.1', 'count': 2}, 'features': [{'type': 'Feature', 'properties': {'mag': 4.4, 'place': '61 km SE of Shima, Japan', 'time': 1732517387934, 'updated': 1732518706040, 'tz': None, 'url': 'https://earthquake.usgs.gov/earthquakes/eventpage/us6000p7jc', 'detail': 'https://earthquake.usgs.gov/fdsnws/event/1/query?eventid=us6000p7jc&format=geojson', 'felt': None, 'cdi': None, 'mmi': None, 'alert': None, 'status': 'reviewed', 'tsunami': 0, 'sig': 298, 'net': 'us', 'code': '6000p7jc', 'ids': ',us6000p7jc,', 'sources': ',us,', 'types': ',origin,phase-data,', 'nst': 110, 'dmin': 1.482, 'rms': 0.5, 'gap': 36, 'magType': 'mb', 'type': 'earthquake', 'title': 'M 4.4 - 61 km SE of Shima, Japan'}, 'geometry': {'type': 'Point', 'coordinates': [137.2066, 33.8715, 339.73]}, 'id': 'us6000p7jc'}, {'type': 'Feature', 'properties': {'mag': 5.1, 'place': '80 km SE of Katsuren-haebaru, Japan', 'time': 1732515042215, 'updated': 1732516167040, 'tz': None, 'url': 'https://earthquake.usgs.gov/earthquakes/eventpage/us6000p7j5', 'detail': 'https://earthquake.usgs.gov/fdsnws/event/1/query?eventid=us6000p7j5&format=geojson', 'felt': None, 'cdi': None, 'mmi': None, 'alert': None, 'status': 'reviewed', 'tsunami': 0, 'sig': 400, 'net': 'us', 'code': '6000p7j5', 'ids': ',us6000p7j5,', 'sources': ',us,', 'types': ',origin,phase-data,', 'nst': 73, 'dmin': 0.969, 'rms': 0.63, 'gap': 67, 'magType': 'mb', 'type': 'earthquake', 'title': 'M 5.1 - 80 km SE of Katsuren-haebaru, Japan'}, 'geometry': {'type': 'Point', 'coordinates': [128.5103, 25.8865, 10]}, 'id': 'us6000p7j5'}], 'bbox': [128.5103, 25.8865, 10, 137.2066, 33.8715, 339.73]}
[2024-11-25T08:46:42.119+0000] {taskinstance.py:340} INFO - ::group::Post task execution logs
[2024-11-25T08:46:42.120+0000] {taskinstance.py:352} INFO - Marking task as SUCCESS. dag_id=etl_PipelineV30, task_id=fetchData, run_id=scheduled__2024-11-25T07:00:00+00:00, execution_date=20241125T070000, start_date=20241125T084639, end_date=20241125T084642
[2024-11-25T08:46:42.173+0000] {local_task_job_runner.py:266} INFO - Task exited with return code 0
[2024-11-25T08:46:42.216+0000] {taskinstance.py:3895} INFO - 1 downstream tasks scheduled from follow-on schedule check
[2024-11-25T08:46:42.221+0000] {local_task_job_runner.py:245} INFO - ::endgroup::
