[2024-11-25T17:18:05.505+0000] {local_task_job_runner.py:123} INFO - ::group::Pre task execution logs
[2024-11-25T17:18:05.542+0000] {taskinstance.py:2613} INFO - Dependencies all met for dep_context=non-requeueable deps ti=<TaskInstance: etl_PipelineV2.preprocessData scheduled__2024-11-25T16:00:00+00:00 [queued]>
[2024-11-25T17:18:05.559+0000] {taskinstance.py:2613} INFO - Dependencies all met for dep_context=requeueable deps ti=<TaskInstance: etl_PipelineV2.preprocessData scheduled__2024-11-25T16:00:00+00:00 [queued]>
[2024-11-25T17:18:05.560+0000] {taskinstance.py:2866} INFO - Starting attempt 1 of 4
[2024-11-25T17:18:05.590+0000] {taskinstance.py:2889} INFO - Executing <Task(PythonOperator): preprocessData> on 2024-11-25 16:00:00+00:00
[2024-11-25T17:18:05.622+0000] {logging_mixin.py:190} WARNING - /home/***/.local/lib/python3.12/site-packages/***/task/task_runner/standard_task_runner.py:70 DeprecationWarning: This process (pid=2747) is multi-threaded, use of fork() may lead to deadlocks in the child.
[2024-11-25T17:18:05.620+0000] {standard_task_runner.py:104} INFO - Running: ['***', 'tasks', 'run', 'etl_PipelineV2', 'preprocessData', 'scheduled__2024-11-25T16:00:00+00:00', '--job-id', '38', '--raw', '--subdir', 'DAGS_FOLDER/etlDag.py', '--cfg-path', '/tmp/tmph42kyr6x']
[2024-11-25T17:18:05.625+0000] {standard_task_runner.py:72} INFO - Started process 2757 to run task
[2024-11-25T17:18:05.625+0000] {standard_task_runner.py:105} INFO - Job 38: Subtask preprocessData
[2024-11-25T17:18:05.729+0000] {task_command.py:467} INFO - Running <TaskInstance: etl_PipelineV2.preprocessData scheduled__2024-11-25T16:00:00+00:00 [running]> on host 8bc87a2683b7
[2024-11-25T17:18:05.965+0000] {taskinstance.py:3132} INFO - Exporting env vars: AIRFLOW_CTX_DAG_OWNER='Oshith Roshantha' AIRFLOW_CTX_DAG_ID='etl_PipelineV2' AIRFLOW_CTX_TASK_ID='preprocessData' AIRFLOW_CTX_EXECUTION_DATE='2024-11-25T16:00:00+00:00' AIRFLOW_CTX_TRY_NUMBER='1' AIRFLOW_CTX_DAG_RUN_ID='scheduled__2024-11-25T16:00:00+00:00'
[2024-11-25T17:18:05.968+0000] {taskinstance.py:731} INFO - ::endgroup::
[2024-11-25T17:18:06.017+0000] {_universal.py:509} INFO - Request URL: 'https://eqdatastorage.blob.core.windows.net/staging-data/temp-json'
Request method: 'GET'
Request headers:
    'x-ms-range': 'REDACTED'
    'x-ms-version': 'REDACTED'
    'Accept': 'application/xml'
    'User-Agent': 'azsdk-python-storage-blob/12.24.0 Python/3.12.7 (Linux-5.15.153.1-microsoft-standard-WSL2-x86_64-with-glibc2.36)'
    'x-ms-date': 'REDACTED'
    'x-ms-client-request-id': '3c101d9e-ab51-11ef-b988-0242ac120004'
    'Authorization': 'REDACTED'
No body was attached to the request
[2024-11-25T17:18:07.337+0000] {_universal.py:545} INFO - Response status: 206
Response headers:
    'Content-Length': '2713'
    'Content-Type': 'application/octet-stream'
    'Content-Range': 'REDACTED'
    'Last-Modified': 'Mon, 25 Nov 2024 17:18:01 GMT'
    'Accept-Ranges': 'REDACTED'
    'ETag': '"0x8DD0D751DA7E4E8"'
    'Server': 'Windows-Azure-Blob/1.0 Microsoft-HTTPAPI/2.0'
    'x-ms-request-id': '36636e1f-901e-00ca-1c5d-3fc15a000000'
    'x-ms-client-request-id': '3c101d9e-ab51-11ef-b988-0242ac120004'
    'x-ms-version': 'REDACTED'
    'x-ms-resource-type': 'REDACTED'
    'x-ms-creation-time': 'REDACTED'
    'x-ms-blob-content-md5': 'REDACTED'
    'x-ms-lease-status': 'REDACTED'
    'x-ms-lease-state': 'REDACTED'
    'x-ms-blob-type': 'REDACTED'
    'x-ms-server-encrypted': 'REDACTED'
    'x-ms-owner': 'REDACTED'
    'x-ms-group': 'REDACTED'
    'x-ms-permissions': 'REDACTED'
    'x-ms-acl': 'REDACTED'
    'Date': 'Mon, 25 Nov 2024 17:18:08 GMT'
[2024-11-25T17:18:07.380+0000] {_universal.py:509} INFO - Request URL: 'https://eqdatastorage.blob.core.windows.net/staging-data/cleaned-data.parquet'
Request method: 'GET'
Request headers:
    'x-ms-range': 'REDACTED'
    'x-ms-version': 'REDACTED'
    'Accept': 'application/xml'
    'User-Agent': 'azsdk-python-storage-blob/12.24.0 Python/3.12.7 (Linux-5.15.153.1-microsoft-standard-WSL2-x86_64-with-glibc2.36)'
    'x-ms-date': 'REDACTED'
    'x-ms-client-request-id': '3ce03588-ab51-11ef-b988-0242ac120004'
    'Authorization': 'REDACTED'
No body was attached to the request
[2024-11-25T17:18:07.700+0000] {_universal.py:545} INFO - Response status: 206
Response headers:
    'Content-Length': '7643'
    'Content-Type': 'application/octet-stream'
    'Content-Range': 'REDACTED'
    'Last-Modified': 'Mon, 25 Nov 2024 17:13:01 GMT'
    'Accept-Ranges': 'REDACTED'
    'ETag': '"0x8DD0D746A809568"'
    'Server': 'Windows-Azure-Blob/1.0 Microsoft-HTTPAPI/2.0'
    'x-ms-request-id': '36636f05-901e-00ca-735d-3fc15a000000'
    'x-ms-client-request-id': '3ce03588-ab51-11ef-b988-0242ac120004'
    'x-ms-version': 'REDACTED'
    'x-ms-resource-type': 'REDACTED'
    'x-ms-creation-time': 'REDACTED'
    'x-ms-blob-content-md5': 'REDACTED'
    'x-ms-lease-status': 'REDACTED'
    'x-ms-lease-state': 'REDACTED'
    'x-ms-blob-type': 'REDACTED'
    'x-ms-server-encrypted': 'REDACTED'
    'x-ms-owner': 'REDACTED'
    'x-ms-group': 'REDACTED'
    'x-ms-permissions': 'REDACTED'
    'x-ms-acl': 'REDACTED'
    'Date': 'Mon, 25 Nov 2024 17:18:08 GMT'
[2024-11-25T17:18:07.991+0000] {_universal.py:506} INFO - Request URL: 'https://eqdatastorage.blob.core.windows.net/staging-data/cleaned-data.parquet'
Request method: 'PUT'
Request headers:
    'Content-Length': '7643'
    'x-ms-blob-type': 'REDACTED'
    'x-ms-version': 'REDACTED'
    'Content-Type': 'application/octet-stream'
    'Accept': 'application/xml'
    'User-Agent': 'azsdk-python-storage-blob/12.24.0 Python/3.12.7 (Linux-5.15.153.1-microsoft-standard-WSL2-x86_64-with-glibc2.36)'
    'x-ms-date': 'REDACTED'
    'x-ms-client-request-id': '3d3d65d2-ab51-11ef-b988-0242ac120004'
    'Authorization': 'REDACTED'
A body is sent with the request
[2024-11-25T17:18:08.337+0000] {_universal.py:545} INFO - Response status: 201
Response headers:
    'Content-Length': '0'
    'Content-MD5': 'REDACTED'
    'Last-Modified': 'Mon, 25 Nov 2024 17:18:09 GMT'
    'ETag': '"0x8DD0D7522519E54"'
    'Server': 'Windows-Azure-Blob/1.0 Microsoft-HTTPAPI/2.0'
    'x-ms-request-id': '3663706a-901e-00ca-4b5d-3fc15a000000'
    'x-ms-client-request-id': '3d3d65d2-ab51-11ef-b988-0242ac120004'
    'x-ms-version': 'REDACTED'
    'x-ms-content-crc64': 'REDACTED'
    'x-ms-request-server-encrypted': 'REDACTED'
    'Date': 'Mon, 25 Nov 2024 17:18:09 GMT'
[2024-11-25T17:18:08.343+0000] {python.py:240} INFO - Done. Returned value was: None
[2024-11-25T17:18:08.390+0000] {taskinstance.py:340} INFO - ::group::Post task execution logs
[2024-11-25T17:18:08.393+0000] {taskinstance.py:352} INFO - Marking task as SUCCESS. dag_id=etl_PipelineV2, task_id=preprocessData, run_id=scheduled__2024-11-25T16:00:00+00:00, execution_date=20241125T160000, start_date=20241125T171805, end_date=20241125T171808
[2024-11-25T17:18:08.487+0000] {local_task_job_runner.py:266} INFO - Task exited with return code 0
[2024-11-25T17:18:08.545+0000] {local_task_job_runner.py:245} INFO - ::endgroup::
