[2024-11-25T18:15:28.709+0000] {local_task_job_runner.py:123} INFO - ::group::Pre task execution logs
[2024-11-25T18:15:28.740+0000] {taskinstance.py:2613} INFO - Dependencies all met for dep_context=non-requeueable deps ti=<TaskInstance: etlDagV15.fetchData manual__2024-11-25T18:15:21.667714+00:00 [queued]>
[2024-11-25T18:15:28.759+0000] {taskinstance.py:2613} INFO - Dependencies all met for dep_context=requeueable deps ti=<TaskInstance: etlDagV15.fetchData manual__2024-11-25T18:15:21.667714+00:00 [queued]>
[2024-11-25T18:15:28.760+0000] {taskinstance.py:2866} INFO - Starting attempt 1 of 4
[2024-11-25T18:15:28.785+0000] {taskinstance.py:2889} INFO - Executing <Task(PythonOperator): fetchData> on 2024-11-25 18:15:21.667714+00:00
[2024-11-25T18:15:28.810+0000] {logging_mixin.py:190} WARNING - /home/***/.local/lib/python3.12/site-packages/***/task/task_runner/standard_task_runner.py:70 DeprecationWarning: This process (pid=6854) is multi-threaded, use of fork() may lead to deadlocks in the child.
[2024-11-25T18:15:28.813+0000] {standard_task_runner.py:72} INFO - Started process 6864 to run task
[2024-11-25T18:15:28.810+0000] {standard_task_runner.py:104} INFO - Running: ['***', 'tasks', 'run', 'etlDagV15', 'fetchData', 'manual__2024-11-25T18:15:21.667714+00:00', '--job-id', '99', '--raw', '--subdir', 'DAGS_FOLDER/etlDag.py', '--cfg-path', '/tmp/tmp5tbxzwdy']
[2024-11-25T18:15:28.815+0000] {standard_task_runner.py:105} INFO - Job 99: Subtask fetchData
[2024-11-25T18:15:28.923+0000] {task_command.py:467} INFO - Running <TaskInstance: etlDagV15.fetchData manual__2024-11-25T18:15:21.667714+00:00 [running]> on host 8bc87a2683b7
[2024-11-25T18:15:29.076+0000] {taskinstance.py:3132} INFO - Exporting env vars: AIRFLOW_CTX_DAG_OWNER='Oshith Roshantha' AIRFLOW_CTX_DAG_ID='etlDagV15' AIRFLOW_CTX_TASK_ID='fetchData' AIRFLOW_CTX_EXECUTION_DATE='2024-11-25T18:15:21.667714+00:00' AIRFLOW_CTX_TRY_NUMBER='1' AIRFLOW_CTX_DAG_RUN_ID='manual__2024-11-25T18:15:21.667714+00:00'
[2024-11-25T18:15:29.079+0000] {taskinstance.py:731} INFO - ::endgroup::
[2024-11-25T18:15:29.102+0000] {logging_mixin.py:190} INFO - Fetching data from 2024-01-25 to 2024-11-25
[2024-11-25T18:15:30.935+0000] {_universal.py:506} INFO - Request URL: 'https://eqdatastorage.blob.core.windows.net/staging-data/temp-json'
Request method: 'PUT'
Request headers:
    'Content-Length': '8685670'
    'x-ms-blob-type': 'REDACTED'
    'x-ms-version': 'REDACTED'
    'Content-Type': 'application/octet-stream'
    'Accept': 'application/xml'
    'User-Agent': 'azsdk-python-storage-blob/12.24.0 Python/3.12.7 (Linux-5.15.153.1-microsoft-standard-WSL2-x86_64-with-glibc2.36)'
    'x-ms-date': 'REDACTED'
    'x-ms-client-request-id': '4164d246-ab59-11ef-a235-0242ac120004'
    'Authorization': 'REDACTED'
A body is sent with the request
[2024-11-25T18:15:51.264+0000] {_universal.py:545} INFO - Response status: 201
Response headers:
    'Content-Length': '0'
    'Content-MD5': 'REDACTED'
    'Last-Modified': 'Mon, 25 Nov 2024 18:15:52 GMT'
    'ETag': '"0x8DD0D7D326453D8"'
    'Server': 'Windows-Azure-Blob/1.0 Microsoft-HTTPAPI/2.0'
    'x-ms-request-id': '2a9bfa48-301e-00e5-7d66-3f4060000000'
    'x-ms-client-request-id': '4164d246-ab59-11ef-a235-0242ac120004'
    'x-ms-version': 'REDACTED'
    'x-ms-content-crc64': 'REDACTED'
    'x-ms-request-server-encrypted': 'REDACTED'
    'Date': 'Mon, 25 Nov 2024 18:15:51 GMT'
[2024-11-25T18:15:51.275+0000] {python.py:240} INFO - Done. Returned value was: None
[2024-11-25T18:15:51.450+0000] {taskinstance.py:340} INFO - ::group::Post task execution logs
[2024-11-25T18:15:51.451+0000] {taskinstance.py:352} INFO - Marking task as SUCCESS. dag_id=etlDagV15, task_id=fetchData, run_id=manual__2024-11-25T18:15:21.667714+00:00, execution_date=20241125T181521, start_date=20241125T181528, end_date=20241125T181551
[2024-11-25T18:15:51.636+0000] {local_task_job_runner.py:266} INFO - Task exited with return code 0
[2024-11-25T18:15:51.654+0000] {taskinstance.py:3895} INFO - 1 downstream tasks scheduled from follow-on schedule check
[2024-11-25T18:15:51.658+0000] {local_task_job_runner.py:245} INFO - ::endgroup::
