[2024-11-24T14:23:42.652+0000] {local_task_job_runner.py:123} INFO - ::group::Pre task execution logs
[2024-11-24T14:23:42.675+0000] {taskinstance.py:2613} INFO - Dependencies all met for dep_context=non-requeueable deps ti=<TaskInstance: etl_PipelineV11.preprocessData manual__2024-11-24T14:23:36.549442+00:00 [queued]>
[2024-11-24T14:23:42.685+0000] {taskinstance.py:2613} INFO - Dependencies all met for dep_context=requeueable deps ti=<TaskInstance: etl_PipelineV11.preprocessData manual__2024-11-24T14:23:36.549442+00:00 [queued]>
[2024-11-24T14:23:42.686+0000] {taskinstance.py:2866} INFO - Starting attempt 1 of 4
[2024-11-24T14:23:42.703+0000] {taskinstance.py:2889} INFO - Executing <Task(PythonOperator): preprocessData> on 2024-11-24 14:23:36.549442+00:00
[2024-11-24T14:23:42.727+0000] {logging_mixin.py:190} WARNING - /home/***/.local/lib/python3.12/site-packages/***/task/task_runner/standard_task_runner.py:70 DeprecationWarning: This process (pid=1921) is multi-threaded, use of fork() may lead to deadlocks in the child.
[2024-11-24T14:23:42.725+0000] {standard_task_runner.py:104} INFO - Running: ['***', 'tasks', 'run', 'etl_PipelineV11', 'preprocessData', 'manual__2024-11-24T14:23:36.549442+00:00', '--job-id', '20', '--raw', '--subdir', 'DAGS_FOLDER/etlDag.py', '--cfg-path', '/tmp/tmphmaxinzj']
[2024-11-24T14:23:42.729+0000] {standard_task_runner.py:72} INFO - Started process 1931 to run task
[2024-11-24T14:23:42.730+0000] {standard_task_runner.py:105} INFO - Job 20: Subtask preprocessData
[2024-11-24T14:23:42.791+0000] {task_command.py:467} INFO - Running <TaskInstance: etl_PipelineV11.preprocessData manual__2024-11-24T14:23:36.549442+00:00 [running]> on host c27535c52186
[2024-11-24T14:23:43.103+0000] {taskinstance.py:3132} INFO - Exporting env vars: AIRFLOW_CTX_DAG_OWNER='Oshith Roshantha' AIRFLOW_CTX_DAG_ID='etl_PipelineV11' AIRFLOW_CTX_TASK_ID='preprocessData' AIRFLOW_CTX_EXECUTION_DATE='2024-11-24T14:23:36.549442+00:00' AIRFLOW_CTX_TRY_NUMBER='1' AIRFLOW_CTX_DAG_RUN_ID='manual__2024-11-24T14:23:36.549442+00:00'
[2024-11-24T14:23:43.105+0000] {taskinstance.py:731} INFO - ::endgroup::
[2024-11-24T14:23:43.139+0000] {python.py:240} INFO - Done. Returned value was: Empty DataFrame
Columns: []
Index: []
[2024-11-24T14:23:43.217+0000] {taskinstance.py:340} INFO - ::group::Post task execution logs
[2024-11-24T14:23:43.218+0000] {taskinstance.py:352} INFO - Marking task as SUCCESS. dag_id=etl_PipelineV11, task_id=preprocessData, run_id=manual__2024-11-24T14:23:36.549442+00:00, execution_date=20241124T142336, start_date=20241124T142342, end_date=20241124T142343
[2024-11-24T14:23:43.269+0000] {local_task_job_runner.py:266} INFO - Task exited with return code 0
[2024-11-24T14:23:43.302+0000] {taskinstance.py:3895} INFO - 1 downstream tasks scheduled from follow-on schedule check
[2024-11-24T14:23:43.306+0000] {local_task_job_runner.py:245} INFO - ::endgroup::
