[2024-11-25T18:06:41.377+0000] {local_task_job_runner.py:123} INFO - ::group::Pre task execution logs
[2024-11-25T18:06:41.403+0000] {taskinstance.py:2613} INFO - Dependencies all met for dep_context=non-requeueable deps ti=<TaskInstance: etlDagV12.fetchData manual__2024-11-25T18:06:36.060247+00:00 [queued]>
[2024-11-25T18:06:41.418+0000] {taskinstance.py:2613} INFO - Dependencies all met for dep_context=requeueable deps ti=<TaskInstance: etlDagV12.fetchData manual__2024-11-25T18:06:36.060247+00:00 [queued]>
[2024-11-25T18:06:41.419+0000] {taskinstance.py:2866} INFO - Starting attempt 1 of 4
[2024-11-25T18:06:41.442+0000] {taskinstance.py:2889} INFO - Executing <Task(PythonOperator): fetchData> on 2024-11-25 18:06:36.060247+00:00
[2024-11-25T18:06:41.461+0000] {logging_mixin.py:190} WARNING - /home/***/.local/lib/python3.12/site-packages/***/task/task_runner/standard_task_runner.py:70 DeprecationWarning: This process (pid=6219) is multi-threaded, use of fork() may lead to deadlocks in the child.
[2024-11-25T18:06:41.460+0000] {standard_task_runner.py:104} INFO - Running: ['***', 'tasks', 'run', 'etlDagV12', 'fetchData', 'manual__2024-11-25T18:06:36.060247+00:00', '--job-id', '86', '--raw', '--subdir', 'DAGS_FOLDER/etlDag.py', '--cfg-path', '/tmp/tmpqp9fk2nb']
[2024-11-25T18:06:41.465+0000] {standard_task_runner.py:72} INFO - Started process 6232 to run task
[2024-11-25T18:06:41.465+0000] {standard_task_runner.py:105} INFO - Job 86: Subtask fetchData
[2024-11-25T18:06:41.564+0000] {task_command.py:467} INFO - Running <TaskInstance: etlDagV12.fetchData manual__2024-11-25T18:06:36.060247+00:00 [running]> on host 8bc87a2683b7
[2024-11-25T18:06:41.721+0000] {taskinstance.py:3132} INFO - Exporting env vars: AIRFLOW_CTX_DAG_OWNER='Oshith Roshantha' AIRFLOW_CTX_DAG_ID='etlDagV12' AIRFLOW_CTX_TASK_ID='fetchData' AIRFLOW_CTX_EXECUTION_DATE='2024-11-25T18:06:36.060247+00:00' AIRFLOW_CTX_TRY_NUMBER='1' AIRFLOW_CTX_DAG_RUN_ID='manual__2024-11-25T18:06:36.060247+00:00'
[2024-11-25T18:06:41.723+0000] {taskinstance.py:731} INFO - ::endgroup::
[2024-11-25T18:06:41.751+0000] {logging_mixin.py:190} INFO - Execution Date: 2024-11-25 18:06:36.060247+00:00
[2024-11-25T18:06:41.753+0000] {logging_mixin.py:190} INFO - Previous Execution Date: 2024-11-25 18:06:36.060247+00:00
[2024-11-25T18:06:41.754+0000] {logging_mixin.py:190} INFO - DAG Start Date: 2024-11-25 17:00:00+00:00
[2024-11-25T18:06:41.755+0000] {logging_mixin.py:190} INFO - Fetching data from 2024-11-25T18:06:36 to 2024-11-25T18:06:36
[2024-11-25T18:06:43.037+0000] {_universal.py:506} INFO - Request URL: 'https://eqdatastorage.blob.core.windows.net/staging-data/temp-json'
Request method: 'PUT'
Request headers:
    'Content-Length': '315'
    'x-ms-blob-type': 'REDACTED'
    'x-ms-version': 'REDACTED'
    'Content-Type': 'application/octet-stream'
    'Accept': 'application/xml'
    'User-Agent': 'azsdk-python-storage-blob/12.24.0 Python/3.12.7 (Linux-5.15.153.1-microsoft-standard-WSL2-x86_64-with-glibc2.36)'
    'x-ms-date': 'REDACTED'
    'x-ms-client-request-id': '06be0686-ab58-11ef-8522-0242ac120004'
    'Authorization': 'REDACTED'
A body is sent with the request
[2024-11-25T18:06:44.249+0000] {_universal.py:545} INFO - Response status: 201
Response headers:
    'Content-Length': '0'
    'Content-MD5': 'REDACTED'
    'Last-Modified': 'Mon, 25 Nov 2024 18:06:45 GMT'
    'ETag': '"0x8DD0D7BEC573BC0"'
    'Server': 'Windows-Azure-Blob/1.0 Microsoft-HTTPAPI/2.0'
    'x-ms-request-id': 'a1f2ac09-901e-0049-7364-3f61f7000000'
    'x-ms-client-request-id': '06be0686-ab58-11ef-8522-0242ac120004'
    'x-ms-version': 'REDACTED'
    'x-ms-content-crc64': 'REDACTED'
    'x-ms-request-server-encrypted': 'REDACTED'
    'Date': 'Mon, 25 Nov 2024 18:06:45 GMT'
[2024-11-25T18:06:44.251+0000] {python.py:240} INFO - Done. Returned value was: None
[2024-11-25T18:06:44.268+0000] {taskinstance.py:340} INFO - ::group::Post task execution logs
[2024-11-25T18:06:44.269+0000] {taskinstance.py:352} INFO - Marking task as SUCCESS. dag_id=etlDagV12, task_id=fetchData, run_id=manual__2024-11-25T18:06:36.060247+00:00, execution_date=20241125T180636, start_date=20241125T180641, end_date=20241125T180644
[2024-11-25T18:06:44.340+0000] {local_task_job_runner.py:266} INFO - Task exited with return code 0
[2024-11-25T18:06:44.384+0000] {taskinstance.py:3895} INFO - 1 downstream tasks scheduled from follow-on schedule check
[2024-11-25T18:06:44.389+0000] {local_task_job_runner.py:245} INFO - ::endgroup::
