[2024-11-25T17:12:57.778+0000] {local_task_job_runner.py:123} INFO - ::group::Pre task execution logs
[2024-11-25T17:12:57.797+0000] {taskinstance.py:2613} INFO - Dependencies all met for dep_context=non-requeueable deps ti=<TaskInstance: etl_PipelineV1.preprocessData scheduled__2024-11-25T16:00:00+00:00 [queued]>
[2024-11-25T17:12:57.808+0000] {taskinstance.py:2613} INFO - Dependencies all met for dep_context=requeueable deps ti=<TaskInstance: etl_PipelineV1.preprocessData scheduled__2024-11-25T16:00:00+00:00 [queued]>
[2024-11-25T17:12:57.809+0000] {taskinstance.py:2866} INFO - Starting attempt 1 of 4
[2024-11-25T17:12:57.828+0000] {taskinstance.py:2889} INFO - Executing <Task(PythonOperator): preprocessData> on 2024-11-25 16:00:00+00:00
[2024-11-25T17:12:57.845+0000] {logging_mixin.py:190} WARNING - /home/***/.local/lib/python3.12/site-packages/***/task/task_runner/standard_task_runner.py:70 DeprecationWarning: This process (pid=2481) is multi-threaded, use of fork() may lead to deadlocks in the child.
[2024-11-25T17:12:57.844+0000] {standard_task_runner.py:104} INFO - Running: ['***', 'tasks', 'run', 'etl_PipelineV1', 'preprocessData', 'scheduled__2024-11-25T16:00:00+00:00', '--job-id', '34', '--raw', '--subdir', 'DAGS_FOLDER/etlDag.py', '--cfg-path', '/tmp/tmp1k6bv64u']
[2024-11-25T17:12:57.847+0000] {standard_task_runner.py:72} INFO - Started process 2491 to run task
[2024-11-25T17:12:57.848+0000] {standard_task_runner.py:105} INFO - Job 34: Subtask preprocessData
[2024-11-25T17:12:57.908+0000] {task_command.py:467} INFO - Running <TaskInstance: etl_PipelineV1.preprocessData scheduled__2024-11-25T16:00:00+00:00 [running]> on host 8bc87a2683b7
[2024-11-25T17:12:58.028+0000] {taskinstance.py:3132} INFO - Exporting env vars: AIRFLOW_CTX_DAG_OWNER='Oshith Roshantha' AIRFLOW_CTX_DAG_ID='etl_PipelineV1' AIRFLOW_CTX_TASK_ID='preprocessData' AIRFLOW_CTX_EXECUTION_DATE='2024-11-25T16:00:00+00:00' AIRFLOW_CTX_TRY_NUMBER='1' AIRFLOW_CTX_DAG_RUN_ID='scheduled__2024-11-25T16:00:00+00:00'
[2024-11-25T17:12:58.030+0000] {taskinstance.py:731} INFO - ::endgroup::
[2024-11-25T17:12:58.065+0000] {_universal.py:509} INFO - Request URL: 'https://eqdatastorage.blob.core.windows.net/staging-data/temp-json'
Request method: 'GET'
Request headers:
    'x-ms-range': 'REDACTED'
    'x-ms-version': 'REDACTED'
    'Accept': 'application/xml'
    'User-Agent': 'azsdk-python-storage-blob/12.24.0 Python/3.12.7 (Linux-5.15.153.1-microsoft-standard-WSL2-x86_64-with-glibc2.36)'
    'x-ms-date': 'REDACTED'
    'x-ms-client-request-id': '84820584-ab50-11ef-affe-0242ac120004'
    'Authorization': 'REDACTED'
No body was attached to the request
[2024-11-25T17:12:59.187+0000] {_universal.py:545} INFO - Response status: 206
Response headers:
    'Content-Length': '2713'
    'Content-Type': 'application/octet-stream'
    'Content-Range': 'REDACTED'
    'Last-Modified': 'Mon, 25 Nov 2024 17:12:55 GMT'
    'Accept-Ranges': 'REDACTED'
    'ETag': '"0x8DD0D74677A5544"'
    'Server': 'Windows-Azure-Blob/1.0 Microsoft-HTTPAPI/2.0'
    'x-ms-request-id': 'c32668fd-601e-00fd-305d-3f6df5000000'
    'x-ms-client-request-id': '84820584-ab50-11ef-affe-0242ac120004'
    'x-ms-version': 'REDACTED'
    'x-ms-resource-type': 'REDACTED'
    'x-ms-creation-time': 'REDACTED'
    'x-ms-blob-content-md5': 'REDACTED'
    'x-ms-lease-status': 'REDACTED'
    'x-ms-lease-state': 'REDACTED'
    'x-ms-blob-type': 'REDACTED'
    'x-ms-server-encrypted': 'REDACTED'
    'x-ms-owner': 'REDACTED'
    'x-ms-group': 'REDACTED'
    'x-ms-permissions': 'REDACTED'
    'x-ms-acl': 'REDACTED'
    'Date': 'Mon, 25 Nov 2024 17:13:00 GMT'
[2024-11-25T17:12:59.248+0000] {_universal.py:509} INFO - Request URL: 'https://eqdatastorage.blob.core.windows.net/staging-data/cleaned-data.parquet'
Request method: 'GET'
Request headers:
    'x-ms-range': 'REDACTED'
    'x-ms-version': 'REDACTED'
    'Accept': 'application/xml'
    'User-Agent': 'azsdk-python-storage-blob/12.24.0 Python/3.12.7 (Linux-5.15.153.1-microsoft-standard-WSL2-x86_64-with-glibc2.36)'
    'x-ms-date': 'REDACTED'
    'x-ms-client-request-id': '8537083a-ab50-11ef-affe-0242ac120004'
    'Authorization': 'REDACTED'
No body was attached to the request
[2024-11-25T17:12:59.526+0000] {_universal.py:545} INFO - Response status: 404
Response headers:
    'Content-Length': '215'
    'Content-Type': 'application/xml'
    'Server': 'Windows-Azure-Blob/1.0 Microsoft-HTTPAPI/2.0'
    'x-ms-request-id': 'c32669b7-601e-00fd-3a5d-3f6df5000000'
    'x-ms-client-request-id': '8537083a-ab50-11ef-affe-0242ac120004'
    'x-ms-version': 'REDACTED'
    'x-ms-error-code': 'BlobNotFound'
    'Date': 'Mon, 25 Nov 2024 17:13:00 GMT'
[2024-11-25T17:12:59.632+0000] {_universal.py:506} INFO - Request URL: 'https://eqdatastorage.blob.core.windows.net/staging-data/cleaned-data.parquet'
Request method: 'PUT'
Request headers:
    'Content-Length': '7643'
    'x-ms-blob-type': 'REDACTED'
    'x-ms-version': 'REDACTED'
    'Content-Type': 'application/octet-stream'
    'Accept': 'application/xml'
    'User-Agent': 'azsdk-python-storage-blob/12.24.0 Python/3.12.7 (Linux-5.15.153.1-microsoft-standard-WSL2-x86_64-with-glibc2.36)'
    'x-ms-date': 'REDACTED'
    'x-ms-client-request-id': '85718fe6-ab50-11ef-affe-0242ac120004'
    'Authorization': 'REDACTED'
A body is sent with the request
[2024-11-25T17:12:59.965+0000] {_universal.py:545} INFO - Response status: 201
Response headers:
    'Content-Length': '0'
    'Content-MD5': 'REDACTED'
    'Last-Modified': 'Mon, 25 Nov 2024 17:13:01 GMT'
    'ETag': '"0x8DD0D746A809568"'
    'Server': 'Windows-Azure-Blob/1.0 Microsoft-HTTPAPI/2.0'
    'x-ms-request-id': 'c3266ab3-601e-00fd-0f5d-3f6df5000000'
    'x-ms-client-request-id': '85718fe6-ab50-11ef-affe-0242ac120004'
    'x-ms-version': 'REDACTED'
    'x-ms-content-crc64': 'REDACTED'
    'x-ms-request-server-encrypted': 'REDACTED'
    'Date': 'Mon, 25 Nov 2024 17:13:00 GMT'
[2024-11-25T17:12:59.968+0000] {python.py:240} INFO - Done. Returned value was: None
[2024-11-25T17:12:59.984+0000] {taskinstance.py:340} INFO - ::group::Post task execution logs
[2024-11-25T17:12:59.985+0000] {taskinstance.py:352} INFO - Marking task as SUCCESS. dag_id=etl_PipelineV1, task_id=preprocessData, run_id=scheduled__2024-11-25T16:00:00+00:00, execution_date=20241125T160000, start_date=20241125T171257, end_date=20241125T171259
[2024-11-25T17:13:00.038+0000] {local_task_job_runner.py:266} INFO - Task exited with return code 0
[2024-11-25T17:13:00.062+0000] {taskinstance.py:3895} INFO - 1 downstream tasks scheduled from follow-on schedule check
[2024-11-25T17:13:00.065+0000] {local_task_job_runner.py:245} INFO - ::endgroup::
