[2024-11-25T18:20:44.364+0000] {local_task_job_runner.py:123} INFO - ::group::Pre task execution logs
[2024-11-25T18:20:44.387+0000] {taskinstance.py:2613} INFO - Dependencies all met for dep_context=non-requeueable deps ti=<TaskInstance: etlDagV18.preprocessData scheduled__2024-11-25T17:00:00+00:00 [queued]>
[2024-11-25T18:20:44.398+0000] {taskinstance.py:2613} INFO - Dependencies all met for dep_context=requeueable deps ti=<TaskInstance: etlDagV18.preprocessData scheduled__2024-11-25T17:00:00+00:00 [queued]>
[2024-11-25T18:20:44.399+0000] {taskinstance.py:2866} INFO - Starting attempt 1 of 4
[2024-11-25T18:20:44.417+0000] {taskinstance.py:2889} INFO - Executing <Task(PythonOperator): preprocessData> on 2024-11-25 17:00:00+00:00
[2024-11-25T18:20:44.434+0000] {logging_mixin.py:190} WARNING - /home/***/.local/lib/python3.12/site-packages/***/task/task_runner/standard_task_runner.py:70 DeprecationWarning: This process (pid=7229) is multi-threaded, use of fork() may lead to deadlocks in the child.
[2024-11-25T18:20:44.433+0000] {standard_task_runner.py:104} INFO - Running: ['***', 'tasks', 'run', 'etlDagV18', 'preprocessData', 'scheduled__2024-11-25T17:00:00+00:00', '--job-id', '105', '--raw', '--subdir', 'DAGS_FOLDER/etlDag.py', '--cfg-path', '/tmp/tmp_1ogyqjk']
[2024-11-25T18:20:44.437+0000] {standard_task_runner.py:72} INFO - Started process 7239 to run task
[2024-11-25T18:20:44.437+0000] {standard_task_runner.py:105} INFO - Job 105: Subtask preprocessData
[2024-11-25T18:20:44.507+0000] {task_command.py:467} INFO - Running <TaskInstance: etlDagV18.preprocessData scheduled__2024-11-25T17:00:00+00:00 [running]> on host 8bc87a2683b7
[2024-11-25T18:20:44.714+0000] {taskinstance.py:3132} INFO - Exporting env vars: AIRFLOW_CTX_DAG_OWNER='Oshith Roshantha' AIRFLOW_CTX_DAG_ID='etlDagV18' AIRFLOW_CTX_TASK_ID='preprocessData' AIRFLOW_CTX_EXECUTION_DATE='2024-11-25T17:00:00+00:00' AIRFLOW_CTX_TRY_NUMBER='1' AIRFLOW_CTX_DAG_RUN_ID='scheduled__2024-11-25T17:00:00+00:00'
[2024-11-25T18:20:44.716+0000] {taskinstance.py:731} INFO - ::endgroup::
[2024-11-25T18:20:44.801+0000] {_universal.py:509} INFO - Request URL: 'https://eqdatastorage.blob.core.windows.net/staging-data/temp-json'
Request method: 'GET'
Request headers:
    'x-ms-range': 'REDACTED'
    'x-ms-version': 'REDACTED'
    'Accept': 'application/xml'
    'User-Agent': 'azsdk-python-storage-blob/12.24.0 Python/3.12.7 (Linux-5.15.153.1-microsoft-standard-WSL2-x86_64-with-glibc2.36)'
    'x-ms-date': 'REDACTED'
    'x-ms-client-request-id': 'fc785c42-ab59-11ef-aebb-0242ac120004'
    'Authorization': 'REDACTED'
No body was attached to the request
[2024-11-25T18:20:46.006+0000] {_universal.py:545} INFO - Response status: 206
Response headers:
    'Content-Length': '289'
    'Content-Type': 'application/octet-stream'
    'Content-Range': 'REDACTED'
    'Last-Modified': 'Mon, 25 Nov 2024 18:20:42 GMT'
    'Accept-Ranges': 'REDACTED'
    'ETag': '"0x8DD0D7DDF5E0164"'
    'Server': 'Windows-Azure-Blob/1.0 Microsoft-HTTPAPI/2.0'
    'x-ms-request-id': '055d96bf-201e-001f-3566-3f8987000000'
    'x-ms-client-request-id': 'fc785c42-ab59-11ef-aebb-0242ac120004'
    'x-ms-version': 'REDACTED'
    'x-ms-resource-type': 'REDACTED'
    'x-ms-creation-time': 'REDACTED'
    'x-ms-blob-content-md5': 'REDACTED'
    'x-ms-lease-status': 'REDACTED'
    'x-ms-lease-state': 'REDACTED'
    'x-ms-blob-type': 'REDACTED'
    'x-ms-server-encrypted': 'REDACTED'
    'x-ms-owner': 'REDACTED'
    'x-ms-group': 'REDACTED'
    'x-ms-permissions': 'REDACTED'
    'x-ms-acl': 'REDACTED'
    'Date': 'Mon, 25 Nov 2024 18:20:46 GMT'
[2024-11-25T18:20:46.088+0000] {_universal.py:509} INFO - Request URL: 'https://eqdatastorage.blob.core.windows.net/staging-data/cleaned-data.parquet'
Request method: 'GET'
Request headers:
    'x-ms-range': 'REDACTED'
    'x-ms-version': 'REDACTED'
    'Accept': 'application/xml'
    'User-Agent': 'azsdk-python-storage-blob/12.24.0 Python/3.12.7 (Linux-5.15.153.1-microsoft-standard-WSL2-x86_64-with-glibc2.36)'
    'x-ms-date': 'REDACTED'
    'x-ms-client-request-id': 'fd3d7ce8-ab59-11ef-aebb-0242ac120004'
    'Authorization': 'REDACTED'
No body was attached to the request
[2024-11-25T18:20:46.678+0000] {_universal.py:545} INFO - Response status: 206
Response headers:
    'Content-Length': '661275'
    'Content-Type': 'application/octet-stream'
    'Content-Range': 'REDACTED'
    'Last-Modified': 'Mon, 25 Nov 2024 18:17:09 GMT'
    'Accept-Ranges': 'REDACTED'
    'ETag': '"0x8DD0D7D605CAEF4"'
    'Server': 'Windows-Azure-Blob/1.0 Microsoft-HTTPAPI/2.0'
    'x-ms-request-id': '055d974e-201e-001f-3566-3f8987000000'
    'x-ms-client-request-id': 'fd3d7ce8-ab59-11ef-aebb-0242ac120004'
    'x-ms-version': 'REDACTED'
    'x-ms-resource-type': 'REDACTED'
    'x-ms-creation-time': 'REDACTED'
    'x-ms-blob-content-md5': 'REDACTED'
    'x-ms-lease-status': 'REDACTED'
    'x-ms-lease-state': 'REDACTED'
    'x-ms-blob-type': 'REDACTED'
    'x-ms-server-encrypted': 'REDACTED'
    'x-ms-owner': 'REDACTED'
    'x-ms-group': 'REDACTED'
    'x-ms-permissions': 'REDACTED'
    'x-ms-acl': 'REDACTED'
    'Date': 'Mon, 25 Nov 2024 18:20:46 GMT'
[2024-11-25T18:20:48.241+0000] {_universal.py:506} INFO - Request URL: 'https://eqdatastorage.blob.core.windows.net/staging-data/cleaned-data.parquet'
Request method: 'PUT'
Request headers:
    'Content-Length': '661275'
    'x-ms-blob-type': 'REDACTED'
    'x-ms-version': 'REDACTED'
    'Content-Type': 'application/octet-stream'
    'Accept': 'application/xml'
    'User-Agent': 'azsdk-python-storage-blob/12.24.0 Python/3.12.7 (Linux-5.15.153.1-microsoft-standard-WSL2-x86_64-with-glibc2.36)'
    'x-ms-date': 'REDACTED'
    'x-ms-client-request-id': 'fe860390-ab59-11ef-aebb-0242ac120004'
    'Authorization': 'REDACTED'
A body is sent with the request
[2024-11-25T18:20:50.665+0000] {_universal.py:545} INFO - Response status: 201
Response headers:
    'Content-Length': '0'
    'Content-MD5': 'REDACTED'
    'Last-Modified': 'Mon, 25 Nov 2024 18:20:51 GMT'
    'ETag': '"0x8DD0D7DE4DAACBC"'
    'Server': 'Windows-Azure-Blob/1.0 Microsoft-HTTPAPI/2.0'
    'x-ms-request-id': '055d9b2c-201e-001f-2966-3f8987000000'
    'x-ms-client-request-id': 'fe860390-ab59-11ef-aebb-0242ac120004'
    'x-ms-version': 'REDACTED'
    'x-ms-content-crc64': 'REDACTED'
    'x-ms-request-server-encrypted': 'REDACTED'
    'Date': 'Mon, 25 Nov 2024 18:20:51 GMT'
[2024-11-25T18:20:50.668+0000] {python.py:240} INFO - Done. Returned value was: None
[2024-11-25T18:20:50.690+0000] {taskinstance.py:340} INFO - ::group::Post task execution logs
[2024-11-25T18:20:50.691+0000] {taskinstance.py:352} INFO - Marking task as SUCCESS. dag_id=etlDagV18, task_id=preprocessData, run_id=scheduled__2024-11-25T17:00:00+00:00, execution_date=20241125T170000, start_date=20241125T182044, end_date=20241125T182050
[2024-11-25T18:20:50.736+0000] {local_task_job_runner.py:266} INFO - Task exited with return code 0
[2024-11-25T18:20:50.765+0000] {taskinstance.py:3895} INFO - 1 downstream tasks scheduled from follow-on schedule check
[2024-11-25T18:20:50.769+0000] {local_task_job_runner.py:245} INFO - ::endgroup::
