[2024-11-25T16:43:45.855+0000] {local_task_job_runner.py:123} INFO - ::group::Pre task execution logs
[2024-11-25T16:43:45.868+0000] {taskinstance.py:2613} INFO - Dependencies all met for dep_context=non-requeueable deps ti=<TaskInstance: etl_PipelineV101.transformData manual__2024-11-25T16:43:34.456215+00:00 [queued]>
[2024-11-25T16:43:45.875+0000] {taskinstance.py:2613} INFO - Dependencies all met for dep_context=requeueable deps ti=<TaskInstance: etl_PipelineV101.transformData manual__2024-11-25T16:43:34.456215+00:00 [queued]>
[2024-11-25T16:43:45.875+0000] {taskinstance.py:2866} INFO - Starting attempt 1 of 4
[2024-11-25T16:43:45.889+0000] {taskinstance.py:2889} INFO - Executing <Task(PythonOperator): transformData> on 2024-11-25 16:43:34.456215+00:00
[2024-11-25T16:43:45.900+0000] {logging_mixin.py:190} WARNING - /home/***/.local/lib/python3.12/site-packages/***/task/task_runner/standard_task_runner.py:70 DeprecationWarning: This process (pid=935) is multi-threaded, use of fork() may lead to deadlocks in the child.
[2024-11-25T16:43:45.900+0000] {standard_task_runner.py:104} INFO - Running: ['***', 'tasks', 'run', 'etl_PipelineV101', 'transformData', 'manual__2024-11-25T16:43:34.456215+00:00', '--job-id', '13', '--raw', '--subdir', 'DAGS_FOLDER/etlDag.py', '--cfg-path', '/tmp/tmpy4pwqru2']
[2024-11-25T16:43:45.902+0000] {standard_task_runner.py:72} INFO - Started process 945 to run task
[2024-11-25T16:43:45.903+0000] {standard_task_runner.py:105} INFO - Job 13: Subtask transformData
[2024-11-25T16:43:45.945+0000] {task_command.py:467} INFO - Running <TaskInstance: etl_PipelineV101.transformData manual__2024-11-25T16:43:34.456215+00:00 [running]> on host 8bc87a2683b7
[2024-11-25T16:43:46.011+0000] {taskinstance.py:3132} INFO - Exporting env vars: AIRFLOW_CTX_DAG_OWNER='Oshith Roshantha' AIRFLOW_CTX_DAG_ID='etl_PipelineV101' AIRFLOW_CTX_TASK_ID='transformData' AIRFLOW_CTX_EXECUTION_DATE='2024-11-25T16:43:34.456215+00:00' AIRFLOW_CTX_TRY_NUMBER='1' AIRFLOW_CTX_DAG_RUN_ID='manual__2024-11-25T16:43:34.456215+00:00'
[2024-11-25T16:43:46.012+0000] {taskinstance.py:731} INFO - ::endgroup::
[2024-11-25T16:43:46.024+0000] {_universal.py:509} INFO - Request URL: 'https://eqdatastorage.blob.core.windows.net/staging-data/cleaned-data.parquet'
Request method: 'GET'
Request headers:
    'x-ms-range': 'REDACTED'
    'x-ms-version': 'REDACTED'
    'Accept': 'application/xml'
    'User-Agent': 'azsdk-python-storage-blob/12.24.0 Python/3.12.7 (Linux-5.15.153.1-microsoft-standard-WSL2-x86_64-with-glibc2.36)'
    'x-ms-date': 'REDACTED'
    'x-ms-client-request-id': '70364332-ab4c-11ef-a0cf-0242ac120004'
    'Authorization': 'REDACTED'
No body was attached to the request
[2024-11-25T16:43:47.178+0000] {_universal.py:545} INFO - Response status: 206
Response headers:
    'Content-Length': '7404'
    'Content-Type': 'application/octet-stream'
    'Content-Range': 'REDACTED'
    'Last-Modified': 'Mon, 25 Nov 2024 16:43:44 GMT'
    'Accept-Ranges': 'REDACTED'
    'ETag': '"0x8DD0D7053CAA550"'
    'Server': 'Windows-Azure-Blob/1.0 Microsoft-HTTPAPI/2.0'
    'x-ms-request-id': 'f5518e47-c01e-00fb-3359-3f9a8d000000'
    'x-ms-client-request-id': '70364332-ab4c-11ef-a0cf-0242ac120004'
    'x-ms-version': 'REDACTED'
    'x-ms-resource-type': 'REDACTED'
    'x-ms-creation-time': 'REDACTED'
    'x-ms-blob-content-md5': 'REDACTED'
    'x-ms-lease-status': 'REDACTED'
    'x-ms-lease-state': 'REDACTED'
    'x-ms-blob-type': 'REDACTED'
    'x-ms-server-encrypted': 'REDACTED'
    'x-ms-owner': 'REDACTED'
    'x-ms-group': 'REDACTED'
    'x-ms-permissions': 'REDACTED'
    'x-ms-acl': 'REDACTED'
    'Date': 'Mon, 25 Nov 2024 16:43:48 GMT'
[2024-11-25T16:43:47.226+0000] {_universal.py:506} INFO - Request URL: 'https://eqdatastorage.blob.core.windows.net/staging-data/transform-data.parquet'
Request method: 'PUT'
Request headers:
    'Content-Length': '8300'
    'x-ms-blob-type': 'REDACTED'
    'x-ms-version': 'REDACTED'
    'Content-Type': 'application/octet-stream'
    'Accept': 'application/xml'
    'User-Agent': 'azsdk-python-storage-blob/12.24.0 Python/3.12.7 (Linux-5.15.153.1-microsoft-standard-WSL2-x86_64-with-glibc2.36)'
    'x-ms-date': 'REDACTED'
    'x-ms-client-request-id': '70eda55e-ab4c-11ef-a0cf-0242ac120004'
    'Authorization': 'REDACTED'
A body is sent with the request
[2024-11-25T16:43:47.537+0000] {_universal.py:545} INFO - Response status: 201
Response headers:
    'Content-Length': '0'
    'Content-MD5': 'REDACTED'
    'Last-Modified': 'Mon, 25 Nov 2024 16:43:48 GMT'
    'ETag': '"0x8DD0D7055FB8A68"'
    'Server': 'Windows-Azure-Blob/1.0 Microsoft-HTTPAPI/2.0'
    'x-ms-request-id': 'f5518f52-c01e-00fb-3359-3f9a8d000000'
    'x-ms-client-request-id': '70eda55e-ab4c-11ef-a0cf-0242ac120004'
    'x-ms-version': 'REDACTED'
    'x-ms-content-crc64': 'REDACTED'
    'x-ms-request-server-encrypted': 'REDACTED'
    'Date': 'Mon, 25 Nov 2024 16:43:48 GMT'
[2024-11-25T16:43:47.538+0000] {python.py:240} INFO - Done. Returned value was: None
[2024-11-25T16:43:47.544+0000] {taskinstance.py:340} INFO - ::group::Post task execution logs
[2024-11-25T16:43:47.545+0000] {taskinstance.py:352} INFO - Marking task as SUCCESS. dag_id=etl_PipelineV101, task_id=transformData, run_id=manual__2024-11-25T16:43:34.456215+00:00, execution_date=20241125T164334, start_date=20241125T164345, end_date=20241125T164347
[2024-11-25T16:43:47.569+0000] {local_task_job_runner.py:266} INFO - Task exited with return code 0
[2024-11-25T16:43:47.584+0000] {taskinstance.py:3895} INFO - 1 downstream tasks scheduled from follow-on schedule check
[2024-11-25T16:43:47.592+0000] {local_task_job_runner.py:245} INFO - ::endgroup::
