[2024-11-25T07:39:17.417+0000] {local_task_job_runner.py:123} INFO - ::group::Pre task execution logs
[2024-11-25T07:39:17.437+0000] {taskinstance.py:2613} INFO - Dependencies all met for dep_context=non-requeueable deps ti=<TaskInstance: etl_PipelineV25.fetchData scheduled__2024-11-25T06:00:00+00:00 [queued]>
[2024-11-25T07:39:17.444+0000] {taskinstance.py:2613} INFO - Dependencies all met for dep_context=requeueable deps ti=<TaskInstance: etl_PipelineV25.fetchData scheduled__2024-11-25T06:00:00+00:00 [queued]>
[2024-11-25T07:39:17.444+0000] {taskinstance.py:2866} INFO - Starting attempt 1 of 4
[2024-11-25T07:39:17.458+0000] {taskinstance.py:2889} INFO - Executing <Task(PythonOperator): fetchData> on 2024-11-25 06:00:00+00:00
[2024-11-25T07:39:17.486+0000] {logging_mixin.py:190} WARNING - /home/***/.local/lib/python3.12/site-packages/***/task/task_runner/standard_task_runner.py:70 DeprecationWarning: This process (pid=1156) is multi-threaded, use of fork() may lead to deadlocks in the child.
[2024-11-25T07:39:17.486+0000] {standard_task_runner.py:104} INFO - Running: ['***', 'tasks', 'run', 'etl_PipelineV25', 'fetchData', 'scheduled__2024-11-25T06:00:00+00:00', '--job-id', '9', '--raw', '--subdir', 'DAGS_FOLDER/etlDag.py', '--cfg-path', '/tmp/tmpg69avwwp']
[2024-11-25T07:39:17.488+0000] {standard_task_runner.py:72} INFO - Started process 1166 to run task
[2024-11-25T07:39:17.488+0000] {standard_task_runner.py:105} INFO - Job 9: Subtask fetchData
[2024-11-25T07:39:17.538+0000] {task_command.py:467} INFO - Running <TaskInstance: etl_PipelineV25.fetchData scheduled__2024-11-25T06:00:00+00:00 [running]> on host 7939e06e2b4b
[2024-11-25T07:39:17.624+0000] {taskinstance.py:3132} INFO - Exporting env vars: AIRFLOW_CTX_DAG_OWNER='Oshith Roshantha' AIRFLOW_CTX_DAG_ID='etl_PipelineV25' AIRFLOW_CTX_TASK_ID='fetchData' AIRFLOW_CTX_EXECUTION_DATE='2024-11-25T06:00:00+00:00' AIRFLOW_CTX_TRY_NUMBER='1' AIRFLOW_CTX_DAG_RUN_ID='scheduled__2024-11-25T06:00:00+00:00'
[2024-11-25T07:39:17.625+0000] {taskinstance.py:731} INFO - ::endgroup::
[2024-11-25T07:39:18.664+0000] {_universal.py:506} INFO - Request URL: 'https://eqdatastorage.blob.core.windows.net/staging-data/temp-json'
Request method: 'PUT'
Request headers:
    'Content-Length': '315'
    'x-ms-blob-type': 'REDACTED'
    'x-ms-version': 'REDACTED'
    'Content-Type': 'application/octet-stream'
    'Accept': 'application/xml'
    'User-Agent': 'azsdk-python-storage-blob/12.24.0 Python/3.12.7 (Linux-5.15.153.1-microsoft-standard-WSL2-x86_64-with-glibc2.36)'
    'x-ms-date': 'REDACTED'
    'x-ms-client-request-id': '60f2853a-ab00-11ef-89d7-0242ac120003'
    'Authorization': 'REDACTED'
A body is sent with the request
[2024-11-25T07:39:19.951+0000] {_universal.py:545} INFO - Response status: 201
Response headers:
    'Content-Length': '0'
    'Content-MD5': 'REDACTED'
    'Last-Modified': 'Mon, 25 Nov 2024 07:39:20 GMT'
    'ETag': '"0x8DD0D24465F26F4"'
    'Server': 'Windows-Azure-Blob/1.0 Microsoft-HTTPAPI/2.0'
    'x-ms-request-id': 'b9aeb680-601e-00df-2a0d-3f03c3000000'
    'x-ms-client-request-id': '60f2853a-ab00-11ef-89d7-0242ac120003'
    'x-ms-version': 'REDACTED'
    'x-ms-content-crc64': 'REDACTED'
    'x-ms-request-server-encrypted': 'REDACTED'
    'Date': 'Mon, 25 Nov 2024 07:39:19 GMT'
[2024-11-25T07:39:19.954+0000] {python.py:240} INFO - Done. Returned value was: {'type': 'FeatureCollection', 'metadata': {'generated': 1732520359000, 'url': 'https://earthquake.usgs.gov/fdsnws/event/1/query?format=geojson&starttime=2024-11-25T05%3A00%3A00&endtime=2024-11-25T06%3A00%3A00&minmagnitude=4', 'title': 'USGS Earthquakes', 'status': 200, 'api': '1.14.1', 'count': 0}, 'features': []}
[2024-11-25T07:39:19.985+0000] {taskinstance.py:340} INFO - ::group::Post task execution logs
[2024-11-25T07:39:19.985+0000] {taskinstance.py:352} INFO - Marking task as SUCCESS. dag_id=etl_PipelineV25, task_id=fetchData, run_id=scheduled__2024-11-25T06:00:00+00:00, execution_date=20241125T060000, start_date=20241125T073917, end_date=20241125T073919
[2024-11-25T07:39:20.038+0000] {local_task_job_runner.py:266} INFO - Task exited with return code 0
[2024-11-25T07:39:20.080+0000] {taskinstance.py:3895} INFO - 1 downstream tasks scheduled from follow-on schedule check
[2024-11-25T07:39:20.083+0000] {local_task_job_runner.py:245} INFO - ::endgroup::
