[2024-11-25T16:42:35.140+0000] {local_task_job_runner.py:123} INFO - ::group::Pre task execution logs
[2024-11-25T16:42:35.155+0000] {taskinstance.py:2613} INFO - Dependencies all met for dep_context=non-requeueable deps ti=<TaskInstance: etl_PipelineV101.preprocessData scheduled__2024-11-25T15:00:00+00:00 [queued]>
[2024-11-25T16:42:35.162+0000] {taskinstance.py:2613} INFO - Dependencies all met for dep_context=requeueable deps ti=<TaskInstance: etl_PipelineV101.preprocessData scheduled__2024-11-25T15:00:00+00:00 [queued]>
[2024-11-25T16:42:35.163+0000] {taskinstance.py:2866} INFO - Starting attempt 1 of 4
[2024-11-25T16:42:35.175+0000] {taskinstance.py:2889} INFO - Executing <Task(PythonOperator): preprocessData> on 2024-11-25 15:00:00+00:00
[2024-11-25T16:42:35.186+0000] {logging_mixin.py:190} WARNING - /home/***/.local/lib/python3.12/site-packages/***/task/task_runner/standard_task_runner.py:70 DeprecationWarning: This process (pid=794) is multi-threaded, use of fork() may lead to deadlocks in the child.
[2024-11-25T16:42:35.185+0000] {standard_task_runner.py:104} INFO - Running: ['***', 'tasks', 'run', 'etl_PipelineV101', 'preprocessData', 'scheduled__2024-11-25T15:00:00+00:00', '--job-id', '8', '--raw', '--subdir', 'DAGS_FOLDER/etlDag.py', '--cfg-path', '/tmp/tmp11zm_bxq']
[2024-11-25T16:42:35.188+0000] {standard_task_runner.py:72} INFO - Started process 804 to run task
[2024-11-25T16:42:35.188+0000] {standard_task_runner.py:105} INFO - Job 8: Subtask preprocessData
[2024-11-25T16:42:35.233+0000] {task_command.py:467} INFO - Running <TaskInstance: etl_PipelineV101.preprocessData scheduled__2024-11-25T15:00:00+00:00 [running]> on host 8bc87a2683b7
[2024-11-25T16:42:35.318+0000] {taskinstance.py:3132} INFO - Exporting env vars: AIRFLOW_CTX_DAG_OWNER='Oshith Roshantha' AIRFLOW_CTX_DAG_ID='etl_PipelineV101' AIRFLOW_CTX_TASK_ID='preprocessData' AIRFLOW_CTX_EXECUTION_DATE='2024-11-25T15:00:00+00:00' AIRFLOW_CTX_TRY_NUMBER='1' AIRFLOW_CTX_DAG_RUN_ID='scheduled__2024-11-25T15:00:00+00:00'
[2024-11-25T16:42:35.324+0000] {taskinstance.py:731} INFO - ::endgroup::
[2024-11-25T16:42:35.355+0000] {_universal.py:509} INFO - Request URL: 'https://eqdatastorage.blob.core.windows.net/staging-data/temp-json'
Request method: 'GET'
Request headers:
    'x-ms-range': 'REDACTED'
    'x-ms-version': 'REDACTED'
    'Accept': 'application/xml'
    'User-Agent': 'azsdk-python-storage-blob/12.24.0 Python/3.12.7 (Linux-5.15.153.1-microsoft-standard-WSL2-x86_64-with-glibc2.36)'
    'x-ms-date': 'REDACTED'
    'x-ms-client-request-id': '4616f588-ab4c-11ef-a0eb-0242ac120004'
    'Authorization': 'REDACTED'
No body was attached to the request
[2024-11-25T16:42:36.528+0000] {_universal.py:545} INFO - Response status: 206
Response headers:
    'Content-Length': '1078'
    'Content-Type': 'application/octet-stream'
    'Content-Range': 'REDACTED'
    'Last-Modified': 'Mon, 25 Nov 2024 16:42:34 GMT'
    'Accept-Ranges': 'REDACTED'
    'ETag': '"0x8DD0D7029BFF1CC"'
    'Server': 'Windows-Azure-Blob/1.0 Microsoft-HTTPAPI/2.0'
    'x-ms-request-id': 'c042c194-301e-0022-5d59-3f3ca1000000'
    'x-ms-client-request-id': '4616f588-ab4c-11ef-a0eb-0242ac120004'
    'x-ms-version': 'REDACTED'
    'x-ms-resource-type': 'REDACTED'
    'x-ms-creation-time': 'REDACTED'
    'x-ms-blob-content-md5': 'REDACTED'
    'x-ms-lease-status': 'REDACTED'
    'x-ms-lease-state': 'REDACTED'
    'x-ms-blob-type': 'REDACTED'
    'x-ms-server-encrypted': 'REDACTED'
    'x-ms-owner': 'REDACTED'
    'x-ms-group': 'REDACTED'
    'x-ms-permissions': 'REDACTED'
    'x-ms-acl': 'REDACTED'
    'Date': 'Mon, 25 Nov 2024 16:42:37 GMT'
[2024-11-25T16:42:36.549+0000] {_universal.py:509} INFO - Request URL: 'https://eqdatastorage.blob.core.windows.net/staging-data/cleaned-data.parquet'
Request method: 'GET'
Request headers:
    'x-ms-range': 'REDACTED'
    'x-ms-version': 'REDACTED'
    'Accept': 'application/xml'
    'User-Agent': 'azsdk-python-storage-blob/12.24.0 Python/3.12.7 (Linux-5.15.153.1-microsoft-standard-WSL2-x86_64-with-glibc2.36)'
    'x-ms-date': 'REDACTED'
    'x-ms-client-request-id': '46cd279a-ab4c-11ef-a0eb-0242ac120004'
    'Authorization': 'REDACTED'
No body was attached to the request
[2024-11-25T16:42:36.876+0000] {_universal.py:545} INFO - Response status: 206
Response headers:
    'Content-Length': '7404'
    'Content-Type': 'application/octet-stream'
    'Content-Range': 'REDACTED'
    'Last-Modified': 'Mon, 25 Nov 2024 16:35:03 GMT'
    'Accept-Ranges': 'REDACTED'
    'ETag': '"0x8DD0D6F1D22A3CC"'
    'Server': 'Windows-Azure-Blob/1.0 Microsoft-HTTPAPI/2.0'
    'x-ms-request-id': 'c042c25d-301e-0022-0e59-3f3ca1000000'
    'x-ms-client-request-id': '46cd279a-ab4c-11ef-a0eb-0242ac120004'
    'x-ms-version': 'REDACTED'
    'x-ms-resource-type': 'REDACTED'
    'x-ms-creation-time': 'REDACTED'
    'x-ms-blob-content-md5': 'REDACTED'
    'x-ms-lease-status': 'REDACTED'
    'x-ms-lease-state': 'REDACTED'
    'x-ms-blob-type': 'REDACTED'
    'x-ms-server-encrypted': 'REDACTED'
    'x-ms-owner': 'REDACTED'
    'x-ms-group': 'REDACTED'
    'x-ms-permissions': 'REDACTED'
    'x-ms-acl': 'REDACTED'
    'Date': 'Mon, 25 Nov 2024 16:42:37 GMT'
[2024-11-25T16:42:37.031+0000] {_universal.py:506} INFO - Request URL: 'https://eqdatastorage.blob.core.windows.net/staging-data/cleaned-data.parquet'
Request method: 'PUT'
Request headers:
    'Content-Length': '7404'
    'x-ms-blob-type': 'REDACTED'
    'x-ms-version': 'REDACTED'
    'Content-Type': 'application/octet-stream'
    'Accept': 'application/xml'
    'User-Agent': 'azsdk-python-storage-blob/12.24.0 Python/3.12.7 (Linux-5.15.153.1-microsoft-standard-WSL2-x86_64-with-glibc2.36)'
    'x-ms-date': 'REDACTED'
    'x-ms-client-request-id': '4716b554-ab4c-11ef-a0eb-0242ac120004'
    'Authorization': 'REDACTED'
A body is sent with the request
[2024-11-25T16:42:37.371+0000] {_universal.py:545} INFO - Response status: 201
Response headers:
    'Content-Length': '0'
    'Content-MD5': 'REDACTED'
    'Last-Modified': 'Mon, 25 Nov 2024 16:42:38 GMT'
    'ETag': '"0x8DD0D702C2594C4"'
    'Server': 'Windows-Azure-Blob/1.0 Microsoft-HTTPAPI/2.0'
    'x-ms-request-id': 'c042c369-301e-0022-0459-3f3ca1000000'
    'x-ms-client-request-id': '4716b554-ab4c-11ef-a0eb-0242ac120004'
    'x-ms-version': 'REDACTED'
    'x-ms-content-crc64': 'REDACTED'
    'x-ms-request-server-encrypted': 'REDACTED'
    'Date': 'Mon, 25 Nov 2024 16:42:38 GMT'
[2024-11-25T16:42:37.373+0000] {python.py:240} INFO - Done. Returned value was: None
[2024-11-25T16:42:37.384+0000] {taskinstance.py:340} INFO - ::group::Post task execution logs
[2024-11-25T16:42:37.385+0000] {taskinstance.py:352} INFO - Marking task as SUCCESS. dag_id=etl_PipelineV101, task_id=preprocessData, run_id=scheduled__2024-11-25T15:00:00+00:00, execution_date=20241125T150000, start_date=20241125T164235, end_date=20241125T164237
[2024-11-25T16:42:37.416+0000] {local_task_job_runner.py:266} INFO - Task exited with return code 0
[2024-11-25T16:42:37.440+0000] {taskinstance.py:3895} INFO - 1 downstream tasks scheduled from follow-on schedule check
[2024-11-25T16:42:37.443+0000] {local_task_job_runner.py:245} INFO - ::endgroup::
