[2024-11-25T18:11:18.475+0000] {local_task_job_runner.py:123} INFO - ::group::Pre task execution logs
[2024-11-25T18:11:18.506+0000] {taskinstance.py:2613} INFO - Dependencies all met for dep_context=non-requeueable deps ti=<TaskInstance: etlDagV13.preprocessData scheduled__2024-11-25T17:00:00+00:00 [queued]>
[2024-11-25T18:11:18.523+0000] {taskinstance.py:2613} INFO - Dependencies all met for dep_context=requeueable deps ti=<TaskInstance: etlDagV13.preprocessData scheduled__2024-11-25T17:00:00+00:00 [queued]>
[2024-11-25T18:11:18.524+0000] {taskinstance.py:2866} INFO - Starting attempt 1 of 4
[2024-11-25T18:11:18.546+0000] {taskinstance.py:2889} INFO - Executing <Task(PythonOperator): preprocessData> on 2024-11-25 17:00:00+00:00
[2024-11-25T18:11:18.584+0000] {standard_task_runner.py:104} INFO - Running: ['***', 'tasks', 'run', 'etlDagV13', 'preprocessData', 'scheduled__2024-11-25T17:00:00+00:00', '--job-id', '91', '--raw', '--subdir', 'DAGS_FOLDER/etlDag.py', '--cfg-path', '/tmp/tmpx2zpj1o5']
[2024-11-25T18:11:18.586+0000] {logging_mixin.py:190} WARNING - /home/***/.local/lib/python3.12/site-packages/***/task/task_runner/standard_task_runner.py:70 DeprecationWarning: This process (pid=6529) is multi-threaded, use of fork() may lead to deadlocks in the child.
[2024-11-25T18:11:18.591+0000] {standard_task_runner.py:105} INFO - Job 91: Subtask preprocessData
[2024-11-25T18:11:18.592+0000] {standard_task_runner.py:72} INFO - Started process 6539 to run task
[2024-11-25T18:11:18.710+0000] {task_command.py:467} INFO - Running <TaskInstance: etlDagV13.preprocessData scheduled__2024-11-25T17:00:00+00:00 [running]> on host 8bc87a2683b7
[2024-11-25T18:11:18.853+0000] {taskinstance.py:3132} INFO - Exporting env vars: AIRFLOW_CTX_DAG_OWNER='Oshith Roshantha' AIRFLOW_CTX_DAG_ID='etlDagV13' AIRFLOW_CTX_TASK_ID='preprocessData' AIRFLOW_CTX_EXECUTION_DATE='2024-11-25T17:00:00+00:00' AIRFLOW_CTX_TRY_NUMBER='1' AIRFLOW_CTX_DAG_RUN_ID='scheduled__2024-11-25T17:00:00+00:00'
[2024-11-25T18:11:18.855+0000] {taskinstance.py:731} INFO - ::endgroup::
[2024-11-25T18:11:18.888+0000] {_universal.py:509} INFO - Request URL: 'https://eqdatastorage.blob.core.windows.net/staging-data/temp-json'
Request method: 'GET'
Request headers:
    'x-ms-range': 'REDACTED'
    'x-ms-version': 'REDACTED'
    'Accept': 'application/xml'
    'User-Agent': 'azsdk-python-storage-blob/12.24.0 Python/3.12.7 (Linux-5.15.153.1-microsoft-standard-WSL2-x86_64-with-glibc2.36)'
    'x-ms-date': 'REDACTED'
    'x-ms-client-request-id': 'ab299096-ab58-11ef-a5c1-0242ac120004'
    'Authorization': 'REDACTED'
No body was attached to the request
[2024-11-25T18:11:20.266+0000] {_universal.py:545} INFO - Response status: 206
Response headers:
    'Content-Length': '315'
    'Content-Type': 'application/octet-stream'
    'Content-Range': 'REDACTED'
    'Last-Modified': 'Mon, 25 Nov 2024 18:06:45 GMT'
    'Accept-Ranges': 'REDACTED'
    'ETag': '"0x8DD0D7BEC573BC0"'
    'Server': 'Windows-Azure-Blob/1.0 Microsoft-HTTPAPI/2.0'
    'x-ms-request-id': 'bd633534-901e-00e8-1f65-3faf6c000000'
    'x-ms-client-request-id': 'ab299096-ab58-11ef-a5c1-0242ac120004'
    'x-ms-version': 'REDACTED'
    'x-ms-resource-type': 'REDACTED'
    'x-ms-creation-time': 'REDACTED'
    'x-ms-blob-content-md5': 'REDACTED'
    'x-ms-lease-status': 'REDACTED'
    'x-ms-lease-state': 'REDACTED'
    'x-ms-blob-type': 'REDACTED'
    'x-ms-server-encrypted': 'REDACTED'
    'x-ms-owner': 'REDACTED'
    'x-ms-group': 'REDACTED'
    'x-ms-permissions': 'REDACTED'
    'x-ms-acl': 'REDACTED'
    'Date': 'Mon, 25 Nov 2024 18:11:20 GMT'
[2024-11-25T18:11:20.286+0000] {_universal.py:509} INFO - Request URL: 'https://eqdatastorage.blob.core.windows.net/staging-data/cleaned-data.parquet'
Request method: 'GET'
Request headers:
    'x-ms-range': 'REDACTED'
    'x-ms-version': 'REDACTED'
    'Accept': 'application/xml'
    'User-Agent': 'azsdk-python-storage-blob/12.24.0 Python/3.12.7 (Linux-5.15.153.1-microsoft-standard-WSL2-x86_64-with-glibc2.36)'
    'x-ms-date': 'REDACTED'
    'x-ms-client-request-id': 'abff05e6-ab58-11ef-a5c1-0242ac120004'
    'Authorization': 'REDACTED'
No body was attached to the request
[2024-11-25T18:11:20.570+0000] {_universal.py:545} INFO - Response status: 206
Response headers:
    'Content-Length': '7643'
    'Content-Type': 'application/octet-stream'
    'Content-Range': 'REDACTED'
    'Last-Modified': 'Mon, 25 Nov 2024 18:06:50 GMT'
    'Accept-Ranges': 'REDACTED'
    'ETag': '"0x8DD0D7BEF7C187C"'
    'Server': 'Windows-Azure-Blob/1.0 Microsoft-HTTPAPI/2.0'
    'x-ms-request-id': 'bd633586-901e-00e8-6865-3faf6c000000'
    'x-ms-client-request-id': 'abff05e6-ab58-11ef-a5c1-0242ac120004'
    'x-ms-version': 'REDACTED'
    'x-ms-resource-type': 'REDACTED'
    'x-ms-creation-time': 'REDACTED'
    'x-ms-blob-content-md5': 'REDACTED'
    'x-ms-lease-status': 'REDACTED'
    'x-ms-lease-state': 'REDACTED'
    'x-ms-blob-type': 'REDACTED'
    'x-ms-server-encrypted': 'REDACTED'
    'x-ms-owner': 'REDACTED'
    'x-ms-group': 'REDACTED'
    'x-ms-permissions': 'REDACTED'
    'x-ms-acl': 'REDACTED'
    'Date': 'Mon, 25 Nov 2024 18:11:20 GMT'
[2024-11-25T18:11:20.759+0000] {_universal.py:506} INFO - Request URL: 'https://eqdatastorage.blob.core.windows.net/staging-data/cleaned-data.parquet'
Request method: 'PUT'
Request headers:
    'Content-Length': '7643'
    'x-ms-blob-type': 'REDACTED'
    'x-ms-version': 'REDACTED'
    'Content-Type': 'application/octet-stream'
    'Accept': 'application/xml'
    'User-Agent': 'azsdk-python-storage-blob/12.24.0 Python/3.12.7 (Linux-5.15.153.1-microsoft-standard-WSL2-x86_64-with-glibc2.36)'
    'x-ms-date': 'REDACTED'
    'x-ms-client-request-id': 'ac472ba0-ab58-11ef-a5c1-0242ac120004'
    'Authorization': 'REDACTED'
A body is sent with the request
[2024-11-25T18:11:21.090+0000] {_universal.py:545} INFO - Response status: 201
Response headers:
    'Content-Length': '0'
    'Content-MD5': 'REDACTED'
    'Last-Modified': 'Mon, 25 Nov 2024 18:11:22 GMT'
    'ETag': '"0x8DD0D7C915B8370"'
    'Server': 'Windows-Azure-Blob/1.0 Microsoft-HTTPAPI/2.0'
    'x-ms-request-id': 'bd63361e-901e-00e8-7565-3faf6c000000'
    'x-ms-client-request-id': 'ac472ba0-ab58-11ef-a5c1-0242ac120004'
    'x-ms-version': 'REDACTED'
    'x-ms-content-crc64': 'REDACTED'
    'x-ms-request-server-encrypted': 'REDACTED'
    'Date': 'Mon, 25 Nov 2024 18:11:21 GMT'
[2024-11-25T18:11:21.092+0000] {python.py:240} INFO - Done. Returned value was: None
[2024-11-25T18:11:21.110+0000] {taskinstance.py:340} INFO - ::group::Post task execution logs
[2024-11-25T18:11:21.111+0000] {taskinstance.py:352} INFO - Marking task as SUCCESS. dag_id=etlDagV13, task_id=preprocessData, run_id=scheduled__2024-11-25T17:00:00+00:00, execution_date=20241125T170000, start_date=20241125T181118, end_date=20241125T181121
[2024-11-25T18:11:21.144+0000] {local_task_job_runner.py:266} INFO - Task exited with return code 0
[2024-11-25T18:11:21.179+0000] {taskinstance.py:3895} INFO - 0 downstream tasks scheduled from follow-on schedule check
[2024-11-25T18:11:21.184+0000] {local_task_job_runner.py:245} INFO - ::endgroup::
