[2024-11-25T16:35:04.494+0000] {local_task_job_runner.py:123} INFO - ::group::Pre task execution logs
[2024-11-25T16:35:04.513+0000] {taskinstance.py:2613} INFO - Dependencies all met for dep_context=non-requeueable deps ti=<TaskInstance: etl_PipelineV100.transformData scheduled__2024-11-25T15:00:00+00:00 [queued]>
[2024-11-25T16:35:04.522+0000] {taskinstance.py:2613} INFO - Dependencies all met for dep_context=requeueable deps ti=<TaskInstance: etl_PipelineV100.transformData scheduled__2024-11-25T15:00:00+00:00 [queued]>
[2024-11-25T16:35:04.523+0000] {taskinstance.py:2866} INFO - Starting attempt 1 of 4
[2024-11-25T16:35:04.538+0000] {taskinstance.py:2889} INFO - Executing <Task(PythonOperator): transformData> on 2024-11-25 15:00:00+00:00
[2024-11-25T16:35:04.549+0000] {standard_task_runner.py:104} INFO - Running: ['***', 'tasks', 'run', 'etl_PipelineV100', 'transformData', 'scheduled__2024-11-25T15:00:00+00:00', '--job-id', '5', '--raw', '--subdir', 'DAGS_FOLDER/etlDag.py', '--cfg-path', '/tmp/tmpcmu0cllb']
[2024-11-25T16:35:04.550+0000] {logging_mixin.py:190} WARNING - /home/***/.local/lib/python3.12/site-packages/***/task/task_runner/standard_task_runner.py:70 DeprecationWarning: This process (pid=446) is multi-threaded, use of fork() may lead to deadlocks in the child.
[2024-11-25T16:35:04.552+0000] {standard_task_runner.py:105} INFO - Job 5: Subtask transformData
[2024-11-25T16:35:04.552+0000] {standard_task_runner.py:72} INFO - Started process 456 to run task
[2024-11-25T16:35:04.604+0000] {task_command.py:467} INFO - Running <TaskInstance: etl_PipelineV100.transformData scheduled__2024-11-25T15:00:00+00:00 [running]> on host 8bc87a2683b7
[2024-11-25T16:35:04.693+0000] {taskinstance.py:3132} INFO - Exporting env vars: AIRFLOW_CTX_DAG_OWNER='Oshith Roshantha' AIRFLOW_CTX_DAG_ID='etl_PipelineV100' AIRFLOW_CTX_TASK_ID='transformData' AIRFLOW_CTX_EXECUTION_DATE='2024-11-25T15:00:00+00:00' AIRFLOW_CTX_TRY_NUMBER='1' AIRFLOW_CTX_DAG_RUN_ID='scheduled__2024-11-25T15:00:00+00:00'
[2024-11-25T16:35:04.695+0000] {taskinstance.py:731} INFO - ::endgroup::
[2024-11-25T16:35:04.711+0000] {_universal.py:509} INFO - Request URL: 'https://eqdatastorage.blob.core.windows.net/staging-data/cleaned-data.parquet'
Request method: 'GET'
Request headers:
    'x-ms-range': 'REDACTED'
    'x-ms-version': 'REDACTED'
    'Accept': 'application/xml'
    'User-Agent': 'azsdk-python-storage-blob/12.24.0 Python/3.12.7 (Linux-5.15.153.1-microsoft-standard-WSL2-x86_64-with-glibc2.36)'
    'x-ms-date': 'REDACTED'
    'x-ms-client-request-id': '397c37ee-ab4b-11ef-959f-0242ac120004'
    'Authorization': 'REDACTED'
No body was attached to the request
[2024-11-25T16:35:05.960+0000] {_universal.py:545} INFO - Response status: 206
Response headers:
    'Content-Length': '7404'
    'Content-Type': 'application/octet-stream'
    'Content-Range': 'REDACTED'
    'Last-Modified': 'Mon, 25 Nov 2024 16:35:03 GMT'
    'Accept-Ranges': 'REDACTED'
    'ETag': '"0x8DD0D6F1D22A3CC"'
    'Server': 'Windows-Azure-Blob/1.0 Microsoft-HTTPAPI/2.0'
    'x-ms-request-id': '0d0b2e5a-d01e-00c6-1d57-3f2fab000000'
    'x-ms-client-request-id': '397c37ee-ab4b-11ef-959f-0242ac120004'
    'x-ms-version': 'REDACTED'
    'x-ms-resource-type': 'REDACTED'
    'x-ms-creation-time': 'REDACTED'
    'x-ms-blob-content-md5': 'REDACTED'
    'x-ms-lease-status': 'REDACTED'
    'x-ms-lease-state': 'REDACTED'
    'x-ms-blob-type': 'REDACTED'
    'x-ms-server-encrypted': 'REDACTED'
    'x-ms-owner': 'REDACTED'
    'x-ms-group': 'REDACTED'
    'x-ms-permissions': 'REDACTED'
    'x-ms-acl': 'REDACTED'
    'Date': 'Mon, 25 Nov 2024 16:35:06 GMT'
[2024-11-25T16:35:06.072+0000] {_universal.py:506} INFO - Request URL: 'https://eqdatastorage.blob.core.windows.net/staging-data/transform-data.parquet'
Request method: 'PUT'
Request headers:
    'Content-Length': '8300'
    'x-ms-blob-type': 'REDACTED'
    'x-ms-version': 'REDACTED'
    'Content-Type': 'application/octet-stream'
    'Accept': 'application/xml'
    'User-Agent': 'azsdk-python-storage-blob/12.24.0 Python/3.12.7 (Linux-5.15.153.1-microsoft-standard-WSL2-x86_64-with-glibc2.36)'
    'x-ms-date': 'REDACTED'
    'x-ms-client-request-id': '3a4bd774-ab4b-11ef-959f-0242ac120004'
    'Authorization': 'REDACTED'
A body is sent with the request
[2024-11-25T16:35:06.398+0000] {_universal.py:545} INFO - Response status: 201
Response headers:
    'Content-Length': '0'
    'Content-MD5': 'REDACTED'
    'Last-Modified': 'Mon, 25 Nov 2024 16:35:07 GMT'
    'ETag': '"0x8DD0D6F1F5B5210"'
    'Server': 'Windows-Azure-Blob/1.0 Microsoft-HTTPAPI/2.0'
    'x-ms-request-id': '0d0b2f3e-d01e-00c6-7957-3f2fab000000'
    'x-ms-client-request-id': '3a4bd774-ab4b-11ef-959f-0242ac120004'
    'x-ms-version': 'REDACTED'
    'x-ms-content-crc64': 'REDACTED'
    'x-ms-request-server-encrypted': 'REDACTED'
    'Date': 'Mon, 25 Nov 2024 16:35:07 GMT'
[2024-11-25T16:35:06.400+0000] {python.py:240} INFO - Done. Returned value was: None
[2024-11-25T16:35:06.407+0000] {taskinstance.py:340} INFO - ::group::Post task execution logs
[2024-11-25T16:35:06.408+0000] {taskinstance.py:352} INFO - Marking task as SUCCESS. dag_id=etl_PipelineV100, task_id=transformData, run_id=scheduled__2024-11-25T15:00:00+00:00, execution_date=20241125T150000, start_date=20241125T163504, end_date=20241125T163506
[2024-11-25T16:35:06.464+0000] {local_task_job_runner.py:266} INFO - Task exited with return code 0
[2024-11-25T16:35:06.485+0000] {taskinstance.py:3895} INFO - 1 downstream tasks scheduled from follow-on schedule check
[2024-11-25T16:35:06.489+0000] {local_task_job_runner.py:245} INFO - ::endgroup::
