[2024-11-25T17:42:11.984+0000] {local_task_job_runner.py:123} INFO - ::group::Pre task execution logs
[2024-11-25T17:42:12.007+0000] {taskinstance.py:2613} INFO - Dependencies all met for dep_context=non-requeueable deps ti=<TaskInstance: etlDagV3.transformData scheduled__2024-11-25T16:00:00+00:00 [queued]>
[2024-11-25T17:42:12.020+0000] {taskinstance.py:2613} INFO - Dependencies all met for dep_context=requeueable deps ti=<TaskInstance: etlDagV3.transformData scheduled__2024-11-25T16:00:00+00:00 [queued]>
[2024-11-25T17:42:12.021+0000] {taskinstance.py:2866} INFO - Starting attempt 1 of 4
[2024-11-25T17:42:12.040+0000] {taskinstance.py:2889} INFO - Executing <Task(PythonOperator): transformData> on 2024-11-25 16:00:00+00:00
[2024-11-25T17:42:12.053+0000] {logging_mixin.py:190} WARNING - /home/***/.local/lib/python3.12/site-packages/***/task/task_runner/standard_task_runner.py:70 DeprecationWarning: This process (pid=4393) is multi-threaded, use of fork() may lead to deadlocks in the child.
[2024-11-25T17:42:12.052+0000] {standard_task_runner.py:104} INFO - Running: ['***', 'tasks', 'run', 'etlDagV3', 'transformData', 'scheduled__2024-11-25T16:00:00+00:00', '--job-id', '56', '--raw', '--subdir', 'DAGS_FOLDER/etlDag.py', '--cfg-path', '/tmp/tmpofvhafv1']
[2024-11-25T17:42:12.055+0000] {standard_task_runner.py:72} INFO - Started process 4409 to run task
[2024-11-25T17:42:12.056+0000] {standard_task_runner.py:105} INFO - Job 56: Subtask transformData
[2024-11-25T17:42:12.121+0000] {task_command.py:467} INFO - Running <TaskInstance: etlDagV3.transformData scheduled__2024-11-25T16:00:00+00:00 [running]> on host 8bc87a2683b7
[2024-11-25T17:42:12.246+0000] {taskinstance.py:3132} INFO - Exporting env vars: AIRFLOW_CTX_DAG_OWNER='Oshith Roshantha' AIRFLOW_CTX_DAG_ID='etlDagV3' AIRFLOW_CTX_TASK_ID='transformData' AIRFLOW_CTX_EXECUTION_DATE='2024-11-25T16:00:00+00:00' AIRFLOW_CTX_TRY_NUMBER='1' AIRFLOW_CTX_DAG_RUN_ID='scheduled__2024-11-25T16:00:00+00:00'
[2024-11-25T17:42:12.248+0000] {taskinstance.py:731} INFO - ::endgroup::
[2024-11-25T17:42:12.280+0000] {_universal.py:509} INFO - Request URL: 'https://eqdatastorage.blob.core.windows.net/staging-data/cleaned-data.parquet'
Request method: 'GET'
Request headers:
    'x-ms-range': 'REDACTED'
    'x-ms-version': 'REDACTED'
    'Accept': 'application/xml'
    'User-Agent': 'azsdk-python-storage-blob/12.24.0 Python/3.12.7 (Linux-5.15.153.1-microsoft-standard-WSL2-x86_64-with-glibc2.36)'
    'x-ms-date': 'REDACTED'
    'x-ms-client-request-id': '9a1a4614-ab54-11ef-ab76-0242ac120004'
    'Authorization': 'REDACTED'
No body was attached to the request
[2024-11-25T17:42:13.513+0000] {_universal.py:545} INFO - Response status: 206
Response headers:
    'Content-Length': '7643'
    'Content-Type': 'application/octet-stream'
    'Content-Range': 'REDACTED'
    'Last-Modified': 'Mon, 25 Nov 2024 17:42:10 GMT'
    'Accept-Ranges': 'REDACTED'
    'ETag': '"0x8DD0D787D6F0608"'
    'Server': 'Windows-Azure-Blob/1.0 Microsoft-HTTPAPI/2.0'
    'x-ms-request-id': '3a78c381-601e-0031-2461-3f0940000000'
    'x-ms-client-request-id': '9a1a4614-ab54-11ef-ab76-0242ac120004'
    'x-ms-version': 'REDACTED'
    'x-ms-resource-type': 'REDACTED'
    'x-ms-creation-time': 'REDACTED'
    'x-ms-blob-content-md5': 'REDACTED'
    'x-ms-lease-status': 'REDACTED'
    'x-ms-lease-state': 'REDACTED'
    'x-ms-blob-type': 'REDACTED'
    'x-ms-server-encrypted': 'REDACTED'
    'x-ms-owner': 'REDACTED'
    'x-ms-group': 'REDACTED'
    'x-ms-permissions': 'REDACTED'
    'x-ms-acl': 'REDACTED'
    'Date': 'Mon, 25 Nov 2024 17:42:13 GMT'
[2024-11-25T17:42:13.578+0000] {_universal.py:506} INFO - Request URL: 'https://eqdatastorage.blob.core.windows.net/staging-data/transform-data.parquet'
Request method: 'PUT'
Request headers:
    'Content-Length': '10808'
    'x-ms-blob-type': 'REDACTED'
    'x-ms-version': 'REDACTED'
    'Content-Type': 'application/octet-stream'
    'Accept': 'application/xml'
    'User-Agent': 'azsdk-python-storage-blob/12.24.0 Python/3.12.7 (Linux-5.15.153.1-microsoft-standard-WSL2-x86_64-with-glibc2.36)'
    'x-ms-date': 'REDACTED'
    'x-ms-client-request-id': '9ae08b6c-ab54-11ef-ab76-0242ac120004'
    'Authorization': 'REDACTED'
A body is sent with the request
[2024-11-25T17:42:13.947+0000] {_universal.py:545} INFO - Response status: 201
Response headers:
    'Content-Length': '0'
    'Content-MD5': 'REDACTED'
    'Last-Modified': 'Mon, 25 Nov 2024 17:42:15 GMT'
    'ETag': '"0x8DD0D787FF949B0"'
    'Server': 'Windows-Azure-Blob/1.0 Microsoft-HTTPAPI/2.0'
    'x-ms-request-id': '3a78c45c-601e-0031-6661-3f0940000000'
    'x-ms-client-request-id': '9ae08b6c-ab54-11ef-ab76-0242ac120004'
    'x-ms-version': 'REDACTED'
    'x-ms-content-crc64': 'REDACTED'
    'x-ms-request-server-encrypted': 'REDACTED'
    'Date': 'Mon, 25 Nov 2024 17:42:14 GMT'
[2024-11-25T17:42:13.948+0000] {python.py:240} INFO - Done. Returned value was: None
[2024-11-25T17:42:13.958+0000] {taskinstance.py:340} INFO - ::group::Post task execution logs
[2024-11-25T17:42:13.959+0000] {taskinstance.py:352} INFO - Marking task as SUCCESS. dag_id=etlDagV3, task_id=transformData, run_id=scheduled__2024-11-25T16:00:00+00:00, execution_date=20241125T160000, start_date=20241125T174212, end_date=20241125T174213
[2024-11-25T17:42:14.004+0000] {local_task_job_runner.py:266} INFO - Task exited with return code 0
[2024-11-25T17:42:14.031+0000] {taskinstance.py:3895} INFO - 1 downstream tasks scheduled from follow-on schedule check
[2024-11-25T17:42:14.035+0000] {local_task_job_runner.py:245} INFO - ::endgroup::
