[2024-11-24T16:28:44.324+0000] {local_task_job_runner.py:123} INFO - ::group::Pre task execution logs
[2024-11-24T16:28:44.341+0000] {taskinstance.py:2613} INFO - Dependencies all met for dep_context=non-requeueable deps ti=<TaskInstance: etl_PipelineV15.preprocessData manual__2024-11-24T16:28:38.139697+00:00 [queued]>
[2024-11-24T16:28:44.349+0000] {taskinstance.py:2613} INFO - Dependencies all met for dep_context=requeueable deps ti=<TaskInstance: etl_PipelineV15.preprocessData manual__2024-11-24T16:28:38.139697+00:00 [queued]>
[2024-11-24T16:28:44.350+0000] {taskinstance.py:2866} INFO - Starting attempt 1 of 4
[2024-11-24T16:28:44.365+0000] {taskinstance.py:2889} INFO - Executing <Task(PythonOperator): preprocessData> on 2024-11-24 16:28:38.139697+00:00
[2024-11-24T16:28:44.384+0000] {logging_mixin.py:190} WARNING - /home/***/.local/lib/python3.12/site-packages/***/task/task_runner/standard_task_runner.py:70 DeprecationWarning: This process (pid=3774) is multi-threaded, use of fork() may lead to deadlocks in the child.
[2024-11-24T16:28:44.382+0000] {standard_task_runner.py:104} INFO - Running: ['***', 'tasks', 'run', 'etl_PipelineV15', 'preprocessData', 'manual__2024-11-24T16:28:38.139697+00:00', '--job-id', '26', '--raw', '--subdir', 'DAGS_FOLDER/etlDag.py', '--cfg-path', '/tmp/tmpmew_je52']
[2024-11-24T16:28:44.387+0000] {standard_task_runner.py:72} INFO - Started process 3784 to run task
[2024-11-24T16:28:44.387+0000] {standard_task_runner.py:105} INFO - Job 26: Subtask preprocessData
[2024-11-24T16:28:44.445+0000] {task_command.py:467} INFO - Running <TaskInstance: etl_PipelineV15.preprocessData manual__2024-11-24T16:28:38.139697+00:00 [running]> on host 60d41c360b2c
[2024-11-24T16:28:44.701+0000] {taskinstance.py:3132} INFO - Exporting env vars: AIRFLOW_CTX_DAG_OWNER='Oshith Roshantha' AIRFLOW_CTX_DAG_ID='etl_PipelineV15' AIRFLOW_CTX_TASK_ID='preprocessData' AIRFLOW_CTX_EXECUTION_DATE='2024-11-24T16:28:38.139697+00:00' AIRFLOW_CTX_TRY_NUMBER='1' AIRFLOW_CTX_DAG_RUN_ID='manual__2024-11-24T16:28:38.139697+00:00'
[2024-11-24T16:28:44.702+0000] {taskinstance.py:731} INFO - ::endgroup::
[2024-11-24T16:28:44.729+0000] {python.py:240} INFO - Done. Returned value was: Empty DataFrame
Columns: []
Index: []
[2024-11-24T16:28:44.798+0000] {taskinstance.py:340} INFO - ::group::Post task execution logs
[2024-11-24T16:28:44.799+0000] {taskinstance.py:352} INFO - Marking task as SUCCESS. dag_id=etl_PipelineV15, task_id=preprocessData, run_id=manual__2024-11-24T16:28:38.139697+00:00, execution_date=20241124T162838, start_date=20241124T162844, end_date=20241124T162844
[2024-11-24T16:28:44.845+0000] {local_task_job_runner.py:266} INFO - Task exited with return code 0
[2024-11-24T16:28:44.865+0000] {taskinstance.py:3895} INFO - 1 downstream tasks scheduled from follow-on schedule check
[2024-11-24T16:28:44.871+0000] {local_task_job_runner.py:245} INFO - ::endgroup::
