[2024-11-25T17:28:48.717+0000] {local_task_job_runner.py:123} INFO - ::group::Pre task execution logs
[2024-11-25T17:28:48.735+0000] {taskinstance.py:2613} INFO - Dependencies all met for dep_context=non-requeueable deps ti=<TaskInstance: etl_PipelineV3.transformData scheduled__2024-11-25T16:00:00+00:00 [queued]>
[2024-11-25T17:28:48.747+0000] {taskinstance.py:2613} INFO - Dependencies all met for dep_context=requeueable deps ti=<TaskInstance: etl_PipelineV3.transformData scheduled__2024-11-25T16:00:00+00:00 [queued]>
[2024-11-25T17:28:48.748+0000] {taskinstance.py:2866} INFO - Starting attempt 1 of 4
[2024-11-25T17:28:48.764+0000] {taskinstance.py:2889} INFO - Executing <Task(PythonOperator): transformData> on 2024-11-25 16:00:00+00:00
[2024-11-25T17:28:48.777+0000] {logging_mixin.py:190} WARNING - /home/***/.local/lib/python3.12/site-packages/***/task/task_runner/standard_task_runner.py:70 DeprecationWarning: This process (pid=3323) is multi-threaded, use of fork() may lead to deadlocks in the child.
[2024-11-25T17:28:48.777+0000] {standard_task_runner.py:104} INFO - Running: ['***', 'tasks', 'run', 'etl_PipelineV3', 'transformData', 'scheduled__2024-11-25T16:00:00+00:00', '--job-id', '43', '--raw', '--subdir', 'DAGS_FOLDER/etlDag.py', '--cfg-path', '/tmp/tmp7a46sxf6']
[2024-11-25T17:28:48.779+0000] {standard_task_runner.py:72} INFO - Started process 3333 to run task
[2024-11-25T17:28:48.779+0000] {standard_task_runner.py:105} INFO - Job 43: Subtask transformData
[2024-11-25T17:28:48.834+0000] {task_command.py:467} INFO - Running <TaskInstance: etl_PipelineV3.transformData scheduled__2024-11-25T16:00:00+00:00 [running]> on host 8bc87a2683b7
[2024-11-25T17:28:48.918+0000] {taskinstance.py:3132} INFO - Exporting env vars: AIRFLOW_CTX_DAG_OWNER='Oshith Roshantha' AIRFLOW_CTX_DAG_ID='etl_PipelineV3' AIRFLOW_CTX_TASK_ID='transformData' AIRFLOW_CTX_EXECUTION_DATE='2024-11-25T16:00:00+00:00' AIRFLOW_CTX_TRY_NUMBER='1' AIRFLOW_CTX_DAG_RUN_ID='scheduled__2024-11-25T16:00:00+00:00'
[2024-11-25T17:28:48.919+0000] {taskinstance.py:731} INFO - ::endgroup::
[2024-11-25T17:28:48.942+0000] {_universal.py:509} INFO - Request URL: 'https://eqdatastorage.blob.core.windows.net/staging-data/cleaned-data.parquet'
Request method: 'GET'
Request headers:
    'x-ms-range': 'REDACTED'
    'x-ms-version': 'REDACTED'
    'Accept': 'application/xml'
    'User-Agent': 'azsdk-python-storage-blob/12.24.0 Python/3.12.7 (Linux-5.15.153.1-microsoft-standard-WSL2-x86_64-with-glibc2.36)'
    'x-ms-date': 'REDACTED'
    'x-ms-client-request-id': 'bb467a1c-ab52-11ef-8990-0242ac120004'
    'Authorization': 'REDACTED'
No body was attached to the request
[2024-11-25T17:28:50.140+0000] {_universal.py:545} INFO - Response status: 206
Response headers:
    'Content-Length': '7643'
    'Content-Type': 'application/octet-stream'
    'Content-Range': 'REDACTED'
    'Last-Modified': 'Mon, 25 Nov 2024 17:28:47 GMT'
    'Accept-Ranges': 'REDACTED'
    'ETag': '"0x8DD0D769E8D9770"'
    'Server': 'Windows-Azure-Blob/1.0 Microsoft-HTTPAPI/2.0'
    'x-ms-request-id': '884031e1-e01e-0081-1f5f-3ff0c0000000'
    'x-ms-client-request-id': 'bb467a1c-ab52-11ef-8990-0242ac120004'
    'x-ms-version': 'REDACTED'
    'x-ms-resource-type': 'REDACTED'
    'x-ms-creation-time': 'REDACTED'
    'x-ms-blob-content-md5': 'REDACTED'
    'x-ms-lease-status': 'REDACTED'
    'x-ms-lease-state': 'REDACTED'
    'x-ms-blob-type': 'REDACTED'
    'x-ms-server-encrypted': 'REDACTED'
    'x-ms-owner': 'REDACTED'
    'x-ms-group': 'REDACTED'
    'x-ms-permissions': 'REDACTED'
    'x-ms-acl': 'REDACTED'
    'Date': 'Mon, 25 Nov 2024 17:28:51 GMT'
[2024-11-25T17:28:50.291+0000] {_universal.py:506} INFO - Request URL: 'https://eqdatastorage.blob.core.windows.net/staging-data/transform-data.parquet'
Request method: 'PUT'
Request headers:
    'Content-Length': '10808'
    'x-ms-blob-type': 'REDACTED'
    'x-ms-version': 'REDACTED'
    'Content-Type': 'application/octet-stream'
    'Accept': 'application/xml'
    'User-Agent': 'azsdk-python-storage-blob/12.24.0 Python/3.12.7 (Linux-5.15.153.1-microsoft-standard-WSL2-x86_64-with-glibc2.36)'
    'x-ms-date': 'REDACTED'
    'x-ms-client-request-id': 'bc149a50-ab52-11ef-8990-0242ac120004'
    'Authorization': 'REDACTED'
A body is sent with the request
[2024-11-25T17:28:50.631+0000] {_universal.py:545} INFO - Response status: 201
Response headers:
    'Content-Length': '0'
    'Content-MD5': 'REDACTED'
    'Last-Modified': 'Mon, 25 Nov 2024 17:28:51 GMT'
    'ETag': '"0x8DD0D76A127F9B8"'
    'Server': 'Windows-Azure-Blob/1.0 Microsoft-HTTPAPI/2.0'
    'x-ms-request-id': '884032b3-e01e-0081-5f5f-3ff0c0000000'
    'x-ms-client-request-id': 'bc149a50-ab52-11ef-8990-0242ac120004'
    'x-ms-version': 'REDACTED'
    'x-ms-content-crc64': 'REDACTED'
    'x-ms-request-server-encrypted': 'REDACTED'
    'Date': 'Mon, 25 Nov 2024 17:28:51 GMT'
[2024-11-25T17:28:50.633+0000] {python.py:240} INFO - Done. Returned value was: None
[2024-11-25T17:28:50.659+0000] {taskinstance.py:340} INFO - ::group::Post task execution logs
[2024-11-25T17:28:50.660+0000] {taskinstance.py:352} INFO - Marking task as SUCCESS. dag_id=etl_PipelineV3, task_id=transformData, run_id=scheduled__2024-11-25T16:00:00+00:00, execution_date=20241125T160000, start_date=20241125T172848, end_date=20241125T172850
[2024-11-25T17:28:50.723+0000] {local_task_job_runner.py:266} INFO - Task exited with return code 0
[2024-11-25T17:28:50.746+0000] {taskinstance.py:3895} INFO - 1 downstream tasks scheduled from follow-on schedule check
[2024-11-25T17:28:50.750+0000] {local_task_job_runner.py:245} INFO - ::endgroup::
