[2024-11-24T16:36:18.074+0000] {local_task_job_runner.py:123} INFO - ::group::Pre task execution logs
[2024-11-24T16:36:18.095+0000] {taskinstance.py:2613} INFO - Dependencies all met for dep_context=non-requeueable deps ti=<TaskInstance: etl_PipelineV17.preprocessData scheduled__2024-11-24T15:00:00+00:00 [queued]>
[2024-11-24T16:36:18.105+0000] {taskinstance.py:2613} INFO - Dependencies all met for dep_context=requeueable deps ti=<TaskInstance: etl_PipelineV17.preprocessData scheduled__2024-11-24T15:00:00+00:00 [queued]>
[2024-11-24T16:36:18.106+0000] {taskinstance.py:2866} INFO - Starting attempt 1 of 4
[2024-11-24T16:36:18.123+0000] {taskinstance.py:2889} INFO - Executing <Task(PythonOperator): preprocessData> on 2024-11-24 15:00:00+00:00
[2024-11-24T16:36:18.137+0000] {logging_mixin.py:190} WARNING - /home/***/.local/lib/python3.12/site-packages/***/task/task_runner/standard_task_runner.py:70 DeprecationWarning: This process (pid=4219) is multi-threaded, use of fork() may lead to deadlocks in the child.
[2024-11-24T16:36:18.140+0000] {standard_task_runner.py:72} INFO - Started process 4229 to run task
[2024-11-24T16:36:18.137+0000] {standard_task_runner.py:104} INFO - Running: ['***', 'tasks', 'run', 'etl_PipelineV17', 'preprocessData', 'scheduled__2024-11-24T15:00:00+00:00', '--job-id', '36', '--raw', '--subdir', 'DAGS_FOLDER/etlDag.py', '--cfg-path', '/tmp/tmphxt0mexo']
[2024-11-24T16:36:18.142+0000] {standard_task_runner.py:105} INFO - Job 36: Subtask preprocessData
[2024-11-24T16:36:18.199+0000] {task_command.py:467} INFO - Running <TaskInstance: etl_PipelineV17.preprocessData scheduled__2024-11-24T15:00:00+00:00 [running]> on host 60d41c360b2c
[2024-11-24T16:36:18.524+0000] {taskinstance.py:3132} INFO - Exporting env vars: AIRFLOW_CTX_DAG_OWNER='Oshith Roshantha' AIRFLOW_CTX_DAG_ID='etl_PipelineV17' AIRFLOW_CTX_TASK_ID='preprocessData' AIRFLOW_CTX_EXECUTION_DATE='2024-11-24T15:00:00+00:00' AIRFLOW_CTX_TRY_NUMBER='1' AIRFLOW_CTX_DAG_RUN_ID='scheduled__2024-11-24T15:00:00+00:00'
[2024-11-24T16:36:18.526+0000] {taskinstance.py:731} INFO - ::endgroup::
[2024-11-24T16:36:18.577+0000] {python.py:240} INFO - Done. Returned value was:            id                           place  ...      lat    depth
0  us6000p7g0  100 km W of Port-Vila, Vanuatu  ... -17.6991   10.000
1  us6000p7fw       south of the Fiji Islands  ... -22.0292  593.159

[2 rows x 13 columns]
[2024-11-24T16:36:18.714+0000] {taskinstance.py:340} INFO - ::group::Post task execution logs
[2024-11-24T16:36:18.715+0000] {taskinstance.py:352} INFO - Marking task as SUCCESS. dag_id=etl_PipelineV17, task_id=preprocessData, run_id=scheduled__2024-11-24T15:00:00+00:00, execution_date=20241124T150000, start_date=20241124T163618, end_date=20241124T163618
[2024-11-24T16:36:18.760+0000] {local_task_job_runner.py:266} INFO - Task exited with return code 0
[2024-11-24T16:36:18.791+0000] {taskinstance.py:3895} INFO - 1 downstream tasks scheduled from follow-on schedule check
[2024-11-24T16:36:18.795+0000] {local_task_job_runner.py:245} INFO - ::endgroup::
