[2024-11-25T18:16:54.589+0000] {local_task_job_runner.py:123} INFO - ::group::Pre task execution logs
[2024-11-25T18:16:54.621+0000] {taskinstance.py:2613} INFO - Dependencies all met for dep_context=non-requeueable deps ti=<TaskInstance: etlDagV15.preprocessData manual__2024-11-25T18:15:10.682825+00:00 [queued]>
[2024-11-25T18:16:54.639+0000] {taskinstance.py:2613} INFO - Dependencies all met for dep_context=requeueable deps ti=<TaskInstance: etlDagV15.preprocessData manual__2024-11-25T18:15:10.682825+00:00 [queued]>
[2024-11-25T18:16:54.640+0000] {taskinstance.py:2866} INFO - Starting attempt 1 of 4
[2024-11-25T18:16:54.664+0000] {taskinstance.py:2889} INFO - Executing <Task(PythonOperator): preprocessData> on 2024-11-25 18:15:10.682825+00:00
[2024-11-25T18:16:54.685+0000] {logging_mixin.py:190} WARNING - /home/***/.local/lib/python3.12/site-packages/***/task/task_runner/standard_task_runner.py:70 DeprecationWarning: This process (pid=6950) is multi-threaded, use of fork() may lead to deadlocks in the child.
[2024-11-25T18:16:54.688+0000] {standard_task_runner.py:72} INFO - Started process 6969 to run task
[2024-11-25T18:16:54.685+0000] {standard_task_runner.py:104} INFO - Running: ['***', 'tasks', 'run', 'etlDagV15', 'preprocessData', 'manual__2024-11-25T18:15:10.682825+00:00', '--job-id', '102', '--raw', '--subdir', 'DAGS_FOLDER/etlDag.py', '--cfg-path', '/tmp/tmp8bea1oph']
[2024-11-25T18:16:54.690+0000] {standard_task_runner.py:105} INFO - Job 102: Subtask preprocessData
[2024-11-25T18:16:54.781+0000] {task_command.py:467} INFO - Running <TaskInstance: etlDagV15.preprocessData manual__2024-11-25T18:15:10.682825+00:00 [running]> on host 8bc87a2683b7
[2024-11-25T18:16:54.963+0000] {taskinstance.py:3132} INFO - Exporting env vars: AIRFLOW_CTX_DAG_OWNER='Oshith Roshantha' AIRFLOW_CTX_DAG_ID='etlDagV15' AIRFLOW_CTX_TASK_ID='preprocessData' AIRFLOW_CTX_EXECUTION_DATE='2024-11-25T18:15:10.682825+00:00' AIRFLOW_CTX_TRY_NUMBER='1' AIRFLOW_CTX_DAG_RUN_ID='manual__2024-11-25T18:15:10.682825+00:00'
[2024-11-25T18:16:54.966+0000] {taskinstance.py:731} INFO - ::endgroup::
[2024-11-25T18:16:55.053+0000] {_universal.py:509} INFO - Request URL: 'https://eqdatastorage.blob.core.windows.net/staging-data/temp-json'
Request method: 'GET'
Request headers:
    'x-ms-range': 'REDACTED'
    'x-ms-version': 'REDACTED'
    'Accept': 'application/xml'
    'User-Agent': 'azsdk-python-storage-blob/12.24.0 Python/3.12.7 (Linux-5.15.153.1-microsoft-standard-WSL2-x86_64-with-glibc2.36)'
    'x-ms-date': 'REDACTED'
    'x-ms-client-request-id': '73881ff8-ab59-11ef-ae11-0242ac120004'
    'Authorization': 'REDACTED'
No body was attached to the request
[2024-11-25T18:16:56.564+0000] {_universal.py:545} INFO - Response status: 206
Response headers:
    'Content-Length': '8685670'
    'Content-Type': 'application/octet-stream'
    'Content-Range': 'REDACTED'
    'Last-Modified': 'Mon, 25 Nov 2024 18:16:32 GMT'
    'Accept-Ranges': 'REDACTED'
    'ETag': '"0x8DD0D7D4A57689C"'
    'Server': 'Windows-Azure-Blob/1.0 Microsoft-HTTPAPI/2.0'
    'x-ms-request-id': 'debf6700-301e-0066-1366-3fe0cd000000'
    'x-ms-client-request-id': '73881ff8-ab59-11ef-ae11-0242ac120004'
    'x-ms-version': 'REDACTED'
    'x-ms-resource-type': 'REDACTED'
    'x-ms-creation-time': 'REDACTED'
    'x-ms-blob-content-md5': 'REDACTED'
    'x-ms-lease-status': 'REDACTED'
    'x-ms-lease-state': 'REDACTED'
    'x-ms-blob-type': 'REDACTED'
    'x-ms-server-encrypted': 'REDACTED'
    'x-ms-owner': 'REDACTED'
    'x-ms-group': 'REDACTED'
    'x-ms-permissions': 'REDACTED'
    'x-ms-acl': 'REDACTED'
    'Date': 'Mon, 25 Nov 2024 18:16:57 GMT'
[2024-11-25T18:17:04.333+0000] {_universal.py:509} INFO - Request URL: 'https://eqdatastorage.blob.core.windows.net/staging-data/cleaned-data.parquet'
Request method: 'GET'
Request headers:
    'x-ms-range': 'REDACTED'
    'x-ms-version': 'REDACTED'
    'Accept': 'application/xml'
    'User-Agent': 'azsdk-python-storage-blob/12.24.0 Python/3.12.7 (Linux-5.15.153.1-microsoft-standard-WSL2-x86_64-with-glibc2.36)'
    'x-ms-date': 'REDACTED'
    'x-ms-client-request-id': '791050e4-ab59-11ef-ae11-0242ac120004'
    'Authorization': 'REDACTED'
No body was attached to the request
[2024-11-25T18:17:04.720+0000] {_universal.py:545} INFO - Response status: 206
Response headers:
    'Content-Length': '661275'
    'Content-Type': 'application/octet-stream'
    'Content-Range': 'REDACTED'
    'Last-Modified': 'Mon, 25 Nov 2024 18:16:08 GMT'
    'Accept-Ranges': 'REDACTED'
    'ETag': '"0x8DD0D7D3C08085C"'
    'Server': 'Windows-Azure-Blob/1.0 Microsoft-HTTPAPI/2.0'
    'x-ms-request-id': 'debf7dcc-301e-0066-3566-3fe0cd000000'
    'x-ms-client-request-id': '791050e4-ab59-11ef-ae11-0242ac120004'
    'x-ms-version': 'REDACTED'
    'x-ms-resource-type': 'REDACTED'
    'x-ms-creation-time': 'REDACTED'
    'x-ms-blob-content-md5': 'REDACTED'
    'x-ms-lease-status': 'REDACTED'
    'x-ms-lease-state': 'REDACTED'
    'x-ms-blob-type': 'REDACTED'
    'x-ms-server-encrypted': 'REDACTED'
    'x-ms-owner': 'REDACTED'
    'x-ms-group': 'REDACTED'
    'x-ms-permissions': 'REDACTED'
    'x-ms-acl': 'REDACTED'
    'Date': 'Mon, 25 Nov 2024 18:17:05 GMT'
[2024-11-25T18:17:05.499+0000] {_universal.py:506} INFO - Request URL: 'https://eqdatastorage.blob.core.windows.net/staging-data/cleaned-data.parquet'
Request method: 'PUT'
Request headers:
    'Content-Length': '661275'
    'x-ms-blob-type': 'REDACTED'
    'x-ms-version': 'REDACTED'
    'Content-Type': 'application/octet-stream'
    'Accept': 'application/xml'
    'User-Agent': 'azsdk-python-storage-blob/12.24.0 Python/3.12.7 (Linux-5.15.153.1-microsoft-standard-WSL2-x86_64-with-glibc2.36)'
    'x-ms-date': 'REDACTED'
    'x-ms-client-request-id': '79c23ce6-ab59-11ef-ae11-0242ac120004'
    'Authorization': 'REDACTED'
A body is sent with the request
[2024-11-25T18:17:08.394+0000] {_universal.py:545} INFO - Response status: 201
Response headers:
    'Content-Length': '0'
    'Content-MD5': 'REDACTED'
    'Last-Modified': 'Mon, 25 Nov 2024 18:17:09 GMT'
    'ETag': '"0x8DD0D7D605CAEF4"'
    'Server': 'Windows-Azure-Blob/1.0 Microsoft-HTTPAPI/2.0'
    'x-ms-request-id': 'debf8072-301e-0066-4566-3fe0cd000000'
    'x-ms-client-request-id': '79c23ce6-ab59-11ef-ae11-0242ac120004'
    'x-ms-version': 'REDACTED'
    'x-ms-content-crc64': 'REDACTED'
    'x-ms-request-server-encrypted': 'REDACTED'
    'Date': 'Mon, 25 Nov 2024 18:17:09 GMT'
[2024-11-25T18:17:08.418+0000] {python.py:240} INFO - Done. Returned value was: None
[2024-11-25T18:17:08.429+0000] {taskinstance.py:340} INFO - ::group::Post task execution logs
[2024-11-25T18:17:08.430+0000] {taskinstance.py:352} INFO - Marking task as SUCCESS. dag_id=etlDagV15, task_id=preprocessData, run_id=manual__2024-11-25T18:15:10.682825+00:00, execution_date=20241125T181510, start_date=20241125T181654, end_date=20241125T181708
[2024-11-25T18:17:08.471+0000] {local_task_job_runner.py:266} INFO - Task exited with return code 0
[2024-11-25T18:17:08.497+0000] {taskinstance.py:3895} INFO - 1 downstream tasks scheduled from follow-on schedule check
[2024-11-25T18:17:08.500+0000] {local_task_job_runner.py:245} INFO - ::endgroup::
