[2024-11-25T18:05:19.839+0000] {local_task_job_runner.py:123} INFO - ::group::Pre task execution logs
[2024-11-25T18:05:19.887+0000] {taskinstance.py:2613} INFO - Dependencies all met for dep_context=non-requeueable deps ti=<TaskInstance: etlDagV12.fetchData scheduled__2024-11-25T17:00:00+00:00 [queued]>
[2024-11-25T18:05:19.909+0000] {taskinstance.py:2613} INFO - Dependencies all met for dep_context=requeueable deps ti=<TaskInstance: etlDagV12.fetchData scheduled__2024-11-25T17:00:00+00:00 [queued]>
[2024-11-25T18:05:19.911+0000] {taskinstance.py:2866} INFO - Starting attempt 1 of 4
[2024-11-25T18:05:19.949+0000] {taskinstance.py:2889} INFO - Executing <Task(PythonOperator): fetchData> on 2024-11-25 17:00:00+00:00
[2024-11-25T18:05:19.977+0000] {logging_mixin.py:190} WARNING - /home/***/.local/lib/python3.12/site-packages/***/task/task_runner/standard_task_runner.py:70 DeprecationWarning: This process (pid=6098) is multi-threaded, use of fork() may lead to deadlocks in the child.
[2024-11-25T18:05:19.976+0000] {standard_task_runner.py:104} INFO - Running: ['***', 'tasks', 'run', 'etlDagV12', 'fetchData', 'scheduled__2024-11-25T17:00:00+00:00', '--job-id', '82', '--raw', '--subdir', 'DAGS_FOLDER/etlDag.py', '--cfg-path', '/tmp/tmp2jos5dyh']
[2024-11-25T18:05:19.983+0000] {standard_task_runner.py:72} INFO - Started process 6108 to run task
[2024-11-25T18:05:19.983+0000] {standard_task_runner.py:105} INFO - Job 82: Subtask fetchData
[2024-11-25T18:05:20.108+0000] {task_command.py:467} INFO - Running <TaskInstance: etlDagV12.fetchData scheduled__2024-11-25T17:00:00+00:00 [running]> on host 8bc87a2683b7
[2024-11-25T18:05:20.299+0000] {taskinstance.py:3132} INFO - Exporting env vars: AIRFLOW_CTX_DAG_OWNER='Oshith Roshantha' AIRFLOW_CTX_DAG_ID='etlDagV12' AIRFLOW_CTX_TASK_ID='fetchData' AIRFLOW_CTX_EXECUTION_DATE='2024-11-25T17:00:00+00:00' AIRFLOW_CTX_TRY_NUMBER='1' AIRFLOW_CTX_DAG_RUN_ID='scheduled__2024-11-25T17:00:00+00:00'
[2024-11-25T18:05:20.301+0000] {taskinstance.py:731} INFO - ::endgroup::
[2024-11-25T18:05:20.348+0000] {logging_mixin.py:190} INFO - Execution Date: 2024-11-25 17:00:00+00:00
[2024-11-25T18:05:20.350+0000] {logging_mixin.py:190} INFO - Previous Execution Date: 2024-11-25 16:00:00+00:00
[2024-11-25T18:05:20.352+0000] {logging_mixin.py:190} INFO - DAG Start Date: 2024-11-25 17:00:00+00:00
[2024-11-25T18:05:20.353+0000] {logging_mixin.py:190} INFO - Fetching data from 2024-11-25T16:00:00 to 2024-11-25T17:00:00
[2024-11-25T18:05:21.581+0000] {_universal.py:506} INFO - Request URL: 'https://eqdatastorage.blob.core.windows.net/staging-data/temp-json'
Request method: 'PUT'
Request headers:
    'Content-Length': '315'
    'x-ms-blob-type': 'REDACTED'
    'x-ms-version': 'REDACTED'
    'Content-Type': 'application/octet-stream'
    'Accept': 'application/xml'
    'User-Agent': 'azsdk-python-storage-blob/12.24.0 Python/3.12.7 (Linux-5.15.153.1-microsoft-standard-WSL2-x86_64-with-glibc2.36)'
    'x-ms-date': 'REDACTED'
    'x-ms-client-request-id': 'd630e0e2-ab57-11ef-b9af-0242ac120004'
    'Authorization': 'REDACTED'
A body is sent with the request
[2024-11-25T18:05:22.952+0000] {_universal.py:545} INFO - Response status: 201
Response headers:
    'Content-Length': '0'
    'Content-MD5': 'REDACTED'
    'Last-Modified': 'Mon, 25 Nov 2024 18:05:24 GMT'
    'ETag': '"0x8DD0D7BBBE177C0"'
    'Server': 'Windows-Azure-Blob/1.0 Microsoft-HTTPAPI/2.0'
    'x-ms-request-id': 'dfeae568-a01e-00a4-0a64-3f6873000000'
    'x-ms-client-request-id': 'd630e0e2-ab57-11ef-b9af-0242ac120004'
    'x-ms-version': 'REDACTED'
    'x-ms-content-crc64': 'REDACTED'
    'x-ms-request-server-encrypted': 'REDACTED'
    'Date': 'Mon, 25 Nov 2024 18:05:23 GMT'
[2024-11-25T18:05:22.955+0000] {python.py:240} INFO - Done. Returned value was: None
[2024-11-25T18:05:22.992+0000] {taskinstance.py:340} INFO - ::group::Post task execution logs
[2024-11-25T18:05:22.994+0000] {taskinstance.py:352} INFO - Marking task as SUCCESS. dag_id=etlDagV12, task_id=fetchData, run_id=scheduled__2024-11-25T17:00:00+00:00, execution_date=20241125T170000, start_date=20241125T180519, end_date=20241125T180522
[2024-11-25T18:05:23.087+0000] {local_task_job_runner.py:266} INFO - Task exited with return code 0
[2024-11-25T18:05:23.176+0000] {taskinstance.py:3895} INFO - 1 downstream tasks scheduled from follow-on schedule check
[2024-11-25T18:05:23.189+0000] {local_task_job_runner.py:245} INFO - ::endgroup::
