[2024-11-25T17:06:20.766+0000] {local_task_job_runner.py:123} INFO - ::group::Pre task execution logs
[2024-11-25T17:06:20.810+0000] {taskinstance.py:2613} INFO - Dependencies all met for dep_context=non-requeueable deps ti=<TaskInstance: etl_PipelineV5.fetchData scheduled__2024-11-25T16:00:00+00:00 [queued]>
[2024-11-25T17:06:20.836+0000] {taskinstance.py:2613} INFO - Dependencies all met for dep_context=requeueable deps ti=<TaskInstance: etl_PipelineV5.fetchData scheduled__2024-11-25T16:00:00+00:00 [queued]>
[2024-11-25T17:06:20.837+0000] {taskinstance.py:2866} INFO - Starting attempt 1 of 4
[2024-11-25T17:06:20.871+0000] {taskinstance.py:2889} INFO - Executing <Task(PythonOperator): fetchData> on 2024-11-25 16:00:00+00:00
[2024-11-25T17:06:20.964+0000] {standard_task_runner.py:104} INFO - Running: ['***', 'tasks', 'run', 'etl_PipelineV5', 'fetchData', 'scheduled__2024-11-25T16:00:00+00:00', '--job-id', '25', '--raw', '--subdir', 'DAGS_FOLDER/etlDag.py', '--cfg-path', '/tmp/tmp6j4uc106']
[2024-11-25T17:06:20.966+0000] {logging_mixin.py:190} WARNING - /home/***/.local/lib/python3.12/site-packages/***/task/task_runner/standard_task_runner.py:70 DeprecationWarning: This process (pid=2062) is multi-threaded, use of fork() may lead to deadlocks in the child.
[2024-11-25T17:06:20.983+0000] {standard_task_runner.py:105} INFO - Job 25: Subtask fetchData
[2024-11-25T17:06:20.988+0000] {standard_task_runner.py:72} INFO - Started process 2083 to run task
[2024-11-25T17:06:21.275+0000] {task_command.py:467} INFO - Running <TaskInstance: etl_PipelineV5.fetchData scheduled__2024-11-25T16:00:00+00:00 [running]> on host 8bc87a2683b7
[2024-11-25T17:06:21.642+0000] {taskinstance.py:3132} INFO - Exporting env vars: AIRFLOW_CTX_DAG_OWNER='Oshith Roshantha' AIRFLOW_CTX_DAG_ID='etl_PipelineV5' AIRFLOW_CTX_TASK_ID='fetchData' AIRFLOW_CTX_EXECUTION_DATE='2024-11-25T16:00:00+00:00' AIRFLOW_CTX_TRY_NUMBER='1' AIRFLOW_CTX_DAG_RUN_ID='scheduled__2024-11-25T16:00:00+00:00'
[2024-11-25T17:06:21.647+0000] {taskinstance.py:731} INFO - ::endgroup::
[2024-11-25T17:06:23.831+0000] {_universal.py:506} INFO - Request URL: 'https://eqdatastorage.blob.core.windows.net/staging-data/temp-json'
Request method: 'PUT'
Request headers:
    'Content-Length': '11899'
    'x-ms-blob-type': 'REDACTED'
    'x-ms-version': 'REDACTED'
    'Content-Type': 'application/octet-stream'
    'Accept': 'application/xml'
    'User-Agent': 'azsdk-python-storage-blob/12.24.0 Python/3.12.7 (Linux-5.15.153.1-microsoft-standard-WSL2-x86_64-with-glibc2.36)'
    'x-ms-date': 'REDACTED'
    'x-ms-client-request-id': '9986f044-ab4f-11ef-b0bf-0242ac120004'
    'Authorization': 'REDACTED'
A body is sent with the request
[2024-11-25T17:06:25.328+0000] {_universal.py:545} INFO - Response status: 201
Response headers:
    'Content-Length': '0'
    'Content-MD5': 'REDACTED'
    'Last-Modified': 'Mon, 25 Nov 2024 17:06:26 GMT'
    'ETag': '"0x8DD0D737F49D538"'
    'Server': 'Windows-Azure-Blob/1.0 Microsoft-HTTPAPI/2.0'
    'x-ms-request-id': 'a475eef4-e01e-006f-2c5c-3ffa43000000'
    'x-ms-client-request-id': '9986f044-ab4f-11ef-b0bf-0242ac120004'
    'x-ms-version': 'REDACTED'
    'x-ms-content-crc64': 'REDACTED'
    'x-ms-request-server-encrypted': 'REDACTED'
    'Date': 'Mon, 25 Nov 2024 17:06:26 GMT'
[2024-11-25T17:06:25.331+0000] {python.py:240} INFO - Done. Returned value was: None
[2024-11-25T17:06:25.351+0000] {taskinstance.py:340} INFO - ::group::Post task execution logs
[2024-11-25T17:06:25.352+0000] {taskinstance.py:352} INFO - Marking task as SUCCESS. dag_id=etl_PipelineV5, task_id=fetchData, run_id=scheduled__2024-11-25T16:00:00+00:00, execution_date=20241125T160000, start_date=20241125T170620, end_date=20241125T170625
[2024-11-25T17:06:25.405+0000] {local_task_job_runner.py:266} INFO - Task exited with return code 0
[2024-11-25T17:06:25.457+0000] {taskinstance.py:3895} INFO - 1 downstream tasks scheduled from follow-on schedule check
[2024-11-25T17:06:25.462+0000] {local_task_job_runner.py:245} INFO - ::endgroup::
