[2024-11-24T17:00:07.578+0000] {local_task_job_runner.py:123} INFO - ::group::Pre task execution logs
[2024-11-24T17:00:07.595+0000] {taskinstance.py:2613} INFO - Dependencies all met for dep_context=non-requeueable deps ti=<TaskInstance: etl_PipelineV21.preprocessData scheduled__2024-11-24T16:00:00+00:00 [queued]>
[2024-11-24T17:00:07.605+0000] {taskinstance.py:2613} INFO - Dependencies all met for dep_context=requeueable deps ti=<TaskInstance: etl_PipelineV21.preprocessData scheduled__2024-11-24T16:00:00+00:00 [queued]>
[2024-11-24T17:00:07.606+0000] {taskinstance.py:2866} INFO - Starting attempt 1 of 4
[2024-11-24T17:00:07.620+0000] {taskinstance.py:2889} INFO - Executing <Task(PythonOperator): preprocessData> on 2024-11-24 16:00:00+00:00
[2024-11-24T17:00:07.664+0000] {logging_mixin.py:190} WARNING - /home/***/.local/lib/python3.12/site-packages/***/task/task_runner/standard_task_runner.py:70 DeprecationWarning: This process (pid=5718) is multi-threaded, use of fork() may lead to deadlocks in the child.
[2024-11-24T17:00:07.667+0000] {standard_task_runner.py:72} INFO - Started process 5728 to run task
[2024-11-24T17:00:07.664+0000] {standard_task_runner.py:104} INFO - Running: ['***', 'tasks', 'run', 'etl_PipelineV21', 'preprocessData', 'scheduled__2024-11-24T16:00:00+00:00', '--job-id', '51', '--raw', '--subdir', 'DAGS_FOLDER/etlDag.py', '--cfg-path', '/tmp/tmplw47mrgd']
[2024-11-24T17:00:07.668+0000] {standard_task_runner.py:105} INFO - Job 51: Subtask preprocessData
[2024-11-24T17:00:07.741+0000] {task_command.py:467} INFO - Running <TaskInstance: etl_PipelineV21.preprocessData scheduled__2024-11-24T16:00:00+00:00 [running]> on host 60d41c360b2c
[2024-11-24T17:00:08.051+0000] {taskinstance.py:3132} INFO - Exporting env vars: AIRFLOW_CTX_DAG_OWNER='Oshith Roshantha' AIRFLOW_CTX_DAG_ID='etl_PipelineV21' AIRFLOW_CTX_TASK_ID='preprocessData' AIRFLOW_CTX_EXECUTION_DATE='2024-11-24T16:00:00+00:00' AIRFLOW_CTX_TRY_NUMBER='1' AIRFLOW_CTX_DAG_RUN_ID='scheduled__2024-11-24T16:00:00+00:00'
[2024-11-24T17:00:08.052+0000] {taskinstance.py:731} INFO - ::endgroup::
[2024-11-24T17:00:08.084+0000] {python.py:240} INFO - Done. Returned value was: Empty DataFrame
Columns: []
Index: []
[2024-11-24T17:00:08.168+0000] {taskinstance.py:340} INFO - ::group::Post task execution logs
[2024-11-24T17:00:08.169+0000] {taskinstance.py:352} INFO - Marking task as SUCCESS. dag_id=etl_PipelineV21, task_id=preprocessData, run_id=scheduled__2024-11-24T16:00:00+00:00, execution_date=20241124T160000, start_date=20241124T170007, end_date=20241124T170008
[2024-11-24T17:00:08.207+0000] {local_task_job_runner.py:266} INFO - Task exited with return code 0
[2024-11-24T17:00:08.236+0000] {taskinstance.py:3895} INFO - 1 downstream tasks scheduled from follow-on schedule check
[2024-11-24T17:00:08.240+0000] {local_task_job_runner.py:245} INFO - ::endgroup::
