[2024-11-25T18:15:21.347+0000] {local_task_job_runner.py:123} INFO - ::group::Pre task execution logs
[2024-11-25T18:15:21.391+0000] {taskinstance.py:2613} INFO - Dependencies all met for dep_context=non-requeueable deps ti=<TaskInstance: etlDagV15.fetchData manual__2024-11-25T18:15:10.682825+00:00 [queued]>
[2024-11-25T18:15:21.416+0000] {taskinstance.py:2613} INFO - Dependencies all met for dep_context=requeueable deps ti=<TaskInstance: etlDagV15.fetchData manual__2024-11-25T18:15:10.682825+00:00 [queued]>
[2024-11-25T18:15:21.417+0000] {taskinstance.py:2866} INFO - Starting attempt 1 of 4
[2024-11-25T18:15:21.455+0000] {taskinstance.py:2889} INFO - Executing <Task(PythonOperator): fetchData> on 2024-11-25 18:15:10.682825+00:00
[2024-11-25T18:15:21.511+0000] {logging_mixin.py:190} WARNING - /home/***/.local/lib/python3.12/site-packages/***/task/task_runner/standard_task_runner.py:70 DeprecationWarning: This process (pid=6828) is multi-threaded, use of fork() may lead to deadlocks in the child.
[2024-11-25T18:15:21.503+0000] {standard_task_runner.py:104} INFO - Running: ['***', 'tasks', 'run', 'etlDagV15', 'fetchData', 'manual__2024-11-25T18:15:10.682825+00:00', '--job-id', '98', '--raw', '--subdir', 'DAGS_FOLDER/etlDag.py', '--cfg-path', '/tmp/tmpkguzdo84']
[2024-11-25T18:15:21.514+0000] {standard_task_runner.py:72} INFO - Started process 6850 to run task
[2024-11-25T18:15:21.516+0000] {standard_task_runner.py:105} INFO - Job 98: Subtask fetchData
[2024-11-25T18:15:21.663+0000] {task_command.py:467} INFO - Running <TaskInstance: etlDagV15.fetchData manual__2024-11-25T18:15:10.682825+00:00 [running]> on host 8bc87a2683b7
[2024-11-25T18:15:22.023+0000] {taskinstance.py:3132} INFO - Exporting env vars: AIRFLOW_CTX_DAG_OWNER='Oshith Roshantha' AIRFLOW_CTX_DAG_ID='etlDagV15' AIRFLOW_CTX_TASK_ID='fetchData' AIRFLOW_CTX_EXECUTION_DATE='2024-11-25T18:15:10.682825+00:00' AIRFLOW_CTX_TRY_NUMBER='1' AIRFLOW_CTX_DAG_RUN_ID='manual__2024-11-25T18:15:10.682825+00:00'
[2024-11-25T18:15:22.035+0000] {taskinstance.py:731} INFO - ::endgroup::
[2024-11-25T18:15:22.098+0000] {logging_mixin.py:190} INFO - Fetching data from 2024-01-25 to 2024-11-25
[2024-11-25T18:15:27.389+0000] {_universal.py:506} INFO - Request URL: 'https://eqdatastorage.blob.core.windows.net/staging-data/temp-json'
Request method: 'PUT'
Request headers:
    'Content-Length': '8685670'
    'x-ms-blob-type': 'REDACTED'
    'x-ms-version': 'REDACTED'
    'Content-Type': 'application/octet-stream'
    'Accept': 'application/xml'
    'User-Agent': 'azsdk-python-storage-blob/12.24.0 Python/3.12.7 (Linux-5.15.153.1-microsoft-standard-WSL2-x86_64-with-glibc2.36)'
    'x-ms-date': 'REDACTED'
    'x-ms-client-request-id': '3f47c11c-ab59-11ef-806c-0242ac120004'
    'Authorization': 'REDACTED'
A body is sent with the request
[2024-11-25T18:16:08.191+0000] {_universal.py:506} INFO - Request URL: 'https://eqdatastorage.blob.core.windows.net/staging-data/temp-json'
Request method: 'PUT'
Request headers:
    'Content-Length': '8685670'
    'x-ms-blob-type': 'REDACTED'
    'x-ms-version': 'REDACTED'
    'Content-Type': 'application/octet-stream'
    'Accept': 'application/xml'
    'User-Agent': 'azsdk-python-storage-blob/12.24.0 Python/3.12.7 (Linux-5.15.153.1-microsoft-standard-WSL2-x86_64-with-glibc2.36)'
    'x-ms-date': 'REDACTED'
    'x-ms-client-request-id': '5799b824-ab59-11ef-806c-0242ac120004'
    'Authorization': 'REDACTED'
A body is sent with the request
[2024-11-25T18:16:48.916+0000] {_universal.py:545} INFO - Response status: 201
Response headers:
    'Content-Length': '0'
    'Content-MD5': 'REDACTED'
    'Last-Modified': 'Mon, 25 Nov 2024 18:16:32 GMT'
    'ETag': '"0x8DD0D7D4A57689C"'
    'Server': 'Windows-Azure-Blob/1.0 Microsoft-HTTPAPI/2.0'
    'x-ms-request-id': 'ce1b5de9-701e-00cb-1866-3fc0a7000000'
    'x-ms-client-request-id': '5799b824-ab59-11ef-806c-0242ac120004'
    'x-ms-version': 'REDACTED'
    'x-ms-content-crc64': 'REDACTED'
    'x-ms-request-server-encrypted': 'REDACTED'
    'Date': 'Mon, 25 Nov 2024 18:16:32 GMT'
[2024-11-25T18:16:48.920+0000] {python.py:240} INFO - Done. Returned value was: None
[2024-11-25T18:16:49.005+0000] {taskinstance.py:340} INFO - ::group::Post task execution logs
[2024-11-25T18:16:49.007+0000] {taskinstance.py:352} INFO - Marking task as SUCCESS. dag_id=etlDagV15, task_id=fetchData, run_id=manual__2024-11-25T18:15:10.682825+00:00, execution_date=20241125T181510, start_date=20241125T181521, end_date=20241125T181649
[2024-11-25T18:16:49.021+0000] {job.py:229} INFO - Heartbeat recovered after 16.60 seconds
[2024-11-25T18:16:49.158+0000] {local_task_job_runner.py:266} INFO - Task exited with return code 0
[2024-11-25T18:16:49.254+0000] {taskinstance.py:3895} INFO - 1 downstream tasks scheduled from follow-on schedule check
[2024-11-25T18:16:49.262+0000] {local_task_job_runner.py:245} INFO - ::endgroup::
