[2024-11-25T17:17:57.333+0000] {local_task_job_runner.py:123} INFO - ::group::Pre task execution logs
[2024-11-25T17:17:57.360+0000] {taskinstance.py:2613} INFO - Dependencies all met for dep_context=non-requeueable deps ti=<TaskInstance: etl_PipelineV2.fetchData scheduled__2024-11-25T16:00:00+00:00 [queued]>
[2024-11-25T17:17:57.376+0000] {taskinstance.py:2613} INFO - Dependencies all met for dep_context=requeueable deps ti=<TaskInstance: etl_PipelineV2.fetchData scheduled__2024-11-25T16:00:00+00:00 [queued]>
[2024-11-25T17:17:57.377+0000] {taskinstance.py:2866} INFO - Starting attempt 1 of 4
[2024-11-25T17:17:57.404+0000] {taskinstance.py:2889} INFO - Executing <Task(PythonOperator): fetchData> on 2024-11-25 16:00:00+00:00
[2024-11-25T17:17:57.426+0000] {standard_task_runner.py:104} INFO - Running: ['***', 'tasks', 'run', 'etl_PipelineV2', 'fetchData', 'scheduled__2024-11-25T16:00:00+00:00', '--job-id', '37', '--raw', '--subdir', 'DAGS_FOLDER/etlDag.py', '--cfg-path', '/tmp/tmph2lxmwou']
[2024-11-25T17:17:57.427+0000] {logging_mixin.py:190} WARNING - /home/***/.local/lib/python3.12/site-packages/***/task/task_runner/standard_task_runner.py:70 DeprecationWarning: This process (pid=2735) is multi-threaded, use of fork() may lead to deadlocks in the child.
[2024-11-25T17:17:57.431+0000] {standard_task_runner.py:105} INFO - Job 37: Subtask fetchData
[2024-11-25T17:17:57.432+0000] {standard_task_runner.py:72} INFO - Started process 2745 to run task
[2024-11-25T17:17:57.548+0000] {task_command.py:467} INFO - Running <TaskInstance: etl_PipelineV2.fetchData scheduled__2024-11-25T16:00:00+00:00 [running]> on host 8bc87a2683b7
[2024-11-25T17:17:57.709+0000] {taskinstance.py:3132} INFO - Exporting env vars: AIRFLOW_CTX_DAG_OWNER='Oshith Roshantha' AIRFLOW_CTX_DAG_ID='etl_PipelineV2' AIRFLOW_CTX_TASK_ID='fetchData' AIRFLOW_CTX_EXECUTION_DATE='2024-11-25T16:00:00+00:00' AIRFLOW_CTX_TRY_NUMBER='1' AIRFLOW_CTX_DAG_RUN_ID='scheduled__2024-11-25T16:00:00+00:00'
[2024-11-25T17:17:57.710+0000] {taskinstance.py:731} INFO - ::endgroup::
[2024-11-25T17:17:57.744+0000] {logging_mixin.py:190} INFO - Fetching data from 2024-11-25T15:00:00 to 2024-11-25T16:00:00
[2024-11-25T17:17:59.045+0000] {_universal.py:506} INFO - Request URL: 'https://eqdatastorage.blob.core.windows.net/staging-data/temp-json'
Request method: 'PUT'
Request headers:
    'Content-Length': '2713'
    'x-ms-blob-type': 'REDACTED'
    'x-ms-version': 'REDACTED'
    'Content-Type': 'application/octet-stream'
    'Accept': 'application/xml'
    'User-Agent': 'azsdk-python-storage-blob/12.24.0 Python/3.12.7 (Linux-5.15.153.1-microsoft-standard-WSL2-x86_64-with-glibc2.36)'
    'x-ms-date': 'REDACTED'
    'x-ms-client-request-id': '37e86230-ab51-11ef-8763-0242ac120004'
    'Authorization': 'REDACTED'
A body is sent with the request
[2024-11-25T17:18:00.525+0000] {_universal.py:545} INFO - Response status: 201
Response headers:
    'Content-Length': '0'
    'Content-MD5': 'REDACTED'
    'Last-Modified': 'Mon, 25 Nov 2024 17:18:01 GMT'
    'ETag': '"0x8DD0D751DA7E4E8"'
    'Server': 'Windows-Azure-Blob/1.0 Microsoft-HTTPAPI/2.0'
    'x-ms-request-id': 'db6eb1f3-301e-004f-445d-3f968f000000'
    'x-ms-client-request-id': '37e86230-ab51-11ef-8763-0242ac120004'
    'x-ms-version': 'REDACTED'
    'x-ms-content-crc64': 'REDACTED'
    'x-ms-request-server-encrypted': 'REDACTED'
    'Date': 'Mon, 25 Nov 2024 17:18:01 GMT'
[2024-11-25T17:18:00.527+0000] {python.py:240} INFO - Done. Returned value was: None
[2024-11-25T17:18:00.543+0000] {taskinstance.py:340} INFO - ::group::Post task execution logs
[2024-11-25T17:18:00.544+0000] {taskinstance.py:352} INFO - Marking task as SUCCESS. dag_id=etl_PipelineV2, task_id=fetchData, run_id=scheduled__2024-11-25T16:00:00+00:00, execution_date=20241125T160000, start_date=20241125T171757, end_date=20241125T171800
[2024-11-25T17:18:02.073+0000] {local_task_job_runner.py:266} INFO - Task exited with return code 0
[2024-11-25T17:18:02.129+0000] {taskinstance.py:3895} INFO - 1 downstream tasks scheduled from follow-on schedule check
[2024-11-25T17:18:02.134+0000] {local_task_job_runner.py:245} INFO - ::endgroup::
