[2024-11-25T18:11:27.445+0000] {local_task_job_runner.py:123} INFO - ::group::Pre task execution logs
[2024-11-25T18:11:27.528+0000] {taskinstance.py:2613} INFO - Dependencies all met for dep_context=non-requeueable deps ti=<TaskInstance: etlDagV13.transformData scheduled__2024-11-25T17:00:00+00:00 [queued]>
[2024-11-25T18:11:27.556+0000] {taskinstance.py:2613} INFO - Dependencies all met for dep_context=requeueable deps ti=<TaskInstance: etlDagV13.transformData scheduled__2024-11-25T17:00:00+00:00 [queued]>
[2024-11-25T18:11:27.562+0000] {taskinstance.py:2866} INFO - Starting attempt 1 of 4
[2024-11-25T18:11:27.652+0000] {taskinstance.py:2889} INFO - Executing <Task(PythonOperator): transformData> on 2024-11-25 17:00:00+00:00
[2024-11-25T18:11:27.708+0000] {standard_task_runner.py:104} INFO - Running: ['***', 'tasks', 'run', 'etlDagV13', 'transformData', 'scheduled__2024-11-25T17:00:00+00:00', '--job-id', '92', '--raw', '--subdir', 'DAGS_FOLDER/etlDag.py', '--cfg-path', '/tmp/tmpxcke4p_g']
[2024-11-25T18:11:27.705+0000] {logging_mixin.py:190} WARNING - /home/***/.local/lib/python3.12/site-packages/***/task/task_runner/standard_task_runner.py:70 DeprecationWarning: This process (pid=6550) is multi-threaded, use of fork() may lead to deadlocks in the child.
[2024-11-25T18:11:27.721+0000] {standard_task_runner.py:72} INFO - Started process 6560 to run task
[2024-11-25T18:11:27.717+0000] {standard_task_runner.py:105} INFO - Job 92: Subtask transformData
[2024-11-25T18:11:27.909+0000] {task_command.py:467} INFO - Running <TaskInstance: etlDagV13.transformData scheduled__2024-11-25T17:00:00+00:00 [running]> on host 8bc87a2683b7
[2024-11-25T18:11:28.186+0000] {taskinstance.py:3132} INFO - Exporting env vars: AIRFLOW_CTX_DAG_OWNER='Oshith Roshantha' AIRFLOW_CTX_DAG_ID='etlDagV13' AIRFLOW_CTX_TASK_ID='transformData' AIRFLOW_CTX_EXECUTION_DATE='2024-11-25T17:00:00+00:00' AIRFLOW_CTX_TRY_NUMBER='1' AIRFLOW_CTX_DAG_RUN_ID='scheduled__2024-11-25T17:00:00+00:00'
[2024-11-25T18:11:28.189+0000] {taskinstance.py:731} INFO - ::endgroup::
[2024-11-25T18:11:28.242+0000] {_universal.py:509} INFO - Request URL: 'https://eqdatastorage.blob.core.windows.net/staging-data/cleaned-data.parquet'
Request method: 'GET'
Request headers:
    'x-ms-range': 'REDACTED'
    'x-ms-version': 'REDACTED'
    'Accept': 'application/xml'
    'User-Agent': 'azsdk-python-storage-blob/12.24.0 Python/3.12.7 (Linux-5.15.153.1-microsoft-standard-WSL2-x86_64-with-glibc2.36)'
    'x-ms-date': 'REDACTED'
    'x-ms-client-request-id': 'b0bcca14-ab58-11ef-9ce6-0242ac120004'
    'Authorization': 'REDACTED'
No body was attached to the request
[2024-11-25T18:11:29.495+0000] {_universal.py:545} INFO - Response status: 206
Response headers:
    'Content-Length': '7643'
    'Content-Type': 'application/octet-stream'
    'Content-Range': 'REDACTED'
    'Last-Modified': 'Mon, 25 Nov 2024 18:11:22 GMT'
    'Accept-Ranges': 'REDACTED'
    'ETag': '"0x8DD0D7C915B8370"'
    'Server': 'Windows-Azure-Blob/1.0 Microsoft-HTTPAPI/2.0'
    'x-ms-request-id': 'b599fc0b-701e-00e9-3365-3fae91000000'
    'x-ms-client-request-id': 'b0bcca14-ab58-11ef-9ce6-0242ac120004'
    'x-ms-version': 'REDACTED'
    'x-ms-resource-type': 'REDACTED'
    'x-ms-creation-time': 'REDACTED'
    'x-ms-blob-content-md5': 'REDACTED'
    'x-ms-lease-status': 'REDACTED'
    'x-ms-lease-state': 'REDACTED'
    'x-ms-blob-type': 'REDACTED'
    'x-ms-server-encrypted': 'REDACTED'
    'x-ms-owner': 'REDACTED'
    'x-ms-group': 'REDACTED'
    'x-ms-permissions': 'REDACTED'
    'x-ms-acl': 'REDACTED'
    'Date': 'Mon, 25 Nov 2024 18:11:29 GMT'
[2024-11-25T18:11:29.626+0000] {_universal.py:506} INFO - Request URL: 'https://eqdatastorage.blob.core.windows.net/staging-data/transform-data.parquet'
Request method: 'PUT'
Request headers:
    'Content-Length': '10808'
    'x-ms-blob-type': 'REDACTED'
    'x-ms-version': 'REDACTED'
    'Content-Type': 'application/octet-stream'
    'Accept': 'application/xml'
    'User-Agent': 'azsdk-python-storage-blob/12.24.0 Python/3.12.7 (Linux-5.15.153.1-microsoft-standard-WSL2-x86_64-with-glibc2.36)'
    'x-ms-date': 'REDACTED'
    'x-ms-client-request-id': 'b1903192-ab58-11ef-9ce6-0242ac120004'
    'Authorization': 'REDACTED'
A body is sent with the request
[2024-11-25T18:11:29.984+0000] {_universal.py:545} INFO - Response status: 201
Response headers:
    'Content-Length': '0'
    'Content-MD5': 'REDACTED'
    'Last-Modified': 'Mon, 25 Nov 2024 18:11:31 GMT'
    'ETag': '"0x8DD0D7C96AA5E48"'
    'Server': 'Windows-Azure-Blob/1.0 Microsoft-HTTPAPI/2.0'
    'x-ms-request-id': 'b599fd27-701e-00e9-3965-3fae91000000'
    'x-ms-client-request-id': 'b1903192-ab58-11ef-9ce6-0242ac120004'
    'x-ms-version': 'REDACTED'
    'x-ms-content-crc64': 'REDACTED'
    'x-ms-request-server-encrypted': 'REDACTED'
    'Date': 'Mon, 25 Nov 2024 18:11:30 GMT'
[2024-11-25T18:11:29.985+0000] {python.py:240} INFO - Done. Returned value was: None
[2024-11-25T18:11:29.999+0000] {taskinstance.py:340} INFO - ::group::Post task execution logs
[2024-11-25T18:11:30.000+0000] {taskinstance.py:352} INFO - Marking task as SUCCESS. dag_id=etlDagV13, task_id=transformData, run_id=scheduled__2024-11-25T17:00:00+00:00, execution_date=20241125T170000, start_date=20241125T181127, end_date=20241125T181130
[2024-11-25T18:11:30.037+0000] {local_task_job_runner.py:266} INFO - Task exited with return code 0
[2024-11-25T18:11:30.063+0000] {taskinstance.py:3895} INFO - 1 downstream tasks scheduled from follow-on schedule check
[2024-11-25T18:11:30.067+0000] {local_task_job_runner.py:245} INFO - ::endgroup::
