[2024-11-25T18:13:00.936+0000] {local_task_job_runner.py:123} INFO - ::group::Pre task execution logs
[2024-11-25T18:13:00.965+0000] {taskinstance.py:2613} INFO - Dependencies all met for dep_context=non-requeueable deps ti=<TaskInstance: etlDagV15.preprocessData scheduled__2024-11-25T17:00:00+00:00 [queued]>
[2024-11-25T18:13:00.980+0000] {taskinstance.py:2613} INFO - Dependencies all met for dep_context=requeueable deps ti=<TaskInstance: etlDagV15.preprocessData scheduled__2024-11-25T17:00:00+00:00 [queued]>
[2024-11-25T18:13:00.981+0000] {taskinstance.py:2866} INFO - Starting attempt 1 of 4
[2024-11-25T18:13:01.002+0000] {taskinstance.py:2889} INFO - Executing <Task(PythonOperator): preprocessData> on 2024-11-25 17:00:00+00:00
[2024-11-25T18:13:01.019+0000] {logging_mixin.py:190} WARNING - /home/***/.local/lib/python3.12/site-packages/***/task/task_runner/standard_task_runner.py:70 DeprecationWarning: This process (pid=6684) is multi-threaded, use of fork() may lead to deadlocks in the child.
[2024-11-25T18:13:01.018+0000] {standard_task_runner.py:104} INFO - Running: ['***', 'tasks', 'run', 'etlDagV15', 'preprocessData', 'scheduled__2024-11-25T17:00:00+00:00', '--job-id', '95', '--raw', '--subdir', 'DAGS_FOLDER/etlDag.py', '--cfg-path', '/tmp/tmpk3t66g1o']
[2024-11-25T18:13:01.022+0000] {standard_task_runner.py:72} INFO - Started process 6694 to run task
[2024-11-25T18:13:01.024+0000] {standard_task_runner.py:105} INFO - Job 95: Subtask preprocessData
[2024-11-25T18:13:01.095+0000] {task_command.py:467} INFO - Running <TaskInstance: etlDagV15.preprocessData scheduled__2024-11-25T17:00:00+00:00 [running]> on host 8bc87a2683b7
[2024-11-25T18:13:01.213+0000] {taskinstance.py:3132} INFO - Exporting env vars: AIRFLOW_CTX_DAG_OWNER='Oshith Roshantha' AIRFLOW_CTX_DAG_ID='etlDagV15' AIRFLOW_CTX_TASK_ID='preprocessData' AIRFLOW_CTX_EXECUTION_DATE='2024-11-25T17:00:00+00:00' AIRFLOW_CTX_TRY_NUMBER='1' AIRFLOW_CTX_DAG_RUN_ID='scheduled__2024-11-25T17:00:00+00:00'
[2024-11-25T18:13:01.216+0000] {taskinstance.py:731} INFO - ::endgroup::
[2024-11-25T18:13:01.250+0000] {_universal.py:509} INFO - Request URL: 'https://eqdatastorage.blob.core.windows.net/staging-data/temp-json'
Request method: 'GET'
Request headers:
    'x-ms-range': 'REDACTED'
    'x-ms-version': 'REDACTED'
    'Accept': 'application/xml'
    'User-Agent': 'azsdk-python-storage-blob/12.24.0 Python/3.12.7 (Linux-5.15.153.1-microsoft-standard-WSL2-x86_64-with-glibc2.36)'
    'x-ms-date': 'REDACTED'
    'x-ms-client-request-id': 'e82cbe46-ab58-11ef-8c2c-0242ac120004'
    'Authorization': 'REDACTED'
No body was attached to the request
[2024-11-25T18:13:02.420+0000] {_universal.py:545} INFO - Response status: 206
Response headers:
    'Content-Length': '315'
    'Content-Type': 'application/octet-stream'
    'Content-Range': 'REDACTED'
    'Last-Modified': 'Mon, 25 Nov 2024 18:06:45 GMT'
    'Accept-Ranges': 'REDACTED'
    'ETag': '"0x8DD0D7BEC573BC0"'
    'Server': 'Windows-Azure-Blob/1.0 Microsoft-HTTPAPI/2.0'
    'x-ms-request-id': '49687836-a01e-0027-5f65-3fc8de000000'
    'x-ms-client-request-id': 'e82cbe46-ab58-11ef-8c2c-0242ac120004'
    'x-ms-version': 'REDACTED'
    'x-ms-resource-type': 'REDACTED'
    'x-ms-creation-time': 'REDACTED'
    'x-ms-blob-content-md5': 'REDACTED'
    'x-ms-lease-status': 'REDACTED'
    'x-ms-lease-state': 'REDACTED'
    'x-ms-blob-type': 'REDACTED'
    'x-ms-server-encrypted': 'REDACTED'
    'x-ms-owner': 'REDACTED'
    'x-ms-group': 'REDACTED'
    'x-ms-permissions': 'REDACTED'
    'x-ms-acl': 'REDACTED'
    'Date': 'Mon, 25 Nov 2024 18:13:03 GMT'
[2024-11-25T18:13:02.434+0000] {_universal.py:509} INFO - Request URL: 'https://eqdatastorage.blob.core.windows.net/staging-data/cleaned-data.parquet'
Request method: 'GET'
Request headers:
    'x-ms-range': 'REDACTED'
    'x-ms-version': 'REDACTED'
    'Accept': 'application/xml'
    'User-Agent': 'azsdk-python-storage-blob/12.24.0 Python/3.12.7 (Linux-5.15.153.1-microsoft-standard-WSL2-x86_64-with-glibc2.36)'
    'x-ms-date': 'REDACTED'
    'x-ms-client-request-id': 'e8e182a4-ab58-11ef-8c2c-0242ac120004'
    'Authorization': 'REDACTED'
No body was attached to the request
[2024-11-25T18:13:02.732+0000] {_universal.py:545} INFO - Response status: 206
Response headers:
    'Content-Length': '7643'
    'Content-Type': 'application/octet-stream'
    'Content-Range': 'REDACTED'
    'Last-Modified': 'Mon, 25 Nov 2024 18:11:22 GMT'
    'Accept-Ranges': 'REDACTED'
    'ETag': '"0x8DD0D7C915B8370"'
    'Server': 'Windows-Azure-Blob/1.0 Microsoft-HTTPAPI/2.0'
    'x-ms-request-id': '49687917-a01e-0027-2e65-3fc8de000000'
    'x-ms-client-request-id': 'e8e182a4-ab58-11ef-8c2c-0242ac120004'
    'x-ms-version': 'REDACTED'
    'x-ms-resource-type': 'REDACTED'
    'x-ms-creation-time': 'REDACTED'
    'x-ms-blob-content-md5': 'REDACTED'
    'x-ms-lease-status': 'REDACTED'
    'x-ms-lease-state': 'REDACTED'
    'x-ms-blob-type': 'REDACTED'
    'x-ms-server-encrypted': 'REDACTED'
    'x-ms-owner': 'REDACTED'
    'x-ms-group': 'REDACTED'
    'x-ms-permissions': 'REDACTED'
    'x-ms-acl': 'REDACTED'
    'Date': 'Mon, 25 Nov 2024 18:13:03 GMT'
[2024-11-25T18:13:02.800+0000] {_universal.py:506} INFO - Request URL: 'https://eqdatastorage.blob.core.windows.net/staging-data/cleaned-data.parquet'
Request method: 'PUT'
Request headers:
    'Content-Length': '7643'
    'x-ms-blob-type': 'REDACTED'
    'x-ms-version': 'REDACTED'
    'Content-Type': 'application/octet-stream'
    'Accept': 'application/xml'
    'User-Agent': 'azsdk-python-storage-blob/12.24.0 Python/3.12.7 (Linux-5.15.153.1-microsoft-standard-WSL2-x86_64-with-glibc2.36)'
    'x-ms-date': 'REDACTED'
    'x-ms-client-request-id': 'e9195a12-ab58-11ef-8c2c-0242ac120004'
    'Authorization': 'REDACTED'
A body is sent with the request
[2024-11-25T18:13:03.109+0000] {_universal.py:545} INFO - Response status: 201
Response headers:
    'Content-Length': '0'
    'Content-MD5': 'REDACTED'
    'Last-Modified': 'Mon, 25 Nov 2024 18:13:04 GMT'
    'ETag': '"0x8DD0D7CCE2A10C8"'
    'Server': 'Windows-Azure-Blob/1.0 Microsoft-HTTPAPI/2.0'
    'x-ms-request-id': '496879e7-a01e-0027-7565-3fc8de000000'
    'x-ms-client-request-id': 'e9195a12-ab58-11ef-8c2c-0242ac120004'
    'x-ms-version': 'REDACTED'
    'x-ms-content-crc64': 'REDACTED'
    'x-ms-request-server-encrypted': 'REDACTED'
    'Date': 'Mon, 25 Nov 2024 18:13:03 GMT'
[2024-11-25T18:13:03.110+0000] {python.py:240} INFO - Done. Returned value was: None
[2024-11-25T18:13:03.125+0000] {taskinstance.py:340} INFO - ::group::Post task execution logs
[2024-11-25T18:13:03.125+0000] {taskinstance.py:352} INFO - Marking task as SUCCESS. dag_id=etlDagV15, task_id=preprocessData, run_id=scheduled__2024-11-25T17:00:00+00:00, execution_date=20241125T170000, start_date=20241125T181300, end_date=20241125T181303
[2024-11-25T18:13:03.175+0000] {local_task_job_runner.py:266} INFO - Task exited with return code 0
[2024-11-25T18:13:03.208+0000] {taskinstance.py:3895} INFO - 1 downstream tasks scheduled from follow-on schedule check
[2024-11-25T18:13:03.212+0000] {local_task_job_runner.py:245} INFO - ::endgroup::
