[2024-11-25T18:11:13.764+0000] {local_task_job_runner.py:123} INFO - ::group::Pre task execution logs
[2024-11-25T18:11:13.792+0000] {taskinstance.py:2613} INFO - Dependencies all met for dep_context=non-requeueable deps ti=<TaskInstance: etlDagV13.fetchData scheduled__2024-11-25T17:00:00+00:00 [queued]>
[2024-11-25T18:11:13.809+0000] {taskinstance.py:2613} INFO - Dependencies all met for dep_context=requeueable deps ti=<TaskInstance: etlDagV13.fetchData scheduled__2024-11-25T17:00:00+00:00 [queued]>
[2024-11-25T18:11:13.810+0000] {taskinstance.py:2866} INFO - Starting attempt 1 of 4
[2024-11-25T18:11:13.832+0000] {taskinstance.py:2889} INFO - Executing <Task(PythonOperator): fetchData> on 2024-11-25 17:00:00+00:00
[2024-11-25T18:11:13.867+0000] {logging_mixin.py:190} WARNING - /home/***/.local/lib/python3.12/site-packages/***/task/task_runner/standard_task_runner.py:70 DeprecationWarning: This process (pid=6515) is multi-threaded, use of fork() may lead to deadlocks in the child.
[2024-11-25T18:11:13.867+0000] {standard_task_runner.py:104} INFO - Running: ['***', 'tasks', 'run', 'etlDagV13', 'fetchData', 'scheduled__2024-11-25T17:00:00+00:00', '--job-id', '90', '--raw', '--subdir', 'DAGS_FOLDER/etlDag.py', '--cfg-path', '/tmp/tmppe1gtley']
[2024-11-25T18:11:13.870+0000] {standard_task_runner.py:72} INFO - Started process 6527 to run task
[2024-11-25T18:11:13.871+0000] {standard_task_runner.py:105} INFO - Job 90: Subtask fetchData
[2024-11-25T18:11:13.972+0000] {task_command.py:467} INFO - Running <TaskInstance: etlDagV13.fetchData scheduled__2024-11-25T17:00:00+00:00 [running]> on host 8bc87a2683b7
[2024-11-25T18:11:14.140+0000] {taskinstance.py:3132} INFO - Exporting env vars: AIRFLOW_CTX_DAG_OWNER='Oshith Roshantha' AIRFLOW_CTX_DAG_ID='etlDagV13' AIRFLOW_CTX_TASK_ID='fetchData' AIRFLOW_CTX_EXECUTION_DATE='2024-11-25T17:00:00+00:00' AIRFLOW_CTX_TRY_NUMBER='1' AIRFLOW_CTX_DAG_RUN_ID='scheduled__2024-11-25T17:00:00+00:00'
[2024-11-25T18:11:14.142+0000] {taskinstance.py:731} INFO - ::endgroup::
[2024-11-25T18:11:14.174+0000] {logging_mixin.py:190} INFO - Fetching data from 2022-11-25T00:00:00 to 2024-11-25TT00:00:00
[2024-11-25T18:11:15.107+0000] {logging_mixin.py:190} INFO - Unable to fetch data
[2024-11-25T18:11:15.109+0000] {python.py:240} INFO - Done. Returned value was: None
[2024-11-25T18:11:15.130+0000] {taskinstance.py:340} INFO - ::group::Post task execution logs
[2024-11-25T18:11:15.132+0000] {taskinstance.py:352} INFO - Marking task as SUCCESS. dag_id=etlDagV13, task_id=fetchData, run_id=scheduled__2024-11-25T17:00:00+00:00, execution_date=20241125T170000, start_date=20241125T181113, end_date=20241125T181115
[2024-11-25T18:11:15.174+0000] {local_task_job_runner.py:266} INFO - Task exited with return code 0
[2024-11-25T18:11:15.218+0000] {taskinstance.py:3895} INFO - 1 downstream tasks scheduled from follow-on schedule check
[2024-11-25T18:11:15.222+0000] {local_task_job_runner.py:245} INFO - ::endgroup::
