[2024-11-25T17:06:35.654+0000] {local_task_job_runner.py:123} INFO - ::group::Pre task execution logs
[2024-11-25T17:06:35.689+0000] {taskinstance.py:2613} INFO - Dependencies all met for dep_context=non-requeueable deps ti=<TaskInstance: etl_PipelineV5.transformData scheduled__2024-11-24T00:00:00+00:00 [queued]>
[2024-11-25T17:06:35.710+0000] {taskinstance.py:2613} INFO - Dependencies all met for dep_context=requeueable deps ti=<TaskInstance: etl_PipelineV5.transformData scheduled__2024-11-24T00:00:00+00:00 [queued]>
[2024-11-25T17:06:35.711+0000] {taskinstance.py:2866} INFO - Starting attempt 1 of 4
[2024-11-25T17:06:35.742+0000] {taskinstance.py:2889} INFO - Executing <Task(PythonOperator): transformData> on 2024-11-24 00:00:00+00:00
[2024-11-25T17:06:35.765+0000] {logging_mixin.py:190} WARNING - /home/***/.local/lib/python3.12/site-packages/***/task/task_runner/standard_task_runner.py:70 DeprecationWarning: This process (pid=2111) is multi-threaded, use of fork() may lead to deadlocks in the child.
[2024-11-25T17:06:35.768+0000] {standard_task_runner.py:72} INFO - Started process 2132 to run task
[2024-11-25T17:06:35.763+0000] {standard_task_runner.py:104} INFO - Running: ['***', 'tasks', 'run', 'etl_PipelineV5', 'transformData', 'scheduled__2024-11-24T00:00:00+00:00', '--job-id', '30', '--raw', '--subdir', 'DAGS_FOLDER/etlDag.py', '--cfg-path', '/tmp/tmpz0oho3e1']
[2024-11-25T17:06:35.771+0000] {standard_task_runner.py:105} INFO - Job 30: Subtask transformData
[2024-11-25T17:06:35.901+0000] {task_command.py:467} INFO - Running <TaskInstance: etl_PipelineV5.transformData scheduled__2024-11-24T00:00:00+00:00 [running]> on host 8bc87a2683b7
[2024-11-25T17:06:36.096+0000] {taskinstance.py:3132} INFO - Exporting env vars: AIRFLOW_CTX_DAG_OWNER='Oshith Roshantha' AIRFLOW_CTX_DAG_ID='etl_PipelineV5' AIRFLOW_CTX_TASK_ID='transformData' AIRFLOW_CTX_EXECUTION_DATE='2024-11-24T00:00:00+00:00' AIRFLOW_CTX_TRY_NUMBER='1' AIRFLOW_CTX_DAG_RUN_ID='scheduled__2024-11-24T00:00:00+00:00'
[2024-11-25T17:06:36.099+0000] {taskinstance.py:731} INFO - ::endgroup::
[2024-11-25T17:06:36.136+0000] {_universal.py:509} INFO - Request URL: 'https://eqdatastorage.blob.core.windows.net/staging-data/cleaned-data.parquet'
Request method: 'GET'
Request headers:
    'x-ms-range': 'REDACTED'
    'x-ms-version': 'REDACTED'
    'Accept': 'application/xml'
    'User-Agent': 'azsdk-python-storage-blob/12.24.0 Python/3.12.7 (Linux-5.15.153.1-microsoft-standard-WSL2-x86_64-with-glibc2.36)'
    'x-ms-date': 'REDACTED'
    'x-ms-client-request-id': 'a0dc878c-ab4f-11ef-b01e-0242ac120004'
    'Authorization': 'REDACTED'
No body was attached to the request
[2024-11-25T17:06:37.390+0000] {_universal.py:545} INFO - Response status: 206
Response headers:
    'Content-Length': '9403'
    'Content-Type': 'application/octet-stream'
    'Content-Range': 'REDACTED'
    'Last-Modified': 'Mon, 25 Nov 2024 17:06:33 GMT'
    'Accept-Ranges': 'REDACTED'
    'ETag': '"0x8DD0D738377679C"'
    'Server': 'Windows-Azure-Blob/1.0 Microsoft-HTTPAPI/2.0'
    'x-ms-request-id': '4949384a-a01e-0027-465c-3fc8de000000'
    'x-ms-client-request-id': 'a0dc878c-ab4f-11ef-b01e-0242ac120004'
    'x-ms-version': 'REDACTED'
    'x-ms-resource-type': 'REDACTED'
    'x-ms-creation-time': 'REDACTED'
    'x-ms-blob-content-md5': 'REDACTED'
    'x-ms-lease-status': 'REDACTED'
    'x-ms-lease-state': 'REDACTED'
    'x-ms-blob-type': 'REDACTED'
    'x-ms-server-encrypted': 'REDACTED'
    'x-ms-owner': 'REDACTED'
    'x-ms-group': 'REDACTED'
    'x-ms-permissions': 'REDACTED'
    'x-ms-acl': 'REDACTED'
    'Date': 'Mon, 25 Nov 2024 17:06:37 GMT'
[2024-11-25T17:06:37.541+0000] {_universal.py:506} INFO - Request URL: 'https://eqdatastorage.blob.core.windows.net/staging-data/transform-data.parquet'
Request method: 'PUT'
Request headers:
    'Content-Length': '29426'
    'x-ms-blob-type': 'REDACTED'
    'x-ms-version': 'REDACTED'
    'Content-Type': 'application/octet-stream'
    'Accept': 'application/xml'
    'User-Agent': 'azsdk-python-storage-blob/12.24.0 Python/3.12.7 (Linux-5.15.153.1-microsoft-standard-WSL2-x86_64-with-glibc2.36)'
    'x-ms-date': 'REDACTED'
    'x-ms-client-request-id': 'a1b31216-ab4f-11ef-b01e-0242ac120004'
    'Authorization': 'REDACTED'
A body is sent with the request
[2024-11-25T17:06:38.390+0000] {_universal.py:545} INFO - Response status: 201
Response headers:
    'Content-Length': '0'
    'Content-MD5': 'REDACTED'
    'Last-Modified': 'Mon, 25 Nov 2024 17:06:39 GMT'
    'ETag': '"0x8DD0D738713DD48"'
    'Server': 'Windows-Azure-Blob/1.0 Microsoft-HTTPAPI/2.0'
    'x-ms-request-id': '49493a28-a01e-0027-7b5c-3fc8de000000'
    'x-ms-client-request-id': 'a1b31216-ab4f-11ef-b01e-0242ac120004'
    'x-ms-version': 'REDACTED'
    'x-ms-content-crc64': 'REDACTED'
    'x-ms-request-server-encrypted': 'REDACTED'
    'Date': 'Mon, 25 Nov 2024 17:06:38 GMT'
[2024-11-25T17:06:38.393+0000] {python.py:240} INFO - Done. Returned value was: None
[2024-11-25T17:06:38.406+0000] {taskinstance.py:340} INFO - ::group::Post task execution logs
[2024-11-25T17:06:38.407+0000] {taskinstance.py:352} INFO - Marking task as SUCCESS. dag_id=etl_PipelineV5, task_id=transformData, run_id=scheduled__2024-11-24T00:00:00+00:00, execution_date=20241124T000000, start_date=20241125T170635, end_date=20241125T170638
[2024-11-25T17:06:38.444+0000] {local_task_job_runner.py:266} INFO - Task exited with return code 0
[2024-11-25T17:06:38.472+0000] {taskinstance.py:3895} INFO - 1 downstream tasks scheduled from follow-on schedule check
[2024-11-25T17:06:38.476+0000] {local_task_job_runner.py:245} INFO - ::endgroup::
