[2024-11-25T17:06:20.789+0000] {local_task_job_runner.py:123} INFO - ::group::Pre task execution logs
[2024-11-25T17:06:20.836+0000] {taskinstance.py:2613} INFO - Dependencies all met for dep_context=non-requeueable deps ti=<TaskInstance: etl_PipelineV5.fetchData scheduled__2024-11-24T00:00:00+00:00 [queued]>
[2024-11-25T17:06:20.859+0000] {taskinstance.py:2613} INFO - Dependencies all met for dep_context=requeueable deps ti=<TaskInstance: etl_PipelineV5.fetchData scheduled__2024-11-24T00:00:00+00:00 [queued]>
[2024-11-25T17:06:20.861+0000] {taskinstance.py:2866} INFO - Starting attempt 1 of 4
[2024-11-25T17:06:20.906+0000] {taskinstance.py:2889} INFO - Executing <Task(PythonOperator): fetchData> on 2024-11-24 00:00:00+00:00
[2024-11-25T17:06:21.027+0000] {standard_task_runner.py:104} INFO - Running: ['***', 'tasks', 'run', 'etl_PipelineV5', 'fetchData', 'scheduled__2024-11-24T00:00:00+00:00', '--job-id', '26', '--raw', '--subdir', 'DAGS_FOLDER/etlDag.py', '--cfg-path', '/tmp/tmp2a2mul47']
[2024-11-25T17:06:21.041+0000] {standard_task_runner.py:105} INFO - Job 26: Subtask fetchData
[2024-11-25T17:06:21.063+0000] {logging_mixin.py:190} WARNING - /home/***/.local/lib/python3.12/site-packages/***/task/task_runner/standard_task_runner.py:70 DeprecationWarning: This process (pid=2061) is multi-threaded, use of fork() may lead to deadlocks in the child.
[2024-11-25T17:06:21.072+0000] {standard_task_runner.py:72} INFO - Started process 2084 to run task
[2024-11-25T17:06:21.310+0000] {task_command.py:467} INFO - Running <TaskInstance: etl_PipelineV5.fetchData scheduled__2024-11-24T00:00:00+00:00 [running]> on host 8bc87a2683b7
[2024-11-25T17:06:21.697+0000] {taskinstance.py:3132} INFO - Exporting env vars: AIRFLOW_CTX_DAG_OWNER='Oshith Roshantha' AIRFLOW_CTX_DAG_ID='etl_PipelineV5' AIRFLOW_CTX_TASK_ID='fetchData' AIRFLOW_CTX_EXECUTION_DATE='2024-11-24T00:00:00+00:00' AIRFLOW_CTX_TRY_NUMBER='1' AIRFLOW_CTX_DAG_RUN_ID='scheduled__2024-11-24T00:00:00+00:00'
[2024-11-25T17:06:21.705+0000] {taskinstance.py:731} INFO - ::endgroup::
[2024-11-25T17:06:23.936+0000] {_universal.py:506} INFO - Request URL: 'https://eqdatastorage.blob.core.windows.net/staging-data/temp-json'
Request method: 'PUT'
Request headers:
    'Content-Length': '18931'
    'x-ms-blob-type': 'REDACTED'
    'x-ms-version': 'REDACTED'
    'Content-Type': 'application/octet-stream'
    'Accept': 'application/xml'
    'User-Agent': 'azsdk-python-storage-blob/12.24.0 Python/3.12.7 (Linux-5.15.153.1-microsoft-standard-WSL2-x86_64-with-glibc2.36)'
    'x-ms-date': 'REDACTED'
    'x-ms-client-request-id': '9996e8be-ab4f-11ef-b045-0242ac120004'
    'Authorization': 'REDACTED'
A body is sent with the request
[2024-11-25T17:06:25.577+0000] {_universal.py:545} INFO - Response status: 201
Response headers:
    'Content-Length': '0'
    'Content-MD5': 'REDACTED'
    'Last-Modified': 'Mon, 25 Nov 2024 17:06:26 GMT'
    'ETag': '"0x8DD0D737F6F72C4"'
    'Server': 'Windows-Azure-Blob/1.0 Microsoft-HTTPAPI/2.0'
    'x-ms-request-id': 'f814f10a-b01e-00d6-805c-3f194d000000'
    'x-ms-client-request-id': '9996e8be-ab4f-11ef-b045-0242ac120004'
    'x-ms-version': 'REDACTED'
    'x-ms-content-crc64': 'REDACTED'
    'x-ms-request-server-encrypted': 'REDACTED'
    'Date': 'Mon, 25 Nov 2024 17:06:26 GMT'
[2024-11-25T17:06:25.580+0000] {python.py:240} INFO - Done. Returned value was: None
[2024-11-25T17:06:25.598+0000] {taskinstance.py:340} INFO - ::group::Post task execution logs
[2024-11-25T17:06:25.599+0000] {taskinstance.py:352} INFO - Marking task as SUCCESS. dag_id=etl_PipelineV5, task_id=fetchData, run_id=scheduled__2024-11-24T00:00:00+00:00, execution_date=20241124T000000, start_date=20241125T170620, end_date=20241125T170625
[2024-11-25T17:06:25.646+0000] {local_task_job_runner.py:266} INFO - Task exited with return code 0
[2024-11-25T17:06:25.702+0000] {taskinstance.py:3895} INFO - 1 downstream tasks scheduled from follow-on schedule check
[2024-11-25T17:06:25.709+0000] {local_task_job_runner.py:245} INFO - ::endgroup::
