[2024-11-25T17:42:07.491+0000] {local_task_job_runner.py:123} INFO - ::group::Pre task execution logs
[2024-11-25T17:42:07.518+0000] {taskinstance.py:2613} INFO - Dependencies all met for dep_context=non-requeueable deps ti=<TaskInstance: etlDagV3.preprocessData scheduled__2024-11-25T16:00:00+00:00 [queued]>
[2024-11-25T17:42:07.532+0000] {taskinstance.py:2613} INFO - Dependencies all met for dep_context=requeueable deps ti=<TaskInstance: etlDagV3.preprocessData scheduled__2024-11-25T16:00:00+00:00 [queued]>
[2024-11-25T17:42:07.533+0000] {taskinstance.py:2866} INFO - Starting attempt 1 of 4
[2024-11-25T17:42:07.553+0000] {taskinstance.py:2889} INFO - Executing <Task(PythonOperator): preprocessData> on 2024-11-25 16:00:00+00:00
[2024-11-25T17:42:07.568+0000] {logging_mixin.py:190} WARNING - /home/***/.local/lib/python3.12/site-packages/***/task/task_runner/standard_task_runner.py:70 DeprecationWarning: This process (pid=4372) is multi-threaded, use of fork() may lead to deadlocks in the child.
[2024-11-25T17:42:07.567+0000] {standard_task_runner.py:104} INFO - Running: ['***', 'tasks', 'run', 'etlDagV3', 'preprocessData', 'scheduled__2024-11-25T16:00:00+00:00', '--job-id', '55', '--raw', '--subdir', 'DAGS_FOLDER/etlDag.py', '--cfg-path', '/tmp/tmpybhuuzvu']
[2024-11-25T17:42:07.570+0000] {standard_task_runner.py:72} INFO - Started process 4382 to run task
[2024-11-25T17:42:07.571+0000] {standard_task_runner.py:105} INFO - Job 55: Subtask preprocessData
[2024-11-25T17:42:07.641+0000] {task_command.py:467} INFO - Running <TaskInstance: etlDagV3.preprocessData scheduled__2024-11-25T16:00:00+00:00 [running]> on host 8bc87a2683b7
[2024-11-25T17:42:07.755+0000] {taskinstance.py:3132} INFO - Exporting env vars: AIRFLOW_CTX_DAG_OWNER='Oshith Roshantha' AIRFLOW_CTX_DAG_ID='etlDagV3' AIRFLOW_CTX_TASK_ID='preprocessData' AIRFLOW_CTX_EXECUTION_DATE='2024-11-25T16:00:00+00:00' AIRFLOW_CTX_TRY_NUMBER='1' AIRFLOW_CTX_DAG_RUN_ID='scheduled__2024-11-25T16:00:00+00:00'
[2024-11-25T17:42:07.757+0000] {taskinstance.py:731} INFO - ::endgroup::
[2024-11-25T17:42:07.782+0000] {_universal.py:509} INFO - Request URL: 'https://eqdatastorage.blob.core.windows.net/staging-data/temp-json'
Request method: 'GET'
Request headers:
    'x-ms-range': 'REDACTED'
    'x-ms-version': 'REDACTED'
    'Accept': 'application/xml'
    'User-Agent': 'azsdk-python-storage-blob/12.24.0 Python/3.12.7 (Linux-5.15.153.1-microsoft-standard-WSL2-x86_64-with-glibc2.36)'
    'x-ms-date': 'REDACTED'
    'x-ms-client-request-id': '976bfa02-ab54-11ef-818e-0242ac120004'
    'Authorization': 'REDACTED'
No body was attached to the request
[2024-11-25T17:42:09.003+0000] {_universal.py:545} INFO - Response status: 206
Response headers:
    'Content-Length': '2713'
    'Content-Type': 'application/octet-stream'
    'Content-Range': 'REDACTED'
    'Last-Modified': 'Mon, 25 Nov 2024 17:42:05 GMT'
    'Accept-Ranges': 'REDACTED'
    'ETag': '"0x8DD0D787A5BF908"'
    'Server': 'Windows-Azure-Blob/1.0 Microsoft-HTTPAPI/2.0'
    'x-ms-request-id': '2c761dca-a01e-0101-8061-3f153f000000'
    'x-ms-client-request-id': '976bfa02-ab54-11ef-818e-0242ac120004'
    'x-ms-version': 'REDACTED'
    'x-ms-resource-type': 'REDACTED'
    'x-ms-creation-time': 'REDACTED'
    'x-ms-blob-content-md5': 'REDACTED'
    'x-ms-lease-status': 'REDACTED'
    'x-ms-lease-state': 'REDACTED'
    'x-ms-blob-type': 'REDACTED'
    'x-ms-server-encrypted': 'REDACTED'
    'x-ms-owner': 'REDACTED'
    'x-ms-group': 'REDACTED'
    'x-ms-permissions': 'REDACTED'
    'x-ms-acl': 'REDACTED'
    'Date': 'Mon, 25 Nov 2024 17:42:09 GMT'
[2024-11-25T17:42:09.021+0000] {_universal.py:509} INFO - Request URL: 'https://eqdatastorage.blob.core.windows.net/staging-data/cleaned-data.parquet'
Request method: 'GET'
Request headers:
    'x-ms-range': 'REDACTED'
    'x-ms-version': 'REDACTED'
    'Accept': 'application/xml'
    'User-Agent': 'azsdk-python-storage-blob/12.24.0 Python/3.12.7 (Linux-5.15.153.1-microsoft-standard-WSL2-x86_64-with-glibc2.36)'
    'x-ms-date': 'REDACTED'
    'x-ms-client-request-id': '98291998-ab54-11ef-818e-0242ac120004'
    'Authorization': 'REDACTED'
No body was attached to the request
[2024-11-25T17:42:09.318+0000] {_universal.py:545} INFO - Response status: 206
Response headers:
    'Content-Length': '7643'
    'Content-Type': 'application/octet-stream'
    'Content-Range': 'REDACTED'
    'Last-Modified': 'Mon, 25 Nov 2024 17:40:07 GMT'
    'Accept-Ranges': 'REDACTED'
    'ETag': '"0x8DD0D7833EE2B20"'
    'Server': 'Windows-Azure-Blob/1.0 Microsoft-HTTPAPI/2.0'
    'x-ms-request-id': '2c761ec0-a01e-0101-6761-3f153f000000'
    'x-ms-client-request-id': '98291998-ab54-11ef-818e-0242ac120004'
    'x-ms-version': 'REDACTED'
    'x-ms-resource-type': 'REDACTED'
    'x-ms-creation-time': 'REDACTED'
    'x-ms-blob-content-md5': 'REDACTED'
    'x-ms-lease-status': 'REDACTED'
    'x-ms-lease-state': 'REDACTED'
    'x-ms-blob-type': 'REDACTED'
    'x-ms-server-encrypted': 'REDACTED'
    'x-ms-owner': 'REDACTED'
    'x-ms-group': 'REDACTED'
    'x-ms-permissions': 'REDACTED'
    'x-ms-acl': 'REDACTED'
    'Date': 'Mon, 25 Nov 2024 17:42:10 GMT'
[2024-11-25T17:42:09.363+0000] {_universal.py:506} INFO - Request URL: 'https://eqdatastorage.blob.core.windows.net/staging-data/cleaned-data.parquet'
Request method: 'PUT'
Request headers:
    'Content-Length': '7643'
    'x-ms-blob-type': 'REDACTED'
    'x-ms-version': 'REDACTED'
    'Content-Type': 'application/octet-stream'
    'Accept': 'application/xml'
    'User-Agent': 'azsdk-python-storage-blob/12.24.0 Python/3.12.7 (Linux-5.15.153.1-microsoft-standard-WSL2-x86_64-with-glibc2.36)'
    'x-ms-date': 'REDACTED'
    'x-ms-client-request-id': '985d6126-ab54-11ef-818e-0242ac120004'
    'Authorization': 'REDACTED'
A body is sent with the request
[2024-11-25T17:42:09.685+0000] {_universal.py:545} INFO - Response status: 201
Response headers:
    'Content-Length': '0'
    'Content-MD5': 'REDACTED'
    'Last-Modified': 'Mon, 25 Nov 2024 17:42:10 GMT'
    'ETag': '"0x8DD0D787D6F0608"'
    'Server': 'Windows-Azure-Blob/1.0 Microsoft-HTTPAPI/2.0'
    'x-ms-request-id': '2c761fa0-a01e-0101-4361-3f153f000000'
    'x-ms-client-request-id': '985d6126-ab54-11ef-818e-0242ac120004'
    'x-ms-version': 'REDACTED'
    'x-ms-content-crc64': 'REDACTED'
    'x-ms-request-server-encrypted': 'REDACTED'
    'Date': 'Mon, 25 Nov 2024 17:42:10 GMT'
[2024-11-25T17:42:09.686+0000] {python.py:240} INFO - Done. Returned value was: None
[2024-11-25T17:42:09.696+0000] {taskinstance.py:340} INFO - ::group::Post task execution logs
[2024-11-25T17:42:09.697+0000] {taskinstance.py:352} INFO - Marking task as SUCCESS. dag_id=etlDagV3, task_id=preprocessData, run_id=scheduled__2024-11-25T16:00:00+00:00, execution_date=20241125T160000, start_date=20241125T174207, end_date=20241125T174209
[2024-11-25T17:42:09.722+0000] {local_task_job_runner.py:266} INFO - Task exited with return code 0
[2024-11-25T17:42:09.749+0000] {taskinstance.py:3895} INFO - 1 downstream tasks scheduled from follow-on schedule check
[2024-11-25T17:42:09.752+0000] {local_task_job_runner.py:245} INFO - ::endgroup::
