[2024-11-24T15:04:05.686+0000] {local_task_job_runner.py:123} INFO - ::group::Pre task execution logs
[2024-11-24T15:04:05.708+0000] {taskinstance.py:2613} INFO - Dependencies all met for dep_context=non-requeueable deps ti=<TaskInstance: etl_PipelineV12.preprocessData scheduled__2024-11-24T14:00:00+00:00 [queued]>
[2024-11-24T15:04:05.718+0000] {taskinstance.py:2613} INFO - Dependencies all met for dep_context=requeueable deps ti=<TaskInstance: etl_PipelineV12.preprocessData scheduled__2024-11-24T14:00:00+00:00 [queued]>
[2024-11-24T15:04:05.720+0000] {taskinstance.py:2866} INFO - Starting attempt 1 of 4
[2024-11-24T15:04:05.740+0000] {taskinstance.py:2889} INFO - Executing <Task(PythonOperator): preprocessData> on 2024-11-24 14:00:00+00:00
[2024-11-24T15:04:05.766+0000] {standard_task_runner.py:104} INFO - Running: ['***', 'tasks', 'run', 'etl_PipelineV12', 'preprocessData', 'scheduled__2024-11-24T14:00:00+00:00', '--job-id', '5', '--raw', '--subdir', 'DAGS_FOLDER/etlDag.py', '--cfg-path', '/tmp/tmpbye2uwqn']
[2024-11-24T15:04:05.768+0000] {logging_mixin.py:190} WARNING - /home/***/.local/lib/python3.12/site-packages/***/task/task_runner/standard_task_runner.py:70 DeprecationWarning: This process (pid=296) is multi-threaded, use of fork() may lead to deadlocks in the child.
[2024-11-24T15:04:05.771+0000] {standard_task_runner.py:105} INFO - Job 5: Subtask preprocessData
[2024-11-24T15:04:05.772+0000] {standard_task_runner.py:72} INFO - Started process 306 to run task
[2024-11-24T15:04:05.850+0000] {task_command.py:467} INFO - Running <TaskInstance: etl_PipelineV12.preprocessData scheduled__2024-11-24T14:00:00+00:00 [running]> on host 60d41c360b2c
[2024-11-24T15:04:06.227+0000] {taskinstance.py:3132} INFO - Exporting env vars: AIRFLOW_CTX_DAG_OWNER='Oshith Roshantha' AIRFLOW_CTX_DAG_ID='etl_PipelineV12' AIRFLOW_CTX_TASK_ID='preprocessData' AIRFLOW_CTX_EXECUTION_DATE='2024-11-24T14:00:00+00:00' AIRFLOW_CTX_TRY_NUMBER='1' AIRFLOW_CTX_DAG_RUN_ID='scheduled__2024-11-24T14:00:00+00:00'
[2024-11-24T15:04:06.229+0000] {taskinstance.py:731} INFO - ::endgroup::
[2024-11-24T15:04:06.282+0000] {python.py:240} INFO - Done. Returned value was: Empty DataFrame
Columns: []
Index: []
[2024-11-24T15:04:06.433+0000] {taskinstance.py:340} INFO - ::group::Post task execution logs
[2024-11-24T15:04:06.434+0000] {taskinstance.py:352} INFO - Marking task as SUCCESS. dag_id=etl_PipelineV12, task_id=preprocessData, run_id=scheduled__2024-11-24T14:00:00+00:00, execution_date=20241124T140000, start_date=20241124T150405, end_date=20241124T150406
[2024-11-24T15:04:06.475+0000] {local_task_job_runner.py:266} INFO - Task exited with return code 0
[2024-11-24T15:04:06.504+0000] {taskinstance.py:3895} INFO - 1 downstream tasks scheduled from follow-on schedule check
[2024-11-24T15:04:06.509+0000] {local_task_job_runner.py:245} INFO - ::endgroup::
