[2024-11-25T18:05:28.553+0000] {local_task_job_runner.py:123} INFO - ::group::Pre task execution logs
[2024-11-25T18:05:28.622+0000] {taskinstance.py:2613} INFO - Dependencies all met for dep_context=non-requeueable deps ti=<TaskInstance: etlDagV12.preprocessData scheduled__2024-11-25T17:00:00+00:00 [queued]>
[2024-11-25T18:05:28.668+0000] {taskinstance.py:2613} INFO - Dependencies all met for dep_context=requeueable deps ti=<TaskInstance: etlDagV12.preprocessData scheduled__2024-11-25T17:00:00+00:00 [queued]>
[2024-11-25T18:05:28.671+0000] {taskinstance.py:2866} INFO - Starting attempt 1 of 4
[2024-11-25T18:05:28.728+0000] {taskinstance.py:2889} INFO - Executing <Task(PythonOperator): preprocessData> on 2024-11-25 17:00:00+00:00
[2024-11-25T18:05:28.782+0000] {logging_mixin.py:190} WARNING - /home/***/.local/lib/python3.12/site-packages/***/task/task_runner/standard_task_runner.py:70 DeprecationWarning: This process (pid=6110) is multi-threaded, use of fork() may lead to deadlocks in the child.
[2024-11-25T18:05:28.785+0000] {standard_task_runner.py:72} INFO - Started process 6126 to run task
[2024-11-25T18:05:28.782+0000] {standard_task_runner.py:104} INFO - Running: ['***', 'tasks', 'run', 'etlDagV12', 'preprocessData', 'scheduled__2024-11-25T17:00:00+00:00', '--job-id', '83', '--raw', '--subdir', 'DAGS_FOLDER/etlDag.py', '--cfg-path', '/tmp/tmprvmf_ecm']
[2024-11-25T18:05:28.787+0000] {standard_task_runner.py:105} INFO - Job 83: Subtask preprocessData
[2024-11-25T18:05:28.926+0000] {task_command.py:467} INFO - Running <TaskInstance: etlDagV12.preprocessData scheduled__2024-11-25T17:00:00+00:00 [running]> on host 8bc87a2683b7
[2024-11-25T18:05:29.196+0000] {taskinstance.py:3132} INFO - Exporting env vars: AIRFLOW_CTX_DAG_OWNER='Oshith Roshantha' AIRFLOW_CTX_DAG_ID='etlDagV12' AIRFLOW_CTX_TASK_ID='preprocessData' AIRFLOW_CTX_EXECUTION_DATE='2024-11-25T17:00:00+00:00' AIRFLOW_CTX_TRY_NUMBER='1' AIRFLOW_CTX_DAG_RUN_ID='scheduled__2024-11-25T17:00:00+00:00'
[2024-11-25T18:05:29.200+0000] {taskinstance.py:731} INFO - ::endgroup::
[2024-11-25T18:05:29.252+0000] {_universal.py:509} INFO - Request URL: 'https://eqdatastorage.blob.core.windows.net/staging-data/temp-json'
Request method: 'GET'
Request headers:
    'x-ms-range': 'REDACTED'
    'x-ms-version': 'REDACTED'
    'Accept': 'application/xml'
    'User-Agent': 'azsdk-python-storage-blob/12.24.0 Python/3.12.7 (Linux-5.15.153.1-microsoft-standard-WSL2-x86_64-with-glibc2.36)'
    'x-ms-date': 'REDACTED'
    'x-ms-client-request-id': 'dac34528-ab57-11ef-af13-0242ac120004'
    'Authorization': 'REDACTED'
No body was attached to the request
[2024-11-25T18:05:30.502+0000] {_universal.py:545} INFO - Response status: 206
Response headers:
    'Content-Length': '315'
    'Content-Type': 'application/octet-stream'
    'Content-Range': 'REDACTED'
    'Last-Modified': 'Mon, 25 Nov 2024 18:05:24 GMT'
    'Accept-Ranges': 'REDACTED'
    'ETag': '"0x8DD0D7BBBE177C0"'
    'Server': 'Windows-Azure-Blob/1.0 Microsoft-HTTPAPI/2.0'
    'x-ms-request-id': '3f656d62-a01e-002c-2c64-3fd0aa000000'
    'x-ms-client-request-id': 'dac34528-ab57-11ef-af13-0242ac120004'
    'x-ms-version': 'REDACTED'
    'x-ms-resource-type': 'REDACTED'
    'x-ms-creation-time': 'REDACTED'
    'x-ms-blob-content-md5': 'REDACTED'
    'x-ms-lease-status': 'REDACTED'
    'x-ms-lease-state': 'REDACTED'
    'x-ms-blob-type': 'REDACTED'
    'x-ms-server-encrypted': 'REDACTED'
    'x-ms-owner': 'REDACTED'
    'x-ms-group': 'REDACTED'
    'x-ms-permissions': 'REDACTED'
    'x-ms-acl': 'REDACTED'
    'Date': 'Mon, 25 Nov 2024 18:05:31 GMT'
[2024-11-25T18:05:30.524+0000] {_universal.py:509} INFO - Request URL: 'https://eqdatastorage.blob.core.windows.net/staging-data/cleaned-data.parquet'
Request method: 'GET'
Request headers:
    'x-ms-range': 'REDACTED'
    'x-ms-version': 'REDACTED'
    'Accept': 'application/xml'
    'User-Agent': 'azsdk-python-storage-blob/12.24.0 Python/3.12.7 (Linux-5.15.153.1-microsoft-standard-WSL2-x86_64-with-glibc2.36)'
    'x-ms-date': 'REDACTED'
    'x-ms-client-request-id': 'db857210-ab57-11ef-af13-0242ac120004'
    'Authorization': 'REDACTED'
No body was attached to the request
[2024-11-25T18:05:30.851+0000] {_universal.py:545} INFO - Response status: 206
Response headers:
    'Content-Length': '7643'
    'Content-Type': 'application/octet-stream'
    'Content-Range': 'REDACTED'
    'Last-Modified': 'Mon, 25 Nov 2024 18:03:17 GMT'
    'Accept-Ranges': 'REDACTED'
    'ETag': '"0x8DD0D7B702685EC"'
    'Server': 'Windows-Azure-Blob/1.0 Microsoft-HTTPAPI/2.0'
    'x-ms-request-id': '3f656e4a-a01e-002c-0164-3fd0aa000000'
    'x-ms-client-request-id': 'db857210-ab57-11ef-af13-0242ac120004'
    'x-ms-version': 'REDACTED'
    'x-ms-resource-type': 'REDACTED'
    'x-ms-creation-time': 'REDACTED'
    'x-ms-blob-content-md5': 'REDACTED'
    'x-ms-lease-status': 'REDACTED'
    'x-ms-lease-state': 'REDACTED'
    'x-ms-blob-type': 'REDACTED'
    'x-ms-server-encrypted': 'REDACTED'
    'x-ms-owner': 'REDACTED'
    'x-ms-group': 'REDACTED'
    'x-ms-permissions': 'REDACTED'
    'x-ms-acl': 'REDACTED'
    'Date': 'Mon, 25 Nov 2024 18:05:31 GMT'
[2024-11-25T18:05:31.042+0000] {_universal.py:506} INFO - Request URL: 'https://eqdatastorage.blob.core.windows.net/staging-data/cleaned-data.parquet'
Request method: 'PUT'
Request headers:
    'Content-Length': '7643'
    'x-ms-blob-type': 'REDACTED'
    'x-ms-version': 'REDACTED'
    'Content-Type': 'application/octet-stream'
    'Accept': 'application/xml'
    'User-Agent': 'azsdk-python-storage-blob/12.24.0 Python/3.12.7 (Linux-5.15.153.1-microsoft-standard-WSL2-x86_64-with-glibc2.36)'
    'x-ms-date': 'REDACTED'
    'x-ms-client-request-id': 'dbd47e28-ab57-11ef-af13-0242ac120004'
    'Authorization': 'REDACTED'
A body is sent with the request
[2024-11-25T18:05:31.377+0000] {_universal.py:545} INFO - Response status: 201
Response headers:
    'Content-Length': '0'
    'Content-MD5': 'REDACTED'
    'Last-Modified': 'Mon, 25 Nov 2024 18:05:32 GMT'
    'ETag': '"0x8DD0D7BC0E880E4"'
    'Server': 'Windows-Azure-Blob/1.0 Microsoft-HTTPAPI/2.0'
    'x-ms-request-id': '3f656f7d-a01e-002c-2264-3fd0aa000000'
    'x-ms-client-request-id': 'dbd47e28-ab57-11ef-af13-0242ac120004'
    'x-ms-version': 'REDACTED'
    'x-ms-content-crc64': 'REDACTED'
    'x-ms-request-server-encrypted': 'REDACTED'
    'Date': 'Mon, 25 Nov 2024 18:05:32 GMT'
[2024-11-25T18:05:31.380+0000] {python.py:240} INFO - Done. Returned value was: None
[2024-11-25T18:05:31.404+0000] {taskinstance.py:340} INFO - ::group::Post task execution logs
[2024-11-25T18:05:31.405+0000] {taskinstance.py:352} INFO - Marking task as SUCCESS. dag_id=etlDagV12, task_id=preprocessData, run_id=scheduled__2024-11-25T17:00:00+00:00, execution_date=20241125T170000, start_date=20241125T180528, end_date=20241125T180531
[2024-11-25T18:05:31.462+0000] {local_task_job_runner.py:266} INFO - Task exited with return code 0
[2024-11-25T18:05:31.535+0000] {taskinstance.py:3895} INFO - 1 downstream tasks scheduled from follow-on schedule check
[2024-11-25T18:05:31.540+0000] {local_task_job_runner.py:245} INFO - ::endgroup::
