[2024-11-25T17:39:58.810+0000] {local_task_job_runner.py:123} INFO - ::group::Pre task execution logs
[2024-11-25T17:39:58.833+0000] {taskinstance.py:2613} INFO - Dependencies all met for dep_context=non-requeueable deps ti=<TaskInstance: etlDagV2.fetchData scheduled__2024-11-25T16:00:00+00:00 [queued]>
[2024-11-25T17:39:58.844+0000] {taskinstance.py:2613} INFO - Dependencies all met for dep_context=requeueable deps ti=<TaskInstance: etlDagV2.fetchData scheduled__2024-11-25T16:00:00+00:00 [queued]>
[2024-11-25T17:39:58.845+0000] {taskinstance.py:2866} INFO - Starting attempt 1 of 4
[2024-11-25T17:39:58.862+0000] {taskinstance.py:2889} INFO - Executing <Task(PythonOperator): fetchData> on 2024-11-25 16:00:00+00:00
[2024-11-25T17:39:58.877+0000] {logging_mixin.py:190} WARNING - /home/***/.local/lib/python3.12/site-packages/***/task/task_runner/standard_task_runner.py:70 DeprecationWarning: This process (pid=4167) is multi-threaded, use of fork() may lead to deadlocks in the child.
[2024-11-25T17:39:58.876+0000] {standard_task_runner.py:104} INFO - Running: ['***', 'tasks', 'run', 'etlDagV2', 'fetchData', 'scheduled__2024-11-25T16:00:00+00:00', '--job-id', '50', '--raw', '--subdir', 'DAGS_FOLDER/etlDag.py', '--cfg-path', '/tmp/tmpdnkgww0m']
[2024-11-25T17:39:58.880+0000] {standard_task_runner.py:72} INFO - Started process 4177 to run task
[2024-11-25T17:39:58.880+0000] {standard_task_runner.py:105} INFO - Job 50: Subtask fetchData
[2024-11-25T17:39:58.945+0000] {task_command.py:467} INFO - Running <TaskInstance: etlDagV2.fetchData scheduled__2024-11-25T16:00:00+00:00 [running]> on host 8bc87a2683b7
[2024-11-25T17:39:59.041+0000] {taskinstance.py:3132} INFO - Exporting env vars: AIRFLOW_CTX_DAG_OWNER='Oshith Roshantha' AIRFLOW_CTX_DAG_ID='etlDagV2' AIRFLOW_CTX_TASK_ID='fetchData' AIRFLOW_CTX_EXECUTION_DATE='2024-11-25T16:00:00+00:00' AIRFLOW_CTX_TRY_NUMBER='1' AIRFLOW_CTX_DAG_RUN_ID='scheduled__2024-11-25T16:00:00+00:00'
[2024-11-25T17:39:59.042+0000] {taskinstance.py:731} INFO - ::endgroup::
[2024-11-25T17:39:59.060+0000] {logging_mixin.py:190} INFO - Fetching data from 2024-11-25T15:00:00 to 2024-11-25T16:00:00
[2024-11-25T17:40:00.223+0000] {_universal.py:506} INFO - Request URL: 'https://eqdatastorage.blob.core.windows.net/staging-data/temp-json'
Request method: 'PUT'
Request headers:
    'Content-Length': '2713'
    'x-ms-blob-type': 'REDACTED'
    'x-ms-version': 'REDACTED'
    'Content-Type': 'application/octet-stream'
    'Accept': 'application/xml'
    'User-Agent': 'azsdk-python-storage-blob/12.24.0 Python/3.12.7 (Linux-5.15.153.1-microsoft-standard-WSL2-x86_64-with-glibc2.36)'
    'x-ms-date': 'REDACTED'
    'x-ms-client-request-id': '4b641306-ab54-11ef-9007-0242ac120004'
    'Authorization': 'REDACTED'
A body is sent with the request
[2024-11-25T17:40:01.388+0000] {_universal.py:545} INFO - Response status: 201
Response headers:
    'Content-Length': '0'
    'Content-MD5': 'REDACTED'
    'Last-Modified': 'Mon, 25 Nov 2024 17:40:02 GMT'
    'ETag': '"0x8DD0D7830F6CF0C"'
    'Server': 'Windows-Azure-Blob/1.0 Microsoft-HTTPAPI/2.0'
    'x-ms-request-id': '1f9eb15e-201e-009c-5161-3f292a000000'
    'x-ms-client-request-id': '4b641306-ab54-11ef-9007-0242ac120004'
    'x-ms-version': 'REDACTED'
    'x-ms-content-crc64': 'REDACTED'
    'x-ms-request-server-encrypted': 'REDACTED'
    'Date': 'Mon, 25 Nov 2024 17:40:01 GMT'
[2024-11-25T17:40:01.389+0000] {python.py:240} INFO - Done. Returned value was: None
[2024-11-25T17:40:01.397+0000] {taskinstance.py:340} INFO - ::group::Post task execution logs
[2024-11-25T17:40:01.398+0000] {taskinstance.py:352} INFO - Marking task as SUCCESS. dag_id=etlDagV2, task_id=fetchData, run_id=scheduled__2024-11-25T16:00:00+00:00, execution_date=20241125T160000, start_date=20241125T173958, end_date=20241125T174001
[2024-11-25T17:40:01.431+0000] {local_task_job_runner.py:266} INFO - Task exited with return code 0
[2024-11-25T17:40:01.451+0000] {taskinstance.py:3895} INFO - 1 downstream tasks scheduled from follow-on schedule check
[2024-11-25T17:40:01.454+0000] {local_task_job_runner.py:245} INFO - ::endgroup::
