[2024-11-25T18:17:10.717+0000] {local_task_job_runner.py:123} INFO - ::group::Pre task execution logs
[2024-11-25T18:17:10.744+0000] {taskinstance.py:2613} INFO - Dependencies all met for dep_context=non-requeueable deps ti=<TaskInstance: etlDagV15.transformData manual__2024-11-25T18:15:10.682825+00:00 [queued]>
[2024-11-25T18:17:10.758+0000] {taskinstance.py:2613} INFO - Dependencies all met for dep_context=requeueable deps ti=<TaskInstance: etlDagV15.transformData manual__2024-11-25T18:15:10.682825+00:00 [queued]>
[2024-11-25T18:17:10.759+0000] {taskinstance.py:2866} INFO - Starting attempt 1 of 4
[2024-11-25T18:17:10.781+0000] {taskinstance.py:2889} INFO - Executing <Task(PythonOperator): transformData> on 2024-11-25 18:15:10.682825+00:00
[2024-11-25T18:17:10.804+0000] {logging_mixin.py:190} WARNING - /home/***/.local/lib/python3.12/site-packages/***/task/task_runner/standard_task_runner.py:70 DeprecationWarning: This process (pid=7005) is multi-threaded, use of fork() may lead to deadlocks in the child.
[2024-11-25T18:17:10.807+0000] {standard_task_runner.py:72} INFO - Started process 7015 to run task
[2024-11-25T18:17:10.801+0000] {standard_task_runner.py:104} INFO - Running: ['***', 'tasks', 'run', 'etlDagV15', 'transformData', 'manual__2024-11-25T18:15:10.682825+00:00', '--job-id', '103', '--raw', '--subdir', 'DAGS_FOLDER/etlDag.py', '--cfg-path', '/tmp/tmpc1hcu2rq']
[2024-11-25T18:17:10.809+0000] {standard_task_runner.py:105} INFO - Job 103: Subtask transformData
[2024-11-25T18:17:10.887+0000] {task_command.py:467} INFO - Running <TaskInstance: etlDagV15.transformData manual__2024-11-25T18:15:10.682825+00:00 [running]> on host 8bc87a2683b7
[2024-11-25T18:17:10.997+0000] {taskinstance.py:3132} INFO - Exporting env vars: AIRFLOW_CTX_DAG_OWNER='Oshith Roshantha' AIRFLOW_CTX_DAG_ID='etlDagV15' AIRFLOW_CTX_TASK_ID='transformData' AIRFLOW_CTX_EXECUTION_DATE='2024-11-25T18:15:10.682825+00:00' AIRFLOW_CTX_TRY_NUMBER='1' AIRFLOW_CTX_DAG_RUN_ID='manual__2024-11-25T18:15:10.682825+00:00'
[2024-11-25T18:17:10.999+0000] {taskinstance.py:731} INFO - ::endgroup::
[2024-11-25T18:17:11.022+0000] {_universal.py:509} INFO - Request URL: 'https://eqdatastorage.blob.core.windows.net/staging-data/cleaned-data.parquet'
Request method: 'GET'
Request headers:
    'x-ms-range': 'REDACTED'
    'x-ms-version': 'REDACTED'
    'Accept': 'application/xml'
    'User-Agent': 'azsdk-python-storage-blob/12.24.0 Python/3.12.7 (Linux-5.15.153.1-microsoft-standard-WSL2-x86_64-with-glibc2.36)'
    'x-ms-date': 'REDACTED'
    'x-ms-client-request-id': '7d0cec0c-ab59-11ef-9ed5-0242ac120004'
    'Authorization': 'REDACTED'
No body was attached to the request
[2024-11-25T18:17:12.577+0000] {_universal.py:545} INFO - Response status: 206
Response headers:
    'Content-Length': '661275'
    'Content-Type': 'application/octet-stream'
    'Content-Range': 'REDACTED'
    'Last-Modified': 'Mon, 25 Nov 2024 18:17:09 GMT'
    'Accept-Ranges': 'REDACTED'
    'ETag': '"0x8DD0D7D605CAEF4"'
    'Server': 'Windows-Azure-Blob/1.0 Microsoft-HTTPAPI/2.0'
    'x-ms-request-id': '8dd542a9-301e-0044-5866-3f8efb000000'
    'x-ms-client-request-id': '7d0cec0c-ab59-11ef-9ed5-0242ac120004'
    'x-ms-version': 'REDACTED'
    'x-ms-resource-type': 'REDACTED'
    'x-ms-creation-time': 'REDACTED'
    'x-ms-blob-content-md5': 'REDACTED'
    'x-ms-lease-status': 'REDACTED'
    'x-ms-lease-state': 'REDACTED'
    'x-ms-blob-type': 'REDACTED'
    'x-ms-server-encrypted': 'REDACTED'
    'x-ms-owner': 'REDACTED'
    'x-ms-group': 'REDACTED'
    'x-ms-permissions': 'REDACTED'
    'x-ms-acl': 'REDACTED'
    'Date': 'Mon, 25 Nov 2024 18:17:12 GMT'
[2024-11-25T18:17:22.557+0000] {_universal.py:506} INFO - Request URL: 'https://eqdatastorage.blob.core.windows.net/staging-data/transform-data.parquet'
Request method: 'PUT'
Request headers:
    'Content-Length': '7001008'
    'x-ms-blob-type': 'REDACTED'
    'x-ms-version': 'REDACTED'
    'Content-Type': 'application/octet-stream'
    'Accept': 'application/xml'
    'User-Agent': 'azsdk-python-storage-blob/12.24.0 Python/3.12.7 (Linux-5.15.153.1-microsoft-standard-WSL2-x86_64-with-glibc2.36)'
    'x-ms-date': 'REDACTED'
    'x-ms-client-request-id': '83ecbb1a-ab59-11ef-9ed5-0242ac120004'
    'Authorization': 'REDACTED'
A body is sent with the request
[2024-11-25T18:17:55.622+0000] {job.py:229} INFO - Heartbeat recovered after 34.25 seconds
[2024-11-25T18:17:55.643+0000] {local_task_job_runner.py:266} INFO - Task exited with return code -9. For more information, see https://***.apache.org/docs/apache-***/stable/troubleshooting.html#LocalTaskJob-killed
[2024-11-25T18:17:55.694+0000] {taskinstance.py:3895} INFO - 0 downstream tasks scheduled from follow-on schedule check
[2024-11-25T18:17:55.698+0000] {local_task_job_runner.py:245} INFO - ::endgroup::
