[2024-11-25T17:59:29.613+0000] {local_task_job_runner.py:123} INFO - ::group::Pre task execution logs
[2024-11-25T17:59:29.748+0000] {taskinstance.py:2613} INFO - Dependencies all met for dep_context=non-requeueable deps ti=<TaskInstance: etlDagV6.fetchData scheduled__2024-11-25T09:00:00+00:00 [queued]>
[2024-11-25T17:59:29.792+0000] {taskinstance.py:2613} INFO - Dependencies all met for dep_context=requeueable deps ti=<TaskInstance: etlDagV6.fetchData scheduled__2024-11-25T09:00:00+00:00 [queued]>
[2024-11-25T17:59:29.793+0000] {taskinstance.py:2866} INFO - Starting attempt 1 of 4
[2024-11-25T17:59:29.848+0000] {taskinstance.py:2889} INFO - Executing <Task(PythonOperator): fetchData> on 2024-11-25 09:00:00+00:00
[2024-11-25T17:59:29.904+0000] {logging_mixin.py:190} WARNING - /home/***/.local/lib/python3.12/site-packages/***/task/task_runner/standard_task_runner.py:70 DeprecationWarning: This process (pid=5473) is multi-threaded, use of fork() may lead to deadlocks in the child.
[2024-11-25T17:59:29.910+0000] {standard_task_runner.py:72} INFO - Started process 5571 to run task
[2024-11-25T17:59:29.923+0000] {standard_task_runner.py:104} INFO - Running: ['***', 'tasks', 'run', 'etlDagV6', 'fetchData', 'scheduled__2024-11-25T09:00:00+00:00', '--job-id', '70', '--raw', '--subdir', 'DAGS_FOLDER/etlDag.py', '--cfg-path', '/tmp/tmpae9jraxc']
[2024-11-25T17:59:29.954+0000] {standard_task_runner.py:105} INFO - Job 70: Subtask fetchData
[2024-11-25T17:59:30.375+0000] {task_command.py:467} INFO - Running <TaskInstance: etlDagV6.fetchData scheduled__2024-11-25T09:00:00+00:00 [running]> on host 8bc87a2683b7
[2024-11-25T17:59:31.153+0000] {taskinstance.py:3132} INFO - Exporting env vars: AIRFLOW_CTX_DAG_OWNER='Oshith Roshantha' AIRFLOW_CTX_DAG_ID='etlDagV6' AIRFLOW_CTX_TASK_ID='fetchData' AIRFLOW_CTX_EXECUTION_DATE='2024-11-25T09:00:00+00:00' AIRFLOW_CTX_TRY_NUMBER='1' AIRFLOW_CTX_DAG_RUN_ID='scheduled__2024-11-25T09:00:00+00:00'
[2024-11-25T17:59:31.171+0000] {taskinstance.py:731} INFO - ::endgroup::
[2024-11-25T17:59:31.340+0000] {logging_mixin.py:190} INFO - Fetching data from 2024-11-25T08:00:00 to 2024-11-25T09:00:00
[2024-11-25T17:59:33.301+0000] {_universal.py:506} INFO - Request URL: 'https://eqdatastorage.blob.core.windows.net/staging-data/temp-json'
Request method: 'PUT'
Request headers:
    'Content-Length': '1072'
    'x-ms-blob-type': 'REDACTED'
    'x-ms-version': 'REDACTED'
    'Content-Type': 'application/octet-stream'
    'Accept': 'application/xml'
    'User-Agent': 'azsdk-python-storage-blob/12.24.0 Python/3.12.7 (Linux-5.15.153.1-microsoft-standard-WSL2-x86_64-with-glibc2.36)'
    'x-ms-date': 'REDACTED'
    'x-ms-client-request-id': '0698e294-ab57-11ef-a22a-0242ac120004'
    'Authorization': 'REDACTED'
A body is sent with the request
[2024-11-25T17:59:34.662+0000] {_universal.py:545} INFO - Response status: 201
Response headers:
    'Content-Length': '0'
    'Content-MD5': 'REDACTED'
    'Last-Modified': 'Mon, 25 Nov 2024 17:59:35 GMT'
    'ETag': '"0x8DD0D7AEC47BB30"'
    'Server': 'Windows-Azure-Blob/1.0 Microsoft-HTTPAPI/2.0'
    'x-ms-request-id': '82532846-001e-00ed-0763-3f5b13000000'
    'x-ms-client-request-id': '0698e294-ab57-11ef-a22a-0242ac120004'
    'x-ms-version': 'REDACTED'
    'x-ms-content-crc64': 'REDACTED'
    'x-ms-request-server-encrypted': 'REDACTED'
    'Date': 'Mon, 25 Nov 2024 17:59:35 GMT'
[2024-11-25T17:59:34.705+0000] {python.py:240} INFO - Done. Returned value was: None
[2024-11-25T17:59:34.844+0000] {taskinstance.py:340} INFO - ::group::Post task execution logs
[2024-11-25T17:59:34.861+0000] {taskinstance.py:352} INFO - Marking task as SUCCESS. dag_id=etlDagV6, task_id=fetchData, run_id=scheduled__2024-11-25T09:00:00+00:00, execution_date=20241125T090000, start_date=20241125T175929, end_date=20241125T175934
[2024-11-25T17:59:35.175+0000] {local_task_job_runner.py:266} INFO - Task exited with return code 0
[2024-11-25T17:59:35.428+0000] {taskinstance.py:3895} INFO - 1 downstream tasks scheduled from follow-on schedule check
[2024-11-25T17:59:35.446+0000] {local_task_job_runner.py:245} INFO - ::endgroup::
