[2024-11-24T17:01:05.029+0000] {local_task_job_runner.py:123} INFO - ::group::Pre task execution logs
[2024-11-24T17:01:05.048+0000] {taskinstance.py:2613} INFO - Dependencies all met for dep_context=non-requeueable deps ti=<TaskInstance: etl_PipelineV22.preprocessData scheduled__2024-11-24T16:00:00+00:00 [queued]>
[2024-11-24T17:01:05.056+0000] {taskinstance.py:2613} INFO - Dependencies all met for dep_context=requeueable deps ti=<TaskInstance: etl_PipelineV22.preprocessData scheduled__2024-11-24T16:00:00+00:00 [queued]>
[2024-11-24T17:01:05.057+0000] {taskinstance.py:2866} INFO - Starting attempt 1 of 4
[2024-11-24T17:01:05.072+0000] {taskinstance.py:2889} INFO - Executing <Task(PythonOperator): preprocessData> on 2024-11-24 16:00:00+00:00
[2024-11-24T17:01:05.088+0000] {logging_mixin.py:190} WARNING - /home/***/.local/lib/python3.12/site-packages/***/task/task_runner/standard_task_runner.py:70 DeprecationWarning: This process (pid=5849) is multi-threaded, use of fork() may lead to deadlocks in the child.
[2024-11-24T17:01:05.088+0000] {standard_task_runner.py:104} INFO - Running: ['***', 'tasks', 'run', 'etl_PipelineV22', 'preprocessData', 'scheduled__2024-11-24T16:00:00+00:00', '--job-id', '54', '--raw', '--subdir', 'DAGS_FOLDER/etlDag.py', '--cfg-path', '/tmp/tmp1k0lp1pf']
[2024-11-24T17:01:05.090+0000] {standard_task_runner.py:72} INFO - Started process 5859 to run task
[2024-11-24T17:01:05.091+0000] {standard_task_runner.py:105} INFO - Job 54: Subtask preprocessData
[2024-11-24T17:01:05.176+0000] {task_command.py:467} INFO - Running <TaskInstance: etl_PipelineV22.preprocessData scheduled__2024-11-24T16:00:00+00:00 [running]> on host 60d41c360b2c
[2024-11-24T17:01:05.548+0000] {taskinstance.py:3132} INFO - Exporting env vars: AIRFLOW_CTX_DAG_OWNER='Oshith Roshantha' AIRFLOW_CTX_DAG_ID='etl_PipelineV22' AIRFLOW_CTX_TASK_ID='preprocessData' AIRFLOW_CTX_EXECUTION_DATE='2024-11-24T16:00:00+00:00' AIRFLOW_CTX_TRY_NUMBER='1' AIRFLOW_CTX_DAG_RUN_ID='scheduled__2024-11-24T16:00:00+00:00'
[2024-11-24T17:01:05.550+0000] {taskinstance.py:731} INFO - ::endgroup::
[2024-11-24T17:01:05.581+0000] {python.py:240} INFO - Done. Returned value was: Empty DataFrame
Columns: []
Index: []
[2024-11-24T17:01:05.621+0000] {taskinstance.py:340} INFO - ::group::Post task execution logs
[2024-11-24T17:01:05.622+0000] {taskinstance.py:352} INFO - Marking task as SUCCESS. dag_id=etl_PipelineV22, task_id=preprocessData, run_id=scheduled__2024-11-24T16:00:00+00:00, execution_date=20241124T160000, start_date=20241124T170105, end_date=20241124T170105
[2024-11-24T17:01:05.671+0000] {local_task_job_runner.py:266} INFO - Task exited with return code 0
[2024-11-24T17:01:05.699+0000] {taskinstance.py:3895} INFO - 1 downstream tasks scheduled from follow-on schedule check
[2024-11-24T17:01:05.702+0000] {local_task_job_runner.py:245} INFO - ::endgroup::
