[2024-11-25T16:43:36.918+0000] {local_task_job_runner.py:123} INFO - ::group::Pre task execution logs
[2024-11-25T16:43:36.935+0000] {taskinstance.py:2613} INFO - Dependencies all met for dep_context=non-requeueable deps ti=<TaskInstance: etl_PipelineV101.fetchData manual__2024-11-25T16:43:34.456215+00:00 [queued]>
[2024-11-25T16:43:36.946+0000] {taskinstance.py:2613} INFO - Dependencies all met for dep_context=requeueable deps ti=<TaskInstance: etl_PipelineV101.fetchData manual__2024-11-25T16:43:34.456215+00:00 [queued]>
[2024-11-25T16:43:36.947+0000] {taskinstance.py:2866} INFO - Starting attempt 1 of 4
[2024-11-25T16:43:36.962+0000] {taskinstance.py:2889} INFO - Executing <Task(PythonOperator): fetchData> on 2024-11-25 16:43:34.456215+00:00
[2024-11-25T16:43:36.983+0000] {logging_mixin.py:190} WARNING - /home/***/.local/lib/python3.12/site-packages/***/task/task_runner/standard_task_runner.py:70 DeprecationWarning: This process (pid=902) is multi-threaded, use of fork() may lead to deadlocks in the child.
[2024-11-25T16:43:36.981+0000] {standard_task_runner.py:104} INFO - Running: ['***', 'tasks', 'run', 'etl_PipelineV101', 'fetchData', 'manual__2024-11-25T16:43:34.456215+00:00', '--job-id', '11', '--raw', '--subdir', 'DAGS_FOLDER/etlDag.py', '--cfg-path', '/tmp/tmphzlxepb6']
[2024-11-25T16:43:36.985+0000] {standard_task_runner.py:72} INFO - Started process 912 to run task
[2024-11-25T16:43:36.985+0000] {standard_task_runner.py:105} INFO - Job 11: Subtask fetchData
[2024-11-25T16:43:37.042+0000] {task_command.py:467} INFO - Running <TaskInstance: etl_PipelineV101.fetchData manual__2024-11-25T16:43:34.456215+00:00 [running]> on host 8bc87a2683b7
[2024-11-25T16:43:37.119+0000] {taskinstance.py:3132} INFO - Exporting env vars: AIRFLOW_CTX_DAG_OWNER='Oshith Roshantha' AIRFLOW_CTX_DAG_ID='etl_PipelineV101' AIRFLOW_CTX_TASK_ID='fetchData' AIRFLOW_CTX_EXECUTION_DATE='2024-11-25T16:43:34.456215+00:00' AIRFLOW_CTX_TRY_NUMBER='1' AIRFLOW_CTX_DAG_RUN_ID='manual__2024-11-25T16:43:34.456215+00:00'
[2024-11-25T16:43:37.120+0000] {taskinstance.py:731} INFO - ::endgroup::
[2024-11-25T16:43:38.331+0000] {_universal.py:506} INFO - Request URL: 'https://eqdatastorage.blob.core.windows.net/staging-data/temp-json'
Request method: 'PUT'
Request headers:
    'Content-Length': '315'
    'x-ms-blob-type': 'REDACTED'
    'x-ms-version': 'REDACTED'
    'Content-Type': 'application/octet-stream'
    'Accept': 'application/xml'
    'User-Agent': 'azsdk-python-storage-blob/12.24.0 Python/3.12.7 (Linux-5.15.153.1-microsoft-standard-WSL2-x86_64-with-glibc2.36)'
    'x-ms-date': 'REDACTED'
    'x-ms-client-request-id': '6ba04c50-ab4c-11ef-80f8-0242ac120004'
    'Authorization': 'REDACTED'
A body is sent with the request
[2024-11-25T16:43:39.584+0000] {_universal.py:545} INFO - Response status: 201
Response headers:
    'Content-Length': '0'
    'Content-MD5': 'REDACTED'
    'Last-Modified': 'Mon, 25 Nov 2024 16:43:40 GMT'
    'ETag': '"0x8DD0D70513DE918"'
    'Server': 'Windows-Azure-Blob/1.0 Microsoft-HTTPAPI/2.0'
    'x-ms-request-id': 'cb18604f-f01e-0059-1f59-3f5711000000'
    'x-ms-client-request-id': '6ba04c50-ab4c-11ef-80f8-0242ac120004'
    'x-ms-version': 'REDACTED'
    'x-ms-content-crc64': 'REDACTED'
    'x-ms-request-server-encrypted': 'REDACTED'
    'Date': 'Mon, 25 Nov 2024 16:43:39 GMT'
[2024-11-25T16:43:39.585+0000] {python.py:240} INFO - Done. Returned value was: None
[2024-11-25T16:43:39.594+0000] {taskinstance.py:340} INFO - ::group::Post task execution logs
[2024-11-25T16:43:39.595+0000] {taskinstance.py:352} INFO - Marking task as SUCCESS. dag_id=etl_PipelineV101, task_id=fetchData, run_id=manual__2024-11-25T16:43:34.456215+00:00, execution_date=20241125T164334, start_date=20241125T164336, end_date=20241125T164339
[2024-11-25T16:43:39.621+0000] {local_task_job_runner.py:266} INFO - Task exited with return code 0
[2024-11-25T16:43:39.640+0000] {taskinstance.py:3895} INFO - 1 downstream tasks scheduled from follow-on schedule check
[2024-11-25T16:43:39.644+0000] {local_task_job_runner.py:245} INFO - ::endgroup::
