[2024-11-25T18:06:56.572+0000] {local_task_job_runner.py:123} INFO - ::group::Pre task execution logs
[2024-11-25T18:06:56.604+0000] {taskinstance.py:2613} INFO - Dependencies all met for dep_context=non-requeueable deps ti=<TaskInstance: etlDagV12.pushToProduction manual__2024-11-25T18:06:36.060247+00:00 [queued]>
[2024-11-25T18:06:56.621+0000] {taskinstance.py:2613} INFO - Dependencies all met for dep_context=requeueable deps ti=<TaskInstance: etlDagV12.pushToProduction manual__2024-11-25T18:06:36.060247+00:00 [queued]>
[2024-11-25T18:06:56.622+0000] {taskinstance.py:2866} INFO - Starting attempt 1 of 4
[2024-11-25T18:06:56.643+0000] {taskinstance.py:2889} INFO - Executing <Task(PythonOperator): pushToProduction> on 2024-11-25 18:06:36.060247+00:00
[2024-11-25T18:06:56.661+0000] {standard_task_runner.py:104} INFO - Running: ['***', 'tasks', 'run', 'etlDagV12', 'pushToProduction', 'manual__2024-11-25T18:06:36.060247+00:00', '--job-id', '89', '--raw', '--subdir', 'DAGS_FOLDER/etlDag.py', '--cfg-path', '/tmp/tmpxb7hiyf0']
[2024-11-25T18:06:56.663+0000] {logging_mixin.py:190} WARNING - /home/***/.local/lib/python3.12/site-packages/***/task/task_runner/standard_task_runner.py:70 DeprecationWarning: This process (pid=6287) is multi-threaded, use of fork() may lead to deadlocks in the child.
[2024-11-25T18:06:56.665+0000] {standard_task_runner.py:105} INFO - Job 89: Subtask pushToProduction
[2024-11-25T18:06:56.666+0000] {standard_task_runner.py:72} INFO - Started process 6297 to run task
[2024-11-25T18:06:56.740+0000] {task_command.py:467} INFO - Running <TaskInstance: etlDagV12.pushToProduction manual__2024-11-25T18:06:36.060247+00:00 [running]> on host 8bc87a2683b7
[2024-11-25T18:06:56.896+0000] {taskinstance.py:3132} INFO - Exporting env vars: AIRFLOW_CTX_DAG_OWNER='Oshith Roshantha' AIRFLOW_CTX_DAG_ID='etlDagV12' AIRFLOW_CTX_TASK_ID='pushToProduction' AIRFLOW_CTX_EXECUTION_DATE='2024-11-25T18:06:36.060247+00:00' AIRFLOW_CTX_TRY_NUMBER='1' AIRFLOW_CTX_DAG_RUN_ID='manual__2024-11-25T18:06:36.060247+00:00'
[2024-11-25T18:06:56.898+0000] {taskinstance.py:731} INFO - ::endgroup::
[2024-11-25T18:06:56.943+0000] {_universal.py:509} INFO - Request URL: 'https://eqdatastorage.blob.core.windows.net/staging-data/transform-data.parquet'
Request method: 'GET'
Request headers:
    'x-ms-range': 'REDACTED'
    'x-ms-version': 'REDACTED'
    'Accept': 'application/xml'
    'User-Agent': 'azsdk-python-storage-blob/12.24.0 Python/3.12.7 (Linux-5.15.153.1-microsoft-standard-WSL2-x86_64-with-glibc2.36)'
    'x-ms-date': 'REDACTED'
    'x-ms-client-request-id': '0f07fda6-ab58-11ef-bdea-0242ac120004'
    'Authorization': 'REDACTED'
No body was attached to the request
[2024-11-25T18:06:58.134+0000] {_universal.py:545} INFO - Response status: 206
Response headers:
    'Content-Length': '10808'
    'Content-Type': 'application/octet-stream'
    'Content-Range': 'REDACTED'
    'Last-Modified': 'Mon, 25 Nov 2024 18:06:55 GMT'
    'Accept-Ranges': 'REDACTED'
    'ETag': '"0x8DD0D7BF2357294"'
    'Server': 'Windows-Azure-Blob/1.0 Microsoft-HTTPAPI/2.0'
    'x-ms-request-id': '59c0ca61-c01e-00bf-0864-3f46e1000000'
    'x-ms-client-request-id': '0f07fda6-ab58-11ef-bdea-0242ac120004'
    'x-ms-version': 'REDACTED'
    'x-ms-resource-type': 'REDACTED'
    'x-ms-creation-time': 'REDACTED'
    'x-ms-blob-content-md5': 'REDACTED'
    'x-ms-lease-status': 'REDACTED'
    'x-ms-lease-state': 'REDACTED'
    'x-ms-blob-type': 'REDACTED'
    'x-ms-server-encrypted': 'REDACTED'
    'x-ms-owner': 'REDACTED'
    'x-ms-group': 'REDACTED'
    'x-ms-permissions': 'REDACTED'
    'x-ms-acl': 'REDACTED'
    'Date': 'Mon, 25 Nov 2024 18:06:58 GMT'
[2024-11-25T18:06:58.138+0000] {_universal.py:506} INFO - Request URL: 'https://eqdatastorage.blob.core.windows.net/production-data/train-data.parquet'
Request method: 'PUT'
Request headers:
    'Content-Length': '10808'
    'x-ms-blob-type': 'REDACTED'
    'x-ms-version': 'REDACTED'
    'Content-Type': 'application/octet-stream'
    'Accept': 'application/xml'
    'User-Agent': 'azsdk-python-storage-blob/12.24.0 Python/3.12.7 (Linux-5.15.153.1-microsoft-standard-WSL2-x86_64-with-glibc2.36)'
    'x-ms-date': 'REDACTED'
    'x-ms-client-request-id': '0fbe4e44-ab58-11ef-bdea-0242ac120004'
    'Authorization': 'REDACTED'
A body is sent with the request
[2024-11-25T18:06:58.448+0000] {_universal.py:545} INFO - Response status: 201
Response headers:
    'Content-Length': '0'
    'Content-MD5': 'REDACTED'
    'Last-Modified': 'Mon, 25 Nov 2024 18:06:59 GMT'
    'ETag': '"0x8DD0D7BF4CE3224"'
    'Server': 'Windows-Azure-Blob/1.0 Microsoft-HTTPAPI/2.0'
    'x-ms-request-id': '59c0cb5e-c01e-00bf-7064-3f46e1000000'
    'x-ms-client-request-id': '0fbe4e44-ab58-11ef-bdea-0242ac120004'
    'x-ms-version': 'REDACTED'
    'x-ms-content-crc64': 'REDACTED'
    'x-ms-request-server-encrypted': 'REDACTED'
    'Date': 'Mon, 25 Nov 2024 18:06:58 GMT'
[2024-11-25T18:06:58.498+0000] {_universal.py:506} INFO - Request URL: 'https://eqdatastorage.blob.core.windows.net/production-data/train-data.csv'
Request method: 'PUT'
Request headers:
    'Content-Length': '637'
    'x-ms-blob-type': 'REDACTED'
    'x-ms-version': 'REDACTED'
    'Content-Type': 'application/octet-stream'
    'Accept': 'application/xml'
    'User-Agent': 'azsdk-python-storage-blob/12.24.0 Python/3.12.7 (Linux-5.15.153.1-microsoft-standard-WSL2-x86_64-with-glibc2.36)'
    'x-ms-date': 'REDACTED'
    'x-ms-client-request-id': '0ff54cfa-ab58-11ef-bdea-0242ac120004'
    'Authorization': 'REDACTED'
A body is sent with the request
[2024-11-25T18:06:58.857+0000] {_universal.py:545} INFO - Response status: 201
Response headers:
    'Content-Length': '0'
    'Content-MD5': 'REDACTED'
    'Last-Modified': 'Mon, 25 Nov 2024 18:06:59 GMT'
    'ETag': '"0x8DD0D7BF5095BD4"'
    'Server': 'Windows-Azure-Blob/1.0 Microsoft-HTTPAPI/2.0'
    'x-ms-request-id': '59c0cd51-c01e-00bf-1764-3f46e1000000'
    'x-ms-client-request-id': '0ff54cfa-ab58-11ef-bdea-0242ac120004'
    'x-ms-version': 'REDACTED'
    'x-ms-content-crc64': 'REDACTED'
    'x-ms-request-server-encrypted': 'REDACTED'
    'Date': 'Mon, 25 Nov 2024 18:06:59 GMT'
[2024-11-25T18:06:58.859+0000] {python.py:240} INFO - Done. Returned value was: None
[2024-11-25T18:06:58.870+0000] {taskinstance.py:340} INFO - ::group::Post task execution logs
[2024-11-25T18:06:58.871+0000] {taskinstance.py:352} INFO - Marking task as SUCCESS. dag_id=etlDagV12, task_id=pushToProduction, run_id=manual__2024-11-25T18:06:36.060247+00:00, execution_date=20241125T180636, start_date=20241125T180656, end_date=20241125T180658
[2024-11-25T18:06:58.897+0000] {local_task_job_runner.py:266} INFO - Task exited with return code 0
[2024-11-25T18:06:58.918+0000] {taskinstance.py:3895} INFO - 0 downstream tasks scheduled from follow-on schedule check
[2024-11-25T18:06:58.922+0000] {local_task_job_runner.py:245} INFO - ::endgroup::
