[2024-11-25T18:20:36.328+0000] {local_task_job_runner.py:123} INFO - ::group::Pre task execution logs
[2024-11-25T18:20:36.357+0000] {taskinstance.py:2613} INFO - Dependencies all met for dep_context=non-requeueable deps ti=<TaskInstance: etlDagV18.fetchData scheduled__2024-11-25T17:00:00+00:00 [queued]>
[2024-11-25T18:20:36.372+0000] {taskinstance.py:2613} INFO - Dependencies all met for dep_context=requeueable deps ti=<TaskInstance: etlDagV18.fetchData scheduled__2024-11-25T17:00:00+00:00 [queued]>
[2024-11-25T18:20:36.374+0000] {taskinstance.py:2866} INFO - Starting attempt 1 of 4
[2024-11-25T18:20:36.395+0000] {taskinstance.py:2889} INFO - Executing <Task(PythonOperator): fetchData> on 2024-11-25 17:00:00+00:00
[2024-11-25T18:20:36.458+0000] {logging_mixin.py:190} WARNING - /home/***/.local/lib/python3.12/site-packages/***/task/task_runner/standard_task_runner.py:70 DeprecationWarning: This process (pid=7217) is multi-threaded, use of fork() may lead to deadlocks in the child.
[2024-11-25T18:20:36.482+0000] {standard_task_runner.py:72} INFO - Started process 7227 to run task
[2024-11-25T18:20:36.477+0000] {standard_task_runner.py:104} INFO - Running: ['***', 'tasks', 'run', 'etlDagV18', 'fetchData', 'scheduled__2024-11-25T17:00:00+00:00', '--job-id', '104', '--raw', '--subdir', 'DAGS_FOLDER/etlDag.py', '--cfg-path', '/tmp/tmpu789zzmv']
[2024-11-25T18:20:36.511+0000] {standard_task_runner.py:105} INFO - Job 104: Subtask fetchData
[2024-11-25T18:20:36.827+0000] {task_command.py:467} INFO - Running <TaskInstance: etlDagV18.fetchData scheduled__2024-11-25T17:00:00+00:00 [running]> on host 8bc87a2683b7
[2024-11-25T18:20:37.099+0000] {taskinstance.py:3132} INFO - Exporting env vars: AIRFLOW_CTX_DAG_OWNER='Oshith Roshantha' AIRFLOW_CTX_DAG_ID='etlDagV18' AIRFLOW_CTX_TASK_ID='fetchData' AIRFLOW_CTX_EXECUTION_DATE='2024-11-25T17:00:00+00:00' AIRFLOW_CTX_TRY_NUMBER='1' AIRFLOW_CTX_DAG_RUN_ID='scheduled__2024-11-25T17:00:00+00:00'
[2024-11-25T18:20:37.104+0000] {taskinstance.py:731} INFO - ::endgroup::
[2024-11-25T18:20:37.188+0000] {logging_mixin.py:190} INFO - Fetching data from 2024-11-25 to 2024-11-25
[2024-11-25T18:20:38.289+0000] {_universal.py:506} INFO - Request URL: 'https://eqdatastorage.blob.core.windows.net/staging-data/temp-json'
Request method: 'PUT'
Request headers:
    'Content-Length': '289'
    'x-ms-blob-type': 'REDACTED'
    'x-ms-version': 'REDACTED'
    'Content-Type': 'application/octet-stream'
    'Accept': 'application/xml'
    'User-Agent': 'azsdk-python-storage-blob/12.24.0 Python/3.12.7 (Linux-5.15.153.1-microsoft-standard-WSL2-x86_64-with-glibc2.36)'
    'x-ms-date': 'REDACTED'
    'x-ms-client-request-id': 'f8974958-ab59-11ef-b781-0242ac120004'
    'Authorization': 'REDACTED'
A body is sent with the request
[2024-11-25T18:20:41.475+0000] {_universal.py:545} INFO - Response status: 201
Response headers:
    'Content-Length': '0'
    'Content-MD5': 'REDACTED'
    'Last-Modified': 'Mon, 25 Nov 2024 18:20:42 GMT'
    'ETag': '"0x8DD0D7DDF5E0164"'
    'Server': 'Windows-Azure-Blob/1.0 Microsoft-HTTPAPI/2.0'
    'x-ms-request-id': '803bc5d0-401e-004b-7466-3f630d000000'
    'x-ms-client-request-id': 'f8974958-ab59-11ef-b781-0242ac120004'
    'x-ms-version': 'REDACTED'
    'x-ms-content-crc64': 'REDACTED'
    'x-ms-request-server-encrypted': 'REDACTED'
    'Date': 'Mon, 25 Nov 2024 18:20:41 GMT'
[2024-11-25T18:20:41.479+0000] {python.py:240} INFO - Done. Returned value was: None
[2024-11-25T18:20:41.492+0000] {taskinstance.py:340} INFO - ::group::Post task execution logs
[2024-11-25T18:20:41.492+0000] {taskinstance.py:352} INFO - Marking task as SUCCESS. dag_id=etlDagV18, task_id=fetchData, run_id=scheduled__2024-11-25T17:00:00+00:00, execution_date=20241125T170000, start_date=20241125T182036, end_date=20241125T182041
[2024-11-25T18:20:41.533+0000] {local_task_job_runner.py:266} INFO - Task exited with return code 0
[2024-11-25T18:20:41.557+0000] {taskinstance.py:3895} INFO - 1 downstream tasks scheduled from follow-on schedule check
[2024-11-25T18:20:41.560+0000] {local_task_job_runner.py:245} INFO - ::endgroup::
