[2024-11-24T14:27:12.543+0000] {local_task_job_runner.py:123} INFO - ::group::Pre task execution logs
[2024-11-24T14:27:12.573+0000] {taskinstance.py:2613} INFO - Dependencies all met for dep_context=non-requeueable deps ti=<TaskInstance: etl_PipelineV11.preprocessData scheduled__2024-11-24T13:00:00+00:00 [queued]>
[2024-11-24T14:27:12.585+0000] {taskinstance.py:2613} INFO - Dependencies all met for dep_context=requeueable deps ti=<TaskInstance: etl_PipelineV11.preprocessData scheduled__2024-11-24T13:00:00+00:00 [queued]>
[2024-11-24T14:27:12.586+0000] {taskinstance.py:2866} INFO - Starting attempt 1 of 4
[2024-11-24T14:27:12.604+0000] {taskinstance.py:2889} INFO - Executing <Task(PythonOperator): preprocessData> on 2024-11-24 13:00:00+00:00
[2024-11-24T14:27:12.628+0000] {logging_mixin.py:190} WARNING - /home/***/.local/lib/python3.12/site-packages/***/task/task_runner/standard_task_runner.py:70 DeprecationWarning: This process (pid=2138) is multi-threaded, use of fork() may lead to deadlocks in the child.
[2024-11-24T14:27:12.627+0000] {standard_task_runner.py:104} INFO - Running: ['***', 'tasks', 'run', 'etl_PipelineV11', 'preprocessData', 'scheduled__2024-11-24T13:00:00+00:00', '--job-id', '26', '--raw', '--subdir', 'DAGS_FOLDER/etlDag.py', '--cfg-path', '/tmp/tmpghpxisge']
[2024-11-24T14:27:12.631+0000] {standard_task_runner.py:72} INFO - Started process 2148 to run task
[2024-11-24T14:27:12.631+0000] {standard_task_runner.py:105} INFO - Job 26: Subtask preprocessData
[2024-11-24T14:27:12.706+0000] {task_command.py:467} INFO - Running <TaskInstance: etl_PipelineV11.preprocessData scheduled__2024-11-24T13:00:00+00:00 [running]> on host c27535c52186
[2024-11-24T14:27:13.071+0000] {taskinstance.py:3132} INFO - Exporting env vars: AIRFLOW_CTX_DAG_OWNER='Oshith Roshantha' AIRFLOW_CTX_DAG_ID='etl_PipelineV11' AIRFLOW_CTX_TASK_ID='preprocessData' AIRFLOW_CTX_EXECUTION_DATE='2024-11-24T13:00:00+00:00' AIRFLOW_CTX_TRY_NUMBER='1' AIRFLOW_CTX_DAG_RUN_ID='scheduled__2024-11-24T13:00:00+00:00'
[2024-11-24T14:27:13.073+0000] {taskinstance.py:731} INFO - ::endgroup::
[2024-11-24T14:27:13.146+0000] {python.py:240} INFO - Done. Returned value was:            id                     place  ...      lat    depth
0  us6000p7fm  50 km E of Calama, Chile  ... -22.4115  114.168

[1 rows x 13 columns]
[2024-11-24T14:27:13.289+0000] {taskinstance.py:340} INFO - ::group::Post task execution logs
[2024-11-24T14:27:13.290+0000] {taskinstance.py:352} INFO - Marking task as SUCCESS. dag_id=etl_PipelineV11, task_id=preprocessData, run_id=scheduled__2024-11-24T13:00:00+00:00, execution_date=20241124T130000, start_date=20241124T142712, end_date=20241124T142713
[2024-11-24T14:27:13.333+0000] {local_task_job_runner.py:266} INFO - Task exited with return code 0
[2024-11-24T14:27:13.408+0000] {taskinstance.py:3895} INFO - 1 downstream tasks scheduled from follow-on schedule check
[2024-11-24T14:27:13.412+0000] {local_task_job_runner.py:245} INFO - ::endgroup::
