[2024-11-25T07:18:41.159+0000] {local_task_job_runner.py:123} INFO - ::group::Pre task execution logs
[2024-11-25T07:18:41.180+0000] {taskinstance.py:2613} INFO - Dependencies all met for dep_context=non-requeueable deps ti=<TaskInstance: etl_PipelineV23.preprocessData scheduled__2024-11-25T06:00:00+00:00 [queued]>
[2024-11-25T07:18:41.191+0000] {taskinstance.py:2613} INFO - Dependencies all met for dep_context=requeueable deps ti=<TaskInstance: etl_PipelineV23.preprocessData scheduled__2024-11-25T06:00:00+00:00 [queued]>
[2024-11-25T07:18:41.191+0000] {taskinstance.py:2866} INFO - Starting attempt 1 of 4
[2024-11-25T07:18:41.202+0000] {taskinstance.py:2889} INFO - Executing <Task(PythonOperator): preprocessData> on 2024-11-25 06:00:00+00:00
[2024-11-25T07:18:41.212+0000] {standard_task_runner.py:104} INFO - Running: ['***', 'tasks', 'run', 'etl_PipelineV23', 'preprocessData', 'scheduled__2024-11-25T06:00:00+00:00', '--job-id', '4', '--raw', '--subdir', 'DAGS_FOLDER/etlDag.py', '--cfg-path', '/tmp/tmpi77ct99p']
[2024-11-25T07:18:41.213+0000] {logging_mixin.py:190} WARNING - /home/***/.local/lib/python3.12/site-packages/***/task/task_runner/standard_task_runner.py:70 DeprecationWarning: This process (pid=304) is multi-threaded, use of fork() may lead to deadlocks in the child.
[2024-11-25T07:18:41.214+0000] {standard_task_runner.py:105} INFO - Job 4: Subtask preprocessData
[2024-11-25T07:18:41.214+0000] {standard_task_runner.py:72} INFO - Started process 314 to run task
[2024-11-25T07:18:41.261+0000] {task_command.py:467} INFO - Running <TaskInstance: etl_PipelineV23.preprocessData scheduled__2024-11-25T06:00:00+00:00 [running]> on host 7939e06e2b4b
[2024-11-25T07:18:41.524+0000] {taskinstance.py:3132} INFO - Exporting env vars: AIRFLOW_CTX_DAG_OWNER='Oshith Roshantha' AIRFLOW_CTX_DAG_ID='etl_PipelineV23' AIRFLOW_CTX_TASK_ID='preprocessData' AIRFLOW_CTX_EXECUTION_DATE='2024-11-25T06:00:00+00:00' AIRFLOW_CTX_TRY_NUMBER='1' AIRFLOW_CTX_DAG_RUN_ID='scheduled__2024-11-25T06:00:00+00:00'
[2024-11-25T07:18:41.525+0000] {taskinstance.py:731} INFO - ::endgroup::
[2024-11-25T07:18:41.583+0000] {python.py:240} INFO - Done. Returned value was: Empty DataFrame
Columns: []
Index: []
[2024-11-25T07:18:41.670+0000] {taskinstance.py:340} INFO - ::group::Post task execution logs
[2024-11-25T07:18:41.671+0000] {taskinstance.py:352} INFO - Marking task as SUCCESS. dag_id=etl_PipelineV23, task_id=preprocessData, run_id=scheduled__2024-11-25T06:00:00+00:00, execution_date=20241125T060000, start_date=20241125T071841, end_date=20241125T071841
[2024-11-25T07:18:41.710+0000] {local_task_job_runner.py:266} INFO - Task exited with return code 0
[2024-11-25T07:18:41.728+0000] {taskinstance.py:3895} INFO - 1 downstream tasks scheduled from follow-on schedule check
[2024-11-25T07:18:41.735+0000] {local_task_job_runner.py:245} INFO - ::endgroup::
