[2024-11-25T17:40:04.093+0000] {local_task_job_runner.py:123} INFO - ::group::Pre task execution logs
[2024-11-25T17:40:04.119+0000] {taskinstance.py:2613} INFO - Dependencies all met for dep_context=non-requeueable deps ti=<TaskInstance: etlDagV2.preprocessData scheduled__2024-11-25T16:00:00+00:00 [queued]>
[2024-11-25T17:40:04.131+0000] {taskinstance.py:2613} INFO - Dependencies all met for dep_context=requeueable deps ti=<TaskInstance: etlDagV2.preprocessData scheduled__2024-11-25T16:00:00+00:00 [queued]>
[2024-11-25T17:40:04.132+0000] {taskinstance.py:2866} INFO - Starting attempt 1 of 4
[2024-11-25T17:40:04.153+0000] {taskinstance.py:2889} INFO - Executing <Task(PythonOperator): preprocessData> on 2024-11-25 16:00:00+00:00
[2024-11-25T17:40:04.172+0000] {standard_task_runner.py:104} INFO - Running: ['***', 'tasks', 'run', 'etlDagV2', 'preprocessData', 'scheduled__2024-11-25T16:00:00+00:00', '--job-id', '51', '--raw', '--subdir', 'DAGS_FOLDER/etlDag.py', '--cfg-path', '/tmp/tmpbegvcx5s']
[2024-11-25T17:40:04.174+0000] {logging_mixin.py:190} WARNING - /home/***/.local/lib/python3.12/site-packages/***/task/task_runner/standard_task_runner.py:70 DeprecationWarning: This process (pid=4179) is multi-threaded, use of fork() may lead to deadlocks in the child.
[2024-11-25T17:40:04.176+0000] {standard_task_runner.py:105} INFO - Job 51: Subtask preprocessData
[2024-11-25T17:40:04.176+0000] {standard_task_runner.py:72} INFO - Started process 4189 to run task
[2024-11-25T17:40:04.241+0000] {task_command.py:467} INFO - Running <TaskInstance: etlDagV2.preprocessData scheduled__2024-11-25T16:00:00+00:00 [running]> on host 8bc87a2683b7
[2024-11-25T17:40:04.368+0000] {taskinstance.py:3132} INFO - Exporting env vars: AIRFLOW_CTX_DAG_OWNER='Oshith Roshantha' AIRFLOW_CTX_DAG_ID='etlDagV2' AIRFLOW_CTX_TASK_ID='preprocessData' AIRFLOW_CTX_EXECUTION_DATE='2024-11-25T16:00:00+00:00' AIRFLOW_CTX_TRY_NUMBER='1' AIRFLOW_CTX_DAG_RUN_ID='scheduled__2024-11-25T16:00:00+00:00'
[2024-11-25T17:40:04.371+0000] {taskinstance.py:731} INFO - ::endgroup::
[2024-11-25T17:40:04.403+0000] {_universal.py:509} INFO - Request URL: 'https://eqdatastorage.blob.core.windows.net/staging-data/temp-json'
Request method: 'GET'
Request headers:
    'x-ms-range': 'REDACTED'
    'x-ms-version': 'REDACTED'
    'Accept': 'application/xml'
    'User-Agent': 'azsdk-python-storage-blob/12.24.0 Python/3.12.7 (Linux-5.15.153.1-microsoft-standard-WSL2-x86_64-with-glibc2.36)'
    'x-ms-date': 'REDACTED'
    'x-ms-client-request-id': '4de1db40-ab54-11ef-ae43-0242ac120004'
    'Authorization': 'REDACTED'
No body was attached to the request
[2024-11-25T17:40:05.644+0000] {_universal.py:545} INFO - Response status: 206
Response headers:
    'Content-Length': '2713'
    'Content-Type': 'application/octet-stream'
    'Content-Range': 'REDACTED'
    'Last-Modified': 'Mon, 25 Nov 2024 17:40:02 GMT'
    'Accept-Ranges': 'REDACTED'
    'ETag': '"0x8DD0D7830F6CF0C"'
    'Server': 'Windows-Azure-Blob/1.0 Microsoft-HTTPAPI/2.0'
    'x-ms-request-id': 'f0f5eab1-201e-00fa-6561-3f9b70000000'
    'x-ms-client-request-id': '4de1db40-ab54-11ef-ae43-0242ac120004'
    'x-ms-version': 'REDACTED'
    'x-ms-resource-type': 'REDACTED'
    'x-ms-creation-time': 'REDACTED'
    'x-ms-blob-content-md5': 'REDACTED'
    'x-ms-lease-status': 'REDACTED'
    'x-ms-lease-state': 'REDACTED'
    'x-ms-blob-type': 'REDACTED'
    'x-ms-server-encrypted': 'REDACTED'
    'x-ms-owner': 'REDACTED'
    'x-ms-group': 'REDACTED'
    'x-ms-permissions': 'REDACTED'
    'x-ms-acl': 'REDACTED'
    'Date': 'Mon, 25 Nov 2024 17:40:05 GMT'
[2024-11-25T17:40:05.658+0000] {_universal.py:509} INFO - Request URL: 'https://eqdatastorage.blob.core.windows.net/staging-data/cleaned-data.parquet'
Request method: 'GET'
Request headers:
    'x-ms-range': 'REDACTED'
    'x-ms-version': 'REDACTED'
    'Accept': 'application/xml'
    'User-Agent': 'azsdk-python-storage-blob/12.24.0 Python/3.12.7 (Linux-5.15.153.1-microsoft-standard-WSL2-x86_64-with-glibc2.36)'
    'x-ms-date': 'REDACTED'
    'x-ms-client-request-id': '4ea18382-ab54-11ef-ae43-0242ac120004'
    'Authorization': 'REDACTED'
No body was attached to the request
[2024-11-25T17:40:05.987+0000] {_universal.py:545} INFO - Response status: 206
Response headers:
    'Content-Length': '7643'
    'Content-Type': 'application/octet-stream'
    'Content-Range': 'REDACTED'
    'Last-Modified': 'Mon, 25 Nov 2024 17:38:02 GMT'
    'Accept-Ranges': 'REDACTED'
    'ETag': '"0x8DD0D77E99CC8B8"'
    'Server': 'Windows-Azure-Blob/1.0 Microsoft-HTTPAPI/2.0'
    'x-ms-request-id': 'f0f5ebb5-201e-00fa-5361-3f9b70000000'
    'x-ms-client-request-id': '4ea18382-ab54-11ef-ae43-0242ac120004'
    'x-ms-version': 'REDACTED'
    'x-ms-resource-type': 'REDACTED'
    'x-ms-creation-time': 'REDACTED'
    'x-ms-blob-content-md5': 'REDACTED'
    'x-ms-lease-status': 'REDACTED'
    'x-ms-lease-state': 'REDACTED'
    'x-ms-blob-type': 'REDACTED'
    'x-ms-server-encrypted': 'REDACTED'
    'x-ms-owner': 'REDACTED'
    'x-ms-group': 'REDACTED'
    'x-ms-permissions': 'REDACTED'
    'x-ms-acl': 'REDACTED'
    'Date': 'Mon, 25 Nov 2024 17:40:06 GMT'
[2024-11-25T17:40:06.048+0000] {_universal.py:506} INFO - Request URL: 'https://eqdatastorage.blob.core.windows.net/staging-data/cleaned-data.parquet'
Request method: 'PUT'
Request headers:
    'Content-Length': '7643'
    'x-ms-blob-type': 'REDACTED'
    'x-ms-version': 'REDACTED'
    'Content-Type': 'application/octet-stream'
    'Accept': 'application/xml'
    'User-Agent': 'azsdk-python-storage-blob/12.24.0 Python/3.12.7 (Linux-5.15.153.1-microsoft-standard-WSL2-x86_64-with-glibc2.36)'
    'x-ms-date': 'REDACTED'
    'x-ms-client-request-id': '4edd042a-ab54-11ef-ae43-0242ac120004'
    'Authorization': 'REDACTED'
A body is sent with the request
[2024-11-25T17:40:06.371+0000] {_universal.py:545} INFO - Response status: 201
Response headers:
    'Content-Length': '0'
    'Content-MD5': 'REDACTED'
    'Last-Modified': 'Mon, 25 Nov 2024 17:40:07 GMT'
    'ETag': '"0x8DD0D7833EE2B20"'
    'Server': 'Windows-Azure-Blob/1.0 Microsoft-HTTPAPI/2.0'
    'x-ms-request-id': 'f0f5ece9-201e-00fa-6961-3f9b70000000'
    'x-ms-client-request-id': '4edd042a-ab54-11ef-ae43-0242ac120004'
    'x-ms-version': 'REDACTED'
    'x-ms-content-crc64': 'REDACTED'
    'x-ms-request-server-encrypted': 'REDACTED'
    'Date': 'Mon, 25 Nov 2024 17:40:06 GMT'
[2024-11-25T17:40:06.372+0000] {python.py:240} INFO - Done. Returned value was: None
[2024-11-25T17:40:06.386+0000] {taskinstance.py:340} INFO - ::group::Post task execution logs
[2024-11-25T17:40:06.387+0000] {taskinstance.py:352} INFO - Marking task as SUCCESS. dag_id=etlDagV2, task_id=preprocessData, run_id=scheduled__2024-11-25T16:00:00+00:00, execution_date=20241125T160000, start_date=20241125T174004, end_date=20241125T174006
[2024-11-25T17:40:06.445+0000] {local_task_job_runner.py:266} INFO - Task exited with return code 0
[2024-11-25T17:40:06.493+0000] {taskinstance.py:3895} INFO - 1 downstream tasks scheduled from follow-on schedule check
[2024-11-25T17:40:06.515+0000] {local_task_job_runner.py:245} INFO - ::endgroup::
