[2024-11-25T16:48:45.847+0000] {local_task_job_runner.py:123} INFO - ::group::Pre task execution logs
[2024-11-25T16:48:45.871+0000] {taskinstance.py:2613} INFO - Dependencies all met for dep_context=non-requeueable deps ti=<TaskInstance: etl_PipelineV102.preprocessData scheduled__2024-11-25T15:00:00+00:00 [queued]>
[2024-11-25T16:48:45.882+0000] {taskinstance.py:2613} INFO - Dependencies all met for dep_context=requeueable deps ti=<TaskInstance: etl_PipelineV102.preprocessData scheduled__2024-11-25T15:00:00+00:00 [queued]>
[2024-11-25T16:48:45.883+0000] {taskinstance.py:2866} INFO - Starting attempt 1 of 4
[2024-11-25T16:48:45.902+0000] {taskinstance.py:2889} INFO - Executing <Task(PythonOperator): preprocessData> on 2024-11-25 15:00:00+00:00
[2024-11-25T16:48:45.920+0000] {standard_task_runner.py:104} INFO - Running: ['***', 'tasks', 'run', 'etl_PipelineV102', 'preprocessData', 'scheduled__2024-11-25T15:00:00+00:00', '--job-id', '16', '--raw', '--subdir', 'DAGS_FOLDER/etlDag.py', '--cfg-path', '/tmp/tmpbserioy_']
[2024-11-25T16:48:45.955+0000] {standard_task_runner.py:105} INFO - Job 16: Subtask preprocessData
[2024-11-25T16:48:45.947+0000] {logging_mixin.py:190} WARNING - /home/***/.local/lib/python3.12/site-packages/***/task/task_runner/standard_task_runner.py:70 DeprecationWarning: This process (pid=1200) is multi-threaded, use of fork() may lead to deadlocks in the child.
[2024-11-25T16:48:45.957+0000] {standard_task_runner.py:72} INFO - Started process 1210 to run task
[2024-11-25T16:48:46.123+0000] {task_command.py:467} INFO - Running <TaskInstance: etl_PipelineV102.preprocessData scheduled__2024-11-25T15:00:00+00:00 [running]> on host 8bc87a2683b7
[2024-11-25T16:48:46.269+0000] {taskinstance.py:3132} INFO - Exporting env vars: AIRFLOW_CTX_DAG_OWNER='Oshith Roshantha' AIRFLOW_CTX_DAG_ID='etl_PipelineV102' AIRFLOW_CTX_TASK_ID='preprocessData' AIRFLOW_CTX_EXECUTION_DATE='2024-11-25T15:00:00+00:00' AIRFLOW_CTX_TRY_NUMBER='1' AIRFLOW_CTX_DAG_RUN_ID='scheduled__2024-11-25T15:00:00+00:00'
[2024-11-25T16:48:46.275+0000] {taskinstance.py:731} INFO - ::endgroup::
[2024-11-25T16:48:46.514+0000] {_universal.py:509} INFO - Request URL: 'https://eqdatastorage.blob.core.windows.net/staging-data/temp-json'
Request method: 'GET'
Request headers:
    'x-ms-range': 'REDACTED'
    'x-ms-version': 'REDACTED'
    'Accept': 'application/xml'
    'User-Agent': 'azsdk-python-storage-blob/12.24.0 Python/3.12.7 (Linux-5.15.153.1-microsoft-standard-WSL2-x86_64-with-glibc2.36)'
    'x-ms-date': 'REDACTED'
    'x-ms-client-request-id': '2350def0-ab4d-11ef-9c2a-0242ac120004'
    'Authorization': 'REDACTED'
No body was attached to the request
[2024-11-25T16:48:48.047+0000] {_universal.py:545} INFO - Response status: 206
Response headers:
    'Content-Length': '315'
    'Content-Type': 'application/octet-stream'
    'Content-Range': 'REDACTED'
    'Last-Modified': 'Mon, 25 Nov 2024 16:43:40 GMT'
    'Accept-Ranges': 'REDACTED'
    'ETag': '"0x8DD0D70513DE918"'
    'Server': 'Windows-Azure-Blob/1.0 Microsoft-HTTPAPI/2.0'
    'x-ms-request-id': '366a53a6-901e-00ac-7959-3f7300000000'
    'x-ms-client-request-id': '2350def0-ab4d-11ef-9c2a-0242ac120004'
    'x-ms-version': 'REDACTED'
    'x-ms-resource-type': 'REDACTED'
    'x-ms-creation-time': 'REDACTED'
    'x-ms-blob-content-md5': 'REDACTED'
    'x-ms-lease-status': 'REDACTED'
    'x-ms-lease-state': 'REDACTED'
    'x-ms-blob-type': 'REDACTED'
    'x-ms-server-encrypted': 'REDACTED'
    'x-ms-owner': 'REDACTED'
    'x-ms-group': 'REDACTED'
    'x-ms-permissions': 'REDACTED'
    'x-ms-acl': 'REDACTED'
    'Date': 'Mon, 25 Nov 2024 16:48:48 GMT'
[2024-11-25T16:48:48.087+0000] {_universal.py:509} INFO - Request URL: 'https://eqdatastorage.blob.core.windows.net/staging-data/cleaned-data.parquet'
Request method: 'GET'
Request headers:
    'x-ms-range': 'REDACTED'
    'x-ms-version': 'REDACTED'
    'Accept': 'application/xml'
    'User-Agent': 'azsdk-python-storage-blob/12.24.0 Python/3.12.7 (Linux-5.15.153.1-microsoft-standard-WSL2-x86_64-with-glibc2.36)'
    'x-ms-date': 'REDACTED'
    'x-ms-client-request-id': '2441720c-ab4d-11ef-9c2a-0242ac120004'
    'Authorization': 'REDACTED'
No body was attached to the request
[2024-11-25T16:48:48.373+0000] {_universal.py:545} INFO - Response status: 404
Response headers:
    'Content-Length': '215'
    'Content-Type': 'application/xml'
    'Server': 'Windows-Azure-Blob/1.0 Microsoft-HTTPAPI/2.0'
    'x-ms-request-id': '366a542e-901e-00ac-7259-3f7300000000'
    'x-ms-client-request-id': '2441720c-ab4d-11ef-9c2a-0242ac120004'
    'x-ms-version': 'REDACTED'
    'x-ms-error-code': 'BlobNotFound'
    'Date': 'Mon, 25 Nov 2024 16:48:48 GMT'
[2024-11-25T16:48:48.493+0000] {_universal.py:506} INFO - Request URL: 'https://eqdatastorage.blob.core.windows.net/staging-data/cleaned-data.parquet'
Request method: 'PUT'
Request headers:
    'Content-Length': '609'
    'x-ms-blob-type': 'REDACTED'
    'x-ms-version': 'REDACTED'
    'Content-Type': 'application/octet-stream'
    'Accept': 'application/xml'
    'User-Agent': 'azsdk-python-storage-blob/12.24.0 Python/3.12.7 (Linux-5.15.153.1-microsoft-standard-WSL2-x86_64-with-glibc2.36)'
    'x-ms-date': 'REDACTED'
    'x-ms-client-request-id': '247f6404-ab4d-11ef-9c2a-0242ac120004'
    'Authorization': 'REDACTED'
A body is sent with the request
[2024-11-25T16:48:48.791+0000] {_universal.py:545} INFO - Response status: 201
Response headers:
    'Content-Length': '0'
    'Content-MD5': 'REDACTED'
    'Last-Modified': 'Mon, 25 Nov 2024 16:48:49 GMT'
    'ETag': '"0x8DD0D71098B7F30"'
    'Server': 'Windows-Azure-Blob/1.0 Microsoft-HTTPAPI/2.0'
    'x-ms-request-id': '366a54bc-901e-00ac-7459-3f7300000000'
    'x-ms-client-request-id': '247f6404-ab4d-11ef-9c2a-0242ac120004'
    'x-ms-version': 'REDACTED'
    'x-ms-content-crc64': 'REDACTED'
    'x-ms-request-server-encrypted': 'REDACTED'
    'Date': 'Mon, 25 Nov 2024 16:48:49 GMT'
[2024-11-25T16:48:48.792+0000] {python.py:240} INFO - Done. Returned value was: None
[2024-11-25T16:48:48.808+0000] {taskinstance.py:340} INFO - ::group::Post task execution logs
[2024-11-25T16:48:48.809+0000] {taskinstance.py:352} INFO - Marking task as SUCCESS. dag_id=etl_PipelineV102, task_id=preprocessData, run_id=scheduled__2024-11-25T15:00:00+00:00, execution_date=20241125T150000, start_date=20241125T164845, end_date=20241125T164848
[2024-11-25T16:48:48.842+0000] {local_task_job_runner.py:266} INFO - Task exited with return code 0
[2024-11-25T16:48:48.892+0000] {taskinstance.py:3895} INFO - 1 downstream tasks scheduled from follow-on schedule check
[2024-11-25T16:48:48.898+0000] {local_task_job_runner.py:245} INFO - ::endgroup::
